[2025-01-31T14:27:49.426+0000] {processor.py:186} INFO - Started process (PID=106) to work on /home/airflow/.local/lib/python3.12/site-packages/airflow/example_dags/example_complex.py
[2025-01-31T14:27:49.427+0000] {processor.py:914} INFO - Processing file /home/airflow/.local/lib/python3.12/site-packages/airflow/example_dags/example_complex.py for tasks to queue
[2025-01-31T14:27:49.429+0000] {logging_mixin.py:190} INFO - [2025-01-31T14:27:49.428+0000] {dagbag.py:588} INFO - Filling up the DagBag from /home/airflow/.local/lib/python3.12/site-packages/airflow/example_dags/example_complex.py
[2025-01-31T14:27:49.443+0000] {processor.py:925} INFO - DAG(s) 'example_complex' retrieved from /home/airflow/.local/lib/python3.12/site-packages/airflow/example_dags/example_complex.py
[2025-01-31T14:27:49.603+0000] {logging_mixin.py:190} INFO - [2025-01-31T14:27:49.603+0000] {override.py:1911} INFO - Created Permission View: can delete on DAG:example_complex
[2025-01-31T14:27:49.612+0000] {logging_mixin.py:190} INFO - [2025-01-31T14:27:49.612+0000] {override.py:1911} INFO - Created Permission View: can edit on DAG:example_complex
[2025-01-31T14:27:49.617+0000] {logging_mixin.py:190} INFO - [2025-01-31T14:27:49.617+0000] {override.py:1911} INFO - Created Permission View: can read on DAG:example_complex
[2025-01-31T14:27:49.622+0000] {logging_mixin.py:190} INFO - [2025-01-31T14:27:49.621+0000] {override.py:1911} INFO - Created Permission View: menu access on DAG Run:example_complex
[2025-01-31T14:27:49.626+0000] {logging_mixin.py:190} INFO - [2025-01-31T14:27:49.626+0000] {override.py:1911} INFO - Created Permission View: can create on DAG Run:example_complex
[2025-01-31T14:27:49.631+0000] {logging_mixin.py:190} INFO - [2025-01-31T14:27:49.631+0000] {override.py:1911} INFO - Created Permission View: can delete on DAG Run:example_complex
[2025-01-31T14:27:49.636+0000] {logging_mixin.py:190} INFO - [2025-01-31T14:27:49.636+0000] {override.py:1911} INFO - Created Permission View: can read on DAG Run:example_complex
[2025-01-31T14:27:49.637+0000] {logging_mixin.py:190} INFO - [2025-01-31T14:27:49.636+0000] {dag.py:3239} INFO - Sync 1 DAGs
[2025-01-31T14:27:49.650+0000] {logging_mixin.py:190} INFO - [2025-01-31T14:27:49.650+0000] {dag.py:3262} INFO - Creating ORM DAG for example_complex
[2025-01-31T14:27:49.651+0000] {logging_mixin.py:190} INFO - [2025-01-31T14:27:49.651+0000] {dag.py:4180} INFO - Setting next_dagrun for example_complex to None, run_after=None
[2025-01-31T14:27:49.668+0000] {processor.py:208} INFO - Processing /home/airflow/.local/lib/python3.12/site-packages/airflow/example_dags/example_complex.py took 0.248 seconds
[2025-01-31T14:28:19.756+0000] {processor.py:186} INFO - Started process (PID=170) to work on /home/airflow/.local/lib/python3.12/site-packages/airflow/example_dags/example_complex.py
[2025-01-31T14:28:19.756+0000] {processor.py:914} INFO - Processing file /home/airflow/.local/lib/python3.12/site-packages/airflow/example_dags/example_complex.py for tasks to queue
[2025-01-31T14:28:19.758+0000] {logging_mixin.py:190} INFO - [2025-01-31T14:28:19.758+0000] {dagbag.py:588} INFO - Filling up the DagBag from /home/airflow/.local/lib/python3.12/site-packages/airflow/example_dags/example_complex.py
[2025-01-31T14:28:19.769+0000] {processor.py:925} INFO - DAG(s) 'example_complex' retrieved from /home/airflow/.local/lib/python3.12/site-packages/airflow/example_dags/example_complex.py
[2025-01-31T14:28:19.795+0000] {logging_mixin.py:190} INFO - [2025-01-31T14:28:19.795+0000] {dag.py:3239} INFO - Sync 1 DAGs
[2025-01-31T14:28:19.805+0000] {logging_mixin.py:190} INFO - [2025-01-31T14:28:19.805+0000] {dag.py:4180} INFO - Setting next_dagrun for example_complex to None, run_after=None
[2025-01-31T14:28:19.818+0000] {processor.py:208} INFO - Processing /home/airflow/.local/lib/python3.12/site-packages/airflow/example_dags/example_complex.py took 0.067 seconds
[2025-01-31T14:28:50.542+0000] {processor.py:186} INFO - Started process (PID=235) to work on /home/airflow/.local/lib/python3.12/site-packages/airflow/example_dags/example_complex.py
[2025-01-31T14:28:50.543+0000] {processor.py:914} INFO - Processing file /home/airflow/.local/lib/python3.12/site-packages/airflow/example_dags/example_complex.py for tasks to queue
[2025-01-31T14:28:50.544+0000] {logging_mixin.py:190} INFO - [2025-01-31T14:28:50.544+0000] {dagbag.py:588} INFO - Filling up the DagBag from /home/airflow/.local/lib/python3.12/site-packages/airflow/example_dags/example_complex.py
[2025-01-31T14:28:50.553+0000] {processor.py:925} INFO - DAG(s) 'example_complex' retrieved from /home/airflow/.local/lib/python3.12/site-packages/airflow/example_dags/example_complex.py
[2025-01-31T14:28:50.588+0000] {logging_mixin.py:190} INFO - [2025-01-31T14:28:50.588+0000] {dag.py:3239} INFO - Sync 1 DAGs
[2025-01-31T14:28:50.603+0000] {logging_mixin.py:190} INFO - [2025-01-31T14:28:50.603+0000] {dag.py:4180} INFO - Setting next_dagrun for example_complex to None, run_after=None
[2025-01-31T14:28:50.619+0000] {processor.py:208} INFO - Processing /home/airflow/.local/lib/python3.12/site-packages/airflow/example_dags/example_complex.py took 0.081 seconds
[2025-01-31T14:29:20.847+0000] {processor.py:186} INFO - Started process (PID=300) to work on /home/airflow/.local/lib/python3.12/site-packages/airflow/example_dags/example_complex.py
[2025-01-31T14:29:20.847+0000] {processor.py:914} INFO - Processing file /home/airflow/.local/lib/python3.12/site-packages/airflow/example_dags/example_complex.py for tasks to queue
[2025-01-31T14:29:20.849+0000] {logging_mixin.py:190} INFO - [2025-01-31T14:29:20.849+0000] {dagbag.py:588} INFO - Filling up the DagBag from /home/airflow/.local/lib/python3.12/site-packages/airflow/example_dags/example_complex.py
[2025-01-31T14:29:20.858+0000] {processor.py:925} INFO - DAG(s) 'example_complex' retrieved from /home/airflow/.local/lib/python3.12/site-packages/airflow/example_dags/example_complex.py
[2025-01-31T14:29:20.882+0000] {logging_mixin.py:190} INFO - [2025-01-31T14:29:20.881+0000] {dag.py:3239} INFO - Sync 1 DAGs
[2025-01-31T14:29:20.892+0000] {logging_mixin.py:190} INFO - [2025-01-31T14:29:20.892+0000] {dag.py:4180} INFO - Setting next_dagrun for example_complex to None, run_after=None
[2025-01-31T14:29:20.904+0000] {processor.py:208} INFO - Processing /home/airflow/.local/lib/python3.12/site-packages/airflow/example_dags/example_complex.py took 0.062 seconds
[2025-01-31T14:29:51.228+0000] {processor.py:186} INFO - Started process (PID=365) to work on /home/airflow/.local/lib/python3.12/site-packages/airflow/example_dags/example_complex.py
[2025-01-31T14:29:51.229+0000] {processor.py:914} INFO - Processing file /home/airflow/.local/lib/python3.12/site-packages/airflow/example_dags/example_complex.py for tasks to queue
[2025-01-31T14:29:51.230+0000] {logging_mixin.py:190} INFO - [2025-01-31T14:29:51.230+0000] {dagbag.py:588} INFO - Filling up the DagBag from /home/airflow/.local/lib/python3.12/site-packages/airflow/example_dags/example_complex.py
[2025-01-31T14:29:51.239+0000] {processor.py:925} INFO - DAG(s) 'example_complex' retrieved from /home/airflow/.local/lib/python3.12/site-packages/airflow/example_dags/example_complex.py
[2025-01-31T14:29:51.262+0000] {logging_mixin.py:190} INFO - [2025-01-31T14:29:51.262+0000] {dag.py:3239} INFO - Sync 1 DAGs
[2025-01-31T14:29:51.272+0000] {logging_mixin.py:190} INFO - [2025-01-31T14:29:51.272+0000] {dag.py:4180} INFO - Setting next_dagrun for example_complex to None, run_after=None
[2025-01-31T14:29:51.284+0000] {processor.py:208} INFO - Processing /home/airflow/.local/lib/python3.12/site-packages/airflow/example_dags/example_complex.py took 0.061 seconds
[2025-01-31T14:30:22.152+0000] {processor.py:186} INFO - Started process (PID=430) to work on /home/airflow/.local/lib/python3.12/site-packages/airflow/example_dags/example_complex.py
[2025-01-31T14:30:22.153+0000] {processor.py:914} INFO - Processing file /home/airflow/.local/lib/python3.12/site-packages/airflow/example_dags/example_complex.py for tasks to queue
[2025-01-31T14:30:22.155+0000] {logging_mixin.py:190} INFO - [2025-01-31T14:30:22.154+0000] {dagbag.py:588} INFO - Filling up the DagBag from /home/airflow/.local/lib/python3.12/site-packages/airflow/example_dags/example_complex.py
[2025-01-31T14:30:22.164+0000] {processor.py:925} INFO - DAG(s) 'example_complex' retrieved from /home/airflow/.local/lib/python3.12/site-packages/airflow/example_dags/example_complex.py
[2025-01-31T14:30:22.189+0000] {logging_mixin.py:190} INFO - [2025-01-31T14:30:22.189+0000] {dag.py:3239} INFO - Sync 1 DAGs
[2025-01-31T14:30:22.200+0000] {logging_mixin.py:190} INFO - [2025-01-31T14:30:22.200+0000] {dag.py:4180} INFO - Setting next_dagrun for example_complex to None, run_after=None
[2025-01-31T14:30:22.212+0000] {processor.py:208} INFO - Processing /home/airflow/.local/lib/python3.12/site-packages/airflow/example_dags/example_complex.py took 0.064 seconds
[2025-01-31T14:30:53.036+0000] {processor.py:186} INFO - Started process (PID=495) to work on /home/airflow/.local/lib/python3.12/site-packages/airflow/example_dags/example_complex.py
[2025-01-31T14:30:53.037+0000] {processor.py:914} INFO - Processing file /home/airflow/.local/lib/python3.12/site-packages/airflow/example_dags/example_complex.py for tasks to queue
[2025-01-31T14:30:53.039+0000] {logging_mixin.py:190} INFO - [2025-01-31T14:30:53.038+0000] {dagbag.py:588} INFO - Filling up the DagBag from /home/airflow/.local/lib/python3.12/site-packages/airflow/example_dags/example_complex.py
[2025-01-31T14:30:53.048+0000] {processor.py:925} INFO - DAG(s) 'example_complex' retrieved from /home/airflow/.local/lib/python3.12/site-packages/airflow/example_dags/example_complex.py
[2025-01-31T14:30:53.083+0000] {logging_mixin.py:190} INFO - [2025-01-31T14:30:53.083+0000] {dag.py:3239} INFO - Sync 1 DAGs
[2025-01-31T14:30:53.098+0000] {logging_mixin.py:190} INFO - [2025-01-31T14:30:53.097+0000] {dag.py:4180} INFO - Setting next_dagrun for example_complex to None, run_after=None
[2025-01-31T14:30:53.114+0000] {processor.py:208} INFO - Processing /home/airflow/.local/lib/python3.12/site-packages/airflow/example_dags/example_complex.py took 0.083 seconds
[2025-01-31T14:31:24.597+0000] {processor.py:186} INFO - Started process (PID=560) to work on /home/airflow/.local/lib/python3.12/site-packages/airflow/example_dags/example_complex.py
[2025-01-31T14:31:24.598+0000] {processor.py:914} INFO - Processing file /home/airflow/.local/lib/python3.12/site-packages/airflow/example_dags/example_complex.py for tasks to queue
[2025-01-31T14:31:24.600+0000] {logging_mixin.py:190} INFO - [2025-01-31T14:31:24.600+0000] {dagbag.py:588} INFO - Filling up the DagBag from /home/airflow/.local/lib/python3.12/site-packages/airflow/example_dags/example_complex.py
[2025-01-31T14:31:24.614+0000] {processor.py:925} INFO - DAG(s) 'example_complex' retrieved from /home/airflow/.local/lib/python3.12/site-packages/airflow/example_dags/example_complex.py
[2025-01-31T14:31:24.649+0000] {logging_mixin.py:190} INFO - [2025-01-31T14:31:24.649+0000] {dag.py:3239} INFO - Sync 1 DAGs
[2025-01-31T14:31:24.662+0000] {logging_mixin.py:190} INFO - [2025-01-31T14:31:24.662+0000] {dag.py:4180} INFO - Setting next_dagrun for example_complex to None, run_after=None
[2025-01-31T14:31:24.676+0000] {processor.py:208} INFO - Processing /home/airflow/.local/lib/python3.12/site-packages/airflow/example_dags/example_complex.py took 0.086 seconds
[2025-01-31T14:31:55.470+0000] {processor.py:186} INFO - Started process (PID=626) to work on /home/airflow/.local/lib/python3.12/site-packages/airflow/example_dags/example_complex.py
[2025-01-31T14:31:55.471+0000] {processor.py:914} INFO - Processing file /home/airflow/.local/lib/python3.12/site-packages/airflow/example_dags/example_complex.py for tasks to queue
[2025-01-31T14:31:55.473+0000] {logging_mixin.py:190} INFO - [2025-01-31T14:31:55.472+0000] {dagbag.py:588} INFO - Filling up the DagBag from /home/airflow/.local/lib/python3.12/site-packages/airflow/example_dags/example_complex.py
[2025-01-31T14:31:55.482+0000] {processor.py:925} INFO - DAG(s) 'example_complex' retrieved from /home/airflow/.local/lib/python3.12/site-packages/airflow/example_dags/example_complex.py
[2025-01-31T14:31:55.506+0000] {logging_mixin.py:190} INFO - [2025-01-31T14:31:55.506+0000] {dag.py:3239} INFO - Sync 1 DAGs
[2025-01-31T14:31:55.517+0000] {logging_mixin.py:190} INFO - [2025-01-31T14:31:55.517+0000] {dag.py:4180} INFO - Setting next_dagrun for example_complex to None, run_after=None
[2025-01-31T14:31:55.529+0000] {processor.py:208} INFO - Processing /home/airflow/.local/lib/python3.12/site-packages/airflow/example_dags/example_complex.py took 0.063 seconds
[2025-01-31T14:32:26.633+0000] {processor.py:186} INFO - Started process (PID=690) to work on /home/airflow/.local/lib/python3.12/site-packages/airflow/example_dags/example_complex.py
[2025-01-31T14:32:26.634+0000] {processor.py:914} INFO - Processing file /home/airflow/.local/lib/python3.12/site-packages/airflow/example_dags/example_complex.py for tasks to queue
[2025-01-31T14:32:26.636+0000] {logging_mixin.py:190} INFO - [2025-01-31T14:32:26.636+0000] {dagbag.py:588} INFO - Filling up the DagBag from /home/airflow/.local/lib/python3.12/site-packages/airflow/example_dags/example_complex.py
[2025-01-31T14:32:26.650+0000] {processor.py:925} INFO - DAG(s) 'example_complex' retrieved from /home/airflow/.local/lib/python3.12/site-packages/airflow/example_dags/example_complex.py
[2025-01-31T14:32:26.684+0000] {logging_mixin.py:190} INFO - [2025-01-31T14:32:26.684+0000] {dag.py:3239} INFO - Sync 1 DAGs
[2025-01-31T14:32:26.696+0000] {logging_mixin.py:190} INFO - [2025-01-31T14:32:26.696+0000] {dag.py:4180} INFO - Setting next_dagrun for example_complex to None, run_after=None
[2025-01-31T14:32:26.719+0000] {processor.py:208} INFO - Processing /home/airflow/.local/lib/python3.12/site-packages/airflow/example_dags/example_complex.py took 0.093 seconds
[2025-01-31T14:32:57.481+0000] {processor.py:186} INFO - Started process (PID=756) to work on /home/airflow/.local/lib/python3.12/site-packages/airflow/example_dags/example_complex.py
[2025-01-31T14:32:57.481+0000] {processor.py:914} INFO - Processing file /home/airflow/.local/lib/python3.12/site-packages/airflow/example_dags/example_complex.py for tasks to queue
[2025-01-31T14:32:57.483+0000] {logging_mixin.py:190} INFO - [2025-01-31T14:32:57.483+0000] {dagbag.py:588} INFO - Filling up the DagBag from /home/airflow/.local/lib/python3.12/site-packages/airflow/example_dags/example_complex.py
[2025-01-31T14:32:57.494+0000] {processor.py:925} INFO - DAG(s) 'example_complex' retrieved from /home/airflow/.local/lib/python3.12/site-packages/airflow/example_dags/example_complex.py
[2025-01-31T14:32:57.522+0000] {logging_mixin.py:190} INFO - [2025-01-31T14:32:57.521+0000] {dag.py:3239} INFO - Sync 1 DAGs
[2025-01-31T14:32:57.534+0000] {logging_mixin.py:190} INFO - [2025-01-31T14:32:57.534+0000] {dag.py:4180} INFO - Setting next_dagrun for example_complex to None, run_after=None
[2025-01-31T14:32:57.549+0000] {processor.py:208} INFO - Processing /home/airflow/.local/lib/python3.12/site-packages/airflow/example_dags/example_complex.py took 0.075 seconds
[2025-01-31T14:33:28.296+0000] {processor.py:186} INFO - Started process (PID=822) to work on /home/airflow/.local/lib/python3.12/site-packages/airflow/example_dags/example_complex.py
[2025-01-31T14:33:28.297+0000] {processor.py:914} INFO - Processing file /home/airflow/.local/lib/python3.12/site-packages/airflow/example_dags/example_complex.py for tasks to queue
[2025-01-31T14:33:28.298+0000] {logging_mixin.py:190} INFO - [2025-01-31T14:33:28.298+0000] {dagbag.py:588} INFO - Filling up the DagBag from /home/airflow/.local/lib/python3.12/site-packages/airflow/example_dags/example_complex.py
[2025-01-31T14:33:28.311+0000] {processor.py:925} INFO - DAG(s) 'example_complex' retrieved from /home/airflow/.local/lib/python3.12/site-packages/airflow/example_dags/example_complex.py
[2025-01-31T14:33:28.335+0000] {logging_mixin.py:190} INFO - [2025-01-31T14:33:28.335+0000] {dag.py:3239} INFO - Sync 1 DAGs
[2025-01-31T14:33:28.346+0000] {logging_mixin.py:190} INFO - [2025-01-31T14:33:28.346+0000] {dag.py:4180} INFO - Setting next_dagrun for example_complex to None, run_after=None
[2025-01-31T14:33:28.359+0000] {processor.py:208} INFO - Processing /home/airflow/.local/lib/python3.12/site-packages/airflow/example_dags/example_complex.py took 0.067 seconds
[2025-01-31T14:33:59.951+0000] {processor.py:186} INFO - Started process (PID=887) to work on /home/airflow/.local/lib/python3.12/site-packages/airflow/example_dags/example_complex.py
[2025-01-31T14:33:59.952+0000] {processor.py:914} INFO - Processing file /home/airflow/.local/lib/python3.12/site-packages/airflow/example_dags/example_complex.py for tasks to queue
[2025-01-31T14:33:59.954+0000] {logging_mixin.py:190} INFO - [2025-01-31T14:33:59.954+0000] {dagbag.py:588} INFO - Filling up the DagBag from /home/airflow/.local/lib/python3.12/site-packages/airflow/example_dags/example_complex.py
[2025-01-31T14:33:59.967+0000] {processor.py:925} INFO - DAG(s) 'example_complex' retrieved from /home/airflow/.local/lib/python3.12/site-packages/airflow/example_dags/example_complex.py
[2025-01-31T14:33:59.992+0000] {logging_mixin.py:190} INFO - [2025-01-31T14:33:59.992+0000] {dag.py:3239} INFO - Sync 1 DAGs
[2025-01-31T14:34:00.005+0000] {logging_mixin.py:190} INFO - [2025-01-31T14:34:00.005+0000] {dag.py:4180} INFO - Setting next_dagrun for example_complex to None, run_after=None
[2025-01-31T14:34:00.021+0000] {processor.py:208} INFO - Processing /home/airflow/.local/lib/python3.12/site-packages/airflow/example_dags/example_complex.py took 0.076 seconds
[2025-01-31T14:34:30.737+0000] {processor.py:186} INFO - Started process (PID=952) to work on /home/airflow/.local/lib/python3.12/site-packages/airflow/example_dags/example_complex.py
[2025-01-31T14:34:30.738+0000] {processor.py:914} INFO - Processing file /home/airflow/.local/lib/python3.12/site-packages/airflow/example_dags/example_complex.py for tasks to queue
[2025-01-31T14:34:30.740+0000] {logging_mixin.py:190} INFO - [2025-01-31T14:34:30.739+0000] {dagbag.py:588} INFO - Filling up the DagBag from /home/airflow/.local/lib/python3.12/site-packages/airflow/example_dags/example_complex.py
[2025-01-31T14:34:30.752+0000] {processor.py:925} INFO - DAG(s) 'example_complex' retrieved from /home/airflow/.local/lib/python3.12/site-packages/airflow/example_dags/example_complex.py
[2025-01-31T14:34:30.789+0000] {logging_mixin.py:190} INFO - [2025-01-31T14:34:30.789+0000] {dag.py:3239} INFO - Sync 1 DAGs
[2025-01-31T14:34:30.803+0000] {logging_mixin.py:190} INFO - [2025-01-31T14:34:30.803+0000] {dag.py:4180} INFO - Setting next_dagrun for example_complex to None, run_after=None
[2025-01-31T14:34:30.819+0000] {processor.py:208} INFO - Processing /home/airflow/.local/lib/python3.12/site-packages/airflow/example_dags/example_complex.py took 0.087 seconds
[2025-01-31T14:35:01.761+0000] {processor.py:186} INFO - Started process (PID=1018) to work on /home/airflow/.local/lib/python3.12/site-packages/airflow/example_dags/example_complex.py
[2025-01-31T14:35:01.762+0000] {processor.py:914} INFO - Processing file /home/airflow/.local/lib/python3.12/site-packages/airflow/example_dags/example_complex.py for tasks to queue
[2025-01-31T14:35:01.763+0000] {logging_mixin.py:190} INFO - [2025-01-31T14:35:01.763+0000] {dagbag.py:588} INFO - Filling up the DagBag from /home/airflow/.local/lib/python3.12/site-packages/airflow/example_dags/example_complex.py
[2025-01-31T14:35:01.776+0000] {processor.py:925} INFO - DAG(s) 'example_complex' retrieved from /home/airflow/.local/lib/python3.12/site-packages/airflow/example_dags/example_complex.py
[2025-01-31T14:35:01.812+0000] {logging_mixin.py:190} INFO - [2025-01-31T14:35:01.811+0000] {dag.py:3239} INFO - Sync 1 DAGs
[2025-01-31T14:35:01.826+0000] {logging_mixin.py:190} INFO - [2025-01-31T14:35:01.826+0000] {dag.py:4180} INFO - Setting next_dagrun for example_complex to None, run_after=None
[2025-01-31T14:35:01.841+0000] {processor.py:208} INFO - Processing /home/airflow/.local/lib/python3.12/site-packages/airflow/example_dags/example_complex.py took 0.085 seconds
[2025-01-31T14:35:32.305+0000] {processor.py:186} INFO - Started process (PID=1083) to work on /home/airflow/.local/lib/python3.12/site-packages/airflow/example_dags/example_complex.py
[2025-01-31T14:35:32.306+0000] {processor.py:914} INFO - Processing file /home/airflow/.local/lib/python3.12/site-packages/airflow/example_dags/example_complex.py for tasks to queue
[2025-01-31T14:35:32.307+0000] {logging_mixin.py:190} INFO - [2025-01-31T14:35:32.307+0000] {dagbag.py:588} INFO - Filling up the DagBag from /home/airflow/.local/lib/python3.12/site-packages/airflow/example_dags/example_complex.py
[2025-01-31T14:35:32.318+0000] {processor.py:925} INFO - DAG(s) 'example_complex' retrieved from /home/airflow/.local/lib/python3.12/site-packages/airflow/example_dags/example_complex.py
[2025-01-31T14:35:32.342+0000] {logging_mixin.py:190} INFO - [2025-01-31T14:35:32.342+0000] {dag.py:3239} INFO - Sync 1 DAGs
[2025-01-31T14:35:32.353+0000] {logging_mixin.py:190} INFO - [2025-01-31T14:35:32.353+0000] {dag.py:4180} INFO - Setting next_dagrun for example_complex to None, run_after=None
[2025-01-31T14:35:32.367+0000] {processor.py:208} INFO - Processing /home/airflow/.local/lib/python3.12/site-packages/airflow/example_dags/example_complex.py took 0.066 seconds
[2025-01-31T14:36:03.687+0000] {processor.py:186} INFO - Started process (PID=1148) to work on /home/airflow/.local/lib/python3.12/site-packages/airflow/example_dags/example_complex.py
[2025-01-31T14:36:03.687+0000] {processor.py:914} INFO - Processing file /home/airflow/.local/lib/python3.12/site-packages/airflow/example_dags/example_complex.py for tasks to queue
[2025-01-31T14:36:03.689+0000] {logging_mixin.py:190} INFO - [2025-01-31T14:36:03.689+0000] {dagbag.py:588} INFO - Filling up the DagBag from /home/airflow/.local/lib/python3.12/site-packages/airflow/example_dags/example_complex.py
[2025-01-31T14:36:03.700+0000] {processor.py:925} INFO - DAG(s) 'example_complex' retrieved from /home/airflow/.local/lib/python3.12/site-packages/airflow/example_dags/example_complex.py
[2025-01-31T14:36:03.728+0000] {logging_mixin.py:190} INFO - [2025-01-31T14:36:03.728+0000] {dag.py:3239} INFO - Sync 1 DAGs
[2025-01-31T14:36:03.741+0000] {logging_mixin.py:190} INFO - [2025-01-31T14:36:03.741+0000] {dag.py:4180} INFO - Setting next_dagrun for example_complex to None, run_after=None
[2025-01-31T14:36:03.756+0000] {processor.py:208} INFO - Processing /home/airflow/.local/lib/python3.12/site-packages/airflow/example_dags/example_complex.py took 0.074 seconds
[2025-01-31T14:36:34.990+0000] {processor.py:186} INFO - Started process (PID=1214) to work on /home/airflow/.local/lib/python3.12/site-packages/airflow/example_dags/example_complex.py
[2025-01-31T14:36:34.990+0000] {processor.py:914} INFO - Processing file /home/airflow/.local/lib/python3.12/site-packages/airflow/example_dags/example_complex.py for tasks to queue
[2025-01-31T14:36:34.992+0000] {logging_mixin.py:190} INFO - [2025-01-31T14:36:34.992+0000] {dagbag.py:588} INFO - Filling up the DagBag from /home/airflow/.local/lib/python3.12/site-packages/airflow/example_dags/example_complex.py
[2025-01-31T14:36:35.001+0000] {processor.py:925} INFO - DAG(s) 'example_complex' retrieved from /home/airflow/.local/lib/python3.12/site-packages/airflow/example_dags/example_complex.py
[2025-01-31T14:36:35.025+0000] {logging_mixin.py:190} INFO - [2025-01-31T14:36:35.025+0000] {dag.py:3239} INFO - Sync 1 DAGs
[2025-01-31T14:36:35.036+0000] {logging_mixin.py:190} INFO - [2025-01-31T14:36:35.036+0000] {dag.py:4180} INFO - Setting next_dagrun for example_complex to None, run_after=None
[2025-01-31T14:36:35.048+0000] {processor.py:208} INFO - Processing /home/airflow/.local/lib/python3.12/site-packages/airflow/example_dags/example_complex.py took 0.062 seconds
[2025-01-31T14:37:06.276+0000] {processor.py:186} INFO - Started process (PID=1279) to work on /home/airflow/.local/lib/python3.12/site-packages/airflow/example_dags/example_complex.py
[2025-01-31T14:37:06.277+0000] {processor.py:914} INFO - Processing file /home/airflow/.local/lib/python3.12/site-packages/airflow/example_dags/example_complex.py for tasks to queue
[2025-01-31T14:37:06.279+0000] {logging_mixin.py:190} INFO - [2025-01-31T14:37:06.278+0000] {dagbag.py:588} INFO - Filling up the DagBag from /home/airflow/.local/lib/python3.12/site-packages/airflow/example_dags/example_complex.py
[2025-01-31T14:37:06.290+0000] {processor.py:925} INFO - DAG(s) 'example_complex' retrieved from /home/airflow/.local/lib/python3.12/site-packages/airflow/example_dags/example_complex.py
[2025-01-31T14:37:06.332+0000] {logging_mixin.py:190} INFO - [2025-01-31T14:37:06.332+0000] {dag.py:3239} INFO - Sync 1 DAGs
[2025-01-31T14:37:06.346+0000] {logging_mixin.py:190} INFO - [2025-01-31T14:37:06.346+0000] {dag.py:4180} INFO - Setting next_dagrun for example_complex to None, run_after=None
[2025-01-31T14:37:06.360+0000] {processor.py:208} INFO - Processing /home/airflow/.local/lib/python3.12/site-packages/airflow/example_dags/example_complex.py took 0.088 seconds
[2025-01-31T14:37:37.838+0000] {processor.py:186} INFO - Started process (PID=1344) to work on /home/airflow/.local/lib/python3.12/site-packages/airflow/example_dags/example_complex.py
[2025-01-31T14:37:37.838+0000] {processor.py:914} INFO - Processing file /home/airflow/.local/lib/python3.12/site-packages/airflow/example_dags/example_complex.py for tasks to queue
[2025-01-31T14:37:37.840+0000] {logging_mixin.py:190} INFO - [2025-01-31T14:37:37.840+0000] {dagbag.py:588} INFO - Filling up the DagBag from /home/airflow/.local/lib/python3.12/site-packages/airflow/example_dags/example_complex.py
[2025-01-31T14:37:37.851+0000] {processor.py:925} INFO - DAG(s) 'example_complex' retrieved from /home/airflow/.local/lib/python3.12/site-packages/airflow/example_dags/example_complex.py
[2025-01-31T14:37:37.885+0000] {logging_mixin.py:190} INFO - [2025-01-31T14:37:37.885+0000] {dag.py:3239} INFO - Sync 1 DAGs
[2025-01-31T14:37:37.898+0000] {logging_mixin.py:190} INFO - [2025-01-31T14:37:37.898+0000] {dag.py:4180} INFO - Setting next_dagrun for example_complex to None, run_after=None
[2025-01-31T14:37:37.913+0000] {processor.py:208} INFO - Processing /home/airflow/.local/lib/python3.12/site-packages/airflow/example_dags/example_complex.py took 0.081 seconds
[2025-01-31T14:38:08.892+0000] {processor.py:186} INFO - Started process (PID=1409) to work on /home/airflow/.local/lib/python3.12/site-packages/airflow/example_dags/example_complex.py
[2025-01-31T14:38:08.893+0000] {processor.py:914} INFO - Processing file /home/airflow/.local/lib/python3.12/site-packages/airflow/example_dags/example_complex.py for tasks to queue
[2025-01-31T14:38:08.894+0000] {logging_mixin.py:190} INFO - [2025-01-31T14:38:08.894+0000] {dagbag.py:588} INFO - Filling up the DagBag from /home/airflow/.local/lib/python3.12/site-packages/airflow/example_dags/example_complex.py
[2025-01-31T14:38:08.904+0000] {processor.py:925} INFO - DAG(s) 'example_complex' retrieved from /home/airflow/.local/lib/python3.12/site-packages/airflow/example_dags/example_complex.py
[2025-01-31T14:38:08.930+0000] {logging_mixin.py:190} INFO - [2025-01-31T14:38:08.929+0000] {dag.py:3239} INFO - Sync 1 DAGs
[2025-01-31T14:38:08.942+0000] {logging_mixin.py:190} INFO - [2025-01-31T14:38:08.942+0000] {dag.py:4180} INFO - Setting next_dagrun for example_complex to None, run_after=None
[2025-01-31T14:38:08.957+0000] {processor.py:208} INFO - Processing /home/airflow/.local/lib/python3.12/site-packages/airflow/example_dags/example_complex.py took 0.069 seconds
[2025-01-31T14:38:40.015+0000] {processor.py:186} INFO - Started process (PID=1474) to work on /home/airflow/.local/lib/python3.12/site-packages/airflow/example_dags/example_complex.py
[2025-01-31T14:38:40.016+0000] {processor.py:914} INFO - Processing file /home/airflow/.local/lib/python3.12/site-packages/airflow/example_dags/example_complex.py for tasks to queue
[2025-01-31T14:38:40.018+0000] {logging_mixin.py:190} INFO - [2025-01-31T14:38:40.017+0000] {dagbag.py:588} INFO - Filling up the DagBag from /home/airflow/.local/lib/python3.12/site-packages/airflow/example_dags/example_complex.py
[2025-01-31T14:38:40.028+0000] {processor.py:925} INFO - DAG(s) 'example_complex' retrieved from /home/airflow/.local/lib/python3.12/site-packages/airflow/example_dags/example_complex.py
[2025-01-31T14:38:40.062+0000] {logging_mixin.py:190} INFO - [2025-01-31T14:38:40.062+0000] {dag.py:3239} INFO - Sync 1 DAGs
[2025-01-31T14:38:40.077+0000] {logging_mixin.py:190} INFO - [2025-01-31T14:38:40.077+0000] {dag.py:4180} INFO - Setting next_dagrun for example_complex to None, run_after=None
[2025-01-31T14:38:40.090+0000] {processor.py:208} INFO - Processing /home/airflow/.local/lib/python3.12/site-packages/airflow/example_dags/example_complex.py took 0.079 seconds
[2025-01-31T14:39:11.316+0000] {processor.py:186} INFO - Started process (PID=1539) to work on /home/airflow/.local/lib/python3.12/site-packages/airflow/example_dags/example_complex.py
[2025-01-31T14:39:11.316+0000] {processor.py:914} INFO - Processing file /home/airflow/.local/lib/python3.12/site-packages/airflow/example_dags/example_complex.py for tasks to queue
[2025-01-31T14:39:11.318+0000] {logging_mixin.py:190} INFO - [2025-01-31T14:39:11.318+0000] {dagbag.py:588} INFO - Filling up the DagBag from /home/airflow/.local/lib/python3.12/site-packages/airflow/example_dags/example_complex.py
[2025-01-31T14:39:11.331+0000] {processor.py:925} INFO - DAG(s) 'example_complex' retrieved from /home/airflow/.local/lib/python3.12/site-packages/airflow/example_dags/example_complex.py
[2025-01-31T14:39:11.362+0000] {logging_mixin.py:190} INFO - [2025-01-31T14:39:11.362+0000] {dag.py:3239} INFO - Sync 1 DAGs
[2025-01-31T14:39:11.374+0000] {logging_mixin.py:190} INFO - [2025-01-31T14:39:11.374+0000] {dag.py:4180} INFO - Setting next_dagrun for example_complex to None, run_after=None
[2025-01-31T14:39:11.389+0000] {processor.py:208} INFO - Processing /home/airflow/.local/lib/python3.12/site-packages/airflow/example_dags/example_complex.py took 0.078 seconds
[2025-01-31T14:39:42.713+0000] {processor.py:186} INFO - Started process (PID=1610) to work on /home/airflow/.local/lib/python3.12/site-packages/airflow/example_dags/example_complex.py
[2025-01-31T14:39:42.713+0000] {processor.py:914} INFO - Processing file /home/airflow/.local/lib/python3.12/site-packages/airflow/example_dags/example_complex.py for tasks to queue
[2025-01-31T14:39:42.715+0000] {logging_mixin.py:190} INFO - [2025-01-31T14:39:42.715+0000] {dagbag.py:588} INFO - Filling up the DagBag from /home/airflow/.local/lib/python3.12/site-packages/airflow/example_dags/example_complex.py
[2025-01-31T14:39:42.725+0000] {processor.py:925} INFO - DAG(s) 'example_complex' retrieved from /home/airflow/.local/lib/python3.12/site-packages/airflow/example_dags/example_complex.py
[2025-01-31T14:39:42.750+0000] {logging_mixin.py:190} INFO - [2025-01-31T14:39:42.750+0000] {dag.py:3239} INFO - Sync 1 DAGs
[2025-01-31T14:39:42.763+0000] {logging_mixin.py:190} INFO - [2025-01-31T14:39:42.763+0000] {dag.py:4180} INFO - Setting next_dagrun for example_complex to None, run_after=None
[2025-01-31T14:39:42.777+0000] {processor.py:208} INFO - Processing /home/airflow/.local/lib/python3.12/site-packages/airflow/example_dags/example_complex.py took 0.070 seconds
[2025-01-31T14:40:13.648+0000] {processor.py:186} INFO - Started process (PID=1675) to work on /home/airflow/.local/lib/python3.12/site-packages/airflow/example_dags/example_complex.py
[2025-01-31T14:40:13.648+0000] {processor.py:914} INFO - Processing file /home/airflow/.local/lib/python3.12/site-packages/airflow/example_dags/example_complex.py for tasks to queue
[2025-01-31T14:40:13.650+0000] {logging_mixin.py:190} INFO - [2025-01-31T14:40:13.650+0000] {dagbag.py:588} INFO - Filling up the DagBag from /home/airflow/.local/lib/python3.12/site-packages/airflow/example_dags/example_complex.py
[2025-01-31T14:40:13.660+0000] {processor.py:925} INFO - DAG(s) 'example_complex' retrieved from /home/airflow/.local/lib/python3.12/site-packages/airflow/example_dags/example_complex.py
[2025-01-31T14:40:13.685+0000] {logging_mixin.py:190} INFO - [2025-01-31T14:40:13.685+0000] {dag.py:3239} INFO - Sync 1 DAGs
[2025-01-31T14:40:13.697+0000] {logging_mixin.py:190} INFO - [2025-01-31T14:40:13.697+0000] {dag.py:4180} INFO - Setting next_dagrun for example_complex to None, run_after=None
[2025-01-31T14:40:13.712+0000] {processor.py:208} INFO - Processing /home/airflow/.local/lib/python3.12/site-packages/airflow/example_dags/example_complex.py took 0.069 seconds
[2025-01-31T14:40:44.742+0000] {processor.py:186} INFO - Started process (PID=1740) to work on /home/airflow/.local/lib/python3.12/site-packages/airflow/example_dags/example_complex.py
[2025-01-31T14:40:44.743+0000] {processor.py:914} INFO - Processing file /home/airflow/.local/lib/python3.12/site-packages/airflow/example_dags/example_complex.py for tasks to queue
[2025-01-31T14:40:44.745+0000] {logging_mixin.py:190} INFO - [2025-01-31T14:40:44.744+0000] {dagbag.py:588} INFO - Filling up the DagBag from /home/airflow/.local/lib/python3.12/site-packages/airflow/example_dags/example_complex.py
[2025-01-31T14:40:44.756+0000] {processor.py:925} INFO - DAG(s) 'example_complex' retrieved from /home/airflow/.local/lib/python3.12/site-packages/airflow/example_dags/example_complex.py
[2025-01-31T14:40:44.789+0000] {logging_mixin.py:190} INFO - [2025-01-31T14:40:44.789+0000] {dag.py:3239} INFO - Sync 1 DAGs
[2025-01-31T14:40:44.801+0000] {logging_mixin.py:190} INFO - [2025-01-31T14:40:44.801+0000] {dag.py:4180} INFO - Setting next_dagrun for example_complex to None, run_after=None
[2025-01-31T14:40:44.814+0000] {processor.py:208} INFO - Processing /home/airflow/.local/lib/python3.12/site-packages/airflow/example_dags/example_complex.py took 0.078 seconds
[2025-01-31T14:41:15.891+0000] {processor.py:186} INFO - Started process (PID=1805) to work on /home/airflow/.local/lib/python3.12/site-packages/airflow/example_dags/example_complex.py
[2025-01-31T14:41:15.892+0000] {processor.py:914} INFO - Processing file /home/airflow/.local/lib/python3.12/site-packages/airflow/example_dags/example_complex.py for tasks to queue
[2025-01-31T14:41:15.893+0000] {logging_mixin.py:190} INFO - [2025-01-31T14:41:15.893+0000] {dagbag.py:588} INFO - Filling up the DagBag from /home/airflow/.local/lib/python3.12/site-packages/airflow/example_dags/example_complex.py
[2025-01-31T14:41:15.903+0000] {processor.py:925} INFO - DAG(s) 'example_complex' retrieved from /home/airflow/.local/lib/python3.12/site-packages/airflow/example_dags/example_complex.py
[2025-01-31T14:41:15.928+0000] {logging_mixin.py:190} INFO - [2025-01-31T14:41:15.928+0000] {dag.py:3239} INFO - Sync 1 DAGs
[2025-01-31T14:41:15.939+0000] {logging_mixin.py:190} INFO - [2025-01-31T14:41:15.939+0000] {dag.py:4180} INFO - Setting next_dagrun for example_complex to None, run_after=None
[2025-01-31T14:41:15.952+0000] {processor.py:208} INFO - Processing /home/airflow/.local/lib/python3.12/site-packages/airflow/example_dags/example_complex.py took 0.066 seconds
[2025-01-31T14:41:47.245+0000] {processor.py:186} INFO - Started process (PID=1871) to work on /home/airflow/.local/lib/python3.12/site-packages/airflow/example_dags/example_complex.py
[2025-01-31T14:41:47.245+0000] {processor.py:914} INFO - Processing file /home/airflow/.local/lib/python3.12/site-packages/airflow/example_dags/example_complex.py for tasks to queue
[2025-01-31T14:41:47.248+0000] {logging_mixin.py:190} INFO - [2025-01-31T14:41:47.247+0000] {dagbag.py:588} INFO - Filling up the DagBag from /home/airflow/.local/lib/python3.12/site-packages/airflow/example_dags/example_complex.py
[2025-01-31T14:41:47.262+0000] {processor.py:925} INFO - DAG(s) 'example_complex' retrieved from /home/airflow/.local/lib/python3.12/site-packages/airflow/example_dags/example_complex.py
[2025-01-31T14:41:47.287+0000] {logging_mixin.py:190} INFO - [2025-01-31T14:41:47.287+0000] {dag.py:3239} INFO - Sync 1 DAGs
[2025-01-31T14:41:47.300+0000] {logging_mixin.py:190} INFO - [2025-01-31T14:41:47.300+0000] {dag.py:4180} INFO - Setting next_dagrun for example_complex to None, run_after=None
[2025-01-31T14:41:47.314+0000] {processor.py:208} INFO - Processing /home/airflow/.local/lib/python3.12/site-packages/airflow/example_dags/example_complex.py took 0.076 seconds
[2025-01-31T14:42:18.971+0000] {processor.py:186} INFO - Started process (PID=1936) to work on /home/airflow/.local/lib/python3.12/site-packages/airflow/example_dags/example_complex.py
[2025-01-31T14:42:18.972+0000] {processor.py:914} INFO - Processing file /home/airflow/.local/lib/python3.12/site-packages/airflow/example_dags/example_complex.py for tasks to queue
[2025-01-31T14:42:18.973+0000] {logging_mixin.py:190} INFO - [2025-01-31T14:42:18.973+0000] {dagbag.py:588} INFO - Filling up the DagBag from /home/airflow/.local/lib/python3.12/site-packages/airflow/example_dags/example_complex.py
[2025-01-31T14:42:18.983+0000] {processor.py:925} INFO - DAG(s) 'example_complex' retrieved from /home/airflow/.local/lib/python3.12/site-packages/airflow/example_dags/example_complex.py
[2025-01-31T14:42:19.009+0000] {logging_mixin.py:190} INFO - [2025-01-31T14:42:19.009+0000] {dag.py:3239} INFO - Sync 1 DAGs
[2025-01-31T14:42:19.020+0000] {logging_mixin.py:190} INFO - [2025-01-31T14:42:19.020+0000] {dag.py:4180} INFO - Setting next_dagrun for example_complex to None, run_after=None
[2025-01-31T14:42:19.033+0000] {processor.py:208} INFO - Processing /home/airflow/.local/lib/python3.12/site-packages/airflow/example_dags/example_complex.py took 0.066 seconds
[2025-01-31T14:42:50.067+0000] {processor.py:186} INFO - Started process (PID=2001) to work on /home/airflow/.local/lib/python3.12/site-packages/airflow/example_dags/example_complex.py
[2025-01-31T14:42:50.068+0000] {processor.py:914} INFO - Processing file /home/airflow/.local/lib/python3.12/site-packages/airflow/example_dags/example_complex.py for tasks to queue
[2025-01-31T14:42:50.070+0000] {logging_mixin.py:190} INFO - [2025-01-31T14:42:50.070+0000] {dagbag.py:588} INFO - Filling up the DagBag from /home/airflow/.local/lib/python3.12/site-packages/airflow/example_dags/example_complex.py
[2025-01-31T14:42:50.084+0000] {processor.py:925} INFO - DAG(s) 'example_complex' retrieved from /home/airflow/.local/lib/python3.12/site-packages/airflow/example_dags/example_complex.py
[2025-01-31T14:42:50.121+0000] {logging_mixin.py:190} INFO - [2025-01-31T14:42:50.121+0000] {dag.py:3239} INFO - Sync 1 DAGs
[2025-01-31T14:42:50.140+0000] {logging_mixin.py:190} INFO - [2025-01-31T14:42:50.140+0000] {dag.py:4180} INFO - Setting next_dagrun for example_complex to None, run_after=None
[2025-01-31T14:42:50.162+0000] {processor.py:208} INFO - Processing /home/airflow/.local/lib/python3.12/site-packages/airflow/example_dags/example_complex.py took 0.101 seconds
[2025-01-31T14:43:21.099+0000] {processor.py:186} INFO - Started process (PID=2066) to work on /home/airflow/.local/lib/python3.12/site-packages/airflow/example_dags/example_complex.py
[2025-01-31T14:43:21.100+0000] {processor.py:914} INFO - Processing file /home/airflow/.local/lib/python3.12/site-packages/airflow/example_dags/example_complex.py for tasks to queue
[2025-01-31T14:43:21.101+0000] {logging_mixin.py:190} INFO - [2025-01-31T14:43:21.101+0000] {dagbag.py:588} INFO - Filling up the DagBag from /home/airflow/.local/lib/python3.12/site-packages/airflow/example_dags/example_complex.py
[2025-01-31T14:43:21.111+0000] {processor.py:925} INFO - DAG(s) 'example_complex' retrieved from /home/airflow/.local/lib/python3.12/site-packages/airflow/example_dags/example_complex.py
[2025-01-31T14:43:21.142+0000] {logging_mixin.py:190} INFO - [2025-01-31T14:43:21.141+0000] {dag.py:3239} INFO - Sync 1 DAGs
[2025-01-31T14:43:21.157+0000] {logging_mixin.py:190} INFO - [2025-01-31T14:43:21.157+0000] {dag.py:4180} INFO - Setting next_dagrun for example_complex to None, run_after=None
[2025-01-31T14:43:21.172+0000] {processor.py:208} INFO - Processing /home/airflow/.local/lib/python3.12/site-packages/airflow/example_dags/example_complex.py took 0.079 seconds
[2025-01-31T14:43:51.795+0000] {processor.py:186} INFO - Started process (PID=2132) to work on /home/airflow/.local/lib/python3.12/site-packages/airflow/example_dags/example_complex.py
[2025-01-31T14:43:51.796+0000] {processor.py:914} INFO - Processing file /home/airflow/.local/lib/python3.12/site-packages/airflow/example_dags/example_complex.py for tasks to queue
[2025-01-31T14:43:51.797+0000] {logging_mixin.py:190} INFO - [2025-01-31T14:43:51.797+0000] {dagbag.py:588} INFO - Filling up the DagBag from /home/airflow/.local/lib/python3.12/site-packages/airflow/example_dags/example_complex.py
[2025-01-31T14:43:51.806+0000] {processor.py:925} INFO - DAG(s) 'example_complex' retrieved from /home/airflow/.local/lib/python3.12/site-packages/airflow/example_dags/example_complex.py
[2025-01-31T14:43:51.830+0000] {logging_mixin.py:190} INFO - [2025-01-31T14:43:51.830+0000] {dag.py:3239} INFO - Sync 1 DAGs
[2025-01-31T14:43:51.841+0000] {logging_mixin.py:190} INFO - [2025-01-31T14:43:51.841+0000] {dag.py:4180} INFO - Setting next_dagrun for example_complex to None, run_after=None
[2025-01-31T14:43:51.853+0000] {processor.py:208} INFO - Processing /home/airflow/.local/lib/python3.12/site-packages/airflow/example_dags/example_complex.py took 0.062 seconds
[2025-01-31T14:44:23.014+0000] {processor.py:186} INFO - Started process (PID=2197) to work on /home/airflow/.local/lib/python3.12/site-packages/airflow/example_dags/example_complex.py
[2025-01-31T14:44:23.014+0000] {processor.py:914} INFO - Processing file /home/airflow/.local/lib/python3.12/site-packages/airflow/example_dags/example_complex.py for tasks to queue
[2025-01-31T14:44:23.016+0000] {logging_mixin.py:190} INFO - [2025-01-31T14:44:23.016+0000] {dagbag.py:588} INFO - Filling up the DagBag from /home/airflow/.local/lib/python3.12/site-packages/airflow/example_dags/example_complex.py
[2025-01-31T14:44:23.029+0000] {processor.py:925} INFO - DAG(s) 'example_complex' retrieved from /home/airflow/.local/lib/python3.12/site-packages/airflow/example_dags/example_complex.py
[2025-01-31T14:44:23.054+0000] {logging_mixin.py:190} INFO - [2025-01-31T14:44:23.054+0000] {dag.py:3239} INFO - Sync 1 DAGs
[2025-01-31T14:44:23.067+0000] {logging_mixin.py:190} INFO - [2025-01-31T14:44:23.066+0000] {dag.py:4180} INFO - Setting next_dagrun for example_complex to None, run_after=None
[2025-01-31T14:44:23.082+0000] {processor.py:208} INFO - Processing /home/airflow/.local/lib/python3.12/site-packages/airflow/example_dags/example_complex.py took 0.073 seconds
[2025-01-31T14:44:54.165+0000] {processor.py:186} INFO - Started process (PID=2262) to work on /home/airflow/.local/lib/python3.12/site-packages/airflow/example_dags/example_complex.py
[2025-01-31T14:44:54.165+0000] {processor.py:914} INFO - Processing file /home/airflow/.local/lib/python3.12/site-packages/airflow/example_dags/example_complex.py for tasks to queue
[2025-01-31T14:44:54.167+0000] {logging_mixin.py:190} INFO - [2025-01-31T14:44:54.167+0000] {dagbag.py:588} INFO - Filling up the DagBag from /home/airflow/.local/lib/python3.12/site-packages/airflow/example_dags/example_complex.py
[2025-01-31T14:44:54.177+0000] {processor.py:925} INFO - DAG(s) 'example_complex' retrieved from /home/airflow/.local/lib/python3.12/site-packages/airflow/example_dags/example_complex.py
[2025-01-31T14:44:54.200+0000] {logging_mixin.py:190} INFO - [2025-01-31T14:44:54.200+0000] {dag.py:3239} INFO - Sync 1 DAGs
[2025-01-31T14:44:54.211+0000] {logging_mixin.py:190} INFO - [2025-01-31T14:44:54.211+0000] {dag.py:4180} INFO - Setting next_dagrun for example_complex to None, run_after=None
[2025-01-31T14:44:54.224+0000] {processor.py:208} INFO - Processing /home/airflow/.local/lib/python3.12/site-packages/airflow/example_dags/example_complex.py took 0.064 seconds
[2025-01-31T14:45:25.244+0000] {processor.py:186} INFO - Started process (PID=2332) to work on /home/airflow/.local/lib/python3.12/site-packages/airflow/example_dags/example_complex.py
[2025-01-31T14:45:25.244+0000] {processor.py:914} INFO - Processing file /home/airflow/.local/lib/python3.12/site-packages/airflow/example_dags/example_complex.py for tasks to queue
[2025-01-31T14:45:25.246+0000] {logging_mixin.py:190} INFO - [2025-01-31T14:45:25.245+0000] {dagbag.py:588} INFO - Filling up the DagBag from /home/airflow/.local/lib/python3.12/site-packages/airflow/example_dags/example_complex.py
[2025-01-31T14:45:25.256+0000] {processor.py:925} INFO - DAG(s) 'example_complex' retrieved from /home/airflow/.local/lib/python3.12/site-packages/airflow/example_dags/example_complex.py
[2025-01-31T14:45:25.280+0000] {logging_mixin.py:190} INFO - [2025-01-31T14:45:25.280+0000] {dag.py:3239} INFO - Sync 1 DAGs
[2025-01-31T14:45:25.290+0000] {logging_mixin.py:190} INFO - [2025-01-31T14:45:25.290+0000] {dag.py:4180} INFO - Setting next_dagrun for example_complex to None, run_after=None
[2025-01-31T14:45:25.303+0000] {processor.py:208} INFO - Processing /home/airflow/.local/lib/python3.12/site-packages/airflow/example_dags/example_complex.py took 0.064 seconds
[2025-01-31T14:45:56.053+0000] {processor.py:186} INFO - Started process (PID=2398) to work on /home/airflow/.local/lib/python3.12/site-packages/airflow/example_dags/example_complex.py
[2025-01-31T14:45:56.054+0000] {processor.py:914} INFO - Processing file /home/airflow/.local/lib/python3.12/site-packages/airflow/example_dags/example_complex.py for tasks to queue
[2025-01-31T14:45:56.055+0000] {logging_mixin.py:190} INFO - [2025-01-31T14:45:56.055+0000] {dagbag.py:588} INFO - Filling up the DagBag from /home/airflow/.local/lib/python3.12/site-packages/airflow/example_dags/example_complex.py
[2025-01-31T14:45:56.065+0000] {processor.py:925} INFO - DAG(s) 'example_complex' retrieved from /home/airflow/.local/lib/python3.12/site-packages/airflow/example_dags/example_complex.py
[2025-01-31T14:45:56.089+0000] {logging_mixin.py:190} INFO - [2025-01-31T14:45:56.089+0000] {dag.py:3239} INFO - Sync 1 DAGs
[2025-01-31T14:45:56.103+0000] {logging_mixin.py:190} INFO - [2025-01-31T14:45:56.103+0000] {dag.py:4180} INFO - Setting next_dagrun for example_complex to None, run_after=None
[2025-01-31T14:45:56.119+0000] {processor.py:208} INFO - Processing /home/airflow/.local/lib/python3.12/site-packages/airflow/example_dags/example_complex.py took 0.072 seconds
[2025-01-31T14:46:26.986+0000] {processor.py:186} INFO - Started process (PID=2464) to work on /home/airflow/.local/lib/python3.12/site-packages/airflow/example_dags/example_complex.py
[2025-01-31T14:46:26.987+0000] {processor.py:914} INFO - Processing file /home/airflow/.local/lib/python3.12/site-packages/airflow/example_dags/example_complex.py for tasks to queue
[2025-01-31T14:46:26.989+0000] {logging_mixin.py:190} INFO - [2025-01-31T14:46:26.988+0000] {dagbag.py:588} INFO - Filling up the DagBag from /home/airflow/.local/lib/python3.12/site-packages/airflow/example_dags/example_complex.py
[2025-01-31T14:46:26.998+0000] {processor.py:925} INFO - DAG(s) 'example_complex' retrieved from /home/airflow/.local/lib/python3.12/site-packages/airflow/example_dags/example_complex.py
[2025-01-31T14:46:27.022+0000] {logging_mixin.py:190} INFO - [2025-01-31T14:46:27.022+0000] {dag.py:3239} INFO - Sync 1 DAGs
[2025-01-31T14:46:27.036+0000] {logging_mixin.py:190} INFO - [2025-01-31T14:46:27.036+0000] {dag.py:4180} INFO - Setting next_dagrun for example_complex to None, run_after=None
[2025-01-31T14:46:27.049+0000] {processor.py:208} INFO - Processing /home/airflow/.local/lib/python3.12/site-packages/airflow/example_dags/example_complex.py took 0.067 seconds
[2025-01-31T14:46:57.492+0000] {processor.py:186} INFO - Started process (PID=2529) to work on /home/airflow/.local/lib/python3.12/site-packages/airflow/example_dags/example_complex.py
[2025-01-31T14:46:57.493+0000] {processor.py:914} INFO - Processing file /home/airflow/.local/lib/python3.12/site-packages/airflow/example_dags/example_complex.py for tasks to queue
[2025-01-31T14:46:57.495+0000] {logging_mixin.py:190} INFO - [2025-01-31T14:46:57.495+0000] {dagbag.py:588} INFO - Filling up the DagBag from /home/airflow/.local/lib/python3.12/site-packages/airflow/example_dags/example_complex.py
[2025-01-31T14:46:57.509+0000] {processor.py:925} INFO - DAG(s) 'example_complex' retrieved from /home/airflow/.local/lib/python3.12/site-packages/airflow/example_dags/example_complex.py
[2025-01-31T14:46:57.534+0000] {logging_mixin.py:190} INFO - [2025-01-31T14:46:57.534+0000] {dag.py:3239} INFO - Sync 1 DAGs
[2025-01-31T14:46:57.548+0000] {logging_mixin.py:190} INFO - [2025-01-31T14:46:57.548+0000] {dag.py:4180} INFO - Setting next_dagrun for example_complex to None, run_after=None
[2025-01-31T14:46:57.565+0000] {processor.py:208} INFO - Processing /home/airflow/.local/lib/python3.12/site-packages/airflow/example_dags/example_complex.py took 0.078 seconds
[2025-01-31T14:47:28.488+0000] {processor.py:186} INFO - Started process (PID=2595) to work on /home/airflow/.local/lib/python3.12/site-packages/airflow/example_dags/example_complex.py
[2025-01-31T14:47:28.488+0000] {processor.py:914} INFO - Processing file /home/airflow/.local/lib/python3.12/site-packages/airflow/example_dags/example_complex.py for tasks to queue
[2025-01-31T14:47:28.490+0000] {logging_mixin.py:190} INFO - [2025-01-31T14:47:28.490+0000] {dagbag.py:588} INFO - Filling up the DagBag from /home/airflow/.local/lib/python3.12/site-packages/airflow/example_dags/example_complex.py
[2025-01-31T14:47:28.499+0000] {processor.py:925} INFO - DAG(s) 'example_complex' retrieved from /home/airflow/.local/lib/python3.12/site-packages/airflow/example_dags/example_complex.py
[2025-01-31T14:47:28.523+0000] {logging_mixin.py:190} INFO - [2025-01-31T14:47:28.522+0000] {dag.py:3239} INFO - Sync 1 DAGs
[2025-01-31T14:47:28.533+0000] {logging_mixin.py:190} INFO - [2025-01-31T14:47:28.533+0000] {dag.py:4180} INFO - Setting next_dagrun for example_complex to None, run_after=None
[2025-01-31T14:47:28.545+0000] {processor.py:208} INFO - Processing /home/airflow/.local/lib/python3.12/site-packages/airflow/example_dags/example_complex.py took 0.062 seconds
[2025-01-31T14:47:59.484+0000] {processor.py:186} INFO - Started process (PID=2661) to work on /home/airflow/.local/lib/python3.12/site-packages/airflow/example_dags/example_complex.py
[2025-01-31T14:47:59.484+0000] {processor.py:914} INFO - Processing file /home/airflow/.local/lib/python3.12/site-packages/airflow/example_dags/example_complex.py for tasks to queue
[2025-01-31T14:47:59.486+0000] {logging_mixin.py:190} INFO - [2025-01-31T14:47:59.486+0000] {dagbag.py:588} INFO - Filling up the DagBag from /home/airflow/.local/lib/python3.12/site-packages/airflow/example_dags/example_complex.py
[2025-01-31T14:47:59.495+0000] {processor.py:925} INFO - DAG(s) 'example_complex' retrieved from /home/airflow/.local/lib/python3.12/site-packages/airflow/example_dags/example_complex.py
[2025-01-31T14:47:59.519+0000] {logging_mixin.py:190} INFO - [2025-01-31T14:47:59.519+0000] {dag.py:3239} INFO - Sync 1 DAGs
[2025-01-31T14:47:59.529+0000] {logging_mixin.py:190} INFO - [2025-01-31T14:47:59.529+0000] {dag.py:4180} INFO - Setting next_dagrun for example_complex to None, run_after=None
[2025-01-31T14:47:59.541+0000] {processor.py:208} INFO - Processing /home/airflow/.local/lib/python3.12/site-packages/airflow/example_dags/example_complex.py took 0.062 seconds
[2025-01-31T14:48:30.193+0000] {processor.py:186} INFO - Started process (PID=2729) to work on /home/airflow/.local/lib/python3.12/site-packages/airflow/example_dags/example_complex.py
[2025-01-31T14:48:30.193+0000] {processor.py:914} INFO - Processing file /home/airflow/.local/lib/python3.12/site-packages/airflow/example_dags/example_complex.py for tasks to queue
[2025-01-31T14:48:30.195+0000] {logging_mixin.py:190} INFO - [2025-01-31T14:48:30.195+0000] {dagbag.py:588} INFO - Filling up the DagBag from /home/airflow/.local/lib/python3.12/site-packages/airflow/example_dags/example_complex.py
[2025-01-31T14:48:30.205+0000] {processor.py:925} INFO - DAG(s) 'example_complex' retrieved from /home/airflow/.local/lib/python3.12/site-packages/airflow/example_dags/example_complex.py
[2025-01-31T14:48:30.229+0000] {logging_mixin.py:190} INFO - [2025-01-31T14:48:30.229+0000] {dag.py:3239} INFO - Sync 1 DAGs
[2025-01-31T14:48:30.239+0000] {logging_mixin.py:190} INFO - [2025-01-31T14:48:30.239+0000] {dag.py:4180} INFO - Setting next_dagrun for example_complex to None, run_after=None
[2025-01-31T14:48:30.254+0000] {processor.py:208} INFO - Processing /home/airflow/.local/lib/python3.12/site-packages/airflow/example_dags/example_complex.py took 0.068 seconds
[2025-01-31T14:49:01.032+0000] {processor.py:186} INFO - Started process (PID=2798) to work on /home/airflow/.local/lib/python3.12/site-packages/airflow/example_dags/example_complex.py
[2025-01-31T14:49:01.032+0000] {processor.py:914} INFO - Processing file /home/airflow/.local/lib/python3.12/site-packages/airflow/example_dags/example_complex.py for tasks to queue
[2025-01-31T14:49:01.034+0000] {logging_mixin.py:190} INFO - [2025-01-31T14:49:01.034+0000] {dagbag.py:588} INFO - Filling up the DagBag from /home/airflow/.local/lib/python3.12/site-packages/airflow/example_dags/example_complex.py
[2025-01-31T14:49:01.047+0000] {processor.py:925} INFO - DAG(s) 'example_complex' retrieved from /home/airflow/.local/lib/python3.12/site-packages/airflow/example_dags/example_complex.py
[2025-01-31T14:49:01.082+0000] {logging_mixin.py:190} INFO - [2025-01-31T14:49:01.081+0000] {dag.py:3239} INFO - Sync 1 DAGs
[2025-01-31T14:49:01.097+0000] {logging_mixin.py:190} INFO - [2025-01-31T14:49:01.097+0000] {dag.py:4180} INFO - Setting next_dagrun for example_complex to None, run_after=None
[2025-01-31T14:49:01.112+0000] {processor.py:208} INFO - Processing /home/airflow/.local/lib/python3.12/site-packages/airflow/example_dags/example_complex.py took 0.085 seconds
[2025-01-31T14:49:31.982+0000] {processor.py:186} INFO - Started process (PID=2864) to work on /home/airflow/.local/lib/python3.12/site-packages/airflow/example_dags/example_complex.py
[2025-01-31T14:49:31.982+0000] {processor.py:914} INFO - Processing file /home/airflow/.local/lib/python3.12/site-packages/airflow/example_dags/example_complex.py for tasks to queue
[2025-01-31T14:49:31.984+0000] {logging_mixin.py:190} INFO - [2025-01-31T14:49:31.984+0000] {dagbag.py:588} INFO - Filling up the DagBag from /home/airflow/.local/lib/python3.12/site-packages/airflow/example_dags/example_complex.py
[2025-01-31T14:49:31.993+0000] {processor.py:925} INFO - DAG(s) 'example_complex' retrieved from /home/airflow/.local/lib/python3.12/site-packages/airflow/example_dags/example_complex.py
[2025-01-31T14:49:32.030+0000] {logging_mixin.py:190} INFO - [2025-01-31T14:49:32.030+0000] {dag.py:3239} INFO - Sync 1 DAGs
[2025-01-31T14:49:32.047+0000] {logging_mixin.py:190} INFO - [2025-01-31T14:49:32.046+0000] {dag.py:4180} INFO - Setting next_dagrun for example_complex to None, run_after=None
[2025-01-31T14:49:32.060+0000] {processor.py:208} INFO - Processing /home/airflow/.local/lib/python3.12/site-packages/airflow/example_dags/example_complex.py took 0.085 seconds
[2025-01-31T14:50:03.277+0000] {processor.py:186} INFO - Started process (PID=2930) to work on /home/airflow/.local/lib/python3.12/site-packages/airflow/example_dags/example_complex.py
[2025-01-31T14:50:03.277+0000] {processor.py:914} INFO - Processing file /home/airflow/.local/lib/python3.12/site-packages/airflow/example_dags/example_complex.py for tasks to queue
[2025-01-31T14:50:03.279+0000] {logging_mixin.py:190} INFO - [2025-01-31T14:50:03.279+0000] {dagbag.py:588} INFO - Filling up the DagBag from /home/airflow/.local/lib/python3.12/site-packages/airflow/example_dags/example_complex.py
[2025-01-31T14:50:03.288+0000] {processor.py:925} INFO - DAG(s) 'example_complex' retrieved from /home/airflow/.local/lib/python3.12/site-packages/airflow/example_dags/example_complex.py
[2025-01-31T14:50:03.314+0000] {logging_mixin.py:190} INFO - [2025-01-31T14:50:03.314+0000] {dag.py:3239} INFO - Sync 1 DAGs
[2025-01-31T14:50:03.326+0000] {logging_mixin.py:190} INFO - [2025-01-31T14:50:03.326+0000] {dag.py:4180} INFO - Setting next_dagrun for example_complex to None, run_after=None
[2025-01-31T14:50:03.342+0000] {processor.py:208} INFO - Processing /home/airflow/.local/lib/python3.12/site-packages/airflow/example_dags/example_complex.py took 0.069 seconds
[2025-01-31T14:50:34.123+0000] {processor.py:186} INFO - Started process (PID=2996) to work on /home/airflow/.local/lib/python3.12/site-packages/airflow/example_dags/example_complex.py
[2025-01-31T14:50:34.124+0000] {processor.py:914} INFO - Processing file /home/airflow/.local/lib/python3.12/site-packages/airflow/example_dags/example_complex.py for tasks to queue
[2025-01-31T14:50:34.126+0000] {logging_mixin.py:190} INFO - [2025-01-31T14:50:34.126+0000] {dagbag.py:588} INFO - Filling up the DagBag from /home/airflow/.local/lib/python3.12/site-packages/airflow/example_dags/example_complex.py
[2025-01-31T14:50:34.138+0000] {processor.py:925} INFO - DAG(s) 'example_complex' retrieved from /home/airflow/.local/lib/python3.12/site-packages/airflow/example_dags/example_complex.py
[2025-01-31T14:50:34.164+0000] {logging_mixin.py:190} INFO - [2025-01-31T14:50:34.164+0000] {dag.py:3239} INFO - Sync 1 DAGs
[2025-01-31T14:50:34.176+0000] {logging_mixin.py:190} INFO - [2025-01-31T14:50:34.176+0000] {dag.py:4180} INFO - Setting next_dagrun for example_complex to None, run_after=None
[2025-01-31T14:50:34.190+0000] {processor.py:208} INFO - Processing /home/airflow/.local/lib/python3.12/site-packages/airflow/example_dags/example_complex.py took 0.072 seconds
[2025-01-31T14:51:04.494+0000] {processor.py:186} INFO - Started process (PID=3063) to work on /home/airflow/.local/lib/python3.12/site-packages/airflow/example_dags/example_complex.py
[2025-01-31T14:51:04.495+0000] {processor.py:914} INFO - Processing file /home/airflow/.local/lib/python3.12/site-packages/airflow/example_dags/example_complex.py for tasks to queue
[2025-01-31T14:51:04.497+0000] {logging_mixin.py:190} INFO - [2025-01-31T14:51:04.497+0000] {dagbag.py:588} INFO - Filling up the DagBag from /home/airflow/.local/lib/python3.12/site-packages/airflow/example_dags/example_complex.py
[2025-01-31T14:51:04.514+0000] {processor.py:925} INFO - DAG(s) 'example_complex' retrieved from /home/airflow/.local/lib/python3.12/site-packages/airflow/example_dags/example_complex.py
[2025-01-31T14:51:04.553+0000] {logging_mixin.py:190} INFO - [2025-01-31T14:51:04.552+0000] {dag.py:3239} INFO - Sync 1 DAGs
[2025-01-31T14:51:04.569+0000] {logging_mixin.py:190} INFO - [2025-01-31T14:51:04.569+0000] {dag.py:4180} INFO - Setting next_dagrun for example_complex to None, run_after=None
[2025-01-31T14:51:04.586+0000] {processor.py:208} INFO - Processing /home/airflow/.local/lib/python3.12/site-packages/airflow/example_dags/example_complex.py took 0.098 seconds
[2025-01-31T14:51:35.210+0000] {processor.py:186} INFO - Started process (PID=3129) to work on /home/airflow/.local/lib/python3.12/site-packages/airflow/example_dags/example_complex.py
[2025-01-31T14:51:35.210+0000] {processor.py:914} INFO - Processing file /home/airflow/.local/lib/python3.12/site-packages/airflow/example_dags/example_complex.py for tasks to queue
[2025-01-31T14:51:35.213+0000] {logging_mixin.py:190} INFO - [2025-01-31T14:51:35.212+0000] {dagbag.py:588} INFO - Filling up the DagBag from /home/airflow/.local/lib/python3.12/site-packages/airflow/example_dags/example_complex.py
[2025-01-31T14:51:35.231+0000] {processor.py:925} INFO - DAG(s) 'example_complex' retrieved from /home/airflow/.local/lib/python3.12/site-packages/airflow/example_dags/example_complex.py
[2025-01-31T14:51:35.303+0000] {logging_mixin.py:190} INFO - [2025-01-31T14:51:35.303+0000] {dag.py:3239} INFO - Sync 1 DAGs
[2025-01-31T14:51:35.320+0000] {logging_mixin.py:190} INFO - [2025-01-31T14:51:35.319+0000] {dag.py:4180} INFO - Setting next_dagrun for example_complex to None, run_after=None
[2025-01-31T14:51:35.338+0000] {processor.py:208} INFO - Processing /home/airflow/.local/lib/python3.12/site-packages/airflow/example_dags/example_complex.py took 0.135 seconds
[2025-01-31T14:52:05.903+0000] {processor.py:186} INFO - Started process (PID=3195) to work on /home/airflow/.local/lib/python3.12/site-packages/airflow/example_dags/example_complex.py
[2025-01-31T14:52:05.904+0000] {processor.py:914} INFO - Processing file /home/airflow/.local/lib/python3.12/site-packages/airflow/example_dags/example_complex.py for tasks to queue
[2025-01-31T14:52:05.905+0000] {logging_mixin.py:190} INFO - [2025-01-31T14:52:05.905+0000] {dagbag.py:588} INFO - Filling up the DagBag from /home/airflow/.local/lib/python3.12/site-packages/airflow/example_dags/example_complex.py
[2025-01-31T14:52:05.914+0000] {processor.py:925} INFO - DAG(s) 'example_complex' retrieved from /home/airflow/.local/lib/python3.12/site-packages/airflow/example_dags/example_complex.py
[2025-01-31T14:52:05.939+0000] {logging_mixin.py:190} INFO - [2025-01-31T14:52:05.938+0000] {dag.py:3239} INFO - Sync 1 DAGs
[2025-01-31T14:52:05.949+0000] {logging_mixin.py:190} INFO - [2025-01-31T14:52:05.949+0000] {dag.py:4180} INFO - Setting next_dagrun for example_complex to None, run_after=None
[2025-01-31T14:52:05.962+0000] {processor.py:208} INFO - Processing /home/airflow/.local/lib/python3.12/site-packages/airflow/example_dags/example_complex.py took 0.063 seconds
[2025-01-31T14:52:36.699+0000] {processor.py:186} INFO - Started process (PID=3261) to work on /home/airflow/.local/lib/python3.12/site-packages/airflow/example_dags/example_complex.py
[2025-01-31T14:52:36.700+0000] {processor.py:914} INFO - Processing file /home/airflow/.local/lib/python3.12/site-packages/airflow/example_dags/example_complex.py for tasks to queue
[2025-01-31T14:52:36.701+0000] {logging_mixin.py:190} INFO - [2025-01-31T14:52:36.701+0000] {dagbag.py:588} INFO - Filling up the DagBag from /home/airflow/.local/lib/python3.12/site-packages/airflow/example_dags/example_complex.py
[2025-01-31T14:52:36.710+0000] {processor.py:925} INFO - DAG(s) 'example_complex' retrieved from /home/airflow/.local/lib/python3.12/site-packages/airflow/example_dags/example_complex.py
[2025-01-31T14:52:36.742+0000] {logging_mixin.py:190} INFO - [2025-01-31T14:52:36.742+0000] {dag.py:3239} INFO - Sync 1 DAGs
[2025-01-31T14:52:36.755+0000] {logging_mixin.py:190} INFO - [2025-01-31T14:52:36.755+0000] {dag.py:4180} INFO - Setting next_dagrun for example_complex to None, run_after=None
[2025-01-31T14:52:36.768+0000] {processor.py:208} INFO - Processing /home/airflow/.local/lib/python3.12/site-packages/airflow/example_dags/example_complex.py took 0.073 seconds
[2025-01-31T14:53:07.897+0000] {processor.py:186} INFO - Started process (PID=3326) to work on /home/airflow/.local/lib/python3.12/site-packages/airflow/example_dags/example_complex.py
[2025-01-31T14:53:07.898+0000] {processor.py:914} INFO - Processing file /home/airflow/.local/lib/python3.12/site-packages/airflow/example_dags/example_complex.py for tasks to queue
[2025-01-31T14:53:07.900+0000] {logging_mixin.py:190} INFO - [2025-01-31T14:53:07.899+0000] {dagbag.py:588} INFO - Filling up the DagBag from /home/airflow/.local/lib/python3.12/site-packages/airflow/example_dags/example_complex.py
[2025-01-31T14:53:07.909+0000] {processor.py:925} INFO - DAG(s) 'example_complex' retrieved from /home/airflow/.local/lib/python3.12/site-packages/airflow/example_dags/example_complex.py
[2025-01-31T14:53:07.934+0000] {logging_mixin.py:190} INFO - [2025-01-31T14:53:07.933+0000] {dag.py:3239} INFO - Sync 1 DAGs
[2025-01-31T14:53:07.945+0000] {logging_mixin.py:190} INFO - [2025-01-31T14:53:07.944+0000] {dag.py:4180} INFO - Setting next_dagrun for example_complex to None, run_after=None
[2025-01-31T14:53:07.958+0000] {processor.py:208} INFO - Processing /home/airflow/.local/lib/python3.12/site-packages/airflow/example_dags/example_complex.py took 0.065 seconds
[2025-01-31T14:53:39.535+0000] {processor.py:186} INFO - Started process (PID=3392) to work on /home/airflow/.local/lib/python3.12/site-packages/airflow/example_dags/example_complex.py
[2025-01-31T14:53:39.536+0000] {processor.py:914} INFO - Processing file /home/airflow/.local/lib/python3.12/site-packages/airflow/example_dags/example_complex.py for tasks to queue
[2025-01-31T14:53:39.537+0000] {logging_mixin.py:190} INFO - [2025-01-31T14:53:39.537+0000] {dagbag.py:588} INFO - Filling up the DagBag from /home/airflow/.local/lib/python3.12/site-packages/airflow/example_dags/example_complex.py
[2025-01-31T14:53:39.547+0000] {processor.py:925} INFO - DAG(s) 'example_complex' retrieved from /home/airflow/.local/lib/python3.12/site-packages/airflow/example_dags/example_complex.py
[2025-01-31T14:53:39.576+0000] {logging_mixin.py:190} INFO - [2025-01-31T14:53:39.576+0000] {dag.py:3239} INFO - Sync 1 DAGs
[2025-01-31T14:53:39.589+0000] {logging_mixin.py:190} INFO - [2025-01-31T14:53:39.589+0000] {dag.py:4180} INFO - Setting next_dagrun for example_complex to None, run_after=None
[2025-01-31T14:53:39.604+0000] {processor.py:208} INFO - Processing /home/airflow/.local/lib/python3.12/site-packages/airflow/example_dags/example_complex.py took 0.073 seconds
[2025-01-31T14:54:10.213+0000] {processor.py:186} INFO - Started process (PID=3458) to work on /home/airflow/.local/lib/python3.12/site-packages/airflow/example_dags/example_complex.py
[2025-01-31T14:54:10.214+0000] {processor.py:914} INFO - Processing file /home/airflow/.local/lib/python3.12/site-packages/airflow/example_dags/example_complex.py for tasks to queue
[2025-01-31T14:54:10.215+0000] {logging_mixin.py:190} INFO - [2025-01-31T14:54:10.215+0000] {dagbag.py:588} INFO - Filling up the DagBag from /home/airflow/.local/lib/python3.12/site-packages/airflow/example_dags/example_complex.py
[2025-01-31T14:54:10.225+0000] {processor.py:925} INFO - DAG(s) 'example_complex' retrieved from /home/airflow/.local/lib/python3.12/site-packages/airflow/example_dags/example_complex.py
[2025-01-31T14:54:10.255+0000] {logging_mixin.py:190} INFO - [2025-01-31T14:54:10.254+0000] {dag.py:3239} INFO - Sync 1 DAGs
[2025-01-31T14:54:10.265+0000] {logging_mixin.py:190} INFO - [2025-01-31T14:54:10.265+0000] {dag.py:4180} INFO - Setting next_dagrun for example_complex to None, run_after=None
[2025-01-31T14:54:10.279+0000] {processor.py:208} INFO - Processing /home/airflow/.local/lib/python3.12/site-packages/airflow/example_dags/example_complex.py took 0.070 seconds
[2025-01-31T14:54:42.854+0000] {processor.py:186} INFO - Started process (PID=3525) to work on /home/airflow/.local/lib/python3.12/site-packages/airflow/example_dags/example_complex.py
[2025-01-31T14:54:42.855+0000] {processor.py:914} INFO - Processing file /home/airflow/.local/lib/python3.12/site-packages/airflow/example_dags/example_complex.py for tasks to queue
[2025-01-31T14:54:42.856+0000] {logging_mixin.py:190} INFO - [2025-01-31T14:54:42.856+0000] {dagbag.py:588} INFO - Filling up the DagBag from /home/airflow/.local/lib/python3.12/site-packages/airflow/example_dags/example_complex.py
[2025-01-31T14:54:43.041+0000] {processor.py:925} INFO - DAG(s) 'example_complex' retrieved from /home/airflow/.local/lib/python3.12/site-packages/airflow/example_dags/example_complex.py
[2025-01-31T14:54:43.064+0000] {logging_mixin.py:190} INFO - [2025-01-31T14:54:43.063+0000] {dag.py:3239} INFO - Sync 1 DAGs
[2025-01-31T14:54:43.074+0000] {logging_mixin.py:190} INFO - [2025-01-31T14:54:43.073+0000] {dag.py:4180} INFO - Setting next_dagrun for example_complex to None, run_after=None
[2025-01-31T14:54:43.086+0000] {processor.py:208} INFO - Processing /home/airflow/.local/lib/python3.12/site-packages/airflow/example_dags/example_complex.py took 0.236 seconds
[2025-01-31T14:55:13.516+0000] {processor.py:186} INFO - Started process (PID=3591) to work on /home/airflow/.local/lib/python3.12/site-packages/airflow/example_dags/example_complex.py
[2025-01-31T14:55:13.517+0000] {processor.py:914} INFO - Processing file /home/airflow/.local/lib/python3.12/site-packages/airflow/example_dags/example_complex.py for tasks to queue
[2025-01-31T14:55:13.519+0000] {logging_mixin.py:190} INFO - [2025-01-31T14:55:13.518+0000] {dagbag.py:588} INFO - Filling up the DagBag from /home/airflow/.local/lib/python3.12/site-packages/airflow/example_dags/example_complex.py
[2025-01-31T14:55:13.533+0000] {processor.py:925} INFO - DAG(s) 'example_complex' retrieved from /home/airflow/.local/lib/python3.12/site-packages/airflow/example_dags/example_complex.py
[2025-01-31T14:55:13.563+0000] {logging_mixin.py:190} INFO - [2025-01-31T14:55:13.563+0000] {dag.py:3239} INFO - Sync 1 DAGs
[2025-01-31T14:55:13.576+0000] {logging_mixin.py:190} INFO - [2025-01-31T14:55:13.576+0000] {dag.py:4180} INFO - Setting next_dagrun for example_complex to None, run_after=None
[2025-01-31T14:55:13.591+0000] {processor.py:208} INFO - Processing /home/airflow/.local/lib/python3.12/site-packages/airflow/example_dags/example_complex.py took 0.082 seconds
[2025-01-31T14:55:44.035+0000] {processor.py:186} INFO - Started process (PID=3663) to work on /home/airflow/.local/lib/python3.12/site-packages/airflow/example_dags/example_complex.py
[2025-01-31T14:55:44.036+0000] {processor.py:914} INFO - Processing file /home/airflow/.local/lib/python3.12/site-packages/airflow/example_dags/example_complex.py for tasks to queue
[2025-01-31T14:55:44.037+0000] {logging_mixin.py:190} INFO - [2025-01-31T14:55:44.037+0000] {dagbag.py:588} INFO - Filling up the DagBag from /home/airflow/.local/lib/python3.12/site-packages/airflow/example_dags/example_complex.py
[2025-01-31T14:55:44.048+0000] {processor.py:925} INFO - DAG(s) 'example_complex' retrieved from /home/airflow/.local/lib/python3.12/site-packages/airflow/example_dags/example_complex.py
[2025-01-31T14:55:44.078+0000] {logging_mixin.py:190} INFO - [2025-01-31T14:55:44.078+0000] {dag.py:3239} INFO - Sync 1 DAGs
[2025-01-31T14:55:44.090+0000] {logging_mixin.py:190} INFO - [2025-01-31T14:55:44.089+0000] {dag.py:4180} INFO - Setting next_dagrun for example_complex to None, run_after=None
[2025-01-31T14:55:44.103+0000] {processor.py:208} INFO - Processing /home/airflow/.local/lib/python3.12/site-packages/airflow/example_dags/example_complex.py took 0.073 seconds
[2025-01-31T14:56:14.807+0000] {processor.py:186} INFO - Started process (PID=3730) to work on /home/airflow/.local/lib/python3.12/site-packages/airflow/example_dags/example_complex.py
[2025-01-31T14:56:14.807+0000] {processor.py:914} INFO - Processing file /home/airflow/.local/lib/python3.12/site-packages/airflow/example_dags/example_complex.py for tasks to queue
[2025-01-31T14:56:14.809+0000] {logging_mixin.py:190} INFO - [2025-01-31T14:56:14.809+0000] {dagbag.py:588} INFO - Filling up the DagBag from /home/airflow/.local/lib/python3.12/site-packages/airflow/example_dags/example_complex.py
[2025-01-31T14:56:14.821+0000] {processor.py:925} INFO - DAG(s) 'example_complex' retrieved from /home/airflow/.local/lib/python3.12/site-packages/airflow/example_dags/example_complex.py
[2025-01-31T14:56:14.855+0000] {logging_mixin.py:190} INFO - [2025-01-31T14:56:14.855+0000] {dag.py:3239} INFO - Sync 1 DAGs
[2025-01-31T14:56:14.867+0000] {logging_mixin.py:190} INFO - [2025-01-31T14:56:14.867+0000] {dag.py:4180} INFO - Setting next_dagrun for example_complex to None, run_after=None
[2025-01-31T14:56:14.880+0000] {processor.py:208} INFO - Processing /home/airflow/.local/lib/python3.12/site-packages/airflow/example_dags/example_complex.py took 0.078 seconds
[2025-01-31T14:56:45.797+0000] {processor.py:186} INFO - Started process (PID=3796) to work on /home/airflow/.local/lib/python3.12/site-packages/airflow/example_dags/example_complex.py
[2025-01-31T14:56:45.798+0000] {processor.py:914} INFO - Processing file /home/airflow/.local/lib/python3.12/site-packages/airflow/example_dags/example_complex.py for tasks to queue
[2025-01-31T14:56:45.800+0000] {logging_mixin.py:190} INFO - [2025-01-31T14:56:45.799+0000] {dagbag.py:588} INFO - Filling up the DagBag from /home/airflow/.local/lib/python3.12/site-packages/airflow/example_dags/example_complex.py
[2025-01-31T14:56:45.809+0000] {processor.py:925} INFO - DAG(s) 'example_complex' retrieved from /home/airflow/.local/lib/python3.12/site-packages/airflow/example_dags/example_complex.py
[2025-01-31T14:56:45.844+0000] {logging_mixin.py:190} INFO - [2025-01-31T14:56:45.844+0000] {dag.py:3239} INFO - Sync 1 DAGs
[2025-01-31T14:56:45.858+0000] {logging_mixin.py:190} INFO - [2025-01-31T14:56:45.858+0000] {dag.py:4180} INFO - Setting next_dagrun for example_complex to None, run_after=None
[2025-01-31T14:56:45.874+0000] {processor.py:208} INFO - Processing /home/airflow/.local/lib/python3.12/site-packages/airflow/example_dags/example_complex.py took 0.081 seconds
[2025-01-31T14:57:16.593+0000] {processor.py:186} INFO - Started process (PID=3866) to work on /home/airflow/.local/lib/python3.12/site-packages/airflow/example_dags/example_complex.py
[2025-01-31T14:57:16.593+0000] {processor.py:914} INFO - Processing file /home/airflow/.local/lib/python3.12/site-packages/airflow/example_dags/example_complex.py for tasks to queue
[2025-01-31T14:57:16.595+0000] {logging_mixin.py:190} INFO - [2025-01-31T14:57:16.595+0000] {dagbag.py:588} INFO - Filling up the DagBag from /home/airflow/.local/lib/python3.12/site-packages/airflow/example_dags/example_complex.py
[2025-01-31T14:57:16.605+0000] {processor.py:925} INFO - DAG(s) 'example_complex' retrieved from /home/airflow/.local/lib/python3.12/site-packages/airflow/example_dags/example_complex.py
[2025-01-31T14:57:16.634+0000] {logging_mixin.py:190} INFO - [2025-01-31T14:57:16.634+0000] {dag.py:3239} INFO - Sync 1 DAGs
[2025-01-31T14:57:16.646+0000] {logging_mixin.py:190} INFO - [2025-01-31T14:57:16.646+0000] {dag.py:4180} INFO - Setting next_dagrun for example_complex to None, run_after=None
[2025-01-31T14:57:16.659+0000] {processor.py:208} INFO - Processing /home/airflow/.local/lib/python3.12/site-packages/airflow/example_dags/example_complex.py took 0.072 seconds
[2025-01-31T14:57:47.181+0000] {processor.py:186} INFO - Started process (PID=3932) to work on /home/airflow/.local/lib/python3.12/site-packages/airflow/example_dags/example_complex.py
[2025-01-31T14:57:47.181+0000] {processor.py:914} INFO - Processing file /home/airflow/.local/lib/python3.12/site-packages/airflow/example_dags/example_complex.py for tasks to queue
[2025-01-31T14:57:47.183+0000] {logging_mixin.py:190} INFO - [2025-01-31T14:57:47.183+0000] {dagbag.py:588} INFO - Filling up the DagBag from /home/airflow/.local/lib/python3.12/site-packages/airflow/example_dags/example_complex.py
[2025-01-31T14:57:47.192+0000] {processor.py:925} INFO - DAG(s) 'example_complex' retrieved from /home/airflow/.local/lib/python3.12/site-packages/airflow/example_dags/example_complex.py
[2025-01-31T14:57:47.217+0000] {logging_mixin.py:190} INFO - [2025-01-31T14:57:47.217+0000] {dag.py:3239} INFO - Sync 1 DAGs
[2025-01-31T14:57:47.228+0000] {logging_mixin.py:190} INFO - [2025-01-31T14:57:47.228+0000] {dag.py:4180} INFO - Setting next_dagrun for example_complex to None, run_after=None
[2025-01-31T14:57:47.240+0000] {processor.py:208} INFO - Processing /home/airflow/.local/lib/python3.12/site-packages/airflow/example_dags/example_complex.py took 0.065 seconds
[2025-01-31T14:58:18.047+0000] {processor.py:186} INFO - Started process (PID=3998) to work on /home/airflow/.local/lib/python3.12/site-packages/airflow/example_dags/example_complex.py
[2025-01-31T14:58:18.047+0000] {processor.py:914} INFO - Processing file /home/airflow/.local/lib/python3.12/site-packages/airflow/example_dags/example_complex.py for tasks to queue
[2025-01-31T14:58:18.049+0000] {logging_mixin.py:190} INFO - [2025-01-31T14:58:18.049+0000] {dagbag.py:588} INFO - Filling up the DagBag from /home/airflow/.local/lib/python3.12/site-packages/airflow/example_dags/example_complex.py
[2025-01-31T14:58:18.060+0000] {processor.py:925} INFO - DAG(s) 'example_complex' retrieved from /home/airflow/.local/lib/python3.12/site-packages/airflow/example_dags/example_complex.py
[2025-01-31T14:58:18.085+0000] {logging_mixin.py:190} INFO - [2025-01-31T14:58:18.085+0000] {dag.py:3239} INFO - Sync 1 DAGs
[2025-01-31T14:58:18.096+0000] {logging_mixin.py:190} INFO - [2025-01-31T14:58:18.096+0000] {dag.py:4180} INFO - Setting next_dagrun for example_complex to None, run_after=None
[2025-01-31T14:58:18.110+0000] {processor.py:208} INFO - Processing /home/airflow/.local/lib/python3.12/site-packages/airflow/example_dags/example_complex.py took 0.067 seconds
[2025-01-31T14:58:48.837+0000] {processor.py:186} INFO - Started process (PID=4064) to work on /home/airflow/.local/lib/python3.12/site-packages/airflow/example_dags/example_complex.py
[2025-01-31T14:58:48.838+0000] {processor.py:914} INFO - Processing file /home/airflow/.local/lib/python3.12/site-packages/airflow/example_dags/example_complex.py for tasks to queue
[2025-01-31T14:58:48.839+0000] {logging_mixin.py:190} INFO - [2025-01-31T14:58:48.839+0000] {dagbag.py:588} INFO - Filling up the DagBag from /home/airflow/.local/lib/python3.12/site-packages/airflow/example_dags/example_complex.py
[2025-01-31T14:58:48.848+0000] {processor.py:925} INFO - DAG(s) 'example_complex' retrieved from /home/airflow/.local/lib/python3.12/site-packages/airflow/example_dags/example_complex.py
[2025-01-31T14:58:48.872+0000] {logging_mixin.py:190} INFO - [2025-01-31T14:58:48.872+0000] {dag.py:3239} INFO - Sync 1 DAGs
[2025-01-31T14:58:48.884+0000] {logging_mixin.py:190} INFO - [2025-01-31T14:58:48.884+0000] {dag.py:4180} INFO - Setting next_dagrun for example_complex to None, run_after=None
[2025-01-31T14:58:48.900+0000] {processor.py:208} INFO - Processing /home/airflow/.local/lib/python3.12/site-packages/airflow/example_dags/example_complex.py took 0.068 seconds
[2025-01-31T14:59:19.727+0000] {processor.py:186} INFO - Started process (PID=4130) to work on /home/airflow/.local/lib/python3.12/site-packages/airflow/example_dags/example_complex.py
[2025-01-31T14:59:19.728+0000] {processor.py:914} INFO - Processing file /home/airflow/.local/lib/python3.12/site-packages/airflow/example_dags/example_complex.py for tasks to queue
[2025-01-31T14:59:19.730+0000] {logging_mixin.py:190} INFO - [2025-01-31T14:59:19.729+0000] {dagbag.py:588} INFO - Filling up the DagBag from /home/airflow/.local/lib/python3.12/site-packages/airflow/example_dags/example_complex.py
[2025-01-31T14:59:19.739+0000] {processor.py:925} INFO - DAG(s) 'example_complex' retrieved from /home/airflow/.local/lib/python3.12/site-packages/airflow/example_dags/example_complex.py
[2025-01-31T14:59:19.769+0000] {logging_mixin.py:190} INFO - [2025-01-31T14:59:19.769+0000] {dag.py:3239} INFO - Sync 1 DAGs
[2025-01-31T14:59:19.781+0000] {logging_mixin.py:190} INFO - [2025-01-31T14:59:19.781+0000] {dag.py:4180} INFO - Setting next_dagrun for example_complex to None, run_after=None
[2025-01-31T14:59:19.795+0000] {processor.py:208} INFO - Processing /home/airflow/.local/lib/python3.12/site-packages/airflow/example_dags/example_complex.py took 0.072 seconds
[2025-01-31T14:59:50.447+0000] {processor.py:186} INFO - Started process (PID=4196) to work on /home/airflow/.local/lib/python3.12/site-packages/airflow/example_dags/example_complex.py
[2025-01-31T14:59:50.448+0000] {processor.py:914} INFO - Processing file /home/airflow/.local/lib/python3.12/site-packages/airflow/example_dags/example_complex.py for tasks to queue
[2025-01-31T14:59:50.450+0000] {logging_mixin.py:190} INFO - [2025-01-31T14:59:50.450+0000] {dagbag.py:588} INFO - Filling up the DagBag from /home/airflow/.local/lib/python3.12/site-packages/airflow/example_dags/example_complex.py
[2025-01-31T14:59:50.461+0000] {processor.py:925} INFO - DAG(s) 'example_complex' retrieved from /home/airflow/.local/lib/python3.12/site-packages/airflow/example_dags/example_complex.py
[2025-01-31T14:59:50.494+0000] {logging_mixin.py:190} INFO - [2025-01-31T14:59:50.493+0000] {dag.py:3239} INFO - Sync 1 DAGs
[2025-01-31T14:59:50.506+0000] {logging_mixin.py:190} INFO - [2025-01-31T14:59:50.506+0000] {dag.py:4180} INFO - Setting next_dagrun for example_complex to None, run_after=None
[2025-01-31T14:59:50.520+0000] {processor.py:208} INFO - Processing /home/airflow/.local/lib/python3.12/site-packages/airflow/example_dags/example_complex.py took 0.078 seconds
[2025-01-31T15:00:21.505+0000] {processor.py:186} INFO - Started process (PID=4261) to work on /home/airflow/.local/lib/python3.12/site-packages/airflow/example_dags/example_complex.py
[2025-01-31T15:00:21.505+0000] {processor.py:914} INFO - Processing file /home/airflow/.local/lib/python3.12/site-packages/airflow/example_dags/example_complex.py for tasks to queue
[2025-01-31T15:00:21.507+0000] {logging_mixin.py:190} INFO - [2025-01-31T15:00:21.507+0000] {dagbag.py:588} INFO - Filling up the DagBag from /home/airflow/.local/lib/python3.12/site-packages/airflow/example_dags/example_complex.py
[2025-01-31T15:00:21.518+0000] {processor.py:925} INFO - DAG(s) 'example_complex' retrieved from /home/airflow/.local/lib/python3.12/site-packages/airflow/example_dags/example_complex.py
[2025-01-31T15:00:21.561+0000] {logging_mixin.py:190} INFO - [2025-01-31T15:00:21.561+0000] {dag.py:3239} INFO - Sync 1 DAGs
[2025-01-31T15:00:21.580+0000] {logging_mixin.py:190} INFO - [2025-01-31T15:00:21.579+0000] {dag.py:4180} INFO - Setting next_dagrun for example_complex to None, run_after=None
[2025-01-31T15:00:21.595+0000] {processor.py:208} INFO - Processing /home/airflow/.local/lib/python3.12/site-packages/airflow/example_dags/example_complex.py took 0.096 seconds
[2025-01-31T15:00:52.610+0000] {processor.py:186} INFO - Started process (PID=4327) to work on /home/airflow/.local/lib/python3.12/site-packages/airflow/example_dags/example_complex.py
[2025-01-31T15:00:52.611+0000] {processor.py:914} INFO - Processing file /home/airflow/.local/lib/python3.12/site-packages/airflow/example_dags/example_complex.py for tasks to queue
[2025-01-31T15:00:52.613+0000] {logging_mixin.py:190} INFO - [2025-01-31T15:00:52.613+0000] {dagbag.py:588} INFO - Filling up the DagBag from /home/airflow/.local/lib/python3.12/site-packages/airflow/example_dags/example_complex.py
[2025-01-31T15:00:52.628+0000] {processor.py:925} INFO - DAG(s) 'example_complex' retrieved from /home/airflow/.local/lib/python3.12/site-packages/airflow/example_dags/example_complex.py
[2025-01-31T15:00:52.655+0000] {logging_mixin.py:190} INFO - [2025-01-31T15:00:52.655+0000] {dag.py:3239} INFO - Sync 1 DAGs
[2025-01-31T15:00:52.667+0000] {logging_mixin.py:190} INFO - [2025-01-31T15:00:52.667+0000] {dag.py:4180} INFO - Setting next_dagrun for example_complex to None, run_after=None
[2025-01-31T15:00:52.683+0000] {processor.py:208} INFO - Processing /home/airflow/.local/lib/python3.12/site-packages/airflow/example_dags/example_complex.py took 0.079 seconds
[2025-01-31T15:01:23.634+0000] {processor.py:186} INFO - Started process (PID=4393) to work on /home/airflow/.local/lib/python3.12/site-packages/airflow/example_dags/example_complex.py
[2025-01-31T15:01:23.635+0000] {processor.py:914} INFO - Processing file /home/airflow/.local/lib/python3.12/site-packages/airflow/example_dags/example_complex.py for tasks to queue
[2025-01-31T15:01:23.638+0000] {logging_mixin.py:190} INFO - [2025-01-31T15:01:23.637+0000] {dagbag.py:588} INFO - Filling up the DagBag from /home/airflow/.local/lib/python3.12/site-packages/airflow/example_dags/example_complex.py
[2025-01-31T15:01:23.652+0000] {processor.py:925} INFO - DAG(s) 'example_complex' retrieved from /home/airflow/.local/lib/python3.12/site-packages/airflow/example_dags/example_complex.py
[2025-01-31T15:01:23.677+0000] {logging_mixin.py:190} INFO - [2025-01-31T15:01:23.677+0000] {dag.py:3239} INFO - Sync 1 DAGs
[2025-01-31T15:01:23.689+0000] {logging_mixin.py:190} INFO - [2025-01-31T15:01:23.688+0000] {dag.py:4180} INFO - Setting next_dagrun for example_complex to None, run_after=None
[2025-01-31T15:01:23.702+0000] {processor.py:208} INFO - Processing /home/airflow/.local/lib/python3.12/site-packages/airflow/example_dags/example_complex.py took 0.074 seconds
