[2025-01-31T14:27:49.712+0000] {processor.py:186} INFO - Started process (PID=107) to work on /home/airflow/.local/lib/python3.12/site-packages/airflow/example_dags/example_python_decorator.py
[2025-01-31T14:27:49.713+0000] {processor.py:914} INFO - Processing file /home/airflow/.local/lib/python3.12/site-packages/airflow/example_dags/example_python_decorator.py for tasks to queue
[2025-01-31T14:27:49.715+0000] {logging_mixin.py:190} INFO - [2025-01-31T14:27:49.715+0000] {dagbag.py:588} INFO - Filling up the DagBag from /home/airflow/.local/lib/python3.12/site-packages/airflow/example_dags/example_python_decorator.py
[2025-01-31T14:27:49.737+0000] {processor.py:925} INFO - DAG(s) 'example_python_decorator' retrieved from /home/airflow/.local/lib/python3.12/site-packages/airflow/example_dags/example_python_decorator.py
[2025-01-31T14:27:49.883+0000] {logging_mixin.py:190} INFO - [2025-01-31T14:27:49.882+0000] {override.py:1911} INFO - Created Permission View: can delete on DAG:example_python_decorator
[2025-01-31T14:27:49.895+0000] {logging_mixin.py:190} INFO - [2025-01-31T14:27:49.895+0000] {override.py:1911} INFO - Created Permission View: can edit on DAG:example_python_decorator
[2025-01-31T14:27:49.901+0000] {logging_mixin.py:190} INFO - [2025-01-31T14:27:49.901+0000] {override.py:1911} INFO - Created Permission View: can read on DAG:example_python_decorator
[2025-01-31T14:27:49.908+0000] {logging_mixin.py:190} INFO - [2025-01-31T14:27:49.907+0000] {override.py:1911} INFO - Created Permission View: menu access on DAG Run:example_python_decorator
[2025-01-31T14:27:49.913+0000] {logging_mixin.py:190} INFO - [2025-01-31T14:27:49.913+0000] {override.py:1911} INFO - Created Permission View: can create on DAG Run:example_python_decorator
[2025-01-31T14:27:49.919+0000] {logging_mixin.py:190} INFO - [2025-01-31T14:27:49.919+0000] {override.py:1911} INFO - Created Permission View: can delete on DAG Run:example_python_decorator
[2025-01-31T14:27:49.924+0000] {logging_mixin.py:190} INFO - [2025-01-31T14:27:49.924+0000] {override.py:1911} INFO - Created Permission View: can read on DAG Run:example_python_decorator
[2025-01-31T14:27:49.925+0000] {logging_mixin.py:190} INFO - [2025-01-31T14:27:49.925+0000] {dag.py:3239} INFO - Sync 1 DAGs
[2025-01-31T14:27:49.942+0000] {logging_mixin.py:190} INFO - [2025-01-31T14:27:49.941+0000] {dag.py:3262} INFO - Creating ORM DAG for example_python_decorator
[2025-01-31T14:27:49.942+0000] {logging_mixin.py:190} INFO - [2025-01-31T14:27:49.942+0000] {dag.py:4180} INFO - Setting next_dagrun for example_python_decorator to None, run_after=None
[2025-01-31T14:27:49.960+0000] {processor.py:208} INFO - Processing /home/airflow/.local/lib/python3.12/site-packages/airflow/example_dags/example_python_decorator.py took 0.255 seconds
[2025-01-31T14:28:20.773+0000] {processor.py:186} INFO - Started process (PID=172) to work on /home/airflow/.local/lib/python3.12/site-packages/airflow/example_dags/example_python_decorator.py
[2025-01-31T14:28:20.773+0000] {processor.py:914} INFO - Processing file /home/airflow/.local/lib/python3.12/site-packages/airflow/example_dags/example_python_decorator.py for tasks to queue
[2025-01-31T14:28:20.775+0000] {logging_mixin.py:190} INFO - [2025-01-31T14:28:20.774+0000] {dagbag.py:588} INFO - Filling up the DagBag from /home/airflow/.local/lib/python3.12/site-packages/airflow/example_dags/example_python_decorator.py
[2025-01-31T14:28:20.785+0000] {processor.py:925} INFO - DAG(s) 'example_python_decorator' retrieved from /home/airflow/.local/lib/python3.12/site-packages/airflow/example_dags/example_python_decorator.py
[2025-01-31T14:28:20.802+0000] {logging_mixin.py:190} INFO - [2025-01-31T14:28:20.801+0000] {dag.py:3239} INFO - Sync 1 DAGs
[2025-01-31T14:28:20.812+0000] {logging_mixin.py:190} INFO - [2025-01-31T14:28:20.812+0000] {dag.py:4180} INFO - Setting next_dagrun for example_python_decorator to None, run_after=None
[2025-01-31T14:28:20.825+0000] {processor.py:208} INFO - Processing /home/airflow/.local/lib/python3.12/site-packages/airflow/example_dags/example_python_decorator.py took 0.056 seconds
[2025-01-31T14:28:50.907+0000] {processor.py:186} INFO - Started process (PID=236) to work on /home/airflow/.local/lib/python3.12/site-packages/airflow/example_dags/example_python_decorator.py
[2025-01-31T14:28:50.908+0000] {processor.py:914} INFO - Processing file /home/airflow/.local/lib/python3.12/site-packages/airflow/example_dags/example_python_decorator.py for tasks to queue
[2025-01-31T14:28:50.910+0000] {logging_mixin.py:190} INFO - [2025-01-31T14:28:50.909+0000] {dagbag.py:588} INFO - Filling up the DagBag from /home/airflow/.local/lib/python3.12/site-packages/airflow/example_dags/example_python_decorator.py
[2025-01-31T14:28:50.921+0000] {processor.py:925} INFO - DAG(s) 'example_python_decorator' retrieved from /home/airflow/.local/lib/python3.12/site-packages/airflow/example_dags/example_python_decorator.py
[2025-01-31T14:28:50.937+0000] {logging_mixin.py:190} INFO - [2025-01-31T14:28:50.936+0000] {dag.py:3239} INFO - Sync 1 DAGs
[2025-01-31T14:28:50.947+0000] {logging_mixin.py:190} INFO - [2025-01-31T14:28:50.947+0000] {dag.py:4180} INFO - Setting next_dagrun for example_python_decorator to None, run_after=None
[2025-01-31T14:28:50.959+0000] {processor.py:208} INFO - Processing /home/airflow/.local/lib/python3.12/site-packages/airflow/example_dags/example_python_decorator.py took 0.056 seconds
[2025-01-31T14:29:21.528+0000] {processor.py:186} INFO - Started process (PID=302) to work on /home/airflow/.local/lib/python3.12/site-packages/airflow/example_dags/example_python_decorator.py
[2025-01-31T14:29:21.529+0000] {processor.py:914} INFO - Processing file /home/airflow/.local/lib/python3.12/site-packages/airflow/example_dags/example_python_decorator.py for tasks to queue
[2025-01-31T14:29:21.530+0000] {logging_mixin.py:190} INFO - [2025-01-31T14:29:21.530+0000] {dagbag.py:588} INFO - Filling up the DagBag from /home/airflow/.local/lib/python3.12/site-packages/airflow/example_dags/example_python_decorator.py
[2025-01-31T14:29:21.542+0000] {processor.py:925} INFO - DAG(s) 'example_python_decorator' retrieved from /home/airflow/.local/lib/python3.12/site-packages/airflow/example_dags/example_python_decorator.py
[2025-01-31T14:29:21.564+0000] {logging_mixin.py:190} INFO - [2025-01-31T14:29:21.564+0000] {dag.py:3239} INFO - Sync 1 DAGs
[2025-01-31T14:29:21.580+0000] {logging_mixin.py:190} INFO - [2025-01-31T14:29:21.580+0000] {dag.py:4180} INFO - Setting next_dagrun for example_python_decorator to None, run_after=None
[2025-01-31T14:29:21.608+0000] {processor.py:208} INFO - Processing /home/airflow/.local/lib/python3.12/site-packages/airflow/example_dags/example_python_decorator.py took 0.085 seconds
[2025-01-31T14:29:52.258+0000] {processor.py:186} INFO - Started process (PID=367) to work on /home/airflow/.local/lib/python3.12/site-packages/airflow/example_dags/example_python_decorator.py
[2025-01-31T14:29:52.258+0000] {processor.py:914} INFO - Processing file /home/airflow/.local/lib/python3.12/site-packages/airflow/example_dags/example_python_decorator.py for tasks to queue
[2025-01-31T14:29:52.260+0000] {logging_mixin.py:190} INFO - [2025-01-31T14:29:52.260+0000] {dagbag.py:588} INFO - Filling up the DagBag from /home/airflow/.local/lib/python3.12/site-packages/airflow/example_dags/example_python_decorator.py
[2025-01-31T14:29:52.274+0000] {processor.py:925} INFO - DAG(s) 'example_python_decorator' retrieved from /home/airflow/.local/lib/python3.12/site-packages/airflow/example_dags/example_python_decorator.py
[2025-01-31T14:29:52.297+0000] {logging_mixin.py:190} INFO - [2025-01-31T14:29:52.297+0000] {dag.py:3239} INFO - Sync 1 DAGs
[2025-01-31T14:29:52.312+0000] {logging_mixin.py:190} INFO - [2025-01-31T14:29:52.312+0000] {dag.py:4180} INFO - Setting next_dagrun for example_python_decorator to None, run_after=None
[2025-01-31T14:29:52.332+0000] {processor.py:208} INFO - Processing /home/airflow/.local/lib/python3.12/site-packages/airflow/example_dags/example_python_decorator.py took 0.080 seconds
[2025-01-31T14:30:23.172+0000] {processor.py:186} INFO - Started process (PID=432) to work on /home/airflow/.local/lib/python3.12/site-packages/airflow/example_dags/example_python_decorator.py
[2025-01-31T14:30:23.173+0000] {processor.py:914} INFO - Processing file /home/airflow/.local/lib/python3.12/site-packages/airflow/example_dags/example_python_decorator.py for tasks to queue
[2025-01-31T14:30:23.174+0000] {logging_mixin.py:190} INFO - [2025-01-31T14:30:23.174+0000] {dagbag.py:588} INFO - Filling up the DagBag from /home/airflow/.local/lib/python3.12/site-packages/airflow/example_dags/example_python_decorator.py
[2025-01-31T14:30:23.185+0000] {processor.py:925} INFO - DAG(s) 'example_python_decorator' retrieved from /home/airflow/.local/lib/python3.12/site-packages/airflow/example_dags/example_python_decorator.py
[2025-01-31T14:30:23.202+0000] {logging_mixin.py:190} INFO - [2025-01-31T14:30:23.202+0000] {dag.py:3239} INFO - Sync 1 DAGs
[2025-01-31T14:30:23.212+0000] {logging_mixin.py:190} INFO - [2025-01-31T14:30:23.212+0000] {dag.py:4180} INFO - Setting next_dagrun for example_python_decorator to None, run_after=None
[2025-01-31T14:30:23.225+0000] {processor.py:208} INFO - Processing /home/airflow/.local/lib/python3.12/site-packages/airflow/example_dags/example_python_decorator.py took 0.057 seconds
[2025-01-31T14:30:54.068+0000] {processor.py:186} INFO - Started process (PID=497) to work on /home/airflow/.local/lib/python3.12/site-packages/airflow/example_dags/example_python_decorator.py
[2025-01-31T14:30:54.068+0000] {processor.py:914} INFO - Processing file /home/airflow/.local/lib/python3.12/site-packages/airflow/example_dags/example_python_decorator.py for tasks to queue
[2025-01-31T14:30:54.071+0000] {logging_mixin.py:190} INFO - [2025-01-31T14:30:54.070+0000] {dagbag.py:588} INFO - Filling up the DagBag from /home/airflow/.local/lib/python3.12/site-packages/airflow/example_dags/example_python_decorator.py
[2025-01-31T14:30:54.092+0000] {processor.py:925} INFO - DAG(s) 'example_python_decorator' retrieved from /home/airflow/.local/lib/python3.12/site-packages/airflow/example_dags/example_python_decorator.py
[2025-01-31T14:30:54.115+0000] {logging_mixin.py:190} INFO - [2025-01-31T14:30:54.115+0000] {dag.py:3239} INFO - Sync 1 DAGs
[2025-01-31T14:30:54.131+0000] {logging_mixin.py:190} INFO - [2025-01-31T14:30:54.130+0000] {dag.py:4180} INFO - Setting next_dagrun for example_python_decorator to None, run_after=None
[2025-01-31T14:30:54.149+0000] {processor.py:208} INFO - Processing /home/airflow/.local/lib/python3.12/site-packages/airflow/example_dags/example_python_decorator.py took 0.087 seconds
[2025-01-31T14:31:24.653+0000] {processor.py:186} INFO - Started process (PID=561) to work on /home/airflow/.local/lib/python3.12/site-packages/airflow/example_dags/example_python_decorator.py
[2025-01-31T14:31:24.653+0000] {processor.py:914} INFO - Processing file /home/airflow/.local/lib/python3.12/site-packages/airflow/example_dags/example_python_decorator.py for tasks to queue
[2025-01-31T14:31:24.656+0000] {logging_mixin.py:190} INFO - [2025-01-31T14:31:24.655+0000] {dagbag.py:588} INFO - Filling up the DagBag from /home/airflow/.local/lib/python3.12/site-packages/airflow/example_dags/example_python_decorator.py
[2025-01-31T14:31:24.668+0000] {processor.py:925} INFO - DAG(s) 'example_python_decorator' retrieved from /home/airflow/.local/lib/python3.12/site-packages/airflow/example_dags/example_python_decorator.py
[2025-01-31T14:31:24.689+0000] {logging_mixin.py:190} INFO - [2025-01-31T14:31:24.688+0000] {dag.py:3239} INFO - Sync 1 DAGs
[2025-01-31T14:31:24.701+0000] {logging_mixin.py:190} INFO - [2025-01-31T14:31:24.700+0000] {dag.py:4180} INFO - Setting next_dagrun for example_python_decorator to None, run_after=None
[2025-01-31T14:31:24.716+0000] {processor.py:208} INFO - Processing /home/airflow/.local/lib/python3.12/site-packages/airflow/example_dags/example_python_decorator.py took 0.068 seconds
[2025-01-31T14:31:55.486+0000] {processor.py:186} INFO - Started process (PID=627) to work on /home/airflow/.local/lib/python3.12/site-packages/airflow/example_dags/example_python_decorator.py
[2025-01-31T14:31:55.487+0000] {processor.py:914} INFO - Processing file /home/airflow/.local/lib/python3.12/site-packages/airflow/example_dags/example_python_decorator.py for tasks to queue
[2025-01-31T14:31:55.488+0000] {logging_mixin.py:190} INFO - [2025-01-31T14:31:55.488+0000] {dagbag.py:588} INFO - Filling up the DagBag from /home/airflow/.local/lib/python3.12/site-packages/airflow/example_dags/example_python_decorator.py
[2025-01-31T14:31:55.500+0000] {processor.py:925} INFO - DAG(s) 'example_python_decorator' retrieved from /home/airflow/.local/lib/python3.12/site-packages/airflow/example_dags/example_python_decorator.py
[2025-01-31T14:31:55.516+0000] {logging_mixin.py:190} INFO - [2025-01-31T14:31:55.516+0000] {dag.py:3239} INFO - Sync 1 DAGs
[2025-01-31T14:31:55.526+0000] {logging_mixin.py:190} INFO - [2025-01-31T14:31:55.526+0000] {dag.py:4180} INFO - Setting next_dagrun for example_python_decorator to None, run_after=None
[2025-01-31T14:31:55.539+0000] {processor.py:208} INFO - Processing /home/airflow/.local/lib/python3.12/site-packages/airflow/example_dags/example_python_decorator.py took 0.057 seconds
[2025-01-31T14:32:26.741+0000] {processor.py:186} INFO - Started process (PID=691) to work on /home/airflow/.local/lib/python3.12/site-packages/airflow/example_dags/example_python_decorator.py
[2025-01-31T14:32:26.742+0000] {processor.py:914} INFO - Processing file /home/airflow/.local/lib/python3.12/site-packages/airflow/example_dags/example_python_decorator.py for tasks to queue
[2025-01-31T14:32:26.744+0000] {logging_mixin.py:190} INFO - [2025-01-31T14:32:26.744+0000] {dagbag.py:588} INFO - Filling up the DagBag from /home/airflow/.local/lib/python3.12/site-packages/airflow/example_dags/example_python_decorator.py
[2025-01-31T14:32:26.758+0000] {processor.py:925} INFO - DAG(s) 'example_python_decorator' retrieved from /home/airflow/.local/lib/python3.12/site-packages/airflow/example_dags/example_python_decorator.py
[2025-01-31T14:32:26.780+0000] {logging_mixin.py:190} INFO - [2025-01-31T14:32:26.779+0000] {dag.py:3239} INFO - Sync 1 DAGs
[2025-01-31T14:32:26.791+0000] {logging_mixin.py:190} INFO - [2025-01-31T14:32:26.790+0000] {dag.py:4180} INFO - Setting next_dagrun for example_python_decorator to None, run_after=None
[2025-01-31T14:32:26.803+0000] {processor.py:208} INFO - Processing /home/airflow/.local/lib/python3.12/site-packages/airflow/example_dags/example_python_decorator.py took 0.067 seconds
[2025-01-31T14:32:57.515+0000] {processor.py:186} INFO - Started process (PID=757) to work on /home/airflow/.local/lib/python3.12/site-packages/airflow/example_dags/example_python_decorator.py
[2025-01-31T14:32:57.516+0000] {processor.py:914} INFO - Processing file /home/airflow/.local/lib/python3.12/site-packages/airflow/example_dags/example_python_decorator.py for tasks to queue
[2025-01-31T14:32:57.518+0000] {logging_mixin.py:190} INFO - [2025-01-31T14:32:57.517+0000] {dagbag.py:588} INFO - Filling up the DagBag from /home/airflow/.local/lib/python3.12/site-packages/airflow/example_dags/example_python_decorator.py
[2025-01-31T14:32:57.530+0000] {processor.py:925} INFO - DAG(s) 'example_python_decorator' retrieved from /home/airflow/.local/lib/python3.12/site-packages/airflow/example_dags/example_python_decorator.py
[2025-01-31T14:32:57.552+0000] {logging_mixin.py:190} INFO - [2025-01-31T14:32:57.552+0000] {dag.py:3239} INFO - Sync 1 DAGs
[2025-01-31T14:32:57.566+0000] {logging_mixin.py:190} INFO - [2025-01-31T14:32:57.566+0000] {dag.py:4180} INFO - Setting next_dagrun for example_python_decorator to None, run_after=None
[2025-01-31T14:32:57.579+0000] {processor.py:208} INFO - Processing /home/airflow/.local/lib/python3.12/site-packages/airflow/example_dags/example_python_decorator.py took 0.068 seconds
[2025-01-31T14:33:28.322+0000] {processor.py:186} INFO - Started process (PID=823) to work on /home/airflow/.local/lib/python3.12/site-packages/airflow/example_dags/example_python_decorator.py
[2025-01-31T14:33:28.322+0000] {processor.py:914} INFO - Processing file /home/airflow/.local/lib/python3.12/site-packages/airflow/example_dags/example_python_decorator.py for tasks to queue
[2025-01-31T14:33:28.324+0000] {logging_mixin.py:190} INFO - [2025-01-31T14:33:28.324+0000] {dagbag.py:588} INFO - Filling up the DagBag from /home/airflow/.local/lib/python3.12/site-packages/airflow/example_dags/example_python_decorator.py
[2025-01-31T14:33:28.335+0000] {processor.py:925} INFO - DAG(s) 'example_python_decorator' retrieved from /home/airflow/.local/lib/python3.12/site-packages/airflow/example_dags/example_python_decorator.py
[2025-01-31T14:33:28.351+0000] {logging_mixin.py:190} INFO - [2025-01-31T14:33:28.351+0000] {dag.py:3239} INFO - Sync 1 DAGs
[2025-01-31T14:33:28.361+0000] {logging_mixin.py:190} INFO - [2025-01-31T14:33:28.361+0000] {dag.py:4180} INFO - Setting next_dagrun for example_python_decorator to None, run_after=None
[2025-01-31T14:33:28.375+0000] {processor.py:208} INFO - Processing /home/airflow/.local/lib/python3.12/site-packages/airflow/example_dags/example_python_decorator.py took 0.058 seconds
[2025-01-31T14:33:59.994+0000] {processor.py:186} INFO - Started process (PID=888) to work on /home/airflow/.local/lib/python3.12/site-packages/airflow/example_dags/example_python_decorator.py
[2025-01-31T14:33:59.995+0000] {processor.py:914} INFO - Processing file /home/airflow/.local/lib/python3.12/site-packages/airflow/example_dags/example_python_decorator.py for tasks to queue
[2025-01-31T14:33:59.996+0000] {logging_mixin.py:190} INFO - [2025-01-31T14:33:59.996+0000] {dagbag.py:588} INFO - Filling up the DagBag from /home/airflow/.local/lib/python3.12/site-packages/airflow/example_dags/example_python_decorator.py
[2025-01-31T14:34:00.010+0000] {processor.py:925} INFO - DAG(s) 'example_python_decorator' retrieved from /home/airflow/.local/lib/python3.12/site-packages/airflow/example_dags/example_python_decorator.py
[2025-01-31T14:34:00.031+0000] {logging_mixin.py:190} INFO - [2025-01-31T14:34:00.031+0000] {dag.py:3239} INFO - Sync 1 DAGs
[2025-01-31T14:34:00.044+0000] {logging_mixin.py:190} INFO - [2025-01-31T14:34:00.044+0000] {dag.py:4180} INFO - Setting next_dagrun for example_python_decorator to None, run_after=None
[2025-01-31T14:34:00.060+0000] {processor.py:208} INFO - Processing /home/airflow/.local/lib/python3.12/site-packages/airflow/example_dags/example_python_decorator.py took 0.071 seconds
[2025-01-31T14:34:30.769+0000] {processor.py:186} INFO - Started process (PID=953) to work on /home/airflow/.local/lib/python3.12/site-packages/airflow/example_dags/example_python_decorator.py
[2025-01-31T14:34:30.769+0000] {processor.py:914} INFO - Processing file /home/airflow/.local/lib/python3.12/site-packages/airflow/example_dags/example_python_decorator.py for tasks to queue
[2025-01-31T14:34:30.771+0000] {logging_mixin.py:190} INFO - [2025-01-31T14:34:30.771+0000] {dagbag.py:588} INFO - Filling up the DagBag from /home/airflow/.local/lib/python3.12/site-packages/airflow/example_dags/example_python_decorator.py
[2025-01-31T14:34:30.787+0000] {processor.py:925} INFO - DAG(s) 'example_python_decorator' retrieved from /home/airflow/.local/lib/python3.12/site-packages/airflow/example_dags/example_python_decorator.py
[2025-01-31T14:34:30.808+0000] {logging_mixin.py:190} INFO - [2025-01-31T14:34:30.808+0000] {dag.py:3239} INFO - Sync 1 DAGs
[2025-01-31T14:34:30.822+0000] {logging_mixin.py:190} INFO - [2025-01-31T14:34:30.822+0000] {dag.py:4180} INFO - Setting next_dagrun for example_python_decorator to None, run_after=None
[2025-01-31T14:34:30.836+0000] {processor.py:208} INFO - Processing /home/airflow/.local/lib/python3.12/site-packages/airflow/example_dags/example_python_decorator.py took 0.073 seconds
[2025-01-31T14:35:01.787+0000] {processor.py:186} INFO - Started process (PID=1019) to work on /home/airflow/.local/lib/python3.12/site-packages/airflow/example_dags/example_python_decorator.py
[2025-01-31T14:35:01.788+0000] {processor.py:914} INFO - Processing file /home/airflow/.local/lib/python3.12/site-packages/airflow/example_dags/example_python_decorator.py for tasks to queue
[2025-01-31T14:35:01.790+0000] {logging_mixin.py:190} INFO - [2025-01-31T14:35:01.789+0000] {dagbag.py:588} INFO - Filling up the DagBag from /home/airflow/.local/lib/python3.12/site-packages/airflow/example_dags/example_python_decorator.py
[2025-01-31T14:35:01.805+0000] {processor.py:925} INFO - DAG(s) 'example_python_decorator' retrieved from /home/airflow/.local/lib/python3.12/site-packages/airflow/example_dags/example_python_decorator.py
[2025-01-31T14:35:01.826+0000] {logging_mixin.py:190} INFO - [2025-01-31T14:35:01.826+0000] {dag.py:3239} INFO - Sync 1 DAGs
[2025-01-31T14:35:01.838+0000] {logging_mixin.py:190} INFO - [2025-01-31T14:35:01.838+0000] {dag.py:4180} INFO - Setting next_dagrun for example_python_decorator to None, run_after=None
[2025-01-31T14:35:01.852+0000] {processor.py:208} INFO - Processing /home/airflow/.local/lib/python3.12/site-packages/airflow/example_dags/example_python_decorator.py took 0.070 seconds
[2025-01-31T14:35:32.345+0000] {processor.py:186} INFO - Started process (PID=1084) to work on /home/airflow/.local/lib/python3.12/site-packages/airflow/example_dags/example_python_decorator.py
[2025-01-31T14:35:32.345+0000] {processor.py:914} INFO - Processing file /home/airflow/.local/lib/python3.12/site-packages/airflow/example_dags/example_python_decorator.py for tasks to queue
[2025-01-31T14:35:32.347+0000] {logging_mixin.py:190} INFO - [2025-01-31T14:35:32.347+0000] {dagbag.py:588} INFO - Filling up the DagBag from /home/airflow/.local/lib/python3.12/site-packages/airflow/example_dags/example_python_decorator.py
[2025-01-31T14:35:32.358+0000] {processor.py:925} INFO - DAG(s) 'example_python_decorator' retrieved from /home/airflow/.local/lib/python3.12/site-packages/airflow/example_dags/example_python_decorator.py
[2025-01-31T14:35:32.376+0000] {logging_mixin.py:190} INFO - [2025-01-31T14:35:32.376+0000] {dag.py:3239} INFO - Sync 1 DAGs
[2025-01-31T14:35:32.389+0000] {logging_mixin.py:190} INFO - [2025-01-31T14:35:32.389+0000] {dag.py:4180} INFO - Setting next_dagrun for example_python_decorator to None, run_after=None
[2025-01-31T14:35:32.403+0000] {processor.py:208} INFO - Processing /home/airflow/.local/lib/python3.12/site-packages/airflow/example_dags/example_python_decorator.py took 0.063 seconds
[2025-01-31T14:36:03.757+0000] {processor.py:186} INFO - Started process (PID=1149) to work on /home/airflow/.local/lib/python3.12/site-packages/airflow/example_dags/example_python_decorator.py
[2025-01-31T14:36:03.758+0000] {processor.py:914} INFO - Processing file /home/airflow/.local/lib/python3.12/site-packages/airflow/example_dags/example_python_decorator.py for tasks to queue
[2025-01-31T14:36:03.760+0000] {logging_mixin.py:190} INFO - [2025-01-31T14:36:03.759+0000] {dagbag.py:588} INFO - Filling up the DagBag from /home/airflow/.local/lib/python3.12/site-packages/airflow/example_dags/example_python_decorator.py
[2025-01-31T14:36:03.771+0000] {processor.py:925} INFO - DAG(s) 'example_python_decorator' retrieved from /home/airflow/.local/lib/python3.12/site-packages/airflow/example_dags/example_python_decorator.py
[2025-01-31T14:36:03.788+0000] {logging_mixin.py:190} INFO - [2025-01-31T14:36:03.787+0000] {dag.py:3239} INFO - Sync 1 DAGs
[2025-01-31T14:36:03.799+0000] {logging_mixin.py:190} INFO - [2025-01-31T14:36:03.799+0000] {dag.py:4180} INFO - Setting next_dagrun for example_python_decorator to None, run_after=None
[2025-01-31T14:36:03.812+0000] {processor.py:208} INFO - Processing /home/airflow/.local/lib/python3.12/site-packages/airflow/example_dags/example_python_decorator.py took 0.059 seconds
[2025-01-31T14:36:35.071+0000] {processor.py:186} INFO - Started process (PID=1215) to work on /home/airflow/.local/lib/python3.12/site-packages/airflow/example_dags/example_python_decorator.py
[2025-01-31T14:36:35.072+0000] {processor.py:914} INFO - Processing file /home/airflow/.local/lib/python3.12/site-packages/airflow/example_dags/example_python_decorator.py for tasks to queue
[2025-01-31T14:36:35.073+0000] {logging_mixin.py:190} INFO - [2025-01-31T14:36:35.073+0000] {dagbag.py:588} INFO - Filling up the DagBag from /home/airflow/.local/lib/python3.12/site-packages/airflow/example_dags/example_python_decorator.py
[2025-01-31T14:36:35.084+0000] {processor.py:925} INFO - DAG(s) 'example_python_decorator' retrieved from /home/airflow/.local/lib/python3.12/site-packages/airflow/example_dags/example_python_decorator.py
[2025-01-31T14:36:35.102+0000] {logging_mixin.py:190} INFO - [2025-01-31T14:36:35.101+0000] {dag.py:3239} INFO - Sync 1 DAGs
[2025-01-31T14:36:35.112+0000] {logging_mixin.py:190} INFO - [2025-01-31T14:36:35.111+0000] {dag.py:4180} INFO - Setting next_dagrun for example_python_decorator to None, run_after=None
[2025-01-31T14:36:35.124+0000] {processor.py:208} INFO - Processing /home/airflow/.local/lib/python3.12/site-packages/airflow/example_dags/example_python_decorator.py took 0.057 seconds
[2025-01-31T14:37:06.355+0000] {processor.py:186} INFO - Started process (PID=1280) to work on /home/airflow/.local/lib/python3.12/site-packages/airflow/example_dags/example_python_decorator.py
[2025-01-31T14:37:06.355+0000] {processor.py:914} INFO - Processing file /home/airflow/.local/lib/python3.12/site-packages/airflow/example_dags/example_python_decorator.py for tasks to queue
[2025-01-31T14:37:06.357+0000] {logging_mixin.py:190} INFO - [2025-01-31T14:37:06.357+0000] {dagbag.py:588} INFO - Filling up the DagBag from /home/airflow/.local/lib/python3.12/site-packages/airflow/example_dags/example_python_decorator.py
[2025-01-31T14:37:06.370+0000] {processor.py:925} INFO - DAG(s) 'example_python_decorator' retrieved from /home/airflow/.local/lib/python3.12/site-packages/airflow/example_dags/example_python_decorator.py
[2025-01-31T14:37:06.389+0000] {logging_mixin.py:190} INFO - [2025-01-31T14:37:06.389+0000] {dag.py:3239} INFO - Sync 1 DAGs
[2025-01-31T14:37:06.400+0000] {logging_mixin.py:190} INFO - [2025-01-31T14:37:06.400+0000] {dag.py:4180} INFO - Setting next_dagrun for example_python_decorator to None, run_after=None
[2025-01-31T14:37:06.414+0000] {processor.py:208} INFO - Processing /home/airflow/.local/lib/python3.12/site-packages/airflow/example_dags/example_python_decorator.py took 0.064 seconds
[2025-01-31T14:37:37.910+0000] {processor.py:186} INFO - Started process (PID=1345) to work on /home/airflow/.local/lib/python3.12/site-packages/airflow/example_dags/example_python_decorator.py
[2025-01-31T14:37:37.911+0000] {processor.py:914} INFO - Processing file /home/airflow/.local/lib/python3.12/site-packages/airflow/example_dags/example_python_decorator.py for tasks to queue
[2025-01-31T14:37:37.913+0000] {logging_mixin.py:190} INFO - [2025-01-31T14:37:37.913+0000] {dagbag.py:588} INFO - Filling up the DagBag from /home/airflow/.local/lib/python3.12/site-packages/airflow/example_dags/example_python_decorator.py
[2025-01-31T14:37:37.930+0000] {processor.py:925} INFO - DAG(s) 'example_python_decorator' retrieved from /home/airflow/.local/lib/python3.12/site-packages/airflow/example_dags/example_python_decorator.py
[2025-01-31T14:37:37.949+0000] {logging_mixin.py:190} INFO - [2025-01-31T14:37:37.949+0000] {dag.py:3239} INFO - Sync 1 DAGs
[2025-01-31T14:37:37.960+0000] {logging_mixin.py:190} INFO - [2025-01-31T14:37:37.960+0000] {dag.py:4180} INFO - Setting next_dagrun for example_python_decorator to None, run_after=None
[2025-01-31T14:37:37.972+0000] {processor.py:208} INFO - Processing /home/airflow/.local/lib/python3.12/site-packages/airflow/example_dags/example_python_decorator.py took 0.069 seconds
[2025-01-31T14:38:08.924+0000] {processor.py:186} INFO - Started process (PID=1410) to work on /home/airflow/.local/lib/python3.12/site-packages/airflow/example_dags/example_python_decorator.py
[2025-01-31T14:38:08.925+0000] {processor.py:914} INFO - Processing file /home/airflow/.local/lib/python3.12/site-packages/airflow/example_dags/example_python_decorator.py for tasks to queue
[2025-01-31T14:38:08.927+0000] {logging_mixin.py:190} INFO - [2025-01-31T14:38:08.926+0000] {dagbag.py:588} INFO - Filling up the DagBag from /home/airflow/.local/lib/python3.12/site-packages/airflow/example_dags/example_python_decorator.py
[2025-01-31T14:38:08.938+0000] {processor.py:925} INFO - DAG(s) 'example_python_decorator' retrieved from /home/airflow/.local/lib/python3.12/site-packages/airflow/example_dags/example_python_decorator.py
[2025-01-31T14:38:08.959+0000] {logging_mixin.py:190} INFO - [2025-01-31T14:38:08.959+0000] {dag.py:3239} INFO - Sync 1 DAGs
[2025-01-31T14:38:08.971+0000] {logging_mixin.py:190} INFO - [2025-01-31T14:38:08.971+0000] {dag.py:4180} INFO - Setting next_dagrun for example_python_decorator to None, run_after=None
[2025-01-31T14:38:08.983+0000] {processor.py:208} INFO - Processing /home/airflow/.local/lib/python3.12/site-packages/airflow/example_dags/example_python_decorator.py took 0.064 seconds
[2025-01-31T14:38:40.094+0000] {processor.py:186} INFO - Started process (PID=1475) to work on /home/airflow/.local/lib/python3.12/site-packages/airflow/example_dags/example_python_decorator.py
[2025-01-31T14:38:40.094+0000] {processor.py:914} INFO - Processing file /home/airflow/.local/lib/python3.12/site-packages/airflow/example_dags/example_python_decorator.py for tasks to queue
[2025-01-31T14:38:40.096+0000] {logging_mixin.py:190} INFO - [2025-01-31T14:38:40.096+0000] {dagbag.py:588} INFO - Filling up the DagBag from /home/airflow/.local/lib/python3.12/site-packages/airflow/example_dags/example_python_decorator.py
[2025-01-31T14:38:40.111+0000] {processor.py:925} INFO - DAG(s) 'example_python_decorator' retrieved from /home/airflow/.local/lib/python3.12/site-packages/airflow/example_dags/example_python_decorator.py
[2025-01-31T14:38:40.129+0000] {logging_mixin.py:190} INFO - [2025-01-31T14:38:40.129+0000] {dag.py:3239} INFO - Sync 1 DAGs
[2025-01-31T14:38:40.144+0000] {logging_mixin.py:190} INFO - [2025-01-31T14:38:40.143+0000] {dag.py:4180} INFO - Setting next_dagrun for example_python_decorator to None, run_after=None
[2025-01-31T14:38:40.159+0000] {processor.py:208} INFO - Processing /home/airflow/.local/lib/python3.12/site-packages/airflow/example_dags/example_python_decorator.py took 0.070 seconds
[2025-01-31T14:39:11.423+0000] {processor.py:186} INFO - Started process (PID=1547) to work on /home/airflow/.local/lib/python3.12/site-packages/airflow/example_dags/example_python_decorator.py
[2025-01-31T14:39:11.423+0000] {processor.py:914} INFO - Processing file /home/airflow/.local/lib/python3.12/site-packages/airflow/example_dags/example_python_decorator.py for tasks to queue
[2025-01-31T14:39:11.426+0000] {logging_mixin.py:190} INFO - [2025-01-31T14:39:11.425+0000] {dagbag.py:588} INFO - Filling up the DagBag from /home/airflow/.local/lib/python3.12/site-packages/airflow/example_dags/example_python_decorator.py
[2025-01-31T14:39:11.439+0000] {processor.py:925} INFO - DAG(s) 'example_python_decorator' retrieved from /home/airflow/.local/lib/python3.12/site-packages/airflow/example_dags/example_python_decorator.py
[2025-01-31T14:39:11.459+0000] {logging_mixin.py:190} INFO - [2025-01-31T14:39:11.459+0000] {dag.py:3239} INFO - Sync 1 DAGs
[2025-01-31T14:39:11.472+0000] {logging_mixin.py:190} INFO - [2025-01-31T14:39:11.472+0000] {dag.py:4180} INFO - Setting next_dagrun for example_python_decorator to None, run_after=None
[2025-01-31T14:39:11.486+0000] {processor.py:208} INFO - Processing /home/airflow/.local/lib/python3.12/site-packages/airflow/example_dags/example_python_decorator.py took 0.069 seconds
[2025-01-31T14:39:42.742+0000] {processor.py:186} INFO - Started process (PID=1611) to work on /home/airflow/.local/lib/python3.12/site-packages/airflow/example_dags/example_python_decorator.py
[2025-01-31T14:39:42.743+0000] {processor.py:914} INFO - Processing file /home/airflow/.local/lib/python3.12/site-packages/airflow/example_dags/example_python_decorator.py for tasks to queue
[2025-01-31T14:39:42.745+0000] {logging_mixin.py:190} INFO - [2025-01-31T14:39:42.744+0000] {dagbag.py:588} INFO - Filling up the DagBag from /home/airflow/.local/lib/python3.12/site-packages/airflow/example_dags/example_python_decorator.py
[2025-01-31T14:39:42.756+0000] {processor.py:925} INFO - DAG(s) 'example_python_decorator' retrieved from /home/airflow/.local/lib/python3.12/site-packages/airflow/example_dags/example_python_decorator.py
[2025-01-31T14:39:42.776+0000] {logging_mixin.py:190} INFO - [2025-01-31T14:39:42.776+0000] {dag.py:3239} INFO - Sync 1 DAGs
[2025-01-31T14:39:42.792+0000] {logging_mixin.py:190} INFO - [2025-01-31T14:39:42.792+0000] {dag.py:4180} INFO - Setting next_dagrun for example_python_decorator to None, run_after=None
[2025-01-31T14:39:42.805+0000] {processor.py:208} INFO - Processing /home/airflow/.local/lib/python3.12/site-packages/airflow/example_dags/example_python_decorator.py took 0.067 seconds
[2025-01-31T14:40:13.682+0000] {processor.py:186} INFO - Started process (PID=1676) to work on /home/airflow/.local/lib/python3.12/site-packages/airflow/example_dags/example_python_decorator.py
[2025-01-31T14:40:13.683+0000] {processor.py:914} INFO - Processing file /home/airflow/.local/lib/python3.12/site-packages/airflow/example_dags/example_python_decorator.py for tasks to queue
[2025-01-31T14:40:13.685+0000] {logging_mixin.py:190} INFO - [2025-01-31T14:40:13.684+0000] {dagbag.py:588} INFO - Filling up the DagBag from /home/airflow/.local/lib/python3.12/site-packages/airflow/example_dags/example_python_decorator.py
[2025-01-31T14:40:13.697+0000] {processor.py:925} INFO - DAG(s) 'example_python_decorator' retrieved from /home/airflow/.local/lib/python3.12/site-packages/airflow/example_dags/example_python_decorator.py
[2025-01-31T14:40:13.718+0000] {logging_mixin.py:190} INFO - [2025-01-31T14:40:13.717+0000] {dag.py:3239} INFO - Sync 1 DAGs
[2025-01-31T14:40:13.731+0000] {logging_mixin.py:190} INFO - [2025-01-31T14:40:13.731+0000] {dag.py:4180} INFO - Setting next_dagrun for example_python_decorator to None, run_after=None
[2025-01-31T14:40:13.745+0000] {processor.py:208} INFO - Processing /home/airflow/.local/lib/python3.12/site-packages/airflow/example_dags/example_python_decorator.py took 0.067 seconds
[2025-01-31T14:40:44.759+0000] {processor.py:186} INFO - Started process (PID=1741) to work on /home/airflow/.local/lib/python3.12/site-packages/airflow/example_dags/example_python_decorator.py
[2025-01-31T14:40:44.759+0000] {processor.py:914} INFO - Processing file /home/airflow/.local/lib/python3.12/site-packages/airflow/example_dags/example_python_decorator.py for tasks to queue
[2025-01-31T14:40:44.761+0000] {logging_mixin.py:190} INFO - [2025-01-31T14:40:44.760+0000] {dagbag.py:588} INFO - Filling up the DagBag from /home/airflow/.local/lib/python3.12/site-packages/airflow/example_dags/example_python_decorator.py
[2025-01-31T14:40:44.776+0000] {processor.py:925} INFO - DAG(s) 'example_python_decorator' retrieved from /home/airflow/.local/lib/python3.12/site-packages/airflow/example_dags/example_python_decorator.py
[2025-01-31T14:40:44.795+0000] {logging_mixin.py:190} INFO - [2025-01-31T14:40:44.795+0000] {dag.py:3239} INFO - Sync 1 DAGs
[2025-01-31T14:40:44.807+0000] {logging_mixin.py:190} INFO - [2025-01-31T14:40:44.807+0000] {dag.py:4180} INFO - Setting next_dagrun for example_python_decorator to None, run_after=None
[2025-01-31T14:40:44.821+0000] {processor.py:208} INFO - Processing /home/airflow/.local/lib/python3.12/site-packages/airflow/example_dags/example_python_decorator.py took 0.067 seconds
[2025-01-31T14:41:15.955+0000] {processor.py:186} INFO - Started process (PID=1806) to work on /home/airflow/.local/lib/python3.12/site-packages/airflow/example_dags/example_python_decorator.py
[2025-01-31T14:41:15.955+0000] {processor.py:914} INFO - Processing file /home/airflow/.local/lib/python3.12/site-packages/airflow/example_dags/example_python_decorator.py for tasks to queue
[2025-01-31T14:41:15.957+0000] {logging_mixin.py:190} INFO - [2025-01-31T14:41:15.957+0000] {dagbag.py:588} INFO - Filling up the DagBag from /home/airflow/.local/lib/python3.12/site-packages/airflow/example_dags/example_python_decorator.py
[2025-01-31T14:41:15.968+0000] {processor.py:925} INFO - DAG(s) 'example_python_decorator' retrieved from /home/airflow/.local/lib/python3.12/site-packages/airflow/example_dags/example_python_decorator.py
[2025-01-31T14:41:15.985+0000] {logging_mixin.py:190} INFO - [2025-01-31T14:41:15.985+0000] {dag.py:3239} INFO - Sync 1 DAGs
[2025-01-31T14:41:15.997+0000] {logging_mixin.py:190} INFO - [2025-01-31T14:41:15.997+0000] {dag.py:4180} INFO - Setting next_dagrun for example_python_decorator to None, run_after=None
[2025-01-31T14:41:16.013+0000] {processor.py:208} INFO - Processing /home/airflow/.local/lib/python3.12/site-packages/airflow/example_dags/example_python_decorator.py took 0.064 seconds
[2025-01-31T14:41:47.289+0000] {processor.py:186} INFO - Started process (PID=1872) to work on /home/airflow/.local/lib/python3.12/site-packages/airflow/example_dags/example_python_decorator.py
[2025-01-31T14:41:47.290+0000] {processor.py:914} INFO - Processing file /home/airflow/.local/lib/python3.12/site-packages/airflow/example_dags/example_python_decorator.py for tasks to queue
[2025-01-31T14:41:47.291+0000] {logging_mixin.py:190} INFO - [2025-01-31T14:41:47.291+0000] {dagbag.py:588} INFO - Filling up the DagBag from /home/airflow/.local/lib/python3.12/site-packages/airflow/example_dags/example_python_decorator.py
[2025-01-31T14:41:47.304+0000] {processor.py:925} INFO - DAG(s) 'example_python_decorator' retrieved from /home/airflow/.local/lib/python3.12/site-packages/airflow/example_dags/example_python_decorator.py
[2025-01-31T14:41:47.323+0000] {logging_mixin.py:190} INFO - [2025-01-31T14:41:47.323+0000] {dag.py:3239} INFO - Sync 1 DAGs
[2025-01-31T14:41:47.338+0000] {logging_mixin.py:190} INFO - [2025-01-31T14:41:47.337+0000] {dag.py:4180} INFO - Setting next_dagrun for example_python_decorator to None, run_after=None
[2025-01-31T14:41:47.351+0000] {processor.py:208} INFO - Processing /home/airflow/.local/lib/python3.12/site-packages/airflow/example_dags/example_python_decorator.py took 0.066 seconds
[2025-01-31T14:42:19.059+0000] {processor.py:186} INFO - Started process (PID=1937) to work on /home/airflow/.local/lib/python3.12/site-packages/airflow/example_dags/example_python_decorator.py
[2025-01-31T14:42:19.059+0000] {processor.py:914} INFO - Processing file /home/airflow/.local/lib/python3.12/site-packages/airflow/example_dags/example_python_decorator.py for tasks to queue
[2025-01-31T14:42:19.061+0000] {logging_mixin.py:190} INFO - [2025-01-31T14:42:19.061+0000] {dagbag.py:588} INFO - Filling up the DagBag from /home/airflow/.local/lib/python3.12/site-packages/airflow/example_dags/example_python_decorator.py
[2025-01-31T14:42:19.072+0000] {processor.py:925} INFO - DAG(s) 'example_python_decorator' retrieved from /home/airflow/.local/lib/python3.12/site-packages/airflow/example_dags/example_python_decorator.py
[2025-01-31T14:42:19.091+0000] {logging_mixin.py:190} INFO - [2025-01-31T14:42:19.091+0000] {dag.py:3239} INFO - Sync 1 DAGs
[2025-01-31T14:42:19.103+0000] {logging_mixin.py:190} INFO - [2025-01-31T14:42:19.102+0000] {dag.py:4180} INFO - Setting next_dagrun for example_python_decorator to None, run_after=None
[2025-01-31T14:42:19.117+0000] {processor.py:208} INFO - Processing /home/airflow/.local/lib/python3.12/site-packages/airflow/example_dags/example_python_decorator.py took 0.063 seconds
[2025-01-31T14:42:50.089+0000] {processor.py:186} INFO - Started process (PID=2002) to work on /home/airflow/.local/lib/python3.12/site-packages/airflow/example_dags/example_python_decorator.py
[2025-01-31T14:42:50.090+0000] {processor.py:914} INFO - Processing file /home/airflow/.local/lib/python3.12/site-packages/airflow/example_dags/example_python_decorator.py for tasks to queue
[2025-01-31T14:42:50.092+0000] {logging_mixin.py:190} INFO - [2025-01-31T14:42:50.091+0000] {dagbag.py:588} INFO - Filling up the DagBag from /home/airflow/.local/lib/python3.12/site-packages/airflow/example_dags/example_python_decorator.py
[2025-01-31T14:42:50.107+0000] {processor.py:925} INFO - DAG(s) 'example_python_decorator' retrieved from /home/airflow/.local/lib/python3.12/site-packages/airflow/example_dags/example_python_decorator.py
[2025-01-31T14:42:50.145+0000] {logging_mixin.py:190} INFO - [2025-01-31T14:42:50.145+0000] {dag.py:3239} INFO - Sync 1 DAGs
[2025-01-31T14:42:50.161+0000] {logging_mixin.py:190} INFO - [2025-01-31T14:42:50.160+0000] {dag.py:4180} INFO - Setting next_dagrun for example_python_decorator to None, run_after=None
[2025-01-31T14:42:50.176+0000] {processor.py:208} INFO - Processing /home/airflow/.local/lib/python3.12/site-packages/airflow/example_dags/example_python_decorator.py took 0.093 seconds
[2025-01-31T14:43:21.144+0000] {processor.py:186} INFO - Started process (PID=2067) to work on /home/airflow/.local/lib/python3.12/site-packages/airflow/example_dags/example_python_decorator.py
[2025-01-31T14:43:21.144+0000] {processor.py:914} INFO - Processing file /home/airflow/.local/lib/python3.12/site-packages/airflow/example_dags/example_python_decorator.py for tasks to queue
[2025-01-31T14:43:21.146+0000] {logging_mixin.py:190} INFO - [2025-01-31T14:43:21.146+0000] {dagbag.py:588} INFO - Filling up the DagBag from /home/airflow/.local/lib/python3.12/site-packages/airflow/example_dags/example_python_decorator.py
[2025-01-31T14:43:21.157+0000] {processor.py:925} INFO - DAG(s) 'example_python_decorator' retrieved from /home/airflow/.local/lib/python3.12/site-packages/airflow/example_dags/example_python_decorator.py
[2025-01-31T14:43:21.177+0000] {logging_mixin.py:190} INFO - [2025-01-31T14:43:21.177+0000] {dag.py:3239} INFO - Sync 1 DAGs
[2025-01-31T14:43:21.188+0000] {logging_mixin.py:190} INFO - [2025-01-31T14:43:21.188+0000] {dag.py:4180} INFO - Setting next_dagrun for example_python_decorator to None, run_after=None
[2025-01-31T14:43:21.202+0000] {processor.py:208} INFO - Processing /home/airflow/.local/lib/python3.12/site-packages/airflow/example_dags/example_python_decorator.py took 0.063 seconds
[2025-01-31T14:43:51.876+0000] {processor.py:186} INFO - Started process (PID=2133) to work on /home/airflow/.local/lib/python3.12/site-packages/airflow/example_dags/example_python_decorator.py
[2025-01-31T14:43:51.876+0000] {processor.py:914} INFO - Processing file /home/airflow/.local/lib/python3.12/site-packages/airflow/example_dags/example_python_decorator.py for tasks to queue
[2025-01-31T14:43:51.878+0000] {logging_mixin.py:190} INFO - [2025-01-31T14:43:51.878+0000] {dagbag.py:588} INFO - Filling up the DagBag from /home/airflow/.local/lib/python3.12/site-packages/airflow/example_dags/example_python_decorator.py
[2025-01-31T14:43:51.889+0000] {processor.py:925} INFO - DAG(s) 'example_python_decorator' retrieved from /home/airflow/.local/lib/python3.12/site-packages/airflow/example_dags/example_python_decorator.py
[2025-01-31T14:43:51.910+0000] {logging_mixin.py:190} INFO - [2025-01-31T14:43:51.910+0000] {dag.py:3239} INFO - Sync 1 DAGs
[2025-01-31T14:43:51.921+0000] {logging_mixin.py:190} INFO - [2025-01-31T14:43:51.921+0000] {dag.py:4180} INFO - Setting next_dagrun for example_python_decorator to None, run_after=None
[2025-01-31T14:43:51.934+0000] {processor.py:208} INFO - Processing /home/airflow/.local/lib/python3.12/site-packages/airflow/example_dags/example_python_decorator.py took 0.062 seconds
[2025-01-31T14:44:23.041+0000] {processor.py:186} INFO - Started process (PID=2198) to work on /home/airflow/.local/lib/python3.12/site-packages/airflow/example_dags/example_python_decorator.py
[2025-01-31T14:44:23.041+0000] {processor.py:914} INFO - Processing file /home/airflow/.local/lib/python3.12/site-packages/airflow/example_dags/example_python_decorator.py for tasks to queue
[2025-01-31T14:44:23.043+0000] {logging_mixin.py:190} INFO - [2025-01-31T14:44:23.043+0000] {dagbag.py:588} INFO - Filling up the DagBag from /home/airflow/.local/lib/python3.12/site-packages/airflow/example_dags/example_python_decorator.py
[2025-01-31T14:44:23.054+0000] {processor.py:925} INFO - DAG(s) 'example_python_decorator' retrieved from /home/airflow/.local/lib/python3.12/site-packages/airflow/example_dags/example_python_decorator.py
[2025-01-31T14:44:23.074+0000] {logging_mixin.py:190} INFO - [2025-01-31T14:44:23.073+0000] {dag.py:3239} INFO - Sync 1 DAGs
[2025-01-31T14:44:23.088+0000] {logging_mixin.py:190} INFO - [2025-01-31T14:44:23.088+0000] {dag.py:4180} INFO - Setting next_dagrun for example_python_decorator to None, run_after=None
[2025-01-31T14:44:23.101+0000] {processor.py:208} INFO - Processing /home/airflow/.local/lib/python3.12/site-packages/airflow/example_dags/example_python_decorator.py took 0.066 seconds
[2025-01-31T14:44:54.248+0000] {processor.py:186} INFO - Started process (PID=2263) to work on /home/airflow/.local/lib/python3.12/site-packages/airflow/example_dags/example_python_decorator.py
[2025-01-31T14:44:54.249+0000] {processor.py:914} INFO - Processing file /home/airflow/.local/lib/python3.12/site-packages/airflow/example_dags/example_python_decorator.py for tasks to queue
[2025-01-31T14:44:54.250+0000] {logging_mixin.py:190} INFO - [2025-01-31T14:44:54.250+0000] {dagbag.py:588} INFO - Filling up the DagBag from /home/airflow/.local/lib/python3.12/site-packages/airflow/example_dags/example_python_decorator.py
[2025-01-31T14:44:54.261+0000] {processor.py:925} INFO - DAG(s) 'example_python_decorator' retrieved from /home/airflow/.local/lib/python3.12/site-packages/airflow/example_dags/example_python_decorator.py
[2025-01-31T14:44:54.278+0000] {logging_mixin.py:190} INFO - [2025-01-31T14:44:54.277+0000] {dag.py:3239} INFO - Sync 1 DAGs
[2025-01-31T14:44:54.289+0000] {logging_mixin.py:190} INFO - [2025-01-31T14:44:54.288+0000] {dag.py:4180} INFO - Setting next_dagrun for example_python_decorator to None, run_after=None
[2025-01-31T14:44:54.300+0000] {processor.py:208} INFO - Processing /home/airflow/.local/lib/python3.12/site-packages/airflow/example_dags/example_python_decorator.py took 0.056 seconds
[2025-01-31T14:45:25.255+0000] {processor.py:186} INFO - Started process (PID=2333) to work on /home/airflow/.local/lib/python3.12/site-packages/airflow/example_dags/example_python_decorator.py
[2025-01-31T14:45:25.256+0000] {processor.py:914} INFO - Processing file /home/airflow/.local/lib/python3.12/site-packages/airflow/example_dags/example_python_decorator.py for tasks to queue
[2025-01-31T14:45:25.258+0000] {logging_mixin.py:190} INFO - [2025-01-31T14:45:25.257+0000] {dagbag.py:588} INFO - Filling up the DagBag from /home/airflow/.local/lib/python3.12/site-packages/airflow/example_dags/example_python_decorator.py
[2025-01-31T14:45:25.269+0000] {processor.py:925} INFO - DAG(s) 'example_python_decorator' retrieved from /home/airflow/.local/lib/python3.12/site-packages/airflow/example_dags/example_python_decorator.py
[2025-01-31T14:45:25.285+0000] {logging_mixin.py:190} INFO - [2025-01-31T14:45:25.285+0000] {dag.py:3239} INFO - Sync 1 DAGs
[2025-01-31T14:45:25.296+0000] {logging_mixin.py:190} INFO - [2025-01-31T14:45:25.295+0000] {dag.py:4180} INFO - Setting next_dagrun for example_python_decorator to None, run_after=None
[2025-01-31T14:45:25.308+0000] {processor.py:208} INFO - Processing /home/airflow/.local/lib/python3.12/site-packages/airflow/example_dags/example_python_decorator.py took 0.057 seconds
[2025-01-31T14:45:56.075+0000] {processor.py:186} INFO - Started process (PID=2399) to work on /home/airflow/.local/lib/python3.12/site-packages/airflow/example_dags/example_python_decorator.py
[2025-01-31T14:45:56.076+0000] {processor.py:914} INFO - Processing file /home/airflow/.local/lib/python3.12/site-packages/airflow/example_dags/example_python_decorator.py for tasks to queue
[2025-01-31T14:45:56.077+0000] {logging_mixin.py:190} INFO - [2025-01-31T14:45:56.077+0000] {dagbag.py:588} INFO - Filling up the DagBag from /home/airflow/.local/lib/python3.12/site-packages/airflow/example_dags/example_python_decorator.py
[2025-01-31T14:45:56.088+0000] {processor.py:925} INFO - DAG(s) 'example_python_decorator' retrieved from /home/airflow/.local/lib/python3.12/site-packages/airflow/example_dags/example_python_decorator.py
[2025-01-31T14:45:56.108+0000] {logging_mixin.py:190} INFO - [2025-01-31T14:45:56.108+0000] {dag.py:3239} INFO - Sync 1 DAGs
[2025-01-31T14:45:56.123+0000] {logging_mixin.py:190} INFO - [2025-01-31T14:45:56.123+0000] {dag.py:4180} INFO - Setting next_dagrun for example_python_decorator to None, run_after=None
[2025-01-31T14:45:56.139+0000] {processor.py:208} INFO - Processing /home/airflow/.local/lib/python3.12/site-packages/airflow/example_dags/example_python_decorator.py took 0.068 seconds
[2025-01-31T14:46:27.046+0000] {processor.py:186} INFO - Started process (PID=2465) to work on /home/airflow/.local/lib/python3.12/site-packages/airflow/example_dags/example_python_decorator.py
[2025-01-31T14:46:27.047+0000] {processor.py:914} INFO - Processing file /home/airflow/.local/lib/python3.12/site-packages/airflow/example_dags/example_python_decorator.py for tasks to queue
[2025-01-31T14:46:27.048+0000] {logging_mixin.py:190} INFO - [2025-01-31T14:46:27.048+0000] {dagbag.py:588} INFO - Filling up the DagBag from /home/airflow/.local/lib/python3.12/site-packages/airflow/example_dags/example_python_decorator.py
[2025-01-31T14:46:27.061+0000] {processor.py:925} INFO - DAG(s) 'example_python_decorator' retrieved from /home/airflow/.local/lib/python3.12/site-packages/airflow/example_dags/example_python_decorator.py
[2025-01-31T14:46:27.077+0000] {logging_mixin.py:190} INFO - [2025-01-31T14:46:27.077+0000] {dag.py:3239} INFO - Sync 1 DAGs
[2025-01-31T14:46:27.089+0000] {logging_mixin.py:190} INFO - [2025-01-31T14:46:27.088+0000] {dag.py:4180} INFO - Setting next_dagrun for example_python_decorator to None, run_after=None
[2025-01-31T14:46:27.102+0000] {processor.py:208} INFO - Processing /home/airflow/.local/lib/python3.12/site-packages/airflow/example_dags/example_python_decorator.py took 0.062 seconds
[2025-01-31T14:46:57.514+0000] {processor.py:186} INFO - Started process (PID=2530) to work on /home/airflow/.local/lib/python3.12/site-packages/airflow/example_dags/example_python_decorator.py
[2025-01-31T14:46:57.515+0000] {processor.py:914} INFO - Processing file /home/airflow/.local/lib/python3.12/site-packages/airflow/example_dags/example_python_decorator.py for tasks to queue
[2025-01-31T14:46:57.516+0000] {logging_mixin.py:190} INFO - [2025-01-31T14:46:57.516+0000] {dagbag.py:588} INFO - Filling up the DagBag from /home/airflow/.local/lib/python3.12/site-packages/airflow/example_dags/example_python_decorator.py
[2025-01-31T14:46:57.528+0000] {processor.py:925} INFO - DAG(s) 'example_python_decorator' retrieved from /home/airflow/.local/lib/python3.12/site-packages/airflow/example_dags/example_python_decorator.py
[2025-01-31T14:46:57.548+0000] {logging_mixin.py:190} INFO - [2025-01-31T14:46:57.548+0000] {dag.py:3239} INFO - Sync 1 DAGs
[2025-01-31T14:46:57.560+0000] {logging_mixin.py:190} INFO - [2025-01-31T14:46:57.560+0000] {dag.py:4180} INFO - Setting next_dagrun for example_python_decorator to None, run_after=None
[2025-01-31T14:46:57.572+0000] {processor.py:208} INFO - Processing /home/airflow/.local/lib/python3.12/site-packages/airflow/example_dags/example_python_decorator.py took 0.062 seconds
[2025-01-31T14:47:28.569+0000] {processor.py:186} INFO - Started process (PID=2596) to work on /home/airflow/.local/lib/python3.12/site-packages/airflow/example_dags/example_python_decorator.py
[2025-01-31T14:47:28.569+0000] {processor.py:914} INFO - Processing file /home/airflow/.local/lib/python3.12/site-packages/airflow/example_dags/example_python_decorator.py for tasks to queue
[2025-01-31T14:47:28.571+0000] {logging_mixin.py:190} INFO - [2025-01-31T14:47:28.571+0000] {dagbag.py:588} INFO - Filling up the DagBag from /home/airflow/.local/lib/python3.12/site-packages/airflow/example_dags/example_python_decorator.py
[2025-01-31T14:47:28.583+0000] {processor.py:925} INFO - DAG(s) 'example_python_decorator' retrieved from /home/airflow/.local/lib/python3.12/site-packages/airflow/example_dags/example_python_decorator.py
[2025-01-31T14:47:28.601+0000] {logging_mixin.py:190} INFO - [2025-01-31T14:47:28.601+0000] {dag.py:3239} INFO - Sync 1 DAGs
[2025-01-31T14:47:28.612+0000] {logging_mixin.py:190} INFO - [2025-01-31T14:47:28.612+0000] {dag.py:4180} INFO - Setting next_dagrun for example_python_decorator to None, run_after=None
[2025-01-31T14:47:28.626+0000] {processor.py:208} INFO - Processing /home/airflow/.local/lib/python3.12/site-packages/airflow/example_dags/example_python_decorator.py took 0.062 seconds
[2025-01-31T14:47:59.564+0000] {processor.py:186} INFO - Started process (PID=2662) to work on /home/airflow/.local/lib/python3.12/site-packages/airflow/example_dags/example_python_decorator.py
[2025-01-31T14:47:59.564+0000] {processor.py:914} INFO - Processing file /home/airflow/.local/lib/python3.12/site-packages/airflow/example_dags/example_python_decorator.py for tasks to queue
[2025-01-31T14:47:59.566+0000] {logging_mixin.py:190} INFO - [2025-01-31T14:47:59.566+0000] {dagbag.py:588} INFO - Filling up the DagBag from /home/airflow/.local/lib/python3.12/site-packages/airflow/example_dags/example_python_decorator.py
[2025-01-31T14:47:59.577+0000] {processor.py:925} INFO - DAG(s) 'example_python_decorator' retrieved from /home/airflow/.local/lib/python3.12/site-packages/airflow/example_dags/example_python_decorator.py
[2025-01-31T14:47:59.597+0000] {logging_mixin.py:190} INFO - [2025-01-31T14:47:59.597+0000] {dag.py:3239} INFO - Sync 1 DAGs
[2025-01-31T14:47:59.608+0000] {logging_mixin.py:190} INFO - [2025-01-31T14:47:59.608+0000] {dag.py:4180} INFO - Setting next_dagrun for example_python_decorator to None, run_after=None
[2025-01-31T14:47:59.621+0000] {processor.py:208} INFO - Processing /home/airflow/.local/lib/python3.12/site-packages/airflow/example_dags/example_python_decorator.py took 0.062 seconds
[2025-01-31T14:48:30.277+0000] {processor.py:186} INFO - Started process (PID=2730) to work on /home/airflow/.local/lib/python3.12/site-packages/airflow/example_dags/example_python_decorator.py
[2025-01-31T14:48:30.277+0000] {processor.py:914} INFO - Processing file /home/airflow/.local/lib/python3.12/site-packages/airflow/example_dags/example_python_decorator.py for tasks to queue
[2025-01-31T14:48:30.279+0000] {logging_mixin.py:190} INFO - [2025-01-31T14:48:30.278+0000] {dagbag.py:588} INFO - Filling up the DagBag from /home/airflow/.local/lib/python3.12/site-packages/airflow/example_dags/example_python_decorator.py
[2025-01-31T14:48:30.290+0000] {processor.py:925} INFO - DAG(s) 'example_python_decorator' retrieved from /home/airflow/.local/lib/python3.12/site-packages/airflow/example_dags/example_python_decorator.py
[2025-01-31T14:48:30.307+0000] {logging_mixin.py:190} INFO - [2025-01-31T14:48:30.306+0000] {dag.py:3239} INFO - Sync 1 DAGs
[2025-01-31T14:48:30.317+0000] {logging_mixin.py:190} INFO - [2025-01-31T14:48:30.316+0000] {dag.py:4180} INFO - Setting next_dagrun for example_python_decorator to None, run_after=None
[2025-01-31T14:48:30.329+0000] {processor.py:208} INFO - Processing /home/airflow/.local/lib/python3.12/site-packages/airflow/example_dags/example_python_decorator.py took 0.057 seconds
[2025-01-31T14:49:01.142+0000] {processor.py:186} INFO - Started process (PID=2799) to work on /home/airflow/.local/lib/python3.12/site-packages/airflow/example_dags/example_python_decorator.py
[2025-01-31T14:49:01.143+0000] {processor.py:914} INFO - Processing file /home/airflow/.local/lib/python3.12/site-packages/airflow/example_dags/example_python_decorator.py for tasks to queue
[2025-01-31T14:49:01.144+0000] {logging_mixin.py:190} INFO - [2025-01-31T14:49:01.144+0000] {dagbag.py:588} INFO - Filling up the DagBag from /home/airflow/.local/lib/python3.12/site-packages/airflow/example_dags/example_python_decorator.py
[2025-01-31T14:49:01.156+0000] {processor.py:925} INFO - DAG(s) 'example_python_decorator' retrieved from /home/airflow/.local/lib/python3.12/site-packages/airflow/example_dags/example_python_decorator.py
[2025-01-31T14:49:01.177+0000] {logging_mixin.py:190} INFO - [2025-01-31T14:49:01.176+0000] {dag.py:3239} INFO - Sync 1 DAGs
[2025-01-31T14:49:01.191+0000] {logging_mixin.py:190} INFO - [2025-01-31T14:49:01.190+0000] {dag.py:4180} INFO - Setting next_dagrun for example_python_decorator to None, run_after=None
[2025-01-31T14:49:01.205+0000] {processor.py:208} INFO - Processing /home/airflow/.local/lib/python3.12/site-packages/airflow/example_dags/example_python_decorator.py took 0.068 seconds
[2025-01-31T14:49:32.091+0000] {processor.py:186} INFO - Started process (PID=2865) to work on /home/airflow/.local/lib/python3.12/site-packages/airflow/example_dags/example_python_decorator.py
[2025-01-31T14:49:32.091+0000] {processor.py:914} INFO - Processing file /home/airflow/.local/lib/python3.12/site-packages/airflow/example_dags/example_python_decorator.py for tasks to queue
[2025-01-31T14:49:32.093+0000] {logging_mixin.py:190} INFO - [2025-01-31T14:49:32.093+0000] {dagbag.py:588} INFO - Filling up the DagBag from /home/airflow/.local/lib/python3.12/site-packages/airflow/example_dags/example_python_decorator.py
[2025-01-31T14:49:32.108+0000] {processor.py:925} INFO - DAG(s) 'example_python_decorator' retrieved from /home/airflow/.local/lib/python3.12/site-packages/airflow/example_dags/example_python_decorator.py
[2025-01-31T14:49:32.127+0000] {logging_mixin.py:190} INFO - [2025-01-31T14:49:32.126+0000] {dag.py:3239} INFO - Sync 1 DAGs
[2025-01-31T14:49:32.137+0000] {logging_mixin.py:190} INFO - [2025-01-31T14:49:32.137+0000] {dag.py:4180} INFO - Setting next_dagrun for example_python_decorator to None, run_after=None
[2025-01-31T14:49:32.150+0000] {processor.py:208} INFO - Processing /home/airflow/.local/lib/python3.12/site-packages/airflow/example_dags/example_python_decorator.py took 0.065 seconds
[2025-01-31T14:50:03.309+0000] {processor.py:186} INFO - Started process (PID=2931) to work on /home/airflow/.local/lib/python3.12/site-packages/airflow/example_dags/example_python_decorator.py
[2025-01-31T14:50:03.309+0000] {processor.py:914} INFO - Processing file /home/airflow/.local/lib/python3.12/site-packages/airflow/example_dags/example_python_decorator.py for tasks to queue
[2025-01-31T14:50:03.311+0000] {logging_mixin.py:190} INFO - [2025-01-31T14:50:03.311+0000] {dagbag.py:588} INFO - Filling up the DagBag from /home/airflow/.local/lib/python3.12/site-packages/airflow/example_dags/example_python_decorator.py
[2025-01-31T14:50:03.322+0000] {processor.py:925} INFO - DAG(s) 'example_python_decorator' retrieved from /home/airflow/.local/lib/python3.12/site-packages/airflow/example_dags/example_python_decorator.py
[2025-01-31T14:50:03.342+0000] {logging_mixin.py:190} INFO - [2025-01-31T14:50:03.341+0000] {dag.py:3239} INFO - Sync 1 DAGs
[2025-01-31T14:50:03.354+0000] {logging_mixin.py:190} INFO - [2025-01-31T14:50:03.354+0000] {dag.py:4180} INFO - Setting next_dagrun for example_python_decorator to None, run_after=None
[2025-01-31T14:50:03.367+0000] {processor.py:208} INFO - Processing /home/airflow/.local/lib/python3.12/site-packages/airflow/example_dags/example_python_decorator.py took 0.062 seconds
[2025-01-31T14:50:34.161+0000] {processor.py:186} INFO - Started process (PID=2997) to work on /home/airflow/.local/lib/python3.12/site-packages/airflow/example_dags/example_python_decorator.py
[2025-01-31T14:50:34.162+0000] {processor.py:914} INFO - Processing file /home/airflow/.local/lib/python3.12/site-packages/airflow/example_dags/example_python_decorator.py for tasks to queue
[2025-01-31T14:50:34.164+0000] {logging_mixin.py:190} INFO - [2025-01-31T14:50:34.163+0000] {dagbag.py:588} INFO - Filling up the DagBag from /home/airflow/.local/lib/python3.12/site-packages/airflow/example_dags/example_python_decorator.py
[2025-01-31T14:50:34.176+0000] {processor.py:925} INFO - DAG(s) 'example_python_decorator' retrieved from /home/airflow/.local/lib/python3.12/site-packages/airflow/example_dags/example_python_decorator.py
[2025-01-31T14:50:34.194+0000] {logging_mixin.py:190} INFO - [2025-01-31T14:50:34.194+0000] {dag.py:3239} INFO - Sync 1 DAGs
[2025-01-31T14:50:34.208+0000] {logging_mixin.py:190} INFO - [2025-01-31T14:50:34.208+0000] {dag.py:4180} INFO - Setting next_dagrun for example_python_decorator to None, run_after=None
[2025-01-31T14:50:34.223+0000] {processor.py:208} INFO - Processing /home/airflow/.local/lib/python3.12/site-packages/airflow/example_dags/example_python_decorator.py took 0.066 seconds
[2025-01-31T14:51:04.614+0000] {processor.py:186} INFO - Started process (PID=3064) to work on /home/airflow/.local/lib/python3.12/site-packages/airflow/example_dags/example_python_decorator.py
[2025-01-31T14:51:04.615+0000] {processor.py:914} INFO - Processing file /home/airflow/.local/lib/python3.12/site-packages/airflow/example_dags/example_python_decorator.py for tasks to queue
[2025-01-31T14:51:04.616+0000] {logging_mixin.py:190} INFO - [2025-01-31T14:51:04.616+0000] {dagbag.py:588} INFO - Filling up the DagBag from /home/airflow/.local/lib/python3.12/site-packages/airflow/example_dags/example_python_decorator.py
[2025-01-31T14:51:04.629+0000] {processor.py:925} INFO - DAG(s) 'example_python_decorator' retrieved from /home/airflow/.local/lib/python3.12/site-packages/airflow/example_dags/example_python_decorator.py
[2025-01-31T14:51:04.649+0000] {logging_mixin.py:190} INFO - [2025-01-31T14:51:04.649+0000] {dag.py:3239} INFO - Sync 1 DAGs
[2025-01-31T14:51:04.660+0000] {logging_mixin.py:190} INFO - [2025-01-31T14:51:04.660+0000] {dag.py:4180} INFO - Setting next_dagrun for example_python_decorator to None, run_after=None
[2025-01-31T14:51:04.673+0000] {processor.py:208} INFO - Processing /home/airflow/.local/lib/python3.12/site-packages/airflow/example_dags/example_python_decorator.py took 0.063 seconds
[2025-01-31T14:51:35.278+0000] {processor.py:186} INFO - Started process (PID=3130) to work on /home/airflow/.local/lib/python3.12/site-packages/airflow/example_dags/example_python_decorator.py
[2025-01-31T14:51:35.279+0000] {processor.py:914} INFO - Processing file /home/airflow/.local/lib/python3.12/site-packages/airflow/example_dags/example_python_decorator.py for tasks to queue
[2025-01-31T14:51:35.281+0000] {logging_mixin.py:190} INFO - [2025-01-31T14:51:35.281+0000] {dagbag.py:588} INFO - Filling up the DagBag from /home/airflow/.local/lib/python3.12/site-packages/airflow/example_dags/example_python_decorator.py
[2025-01-31T14:51:35.298+0000] {processor.py:925} INFO - DAG(s) 'example_python_decorator' retrieved from /home/airflow/.local/lib/python3.12/site-packages/airflow/example_dags/example_python_decorator.py
[2025-01-31T14:51:35.322+0000] {logging_mixin.py:190} INFO - [2025-01-31T14:51:35.322+0000] {dag.py:3239} INFO - Sync 1 DAGs
[2025-01-31T14:51:35.338+0000] {logging_mixin.py:190} INFO - [2025-01-31T14:51:35.337+0000] {dag.py:4180} INFO - Setting next_dagrun for example_python_decorator to None, run_after=None
[2025-01-31T14:51:35.355+0000] {processor.py:208} INFO - Processing /home/airflow/.local/lib/python3.12/site-packages/airflow/example_dags/example_python_decorator.py took 0.084 seconds
[2025-01-31T14:52:05.985+0000] {processor.py:186} INFO - Started process (PID=3196) to work on /home/airflow/.local/lib/python3.12/site-packages/airflow/example_dags/example_python_decorator.py
[2025-01-31T14:52:05.986+0000] {processor.py:914} INFO - Processing file /home/airflow/.local/lib/python3.12/site-packages/airflow/example_dags/example_python_decorator.py for tasks to queue
[2025-01-31T14:52:05.987+0000] {logging_mixin.py:190} INFO - [2025-01-31T14:52:05.987+0000] {dagbag.py:588} INFO - Filling up the DagBag from /home/airflow/.local/lib/python3.12/site-packages/airflow/example_dags/example_python_decorator.py
[2025-01-31T14:52:05.998+0000] {processor.py:925} INFO - DAG(s) 'example_python_decorator' retrieved from /home/airflow/.local/lib/python3.12/site-packages/airflow/example_dags/example_python_decorator.py
[2025-01-31T14:52:06.014+0000] {logging_mixin.py:190} INFO - [2025-01-31T14:52:06.014+0000] {dag.py:3239} INFO - Sync 1 DAGs
[2025-01-31T14:52:06.025+0000] {logging_mixin.py:190} INFO - [2025-01-31T14:52:06.024+0000] {dag.py:4180} INFO - Setting next_dagrun for example_python_decorator to None, run_after=None
[2025-01-31T14:52:06.037+0000] {processor.py:208} INFO - Processing /home/airflow/.local/lib/python3.12/site-packages/airflow/example_dags/example_python_decorator.py took 0.056 seconds
[2025-01-31T14:52:36.796+0000] {processor.py:186} INFO - Started process (PID=3262) to work on /home/airflow/.local/lib/python3.12/site-packages/airflow/example_dags/example_python_decorator.py
[2025-01-31T14:52:36.797+0000] {processor.py:914} INFO - Processing file /home/airflow/.local/lib/python3.12/site-packages/airflow/example_dags/example_python_decorator.py for tasks to queue
[2025-01-31T14:52:36.799+0000] {logging_mixin.py:190} INFO - [2025-01-31T14:52:36.799+0000] {dagbag.py:588} INFO - Filling up the DagBag from /home/airflow/.local/lib/python3.12/site-packages/airflow/example_dags/example_python_decorator.py
[2025-01-31T14:52:36.810+0000] {processor.py:925} INFO - DAG(s) 'example_python_decorator' retrieved from /home/airflow/.local/lib/python3.12/site-packages/airflow/example_dags/example_python_decorator.py
[2025-01-31T14:52:36.831+0000] {logging_mixin.py:190} INFO - [2025-01-31T14:52:36.831+0000] {dag.py:3239} INFO - Sync 1 DAGs
[2025-01-31T14:52:36.846+0000] {logging_mixin.py:190} INFO - [2025-01-31T14:52:36.846+0000] {dag.py:4180} INFO - Setting next_dagrun for example_python_decorator to None, run_after=None
[2025-01-31T14:52:36.861+0000] {processor.py:208} INFO - Processing /home/airflow/.local/lib/python3.12/site-packages/airflow/example_dags/example_python_decorator.py took 0.071 seconds
[2025-01-31T14:53:07.984+0000] {processor.py:186} INFO - Started process (PID=3327) to work on /home/airflow/.local/lib/python3.12/site-packages/airflow/example_dags/example_python_decorator.py
[2025-01-31T14:53:07.985+0000] {processor.py:914} INFO - Processing file /home/airflow/.local/lib/python3.12/site-packages/airflow/example_dags/example_python_decorator.py for tasks to queue
[2025-01-31T14:53:07.986+0000] {logging_mixin.py:190} INFO - [2025-01-31T14:53:07.986+0000] {dagbag.py:588} INFO - Filling up the DagBag from /home/airflow/.local/lib/python3.12/site-packages/airflow/example_dags/example_python_decorator.py
[2025-01-31T14:53:07.997+0000] {processor.py:925} INFO - DAG(s) 'example_python_decorator' retrieved from /home/airflow/.local/lib/python3.12/site-packages/airflow/example_dags/example_python_decorator.py
[2025-01-31T14:53:08.020+0000] {logging_mixin.py:190} INFO - [2025-01-31T14:53:08.020+0000] {dag.py:3239} INFO - Sync 1 DAGs
[2025-01-31T14:53:08.035+0000] {logging_mixin.py:190} INFO - [2025-01-31T14:53:08.035+0000] {dag.py:4180} INFO - Setting next_dagrun for example_python_decorator to None, run_after=None
[2025-01-31T14:53:08.048+0000] {processor.py:208} INFO - Processing /home/airflow/.local/lib/python3.12/site-packages/airflow/example_dags/example_python_decorator.py took 0.069 seconds
[2025-01-31T14:53:39.640+0000] {processor.py:186} INFO - Started process (PID=3393) to work on /home/airflow/.local/lib/python3.12/site-packages/airflow/example_dags/example_python_decorator.py
[2025-01-31T14:53:39.641+0000] {processor.py:914} INFO - Processing file /home/airflow/.local/lib/python3.12/site-packages/airflow/example_dags/example_python_decorator.py for tasks to queue
[2025-01-31T14:53:39.643+0000] {logging_mixin.py:190} INFO - [2025-01-31T14:53:39.642+0000] {dagbag.py:588} INFO - Filling up the DagBag from /home/airflow/.local/lib/python3.12/site-packages/airflow/example_dags/example_python_decorator.py
[2025-01-31T14:53:39.662+0000] {processor.py:925} INFO - DAG(s) 'example_python_decorator' retrieved from /home/airflow/.local/lib/python3.12/site-packages/airflow/example_dags/example_python_decorator.py
[2025-01-31T14:53:39.682+0000] {logging_mixin.py:190} INFO - [2025-01-31T14:53:39.682+0000] {dag.py:3239} INFO - Sync 1 DAGs
[2025-01-31T14:53:39.694+0000] {logging_mixin.py:190} INFO - [2025-01-31T14:53:39.694+0000] {dag.py:4180} INFO - Setting next_dagrun for example_python_decorator to None, run_after=None
[2025-01-31T14:53:39.707+0000] {processor.py:208} INFO - Processing /home/airflow/.local/lib/python3.12/site-packages/airflow/example_dags/example_python_decorator.py took 0.073 seconds
[2025-01-31T14:54:10.314+0000] {processor.py:186} INFO - Started process (PID=3459) to work on /home/airflow/.local/lib/python3.12/site-packages/airflow/example_dags/example_python_decorator.py
[2025-01-31T14:54:10.315+0000] {processor.py:914} INFO - Processing file /home/airflow/.local/lib/python3.12/site-packages/airflow/example_dags/example_python_decorator.py for tasks to queue
[2025-01-31T14:54:10.317+0000] {logging_mixin.py:190} INFO - [2025-01-31T14:54:10.317+0000] {dagbag.py:588} INFO - Filling up the DagBag from /home/airflow/.local/lib/python3.12/site-packages/airflow/example_dags/example_python_decorator.py
[2025-01-31T14:54:10.329+0000] {processor.py:925} INFO - DAG(s) 'example_python_decorator' retrieved from /home/airflow/.local/lib/python3.12/site-packages/airflow/example_dags/example_python_decorator.py
[2025-01-31T14:54:10.346+0000] {logging_mixin.py:190} INFO - [2025-01-31T14:54:10.346+0000] {dag.py:3239} INFO - Sync 1 DAGs
[2025-01-31T14:54:10.357+0000] {logging_mixin.py:190} INFO - [2025-01-31T14:54:10.357+0000] {dag.py:4180} INFO - Setting next_dagrun for example_python_decorator to None, run_after=None
[2025-01-31T14:54:10.370+0000] {processor.py:208} INFO - Processing /home/airflow/.local/lib/python3.12/site-packages/airflow/example_dags/example_python_decorator.py took 0.062 seconds
[2025-01-31T14:54:42.930+0000] {processor.py:186} INFO - Started process (PID=3526) to work on /home/airflow/.local/lib/python3.12/site-packages/airflow/example_dags/example_python_decorator.py
[2025-01-31T14:54:42.931+0000] {processor.py:914} INFO - Processing file /home/airflow/.local/lib/python3.12/site-packages/airflow/example_dags/example_python_decorator.py for tasks to queue
[2025-01-31T14:54:42.932+0000] {logging_mixin.py:190} INFO - [2025-01-31T14:54:42.932+0000] {dagbag.py:588} INFO - Filling up the DagBag from /home/airflow/.local/lib/python3.12/site-packages/airflow/example_dags/example_python_decorator.py
[2025-01-31T14:54:43.106+0000] {processor.py:925} INFO - DAG(s) 'example_python_decorator' retrieved from /home/airflow/.local/lib/python3.12/site-packages/airflow/example_dags/example_python_decorator.py
[2025-01-31T14:54:43.127+0000] {logging_mixin.py:190} INFO - [2025-01-31T14:54:43.127+0000] {dag.py:3239} INFO - Sync 1 DAGs
[2025-01-31T14:54:43.140+0000] {logging_mixin.py:190} INFO - [2025-01-31T14:54:43.140+0000] {dag.py:4180} INFO - Setting next_dagrun for example_python_decorator to None, run_after=None
[2025-01-31T14:54:43.160+0000] {processor.py:208} INFO - Processing /home/airflow/.local/lib/python3.12/site-packages/airflow/example_dags/example_python_decorator.py took 0.234 seconds
[2025-01-31T14:55:13.561+0000] {processor.py:186} INFO - Started process (PID=3592) to work on /home/airflow/.local/lib/python3.12/site-packages/airflow/example_dags/example_python_decorator.py
[2025-01-31T14:55:13.562+0000] {processor.py:914} INFO - Processing file /home/airflow/.local/lib/python3.12/site-packages/airflow/example_dags/example_python_decorator.py for tasks to queue
[2025-01-31T14:55:13.564+0000] {logging_mixin.py:190} INFO - [2025-01-31T14:55:13.563+0000] {dagbag.py:588} INFO - Filling up the DagBag from /home/airflow/.local/lib/python3.12/site-packages/airflow/example_dags/example_python_decorator.py
[2025-01-31T14:55:13.577+0000] {processor.py:925} INFO - DAG(s) 'example_python_decorator' retrieved from /home/airflow/.local/lib/python3.12/site-packages/airflow/example_dags/example_python_decorator.py
[2025-01-31T14:55:13.599+0000] {logging_mixin.py:190} INFO - [2025-01-31T14:55:13.599+0000] {dag.py:3239} INFO - Sync 1 DAGs
[2025-01-31T14:55:13.614+0000] {logging_mixin.py:190} INFO - [2025-01-31T14:55:13.614+0000] {dag.py:4180} INFO - Setting next_dagrun for example_python_decorator to None, run_after=None
[2025-01-31T14:55:13.629+0000] {processor.py:208} INFO - Processing /home/airflow/.local/lib/python3.12/site-packages/airflow/example_dags/example_python_decorator.py took 0.072 seconds
[2025-01-31T14:55:44.098+0000] {processor.py:186} INFO - Started process (PID=3664) to work on /home/airflow/.local/lib/python3.12/site-packages/airflow/example_dags/example_python_decorator.py
[2025-01-31T14:55:44.099+0000] {processor.py:914} INFO - Processing file /home/airflow/.local/lib/python3.12/site-packages/airflow/example_dags/example_python_decorator.py for tasks to queue
[2025-01-31T14:55:44.100+0000] {logging_mixin.py:190} INFO - [2025-01-31T14:55:44.100+0000] {dagbag.py:588} INFO - Filling up the DagBag from /home/airflow/.local/lib/python3.12/site-packages/airflow/example_dags/example_python_decorator.py
[2025-01-31T14:55:44.113+0000] {processor.py:925} INFO - DAG(s) 'example_python_decorator' retrieved from /home/airflow/.local/lib/python3.12/site-packages/airflow/example_dags/example_python_decorator.py
[2025-01-31T14:55:44.130+0000] {logging_mixin.py:190} INFO - [2025-01-31T14:55:44.130+0000] {dag.py:3239} INFO - Sync 1 DAGs
[2025-01-31T14:55:44.142+0000] {logging_mixin.py:190} INFO - [2025-01-31T14:55:44.141+0000] {dag.py:4180} INFO - Setting next_dagrun for example_python_decorator to None, run_after=None
[2025-01-31T14:55:44.155+0000] {processor.py:208} INFO - Processing /home/airflow/.local/lib/python3.12/site-packages/airflow/example_dags/example_python_decorator.py took 0.062 seconds
[2025-01-31T14:56:14.879+0000] {processor.py:186} INFO - Started process (PID=3731) to work on /home/airflow/.local/lib/python3.12/site-packages/airflow/example_dags/example_python_decorator.py
[2025-01-31T14:56:14.880+0000] {processor.py:914} INFO - Processing file /home/airflow/.local/lib/python3.12/site-packages/airflow/example_dags/example_python_decorator.py for tasks to queue
[2025-01-31T14:56:14.882+0000] {logging_mixin.py:190} INFO - [2025-01-31T14:56:14.881+0000] {dagbag.py:588} INFO - Filling up the DagBag from /home/airflow/.local/lib/python3.12/site-packages/airflow/example_dags/example_python_decorator.py
[2025-01-31T14:56:14.895+0000] {processor.py:925} INFO - DAG(s) 'example_python_decorator' retrieved from /home/airflow/.local/lib/python3.12/site-packages/airflow/example_dags/example_python_decorator.py
[2025-01-31T14:56:14.912+0000] {logging_mixin.py:190} INFO - [2025-01-31T14:56:14.911+0000] {dag.py:3239} INFO - Sync 1 DAGs
[2025-01-31T14:56:14.925+0000] {logging_mixin.py:190} INFO - [2025-01-31T14:56:14.925+0000] {dag.py:4180} INFO - Setting next_dagrun for example_python_decorator to None, run_after=None
[2025-01-31T14:56:14.939+0000] {processor.py:208} INFO - Processing /home/airflow/.local/lib/python3.12/site-packages/airflow/example_dags/example_python_decorator.py took 0.065 seconds
[2025-01-31T14:56:45.834+0000] {processor.py:186} INFO - Started process (PID=3797) to work on /home/airflow/.local/lib/python3.12/site-packages/airflow/example_dags/example_python_decorator.py
[2025-01-31T14:56:45.835+0000] {processor.py:914} INFO - Processing file /home/airflow/.local/lib/python3.12/site-packages/airflow/example_dags/example_python_decorator.py for tasks to queue
[2025-01-31T14:56:45.837+0000] {logging_mixin.py:190} INFO - [2025-01-31T14:56:45.837+0000] {dagbag.py:588} INFO - Filling up the DagBag from /home/airflow/.local/lib/python3.12/site-packages/airflow/example_dags/example_python_decorator.py
[2025-01-31T14:56:45.848+0000] {processor.py:925} INFO - DAG(s) 'example_python_decorator' retrieved from /home/airflow/.local/lib/python3.12/site-packages/airflow/example_dags/example_python_decorator.py
[2025-01-31T14:56:45.871+0000] {logging_mixin.py:190} INFO - [2025-01-31T14:56:45.871+0000] {dag.py:3239} INFO - Sync 1 DAGs
[2025-01-31T14:56:45.884+0000] {logging_mixin.py:190} INFO - [2025-01-31T14:56:45.884+0000] {dag.py:4180} INFO - Setting next_dagrun for example_python_decorator to None, run_after=None
[2025-01-31T14:56:45.897+0000] {processor.py:208} INFO - Processing /home/airflow/.local/lib/python3.12/site-packages/airflow/example_dags/example_python_decorator.py took 0.070 seconds
[2025-01-31T14:57:16.645+0000] {processor.py:186} INFO - Started process (PID=3867) to work on /home/airflow/.local/lib/python3.12/site-packages/airflow/example_dags/example_python_decorator.py
[2025-01-31T14:57:16.646+0000] {processor.py:914} INFO - Processing file /home/airflow/.local/lib/python3.12/site-packages/airflow/example_dags/example_python_decorator.py for tasks to queue
[2025-01-31T14:57:16.647+0000] {logging_mixin.py:190} INFO - [2025-01-31T14:57:16.647+0000] {dagbag.py:588} INFO - Filling up the DagBag from /home/airflow/.local/lib/python3.12/site-packages/airflow/example_dags/example_python_decorator.py
[2025-01-31T14:57:16.660+0000] {processor.py:925} INFO - DAG(s) 'example_python_decorator' retrieved from /home/airflow/.local/lib/python3.12/site-packages/airflow/example_dags/example_python_decorator.py
[2025-01-31T14:57:16.678+0000] {logging_mixin.py:190} INFO - [2025-01-31T14:57:16.678+0000] {dag.py:3239} INFO - Sync 1 DAGs
[2025-01-31T14:57:16.691+0000] {logging_mixin.py:190} INFO - [2025-01-31T14:57:16.691+0000] {dag.py:4180} INFO - Setting next_dagrun for example_python_decorator to None, run_after=None
[2025-01-31T14:57:16.705+0000] {processor.py:208} INFO - Processing /home/airflow/.local/lib/python3.12/site-packages/airflow/example_dags/example_python_decorator.py took 0.065 seconds
[2025-01-31T14:57:47.269+0000] {processor.py:186} INFO - Started process (PID=3933) to work on /home/airflow/.local/lib/python3.12/site-packages/airflow/example_dags/example_python_decorator.py
[2025-01-31T14:57:47.269+0000] {processor.py:914} INFO - Processing file /home/airflow/.local/lib/python3.12/site-packages/airflow/example_dags/example_python_decorator.py for tasks to queue
[2025-01-31T14:57:47.271+0000] {logging_mixin.py:190} INFO - [2025-01-31T14:57:47.271+0000] {dagbag.py:588} INFO - Filling up the DagBag from /home/airflow/.local/lib/python3.12/site-packages/airflow/example_dags/example_python_decorator.py
[2025-01-31T14:57:47.283+0000] {processor.py:925} INFO - DAG(s) 'example_python_decorator' retrieved from /home/airflow/.local/lib/python3.12/site-packages/airflow/example_dags/example_python_decorator.py
[2025-01-31T14:57:47.299+0000] {logging_mixin.py:190} INFO - [2025-01-31T14:57:47.299+0000] {dag.py:3239} INFO - Sync 1 DAGs
[2025-01-31T14:57:47.310+0000] {logging_mixin.py:190} INFO - [2025-01-31T14:57:47.310+0000] {dag.py:4180} INFO - Setting next_dagrun for example_python_decorator to None, run_after=None
[2025-01-31T14:57:47.322+0000] {processor.py:208} INFO - Processing /home/airflow/.local/lib/python3.12/site-packages/airflow/example_dags/example_python_decorator.py took 0.058 seconds
[2025-01-31T14:58:18.091+0000] {processor.py:186} INFO - Started process (PID=3999) to work on /home/airflow/.local/lib/python3.12/site-packages/airflow/example_dags/example_python_decorator.py
[2025-01-31T14:58:18.092+0000] {processor.py:914} INFO - Processing file /home/airflow/.local/lib/python3.12/site-packages/airflow/example_dags/example_python_decorator.py for tasks to queue
[2025-01-31T14:58:18.093+0000] {logging_mixin.py:190} INFO - [2025-01-31T14:58:18.093+0000] {dagbag.py:588} INFO - Filling up the DagBag from /home/airflow/.local/lib/python3.12/site-packages/airflow/example_dags/example_python_decorator.py
[2025-01-31T14:58:18.105+0000] {processor.py:925} INFO - DAG(s) 'example_python_decorator' retrieved from /home/airflow/.local/lib/python3.12/site-packages/airflow/example_dags/example_python_decorator.py
[2025-01-31T14:58:18.124+0000] {logging_mixin.py:190} INFO - [2025-01-31T14:58:18.124+0000] {dag.py:3239} INFO - Sync 1 DAGs
[2025-01-31T14:58:18.139+0000] {logging_mixin.py:190} INFO - [2025-01-31T14:58:18.138+0000] {dag.py:4180} INFO - Setting next_dagrun for example_python_decorator to None, run_after=None
[2025-01-31T14:58:18.152+0000] {processor.py:208} INFO - Processing /home/airflow/.local/lib/python3.12/site-packages/airflow/example_dags/example_python_decorator.py took 0.065 seconds
[2025-01-31T14:58:48.851+0000] {processor.py:186} INFO - Started process (PID=4065) to work on /home/airflow/.local/lib/python3.12/site-packages/airflow/example_dags/example_python_decorator.py
[2025-01-31T14:58:48.852+0000] {processor.py:914} INFO - Processing file /home/airflow/.local/lib/python3.12/site-packages/airflow/example_dags/example_python_decorator.py for tasks to queue
[2025-01-31T14:58:48.853+0000] {logging_mixin.py:190} INFO - [2025-01-31T14:58:48.853+0000] {dagbag.py:588} INFO - Filling up the DagBag from /home/airflow/.local/lib/python3.12/site-packages/airflow/example_dags/example_python_decorator.py
[2025-01-31T14:58:48.864+0000] {processor.py:925} INFO - DAG(s) 'example_python_decorator' retrieved from /home/airflow/.local/lib/python3.12/site-packages/airflow/example_dags/example_python_decorator.py
[2025-01-31T14:58:48.881+0000] {logging_mixin.py:190} INFO - [2025-01-31T14:58:48.881+0000] {dag.py:3239} INFO - Sync 1 DAGs
[2025-01-31T14:58:48.897+0000] {logging_mixin.py:190} INFO - [2025-01-31T14:58:48.897+0000] {dag.py:4180} INFO - Setting next_dagrun for example_python_decorator to None, run_after=None
[2025-01-31T14:58:48.912+0000] {processor.py:208} INFO - Processing /home/airflow/.local/lib/python3.12/site-packages/airflow/example_dags/example_python_decorator.py took 0.065 seconds
[2025-01-31T14:59:19.781+0000] {processor.py:186} INFO - Started process (PID=4131) to work on /home/airflow/.local/lib/python3.12/site-packages/airflow/example_dags/example_python_decorator.py
[2025-01-31T14:59:19.781+0000] {processor.py:914} INFO - Processing file /home/airflow/.local/lib/python3.12/site-packages/airflow/example_dags/example_python_decorator.py for tasks to queue
[2025-01-31T14:59:19.783+0000] {logging_mixin.py:190} INFO - [2025-01-31T14:59:19.783+0000] {dagbag.py:588} INFO - Filling up the DagBag from /home/airflow/.local/lib/python3.12/site-packages/airflow/example_dags/example_python_decorator.py
[2025-01-31T14:59:19.795+0000] {processor.py:925} INFO - DAG(s) 'example_python_decorator' retrieved from /home/airflow/.local/lib/python3.12/site-packages/airflow/example_dags/example_python_decorator.py
[2025-01-31T14:59:19.812+0000] {logging_mixin.py:190} INFO - [2025-01-31T14:59:19.812+0000] {dag.py:3239} INFO - Sync 1 DAGs
[2025-01-31T14:59:19.823+0000] {logging_mixin.py:190} INFO - [2025-01-31T14:59:19.823+0000] {dag.py:4180} INFO - Setting next_dagrun for example_python_decorator to None, run_after=None
[2025-01-31T14:59:19.839+0000] {processor.py:208} INFO - Processing /home/airflow/.local/lib/python3.12/site-packages/airflow/example_dags/example_python_decorator.py took 0.064 seconds
[2025-01-31T14:59:50.505+0000] {processor.py:186} INFO - Started process (PID=4197) to work on /home/airflow/.local/lib/python3.12/site-packages/airflow/example_dags/example_python_decorator.py
[2025-01-31T14:59:50.505+0000] {processor.py:914} INFO - Processing file /home/airflow/.local/lib/python3.12/site-packages/airflow/example_dags/example_python_decorator.py for tasks to queue
[2025-01-31T14:59:50.507+0000] {logging_mixin.py:190} INFO - [2025-01-31T14:59:50.507+0000] {dagbag.py:588} INFO - Filling up the DagBag from /home/airflow/.local/lib/python3.12/site-packages/airflow/example_dags/example_python_decorator.py
[2025-01-31T14:59:50.523+0000] {processor.py:925} INFO - DAG(s) 'example_python_decorator' retrieved from /home/airflow/.local/lib/python3.12/site-packages/airflow/example_dags/example_python_decorator.py
[2025-01-31T14:59:50.547+0000] {logging_mixin.py:190} INFO - [2025-01-31T14:59:50.546+0000] {dag.py:3239} INFO - Sync 1 DAGs
[2025-01-31T14:59:50.562+0000] {logging_mixin.py:190} INFO - [2025-01-31T14:59:50.562+0000] {dag.py:4180} INFO - Setting next_dagrun for example_python_decorator to None, run_after=None
[2025-01-31T14:59:50.577+0000] {processor.py:208} INFO - Processing /home/airflow/.local/lib/python3.12/site-packages/airflow/example_dags/example_python_decorator.py took 0.077 seconds
[2025-01-31T15:00:21.558+0000] {processor.py:186} INFO - Started process (PID=4262) to work on /home/airflow/.local/lib/python3.12/site-packages/airflow/example_dags/example_python_decorator.py
[2025-01-31T15:00:21.559+0000] {processor.py:914} INFO - Processing file /home/airflow/.local/lib/python3.12/site-packages/airflow/example_dags/example_python_decorator.py for tasks to queue
[2025-01-31T15:00:21.561+0000] {logging_mixin.py:190} INFO - [2025-01-31T15:00:21.561+0000] {dagbag.py:588} INFO - Filling up the DagBag from /home/airflow/.local/lib/python3.12/site-packages/airflow/example_dags/example_python_decorator.py
[2025-01-31T15:00:21.577+0000] {processor.py:925} INFO - DAG(s) 'example_python_decorator' retrieved from /home/airflow/.local/lib/python3.12/site-packages/airflow/example_dags/example_python_decorator.py
[2025-01-31T15:00:21.600+0000] {logging_mixin.py:190} INFO - [2025-01-31T15:00:21.600+0000] {dag.py:3239} INFO - Sync 1 DAGs
[2025-01-31T15:00:21.614+0000] {logging_mixin.py:190} INFO - [2025-01-31T15:00:21.614+0000] {dag.py:4180} INFO - Setting next_dagrun for example_python_decorator to None, run_after=None
[2025-01-31T15:00:21.630+0000] {processor.py:208} INFO - Processing /home/airflow/.local/lib/python3.12/site-packages/airflow/example_dags/example_python_decorator.py took 0.078 seconds
[2025-01-31T15:00:52.688+0000] {processor.py:186} INFO - Started process (PID=4328) to work on /home/airflow/.local/lib/python3.12/site-packages/airflow/example_dags/example_python_decorator.py
[2025-01-31T15:00:52.689+0000] {processor.py:914} INFO - Processing file /home/airflow/.local/lib/python3.12/site-packages/airflow/example_dags/example_python_decorator.py for tasks to queue
[2025-01-31T15:00:52.690+0000] {logging_mixin.py:190} INFO - [2025-01-31T15:00:52.690+0000] {dagbag.py:588} INFO - Filling up the DagBag from /home/airflow/.local/lib/python3.12/site-packages/airflow/example_dags/example_python_decorator.py
[2025-01-31T15:00:52.705+0000] {processor.py:925} INFO - DAG(s) 'example_python_decorator' retrieved from /home/airflow/.local/lib/python3.12/site-packages/airflow/example_dags/example_python_decorator.py
[2025-01-31T15:00:52.727+0000] {logging_mixin.py:190} INFO - [2025-01-31T15:00:52.727+0000] {dag.py:3239} INFO - Sync 1 DAGs
[2025-01-31T15:00:52.741+0000] {logging_mixin.py:190} INFO - [2025-01-31T15:00:52.741+0000] {dag.py:4180} INFO - Setting next_dagrun for example_python_decorator to None, run_after=None
[2025-01-31T15:00:52.757+0000] {processor.py:208} INFO - Processing /home/airflow/.local/lib/python3.12/site-packages/airflow/example_dags/example_python_decorator.py took 0.075 seconds
[2025-01-31T15:01:23.665+0000] {processor.py:186} INFO - Started process (PID=4394) to work on /home/airflow/.local/lib/python3.12/site-packages/airflow/example_dags/example_python_decorator.py
[2025-01-31T15:01:23.666+0000] {processor.py:914} INFO - Processing file /home/airflow/.local/lib/python3.12/site-packages/airflow/example_dags/example_python_decorator.py for tasks to queue
[2025-01-31T15:01:23.667+0000] {logging_mixin.py:190} INFO - [2025-01-31T15:01:23.667+0000] {dagbag.py:588} INFO - Filling up the DagBag from /home/airflow/.local/lib/python3.12/site-packages/airflow/example_dags/example_python_decorator.py
[2025-01-31T15:01:23.679+0000] {processor.py:925} INFO - DAG(s) 'example_python_decorator' retrieved from /home/airflow/.local/lib/python3.12/site-packages/airflow/example_dags/example_python_decorator.py
[2025-01-31T15:01:23.697+0000] {logging_mixin.py:190} INFO - [2025-01-31T15:01:23.696+0000] {dag.py:3239} INFO - Sync 1 DAGs
[2025-01-31T15:01:23.708+0000] {logging_mixin.py:190} INFO - [2025-01-31T15:01:23.707+0000] {dag.py:4180} INFO - Setting next_dagrun for example_python_decorator to None, run_after=None
[2025-01-31T15:01:23.721+0000] {processor.py:208} INFO - Processing /home/airflow/.local/lib/python3.12/site-packages/airflow/example_dags/example_python_decorator.py took 0.061 seconds
