[2025-01-31T14:27:40.068+0000] {processor.py:186} INFO - Started process (PID=69) to work on /home/airflow/.local/lib/python3.12/site-packages/airflow/example_dags/example_branch_python_dop_operator_3.py
[2025-01-31T14:27:40.069+0000] {processor.py:914} INFO - Processing file /home/airflow/.local/lib/python3.12/site-packages/airflow/example_dags/example_branch_python_dop_operator_3.py for tasks to queue
[2025-01-31T14:27:40.071+0000] {logging_mixin.py:190} INFO - [2025-01-31T14:27:40.071+0000] {dagbag.py:588} INFO - Filling up the DagBag from /home/airflow/.local/lib/python3.12/site-packages/airflow/example_dags/example_branch_python_dop_operator_3.py
[2025-01-31T14:27:40.085+0000] {processor.py:925} INFO - DAG(s) 'example_branch_dop_operator_v3' retrieved from /home/airflow/.local/lib/python3.12/site-packages/airflow/example_dags/example_branch_python_dop_operator_3.py
[2025-01-31T14:27:40.203+0000] {logging_mixin.py:190} INFO - [2025-01-31T14:27:40.202+0000] {override.py:1911} INFO - Created Permission View: can delete on DAG:example_branch_dop_operator_v3
[2025-01-31T14:27:40.211+0000] {logging_mixin.py:190} INFO - [2025-01-31T14:27:40.210+0000] {override.py:1911} INFO - Created Permission View: can edit on DAG:example_branch_dop_operator_v3
[2025-01-31T14:27:40.216+0000] {logging_mixin.py:190} INFO - [2025-01-31T14:27:40.216+0000] {override.py:1911} INFO - Created Permission View: can read on DAG:example_branch_dop_operator_v3
[2025-01-31T14:27:40.222+0000] {logging_mixin.py:190} INFO - [2025-01-31T14:27:40.222+0000] {override.py:1911} INFO - Created Permission View: menu access on DAG Run:example_branch_dop_operator_v3
[2025-01-31T14:27:40.229+0000] {logging_mixin.py:190} INFO - [2025-01-31T14:27:40.229+0000] {override.py:1911} INFO - Created Permission View: can create on DAG Run:example_branch_dop_operator_v3
[2025-01-31T14:27:40.235+0000] {logging_mixin.py:190} INFO - [2025-01-31T14:27:40.235+0000] {override.py:1911} INFO - Created Permission View: can delete on DAG Run:example_branch_dop_operator_v3
[2025-01-31T14:27:40.240+0000] {logging_mixin.py:190} INFO - [2025-01-31T14:27:40.240+0000] {override.py:1911} INFO - Created Permission View: can read on DAG Run:example_branch_dop_operator_v3
[2025-01-31T14:27:40.241+0000] {logging_mixin.py:190} INFO - [2025-01-31T14:27:40.240+0000] {dag.py:3239} INFO - Sync 1 DAGs
[2025-01-31T14:27:40.256+0000] {logging_mixin.py:190} INFO - [2025-01-31T14:27:40.256+0000] {dag.py:3262} INFO - Creating ORM DAG for example_branch_dop_operator_v3
[2025-01-31T14:27:40.271+0000] {logging_mixin.py:190} INFO - [2025-01-31T14:27:40.271+0000] {dag.py:4180} INFO - Setting next_dagrun for example_branch_dop_operator_v3 to 2025-01-31 14:26:00+00:00, run_after=2025-01-31 14:27:00+00:00
[2025-01-31T14:27:40.287+0000] {processor.py:208} INFO - Processing /home/airflow/.local/lib/python3.12/site-packages/airflow/example_dags/example_branch_python_dop_operator_3.py took 0.226 seconds
[2025-01-31T14:28:10.851+0000] {processor.py:186} INFO - Started process (PID=134) to work on /home/airflow/.local/lib/python3.12/site-packages/airflow/example_dags/example_branch_python_dop_operator_3.py
[2025-01-31T14:28:10.852+0000] {processor.py:914} INFO - Processing file /home/airflow/.local/lib/python3.12/site-packages/airflow/example_dags/example_branch_python_dop_operator_3.py for tasks to queue
[2025-01-31T14:28:10.853+0000] {logging_mixin.py:190} INFO - [2025-01-31T14:28:10.853+0000] {dagbag.py:588} INFO - Filling up the DagBag from /home/airflow/.local/lib/python3.12/site-packages/airflow/example_dags/example_branch_python_dop_operator_3.py
[2025-01-31T14:28:10.864+0000] {processor.py:925} INFO - DAG(s) 'example_branch_dop_operator_v3' retrieved from /home/airflow/.local/lib/python3.12/site-packages/airflow/example_dags/example_branch_python_dop_operator_3.py
[2025-01-31T14:28:10.884+0000] {logging_mixin.py:190} INFO - [2025-01-31T14:28:10.883+0000] {dag.py:3239} INFO - Sync 1 DAGs
[2025-01-31T14:28:10.914+0000] {logging_mixin.py:190} INFO - [2025-01-31T14:28:10.914+0000] {dag.py:4180} INFO - Setting next_dagrun for example_branch_dop_operator_v3 to 2025-01-31 14:27:00+00:00, run_after=2025-01-31 14:28:00+00:00
[2025-01-31T14:28:10.929+0000] {processor.py:208} INFO - Processing /home/airflow/.local/lib/python3.12/site-packages/airflow/example_dags/example_branch_python_dop_operator_3.py took 0.082 seconds
[2025-01-31T14:28:41.056+0000] {processor.py:186} INFO - Started process (PID=199) to work on /home/airflow/.local/lib/python3.12/site-packages/airflow/example_dags/example_branch_python_dop_operator_3.py
[2025-01-31T14:28:41.057+0000] {processor.py:914} INFO - Processing file /home/airflow/.local/lib/python3.12/site-packages/airflow/example_dags/example_branch_python_dop_operator_3.py for tasks to queue
[2025-01-31T14:28:41.058+0000] {logging_mixin.py:190} INFO - [2025-01-31T14:28:41.058+0000] {dagbag.py:588} INFO - Filling up the DagBag from /home/airflow/.local/lib/python3.12/site-packages/airflow/example_dags/example_branch_python_dop_operator_3.py
[2025-01-31T14:28:41.066+0000] {processor.py:925} INFO - DAG(s) 'example_branch_dop_operator_v3' retrieved from /home/airflow/.local/lib/python3.12/site-packages/airflow/example_dags/example_branch_python_dop_operator_3.py
[2025-01-31T14:28:41.082+0000] {logging_mixin.py:190} INFO - [2025-01-31T14:28:41.082+0000] {dag.py:3239} INFO - Sync 1 DAGs
[2025-01-31T14:28:41.104+0000] {logging_mixin.py:190} INFO - [2025-01-31T14:28:41.104+0000] {dag.py:4180} INFO - Setting next_dagrun for example_branch_dop_operator_v3 to 2025-01-31 14:27:00+00:00, run_after=2025-01-31 14:28:00+00:00
[2025-01-31T14:28:41.117+0000] {processor.py:208} INFO - Processing /home/airflow/.local/lib/python3.12/site-packages/airflow/example_dags/example_branch_python_dop_operator_3.py took 0.065 seconds
[2025-01-31T14:29:11.261+0000] {processor.py:186} INFO - Started process (PID=265) to work on /home/airflow/.local/lib/python3.12/site-packages/airflow/example_dags/example_branch_python_dop_operator_3.py
[2025-01-31T14:29:11.262+0000] {processor.py:914} INFO - Processing file /home/airflow/.local/lib/python3.12/site-packages/airflow/example_dags/example_branch_python_dop_operator_3.py for tasks to queue
[2025-01-31T14:29:11.263+0000] {logging_mixin.py:190} INFO - [2025-01-31T14:29:11.263+0000] {dagbag.py:588} INFO - Filling up the DagBag from /home/airflow/.local/lib/python3.12/site-packages/airflow/example_dags/example_branch_python_dop_operator_3.py
[2025-01-31T14:29:11.271+0000] {processor.py:925} INFO - DAG(s) 'example_branch_dop_operator_v3' retrieved from /home/airflow/.local/lib/python3.12/site-packages/airflow/example_dags/example_branch_python_dop_operator_3.py
[2025-01-31T14:29:11.285+0000] {logging_mixin.py:190} INFO - [2025-01-31T14:29:11.285+0000] {dag.py:3239} INFO - Sync 1 DAGs
[2025-01-31T14:29:11.306+0000] {logging_mixin.py:190} INFO - [2025-01-31T14:29:11.305+0000] {dag.py:4180} INFO - Setting next_dagrun for example_branch_dop_operator_v3 to 2025-01-31 14:28:00+00:00, run_after=2025-01-31 14:29:00+00:00
[2025-01-31T14:29:11.319+0000] {processor.py:208} INFO - Processing /home/airflow/.local/lib/python3.12/site-packages/airflow/example_dags/example_branch_python_dop_operator_3.py took 0.062 seconds
[2025-01-31T14:29:41.632+0000] {processor.py:186} INFO - Started process (PID=330) to work on /home/airflow/.local/lib/python3.12/site-packages/airflow/example_dags/example_branch_python_dop_operator_3.py
[2025-01-31T14:29:41.632+0000] {processor.py:914} INFO - Processing file /home/airflow/.local/lib/python3.12/site-packages/airflow/example_dags/example_branch_python_dop_operator_3.py for tasks to queue
[2025-01-31T14:29:41.634+0000] {logging_mixin.py:190} INFO - [2025-01-31T14:29:41.634+0000] {dagbag.py:588} INFO - Filling up the DagBag from /home/airflow/.local/lib/python3.12/site-packages/airflow/example_dags/example_branch_python_dop_operator_3.py
[2025-01-31T14:29:41.645+0000] {processor.py:925} INFO - DAG(s) 'example_branch_dop_operator_v3' retrieved from /home/airflow/.local/lib/python3.12/site-packages/airflow/example_dags/example_branch_python_dop_operator_3.py
[2025-01-31T14:29:41.664+0000] {logging_mixin.py:190} INFO - [2025-01-31T14:29:41.664+0000] {dag.py:3239} INFO - Sync 1 DAGs
[2025-01-31T14:29:41.683+0000] {logging_mixin.py:190} INFO - [2025-01-31T14:29:41.683+0000] {dag.py:4180} INFO - Setting next_dagrun for example_branch_dop_operator_v3 to 2025-01-31 14:28:00+00:00, run_after=2025-01-31 14:29:00+00:00
[2025-01-31T14:29:41.697+0000] {processor.py:208} INFO - Processing /home/airflow/.local/lib/python3.12/site-packages/airflow/example_dags/example_branch_python_dop_operator_3.py took 0.071 seconds
[2025-01-31T14:30:12.248+0000] {processor.py:186} INFO - Started process (PID=395) to work on /home/airflow/.local/lib/python3.12/site-packages/airflow/example_dags/example_branch_python_dop_operator_3.py
[2025-01-31T14:30:12.248+0000] {processor.py:914} INFO - Processing file /home/airflow/.local/lib/python3.12/site-packages/airflow/example_dags/example_branch_python_dop_operator_3.py for tasks to queue
[2025-01-31T14:30:12.250+0000] {logging_mixin.py:190} INFO - [2025-01-31T14:30:12.249+0000] {dagbag.py:588} INFO - Filling up the DagBag from /home/airflow/.local/lib/python3.12/site-packages/airflow/example_dags/example_branch_python_dop_operator_3.py
[2025-01-31T14:30:12.257+0000] {processor.py:925} INFO - DAG(s) 'example_branch_dop_operator_v3' retrieved from /home/airflow/.local/lib/python3.12/site-packages/airflow/example_dags/example_branch_python_dop_operator_3.py
[2025-01-31T14:30:12.271+0000] {logging_mixin.py:190} INFO - [2025-01-31T14:30:12.271+0000] {dag.py:3239} INFO - Sync 1 DAGs
[2025-01-31T14:30:12.291+0000] {logging_mixin.py:190} INFO - [2025-01-31T14:30:12.290+0000] {dag.py:4180} INFO - Setting next_dagrun for example_branch_dop_operator_v3 to 2025-01-31 14:29:00+00:00, run_after=2025-01-31 14:30:00+00:00
[2025-01-31T14:30:12.303+0000] {processor.py:208} INFO - Processing /home/airflow/.local/lib/python3.12/site-packages/airflow/example_dags/example_branch_python_dop_operator_3.py took 0.060 seconds
[2025-01-31T14:30:42.362+0000] {processor.py:186} INFO - Started process (PID=460) to work on /home/airflow/.local/lib/python3.12/site-packages/airflow/example_dags/example_branch_python_dop_operator_3.py
[2025-01-31T14:30:42.362+0000] {processor.py:914} INFO - Processing file /home/airflow/.local/lib/python3.12/site-packages/airflow/example_dags/example_branch_python_dop_operator_3.py for tasks to queue
[2025-01-31T14:30:42.364+0000] {logging_mixin.py:190} INFO - [2025-01-31T14:30:42.363+0000] {dagbag.py:588} INFO - Filling up the DagBag from /home/airflow/.local/lib/python3.12/site-packages/airflow/example_dags/example_branch_python_dop_operator_3.py
[2025-01-31T14:30:42.372+0000] {processor.py:925} INFO - DAG(s) 'example_branch_dop_operator_v3' retrieved from /home/airflow/.local/lib/python3.12/site-packages/airflow/example_dags/example_branch_python_dop_operator_3.py
[2025-01-31T14:30:42.388+0000] {logging_mixin.py:190} INFO - [2025-01-31T14:30:42.387+0000] {dag.py:3239} INFO - Sync 1 DAGs
[2025-01-31T14:30:42.409+0000] {logging_mixin.py:190} INFO - [2025-01-31T14:30:42.409+0000] {dag.py:4180} INFO - Setting next_dagrun for example_branch_dop_operator_v3 to 2025-01-31 14:29:00+00:00, run_after=2025-01-31 14:30:00+00:00
[2025-01-31T14:30:42.424+0000] {processor.py:208} INFO - Processing /home/airflow/.local/lib/python3.12/site-packages/airflow/example_dags/example_branch_python_dop_operator_3.py took 0.066 seconds
[2025-01-31T14:31:13.008+0000] {processor.py:186} INFO - Started process (PID=525) to work on /home/airflow/.local/lib/python3.12/site-packages/airflow/example_dags/example_branch_python_dop_operator_3.py
[2025-01-31T14:31:13.009+0000] {processor.py:914} INFO - Processing file /home/airflow/.local/lib/python3.12/site-packages/airflow/example_dags/example_branch_python_dop_operator_3.py for tasks to queue
[2025-01-31T14:31:13.011+0000] {logging_mixin.py:190} INFO - [2025-01-31T14:31:13.010+0000] {dagbag.py:588} INFO - Filling up the DagBag from /home/airflow/.local/lib/python3.12/site-packages/airflow/example_dags/example_branch_python_dop_operator_3.py
[2025-01-31T14:31:13.019+0000] {processor.py:925} INFO - DAG(s) 'example_branch_dop_operator_v3' retrieved from /home/airflow/.local/lib/python3.12/site-packages/airflow/example_dags/example_branch_python_dop_operator_3.py
[2025-01-31T14:31:13.034+0000] {logging_mixin.py:190} INFO - [2025-01-31T14:31:13.033+0000] {dag.py:3239} INFO - Sync 1 DAGs
[2025-01-31T14:31:13.053+0000] {logging_mixin.py:190} INFO - [2025-01-31T14:31:13.053+0000] {dag.py:4180} INFO - Setting next_dagrun for example_branch_dop_operator_v3 to 2025-01-31 14:30:00+00:00, run_after=2025-01-31 14:31:00+00:00
[2025-01-31T14:31:13.066+0000] {processor.py:208} INFO - Processing /home/airflow/.local/lib/python3.12/site-packages/airflow/example_dags/example_branch_python_dop_operator_3.py took 0.062 seconds
[2025-01-31T14:31:43.658+0000] {processor.py:186} INFO - Started process (PID=591) to work on /home/airflow/.local/lib/python3.12/site-packages/airflow/example_dags/example_branch_python_dop_operator_3.py
[2025-01-31T14:31:43.659+0000] {processor.py:914} INFO - Processing file /home/airflow/.local/lib/python3.12/site-packages/airflow/example_dags/example_branch_python_dop_operator_3.py for tasks to queue
[2025-01-31T14:31:43.660+0000] {logging_mixin.py:190} INFO - [2025-01-31T14:31:43.660+0000] {dagbag.py:588} INFO - Filling up the DagBag from /home/airflow/.local/lib/python3.12/site-packages/airflow/example_dags/example_branch_python_dop_operator_3.py
[2025-01-31T14:31:43.668+0000] {processor.py:925} INFO - DAG(s) 'example_branch_dop_operator_v3' retrieved from /home/airflow/.local/lib/python3.12/site-packages/airflow/example_dags/example_branch_python_dop_operator_3.py
[2025-01-31T14:31:43.685+0000] {logging_mixin.py:190} INFO - [2025-01-31T14:31:43.685+0000] {dag.py:3239} INFO - Sync 1 DAGs
[2025-01-31T14:31:43.709+0000] {logging_mixin.py:190} INFO - [2025-01-31T14:31:43.709+0000] {dag.py:4180} INFO - Setting next_dagrun for example_branch_dop_operator_v3 to 2025-01-31 14:30:00+00:00, run_after=2025-01-31 14:31:00+00:00
[2025-01-31T14:31:43.723+0000] {processor.py:208} INFO - Processing /home/airflow/.local/lib/python3.12/site-packages/airflow/example_dags/example_branch_python_dop_operator_3.py took 0.069 seconds
[2025-01-31T14:32:13.782+0000] {processor.py:186} INFO - Started process (PID=655) to work on /home/airflow/.local/lib/python3.12/site-packages/airflow/example_dags/example_branch_python_dop_operator_3.py
[2025-01-31T14:32:13.783+0000] {processor.py:914} INFO - Processing file /home/airflow/.local/lib/python3.12/site-packages/airflow/example_dags/example_branch_python_dop_operator_3.py for tasks to queue
[2025-01-31T14:32:13.784+0000] {logging_mixin.py:190} INFO - [2025-01-31T14:32:13.784+0000] {dagbag.py:588} INFO - Filling up the DagBag from /home/airflow/.local/lib/python3.12/site-packages/airflow/example_dags/example_branch_python_dop_operator_3.py
[2025-01-31T14:32:13.792+0000] {processor.py:925} INFO - DAG(s) 'example_branch_dop_operator_v3' retrieved from /home/airflow/.local/lib/python3.12/site-packages/airflow/example_dags/example_branch_python_dop_operator_3.py
[2025-01-31T14:32:13.810+0000] {logging_mixin.py:190} INFO - [2025-01-31T14:32:13.810+0000] {dag.py:3239} INFO - Sync 1 DAGs
[2025-01-31T14:32:13.839+0000] {logging_mixin.py:190} INFO - [2025-01-31T14:32:13.838+0000] {dag.py:4180} INFO - Setting next_dagrun for example_branch_dop_operator_v3 to 2025-01-31 14:31:00+00:00, run_after=2025-01-31 14:32:00+00:00
[2025-01-31T14:32:13.855+0000] {processor.py:208} INFO - Processing /home/airflow/.local/lib/python3.12/site-packages/airflow/example_dags/example_branch_python_dop_operator_3.py took 0.077 seconds
[2025-01-31T14:32:43.948+0000] {processor.py:186} INFO - Started process (PID=721) to work on /home/airflow/.local/lib/python3.12/site-packages/airflow/example_dags/example_branch_python_dop_operator_3.py
[2025-01-31T14:32:43.949+0000] {processor.py:914} INFO - Processing file /home/airflow/.local/lib/python3.12/site-packages/airflow/example_dags/example_branch_python_dop_operator_3.py for tasks to queue
[2025-01-31T14:32:43.950+0000] {logging_mixin.py:190} INFO - [2025-01-31T14:32:43.950+0000] {dagbag.py:588} INFO - Filling up the DagBag from /home/airflow/.local/lib/python3.12/site-packages/airflow/example_dags/example_branch_python_dop_operator_3.py
[2025-01-31T14:32:43.959+0000] {processor.py:925} INFO - DAG(s) 'example_branch_dop_operator_v3' retrieved from /home/airflow/.local/lib/python3.12/site-packages/airflow/example_dags/example_branch_python_dop_operator_3.py
[2025-01-31T14:32:43.975+0000] {logging_mixin.py:190} INFO - [2025-01-31T14:32:43.975+0000] {dag.py:3239} INFO - Sync 1 DAGs
[2025-01-31T14:32:43.996+0000] {logging_mixin.py:190} INFO - [2025-01-31T14:32:43.996+0000] {dag.py:4180} INFO - Setting next_dagrun for example_branch_dop_operator_v3 to 2025-01-31 14:31:00+00:00, run_after=2025-01-31 14:32:00+00:00
[2025-01-31T14:32:44.011+0000] {processor.py:208} INFO - Processing /home/airflow/.local/lib/python3.12/site-packages/airflow/example_dags/example_branch_python_dop_operator_3.py took 0.068 seconds
[2025-01-31T14:33:14.680+0000] {processor.py:186} INFO - Started process (PID=787) to work on /home/airflow/.local/lib/python3.12/site-packages/airflow/example_dags/example_branch_python_dop_operator_3.py
[2025-01-31T14:33:14.680+0000] {processor.py:914} INFO - Processing file /home/airflow/.local/lib/python3.12/site-packages/airflow/example_dags/example_branch_python_dop_operator_3.py for tasks to queue
[2025-01-31T14:33:14.683+0000] {logging_mixin.py:190} INFO - [2025-01-31T14:33:14.682+0000] {dagbag.py:588} INFO - Filling up the DagBag from /home/airflow/.local/lib/python3.12/site-packages/airflow/example_dags/example_branch_python_dop_operator_3.py
[2025-01-31T14:33:14.693+0000] {processor.py:925} INFO - DAG(s) 'example_branch_dop_operator_v3' retrieved from /home/airflow/.local/lib/python3.12/site-packages/airflow/example_dags/example_branch_python_dop_operator_3.py
[2025-01-31T14:33:14.710+0000] {logging_mixin.py:190} INFO - [2025-01-31T14:33:14.710+0000] {dag.py:3239} INFO - Sync 1 DAGs
[2025-01-31T14:33:14.730+0000] {logging_mixin.py:190} INFO - [2025-01-31T14:33:14.730+0000] {dag.py:4180} INFO - Setting next_dagrun for example_branch_dop_operator_v3 to 2025-01-31 14:32:00+00:00, run_after=2025-01-31 14:33:00+00:00
[2025-01-31T14:33:14.745+0000] {processor.py:208} INFO - Processing /home/airflow/.local/lib/python3.12/site-packages/airflow/example_dags/example_branch_python_dop_operator_3.py took 0.071 seconds
[2025-01-31T14:33:45.326+0000] {processor.py:186} INFO - Started process (PID=852) to work on /home/airflow/.local/lib/python3.12/site-packages/airflow/example_dags/example_branch_python_dop_operator_3.py
[2025-01-31T14:33:45.326+0000] {processor.py:914} INFO - Processing file /home/airflow/.local/lib/python3.12/site-packages/airflow/example_dags/example_branch_python_dop_operator_3.py for tasks to queue
[2025-01-31T14:33:45.328+0000] {logging_mixin.py:190} INFO - [2025-01-31T14:33:45.328+0000] {dagbag.py:588} INFO - Filling up the DagBag from /home/airflow/.local/lib/python3.12/site-packages/airflow/example_dags/example_branch_python_dop_operator_3.py
[2025-01-31T14:33:45.336+0000] {processor.py:925} INFO - DAG(s) 'example_branch_dop_operator_v3' retrieved from /home/airflow/.local/lib/python3.12/site-packages/airflow/example_dags/example_branch_python_dop_operator_3.py
[2025-01-31T14:33:45.353+0000] {logging_mixin.py:190} INFO - [2025-01-31T14:33:45.353+0000] {dag.py:3239} INFO - Sync 1 DAGs
[2025-01-31T14:33:45.380+0000] {logging_mixin.py:190} INFO - [2025-01-31T14:33:45.380+0000] {dag.py:4180} INFO - Setting next_dagrun for example_branch_dop_operator_v3 to 2025-01-31 14:32:00+00:00, run_after=2025-01-31 14:33:00+00:00
[2025-01-31T14:33:45.395+0000] {processor.py:208} INFO - Processing /home/airflow/.local/lib/python3.12/site-packages/airflow/example_dags/example_branch_python_dop_operator_3.py took 0.074 seconds
[2025-01-31T14:34:15.965+0000] {processor.py:186} INFO - Started process (PID=917) to work on /home/airflow/.local/lib/python3.12/site-packages/airflow/example_dags/example_branch_python_dop_operator_3.py
[2025-01-31T14:34:15.966+0000] {processor.py:914} INFO - Processing file /home/airflow/.local/lib/python3.12/site-packages/airflow/example_dags/example_branch_python_dop_operator_3.py for tasks to queue
[2025-01-31T14:34:15.967+0000] {logging_mixin.py:190} INFO - [2025-01-31T14:34:15.967+0000] {dagbag.py:588} INFO - Filling up the DagBag from /home/airflow/.local/lib/python3.12/site-packages/airflow/example_dags/example_branch_python_dop_operator_3.py
[2025-01-31T14:34:15.976+0000] {processor.py:925} INFO - DAG(s) 'example_branch_dop_operator_v3' retrieved from /home/airflow/.local/lib/python3.12/site-packages/airflow/example_dags/example_branch_python_dop_operator_3.py
[2025-01-31T14:34:15.993+0000] {logging_mixin.py:190} INFO - [2025-01-31T14:34:15.993+0000] {dag.py:3239} INFO - Sync 1 DAGs
[2025-01-31T14:34:16.020+0000] {logging_mixin.py:190} INFO - [2025-01-31T14:34:16.020+0000] {dag.py:4180} INFO - Setting next_dagrun for example_branch_dop_operator_v3 to 2025-01-31 14:33:00+00:00, run_after=2025-01-31 14:34:00+00:00
[2025-01-31T14:34:16.037+0000] {processor.py:208} INFO - Processing /home/airflow/.local/lib/python3.12/site-packages/airflow/example_dags/example_branch_python_dop_operator_3.py took 0.076 seconds
[2025-01-31T14:34:46.075+0000] {processor.py:186} INFO - Started process (PID=983) to work on /home/airflow/.local/lib/python3.12/site-packages/airflow/example_dags/example_branch_python_dop_operator_3.py
[2025-01-31T14:34:46.076+0000] {processor.py:914} INFO - Processing file /home/airflow/.local/lib/python3.12/site-packages/airflow/example_dags/example_branch_python_dop_operator_3.py for tasks to queue
[2025-01-31T14:34:46.077+0000] {logging_mixin.py:190} INFO - [2025-01-31T14:34:46.077+0000] {dagbag.py:588} INFO - Filling up the DagBag from /home/airflow/.local/lib/python3.12/site-packages/airflow/example_dags/example_branch_python_dop_operator_3.py
[2025-01-31T14:34:46.085+0000] {processor.py:925} INFO - DAG(s) 'example_branch_dop_operator_v3' retrieved from /home/airflow/.local/lib/python3.12/site-packages/airflow/example_dags/example_branch_python_dop_operator_3.py
[2025-01-31T14:34:46.103+0000] {logging_mixin.py:190} INFO - [2025-01-31T14:34:46.103+0000] {dag.py:3239} INFO - Sync 1 DAGs
[2025-01-31T14:34:46.126+0000] {logging_mixin.py:190} INFO - [2025-01-31T14:34:46.126+0000] {dag.py:4180} INFO - Setting next_dagrun for example_branch_dop_operator_v3 to 2025-01-31 14:33:00+00:00, run_after=2025-01-31 14:34:00+00:00
[2025-01-31T14:34:46.140+0000] {processor.py:208} INFO - Processing /home/airflow/.local/lib/python3.12/site-packages/airflow/example_dags/example_branch_python_dop_operator_3.py took 0.070 seconds
[2025-01-31T14:35:16.855+0000] {processor.py:186} INFO - Started process (PID=1048) to work on /home/airflow/.local/lib/python3.12/site-packages/airflow/example_dags/example_branch_python_dop_operator_3.py
[2025-01-31T14:35:16.856+0000] {processor.py:914} INFO - Processing file /home/airflow/.local/lib/python3.12/site-packages/airflow/example_dags/example_branch_python_dop_operator_3.py for tasks to queue
[2025-01-31T14:35:16.857+0000] {logging_mixin.py:190} INFO - [2025-01-31T14:35:16.857+0000] {dagbag.py:588} INFO - Filling up the DagBag from /home/airflow/.local/lib/python3.12/site-packages/airflow/example_dags/example_branch_python_dop_operator_3.py
[2025-01-31T14:35:16.866+0000] {processor.py:925} INFO - DAG(s) 'example_branch_dop_operator_v3' retrieved from /home/airflow/.local/lib/python3.12/site-packages/airflow/example_dags/example_branch_python_dop_operator_3.py
[2025-01-31T14:35:16.882+0000] {logging_mixin.py:190} INFO - [2025-01-31T14:35:16.881+0000] {dag.py:3239} INFO - Sync 1 DAGs
[2025-01-31T14:35:16.905+0000] {logging_mixin.py:190} INFO - [2025-01-31T14:35:16.904+0000] {dag.py:4180} INFO - Setting next_dagrun for example_branch_dop_operator_v3 to 2025-01-31 14:34:00+00:00, run_after=2025-01-31 14:35:00+00:00
[2025-01-31T14:35:16.922+0000] {processor.py:208} INFO - Processing /home/airflow/.local/lib/python3.12/site-packages/airflow/example_dags/example_branch_python_dop_operator_3.py took 0.072 seconds
[2025-01-31T14:35:46.984+0000] {processor.py:186} INFO - Started process (PID=1113) to work on /home/airflow/.local/lib/python3.12/site-packages/airflow/example_dags/example_branch_python_dop_operator_3.py
[2025-01-31T14:35:46.984+0000] {processor.py:914} INFO - Processing file /home/airflow/.local/lib/python3.12/site-packages/airflow/example_dags/example_branch_python_dop_operator_3.py for tasks to queue
[2025-01-31T14:35:46.987+0000] {logging_mixin.py:190} INFO - [2025-01-31T14:35:46.986+0000] {dagbag.py:588} INFO - Filling up the DagBag from /home/airflow/.local/lib/python3.12/site-packages/airflow/example_dags/example_branch_python_dop_operator_3.py
[2025-01-31T14:35:46.998+0000] {processor.py:925} INFO - DAG(s) 'example_branch_dop_operator_v3' retrieved from /home/airflow/.local/lib/python3.12/site-packages/airflow/example_dags/example_branch_python_dop_operator_3.py
[2025-01-31T14:35:47.018+0000] {logging_mixin.py:190} INFO - [2025-01-31T14:35:47.018+0000] {dag.py:3239} INFO - Sync 1 DAGs
[2025-01-31T14:35:47.046+0000] {logging_mixin.py:190} INFO - [2025-01-31T14:35:47.046+0000] {dag.py:4180} INFO - Setting next_dagrun for example_branch_dop_operator_v3 to 2025-01-31 14:34:00+00:00, run_after=2025-01-31 14:35:00+00:00
[2025-01-31T14:35:47.063+0000] {processor.py:208} INFO - Processing /home/airflow/.local/lib/python3.12/site-packages/airflow/example_dags/example_branch_python_dop_operator_3.py took 0.085 seconds
[2025-01-31T14:36:17.375+0000] {processor.py:186} INFO - Started process (PID=1179) to work on /home/airflow/.local/lib/python3.12/site-packages/airflow/example_dags/example_branch_python_dop_operator_3.py
[2025-01-31T14:36:17.376+0000] {processor.py:914} INFO - Processing file /home/airflow/.local/lib/python3.12/site-packages/airflow/example_dags/example_branch_python_dop_operator_3.py for tasks to queue
[2025-01-31T14:36:17.377+0000] {logging_mixin.py:190} INFO - [2025-01-31T14:36:17.377+0000] {dagbag.py:588} INFO - Filling up the DagBag from /home/airflow/.local/lib/python3.12/site-packages/airflow/example_dags/example_branch_python_dop_operator_3.py
[2025-01-31T14:36:17.385+0000] {processor.py:925} INFO - DAG(s) 'example_branch_dop_operator_v3' retrieved from /home/airflow/.local/lib/python3.12/site-packages/airflow/example_dags/example_branch_python_dop_operator_3.py
[2025-01-31T14:36:17.403+0000] {logging_mixin.py:190} INFO - [2025-01-31T14:36:17.403+0000] {dag.py:3239} INFO - Sync 1 DAGs
[2025-01-31T14:36:17.427+0000] {logging_mixin.py:190} INFO - [2025-01-31T14:36:17.426+0000] {dag.py:4180} INFO - Setting next_dagrun for example_branch_dop_operator_v3 to 2025-01-31 14:35:00+00:00, run_after=2025-01-31 14:36:00+00:00
[2025-01-31T14:36:17.440+0000] {processor.py:208} INFO - Processing /home/airflow/.local/lib/python3.12/site-packages/airflow/example_dags/example_branch_python_dop_operator_3.py took 0.069 seconds
[2025-01-31T14:36:47.664+0000] {processor.py:186} INFO - Started process (PID=1244) to work on /home/airflow/.local/lib/python3.12/site-packages/airflow/example_dags/example_branch_python_dop_operator_3.py
[2025-01-31T14:36:47.665+0000] {processor.py:914} INFO - Processing file /home/airflow/.local/lib/python3.12/site-packages/airflow/example_dags/example_branch_python_dop_operator_3.py for tasks to queue
[2025-01-31T14:36:47.666+0000] {logging_mixin.py:190} INFO - [2025-01-31T14:36:47.666+0000] {dagbag.py:588} INFO - Filling up the DagBag from /home/airflow/.local/lib/python3.12/site-packages/airflow/example_dags/example_branch_python_dop_operator_3.py
[2025-01-31T14:36:47.674+0000] {processor.py:925} INFO - DAG(s) 'example_branch_dop_operator_v3' retrieved from /home/airflow/.local/lib/python3.12/site-packages/airflow/example_dags/example_branch_python_dop_operator_3.py
[2025-01-31T14:36:47.688+0000] {logging_mixin.py:190} INFO - [2025-01-31T14:36:47.688+0000] {dag.py:3239} INFO - Sync 1 DAGs
[2025-01-31T14:36:47.708+0000] {logging_mixin.py:190} INFO - [2025-01-31T14:36:47.708+0000] {dag.py:4180} INFO - Setting next_dagrun for example_branch_dop_operator_v3 to 2025-01-31 14:35:00+00:00, run_after=2025-01-31 14:36:00+00:00
[2025-01-31T14:36:47.722+0000] {processor.py:208} INFO - Processing /home/airflow/.local/lib/python3.12/site-packages/airflow/example_dags/example_branch_python_dop_operator_3.py took 0.062 seconds
[2025-01-31T14:37:17.885+0000] {processor.py:186} INFO - Started process (PID=1309) to work on /home/airflow/.local/lib/python3.12/site-packages/airflow/example_dags/example_branch_python_dop_operator_3.py
[2025-01-31T14:37:17.886+0000] {processor.py:914} INFO - Processing file /home/airflow/.local/lib/python3.12/site-packages/airflow/example_dags/example_branch_python_dop_operator_3.py for tasks to queue
[2025-01-31T14:37:17.887+0000] {logging_mixin.py:190} INFO - [2025-01-31T14:37:17.887+0000] {dagbag.py:588} INFO - Filling up the DagBag from /home/airflow/.local/lib/python3.12/site-packages/airflow/example_dags/example_branch_python_dop_operator_3.py
[2025-01-31T14:37:17.895+0000] {processor.py:925} INFO - DAG(s) 'example_branch_dop_operator_v3' retrieved from /home/airflow/.local/lib/python3.12/site-packages/airflow/example_dags/example_branch_python_dop_operator_3.py
[2025-01-31T14:37:17.911+0000] {logging_mixin.py:190} INFO - [2025-01-31T14:37:17.911+0000] {dag.py:3239} INFO - Sync 1 DAGs
[2025-01-31T14:37:17.933+0000] {logging_mixin.py:190} INFO - [2025-01-31T14:37:17.933+0000] {dag.py:4180} INFO - Setting next_dagrun for example_branch_dop_operator_v3 to 2025-01-31 14:36:00+00:00, run_after=2025-01-31 14:37:00+00:00
[2025-01-31T14:37:17.949+0000] {processor.py:208} INFO - Processing /home/airflow/.local/lib/python3.12/site-packages/airflow/example_dags/example_branch_python_dop_operator_3.py took 0.068 seconds
[2025-01-31T14:37:48.461+0000] {processor.py:186} INFO - Started process (PID=1374) to work on /home/airflow/.local/lib/python3.12/site-packages/airflow/example_dags/example_branch_python_dop_operator_3.py
[2025-01-31T14:37:48.462+0000] {processor.py:914} INFO - Processing file /home/airflow/.local/lib/python3.12/site-packages/airflow/example_dags/example_branch_python_dop_operator_3.py for tasks to queue
[2025-01-31T14:37:48.463+0000] {logging_mixin.py:190} INFO - [2025-01-31T14:37:48.463+0000] {dagbag.py:588} INFO - Filling up the DagBag from /home/airflow/.local/lib/python3.12/site-packages/airflow/example_dags/example_branch_python_dop_operator_3.py
[2025-01-31T14:37:48.471+0000] {processor.py:925} INFO - DAG(s) 'example_branch_dop_operator_v3' retrieved from /home/airflow/.local/lib/python3.12/site-packages/airflow/example_dags/example_branch_python_dop_operator_3.py
[2025-01-31T14:37:48.486+0000] {logging_mixin.py:190} INFO - [2025-01-31T14:37:48.485+0000] {dag.py:3239} INFO - Sync 1 DAGs
[2025-01-31T14:37:48.506+0000] {logging_mixin.py:190} INFO - [2025-01-31T14:37:48.506+0000] {dag.py:4180} INFO - Setting next_dagrun for example_branch_dop_operator_v3 to 2025-01-31 14:36:00+00:00, run_after=2025-01-31 14:37:00+00:00
[2025-01-31T14:37:48.519+0000] {processor.py:208} INFO - Processing /home/airflow/.local/lib/python3.12/site-packages/airflow/example_dags/example_branch_python_dop_operator_3.py took 0.062 seconds
[2025-01-31T14:38:19.421+0000] {processor.py:186} INFO - Started process (PID=1439) to work on /home/airflow/.local/lib/python3.12/site-packages/airflow/example_dags/example_branch_python_dop_operator_3.py
[2025-01-31T14:38:19.421+0000] {processor.py:914} INFO - Processing file /home/airflow/.local/lib/python3.12/site-packages/airflow/example_dags/example_branch_python_dop_operator_3.py for tasks to queue
[2025-01-31T14:38:19.423+0000] {logging_mixin.py:190} INFO - [2025-01-31T14:38:19.423+0000] {dagbag.py:588} INFO - Filling up the DagBag from /home/airflow/.local/lib/python3.12/site-packages/airflow/example_dags/example_branch_python_dop_operator_3.py
[2025-01-31T14:38:19.431+0000] {processor.py:925} INFO - DAG(s) 'example_branch_dop_operator_v3' retrieved from /home/airflow/.local/lib/python3.12/site-packages/airflow/example_dags/example_branch_python_dop_operator_3.py
[2025-01-31T14:38:19.448+0000] {logging_mixin.py:190} INFO - [2025-01-31T14:38:19.448+0000] {dag.py:3239} INFO - Sync 1 DAGs
[2025-01-31T14:38:19.471+0000] {logging_mixin.py:190} INFO - [2025-01-31T14:38:19.471+0000] {dag.py:4180} INFO - Setting next_dagrun for example_branch_dop_operator_v3 to 2025-01-31 14:37:00+00:00, run_after=2025-01-31 14:38:00+00:00
[2025-01-31T14:38:19.486+0000] {processor.py:208} INFO - Processing /home/airflow/.local/lib/python3.12/site-packages/airflow/example_dags/example_branch_python_dop_operator_3.py took 0.069 seconds
[2025-01-31T14:38:49.746+0000] {processor.py:186} INFO - Started process (PID=1504) to work on /home/airflow/.local/lib/python3.12/site-packages/airflow/example_dags/example_branch_python_dop_operator_3.py
[2025-01-31T14:38:49.747+0000] {processor.py:914} INFO - Processing file /home/airflow/.local/lib/python3.12/site-packages/airflow/example_dags/example_branch_python_dop_operator_3.py for tasks to queue
[2025-01-31T14:38:49.748+0000] {logging_mixin.py:190} INFO - [2025-01-31T14:38:49.748+0000] {dagbag.py:588} INFO - Filling up the DagBag from /home/airflow/.local/lib/python3.12/site-packages/airflow/example_dags/example_branch_python_dop_operator_3.py
[2025-01-31T14:38:49.757+0000] {processor.py:925} INFO - DAG(s) 'example_branch_dop_operator_v3' retrieved from /home/airflow/.local/lib/python3.12/site-packages/airflow/example_dags/example_branch_python_dop_operator_3.py
[2025-01-31T14:38:49.772+0000] {logging_mixin.py:190} INFO - [2025-01-31T14:38:49.771+0000] {dag.py:3239} INFO - Sync 1 DAGs
[2025-01-31T14:38:49.791+0000] {logging_mixin.py:190} INFO - [2025-01-31T14:38:49.791+0000] {dag.py:4180} INFO - Setting next_dagrun for example_branch_dop_operator_v3 to 2025-01-31 14:37:00+00:00, run_after=2025-01-31 14:38:00+00:00
[2025-01-31T14:38:49.805+0000] {processor.py:208} INFO - Processing /home/airflow/.local/lib/python3.12/site-packages/airflow/example_dags/example_branch_python_dop_operator_3.py took 0.063 seconds
[2025-01-31T14:39:20.022+0000] {processor.py:186} INFO - Started process (PID=1570) to work on /home/airflow/.local/lib/python3.12/site-packages/airflow/example_dags/example_branch_python_dop_operator_3.py
[2025-01-31T14:39:20.023+0000] {processor.py:914} INFO - Processing file /home/airflow/.local/lib/python3.12/site-packages/airflow/example_dags/example_branch_python_dop_operator_3.py for tasks to queue
[2025-01-31T14:39:20.025+0000] {logging_mixin.py:190} INFO - [2025-01-31T14:39:20.025+0000] {dagbag.py:588} INFO - Filling up the DagBag from /home/airflow/.local/lib/python3.12/site-packages/airflow/example_dags/example_branch_python_dop_operator_3.py
[2025-01-31T14:39:20.034+0000] {processor.py:925} INFO - DAG(s) 'example_branch_dop_operator_v3' retrieved from /home/airflow/.local/lib/python3.12/site-packages/airflow/example_dags/example_branch_python_dop_operator_3.py
[2025-01-31T14:39:20.049+0000] {logging_mixin.py:190} INFO - [2025-01-31T14:39:20.049+0000] {dag.py:3239} INFO - Sync 1 DAGs
[2025-01-31T14:39:20.069+0000] {logging_mixin.py:190} INFO - [2025-01-31T14:39:20.069+0000] {dag.py:4180} INFO - Setting next_dagrun for example_branch_dop_operator_v3 to 2025-01-31 14:38:00+00:00, run_after=2025-01-31 14:39:00+00:00
[2025-01-31T14:39:20.082+0000] {processor.py:208} INFO - Processing /home/airflow/.local/lib/python3.12/site-packages/airflow/example_dags/example_branch_python_dop_operator_3.py took 0.067 seconds
[2025-01-31T14:39:50.308+0000] {processor.py:186} INFO - Started process (PID=1634) to work on /home/airflow/.local/lib/python3.12/site-packages/airflow/example_dags/example_branch_python_dop_operator_3.py
[2025-01-31T14:39:50.308+0000] {processor.py:914} INFO - Processing file /home/airflow/.local/lib/python3.12/site-packages/airflow/example_dags/example_branch_python_dop_operator_3.py for tasks to queue
[2025-01-31T14:39:50.310+0000] {logging_mixin.py:190} INFO - [2025-01-31T14:39:50.310+0000] {dagbag.py:588} INFO - Filling up the DagBag from /home/airflow/.local/lib/python3.12/site-packages/airflow/example_dags/example_branch_python_dop_operator_3.py
[2025-01-31T14:39:50.318+0000] {processor.py:925} INFO - DAG(s) 'example_branch_dop_operator_v3' retrieved from /home/airflow/.local/lib/python3.12/site-packages/airflow/example_dags/example_branch_python_dop_operator_3.py
[2025-01-31T14:39:50.332+0000] {logging_mixin.py:190} INFO - [2025-01-31T14:39:50.332+0000] {dag.py:3239} INFO - Sync 1 DAGs
[2025-01-31T14:39:50.351+0000] {logging_mixin.py:190} INFO - [2025-01-31T14:39:50.351+0000] {dag.py:4180} INFO - Setting next_dagrun for example_branch_dop_operator_v3 to 2025-01-31 14:38:00+00:00, run_after=2025-01-31 14:39:00+00:00
[2025-01-31T14:39:50.364+0000] {processor.py:208} INFO - Processing /home/airflow/.local/lib/python3.12/site-packages/airflow/example_dags/example_branch_python_dop_operator_3.py took 0.060 seconds
[2025-01-31T14:40:21.116+0000] {processor.py:186} INFO - Started process (PID=1699) to work on /home/airflow/.local/lib/python3.12/site-packages/airflow/example_dags/example_branch_python_dop_operator_3.py
[2025-01-31T14:40:21.116+0000] {processor.py:914} INFO - Processing file /home/airflow/.local/lib/python3.12/site-packages/airflow/example_dags/example_branch_python_dop_operator_3.py for tasks to queue
[2025-01-31T14:40:21.118+0000] {logging_mixin.py:190} INFO - [2025-01-31T14:40:21.118+0000] {dagbag.py:588} INFO - Filling up the DagBag from /home/airflow/.local/lib/python3.12/site-packages/airflow/example_dags/example_branch_python_dop_operator_3.py
[2025-01-31T14:40:21.126+0000] {processor.py:925} INFO - DAG(s) 'example_branch_dop_operator_v3' retrieved from /home/airflow/.local/lib/python3.12/site-packages/airflow/example_dags/example_branch_python_dop_operator_3.py
[2025-01-31T14:40:21.143+0000] {logging_mixin.py:190} INFO - [2025-01-31T14:40:21.143+0000] {dag.py:3239} INFO - Sync 1 DAGs
[2025-01-31T14:40:21.165+0000] {logging_mixin.py:190} INFO - [2025-01-31T14:40:21.165+0000] {dag.py:4180} INFO - Setting next_dagrun for example_branch_dop_operator_v3 to 2025-01-31 14:39:00+00:00, run_after=2025-01-31 14:40:00+00:00
[2025-01-31T14:40:21.181+0000] {processor.py:208} INFO - Processing /home/airflow/.local/lib/python3.12/site-packages/airflow/example_dags/example_branch_python_dop_operator_3.py took 0.069 seconds
[2025-01-31T14:40:51.305+0000] {processor.py:186} INFO - Started process (PID=1764) to work on /home/airflow/.local/lib/python3.12/site-packages/airflow/example_dags/example_branch_python_dop_operator_3.py
[2025-01-31T14:40:51.306+0000] {processor.py:914} INFO - Processing file /home/airflow/.local/lib/python3.12/site-packages/airflow/example_dags/example_branch_python_dop_operator_3.py for tasks to queue
[2025-01-31T14:40:51.307+0000] {logging_mixin.py:190} INFO - [2025-01-31T14:40:51.307+0000] {dagbag.py:588} INFO - Filling up the DagBag from /home/airflow/.local/lib/python3.12/site-packages/airflow/example_dags/example_branch_python_dop_operator_3.py
[2025-01-31T14:40:51.315+0000] {processor.py:925} INFO - DAG(s) 'example_branch_dop_operator_v3' retrieved from /home/airflow/.local/lib/python3.12/site-packages/airflow/example_dags/example_branch_python_dop_operator_3.py
[2025-01-31T14:40:51.332+0000] {logging_mixin.py:190} INFO - [2025-01-31T14:40:51.332+0000] {dag.py:3239} INFO - Sync 1 DAGs
[2025-01-31T14:40:51.355+0000] {logging_mixin.py:190} INFO - [2025-01-31T14:40:51.355+0000] {dag.py:4180} INFO - Setting next_dagrun for example_branch_dop_operator_v3 to 2025-01-31 14:39:00+00:00, run_after=2025-01-31 14:40:00+00:00
[2025-01-31T14:40:51.368+0000] {processor.py:208} INFO - Processing /home/airflow/.local/lib/python3.12/site-packages/airflow/example_dags/example_branch_python_dop_operator_3.py took 0.067 seconds
[2025-01-31T14:41:21.465+0000] {processor.py:186} INFO - Started process (PID=1829) to work on /home/airflow/.local/lib/python3.12/site-packages/airflow/example_dags/example_branch_python_dop_operator_3.py
[2025-01-31T14:41:21.465+0000] {processor.py:914} INFO - Processing file /home/airflow/.local/lib/python3.12/site-packages/airflow/example_dags/example_branch_python_dop_operator_3.py for tasks to queue
[2025-01-31T14:41:21.467+0000] {logging_mixin.py:190} INFO - [2025-01-31T14:41:21.467+0000] {dagbag.py:588} INFO - Filling up the DagBag from /home/airflow/.local/lib/python3.12/site-packages/airflow/example_dags/example_branch_python_dop_operator_3.py
[2025-01-31T14:41:21.475+0000] {processor.py:925} INFO - DAG(s) 'example_branch_dop_operator_v3' retrieved from /home/airflow/.local/lib/python3.12/site-packages/airflow/example_dags/example_branch_python_dop_operator_3.py
[2025-01-31T14:41:21.492+0000] {logging_mixin.py:190} INFO - [2025-01-31T14:41:21.492+0000] {dag.py:3239} INFO - Sync 1 DAGs
[2025-01-31T14:41:21.519+0000] {logging_mixin.py:190} INFO - [2025-01-31T14:41:21.519+0000] {dag.py:4180} INFO - Setting next_dagrun for example_branch_dop_operator_v3 to 2025-01-31 14:40:00+00:00, run_after=2025-01-31 14:41:00+00:00
[2025-01-31T14:41:21.533+0000] {processor.py:208} INFO - Processing /home/airflow/.local/lib/python3.12/site-packages/airflow/example_dags/example_branch_python_dop_operator_3.py took 0.073 seconds
[2025-01-31T14:41:51.832+0000] {processor.py:186} INFO - Started process (PID=1895) to work on /home/airflow/.local/lib/python3.12/site-packages/airflow/example_dags/example_branch_python_dop_operator_3.py
[2025-01-31T14:41:51.833+0000] {processor.py:914} INFO - Processing file /home/airflow/.local/lib/python3.12/site-packages/airflow/example_dags/example_branch_python_dop_operator_3.py for tasks to queue
[2025-01-31T14:41:51.834+0000] {logging_mixin.py:190} INFO - [2025-01-31T14:41:51.834+0000] {dagbag.py:588} INFO - Filling up the DagBag from /home/airflow/.local/lib/python3.12/site-packages/airflow/example_dags/example_branch_python_dop_operator_3.py
[2025-01-31T14:41:51.842+0000] {processor.py:925} INFO - DAG(s) 'example_branch_dop_operator_v3' retrieved from /home/airflow/.local/lib/python3.12/site-packages/airflow/example_dags/example_branch_python_dop_operator_3.py
[2025-01-31T14:41:51.860+0000] {logging_mixin.py:190} INFO - [2025-01-31T14:41:51.860+0000] {dag.py:3239} INFO - Sync 1 DAGs
[2025-01-31T14:41:51.886+0000] {logging_mixin.py:190} INFO - [2025-01-31T14:41:51.885+0000] {dag.py:4180} INFO - Setting next_dagrun for example_branch_dop_operator_v3 to 2025-01-31 14:40:00+00:00, run_after=2025-01-31 14:41:00+00:00
[2025-01-31T14:41:51.900+0000] {processor.py:208} INFO - Processing /home/airflow/.local/lib/python3.12/site-packages/airflow/example_dags/example_branch_python_dop_operator_3.py took 0.072 seconds
[2025-01-31T14:42:22.076+0000] {processor.py:186} INFO - Started process (PID=1960) to work on /home/airflow/.local/lib/python3.12/site-packages/airflow/example_dags/example_branch_python_dop_operator_3.py
[2025-01-31T14:42:22.077+0000] {processor.py:914} INFO - Processing file /home/airflow/.local/lib/python3.12/site-packages/airflow/example_dags/example_branch_python_dop_operator_3.py for tasks to queue
[2025-01-31T14:42:22.078+0000] {logging_mixin.py:190} INFO - [2025-01-31T14:42:22.078+0000] {dagbag.py:588} INFO - Filling up the DagBag from /home/airflow/.local/lib/python3.12/site-packages/airflow/example_dags/example_branch_python_dop_operator_3.py
[2025-01-31T14:42:22.087+0000] {processor.py:925} INFO - DAG(s) 'example_branch_dop_operator_v3' retrieved from /home/airflow/.local/lib/python3.12/site-packages/airflow/example_dags/example_branch_python_dop_operator_3.py
[2025-01-31T14:42:22.102+0000] {logging_mixin.py:190} INFO - [2025-01-31T14:42:22.102+0000] {dag.py:3239} INFO - Sync 1 DAGs
[2025-01-31T14:42:22.126+0000] {logging_mixin.py:190} INFO - [2025-01-31T14:42:22.125+0000] {dag.py:4180} INFO - Setting next_dagrun for example_branch_dop_operator_v3 to 2025-01-31 14:41:00+00:00, run_after=2025-01-31 14:42:00+00:00
[2025-01-31T14:42:22.141+0000] {processor.py:208} INFO - Processing /home/airflow/.local/lib/python3.12/site-packages/airflow/example_dags/example_branch_python_dop_operator_3.py took 0.069 seconds
[2025-01-31T14:42:52.601+0000] {processor.py:186} INFO - Started process (PID=2025) to work on /home/airflow/.local/lib/python3.12/site-packages/airflow/example_dags/example_branch_python_dop_operator_3.py
[2025-01-31T14:42:52.602+0000] {processor.py:914} INFO - Processing file /home/airflow/.local/lib/python3.12/site-packages/airflow/example_dags/example_branch_python_dop_operator_3.py for tasks to queue
[2025-01-31T14:42:52.603+0000] {logging_mixin.py:190} INFO - [2025-01-31T14:42:52.603+0000] {dagbag.py:588} INFO - Filling up the DagBag from /home/airflow/.local/lib/python3.12/site-packages/airflow/example_dags/example_branch_python_dop_operator_3.py
[2025-01-31T14:42:52.611+0000] {processor.py:925} INFO - DAG(s) 'example_branch_dop_operator_v3' retrieved from /home/airflow/.local/lib/python3.12/site-packages/airflow/example_dags/example_branch_python_dop_operator_3.py
[2025-01-31T14:42:52.632+0000] {logging_mixin.py:190} INFO - [2025-01-31T14:42:52.632+0000] {dag.py:3239} INFO - Sync 1 DAGs
[2025-01-31T14:42:52.663+0000] {logging_mixin.py:190} INFO - [2025-01-31T14:42:52.662+0000] {dag.py:4180} INFO - Setting next_dagrun for example_branch_dop_operator_v3 to 2025-01-31 14:41:00+00:00, run_after=2025-01-31 14:42:00+00:00
[2025-01-31T14:42:52.680+0000] {processor.py:208} INFO - Processing /home/airflow/.local/lib/python3.12/site-packages/airflow/example_dags/example_branch_python_dop_operator_3.py took 0.083 seconds
[2025-01-31T14:43:23.240+0000] {processor.py:186} INFO - Started process (PID=2089) to work on /home/airflow/.local/lib/python3.12/site-packages/airflow/example_dags/example_branch_python_dop_operator_3.py
[2025-01-31T14:43:23.241+0000] {processor.py:914} INFO - Processing file /home/airflow/.local/lib/python3.12/site-packages/airflow/example_dags/example_branch_python_dop_operator_3.py for tasks to queue
[2025-01-31T14:43:23.243+0000] {logging_mixin.py:190} INFO - [2025-01-31T14:43:23.243+0000] {dagbag.py:588} INFO - Filling up the DagBag from /home/airflow/.local/lib/python3.12/site-packages/airflow/example_dags/example_branch_python_dop_operator_3.py
[2025-01-31T14:43:23.258+0000] {processor.py:925} INFO - DAG(s) 'example_branch_dop_operator_v3' retrieved from /home/airflow/.local/lib/python3.12/site-packages/airflow/example_dags/example_branch_python_dop_operator_3.py
[2025-01-31T14:43:23.281+0000] {logging_mixin.py:190} INFO - [2025-01-31T14:43:23.281+0000] {dag.py:3239} INFO - Sync 1 DAGs
[2025-01-31T14:43:23.311+0000] {logging_mixin.py:190} INFO - [2025-01-31T14:43:23.311+0000] {dag.py:4180} INFO - Setting next_dagrun for example_branch_dop_operator_v3 to 2025-01-31 14:42:00+00:00, run_after=2025-01-31 14:43:00+00:00
[2025-01-31T14:43:23.330+0000] {processor.py:208} INFO - Processing /home/airflow/.local/lib/python3.12/site-packages/airflow/example_dags/example_branch_python_dop_operator_3.py took 0.096 seconds
[2025-01-31T14:43:53.423+0000] {processor.py:186} INFO - Started process (PID=2155) to work on /home/airflow/.local/lib/python3.12/site-packages/airflow/example_dags/example_branch_python_dop_operator_3.py
[2025-01-31T14:43:53.423+0000] {processor.py:914} INFO - Processing file /home/airflow/.local/lib/python3.12/site-packages/airflow/example_dags/example_branch_python_dop_operator_3.py for tasks to queue
[2025-01-31T14:43:53.426+0000] {logging_mixin.py:190} INFO - [2025-01-31T14:43:53.425+0000] {dagbag.py:588} INFO - Filling up the DagBag from /home/airflow/.local/lib/python3.12/site-packages/airflow/example_dags/example_branch_python_dop_operator_3.py
[2025-01-31T14:43:53.435+0000] {processor.py:925} INFO - DAG(s) 'example_branch_dop_operator_v3' retrieved from /home/airflow/.local/lib/python3.12/site-packages/airflow/example_dags/example_branch_python_dop_operator_3.py
[2025-01-31T14:43:53.449+0000] {logging_mixin.py:190} INFO - [2025-01-31T14:43:53.449+0000] {dag.py:3239} INFO - Sync 1 DAGs
[2025-01-31T14:43:53.469+0000] {logging_mixin.py:190} INFO - [2025-01-31T14:43:53.469+0000] {dag.py:4180} INFO - Setting next_dagrun for example_branch_dop_operator_v3 to 2025-01-31 14:42:00+00:00, run_after=2025-01-31 14:43:00+00:00
[2025-01-31T14:43:53.481+0000] {processor.py:208} INFO - Processing /home/airflow/.local/lib/python3.12/site-packages/airflow/example_dags/example_branch_python_dop_operator_3.py took 0.065 seconds
[2025-01-31T14:44:23.900+0000] {processor.py:186} INFO - Started process (PID=2219) to work on /home/airflow/.local/lib/python3.12/site-packages/airflow/example_dags/example_branch_python_dop_operator_3.py
[2025-01-31T14:44:23.901+0000] {processor.py:914} INFO - Processing file /home/airflow/.local/lib/python3.12/site-packages/airflow/example_dags/example_branch_python_dop_operator_3.py for tasks to queue
[2025-01-31T14:44:23.902+0000] {logging_mixin.py:190} INFO - [2025-01-31T14:44:23.902+0000] {dagbag.py:588} INFO - Filling up the DagBag from /home/airflow/.local/lib/python3.12/site-packages/airflow/example_dags/example_branch_python_dop_operator_3.py
[2025-01-31T14:44:23.913+0000] {processor.py:925} INFO - DAG(s) 'example_branch_dop_operator_v3' retrieved from /home/airflow/.local/lib/python3.12/site-packages/airflow/example_dags/example_branch_python_dop_operator_3.py
[2025-01-31T14:44:23.927+0000] {logging_mixin.py:190} INFO - [2025-01-31T14:44:23.927+0000] {dag.py:3239} INFO - Sync 1 DAGs
[2025-01-31T14:44:23.947+0000] {logging_mixin.py:190} INFO - [2025-01-31T14:44:23.947+0000] {dag.py:4180} INFO - Setting next_dagrun for example_branch_dop_operator_v3 to 2025-01-31 14:43:00+00:00, run_after=2025-01-31 14:44:00+00:00
[2025-01-31T14:44:23.961+0000] {processor.py:208} INFO - Processing /home/airflow/.local/lib/python3.12/site-packages/airflow/example_dags/example_branch_python_dop_operator_3.py took 0.065 seconds
[2025-01-31T14:44:54.489+0000] {processor.py:186} INFO - Started process (PID=2268) to work on /home/airflow/.local/lib/python3.12/site-packages/airflow/example_dags/example_branch_python_dop_operator_3.py
[2025-01-31T14:44:54.490+0000] {processor.py:914} INFO - Processing file /home/airflow/.local/lib/python3.12/site-packages/airflow/example_dags/example_branch_python_dop_operator_3.py for tasks to queue
[2025-01-31T14:44:54.491+0000] {logging_mixin.py:190} INFO - [2025-01-31T14:44:54.491+0000] {dagbag.py:588} INFO - Filling up the DagBag from /home/airflow/.local/lib/python3.12/site-packages/airflow/example_dags/example_branch_python_dop_operator_3.py
[2025-01-31T14:44:54.499+0000] {processor.py:925} INFO - DAG(s) 'example_branch_dop_operator_v3' retrieved from /home/airflow/.local/lib/python3.12/site-packages/airflow/example_dags/example_branch_python_dop_operator_3.py
[2025-01-31T14:44:54.514+0000] {logging_mixin.py:190} INFO - [2025-01-31T14:44:54.514+0000] {dag.py:3239} INFO - Sync 1 DAGs
[2025-01-31T14:44:54.539+0000] {logging_mixin.py:190} INFO - [2025-01-31T14:44:54.538+0000] {dag.py:4180} INFO - Setting next_dagrun for example_branch_dop_operator_v3 to 2025-01-31 14:43:00+00:00, run_after=2025-01-31 14:44:00+00:00
[2025-01-31T14:44:54.553+0000] {processor.py:208} INFO - Processing /home/airflow/.local/lib/python3.12/site-packages/airflow/example_dags/example_branch_python_dop_operator_3.py took 0.069 seconds
[2025-01-31T14:45:24.947+0000] {processor.py:186} INFO - Started process (PID=2327) to work on /home/airflow/.local/lib/python3.12/site-packages/airflow/example_dags/example_branch_python_dop_operator_3.py
[2025-01-31T14:45:24.948+0000] {processor.py:914} INFO - Processing file /home/airflow/.local/lib/python3.12/site-packages/airflow/example_dags/example_branch_python_dop_operator_3.py for tasks to queue
[2025-01-31T14:45:24.949+0000] {logging_mixin.py:190} INFO - [2025-01-31T14:45:24.949+0000] {dagbag.py:588} INFO - Filling up the DagBag from /home/airflow/.local/lib/python3.12/site-packages/airflow/example_dags/example_branch_python_dop_operator_3.py
[2025-01-31T14:45:24.958+0000] {processor.py:925} INFO - DAG(s) 'example_branch_dop_operator_v3' retrieved from /home/airflow/.local/lib/python3.12/site-packages/airflow/example_dags/example_branch_python_dop_operator_3.py
[2025-01-31T14:45:24.973+0000] {logging_mixin.py:190} INFO - [2025-01-31T14:45:24.973+0000] {dag.py:3239} INFO - Sync 1 DAGs
[2025-01-31T14:45:24.994+0000] {logging_mixin.py:190} INFO - [2025-01-31T14:45:24.994+0000] {dag.py:4180} INFO - Setting next_dagrun for example_branch_dop_operator_v3 to 2025-01-31 14:44:00+00:00, run_after=2025-01-31 14:45:00+00:00
[2025-01-31T14:45:25.009+0000] {processor.py:208} INFO - Processing /home/airflow/.local/lib/python3.12/site-packages/airflow/example_dags/example_branch_python_dop_operator_3.py took 0.066 seconds
[2025-01-31T14:45:55.628+0000] {processor.py:186} INFO - Started process (PID=2392) to work on /home/airflow/.local/lib/python3.12/site-packages/airflow/example_dags/example_branch_python_dop_operator_3.py
[2025-01-31T14:45:55.629+0000] {processor.py:914} INFO - Processing file /home/airflow/.local/lib/python3.12/site-packages/airflow/example_dags/example_branch_python_dop_operator_3.py for tasks to queue
[2025-01-31T14:45:55.630+0000] {logging_mixin.py:190} INFO - [2025-01-31T14:45:55.630+0000] {dagbag.py:588} INFO - Filling up the DagBag from /home/airflow/.local/lib/python3.12/site-packages/airflow/example_dags/example_branch_python_dop_operator_3.py
[2025-01-31T14:45:55.638+0000] {processor.py:925} INFO - DAG(s) 'example_branch_dop_operator_v3' retrieved from /home/airflow/.local/lib/python3.12/site-packages/airflow/example_dags/example_branch_python_dop_operator_3.py
[2025-01-31T14:45:55.655+0000] {logging_mixin.py:190} INFO - [2025-01-31T14:45:55.655+0000] {dag.py:3239} INFO - Sync 1 DAGs
[2025-01-31T14:45:55.680+0000] {logging_mixin.py:190} INFO - [2025-01-31T14:45:55.680+0000] {dag.py:4180} INFO - Setting next_dagrun for example_branch_dop_operator_v3 to 2025-01-31 14:44:00+00:00, run_after=2025-01-31 14:45:00+00:00
[2025-01-31T14:45:55.693+0000] {processor.py:208} INFO - Processing /home/airflow/.local/lib/python3.12/site-packages/airflow/example_dags/example_branch_python_dop_operator_3.py took 0.069 seconds
[2025-01-31T14:46:25.938+0000] {processor.py:186} INFO - Started process (PID=2453) to work on /home/airflow/.local/lib/python3.12/site-packages/airflow/example_dags/example_branch_python_dop_operator_3.py
[2025-01-31T14:46:25.939+0000] {processor.py:914} INFO - Processing file /home/airflow/.local/lib/python3.12/site-packages/airflow/example_dags/example_branch_python_dop_operator_3.py for tasks to queue
[2025-01-31T14:46:25.940+0000] {logging_mixin.py:190} INFO - [2025-01-31T14:46:25.940+0000] {dagbag.py:588} INFO - Filling up the DagBag from /home/airflow/.local/lib/python3.12/site-packages/airflow/example_dags/example_branch_python_dop_operator_3.py
[2025-01-31T14:46:25.948+0000] {processor.py:925} INFO - DAG(s) 'example_branch_dop_operator_v3' retrieved from /home/airflow/.local/lib/python3.12/site-packages/airflow/example_dags/example_branch_python_dop_operator_3.py
[2025-01-31T14:46:25.963+0000] {logging_mixin.py:190} INFO - [2025-01-31T14:46:25.962+0000] {dag.py:3239} INFO - Sync 1 DAGs
[2025-01-31T14:46:25.983+0000] {logging_mixin.py:190} INFO - [2025-01-31T14:46:25.983+0000] {dag.py:4180} INFO - Setting next_dagrun for example_branch_dop_operator_v3 to 2025-01-31 14:45:00+00:00, run_after=2025-01-31 14:46:00+00:00
[2025-01-31T14:46:25.996+0000] {processor.py:208} INFO - Processing /home/airflow/.local/lib/python3.12/site-packages/airflow/example_dags/example_branch_python_dop_operator_3.py took 0.062 seconds
[2025-01-31T14:46:56.387+0000] {processor.py:186} INFO - Started process (PID=2513) to work on /home/airflow/.local/lib/python3.12/site-packages/airflow/example_dags/example_branch_python_dop_operator_3.py
[2025-01-31T14:46:56.387+0000] {processor.py:914} INFO - Processing file /home/airflow/.local/lib/python3.12/site-packages/airflow/example_dags/example_branch_python_dop_operator_3.py for tasks to queue
[2025-01-31T14:46:56.389+0000] {logging_mixin.py:190} INFO - [2025-01-31T14:46:56.389+0000] {dagbag.py:588} INFO - Filling up the DagBag from /home/airflow/.local/lib/python3.12/site-packages/airflow/example_dags/example_branch_python_dop_operator_3.py
[2025-01-31T14:46:56.398+0000] {processor.py:925} INFO - DAG(s) 'example_branch_dop_operator_v3' retrieved from /home/airflow/.local/lib/python3.12/site-packages/airflow/example_dags/example_branch_python_dop_operator_3.py
[2025-01-31T14:46:56.413+0000] {logging_mixin.py:190} INFO - [2025-01-31T14:46:56.413+0000] {dag.py:3239} INFO - Sync 1 DAGs
[2025-01-31T14:46:56.435+0000] {logging_mixin.py:190} INFO - [2025-01-31T14:46:56.435+0000] {dag.py:4180} INFO - Setting next_dagrun for example_branch_dop_operator_v3 to 2025-01-31 14:45:00+00:00, run_after=2025-01-31 14:46:00+00:00
[2025-01-31T14:46:56.451+0000] {processor.py:208} INFO - Processing /home/airflow/.local/lib/python3.12/site-packages/airflow/example_dags/example_branch_python_dop_operator_3.py took 0.069 seconds
[2025-01-31T14:47:26.933+0000] {processor.py:186} INFO - Started process (PID=2572) to work on /home/airflow/.local/lib/python3.12/site-packages/airflow/example_dags/example_branch_python_dop_operator_3.py
[2025-01-31T14:47:26.934+0000] {processor.py:914} INFO - Processing file /home/airflow/.local/lib/python3.12/site-packages/airflow/example_dags/example_branch_python_dop_operator_3.py for tasks to queue
[2025-01-31T14:47:26.935+0000] {logging_mixin.py:190} INFO - [2025-01-31T14:47:26.935+0000] {dagbag.py:588} INFO - Filling up the DagBag from /home/airflow/.local/lib/python3.12/site-packages/airflow/example_dags/example_branch_python_dop_operator_3.py
[2025-01-31T14:47:26.943+0000] {processor.py:925} INFO - DAG(s) 'example_branch_dop_operator_v3' retrieved from /home/airflow/.local/lib/python3.12/site-packages/airflow/example_dags/example_branch_python_dop_operator_3.py
[2025-01-31T14:47:26.957+0000] {logging_mixin.py:190} INFO - [2025-01-31T14:47:26.957+0000] {dag.py:3239} INFO - Sync 1 DAGs
[2025-01-31T14:47:26.979+0000] {logging_mixin.py:190} INFO - [2025-01-31T14:47:26.979+0000] {dag.py:4180} INFO - Setting next_dagrun for example_branch_dop_operator_v3 to 2025-01-31 14:46:00+00:00, run_after=2025-01-31 14:47:00+00:00
[2025-01-31T14:47:26.993+0000] {processor.py:208} INFO - Processing /home/airflow/.local/lib/python3.12/site-packages/airflow/example_dags/example_branch_python_dop_operator_3.py took 0.064 seconds
[2025-01-31T14:47:57.412+0000] {processor.py:186} INFO - Started process (PID=2637) to work on /home/airflow/.local/lib/python3.12/site-packages/airflow/example_dags/example_branch_python_dop_operator_3.py
[2025-01-31T14:47:57.413+0000] {processor.py:914} INFO - Processing file /home/airflow/.local/lib/python3.12/site-packages/airflow/example_dags/example_branch_python_dop_operator_3.py for tasks to queue
[2025-01-31T14:47:57.414+0000] {logging_mixin.py:190} INFO - [2025-01-31T14:47:57.414+0000] {dagbag.py:588} INFO - Filling up the DagBag from /home/airflow/.local/lib/python3.12/site-packages/airflow/example_dags/example_branch_python_dop_operator_3.py
[2025-01-31T14:47:57.423+0000] {processor.py:925} INFO - DAG(s) 'example_branch_dop_operator_v3' retrieved from /home/airflow/.local/lib/python3.12/site-packages/airflow/example_dags/example_branch_python_dop_operator_3.py
[2025-01-31T14:47:57.442+0000] {logging_mixin.py:190} INFO - [2025-01-31T14:47:57.442+0000] {dag.py:3239} INFO - Sync 1 DAGs
[2025-01-31T14:47:57.471+0000] {logging_mixin.py:190} INFO - [2025-01-31T14:47:57.471+0000] {dag.py:4180} INFO - Setting next_dagrun for example_branch_dop_operator_v3 to 2025-01-31 14:46:00+00:00, run_after=2025-01-31 14:47:00+00:00
[2025-01-31T14:47:57.488+0000] {processor.py:208} INFO - Processing /home/airflow/.local/lib/python3.12/site-packages/airflow/example_dags/example_branch_python_dop_operator_3.py took 0.083 seconds
[2025-01-31T14:48:27.886+0000] {processor.py:186} INFO - Started process (PID=2697) to work on /home/airflow/.local/lib/python3.12/site-packages/airflow/example_dags/example_branch_python_dop_operator_3.py
[2025-01-31T14:48:27.886+0000] {processor.py:914} INFO - Processing file /home/airflow/.local/lib/python3.12/site-packages/airflow/example_dags/example_branch_python_dop_operator_3.py for tasks to queue
[2025-01-31T14:48:27.888+0000] {logging_mixin.py:190} INFO - [2025-01-31T14:48:27.888+0000] {dagbag.py:588} INFO - Filling up the DagBag from /home/airflow/.local/lib/python3.12/site-packages/airflow/example_dags/example_branch_python_dop_operator_3.py
[2025-01-31T14:48:27.896+0000] {processor.py:925} INFO - DAG(s) 'example_branch_dop_operator_v3' retrieved from /home/airflow/.local/lib/python3.12/site-packages/airflow/example_dags/example_branch_python_dop_operator_3.py
[2025-01-31T14:48:27.912+0000] {logging_mixin.py:190} INFO - [2025-01-31T14:48:27.912+0000] {dag.py:3239} INFO - Sync 1 DAGs
[2025-01-31T14:48:27.940+0000] {logging_mixin.py:190} INFO - [2025-01-31T14:48:27.940+0000] {dag.py:4180} INFO - Setting next_dagrun for example_branch_dop_operator_v3 to 2025-01-31 14:47:00+00:00, run_after=2025-01-31 14:48:00+00:00
[2025-01-31T14:48:27.956+0000] {processor.py:208} INFO - Processing /home/airflow/.local/lib/python3.12/site-packages/airflow/example_dags/example_branch_python_dop_operator_3.py took 0.075 seconds
[2025-01-31T14:48:58.043+0000] {processor.py:186} INFO - Started process (PID=2763) to work on /home/airflow/.local/lib/python3.12/site-packages/airflow/example_dags/example_branch_python_dop_operator_3.py
[2025-01-31T14:48:58.043+0000] {processor.py:914} INFO - Processing file /home/airflow/.local/lib/python3.12/site-packages/airflow/example_dags/example_branch_python_dop_operator_3.py for tasks to queue
[2025-01-31T14:48:58.045+0000] {logging_mixin.py:190} INFO - [2025-01-31T14:48:58.045+0000] {dagbag.py:588} INFO - Filling up the DagBag from /home/airflow/.local/lib/python3.12/site-packages/airflow/example_dags/example_branch_python_dop_operator_3.py
[2025-01-31T14:48:58.053+0000] {processor.py:925} INFO - DAG(s) 'example_branch_dop_operator_v3' retrieved from /home/airflow/.local/lib/python3.12/site-packages/airflow/example_dags/example_branch_python_dop_operator_3.py
[2025-01-31T14:48:58.070+0000] {logging_mixin.py:190} INFO - [2025-01-31T14:48:58.070+0000] {dag.py:3239} INFO - Sync 1 DAGs
[2025-01-31T14:48:58.098+0000] {logging_mixin.py:190} INFO - [2025-01-31T14:48:58.097+0000] {dag.py:4180} INFO - Setting next_dagrun for example_branch_dop_operator_v3 to 2025-01-31 14:47:00+00:00, run_after=2025-01-31 14:48:00+00:00
[2025-01-31T14:48:58.114+0000] {processor.py:208} INFO - Processing /home/airflow/.local/lib/python3.12/site-packages/airflow/example_dags/example_branch_python_dop_operator_3.py took 0.075 seconds
[2025-01-31T14:49:28.818+0000] {processor.py:186} INFO - Started process (PID=2829) to work on /home/airflow/.local/lib/python3.12/site-packages/airflow/example_dags/example_branch_python_dop_operator_3.py
[2025-01-31T14:49:28.819+0000] {processor.py:914} INFO - Processing file /home/airflow/.local/lib/python3.12/site-packages/airflow/example_dags/example_branch_python_dop_operator_3.py for tasks to queue
[2025-01-31T14:49:28.821+0000] {logging_mixin.py:190} INFO - [2025-01-31T14:49:28.821+0000] {dagbag.py:588} INFO - Filling up the DagBag from /home/airflow/.local/lib/python3.12/site-packages/airflow/example_dags/example_branch_python_dop_operator_3.py
[2025-01-31T14:49:28.838+0000] {processor.py:925} INFO - DAG(s) 'example_branch_dop_operator_v3' retrieved from /home/airflow/.local/lib/python3.12/site-packages/airflow/example_dags/example_branch_python_dop_operator_3.py
[2025-01-31T14:49:28.855+0000] {logging_mixin.py:190} INFO - [2025-01-31T14:49:28.855+0000] {dag.py:3239} INFO - Sync 1 DAGs
[2025-01-31T14:49:28.877+0000] {logging_mixin.py:190} INFO - [2025-01-31T14:49:28.876+0000] {dag.py:4180} INFO - Setting next_dagrun for example_branch_dop_operator_v3 to 2025-01-31 14:48:00+00:00, run_after=2025-01-31 14:49:00+00:00
[2025-01-31T14:49:28.899+0000] {processor.py:208} INFO - Processing /home/airflow/.local/lib/python3.12/site-packages/airflow/example_dags/example_branch_python_dop_operator_3.py took 0.086 seconds
[2025-01-31T14:49:59.709+0000] {processor.py:186} INFO - Started process (PID=2895) to work on /home/airflow/.local/lib/python3.12/site-packages/airflow/example_dags/example_branch_python_dop_operator_3.py
[2025-01-31T14:49:59.710+0000] {processor.py:914} INFO - Processing file /home/airflow/.local/lib/python3.12/site-packages/airflow/example_dags/example_branch_python_dop_operator_3.py for tasks to queue
[2025-01-31T14:49:59.712+0000] {logging_mixin.py:190} INFO - [2025-01-31T14:49:59.711+0000] {dagbag.py:588} INFO - Filling up the DagBag from /home/airflow/.local/lib/python3.12/site-packages/airflow/example_dags/example_branch_python_dop_operator_3.py
[2025-01-31T14:49:59.719+0000] {processor.py:925} INFO - DAG(s) 'example_branch_dop_operator_v3' retrieved from /home/airflow/.local/lib/python3.12/site-packages/airflow/example_dags/example_branch_python_dop_operator_3.py
[2025-01-31T14:49:59.736+0000] {logging_mixin.py:190} INFO - [2025-01-31T14:49:59.736+0000] {dag.py:3239} INFO - Sync 1 DAGs
[2025-01-31T14:49:59.763+0000] {logging_mixin.py:190} INFO - [2025-01-31T14:49:59.763+0000] {dag.py:4180} INFO - Setting next_dagrun for example_branch_dop_operator_v3 to 2025-01-31 14:48:00+00:00, run_after=2025-01-31 14:49:00+00:00
[2025-01-31T14:49:59.778+0000] {processor.py:208} INFO - Processing /home/airflow/.local/lib/python3.12/site-packages/airflow/example_dags/example_branch_python_dop_operator_3.py took 0.073 seconds
[2025-01-31T14:50:30.336+0000] {processor.py:186} INFO - Started process (PID=2961) to work on /home/airflow/.local/lib/python3.12/site-packages/airflow/example_dags/example_branch_python_dop_operator_3.py
[2025-01-31T14:50:30.337+0000] {processor.py:914} INFO - Processing file /home/airflow/.local/lib/python3.12/site-packages/airflow/example_dags/example_branch_python_dop_operator_3.py for tasks to queue
[2025-01-31T14:50:30.339+0000] {logging_mixin.py:190} INFO - [2025-01-31T14:50:30.338+0000] {dagbag.py:588} INFO - Filling up the DagBag from /home/airflow/.local/lib/python3.12/site-packages/airflow/example_dags/example_branch_python_dop_operator_3.py
[2025-01-31T14:50:30.349+0000] {processor.py:925} INFO - DAG(s) 'example_branch_dop_operator_v3' retrieved from /home/airflow/.local/lib/python3.12/site-packages/airflow/example_dags/example_branch_python_dop_operator_3.py
[2025-01-31T14:50:30.372+0000] {logging_mixin.py:190} INFO - [2025-01-31T14:50:30.371+0000] {dag.py:3239} INFO - Sync 1 DAGs
[2025-01-31T14:50:30.402+0000] {logging_mixin.py:190} INFO - [2025-01-31T14:50:30.402+0000] {dag.py:4180} INFO - Setting next_dagrun for example_branch_dop_operator_v3 to 2025-01-31 14:49:00+00:00, run_after=2025-01-31 14:50:00+00:00
[2025-01-31T14:50:30.420+0000] {processor.py:208} INFO - Processing /home/airflow/.local/lib/python3.12/site-packages/airflow/example_dags/example_branch_python_dop_operator_3.py took 0.088 seconds
[2025-01-31T14:51:01.332+0000] {processor.py:186} INFO - Started process (PID=3028) to work on /home/airflow/.local/lib/python3.12/site-packages/airflow/example_dags/example_branch_python_dop_operator_3.py
[2025-01-31T14:51:01.333+0000] {processor.py:914} INFO - Processing file /home/airflow/.local/lib/python3.12/site-packages/airflow/example_dags/example_branch_python_dop_operator_3.py for tasks to queue
[2025-01-31T14:51:01.335+0000] {logging_mixin.py:190} INFO - [2025-01-31T14:51:01.334+0000] {dagbag.py:588} INFO - Filling up the DagBag from /home/airflow/.local/lib/python3.12/site-packages/airflow/example_dags/example_branch_python_dop_operator_3.py
[2025-01-31T14:51:01.344+0000] {processor.py:925} INFO - DAG(s) 'example_branch_dop_operator_v3' retrieved from /home/airflow/.local/lib/python3.12/site-packages/airflow/example_dags/example_branch_python_dop_operator_3.py
[2025-01-31T14:51:01.359+0000] {logging_mixin.py:190} INFO - [2025-01-31T14:51:01.359+0000] {dag.py:3239} INFO - Sync 1 DAGs
[2025-01-31T14:51:01.378+0000] {logging_mixin.py:190} INFO - [2025-01-31T14:51:01.378+0000] {dag.py:4180} INFO - Setting next_dagrun for example_branch_dop_operator_v3 to 2025-01-31 14:50:00+00:00, run_after=2025-01-31 14:51:00+00:00
[2025-01-31T14:51:01.391+0000] {processor.py:208} INFO - Processing /home/airflow/.local/lib/python3.12/site-packages/airflow/example_dags/example_branch_python_dop_operator_3.py took 0.064 seconds
[2025-01-31T14:51:31.822+0000] {processor.py:186} INFO - Started process (PID=3095) to work on /home/airflow/.local/lib/python3.12/site-packages/airflow/example_dags/example_branch_python_dop_operator_3.py
[2025-01-31T14:51:31.823+0000] {processor.py:914} INFO - Processing file /home/airflow/.local/lib/python3.12/site-packages/airflow/example_dags/example_branch_python_dop_operator_3.py for tasks to queue
[2025-01-31T14:51:31.824+0000] {logging_mixin.py:190} INFO - [2025-01-31T14:51:31.824+0000] {dagbag.py:588} INFO - Filling up the DagBag from /home/airflow/.local/lib/python3.12/site-packages/airflow/example_dags/example_branch_python_dop_operator_3.py
[2025-01-31T14:51:31.833+0000] {processor.py:925} INFO - DAG(s) 'example_branch_dop_operator_v3' retrieved from /home/airflow/.local/lib/python3.12/site-packages/airflow/example_dags/example_branch_python_dop_operator_3.py
[2025-01-31T14:51:31.848+0000] {logging_mixin.py:190} INFO - [2025-01-31T14:51:31.847+0000] {dag.py:3239} INFO - Sync 1 DAGs
[2025-01-31T14:51:31.866+0000] {logging_mixin.py:190} INFO - [2025-01-31T14:51:31.866+0000] {dag.py:4180} INFO - Setting next_dagrun for example_branch_dop_operator_v3 to 2025-01-31 14:50:00+00:00, run_after=2025-01-31 14:51:00+00:00
[2025-01-31T14:51:31.878+0000] {processor.py:208} INFO - Processing /home/airflow/.local/lib/python3.12/site-packages/airflow/example_dags/example_branch_python_dop_operator_3.py took 0.060 seconds
[2025-01-31T14:52:02.739+0000] {processor.py:186} INFO - Started process (PID=3161) to work on /home/airflow/.local/lib/python3.12/site-packages/airflow/example_dags/example_branch_python_dop_operator_3.py
[2025-01-31T14:52:02.740+0000] {processor.py:914} INFO - Processing file /home/airflow/.local/lib/python3.12/site-packages/airflow/example_dags/example_branch_python_dop_operator_3.py for tasks to queue
[2025-01-31T14:52:02.742+0000] {logging_mixin.py:190} INFO - [2025-01-31T14:52:02.742+0000] {dagbag.py:588} INFO - Filling up the DagBag from /home/airflow/.local/lib/python3.12/site-packages/airflow/example_dags/example_branch_python_dop_operator_3.py
[2025-01-31T14:52:02.753+0000] {processor.py:925} INFO - DAG(s) 'example_branch_dop_operator_v3' retrieved from /home/airflow/.local/lib/python3.12/site-packages/airflow/example_dags/example_branch_python_dop_operator_3.py
[2025-01-31T14:52:02.772+0000] {logging_mixin.py:190} INFO - [2025-01-31T14:52:02.771+0000] {dag.py:3239} INFO - Sync 1 DAGs
[2025-01-31T14:52:02.792+0000] {logging_mixin.py:190} INFO - [2025-01-31T14:52:02.792+0000] {dag.py:4180} INFO - Setting next_dagrun for example_branch_dop_operator_v3 to 2025-01-31 14:51:00+00:00, run_after=2025-01-31 14:52:00+00:00
[2025-01-31T14:52:02.806+0000] {processor.py:208} INFO - Processing /home/airflow/.local/lib/python3.12/site-packages/airflow/example_dags/example_branch_python_dop_operator_3.py took 0.073 seconds
[2025-01-31T14:52:33.534+0000] {processor.py:186} INFO - Started process (PID=3227) to work on /home/airflow/.local/lib/python3.12/site-packages/airflow/example_dags/example_branch_python_dop_operator_3.py
[2025-01-31T14:52:33.535+0000] {processor.py:914} INFO - Processing file /home/airflow/.local/lib/python3.12/site-packages/airflow/example_dags/example_branch_python_dop_operator_3.py for tasks to queue
[2025-01-31T14:52:33.536+0000] {logging_mixin.py:190} INFO - [2025-01-31T14:52:33.536+0000] {dagbag.py:588} INFO - Filling up the DagBag from /home/airflow/.local/lib/python3.12/site-packages/airflow/example_dags/example_branch_python_dop_operator_3.py
[2025-01-31T14:52:33.545+0000] {processor.py:925} INFO - DAG(s) 'example_branch_dop_operator_v3' retrieved from /home/airflow/.local/lib/python3.12/site-packages/airflow/example_dags/example_branch_python_dop_operator_3.py
[2025-01-31T14:52:33.562+0000] {logging_mixin.py:190} INFO - [2025-01-31T14:52:33.562+0000] {dag.py:3239} INFO - Sync 1 DAGs
[2025-01-31T14:52:33.589+0000] {logging_mixin.py:190} INFO - [2025-01-31T14:52:33.588+0000] {dag.py:4180} INFO - Setting next_dagrun for example_branch_dop_operator_v3 to 2025-01-31 14:51:00+00:00, run_after=2025-01-31 14:52:00+00:00
[2025-01-31T14:52:33.603+0000] {processor.py:208} INFO - Processing /home/airflow/.local/lib/python3.12/site-packages/airflow/example_dags/example_branch_python_dop_operator_3.py took 0.073 seconds
[2025-01-31T14:53:03.764+0000] {processor.py:186} INFO - Started process (PID=3292) to work on /home/airflow/.local/lib/python3.12/site-packages/airflow/example_dags/example_branch_python_dop_operator_3.py
[2025-01-31T14:53:03.765+0000] {processor.py:914} INFO - Processing file /home/airflow/.local/lib/python3.12/site-packages/airflow/example_dags/example_branch_python_dop_operator_3.py for tasks to queue
[2025-01-31T14:53:03.766+0000] {logging_mixin.py:190} INFO - [2025-01-31T14:53:03.766+0000] {dagbag.py:588} INFO - Filling up the DagBag from /home/airflow/.local/lib/python3.12/site-packages/airflow/example_dags/example_branch_python_dop_operator_3.py
[2025-01-31T14:53:03.775+0000] {processor.py:925} INFO - DAG(s) 'example_branch_dop_operator_v3' retrieved from /home/airflow/.local/lib/python3.12/site-packages/airflow/example_dags/example_branch_python_dop_operator_3.py
[2025-01-31T14:53:03.792+0000] {logging_mixin.py:190} INFO - [2025-01-31T14:53:03.792+0000] {dag.py:3239} INFO - Sync 1 DAGs
[2025-01-31T14:53:03.813+0000] {logging_mixin.py:190} INFO - [2025-01-31T14:53:03.813+0000] {dag.py:4180} INFO - Setting next_dagrun for example_branch_dop_operator_v3 to 2025-01-31 14:52:00+00:00, run_after=2025-01-31 14:53:00+00:00
[2025-01-31T14:53:03.827+0000] {processor.py:208} INFO - Processing /home/airflow/.local/lib/python3.12/site-packages/airflow/example_dags/example_branch_python_dop_operator_3.py took 0.067 seconds
[2025-01-31T14:53:33.934+0000] {processor.py:186} INFO - Started process (PID=3358) to work on /home/airflow/.local/lib/python3.12/site-packages/airflow/example_dags/example_branch_python_dop_operator_3.py
[2025-01-31T14:53:33.935+0000] {processor.py:914} INFO - Processing file /home/airflow/.local/lib/python3.12/site-packages/airflow/example_dags/example_branch_python_dop_operator_3.py for tasks to queue
[2025-01-31T14:53:33.936+0000] {logging_mixin.py:190} INFO - [2025-01-31T14:53:33.936+0000] {dagbag.py:588} INFO - Filling up the DagBag from /home/airflow/.local/lib/python3.12/site-packages/airflow/example_dags/example_branch_python_dop_operator_3.py
[2025-01-31T14:53:33.944+0000] {processor.py:925} INFO - DAG(s) 'example_branch_dop_operator_v3' retrieved from /home/airflow/.local/lib/python3.12/site-packages/airflow/example_dags/example_branch_python_dop_operator_3.py
[2025-01-31T14:53:33.960+0000] {logging_mixin.py:190} INFO - [2025-01-31T14:53:33.960+0000] {dag.py:3239} INFO - Sync 1 DAGs
[2025-01-31T14:53:34.125+0000] {logging_mixin.py:190} INFO - [2025-01-31T14:53:34.125+0000] {dag.py:4180} INFO - Setting next_dagrun for example_branch_dop_operator_v3 to 2025-01-31 14:52:00+00:00, run_after=2025-01-31 14:53:00+00:00
[2025-01-31T14:53:34.138+0000] {processor.py:208} INFO - Processing /home/airflow/.local/lib/python3.12/site-packages/airflow/example_dags/example_branch_python_dop_operator_3.py took 0.208 seconds
[2025-01-31T14:54:04.878+0000] {processor.py:186} INFO - Started process (PID=3424) to work on /home/airflow/.local/lib/python3.12/site-packages/airflow/example_dags/example_branch_python_dop_operator_3.py
[2025-01-31T14:54:04.878+0000] {processor.py:914} INFO - Processing file /home/airflow/.local/lib/python3.12/site-packages/airflow/example_dags/example_branch_python_dop_operator_3.py for tasks to queue
[2025-01-31T14:54:04.880+0000] {logging_mixin.py:190} INFO - [2025-01-31T14:54:04.880+0000] {dagbag.py:588} INFO - Filling up the DagBag from /home/airflow/.local/lib/python3.12/site-packages/airflow/example_dags/example_branch_python_dop_operator_3.py
[2025-01-31T14:54:04.888+0000] {processor.py:925} INFO - DAG(s) 'example_branch_dop_operator_v3' retrieved from /home/airflow/.local/lib/python3.12/site-packages/airflow/example_dags/example_branch_python_dop_operator_3.py
[2025-01-31T14:54:04.905+0000] {logging_mixin.py:190} INFO - [2025-01-31T14:54:04.905+0000] {dag.py:3239} INFO - Sync 1 DAGs
[2025-01-31T14:54:05.075+0000] {logging_mixin.py:190} INFO - [2025-01-31T14:54:05.075+0000] {dag.py:4180} INFO - Setting next_dagrun for example_branch_dop_operator_v3 to 2025-01-31 14:53:00+00:00, run_after=2025-01-31 14:54:00+00:00
[2025-01-31T14:54:05.089+0000] {processor.py:208} INFO - Processing /home/airflow/.local/lib/python3.12/site-packages/airflow/example_dags/example_branch_python_dop_operator_3.py took 0.215 seconds
[2025-01-31T14:54:35.356+0000] {processor.py:186} INFO - Started process (PID=3490) to work on /home/airflow/.local/lib/python3.12/site-packages/airflow/example_dags/example_branch_python_dop_operator_3.py
[2025-01-31T14:54:35.356+0000] {processor.py:914} INFO - Processing file /home/airflow/.local/lib/python3.12/site-packages/airflow/example_dags/example_branch_python_dop_operator_3.py for tasks to queue
[2025-01-31T14:54:35.359+0000] {logging_mixin.py:190} INFO - [2025-01-31T14:54:35.358+0000] {dagbag.py:588} INFO - Filling up the DagBag from /home/airflow/.local/lib/python3.12/site-packages/airflow/example_dags/example_branch_python_dop_operator_3.py
[2025-01-31T14:54:35.369+0000] {processor.py:925} INFO - DAG(s) 'example_branch_dop_operator_v3' retrieved from /home/airflow/.local/lib/python3.12/site-packages/airflow/example_dags/example_branch_python_dop_operator_3.py
[2025-01-31T14:54:35.391+0000] {logging_mixin.py:190} INFO - [2025-01-31T14:54:35.391+0000] {dag.py:3239} INFO - Sync 1 DAGs
[2025-01-31T14:54:35.411+0000] {logging_mixin.py:190} INFO - [2025-01-31T14:54:35.411+0000] {dag.py:4180} INFO - Setting next_dagrun for example_branch_dop_operator_v3 to 2025-01-31 14:53:00+00:00, run_after=2025-01-31 14:54:00+00:00
[2025-01-31T14:54:35.566+0000] {processor.py:208} INFO - Processing /home/airflow/.local/lib/python3.12/site-packages/airflow/example_dags/example_branch_python_dop_operator_3.py took 0.216 seconds
[2025-01-31T14:55:06.244+0000] {processor.py:186} INFO - Started process (PID=3556) to work on /home/airflow/.local/lib/python3.12/site-packages/airflow/example_dags/example_branch_python_dop_operator_3.py
[2025-01-31T14:55:06.244+0000] {processor.py:914} INFO - Processing file /home/airflow/.local/lib/python3.12/site-packages/airflow/example_dags/example_branch_python_dop_operator_3.py for tasks to queue
[2025-01-31T14:55:06.246+0000] {logging_mixin.py:190} INFO - [2025-01-31T14:55:06.246+0000] {dagbag.py:588} INFO - Filling up the DagBag from /home/airflow/.local/lib/python3.12/site-packages/airflow/example_dags/example_branch_python_dop_operator_3.py
[2025-01-31T14:55:06.254+0000] {processor.py:925} INFO - DAG(s) 'example_branch_dop_operator_v3' retrieved from /home/airflow/.local/lib/python3.12/site-packages/airflow/example_dags/example_branch_python_dop_operator_3.py
[2025-01-31T14:55:06.270+0000] {logging_mixin.py:190} INFO - [2025-01-31T14:55:06.270+0000] {dag.py:3239} INFO - Sync 1 DAGs
[2025-01-31T14:55:06.298+0000] {logging_mixin.py:190} INFO - [2025-01-31T14:55:06.298+0000] {dag.py:4180} INFO - Setting next_dagrun for example_branch_dop_operator_v3 to 2025-01-31 14:54:00+00:00, run_after=2025-01-31 14:55:00+00:00
[2025-01-31T14:55:06.312+0000] {processor.py:208} INFO - Processing /home/airflow/.local/lib/python3.12/site-packages/airflow/example_dags/example_branch_python_dop_operator_3.py took 0.073 seconds
[2025-01-31T14:55:36.472+0000] {processor.py:186} INFO - Started process (PID=3622) to work on /home/airflow/.local/lib/python3.12/site-packages/airflow/example_dags/example_branch_python_dop_operator_3.py
[2025-01-31T14:55:36.473+0000] {processor.py:914} INFO - Processing file /home/airflow/.local/lib/python3.12/site-packages/airflow/example_dags/example_branch_python_dop_operator_3.py for tasks to queue
[2025-01-31T14:55:36.475+0000] {logging_mixin.py:190} INFO - [2025-01-31T14:55:36.474+0000] {dagbag.py:588} INFO - Filling up the DagBag from /home/airflow/.local/lib/python3.12/site-packages/airflow/example_dags/example_branch_python_dop_operator_3.py
[2025-01-31T14:55:36.483+0000] {processor.py:925} INFO - DAG(s) 'example_branch_dop_operator_v3' retrieved from /home/airflow/.local/lib/python3.12/site-packages/airflow/example_dags/example_branch_python_dop_operator_3.py
[2025-01-31T14:55:36.498+0000] {logging_mixin.py:190} INFO - [2025-01-31T14:55:36.498+0000] {dag.py:3239} INFO - Sync 1 DAGs
[2025-01-31T14:55:36.520+0000] {logging_mixin.py:190} INFO - [2025-01-31T14:55:36.519+0000] {dag.py:4180} INFO - Setting next_dagrun for example_branch_dop_operator_v3 to 2025-01-31 14:54:00+00:00, run_after=2025-01-31 14:55:00+00:00
[2025-01-31T14:55:36.534+0000] {processor.py:208} INFO - Processing /home/airflow/.local/lib/python3.12/site-packages/airflow/example_dags/example_branch_python_dop_operator_3.py took 0.066 seconds
[2025-01-31T14:56:07.443+0000] {processor.py:186} INFO - Started process (PID=3688) to work on /home/airflow/.local/lib/python3.12/site-packages/airflow/example_dags/example_branch_python_dop_operator_3.py
[2025-01-31T14:56:07.444+0000] {processor.py:914} INFO - Processing file /home/airflow/.local/lib/python3.12/site-packages/airflow/example_dags/example_branch_python_dop_operator_3.py for tasks to queue
[2025-01-31T14:56:07.445+0000] {logging_mixin.py:190} INFO - [2025-01-31T14:56:07.445+0000] {dagbag.py:588} INFO - Filling up the DagBag from /home/airflow/.local/lib/python3.12/site-packages/airflow/example_dags/example_branch_python_dop_operator_3.py
[2025-01-31T14:56:07.454+0000] {processor.py:925} INFO - DAG(s) 'example_branch_dop_operator_v3' retrieved from /home/airflow/.local/lib/python3.12/site-packages/airflow/example_dags/example_branch_python_dop_operator_3.py
[2025-01-31T14:56:07.470+0000] {logging_mixin.py:190} INFO - [2025-01-31T14:56:07.470+0000] {dag.py:3239} INFO - Sync 1 DAGs
[2025-01-31T14:56:07.493+0000] {logging_mixin.py:190} INFO - [2025-01-31T14:56:07.493+0000] {dag.py:4180} INFO - Setting next_dagrun for example_branch_dop_operator_v3 to 2025-01-31 14:55:00+00:00, run_after=2025-01-31 14:56:00+00:00
[2025-01-31T14:56:07.511+0000] {processor.py:208} INFO - Processing /home/airflow/.local/lib/python3.12/site-packages/airflow/example_dags/example_branch_python_dop_operator_3.py took 0.072 seconds
[2025-01-31T14:56:37.608+0000] {processor.py:186} INFO - Started process (PID=3755) to work on /home/airflow/.local/lib/python3.12/site-packages/airflow/example_dags/example_branch_python_dop_operator_3.py
[2025-01-31T14:56:37.609+0000] {processor.py:914} INFO - Processing file /home/airflow/.local/lib/python3.12/site-packages/airflow/example_dags/example_branch_python_dop_operator_3.py for tasks to queue
[2025-01-31T14:56:37.610+0000] {logging_mixin.py:190} INFO - [2025-01-31T14:56:37.610+0000] {dagbag.py:588} INFO - Filling up the DagBag from /home/airflow/.local/lib/python3.12/site-packages/airflow/example_dags/example_branch_python_dop_operator_3.py
[2025-01-31T14:56:37.618+0000] {processor.py:925} INFO - DAG(s) 'example_branch_dop_operator_v3' retrieved from /home/airflow/.local/lib/python3.12/site-packages/airflow/example_dags/example_branch_python_dop_operator_3.py
[2025-01-31T14:56:37.634+0000] {logging_mixin.py:190} INFO - [2025-01-31T14:56:37.634+0000] {dag.py:3239} INFO - Sync 1 DAGs
[2025-01-31T14:56:37.661+0000] {logging_mixin.py:190} INFO - [2025-01-31T14:56:37.661+0000] {dag.py:4180} INFO - Setting next_dagrun for example_branch_dop_operator_v3 to 2025-01-31 14:55:00+00:00, run_after=2025-01-31 14:56:00+00:00
[2025-01-31T14:56:37.678+0000] {processor.py:208} INFO - Processing /home/airflow/.local/lib/python3.12/site-packages/airflow/example_dags/example_branch_python_dop_operator_3.py took 0.074 seconds
[2025-01-31T14:57:08.376+0000] {processor.py:186} INFO - Started process (PID=3825) to work on /home/airflow/.local/lib/python3.12/site-packages/airflow/example_dags/example_branch_python_dop_operator_3.py
[2025-01-31T14:57:08.377+0000] {processor.py:914} INFO - Processing file /home/airflow/.local/lib/python3.12/site-packages/airflow/example_dags/example_branch_python_dop_operator_3.py for tasks to queue
[2025-01-31T14:57:08.378+0000] {logging_mixin.py:190} INFO - [2025-01-31T14:57:08.378+0000] {dagbag.py:588} INFO - Filling up the DagBag from /home/airflow/.local/lib/python3.12/site-packages/airflow/example_dags/example_branch_python_dop_operator_3.py
[2025-01-31T14:57:08.386+0000] {processor.py:925} INFO - DAG(s) 'example_branch_dop_operator_v3' retrieved from /home/airflow/.local/lib/python3.12/site-packages/airflow/example_dags/example_branch_python_dop_operator_3.py
[2025-01-31T14:57:08.403+0000] {logging_mixin.py:190} INFO - [2025-01-31T14:57:08.403+0000] {dag.py:3239} INFO - Sync 1 DAGs
[2025-01-31T14:57:08.425+0000] {logging_mixin.py:190} INFO - [2025-01-31T14:57:08.425+0000] {dag.py:4180} INFO - Setting next_dagrun for example_branch_dop_operator_v3 to 2025-01-31 14:56:00+00:00, run_after=2025-01-31 14:57:00+00:00
[2025-01-31T14:57:08.439+0000] {processor.py:208} INFO - Processing /home/airflow/.local/lib/python3.12/site-packages/airflow/example_dags/example_branch_python_dop_operator_3.py took 0.069 seconds
[2025-01-31T14:57:39.077+0000] {processor.py:186} INFO - Started process (PID=3891) to work on /home/airflow/.local/lib/python3.12/site-packages/airflow/example_dags/example_branch_python_dop_operator_3.py
[2025-01-31T14:57:39.078+0000] {processor.py:914} INFO - Processing file /home/airflow/.local/lib/python3.12/site-packages/airflow/example_dags/example_branch_python_dop_operator_3.py for tasks to queue
[2025-01-31T14:57:39.080+0000] {logging_mixin.py:190} INFO - [2025-01-31T14:57:39.080+0000] {dagbag.py:588} INFO - Filling up the DagBag from /home/airflow/.local/lib/python3.12/site-packages/airflow/example_dags/example_branch_python_dop_operator_3.py
[2025-01-31T14:57:39.091+0000] {processor.py:925} INFO - DAG(s) 'example_branch_dop_operator_v3' retrieved from /home/airflow/.local/lib/python3.12/site-packages/airflow/example_dags/example_branch_python_dop_operator_3.py
[2025-01-31T14:57:39.108+0000] {logging_mixin.py:190} INFO - [2025-01-31T14:57:39.108+0000] {dag.py:3239} INFO - Sync 1 DAGs
[2025-01-31T14:57:39.135+0000] {logging_mixin.py:190} INFO - [2025-01-31T14:57:39.134+0000] {dag.py:4180} INFO - Setting next_dagrun for example_branch_dop_operator_v3 to 2025-01-31 14:56:00+00:00, run_after=2025-01-31 14:57:00+00:00
[2025-01-31T14:57:39.148+0000] {processor.py:208} INFO - Processing /home/airflow/.local/lib/python3.12/site-packages/airflow/example_dags/example_branch_python_dop_operator_3.py took 0.076 seconds
[2025-01-31T14:58:09.819+0000] {processor.py:186} INFO - Started process (PID=3957) to work on /home/airflow/.local/lib/python3.12/site-packages/airflow/example_dags/example_branch_python_dop_operator_3.py
[2025-01-31T14:58:09.820+0000] {processor.py:914} INFO - Processing file /home/airflow/.local/lib/python3.12/site-packages/airflow/example_dags/example_branch_python_dop_operator_3.py for tasks to queue
[2025-01-31T14:58:09.821+0000] {logging_mixin.py:190} INFO - [2025-01-31T14:58:09.821+0000] {dagbag.py:588} INFO - Filling up the DagBag from /home/airflow/.local/lib/python3.12/site-packages/airflow/example_dags/example_branch_python_dop_operator_3.py
[2025-01-31T14:58:09.832+0000] {processor.py:925} INFO - DAG(s) 'example_branch_dop_operator_v3' retrieved from /home/airflow/.local/lib/python3.12/site-packages/airflow/example_dags/example_branch_python_dop_operator_3.py
[2025-01-31T14:58:09.850+0000] {logging_mixin.py:190} INFO - [2025-01-31T14:58:09.850+0000] {dag.py:3239} INFO - Sync 1 DAGs
[2025-01-31T14:58:09.870+0000] {logging_mixin.py:190} INFO - [2025-01-31T14:58:09.869+0000] {dag.py:4180} INFO - Setting next_dagrun for example_branch_dop_operator_v3 to 2025-01-31 14:57:00+00:00, run_after=2025-01-31 14:58:00+00:00
[2025-01-31T14:58:09.882+0000] {processor.py:208} INFO - Processing /home/airflow/.local/lib/python3.12/site-packages/airflow/example_dags/example_branch_python_dop_operator_3.py took 0.068 seconds
[2025-01-31T14:58:40.477+0000] {processor.py:186} INFO - Started process (PID=4023) to work on /home/airflow/.local/lib/python3.12/site-packages/airflow/example_dags/example_branch_python_dop_operator_3.py
[2025-01-31T14:58:40.477+0000] {processor.py:914} INFO - Processing file /home/airflow/.local/lib/python3.12/site-packages/airflow/example_dags/example_branch_python_dop_operator_3.py for tasks to queue
[2025-01-31T14:58:40.479+0000] {logging_mixin.py:190} INFO - [2025-01-31T14:58:40.479+0000] {dagbag.py:588} INFO - Filling up the DagBag from /home/airflow/.local/lib/python3.12/site-packages/airflow/example_dags/example_branch_python_dop_operator_3.py
[2025-01-31T14:58:40.489+0000] {processor.py:925} INFO - DAG(s) 'example_branch_dop_operator_v3' retrieved from /home/airflow/.local/lib/python3.12/site-packages/airflow/example_dags/example_branch_python_dop_operator_3.py
[2025-01-31T14:58:40.508+0000] {logging_mixin.py:190} INFO - [2025-01-31T14:58:40.508+0000] {dag.py:3239} INFO - Sync 1 DAGs
[2025-01-31T14:58:40.530+0000] {logging_mixin.py:190} INFO - [2025-01-31T14:58:40.530+0000] {dag.py:4180} INFO - Setting next_dagrun for example_branch_dop_operator_v3 to 2025-01-31 14:57:00+00:00, run_after=2025-01-31 14:58:00+00:00
[2025-01-31T14:58:40.546+0000] {processor.py:208} INFO - Processing /home/airflow/.local/lib/python3.12/site-packages/airflow/example_dags/example_branch_python_dop_operator_3.py took 0.074 seconds
[2025-01-31T14:59:11.389+0000] {processor.py:186} INFO - Started process (PID=4089) to work on /home/airflow/.local/lib/python3.12/site-packages/airflow/example_dags/example_branch_python_dop_operator_3.py
[2025-01-31T14:59:11.389+0000] {processor.py:914} INFO - Processing file /home/airflow/.local/lib/python3.12/site-packages/airflow/example_dags/example_branch_python_dop_operator_3.py for tasks to queue
[2025-01-31T14:59:11.391+0000] {logging_mixin.py:190} INFO - [2025-01-31T14:59:11.391+0000] {dagbag.py:588} INFO - Filling up the DagBag from /home/airflow/.local/lib/python3.12/site-packages/airflow/example_dags/example_branch_python_dop_operator_3.py
[2025-01-31T14:59:11.399+0000] {processor.py:925} INFO - DAG(s) 'example_branch_dop_operator_v3' retrieved from /home/airflow/.local/lib/python3.12/site-packages/airflow/example_dags/example_branch_python_dop_operator_3.py
[2025-01-31T14:59:11.417+0000] {logging_mixin.py:190} INFO - [2025-01-31T14:59:11.417+0000] {dag.py:3239} INFO - Sync 1 DAGs
[2025-01-31T14:59:11.445+0000] {logging_mixin.py:190} INFO - [2025-01-31T14:59:11.444+0000] {dag.py:4180} INFO - Setting next_dagrun for example_branch_dop_operator_v3 to 2025-01-31 14:58:00+00:00, run_after=2025-01-31 14:59:00+00:00
[2025-01-31T14:59:11.461+0000] {processor.py:208} INFO - Processing /home/airflow/.local/lib/python3.12/site-packages/airflow/example_dags/example_branch_python_dop_operator_3.py took 0.078 seconds
[2025-01-31T14:59:42.279+0000] {processor.py:186} INFO - Started process (PID=4155) to work on /home/airflow/.local/lib/python3.12/site-packages/airflow/example_dags/example_branch_python_dop_operator_3.py
[2025-01-31T14:59:42.280+0000] {processor.py:914} INFO - Processing file /home/airflow/.local/lib/python3.12/site-packages/airflow/example_dags/example_branch_python_dop_operator_3.py for tasks to queue
[2025-01-31T14:59:42.282+0000] {logging_mixin.py:190} INFO - [2025-01-31T14:59:42.282+0000] {dagbag.py:588} INFO - Filling up the DagBag from /home/airflow/.local/lib/python3.12/site-packages/airflow/example_dags/example_branch_python_dop_operator_3.py
[2025-01-31T14:59:42.290+0000] {processor.py:925} INFO - DAG(s) 'example_branch_dop_operator_v3' retrieved from /home/airflow/.local/lib/python3.12/site-packages/airflow/example_dags/example_branch_python_dop_operator_3.py
[2025-01-31T14:59:42.306+0000] {logging_mixin.py:190} INFO - [2025-01-31T14:59:42.306+0000] {dag.py:3239} INFO - Sync 1 DAGs
[2025-01-31T14:59:42.327+0000] {logging_mixin.py:190} INFO - [2025-01-31T14:59:42.327+0000] {dag.py:4180} INFO - Setting next_dagrun for example_branch_dop_operator_v3 to 2025-01-31 14:58:00+00:00, run_after=2025-01-31 14:59:00+00:00
[2025-01-31T14:59:42.342+0000] {processor.py:208} INFO - Processing /home/airflow/.local/lib/python3.12/site-packages/airflow/example_dags/example_branch_python_dop_operator_3.py took 0.068 seconds
[2025-01-31T15:00:12.949+0000] {processor.py:186} INFO - Started process (PID=4221) to work on /home/airflow/.local/lib/python3.12/site-packages/airflow/example_dags/example_branch_python_dop_operator_3.py
[2025-01-31T15:00:12.949+0000] {processor.py:914} INFO - Processing file /home/airflow/.local/lib/python3.12/site-packages/airflow/example_dags/example_branch_python_dop_operator_3.py for tasks to queue
[2025-01-31T15:00:12.951+0000] {logging_mixin.py:190} INFO - [2025-01-31T15:00:12.951+0000] {dagbag.py:588} INFO - Filling up the DagBag from /home/airflow/.local/lib/python3.12/site-packages/airflow/example_dags/example_branch_python_dop_operator_3.py
[2025-01-31T15:00:12.960+0000] {processor.py:925} INFO - DAG(s) 'example_branch_dop_operator_v3' retrieved from /home/airflow/.local/lib/python3.12/site-packages/airflow/example_dags/example_branch_python_dop_operator_3.py
[2025-01-31T15:00:12.977+0000] {logging_mixin.py:190} INFO - [2025-01-31T15:00:12.977+0000] {dag.py:3239} INFO - Sync 1 DAGs
[2025-01-31T15:00:12.997+0000] {logging_mixin.py:190} INFO - [2025-01-31T15:00:12.997+0000] {dag.py:4180} INFO - Setting next_dagrun for example_branch_dop_operator_v3 to 2025-01-31 14:59:00+00:00, run_after=2025-01-31 15:00:00+00:00
[2025-01-31T15:00:13.011+0000] {processor.py:208} INFO - Processing /home/airflow/.local/lib/python3.12/site-packages/airflow/example_dags/example_branch_python_dop_operator_3.py took 0.066 seconds
[2025-01-31T15:00:43.062+0000] {processor.py:186} INFO - Started process (PID=4286) to work on /home/airflow/.local/lib/python3.12/site-packages/airflow/example_dags/example_branch_python_dop_operator_3.py
[2025-01-31T15:00:43.063+0000] {processor.py:914} INFO - Processing file /home/airflow/.local/lib/python3.12/site-packages/airflow/example_dags/example_branch_python_dop_operator_3.py for tasks to queue
[2025-01-31T15:00:43.064+0000] {logging_mixin.py:190} INFO - [2025-01-31T15:00:43.064+0000] {dagbag.py:588} INFO - Filling up the DagBag from /home/airflow/.local/lib/python3.12/site-packages/airflow/example_dags/example_branch_python_dop_operator_3.py
[2025-01-31T15:00:43.072+0000] {processor.py:925} INFO - DAG(s) 'example_branch_dop_operator_v3' retrieved from /home/airflow/.local/lib/python3.12/site-packages/airflow/example_dags/example_branch_python_dop_operator_3.py
[2025-01-31T15:00:43.088+0000] {logging_mixin.py:190} INFO - [2025-01-31T15:00:43.088+0000] {dag.py:3239} INFO - Sync 1 DAGs
[2025-01-31T15:00:43.115+0000] {logging_mixin.py:190} INFO - [2025-01-31T15:00:43.115+0000] {dag.py:4180} INFO - Setting next_dagrun for example_branch_dop_operator_v3 to 2025-01-31 14:59:00+00:00, run_after=2025-01-31 15:00:00+00:00
[2025-01-31T15:00:43.131+0000] {processor.py:208} INFO - Processing /home/airflow/.local/lib/python3.12/site-packages/airflow/example_dags/example_branch_python_dop_operator_3.py took 0.073 seconds
[2025-01-31T15:01:13.191+0000] {processor.py:186} INFO - Started process (PID=4352) to work on /home/airflow/.local/lib/python3.12/site-packages/airflow/example_dags/example_branch_python_dop_operator_3.py
[2025-01-31T15:01:13.191+0000] {processor.py:914} INFO - Processing file /home/airflow/.local/lib/python3.12/site-packages/airflow/example_dags/example_branch_python_dop_operator_3.py for tasks to queue
[2025-01-31T15:01:13.193+0000] {logging_mixin.py:190} INFO - [2025-01-31T15:01:13.193+0000] {dagbag.py:588} INFO - Filling up the DagBag from /home/airflow/.local/lib/python3.12/site-packages/airflow/example_dags/example_branch_python_dop_operator_3.py
[2025-01-31T15:01:13.201+0000] {processor.py:925} INFO - DAG(s) 'example_branch_dop_operator_v3' retrieved from /home/airflow/.local/lib/python3.12/site-packages/airflow/example_dags/example_branch_python_dop_operator_3.py
[2025-01-31T15:01:13.219+0000] {logging_mixin.py:190} INFO - [2025-01-31T15:01:13.219+0000] {dag.py:3239} INFO - Sync 1 DAGs
[2025-01-31T15:01:13.239+0000] {logging_mixin.py:190} INFO - [2025-01-31T15:01:13.239+0000] {dag.py:4180} INFO - Setting next_dagrun for example_branch_dop_operator_v3 to 2025-01-31 15:00:00+00:00, run_after=2025-01-31 15:01:00+00:00
[2025-01-31T15:01:13.253+0000] {processor.py:208} INFO - Processing /home/airflow/.local/lib/python3.12/site-packages/airflow/example_dags/example_branch_python_dop_operator_3.py took 0.067 seconds
