[2025-01-31T14:27:50.909+0000] {processor.py:186} INFO - Started process (PID=115) to work on /home/airflow/.local/lib/python3.12/site-packages/airflow/example_dags/example_bash_operator.py
[2025-01-31T14:27:50.910+0000] {processor.py:914} INFO - Processing file /home/airflow/.local/lib/python3.12/site-packages/airflow/example_dags/example_bash_operator.py for tasks to queue
[2025-01-31T14:27:50.911+0000] {logging_mixin.py:190} INFO - [2025-01-31T14:27:50.911+0000] {dagbag.py:588} INFO - Filling up the DagBag from /home/airflow/.local/lib/python3.12/site-packages/airflow/example_dags/example_bash_operator.py
[2025-01-31T14:27:50.922+0000] {processor.py:925} INFO - DAG(s) 'example_bash_operator' retrieved from /home/airflow/.local/lib/python3.12/site-packages/airflow/example_dags/example_bash_operator.py
[2025-01-31T14:27:51.026+0000] {logging_mixin.py:190} INFO - [2025-01-31T14:27:51.025+0000] {override.py:1911} INFO - Created Permission View: can delete on DAG:example_bash_operator
[2025-01-31T14:27:51.035+0000] {logging_mixin.py:190} INFO - [2025-01-31T14:27:51.034+0000] {override.py:1911} INFO - Created Permission View: can edit on DAG:example_bash_operator
[2025-01-31T14:27:51.040+0000] {logging_mixin.py:190} INFO - [2025-01-31T14:27:51.040+0000] {override.py:1911} INFO - Created Permission View: can read on DAG:example_bash_operator
[2025-01-31T14:27:51.045+0000] {logging_mixin.py:190} INFO - [2025-01-31T14:27:51.045+0000] {override.py:1911} INFO - Created Permission View: menu access on DAG Run:example_bash_operator
[2025-01-31T14:27:51.050+0000] {logging_mixin.py:190} INFO - [2025-01-31T14:27:51.050+0000] {override.py:1911} INFO - Created Permission View: can create on DAG Run:example_bash_operator
[2025-01-31T14:27:51.055+0000] {logging_mixin.py:190} INFO - [2025-01-31T14:27:51.055+0000] {override.py:1911} INFO - Created Permission View: can delete on DAG Run:example_bash_operator
[2025-01-31T14:27:51.059+0000] {logging_mixin.py:190} INFO - [2025-01-31T14:27:51.059+0000] {override.py:1911} INFO - Created Permission View: can read on DAG Run:example_bash_operator
[2025-01-31T14:27:51.060+0000] {logging_mixin.py:190} INFO - [2025-01-31T14:27:51.060+0000] {dag.py:3239} INFO - Sync 1 DAGs
[2025-01-31T14:27:51.074+0000] {logging_mixin.py:190} INFO - [2025-01-31T14:27:51.074+0000] {dag.py:3262} INFO - Creating ORM DAG for example_bash_operator
[2025-01-31T14:27:51.084+0000] {logging_mixin.py:190} INFO - [2025-01-31T14:27:51.084+0000] {dag.py:4180} INFO - Setting next_dagrun for example_bash_operator to 2025-01-30 00:00:00+00:00, run_after=2025-01-31 00:00:00+00:00
[2025-01-31T14:27:51.099+0000] {processor.py:208} INFO - Processing /home/airflow/.local/lib/python3.12/site-packages/airflow/example_dags/example_bash_operator.py took 0.194 seconds
[2025-01-31T14:28:21.440+0000] {processor.py:186} INFO - Started process (PID=180) to work on /home/airflow/.local/lib/python3.12/site-packages/airflow/example_dags/example_bash_operator.py
[2025-01-31T14:28:21.440+0000] {processor.py:914} INFO - Processing file /home/airflow/.local/lib/python3.12/site-packages/airflow/example_dags/example_bash_operator.py for tasks to queue
[2025-01-31T14:28:21.442+0000] {logging_mixin.py:190} INFO - [2025-01-31T14:28:21.441+0000] {dagbag.py:588} INFO - Filling up the DagBag from /home/airflow/.local/lib/python3.12/site-packages/airflow/example_dags/example_bash_operator.py
[2025-01-31T14:28:21.452+0000] {processor.py:925} INFO - DAG(s) 'example_bash_operator' retrieved from /home/airflow/.local/lib/python3.12/site-packages/airflow/example_dags/example_bash_operator.py
[2025-01-31T14:28:21.471+0000] {logging_mixin.py:190} INFO - [2025-01-31T14:28:21.471+0000] {dag.py:3239} INFO - Sync 1 DAGs
[2025-01-31T14:28:21.488+0000] {logging_mixin.py:190} INFO - [2025-01-31T14:28:21.488+0000] {dag.py:4180} INFO - Setting next_dagrun for example_bash_operator to 2025-01-30 00:00:00+00:00, run_after=2025-01-31 00:00:00+00:00
[2025-01-31T14:28:21.500+0000] {processor.py:208} INFO - Processing /home/airflow/.local/lib/python3.12/site-packages/airflow/example_dags/example_bash_operator.py took 0.064 seconds
[2025-01-31T14:28:52.508+0000] {processor.py:186} INFO - Started process (PID=245) to work on /home/airflow/.local/lib/python3.12/site-packages/airflow/example_dags/example_bash_operator.py
[2025-01-31T14:28:52.509+0000] {processor.py:914} INFO - Processing file /home/airflow/.local/lib/python3.12/site-packages/airflow/example_dags/example_bash_operator.py for tasks to queue
[2025-01-31T14:28:52.510+0000] {logging_mixin.py:190} INFO - [2025-01-31T14:28:52.510+0000] {dagbag.py:588} INFO - Filling up the DagBag from /home/airflow/.local/lib/python3.12/site-packages/airflow/example_dags/example_bash_operator.py
[2025-01-31T14:28:52.520+0000] {processor.py:925} INFO - DAG(s) 'example_bash_operator' retrieved from /home/airflow/.local/lib/python3.12/site-packages/airflow/example_dags/example_bash_operator.py
[2025-01-31T14:28:52.540+0000] {logging_mixin.py:190} INFO - [2025-01-31T14:28:52.540+0000] {dag.py:3239} INFO - Sync 1 DAGs
[2025-01-31T14:28:52.558+0000] {logging_mixin.py:190} INFO - [2025-01-31T14:28:52.557+0000] {dag.py:4180} INFO - Setting next_dagrun for example_bash_operator to 2025-01-30 00:00:00+00:00, run_after=2025-01-31 00:00:00+00:00
[2025-01-31T14:28:52.570+0000] {processor.py:208} INFO - Processing /home/airflow/.local/lib/python3.12/site-packages/airflow/example_dags/example_bash_operator.py took 0.066 seconds
[2025-01-31T14:29:22.903+0000] {processor.py:186} INFO - Started process (PID=310) to work on /home/airflow/.local/lib/python3.12/site-packages/airflow/example_dags/example_bash_operator.py
[2025-01-31T14:29:22.904+0000] {processor.py:914} INFO - Processing file /home/airflow/.local/lib/python3.12/site-packages/airflow/example_dags/example_bash_operator.py for tasks to queue
[2025-01-31T14:29:22.905+0000] {logging_mixin.py:190} INFO - [2025-01-31T14:29:22.905+0000] {dagbag.py:588} INFO - Filling up the DagBag from /home/airflow/.local/lib/python3.12/site-packages/airflow/example_dags/example_bash_operator.py
[2025-01-31T14:29:22.916+0000] {processor.py:925} INFO - DAG(s) 'example_bash_operator' retrieved from /home/airflow/.local/lib/python3.12/site-packages/airflow/example_dags/example_bash_operator.py
[2025-01-31T14:29:22.936+0000] {logging_mixin.py:190} INFO - [2025-01-31T14:29:22.936+0000] {dag.py:3239} INFO - Sync 1 DAGs
[2025-01-31T14:29:22.955+0000] {logging_mixin.py:190} INFO - [2025-01-31T14:29:22.955+0000] {dag.py:4180} INFO - Setting next_dagrun for example_bash_operator to 2025-01-30 00:00:00+00:00, run_after=2025-01-31 00:00:00+00:00
[2025-01-31T14:29:22.967+0000] {processor.py:208} INFO - Processing /home/airflow/.local/lib/python3.12/site-packages/airflow/example_dags/example_bash_operator.py took 0.069 seconds
[2025-01-31T14:29:53.040+0000] {processor.py:186} INFO - Started process (PID=375) to work on /home/airflow/.local/lib/python3.12/site-packages/airflow/example_dags/example_bash_operator.py
[2025-01-31T14:29:53.040+0000] {processor.py:914} INFO - Processing file /home/airflow/.local/lib/python3.12/site-packages/airflow/example_dags/example_bash_operator.py for tasks to queue
[2025-01-31T14:29:53.042+0000] {logging_mixin.py:190} INFO - [2025-01-31T14:29:53.042+0000] {dagbag.py:588} INFO - Filling up the DagBag from /home/airflow/.local/lib/python3.12/site-packages/airflow/example_dags/example_bash_operator.py
[2025-01-31T14:29:53.054+0000] {processor.py:925} INFO - DAG(s) 'example_bash_operator' retrieved from /home/airflow/.local/lib/python3.12/site-packages/airflow/example_dags/example_bash_operator.py
[2025-01-31T14:29:53.075+0000] {logging_mixin.py:190} INFO - [2025-01-31T14:29:53.075+0000] {dag.py:3239} INFO - Sync 1 DAGs
[2025-01-31T14:29:53.097+0000] {logging_mixin.py:190} INFO - [2025-01-31T14:29:53.097+0000] {dag.py:4180} INFO - Setting next_dagrun for example_bash_operator to 2025-01-30 00:00:00+00:00, run_after=2025-01-31 00:00:00+00:00
[2025-01-31T14:29:53.112+0000] {processor.py:208} INFO - Processing /home/airflow/.local/lib/python3.12/site-packages/airflow/example_dags/example_bash_operator.py took 0.077 seconds
[2025-01-31T14:30:23.794+0000] {processor.py:186} INFO - Started process (PID=440) to work on /home/airflow/.local/lib/python3.12/site-packages/airflow/example_dags/example_bash_operator.py
[2025-01-31T14:30:23.794+0000] {processor.py:914} INFO - Processing file /home/airflow/.local/lib/python3.12/site-packages/airflow/example_dags/example_bash_operator.py for tasks to queue
[2025-01-31T14:30:23.796+0000] {logging_mixin.py:190} INFO - [2025-01-31T14:30:23.796+0000] {dagbag.py:588} INFO - Filling up the DagBag from /home/airflow/.local/lib/python3.12/site-packages/airflow/example_dags/example_bash_operator.py
[2025-01-31T14:30:23.806+0000] {processor.py:925} INFO - DAG(s) 'example_bash_operator' retrieved from /home/airflow/.local/lib/python3.12/site-packages/airflow/example_dags/example_bash_operator.py
[2025-01-31T14:30:23.829+0000] {logging_mixin.py:190} INFO - [2025-01-31T14:30:23.829+0000] {dag.py:3239} INFO - Sync 1 DAGs
[2025-01-31T14:30:23.850+0000] {logging_mixin.py:190} INFO - [2025-01-31T14:30:23.850+0000] {dag.py:4180} INFO - Setting next_dagrun for example_bash_operator to 2025-01-30 00:00:00+00:00, run_after=2025-01-31 00:00:00+00:00
[2025-01-31T14:30:23.863+0000] {processor.py:208} INFO - Processing /home/airflow/.local/lib/python3.12/site-packages/airflow/example_dags/example_bash_operator.py took 0.074 seconds
[2025-01-31T14:30:54.841+0000] {processor.py:186} INFO - Started process (PID=505) to work on /home/airflow/.local/lib/python3.12/site-packages/airflow/example_dags/example_bash_operator.py
[2025-01-31T14:30:54.842+0000] {processor.py:914} INFO - Processing file /home/airflow/.local/lib/python3.12/site-packages/airflow/example_dags/example_bash_operator.py for tasks to queue
[2025-01-31T14:30:54.844+0000] {logging_mixin.py:190} INFO - [2025-01-31T14:30:54.843+0000] {dagbag.py:588} INFO - Filling up the DagBag from /home/airflow/.local/lib/python3.12/site-packages/airflow/example_dags/example_bash_operator.py
[2025-01-31T14:30:54.853+0000] {processor.py:925} INFO - DAG(s) 'example_bash_operator' retrieved from /home/airflow/.local/lib/python3.12/site-packages/airflow/example_dags/example_bash_operator.py
[2025-01-31T14:30:54.874+0000] {logging_mixin.py:190} INFO - [2025-01-31T14:30:54.874+0000] {dag.py:3239} INFO - Sync 1 DAGs
[2025-01-31T14:30:54.892+0000] {logging_mixin.py:190} INFO - [2025-01-31T14:30:54.892+0000] {dag.py:4180} INFO - Setting next_dagrun for example_bash_operator to 2025-01-30 00:00:00+00:00, run_after=2025-01-31 00:00:00+00:00
[2025-01-31T14:30:54.904+0000] {processor.py:208} INFO - Processing /home/airflow/.local/lib/python3.12/site-packages/airflow/example_dags/example_bash_operator.py took 0.067 seconds
[2025-01-31T14:31:25.272+0000] {processor.py:186} INFO - Started process (PID=570) to work on /home/airflow/.local/lib/python3.12/site-packages/airflow/example_dags/example_bash_operator.py
[2025-01-31T14:31:25.273+0000] {processor.py:914} INFO - Processing file /home/airflow/.local/lib/python3.12/site-packages/airflow/example_dags/example_bash_operator.py for tasks to queue
[2025-01-31T14:31:25.275+0000] {logging_mixin.py:190} INFO - [2025-01-31T14:31:25.275+0000] {dagbag.py:588} INFO - Filling up the DagBag from /home/airflow/.local/lib/python3.12/site-packages/airflow/example_dags/example_bash_operator.py
[2025-01-31T14:31:25.288+0000] {processor.py:925} INFO - DAG(s) 'example_bash_operator' retrieved from /home/airflow/.local/lib/python3.12/site-packages/airflow/example_dags/example_bash_operator.py
[2025-01-31T14:31:25.319+0000] {logging_mixin.py:190} INFO - [2025-01-31T14:31:25.319+0000] {dag.py:3239} INFO - Sync 1 DAGs
[2025-01-31T14:31:25.347+0000] {logging_mixin.py:190} INFO - [2025-01-31T14:31:25.346+0000] {dag.py:4180} INFO - Setting next_dagrun for example_bash_operator to 2025-01-30 00:00:00+00:00, run_after=2025-01-31 00:00:00+00:00
[2025-01-31T14:31:25.364+0000] {processor.py:208} INFO - Processing /home/airflow/.local/lib/python3.12/site-packages/airflow/example_dags/example_bash_operator.py took 0.098 seconds
[2025-01-31T14:31:56.038+0000] {processor.py:186} INFO - Started process (PID=636) to work on /home/airflow/.local/lib/python3.12/site-packages/airflow/example_dags/example_bash_operator.py
[2025-01-31T14:31:56.039+0000] {processor.py:914} INFO - Processing file /home/airflow/.local/lib/python3.12/site-packages/airflow/example_dags/example_bash_operator.py for tasks to queue
[2025-01-31T14:31:56.040+0000] {logging_mixin.py:190} INFO - [2025-01-31T14:31:56.040+0000] {dagbag.py:588} INFO - Filling up the DagBag from /home/airflow/.local/lib/python3.12/site-packages/airflow/example_dags/example_bash_operator.py
[2025-01-31T14:31:56.050+0000] {processor.py:925} INFO - DAG(s) 'example_bash_operator' retrieved from /home/airflow/.local/lib/python3.12/site-packages/airflow/example_dags/example_bash_operator.py
[2025-01-31T14:31:56.071+0000] {logging_mixin.py:190} INFO - [2025-01-31T14:31:56.071+0000] {dag.py:3239} INFO - Sync 1 DAGs
[2025-01-31T14:31:56.089+0000] {logging_mixin.py:190} INFO - [2025-01-31T14:31:56.088+0000] {dag.py:4180} INFO - Setting next_dagrun for example_bash_operator to 2025-01-30 00:00:00+00:00, run_after=2025-01-31 00:00:00+00:00
[2025-01-31T14:31:56.101+0000] {processor.py:208} INFO - Processing /home/airflow/.local/lib/python3.12/site-packages/airflow/example_dags/example_bash_operator.py took 0.068 seconds
[2025-01-31T14:32:27.349+0000] {processor.py:186} INFO - Started process (PID=700) to work on /home/airflow/.local/lib/python3.12/site-packages/airflow/example_dags/example_bash_operator.py
[2025-01-31T14:32:27.350+0000] {processor.py:914} INFO - Processing file /home/airflow/.local/lib/python3.12/site-packages/airflow/example_dags/example_bash_operator.py for tasks to queue
[2025-01-31T14:32:27.352+0000] {logging_mixin.py:190} INFO - [2025-01-31T14:32:27.352+0000] {dagbag.py:588} INFO - Filling up the DagBag from /home/airflow/.local/lib/python3.12/site-packages/airflow/example_dags/example_bash_operator.py
[2025-01-31T14:32:27.367+0000] {processor.py:925} INFO - DAG(s) 'example_bash_operator' retrieved from /home/airflow/.local/lib/python3.12/site-packages/airflow/example_dags/example_bash_operator.py
[2025-01-31T14:32:27.399+0000] {logging_mixin.py:190} INFO - [2025-01-31T14:32:27.399+0000] {dag.py:3239} INFO - Sync 1 DAGs
[2025-01-31T14:32:27.423+0000] {logging_mixin.py:190} INFO - [2025-01-31T14:32:27.423+0000] {dag.py:4180} INFO - Setting next_dagrun for example_bash_operator to 2025-01-30 00:00:00+00:00, run_after=2025-01-31 00:00:00+00:00
[2025-01-31T14:32:27.439+0000] {processor.py:208} INFO - Processing /home/airflow/.local/lib/python3.12/site-packages/airflow/example_dags/example_bash_operator.py took 0.097 seconds
[2025-01-31T14:32:57.906+0000] {processor.py:186} INFO - Started process (PID=765) to work on /home/airflow/.local/lib/python3.12/site-packages/airflow/example_dags/example_bash_operator.py
[2025-01-31T14:32:57.906+0000] {processor.py:914} INFO - Processing file /home/airflow/.local/lib/python3.12/site-packages/airflow/example_dags/example_bash_operator.py for tasks to queue
[2025-01-31T14:32:57.908+0000] {logging_mixin.py:190} INFO - [2025-01-31T14:32:57.908+0000] {dagbag.py:588} INFO - Filling up the DagBag from /home/airflow/.local/lib/python3.12/site-packages/airflow/example_dags/example_bash_operator.py
[2025-01-31T14:32:57.919+0000] {processor.py:925} INFO - DAG(s) 'example_bash_operator' retrieved from /home/airflow/.local/lib/python3.12/site-packages/airflow/example_dags/example_bash_operator.py
[2025-01-31T14:32:57.940+0000] {logging_mixin.py:190} INFO - [2025-01-31T14:32:57.939+0000] {dag.py:3239} INFO - Sync 1 DAGs
[2025-01-31T14:32:57.964+0000] {logging_mixin.py:190} INFO - [2025-01-31T14:32:57.964+0000] {dag.py:4180} INFO - Setting next_dagrun for example_bash_operator to 2025-01-30 00:00:00+00:00, run_after=2025-01-31 00:00:00+00:00
[2025-01-31T14:32:57.980+0000] {processor.py:208} INFO - Processing /home/airflow/.local/lib/python3.12/site-packages/airflow/example_dags/example_bash_operator.py took 0.079 seconds
[2025-01-31T14:33:28.736+0000] {processor.py:186} INFO - Started process (PID=831) to work on /home/airflow/.local/lib/python3.12/site-packages/airflow/example_dags/example_bash_operator.py
[2025-01-31T14:33:28.737+0000] {processor.py:914} INFO - Processing file /home/airflow/.local/lib/python3.12/site-packages/airflow/example_dags/example_bash_operator.py for tasks to queue
[2025-01-31T14:33:28.739+0000] {logging_mixin.py:190} INFO - [2025-01-31T14:33:28.738+0000] {dagbag.py:588} INFO - Filling up the DagBag from /home/airflow/.local/lib/python3.12/site-packages/airflow/example_dags/example_bash_operator.py
[2025-01-31T14:33:28.750+0000] {processor.py:925} INFO - DAG(s) 'example_bash_operator' retrieved from /home/airflow/.local/lib/python3.12/site-packages/airflow/example_dags/example_bash_operator.py
[2025-01-31T14:33:28.777+0000] {logging_mixin.py:190} INFO - [2025-01-31T14:33:28.777+0000] {dag.py:3239} INFO - Sync 1 DAGs
[2025-01-31T14:33:28.804+0000] {logging_mixin.py:190} INFO - [2025-01-31T14:33:28.803+0000] {dag.py:4180} INFO - Setting next_dagrun for example_bash_operator to 2025-01-30 00:00:00+00:00, run_after=2025-01-31 00:00:00+00:00
[2025-01-31T14:33:28.819+0000] {processor.py:208} INFO - Processing /home/airflow/.local/lib/python3.12/site-packages/airflow/example_dags/example_bash_operator.py took 0.087 seconds
[2025-01-31T14:34:00.364+0000] {processor.py:186} INFO - Started process (PID=896) to work on /home/airflow/.local/lib/python3.12/site-packages/airflow/example_dags/example_bash_operator.py
[2025-01-31T14:34:00.365+0000] {processor.py:914} INFO - Processing file /home/airflow/.local/lib/python3.12/site-packages/airflow/example_dags/example_bash_operator.py for tasks to queue
[2025-01-31T14:34:00.367+0000] {logging_mixin.py:190} INFO - [2025-01-31T14:34:00.367+0000] {dagbag.py:588} INFO - Filling up the DagBag from /home/airflow/.local/lib/python3.12/site-packages/airflow/example_dags/example_bash_operator.py
[2025-01-31T14:34:00.379+0000] {processor.py:925} INFO - DAG(s) 'example_bash_operator' retrieved from /home/airflow/.local/lib/python3.12/site-packages/airflow/example_dags/example_bash_operator.py
[2025-01-31T14:34:00.406+0000] {logging_mixin.py:190} INFO - [2025-01-31T14:34:00.406+0000] {dag.py:3239} INFO - Sync 1 DAGs
[2025-01-31T14:34:00.429+0000] {logging_mixin.py:190} INFO - [2025-01-31T14:34:00.428+0000] {dag.py:4180} INFO - Setting next_dagrun for example_bash_operator to 2025-01-30 00:00:00+00:00, run_after=2025-01-31 00:00:00+00:00
[2025-01-31T14:34:00.442+0000] {processor.py:208} INFO - Processing /home/airflow/.local/lib/python3.12/site-packages/airflow/example_dags/example_bash_operator.py took 0.083 seconds
[2025-01-31T14:34:31.213+0000] {processor.py:186} INFO - Started process (PID=961) to work on /home/airflow/.local/lib/python3.12/site-packages/airflow/example_dags/example_bash_operator.py
[2025-01-31T14:34:31.213+0000] {processor.py:914} INFO - Processing file /home/airflow/.local/lib/python3.12/site-packages/airflow/example_dags/example_bash_operator.py for tasks to queue
[2025-01-31T14:34:31.215+0000] {logging_mixin.py:190} INFO - [2025-01-31T14:34:31.214+0000] {dagbag.py:588} INFO - Filling up the DagBag from /home/airflow/.local/lib/python3.12/site-packages/airflow/example_dags/example_bash_operator.py
[2025-01-31T14:34:31.227+0000] {processor.py:925} INFO - DAG(s) 'example_bash_operator' retrieved from /home/airflow/.local/lib/python3.12/site-packages/airflow/example_dags/example_bash_operator.py
[2025-01-31T14:34:31.259+0000] {logging_mixin.py:190} INFO - [2025-01-31T14:34:31.259+0000] {dag.py:3239} INFO - Sync 1 DAGs
[2025-01-31T14:34:31.279+0000] {logging_mixin.py:190} INFO - [2025-01-31T14:34:31.279+0000] {dag.py:4180} INFO - Setting next_dagrun for example_bash_operator to 2025-01-30 00:00:00+00:00, run_after=2025-01-31 00:00:00+00:00
[2025-01-31T14:34:31.296+0000] {processor.py:208} INFO - Processing /home/airflow/.local/lib/python3.12/site-packages/airflow/example_dags/example_bash_operator.py took 0.088 seconds
[2025-01-31T14:35:02.244+0000] {processor.py:186} INFO - Started process (PID=1027) to work on /home/airflow/.local/lib/python3.12/site-packages/airflow/example_dags/example_bash_operator.py
[2025-01-31T14:35:02.245+0000] {processor.py:914} INFO - Processing file /home/airflow/.local/lib/python3.12/site-packages/airflow/example_dags/example_bash_operator.py for tasks to queue
[2025-01-31T14:35:02.247+0000] {logging_mixin.py:190} INFO - [2025-01-31T14:35:02.246+0000] {dagbag.py:588} INFO - Filling up the DagBag from /home/airflow/.local/lib/python3.12/site-packages/airflow/example_dags/example_bash_operator.py
[2025-01-31T14:35:02.260+0000] {processor.py:925} INFO - DAG(s) 'example_bash_operator' retrieved from /home/airflow/.local/lib/python3.12/site-packages/airflow/example_dags/example_bash_operator.py
[2025-01-31T14:35:02.287+0000] {logging_mixin.py:190} INFO - [2025-01-31T14:35:02.287+0000] {dag.py:3239} INFO - Sync 1 DAGs
[2025-01-31T14:35:02.312+0000] {logging_mixin.py:190} INFO - [2025-01-31T14:35:02.312+0000] {dag.py:4180} INFO - Setting next_dagrun for example_bash_operator to 2025-01-30 00:00:00+00:00, run_after=2025-01-31 00:00:00+00:00
[2025-01-31T14:35:02.327+0000] {processor.py:208} INFO - Processing /home/airflow/.local/lib/python3.12/site-packages/airflow/example_dags/example_bash_operator.py took 0.087 seconds
[2025-01-31T14:35:32.761+0000] {processor.py:186} INFO - Started process (PID=1092) to work on /home/airflow/.local/lib/python3.12/site-packages/airflow/example_dags/example_bash_operator.py
[2025-01-31T14:35:32.762+0000] {processor.py:914} INFO - Processing file /home/airflow/.local/lib/python3.12/site-packages/airflow/example_dags/example_bash_operator.py for tasks to queue
[2025-01-31T14:35:32.764+0000] {logging_mixin.py:190} INFO - [2025-01-31T14:35:32.763+0000] {dagbag.py:588} INFO - Filling up the DagBag from /home/airflow/.local/lib/python3.12/site-packages/airflow/example_dags/example_bash_operator.py
[2025-01-31T14:35:32.775+0000] {processor.py:925} INFO - DAG(s) 'example_bash_operator' retrieved from /home/airflow/.local/lib/python3.12/site-packages/airflow/example_dags/example_bash_operator.py
[2025-01-31T14:35:32.801+0000] {logging_mixin.py:190} INFO - [2025-01-31T14:35:32.801+0000] {dag.py:3239} INFO - Sync 1 DAGs
[2025-01-31T14:35:32.824+0000] {logging_mixin.py:190} INFO - [2025-01-31T14:35:32.824+0000] {dag.py:4180} INFO - Setting next_dagrun for example_bash_operator to 2025-01-30 00:00:00+00:00, run_after=2025-01-31 00:00:00+00:00
[2025-01-31T14:35:32.839+0000] {processor.py:208} INFO - Processing /home/airflow/.local/lib/python3.12/site-packages/airflow/example_dags/example_bash_operator.py took 0.084 seconds
[2025-01-31T14:36:04.131+0000] {processor.py:186} INFO - Started process (PID=1157) to work on /home/airflow/.local/lib/python3.12/site-packages/airflow/example_dags/example_bash_operator.py
[2025-01-31T14:36:04.132+0000] {processor.py:914} INFO - Processing file /home/airflow/.local/lib/python3.12/site-packages/airflow/example_dags/example_bash_operator.py for tasks to queue
[2025-01-31T14:36:04.133+0000] {logging_mixin.py:190} INFO - [2025-01-31T14:36:04.133+0000] {dagbag.py:588} INFO - Filling up the DagBag from /home/airflow/.local/lib/python3.12/site-packages/airflow/example_dags/example_bash_operator.py
[2025-01-31T14:36:04.143+0000] {processor.py:925} INFO - DAG(s) 'example_bash_operator' retrieved from /home/airflow/.local/lib/python3.12/site-packages/airflow/example_dags/example_bash_operator.py
[2025-01-31T14:36:04.164+0000] {logging_mixin.py:190} INFO - [2025-01-31T14:36:04.164+0000] {dag.py:3239} INFO - Sync 1 DAGs
[2025-01-31T14:36:04.183+0000] {logging_mixin.py:190} INFO - [2025-01-31T14:36:04.183+0000] {dag.py:4180} INFO - Setting next_dagrun for example_bash_operator to 2025-01-30 00:00:00+00:00, run_after=2025-01-31 00:00:00+00:00
[2025-01-31T14:36:04.195+0000] {processor.py:208} INFO - Processing /home/airflow/.local/lib/python3.12/site-packages/airflow/example_dags/example_bash_operator.py took 0.068 seconds
[2025-01-31T14:36:35.492+0000] {processor.py:186} INFO - Started process (PID=1223) to work on /home/airflow/.local/lib/python3.12/site-packages/airflow/example_dags/example_bash_operator.py
[2025-01-31T14:36:35.493+0000] {processor.py:914} INFO - Processing file /home/airflow/.local/lib/python3.12/site-packages/airflow/example_dags/example_bash_operator.py for tasks to queue
[2025-01-31T14:36:35.495+0000] {logging_mixin.py:190} INFO - [2025-01-31T14:36:35.495+0000] {dagbag.py:588} INFO - Filling up the DagBag from /home/airflow/.local/lib/python3.12/site-packages/airflow/example_dags/example_bash_operator.py
[2025-01-31T14:36:35.510+0000] {processor.py:925} INFO - DAG(s) 'example_bash_operator' retrieved from /home/airflow/.local/lib/python3.12/site-packages/airflow/example_dags/example_bash_operator.py
[2025-01-31T14:36:35.546+0000] {logging_mixin.py:190} INFO - [2025-01-31T14:36:35.546+0000] {dag.py:3239} INFO - Sync 1 DAGs
[2025-01-31T14:36:35.565+0000] {logging_mixin.py:190} INFO - [2025-01-31T14:36:35.565+0000] {dag.py:4180} INFO - Setting next_dagrun for example_bash_operator to 2025-01-30 00:00:00+00:00, run_after=2025-01-31 00:00:00+00:00
[2025-01-31T14:36:35.578+0000] {processor.py:208} INFO - Processing /home/airflow/.local/lib/python3.12/site-packages/airflow/example_dags/example_bash_operator.py took 0.092 seconds
[2025-01-31T14:37:06.708+0000] {processor.py:186} INFO - Started process (PID=1288) to work on /home/airflow/.local/lib/python3.12/site-packages/airflow/example_dags/example_bash_operator.py
[2025-01-31T14:37:06.708+0000] {processor.py:914} INFO - Processing file /home/airflow/.local/lib/python3.12/site-packages/airflow/example_dags/example_bash_operator.py for tasks to queue
[2025-01-31T14:37:06.710+0000] {logging_mixin.py:190} INFO - [2025-01-31T14:37:06.710+0000] {dagbag.py:588} INFO - Filling up the DagBag from /home/airflow/.local/lib/python3.12/site-packages/airflow/example_dags/example_bash_operator.py
[2025-01-31T14:37:06.721+0000] {processor.py:925} INFO - DAG(s) 'example_bash_operator' retrieved from /home/airflow/.local/lib/python3.12/site-packages/airflow/example_dags/example_bash_operator.py
[2025-01-31T14:37:06.748+0000] {logging_mixin.py:190} INFO - [2025-01-31T14:37:06.748+0000] {dag.py:3239} INFO - Sync 1 DAGs
[2025-01-31T14:37:06.772+0000] {logging_mixin.py:190} INFO - [2025-01-31T14:37:06.772+0000] {dag.py:4180} INFO - Setting next_dagrun for example_bash_operator to 2025-01-30 00:00:00+00:00, run_after=2025-01-31 00:00:00+00:00
[2025-01-31T14:37:06.787+0000] {processor.py:208} INFO - Processing /home/airflow/.local/lib/python3.12/site-packages/airflow/example_dags/example_bash_operator.py took 0.086 seconds
[2025-01-31T14:37:38.258+0000] {processor.py:186} INFO - Started process (PID=1353) to work on /home/airflow/.local/lib/python3.12/site-packages/airflow/example_dags/example_bash_operator.py
[2025-01-31T14:37:38.258+0000] {processor.py:914} INFO - Processing file /home/airflow/.local/lib/python3.12/site-packages/airflow/example_dags/example_bash_operator.py for tasks to queue
[2025-01-31T14:37:38.260+0000] {logging_mixin.py:190} INFO - [2025-01-31T14:37:38.260+0000] {dagbag.py:588} INFO - Filling up the DagBag from /home/airflow/.local/lib/python3.12/site-packages/airflow/example_dags/example_bash_operator.py
[2025-01-31T14:37:38.270+0000] {processor.py:925} INFO - DAG(s) 'example_bash_operator' retrieved from /home/airflow/.local/lib/python3.12/site-packages/airflow/example_dags/example_bash_operator.py
[2025-01-31T14:37:38.298+0000] {logging_mixin.py:190} INFO - [2025-01-31T14:37:38.297+0000] {dag.py:3239} INFO - Sync 1 DAGs
[2025-01-31T14:37:38.322+0000] {logging_mixin.py:190} INFO - [2025-01-31T14:37:38.322+0000] {dag.py:4180} INFO - Setting next_dagrun for example_bash_operator to 2025-01-30 00:00:00+00:00, run_after=2025-01-31 00:00:00+00:00
[2025-01-31T14:37:38.337+0000] {processor.py:208} INFO - Processing /home/airflow/.local/lib/python3.12/site-packages/airflow/example_dags/example_bash_operator.py took 0.084 seconds
[2025-01-31T14:38:09.313+0000] {processor.py:186} INFO - Started process (PID=1418) to work on /home/airflow/.local/lib/python3.12/site-packages/airflow/example_dags/example_bash_operator.py
[2025-01-31T14:38:09.313+0000] {processor.py:914} INFO - Processing file /home/airflow/.local/lib/python3.12/site-packages/airflow/example_dags/example_bash_operator.py for tasks to queue
[2025-01-31T14:38:09.315+0000] {logging_mixin.py:190} INFO - [2025-01-31T14:38:09.315+0000] {dagbag.py:588} INFO - Filling up the DagBag from /home/airflow/.local/lib/python3.12/site-packages/airflow/example_dags/example_bash_operator.py
[2025-01-31T14:38:09.326+0000] {processor.py:925} INFO - DAG(s) 'example_bash_operator' retrieved from /home/airflow/.local/lib/python3.12/site-packages/airflow/example_dags/example_bash_operator.py
[2025-01-31T14:38:09.347+0000] {logging_mixin.py:190} INFO - [2025-01-31T14:38:09.347+0000] {dag.py:3239} INFO - Sync 1 DAGs
[2025-01-31T14:38:09.366+0000] {logging_mixin.py:190} INFO - [2025-01-31T14:38:09.366+0000] {dag.py:4180} INFO - Setting next_dagrun for example_bash_operator to 2025-01-30 00:00:00+00:00, run_after=2025-01-31 00:00:00+00:00
[2025-01-31T14:38:09.378+0000] {processor.py:208} INFO - Processing /home/airflow/.local/lib/python3.12/site-packages/airflow/example_dags/example_bash_operator.py took 0.070 seconds
[2025-01-31T14:38:40.485+0000] {processor.py:186} INFO - Started process (PID=1483) to work on /home/airflow/.local/lib/python3.12/site-packages/airflow/example_dags/example_bash_operator.py
[2025-01-31T14:38:40.485+0000] {processor.py:914} INFO - Processing file /home/airflow/.local/lib/python3.12/site-packages/airflow/example_dags/example_bash_operator.py for tasks to queue
[2025-01-31T14:38:40.487+0000] {logging_mixin.py:190} INFO - [2025-01-31T14:38:40.487+0000] {dagbag.py:588} INFO - Filling up the DagBag from /home/airflow/.local/lib/python3.12/site-packages/airflow/example_dags/example_bash_operator.py
[2025-01-31T14:38:40.497+0000] {processor.py:925} INFO - DAG(s) 'example_bash_operator' retrieved from /home/airflow/.local/lib/python3.12/site-packages/airflow/example_dags/example_bash_operator.py
[2025-01-31T14:38:40.517+0000] {logging_mixin.py:190} INFO - [2025-01-31T14:38:40.517+0000] {dag.py:3239} INFO - Sync 1 DAGs
[2025-01-31T14:38:40.536+0000] {logging_mixin.py:190} INFO - [2025-01-31T14:38:40.535+0000] {dag.py:4180} INFO - Setting next_dagrun for example_bash_operator to 2025-01-30 00:00:00+00:00, run_after=2025-01-31 00:00:00+00:00
[2025-01-31T14:38:40.548+0000] {processor.py:208} INFO - Processing /home/airflow/.local/lib/python3.12/site-packages/airflow/example_dags/example_bash_operator.py took 0.068 seconds
[2025-01-31T14:39:11.787+0000] {processor.py:186} INFO - Started process (PID=1555) to work on /home/airflow/.local/lib/python3.12/site-packages/airflow/example_dags/example_bash_operator.py
[2025-01-31T14:39:11.788+0000] {processor.py:914} INFO - Processing file /home/airflow/.local/lib/python3.12/site-packages/airflow/example_dags/example_bash_operator.py for tasks to queue
[2025-01-31T14:39:11.790+0000] {logging_mixin.py:190} INFO - [2025-01-31T14:39:11.789+0000] {dagbag.py:588} INFO - Filling up the DagBag from /home/airflow/.local/lib/python3.12/site-packages/airflow/example_dags/example_bash_operator.py
[2025-01-31T14:39:11.800+0000] {processor.py:925} INFO - DAG(s) 'example_bash_operator' retrieved from /home/airflow/.local/lib/python3.12/site-packages/airflow/example_dags/example_bash_operator.py
[2025-01-31T14:39:11.827+0000] {logging_mixin.py:190} INFO - [2025-01-31T14:39:11.827+0000] {dag.py:3239} INFO - Sync 1 DAGs
[2025-01-31T14:39:11.854+0000] {logging_mixin.py:190} INFO - [2025-01-31T14:39:11.853+0000] {dag.py:4180} INFO - Setting next_dagrun for example_bash_operator to 2025-01-30 00:00:00+00:00, run_after=2025-01-31 00:00:00+00:00
[2025-01-31T14:39:11.871+0000] {processor.py:208} INFO - Processing /home/airflow/.local/lib/python3.12/site-packages/airflow/example_dags/example_bash_operator.py took 0.089 seconds
[2025-01-31T14:39:43.131+0000] {processor.py:186} INFO - Started process (PID=1619) to work on /home/airflow/.local/lib/python3.12/site-packages/airflow/example_dags/example_bash_operator.py
[2025-01-31T14:39:43.132+0000] {processor.py:914} INFO - Processing file /home/airflow/.local/lib/python3.12/site-packages/airflow/example_dags/example_bash_operator.py for tasks to queue
[2025-01-31T14:39:43.134+0000] {logging_mixin.py:190} INFO - [2025-01-31T14:39:43.134+0000] {dagbag.py:588} INFO - Filling up the DagBag from /home/airflow/.local/lib/python3.12/site-packages/airflow/example_dags/example_bash_operator.py
[2025-01-31T14:39:43.146+0000] {processor.py:925} INFO - DAG(s) 'example_bash_operator' retrieved from /home/airflow/.local/lib/python3.12/site-packages/airflow/example_dags/example_bash_operator.py
[2025-01-31T14:39:43.167+0000] {logging_mixin.py:190} INFO - [2025-01-31T14:39:43.167+0000] {dag.py:3239} INFO - Sync 1 DAGs
[2025-01-31T14:39:43.188+0000] {logging_mixin.py:190} INFO - [2025-01-31T14:39:43.187+0000] {dag.py:4180} INFO - Setting next_dagrun for example_bash_operator to 2025-01-30 00:00:00+00:00, run_after=2025-01-31 00:00:00+00:00
[2025-01-31T14:39:43.202+0000] {processor.py:208} INFO - Processing /home/airflow/.local/lib/python3.12/site-packages/airflow/example_dags/example_bash_operator.py took 0.075 seconds
[2025-01-31T14:40:14.048+0000] {processor.py:186} INFO - Started process (PID=1684) to work on /home/airflow/.local/lib/python3.12/site-packages/airflow/example_dags/example_bash_operator.py
[2025-01-31T14:40:14.048+0000] {processor.py:914} INFO - Processing file /home/airflow/.local/lib/python3.12/site-packages/airflow/example_dags/example_bash_operator.py for tasks to queue
[2025-01-31T14:40:14.050+0000] {logging_mixin.py:190} INFO - [2025-01-31T14:40:14.050+0000] {dagbag.py:588} INFO - Filling up the DagBag from /home/airflow/.local/lib/python3.12/site-packages/airflow/example_dags/example_bash_operator.py
[2025-01-31T14:40:14.061+0000] {processor.py:925} INFO - DAG(s) 'example_bash_operator' retrieved from /home/airflow/.local/lib/python3.12/site-packages/airflow/example_dags/example_bash_operator.py
[2025-01-31T14:40:14.082+0000] {logging_mixin.py:190} INFO - [2025-01-31T14:40:14.082+0000] {dag.py:3239} INFO - Sync 1 DAGs
[2025-01-31T14:40:14.102+0000] {logging_mixin.py:190} INFO - [2025-01-31T14:40:14.102+0000] {dag.py:4180} INFO - Setting next_dagrun for example_bash_operator to 2025-01-30 00:00:00+00:00, run_after=2025-01-31 00:00:00+00:00
[2025-01-31T14:40:14.114+0000] {processor.py:208} INFO - Processing /home/airflow/.local/lib/python3.12/site-packages/airflow/example_dags/example_bash_operator.py took 0.072 seconds
[2025-01-31T14:40:45.188+0000] {processor.py:186} INFO - Started process (PID=1749) to work on /home/airflow/.local/lib/python3.12/site-packages/airflow/example_dags/example_bash_operator.py
[2025-01-31T14:40:45.188+0000] {processor.py:914} INFO - Processing file /home/airflow/.local/lib/python3.12/site-packages/airflow/example_dags/example_bash_operator.py for tasks to queue
[2025-01-31T14:40:45.191+0000] {logging_mixin.py:190} INFO - [2025-01-31T14:40:45.190+0000] {dagbag.py:588} INFO - Filling up the DagBag from /home/airflow/.local/lib/python3.12/site-packages/airflow/example_dags/example_bash_operator.py
[2025-01-31T14:40:45.204+0000] {processor.py:925} INFO - DAG(s) 'example_bash_operator' retrieved from /home/airflow/.local/lib/python3.12/site-packages/airflow/example_dags/example_bash_operator.py
[2025-01-31T14:40:45.227+0000] {logging_mixin.py:190} INFO - [2025-01-31T14:40:45.227+0000] {dag.py:3239} INFO - Sync 1 DAGs
[2025-01-31T14:40:45.245+0000] {logging_mixin.py:190} INFO - [2025-01-31T14:40:45.245+0000] {dag.py:4180} INFO - Setting next_dagrun for example_bash_operator to 2025-01-30 00:00:00+00:00, run_after=2025-01-31 00:00:00+00:00
[2025-01-31T14:40:45.259+0000] {processor.py:208} INFO - Processing /home/airflow/.local/lib/python3.12/site-packages/airflow/example_dags/example_bash_operator.py took 0.077 seconds
[2025-01-31T14:41:16.317+0000] {processor.py:186} INFO - Started process (PID=1814) to work on /home/airflow/.local/lib/python3.12/site-packages/airflow/example_dags/example_bash_operator.py
[2025-01-31T14:41:16.318+0000] {processor.py:914} INFO - Processing file /home/airflow/.local/lib/python3.12/site-packages/airflow/example_dags/example_bash_operator.py for tasks to queue
[2025-01-31T14:41:16.319+0000] {logging_mixin.py:190} INFO - [2025-01-31T14:41:16.319+0000] {dagbag.py:588} INFO - Filling up the DagBag from /home/airflow/.local/lib/python3.12/site-packages/airflow/example_dags/example_bash_operator.py
[2025-01-31T14:41:16.329+0000] {processor.py:925} INFO - DAG(s) 'example_bash_operator' retrieved from /home/airflow/.local/lib/python3.12/site-packages/airflow/example_dags/example_bash_operator.py
[2025-01-31T14:41:16.349+0000] {logging_mixin.py:190} INFO - [2025-01-31T14:41:16.349+0000] {dag.py:3239} INFO - Sync 1 DAGs
[2025-01-31T14:41:16.372+0000] {logging_mixin.py:190} INFO - [2025-01-31T14:41:16.372+0000] {dag.py:4180} INFO - Setting next_dagrun for example_bash_operator to 2025-01-30 00:00:00+00:00, run_after=2025-01-31 00:00:00+00:00
[2025-01-31T14:41:16.389+0000] {processor.py:208} INFO - Processing /home/airflow/.local/lib/python3.12/site-packages/airflow/example_dags/example_bash_operator.py took 0.076 seconds
[2025-01-31T14:41:47.711+0000] {processor.py:186} INFO - Started process (PID=1880) to work on /home/airflow/.local/lib/python3.12/site-packages/airflow/example_dags/example_bash_operator.py
[2025-01-31T14:41:47.711+0000] {processor.py:914} INFO - Processing file /home/airflow/.local/lib/python3.12/site-packages/airflow/example_dags/example_bash_operator.py for tasks to queue
[2025-01-31T14:41:47.714+0000] {logging_mixin.py:190} INFO - [2025-01-31T14:41:47.713+0000] {dagbag.py:588} INFO - Filling up the DagBag from /home/airflow/.local/lib/python3.12/site-packages/airflow/example_dags/example_bash_operator.py
[2025-01-31T14:41:47.729+0000] {processor.py:925} INFO - DAG(s) 'example_bash_operator' retrieved from /home/airflow/.local/lib/python3.12/site-packages/airflow/example_dags/example_bash_operator.py
[2025-01-31T14:41:47.760+0000] {logging_mixin.py:190} INFO - [2025-01-31T14:41:47.760+0000] {dag.py:3239} INFO - Sync 1 DAGs
[2025-01-31T14:41:47.780+0000] {logging_mixin.py:190} INFO - [2025-01-31T14:41:47.780+0000] {dag.py:4180} INFO - Setting next_dagrun for example_bash_operator to 2025-01-30 00:00:00+00:00, run_after=2025-01-31 00:00:00+00:00
[2025-01-31T14:41:47.793+0000] {processor.py:208} INFO - Processing /home/airflow/.local/lib/python3.12/site-packages/airflow/example_dags/example_bash_operator.py took 0.089 seconds
[2025-01-31T14:42:19.513+0000] {processor.py:186} INFO - Started process (PID=1945) to work on /home/airflow/.local/lib/python3.12/site-packages/airflow/example_dags/example_bash_operator.py
[2025-01-31T14:42:19.513+0000] {processor.py:914} INFO - Processing file /home/airflow/.local/lib/python3.12/site-packages/airflow/example_dags/example_bash_operator.py for tasks to queue
[2025-01-31T14:42:19.515+0000] {logging_mixin.py:190} INFO - [2025-01-31T14:42:19.515+0000] {dagbag.py:588} INFO - Filling up the DagBag from /home/airflow/.local/lib/python3.12/site-packages/airflow/example_dags/example_bash_operator.py
[2025-01-31T14:42:19.528+0000] {processor.py:925} INFO - DAG(s) 'example_bash_operator' retrieved from /home/airflow/.local/lib/python3.12/site-packages/airflow/example_dags/example_bash_operator.py
[2025-01-31T14:42:19.555+0000] {logging_mixin.py:190} INFO - [2025-01-31T14:42:19.554+0000] {dag.py:3239} INFO - Sync 1 DAGs
[2025-01-31T14:42:19.579+0000] {logging_mixin.py:190} INFO - [2025-01-31T14:42:19.579+0000] {dag.py:4180} INFO - Setting next_dagrun for example_bash_operator to 2025-01-30 00:00:00+00:00, run_after=2025-01-31 00:00:00+00:00
[2025-01-31T14:42:19.592+0000] {processor.py:208} INFO - Processing /home/airflow/.local/lib/python3.12/site-packages/airflow/example_dags/example_bash_operator.py took 0.084 seconds
[2025-01-31T14:42:50.879+0000] {processor.py:186} INFO - Started process (PID=2011) to work on /home/airflow/.local/lib/python3.12/site-packages/airflow/example_dags/example_bash_operator.py
[2025-01-31T14:42:50.881+0000] {processor.py:914} INFO - Processing file /home/airflow/.local/lib/python3.12/site-packages/airflow/example_dags/example_bash_operator.py for tasks to queue
[2025-01-31T14:42:50.884+0000] {logging_mixin.py:190} INFO - [2025-01-31T14:42:50.884+0000] {dagbag.py:588} INFO - Filling up the DagBag from /home/airflow/.local/lib/python3.12/site-packages/airflow/example_dags/example_bash_operator.py
[2025-01-31T14:42:50.900+0000] {processor.py:925} INFO - DAG(s) 'example_bash_operator' retrieved from /home/airflow/.local/lib/python3.12/site-packages/airflow/example_dags/example_bash_operator.py
[2025-01-31T14:42:50.928+0000] {logging_mixin.py:190} INFO - [2025-01-31T14:42:50.928+0000] {dag.py:3239} INFO - Sync 1 DAGs
[2025-01-31T14:42:50.955+0000] {logging_mixin.py:190} INFO - [2025-01-31T14:42:50.955+0000] {dag.py:4180} INFO - Setting next_dagrun for example_bash_operator to 2025-01-30 00:00:00+00:00, run_after=2025-01-31 00:00:00+00:00
[2025-01-31T14:42:50.998+0000] {processor.py:208} INFO - Processing /home/airflow/.local/lib/python3.12/site-packages/airflow/example_dags/example_bash_operator.py took 0.125 seconds
[2025-01-31T14:43:21.520+0000] {processor.py:186} INFO - Started process (PID=2075) to work on /home/airflow/.local/lib/python3.12/site-packages/airflow/example_dags/example_bash_operator.py
[2025-01-31T14:43:21.521+0000] {processor.py:914} INFO - Processing file /home/airflow/.local/lib/python3.12/site-packages/airflow/example_dags/example_bash_operator.py for tasks to queue
[2025-01-31T14:43:21.523+0000] {logging_mixin.py:190} INFO - [2025-01-31T14:43:21.523+0000] {dagbag.py:588} INFO - Filling up the DagBag from /home/airflow/.local/lib/python3.12/site-packages/airflow/example_dags/example_bash_operator.py
[2025-01-31T14:43:21.538+0000] {processor.py:925} INFO - DAG(s) 'example_bash_operator' retrieved from /home/airflow/.local/lib/python3.12/site-packages/airflow/example_dags/example_bash_operator.py
[2025-01-31T14:43:21.561+0000] {logging_mixin.py:190} INFO - [2025-01-31T14:43:21.561+0000] {dag.py:3239} INFO - Sync 1 DAGs
[2025-01-31T14:43:21.586+0000] {logging_mixin.py:190} INFO - [2025-01-31T14:43:21.586+0000] {dag.py:4180} INFO - Setting next_dagrun for example_bash_operator to 2025-01-30 00:00:00+00:00, run_after=2025-01-31 00:00:00+00:00
[2025-01-31T14:43:21.603+0000] {processor.py:208} INFO - Processing /home/airflow/.local/lib/python3.12/site-packages/airflow/example_dags/example_bash_operator.py took 0.089 seconds
[2025-01-31T14:43:52.293+0000] {processor.py:186} INFO - Started process (PID=2141) to work on /home/airflow/.local/lib/python3.12/site-packages/airflow/example_dags/example_bash_operator.py
[2025-01-31T14:43:52.293+0000] {processor.py:914} INFO - Processing file /home/airflow/.local/lib/python3.12/site-packages/airflow/example_dags/example_bash_operator.py for tasks to queue
[2025-01-31T14:43:52.295+0000] {logging_mixin.py:190} INFO - [2025-01-31T14:43:52.295+0000] {dagbag.py:588} INFO - Filling up the DagBag from /home/airflow/.local/lib/python3.12/site-packages/airflow/example_dags/example_bash_operator.py
[2025-01-31T14:43:52.308+0000] {processor.py:925} INFO - DAG(s) 'example_bash_operator' retrieved from /home/airflow/.local/lib/python3.12/site-packages/airflow/example_dags/example_bash_operator.py
[2025-01-31T14:43:52.338+0000] {logging_mixin.py:190} INFO - [2025-01-31T14:43:52.337+0000] {dag.py:3239} INFO - Sync 1 DAGs
[2025-01-31T14:43:52.365+0000] {logging_mixin.py:190} INFO - [2025-01-31T14:43:52.365+0000] {dag.py:4180} INFO - Setting next_dagrun for example_bash_operator to 2025-01-30 00:00:00+00:00, run_after=2025-01-31 00:00:00+00:00
[2025-01-31T14:43:52.380+0000] {processor.py:208} INFO - Processing /home/airflow/.local/lib/python3.12/site-packages/airflow/example_dags/example_bash_operator.py took 0.092 seconds
[2025-01-31T14:44:23.442+0000] {processor.py:186} INFO - Started process (PID=2206) to work on /home/airflow/.local/lib/python3.12/site-packages/airflow/example_dags/example_bash_operator.py
[2025-01-31T14:44:23.442+0000] {processor.py:914} INFO - Processing file /home/airflow/.local/lib/python3.12/site-packages/airflow/example_dags/example_bash_operator.py for tasks to queue
[2025-01-31T14:44:23.444+0000] {logging_mixin.py:190} INFO - [2025-01-31T14:44:23.444+0000] {dagbag.py:588} INFO - Filling up the DagBag from /home/airflow/.local/lib/python3.12/site-packages/airflow/example_dags/example_bash_operator.py
[2025-01-31T14:44:23.455+0000] {processor.py:925} INFO - DAG(s) 'example_bash_operator' retrieved from /home/airflow/.local/lib/python3.12/site-packages/airflow/example_dags/example_bash_operator.py
[2025-01-31T14:44:23.476+0000] {logging_mixin.py:190} INFO - [2025-01-31T14:44:23.476+0000] {dag.py:3239} INFO - Sync 1 DAGs
[2025-01-31T14:44:23.496+0000] {logging_mixin.py:190} INFO - [2025-01-31T14:44:23.496+0000] {dag.py:4180} INFO - Setting next_dagrun for example_bash_operator to 2025-01-30 00:00:00+00:00, run_after=2025-01-31 00:00:00+00:00
[2025-01-31T14:44:23.509+0000] {processor.py:208} INFO - Processing /home/airflow/.local/lib/python3.12/site-packages/airflow/example_dags/example_bash_operator.py took 0.072 seconds
[2025-01-31T14:44:54.935+0000] {processor.py:186} INFO - Started process (PID=2276) to work on /home/airflow/.local/lib/python3.12/site-packages/airflow/example_dags/example_bash_operator.py
[2025-01-31T14:44:54.936+0000] {processor.py:914} INFO - Processing file /home/airflow/.local/lib/python3.12/site-packages/airflow/example_dags/example_bash_operator.py for tasks to queue
[2025-01-31T14:44:54.937+0000] {logging_mixin.py:190} INFO - [2025-01-31T14:44:54.937+0000] {dagbag.py:588} INFO - Filling up the DagBag from /home/airflow/.local/lib/python3.12/site-packages/airflow/example_dags/example_bash_operator.py
[2025-01-31T14:44:54.949+0000] {processor.py:925} INFO - DAG(s) 'example_bash_operator' retrieved from /home/airflow/.local/lib/python3.12/site-packages/airflow/example_dags/example_bash_operator.py
[2025-01-31T14:44:54.969+0000] {logging_mixin.py:190} INFO - [2025-01-31T14:44:54.969+0000] {dag.py:3239} INFO - Sync 1 DAGs
[2025-01-31T14:44:54.989+0000] {logging_mixin.py:190} INFO - [2025-01-31T14:44:54.989+0000] {dag.py:4180} INFO - Setting next_dagrun for example_bash_operator to 2025-01-30 00:00:00+00:00, run_after=2025-01-31 00:00:00+00:00
[2025-01-31T14:44:55.004+0000] {processor.py:208} INFO - Processing /home/airflow/.local/lib/python3.12/site-packages/airflow/example_dags/example_bash_operator.py took 0.074 seconds
[2025-01-31T14:45:25.820+0000] {processor.py:186} INFO - Started process (PID=2343) to work on /home/airflow/.local/lib/python3.12/site-packages/airflow/example_dags/example_bash_operator.py
[2025-01-31T14:45:25.821+0000] {processor.py:914} INFO - Processing file /home/airflow/.local/lib/python3.12/site-packages/airflow/example_dags/example_bash_operator.py for tasks to queue
[2025-01-31T14:45:25.823+0000] {logging_mixin.py:190} INFO - [2025-01-31T14:45:25.822+0000] {dagbag.py:588} INFO - Filling up the DagBag from /home/airflow/.local/lib/python3.12/site-packages/airflow/example_dags/example_bash_operator.py
[2025-01-31T14:45:25.834+0000] {processor.py:925} INFO - DAG(s) 'example_bash_operator' retrieved from /home/airflow/.local/lib/python3.12/site-packages/airflow/example_dags/example_bash_operator.py
[2025-01-31T14:45:25.855+0000] {logging_mixin.py:190} INFO - [2025-01-31T14:45:25.855+0000] {dag.py:3239} INFO - Sync 1 DAGs
[2025-01-31T14:45:25.873+0000] {logging_mixin.py:190} INFO - [2025-01-31T14:45:25.873+0000] {dag.py:4180} INFO - Setting next_dagrun for example_bash_operator to 2025-01-30 00:00:00+00:00, run_after=2025-01-31 00:00:00+00:00
[2025-01-31T14:45:25.886+0000] {processor.py:208} INFO - Processing /home/airflow/.local/lib/python3.12/site-packages/airflow/example_dags/example_bash_operator.py took 0.071 seconds
[2025-01-31T14:45:56.526+0000] {processor.py:186} INFO - Started process (PID=2408) to work on /home/airflow/.local/lib/python3.12/site-packages/airflow/example_dags/example_bash_operator.py
[2025-01-31T14:45:56.527+0000] {processor.py:914} INFO - Processing file /home/airflow/.local/lib/python3.12/site-packages/airflow/example_dags/example_bash_operator.py for tasks to queue
[2025-01-31T14:45:56.529+0000] {logging_mixin.py:190} INFO - [2025-01-31T14:45:56.528+0000] {dagbag.py:588} INFO - Filling up the DagBag from /home/airflow/.local/lib/python3.12/site-packages/airflow/example_dags/example_bash_operator.py
[2025-01-31T14:45:56.539+0000] {processor.py:925} INFO - DAG(s) 'example_bash_operator' retrieved from /home/airflow/.local/lib/python3.12/site-packages/airflow/example_dags/example_bash_operator.py
[2025-01-31T14:45:56.563+0000] {logging_mixin.py:190} INFO - [2025-01-31T14:45:56.563+0000] {dag.py:3239} INFO - Sync 1 DAGs
[2025-01-31T14:45:56.593+0000] {logging_mixin.py:190} INFO - [2025-01-31T14:45:56.593+0000] {dag.py:4180} INFO - Setting next_dagrun for example_bash_operator to 2025-01-30 00:00:00+00:00, run_after=2025-01-31 00:00:00+00:00
[2025-01-31T14:45:56.612+0000] {processor.py:208} INFO - Processing /home/airflow/.local/lib/python3.12/site-packages/airflow/example_dags/example_bash_operator.py took 0.090 seconds
[2025-01-31T14:46:27.400+0000] {processor.py:186} INFO - Started process (PID=2473) to work on /home/airflow/.local/lib/python3.12/site-packages/airflow/example_dags/example_bash_operator.py
[2025-01-31T14:46:27.401+0000] {processor.py:914} INFO - Processing file /home/airflow/.local/lib/python3.12/site-packages/airflow/example_dags/example_bash_operator.py for tasks to queue
[2025-01-31T14:46:27.402+0000] {logging_mixin.py:190} INFO - [2025-01-31T14:46:27.402+0000] {dagbag.py:588} INFO - Filling up the DagBag from /home/airflow/.local/lib/python3.12/site-packages/airflow/example_dags/example_bash_operator.py
[2025-01-31T14:46:27.412+0000] {processor.py:925} INFO - DAG(s) 'example_bash_operator' retrieved from /home/airflow/.local/lib/python3.12/site-packages/airflow/example_dags/example_bash_operator.py
[2025-01-31T14:46:27.432+0000] {logging_mixin.py:190} INFO - [2025-01-31T14:46:27.432+0000] {dag.py:3239} INFO - Sync 1 DAGs
[2025-01-31T14:46:27.450+0000] {logging_mixin.py:190} INFO - [2025-01-31T14:46:27.450+0000] {dag.py:4180} INFO - Setting next_dagrun for example_bash_operator to 2025-01-30 00:00:00+00:00, run_after=2025-01-31 00:00:00+00:00
[2025-01-31T14:46:27.462+0000] {processor.py:208} INFO - Processing /home/airflow/.local/lib/python3.12/site-packages/airflow/example_dags/example_bash_operator.py took 0.066 seconds
[2025-01-31T14:46:57.952+0000] {processor.py:186} INFO - Started process (PID=2538) to work on /home/airflow/.local/lib/python3.12/site-packages/airflow/example_dags/example_bash_operator.py
[2025-01-31T14:46:57.953+0000] {processor.py:914} INFO - Processing file /home/airflow/.local/lib/python3.12/site-packages/airflow/example_dags/example_bash_operator.py for tasks to queue
[2025-01-31T14:46:57.954+0000] {logging_mixin.py:190} INFO - [2025-01-31T14:46:57.954+0000] {dagbag.py:588} INFO - Filling up the DagBag from /home/airflow/.local/lib/python3.12/site-packages/airflow/example_dags/example_bash_operator.py
[2025-01-31T14:46:57.965+0000] {processor.py:925} INFO - DAG(s) 'example_bash_operator' retrieved from /home/airflow/.local/lib/python3.12/site-packages/airflow/example_dags/example_bash_operator.py
[2025-01-31T14:46:57.988+0000] {logging_mixin.py:190} INFO - [2025-01-31T14:46:57.988+0000] {dag.py:3239} INFO - Sync 1 DAGs
[2025-01-31T14:46:58.007+0000] {logging_mixin.py:190} INFO - [2025-01-31T14:46:58.007+0000] {dag.py:4180} INFO - Setting next_dagrun for example_bash_operator to 2025-01-30 00:00:00+00:00, run_after=2025-01-31 00:00:00+00:00
[2025-01-31T14:46:58.019+0000] {processor.py:208} INFO - Processing /home/airflow/.local/lib/python3.12/site-packages/airflow/example_dags/example_bash_operator.py took 0.072 seconds
[2025-01-31T14:47:29.066+0000] {processor.py:186} INFO - Started process (PID=2607) to work on /home/airflow/.local/lib/python3.12/site-packages/airflow/example_dags/example_bash_operator.py
[2025-01-31T14:47:29.066+0000] {processor.py:914} INFO - Processing file /home/airflow/.local/lib/python3.12/site-packages/airflow/example_dags/example_bash_operator.py for tasks to queue
[2025-01-31T14:47:29.068+0000] {logging_mixin.py:190} INFO - [2025-01-31T14:47:29.068+0000] {dagbag.py:588} INFO - Filling up the DagBag from /home/airflow/.local/lib/python3.12/site-packages/airflow/example_dags/example_bash_operator.py
[2025-01-31T14:47:29.078+0000] {processor.py:925} INFO - DAG(s) 'example_bash_operator' retrieved from /home/airflow/.local/lib/python3.12/site-packages/airflow/example_dags/example_bash_operator.py
[2025-01-31T14:47:29.100+0000] {logging_mixin.py:190} INFO - [2025-01-31T14:47:29.100+0000] {dag.py:3239} INFO - Sync 1 DAGs
[2025-01-31T14:47:29.125+0000] {logging_mixin.py:190} INFO - [2025-01-31T14:47:29.125+0000] {dag.py:4180} INFO - Setting next_dagrun for example_bash_operator to 2025-01-30 00:00:00+00:00, run_after=2025-01-31 00:00:00+00:00
[2025-01-31T14:47:29.141+0000] {processor.py:208} INFO - Processing /home/airflow/.local/lib/python3.12/site-packages/airflow/example_dags/example_bash_operator.py took 0.079 seconds
[2025-01-31T14:48:00.206+0000] {processor.py:186} INFO - Started process (PID=2675) to work on /home/airflow/.local/lib/python3.12/site-packages/airflow/example_dags/example_bash_operator.py
[2025-01-31T14:48:00.206+0000] {processor.py:914} INFO - Processing file /home/airflow/.local/lib/python3.12/site-packages/airflow/example_dags/example_bash_operator.py for tasks to queue
[2025-01-31T14:48:00.208+0000] {logging_mixin.py:190} INFO - [2025-01-31T14:48:00.207+0000] {dagbag.py:588} INFO - Filling up the DagBag from /home/airflow/.local/lib/python3.12/site-packages/airflow/example_dags/example_bash_operator.py
[2025-01-31T14:48:00.219+0000] {processor.py:925} INFO - DAG(s) 'example_bash_operator' retrieved from /home/airflow/.local/lib/python3.12/site-packages/airflow/example_dags/example_bash_operator.py
[2025-01-31T14:48:00.241+0000] {logging_mixin.py:190} INFO - [2025-01-31T14:48:00.241+0000] {dag.py:3239} INFO - Sync 1 DAGs
[2025-01-31T14:48:00.261+0000] {logging_mixin.py:190} INFO - [2025-01-31T14:48:00.261+0000] {dag.py:4180} INFO - Setting next_dagrun for example_bash_operator to 2025-01-30 00:00:00+00:00, run_after=2025-01-31 00:00:00+00:00
[2025-01-31T14:48:00.275+0000] {processor.py:208} INFO - Processing /home/airflow/.local/lib/python3.12/site-packages/airflow/example_dags/example_bash_operator.py took 0.074 seconds
[2025-01-31T14:48:30.827+0000] {processor.py:186} INFO - Started process (PID=2741) to work on /home/airflow/.local/lib/python3.12/site-packages/airflow/example_dags/example_bash_operator.py
[2025-01-31T14:48:30.828+0000] {processor.py:914} INFO - Processing file /home/airflow/.local/lib/python3.12/site-packages/airflow/example_dags/example_bash_operator.py for tasks to queue
[2025-01-31T14:48:30.829+0000] {logging_mixin.py:190} INFO - [2025-01-31T14:48:30.829+0000] {dagbag.py:588} INFO - Filling up the DagBag from /home/airflow/.local/lib/python3.12/site-packages/airflow/example_dags/example_bash_operator.py
[2025-01-31T14:48:30.841+0000] {processor.py:925} INFO - DAG(s) 'example_bash_operator' retrieved from /home/airflow/.local/lib/python3.12/site-packages/airflow/example_dags/example_bash_operator.py
[2025-01-31T14:48:30.862+0000] {logging_mixin.py:190} INFO - [2025-01-31T14:48:30.861+0000] {dag.py:3239} INFO - Sync 1 DAGs
[2025-01-31T14:48:30.880+0000] {logging_mixin.py:190} INFO - [2025-01-31T14:48:30.880+0000] {dag.py:4180} INFO - Setting next_dagrun for example_bash_operator to 2025-01-30 00:00:00+00:00, run_after=2025-01-31 00:00:00+00:00
[2025-01-31T14:48:30.892+0000] {processor.py:208} INFO - Processing /home/airflow/.local/lib/python3.12/site-packages/airflow/example_dags/example_bash_operator.py took 0.071 seconds
[2025-01-31T14:49:01.558+0000] {processor.py:186} INFO - Started process (PID=2807) to work on /home/airflow/.local/lib/python3.12/site-packages/airflow/example_dags/example_bash_operator.py
[2025-01-31T14:49:01.559+0000] {processor.py:914} INFO - Processing file /home/airflow/.local/lib/python3.12/site-packages/airflow/example_dags/example_bash_operator.py for tasks to queue
[2025-01-31T14:49:01.561+0000] {logging_mixin.py:190} INFO - [2025-01-31T14:49:01.561+0000] {dagbag.py:588} INFO - Filling up the DagBag from /home/airflow/.local/lib/python3.12/site-packages/airflow/example_dags/example_bash_operator.py
[2025-01-31T14:49:01.572+0000] {processor.py:925} INFO - DAG(s) 'example_bash_operator' retrieved from /home/airflow/.local/lib/python3.12/site-packages/airflow/example_dags/example_bash_operator.py
[2025-01-31T14:49:01.598+0000] {logging_mixin.py:190} INFO - [2025-01-31T14:49:01.597+0000] {dag.py:3239} INFO - Sync 1 DAGs
[2025-01-31T14:49:01.622+0000] {logging_mixin.py:190} INFO - [2025-01-31T14:49:01.621+0000] {dag.py:4180} INFO - Setting next_dagrun for example_bash_operator to 2025-01-30 00:00:00+00:00, run_after=2025-01-31 00:00:00+00:00
[2025-01-31T14:49:01.637+0000] {processor.py:208} INFO - Processing /home/airflow/.local/lib/python3.12/site-packages/airflow/example_dags/example_bash_operator.py took 0.084 seconds
[2025-01-31T14:49:32.499+0000] {processor.py:186} INFO - Started process (PID=2873) to work on /home/airflow/.local/lib/python3.12/site-packages/airflow/example_dags/example_bash_operator.py
[2025-01-31T14:49:32.500+0000] {processor.py:914} INFO - Processing file /home/airflow/.local/lib/python3.12/site-packages/airflow/example_dags/example_bash_operator.py for tasks to queue
[2025-01-31T14:49:32.501+0000] {logging_mixin.py:190} INFO - [2025-01-31T14:49:32.501+0000] {dagbag.py:588} INFO - Filling up the DagBag from /home/airflow/.local/lib/python3.12/site-packages/airflow/example_dags/example_bash_operator.py
[2025-01-31T14:49:32.513+0000] {processor.py:925} INFO - DAG(s) 'example_bash_operator' retrieved from /home/airflow/.local/lib/python3.12/site-packages/airflow/example_dags/example_bash_operator.py
[2025-01-31T14:49:32.538+0000] {logging_mixin.py:190} INFO - [2025-01-31T14:49:32.538+0000] {dag.py:3239} INFO - Sync 1 DAGs
[2025-01-31T14:49:32.562+0000] {logging_mixin.py:190} INFO - [2025-01-31T14:49:32.562+0000] {dag.py:4180} INFO - Setting next_dagrun for example_bash_operator to 2025-01-30 00:00:00+00:00, run_after=2025-01-31 00:00:00+00:00
[2025-01-31T14:49:32.577+0000] {processor.py:208} INFO - Processing /home/airflow/.local/lib/python3.12/site-packages/airflow/example_dags/example_bash_operator.py took 0.083 seconds
[2025-01-31T14:50:03.663+0000] {processor.py:186} INFO - Started process (PID=2939) to work on /home/airflow/.local/lib/python3.12/site-packages/airflow/example_dags/example_bash_operator.py
[2025-01-31T14:50:03.664+0000] {processor.py:914} INFO - Processing file /home/airflow/.local/lib/python3.12/site-packages/airflow/example_dags/example_bash_operator.py for tasks to queue
[2025-01-31T14:50:03.665+0000] {logging_mixin.py:190} INFO - [2025-01-31T14:50:03.665+0000] {dagbag.py:588} INFO - Filling up the DagBag from /home/airflow/.local/lib/python3.12/site-packages/airflow/example_dags/example_bash_operator.py
[2025-01-31T14:50:03.676+0000] {processor.py:925} INFO - DAG(s) 'example_bash_operator' retrieved from /home/airflow/.local/lib/python3.12/site-packages/airflow/example_dags/example_bash_operator.py
[2025-01-31T14:50:03.699+0000] {logging_mixin.py:190} INFO - [2025-01-31T14:50:03.699+0000] {dag.py:3239} INFO - Sync 1 DAGs
[2025-01-31T14:50:03.719+0000] {logging_mixin.py:190} INFO - [2025-01-31T14:50:03.719+0000] {dag.py:4180} INFO - Setting next_dagrun for example_bash_operator to 2025-01-30 00:00:00+00:00, run_after=2025-01-31 00:00:00+00:00
[2025-01-31T14:50:03.735+0000] {processor.py:208} INFO - Processing /home/airflow/.local/lib/python3.12/site-packages/airflow/example_dags/example_bash_operator.py took 0.076 seconds
[2025-01-31T14:50:34.532+0000] {processor.py:186} INFO - Started process (PID=3005) to work on /home/airflow/.local/lib/python3.12/site-packages/airflow/example_dags/example_bash_operator.py
[2025-01-31T14:50:34.533+0000] {processor.py:914} INFO - Processing file /home/airflow/.local/lib/python3.12/site-packages/airflow/example_dags/example_bash_operator.py for tasks to queue
[2025-01-31T14:50:34.535+0000] {logging_mixin.py:190} INFO - [2025-01-31T14:50:34.534+0000] {dagbag.py:588} INFO - Filling up the DagBag from /home/airflow/.local/lib/python3.12/site-packages/airflow/example_dags/example_bash_operator.py
[2025-01-31T14:50:34.548+0000] {processor.py:925} INFO - DAG(s) 'example_bash_operator' retrieved from /home/airflow/.local/lib/python3.12/site-packages/airflow/example_dags/example_bash_operator.py
[2025-01-31T14:50:34.569+0000] {logging_mixin.py:190} INFO - [2025-01-31T14:50:34.569+0000] {dag.py:3239} INFO - Sync 1 DAGs
[2025-01-31T14:50:34.597+0000] {logging_mixin.py:190} INFO - [2025-01-31T14:50:34.596+0000] {dag.py:4180} INFO - Setting next_dagrun for example_bash_operator to 2025-01-30 00:00:00+00:00, run_after=2025-01-31 00:00:00+00:00
[2025-01-31T14:50:34.615+0000] {processor.py:208} INFO - Processing /home/airflow/.local/lib/python3.12/site-packages/airflow/example_dags/example_bash_operator.py took 0.090 seconds
[2025-01-31T14:51:05.238+0000] {processor.py:186} INFO - Started process (PID=3072) to work on /home/airflow/.local/lib/python3.12/site-packages/airflow/example_dags/example_bash_operator.py
[2025-01-31T14:51:05.238+0000] {processor.py:914} INFO - Processing file /home/airflow/.local/lib/python3.12/site-packages/airflow/example_dags/example_bash_operator.py for tasks to queue
[2025-01-31T14:51:05.240+0000] {logging_mixin.py:190} INFO - [2025-01-31T14:51:05.240+0000] {dagbag.py:588} INFO - Filling up the DagBag from /home/airflow/.local/lib/python3.12/site-packages/airflow/example_dags/example_bash_operator.py
[2025-01-31T14:51:05.251+0000] {processor.py:925} INFO - DAG(s) 'example_bash_operator' retrieved from /home/airflow/.local/lib/python3.12/site-packages/airflow/example_dags/example_bash_operator.py
[2025-01-31T14:51:05.278+0000] {logging_mixin.py:190} INFO - [2025-01-31T14:51:05.278+0000] {dag.py:3239} INFO - Sync 1 DAGs
[2025-01-31T14:51:05.302+0000] {logging_mixin.py:190} INFO - [2025-01-31T14:51:05.302+0000] {dag.py:4180} INFO - Setting next_dagrun for example_bash_operator to 2025-01-30 00:00:00+00:00, run_after=2025-01-31 00:00:00+00:00
[2025-01-31T14:51:05.316+0000] {processor.py:208} INFO - Processing /home/airflow/.local/lib/python3.12/site-packages/airflow/example_dags/example_bash_operator.py took 0.083 seconds
[2025-01-31T14:51:36.406+0000] {processor.py:186} INFO - Started process (PID=3139) to work on /home/airflow/.local/lib/python3.12/site-packages/airflow/example_dags/example_bash_operator.py
[2025-01-31T14:51:36.407+0000] {processor.py:914} INFO - Processing file /home/airflow/.local/lib/python3.12/site-packages/airflow/example_dags/example_bash_operator.py for tasks to queue
[2025-01-31T14:51:36.408+0000] {logging_mixin.py:190} INFO - [2025-01-31T14:51:36.408+0000] {dagbag.py:588} INFO - Filling up the DagBag from /home/airflow/.local/lib/python3.12/site-packages/airflow/example_dags/example_bash_operator.py
[2025-01-31T14:51:36.418+0000] {processor.py:925} INFO - DAG(s) 'example_bash_operator' retrieved from /home/airflow/.local/lib/python3.12/site-packages/airflow/example_dags/example_bash_operator.py
[2025-01-31T14:51:36.445+0000] {logging_mixin.py:190} INFO - [2025-01-31T14:51:36.445+0000] {dag.py:3239} INFO - Sync 1 DAGs
[2025-01-31T14:51:36.465+0000] {logging_mixin.py:190} INFO - [2025-01-31T14:51:36.464+0000] {dag.py:4180} INFO - Setting next_dagrun for example_bash_operator to 2025-01-30 00:00:00+00:00, run_after=2025-01-31 00:00:00+00:00
[2025-01-31T14:51:36.626+0000] {processor.py:208} INFO - Processing /home/airflow/.local/lib/python3.12/site-packages/airflow/example_dags/example_bash_operator.py took 0.224 seconds
[2025-01-31T14:52:06.682+0000] {processor.py:186} INFO - Started process (PID=3205) to work on /home/airflow/.local/lib/python3.12/site-packages/airflow/example_dags/example_bash_operator.py
[2025-01-31T14:52:06.683+0000] {processor.py:914} INFO - Processing file /home/airflow/.local/lib/python3.12/site-packages/airflow/example_dags/example_bash_operator.py for tasks to queue
[2025-01-31T14:52:06.685+0000] {logging_mixin.py:190} INFO - [2025-01-31T14:52:06.685+0000] {dagbag.py:588} INFO - Filling up the DagBag from /home/airflow/.local/lib/python3.12/site-packages/airflow/example_dags/example_bash_operator.py
[2025-01-31T14:52:06.699+0000] {processor.py:925} INFO - DAG(s) 'example_bash_operator' retrieved from /home/airflow/.local/lib/python3.12/site-packages/airflow/example_dags/example_bash_operator.py
[2025-01-31T14:52:06.729+0000] {logging_mixin.py:190} INFO - [2025-01-31T14:52:06.729+0000] {dag.py:3239} INFO - Sync 1 DAGs
[2025-01-31T14:52:06.756+0000] {logging_mixin.py:190} INFO - [2025-01-31T14:52:06.756+0000] {dag.py:4180} INFO - Setting next_dagrun for example_bash_operator to 2025-01-30 00:00:00+00:00, run_after=2025-01-31 00:00:00+00:00
[2025-01-31T14:52:06.938+0000] {processor.py:208} INFO - Processing /home/airflow/.local/lib/python3.12/site-packages/airflow/example_dags/example_bash_operator.py took 0.262 seconds
[2025-01-31T14:52:37.239+0000] {processor.py:186} INFO - Started process (PID=3270) to work on /home/airflow/.local/lib/python3.12/site-packages/airflow/example_dags/example_bash_operator.py
[2025-01-31T14:52:37.240+0000] {processor.py:914} INFO - Processing file /home/airflow/.local/lib/python3.12/site-packages/airflow/example_dags/example_bash_operator.py for tasks to queue
[2025-01-31T14:52:37.241+0000] {logging_mixin.py:190} INFO - [2025-01-31T14:52:37.241+0000] {dagbag.py:588} INFO - Filling up the DagBag from /home/airflow/.local/lib/python3.12/site-packages/airflow/example_dags/example_bash_operator.py
[2025-01-31T14:52:37.251+0000] {processor.py:925} INFO - DAG(s) 'example_bash_operator' retrieved from /home/airflow/.local/lib/python3.12/site-packages/airflow/example_dags/example_bash_operator.py
[2025-01-31T14:52:37.276+0000] {logging_mixin.py:190} INFO - [2025-01-31T14:52:37.276+0000] {dag.py:3239} INFO - Sync 1 DAGs
[2025-01-31T14:52:37.294+0000] {logging_mixin.py:190} INFO - [2025-01-31T14:52:37.294+0000] {dag.py:4180} INFO - Setting next_dagrun for example_bash_operator to 2025-01-30 00:00:00+00:00, run_after=2025-01-31 00:00:00+00:00
[2025-01-31T14:52:37.308+0000] {processor.py:208} INFO - Processing /home/airflow/.local/lib/python3.12/site-packages/airflow/example_dags/example_bash_operator.py took 0.073 seconds
[2025-01-31T14:53:08.430+0000] {processor.py:186} INFO - Started process (PID=3335) to work on /home/airflow/.local/lib/python3.12/site-packages/airflow/example_dags/example_bash_operator.py
[2025-01-31T14:53:08.431+0000] {processor.py:914} INFO - Processing file /home/airflow/.local/lib/python3.12/site-packages/airflow/example_dags/example_bash_operator.py for tasks to queue
[2025-01-31T14:53:08.432+0000] {logging_mixin.py:190} INFO - [2025-01-31T14:53:08.432+0000] {dagbag.py:588} INFO - Filling up the DagBag from /home/airflow/.local/lib/python3.12/site-packages/airflow/example_dags/example_bash_operator.py
[2025-01-31T14:53:08.442+0000] {processor.py:925} INFO - DAG(s) 'example_bash_operator' retrieved from /home/airflow/.local/lib/python3.12/site-packages/airflow/example_dags/example_bash_operator.py
[2025-01-31T14:53:08.462+0000] {logging_mixin.py:190} INFO - [2025-01-31T14:53:08.462+0000] {dag.py:3239} INFO - Sync 1 DAGs
[2025-01-31T14:53:08.480+0000] {logging_mixin.py:190} INFO - [2025-01-31T14:53:08.479+0000] {dag.py:4180} INFO - Setting next_dagrun for example_bash_operator to 2025-01-30 00:00:00+00:00, run_after=2025-01-31 00:00:00+00:00
[2025-01-31T14:53:08.492+0000] {processor.py:208} INFO - Processing /home/airflow/.local/lib/python3.12/site-packages/airflow/example_dags/example_bash_operator.py took 0.066 seconds
[2025-01-31T14:53:40.247+0000] {processor.py:186} INFO - Started process (PID=3402) to work on /home/airflow/.local/lib/python3.12/site-packages/airflow/example_dags/example_bash_operator.py
[2025-01-31T14:53:40.248+0000] {processor.py:914} INFO - Processing file /home/airflow/.local/lib/python3.12/site-packages/airflow/example_dags/example_bash_operator.py for tasks to queue
[2025-01-31T14:53:40.249+0000] {logging_mixin.py:190} INFO - [2025-01-31T14:53:40.249+0000] {dagbag.py:588} INFO - Filling up the DagBag from /home/airflow/.local/lib/python3.12/site-packages/airflow/example_dags/example_bash_operator.py
[2025-01-31T14:53:40.259+0000] {processor.py:925} INFO - DAG(s) 'example_bash_operator' retrieved from /home/airflow/.local/lib/python3.12/site-packages/airflow/example_dags/example_bash_operator.py
[2025-01-31T14:53:40.280+0000] {logging_mixin.py:190} INFO - [2025-01-31T14:53:40.279+0000] {dag.py:3239} INFO - Sync 1 DAGs
[2025-01-31T14:53:40.297+0000] {logging_mixin.py:190} INFO - [2025-01-31T14:53:40.297+0000] {dag.py:4180} INFO - Setting next_dagrun for example_bash_operator to 2025-01-30 00:00:00+00:00, run_after=2025-01-31 00:00:00+00:00
[2025-01-31T14:53:40.309+0000] {processor.py:208} INFO - Processing /home/airflow/.local/lib/python3.12/site-packages/airflow/example_dags/example_bash_operator.py took 0.066 seconds
[2025-01-31T14:54:10.901+0000] {processor.py:186} INFO - Started process (PID=3468) to work on /home/airflow/.local/lib/python3.12/site-packages/airflow/example_dags/example_bash_operator.py
[2025-01-31T14:54:10.902+0000] {processor.py:914} INFO - Processing file /home/airflow/.local/lib/python3.12/site-packages/airflow/example_dags/example_bash_operator.py for tasks to queue
[2025-01-31T14:54:10.903+0000] {logging_mixin.py:190} INFO - [2025-01-31T14:54:10.903+0000] {dagbag.py:588} INFO - Filling up the DagBag from /home/airflow/.local/lib/python3.12/site-packages/airflow/example_dags/example_bash_operator.py
[2025-01-31T14:54:10.913+0000] {processor.py:925} INFO - DAG(s) 'example_bash_operator' retrieved from /home/airflow/.local/lib/python3.12/site-packages/airflow/example_dags/example_bash_operator.py
[2025-01-31T14:54:10.933+0000] {logging_mixin.py:190} INFO - [2025-01-31T14:54:10.933+0000] {dag.py:3239} INFO - Sync 1 DAGs
[2025-01-31T14:54:10.951+0000] {logging_mixin.py:190} INFO - [2025-01-31T14:54:10.951+0000] {dag.py:4180} INFO - Setting next_dagrun for example_bash_operator to 2025-01-30 00:00:00+00:00, run_after=2025-01-31 00:00:00+00:00
[2025-01-31T14:54:10.964+0000] {processor.py:208} INFO - Processing /home/airflow/.local/lib/python3.12/site-packages/airflow/example_dags/example_bash_operator.py took 0.067 seconds
[2025-01-31T14:54:43.931+0000] {processor.py:186} INFO - Started process (PID=3540) to work on /home/airflow/.local/lib/python3.12/site-packages/airflow/example_dags/example_bash_operator.py
[2025-01-31T14:54:43.932+0000] {processor.py:914} INFO - Processing file /home/airflow/.local/lib/python3.12/site-packages/airflow/example_dags/example_bash_operator.py for tasks to queue
[2025-01-31T14:54:43.934+0000] {logging_mixin.py:190} INFO - [2025-01-31T14:54:43.933+0000] {dagbag.py:588} INFO - Filling up the DagBag from /home/airflow/.local/lib/python3.12/site-packages/airflow/example_dags/example_bash_operator.py
[2025-01-31T14:54:44.088+0000] {processor.py:925} INFO - DAG(s) 'example_bash_operator' retrieved from /home/airflow/.local/lib/python3.12/site-packages/airflow/example_dags/example_bash_operator.py
[2025-01-31T14:54:44.112+0000] {logging_mixin.py:190} INFO - [2025-01-31T14:54:44.112+0000] {dag.py:3239} INFO - Sync 1 DAGs
[2025-01-31T14:54:44.135+0000] {logging_mixin.py:190} INFO - [2025-01-31T14:54:44.135+0000] {dag.py:4180} INFO - Setting next_dagrun for example_bash_operator to 2025-01-30 00:00:00+00:00, run_after=2025-01-31 00:00:00+00:00
[2025-01-31T14:54:44.149+0000] {processor.py:208} INFO - Processing /home/airflow/.local/lib/python3.12/site-packages/airflow/example_dags/example_bash_operator.py took 0.222 seconds
[2025-01-31T14:55:14.929+0000] {processor.py:186} INFO - Started process (PID=3606) to work on /home/airflow/.local/lib/python3.12/site-packages/airflow/example_dags/example_bash_operator.py
[2025-01-31T14:55:14.930+0000] {processor.py:914} INFO - Processing file /home/airflow/.local/lib/python3.12/site-packages/airflow/example_dags/example_bash_operator.py for tasks to queue
[2025-01-31T14:55:14.932+0000] {logging_mixin.py:190} INFO - [2025-01-31T14:55:14.932+0000] {dagbag.py:588} INFO - Filling up the DagBag from /home/airflow/.local/lib/python3.12/site-packages/airflow/example_dags/example_bash_operator.py
[2025-01-31T14:55:14.941+0000] {processor.py:925} INFO - DAG(s) 'example_bash_operator' retrieved from /home/airflow/.local/lib/python3.12/site-packages/airflow/example_dags/example_bash_operator.py
[2025-01-31T14:55:14.966+0000] {logging_mixin.py:190} INFO - [2025-01-31T14:55:14.965+0000] {dag.py:3239} INFO - Sync 1 DAGs
[2025-01-31T14:55:14.984+0000] {logging_mixin.py:190} INFO - [2025-01-31T14:55:14.984+0000] {dag.py:4180} INFO - Setting next_dagrun for example_bash_operator to 2025-01-30 00:00:00+00:00, run_after=2025-01-31 00:00:00+00:00
[2025-01-31T14:55:14.997+0000] {processor.py:208} INFO - Processing /home/airflow/.local/lib/python3.12/site-packages/airflow/example_dags/example_bash_operator.py took 0.072 seconds
[2025-01-31T14:55:45.426+0000] {processor.py:186} INFO - Started process (PID=3672) to work on /home/airflow/.local/lib/python3.12/site-packages/airflow/example_dags/example_bash_operator.py
[2025-01-31T14:55:45.427+0000] {processor.py:914} INFO - Processing file /home/airflow/.local/lib/python3.12/site-packages/airflow/example_dags/example_bash_operator.py for tasks to queue
[2025-01-31T14:55:45.429+0000] {logging_mixin.py:190} INFO - [2025-01-31T14:55:45.429+0000] {dagbag.py:588} INFO - Filling up the DagBag from /home/airflow/.local/lib/python3.12/site-packages/airflow/example_dags/example_bash_operator.py
[2025-01-31T14:55:45.439+0000] {processor.py:925} INFO - DAG(s) 'example_bash_operator' retrieved from /home/airflow/.local/lib/python3.12/site-packages/airflow/example_dags/example_bash_operator.py
[2025-01-31T14:55:45.462+0000] {logging_mixin.py:190} INFO - [2025-01-31T14:55:45.462+0000] {dag.py:3239} INFO - Sync 1 DAGs
[2025-01-31T14:55:45.486+0000] {logging_mixin.py:190} INFO - [2025-01-31T14:55:45.485+0000] {dag.py:4180} INFO - Setting next_dagrun for example_bash_operator to 2025-01-30 00:00:00+00:00, run_after=2025-01-31 00:00:00+00:00
[2025-01-31T14:55:45.502+0000] {processor.py:208} INFO - Processing /home/airflow/.local/lib/python3.12/site-packages/airflow/example_dags/example_bash_operator.py took 0.080 seconds
[2025-01-31T14:56:16.209+0000] {processor.py:186} INFO - Started process (PID=3739) to work on /home/airflow/.local/lib/python3.12/site-packages/airflow/example_dags/example_bash_operator.py
[2025-01-31T14:56:16.210+0000] {processor.py:914} INFO - Processing file /home/airflow/.local/lib/python3.12/site-packages/airflow/example_dags/example_bash_operator.py for tasks to queue
[2025-01-31T14:56:16.212+0000] {logging_mixin.py:190} INFO - [2025-01-31T14:56:16.211+0000] {dagbag.py:588} INFO - Filling up the DagBag from /home/airflow/.local/lib/python3.12/site-packages/airflow/example_dags/example_bash_operator.py
[2025-01-31T14:56:16.223+0000] {processor.py:925} INFO - DAG(s) 'example_bash_operator' retrieved from /home/airflow/.local/lib/python3.12/site-packages/airflow/example_dags/example_bash_operator.py
[2025-01-31T14:56:16.245+0000] {logging_mixin.py:190} INFO - [2025-01-31T14:56:16.245+0000] {dag.py:3239} INFO - Sync 1 DAGs
[2025-01-31T14:56:16.265+0000] {logging_mixin.py:190} INFO - [2025-01-31T14:56:16.265+0000] {dag.py:4180} INFO - Setting next_dagrun for example_bash_operator to 2025-01-30 00:00:00+00:00, run_after=2025-01-31 00:00:00+00:00
[2025-01-31T14:56:16.281+0000] {processor.py:208} INFO - Processing /home/airflow/.local/lib/python3.12/site-packages/airflow/example_dags/example_bash_operator.py took 0.076 seconds
[2025-01-31T14:56:46.339+0000] {processor.py:186} INFO - Started process (PID=3805) to work on /home/airflow/.local/lib/python3.12/site-packages/airflow/example_dags/example_bash_operator.py
[2025-01-31T14:56:46.340+0000] {processor.py:914} INFO - Processing file /home/airflow/.local/lib/python3.12/site-packages/airflow/example_dags/example_bash_operator.py for tasks to queue
[2025-01-31T14:56:46.342+0000] {logging_mixin.py:190} INFO - [2025-01-31T14:56:46.341+0000] {dagbag.py:588} INFO - Filling up the DagBag from /home/airflow/.local/lib/python3.12/site-packages/airflow/example_dags/example_bash_operator.py
[2025-01-31T14:56:46.352+0000] {processor.py:925} INFO - DAG(s) 'example_bash_operator' retrieved from /home/airflow/.local/lib/python3.12/site-packages/airflow/example_dags/example_bash_operator.py
[2025-01-31T14:56:46.378+0000] {logging_mixin.py:190} INFO - [2025-01-31T14:56:46.378+0000] {dag.py:3239} INFO - Sync 1 DAGs
[2025-01-31T14:56:46.402+0000] {logging_mixin.py:190} INFO - [2025-01-31T14:56:46.402+0000] {dag.py:4180} INFO - Setting next_dagrun for example_bash_operator to 2025-01-30 00:00:00+00:00, run_after=2025-01-31 00:00:00+00:00
[2025-01-31T14:56:46.416+0000] {processor.py:208} INFO - Processing /home/airflow/.local/lib/python3.12/site-packages/airflow/example_dags/example_bash_operator.py took 0.081 seconds
[2025-01-31T14:57:17.020+0000] {processor.py:186} INFO - Started process (PID=3875) to work on /home/airflow/.local/lib/python3.12/site-packages/airflow/example_dags/example_bash_operator.py
[2025-01-31T14:57:17.021+0000] {processor.py:914} INFO - Processing file /home/airflow/.local/lib/python3.12/site-packages/airflow/example_dags/example_bash_operator.py for tasks to queue
[2025-01-31T14:57:17.022+0000] {logging_mixin.py:190} INFO - [2025-01-31T14:57:17.022+0000] {dagbag.py:588} INFO - Filling up the DagBag from /home/airflow/.local/lib/python3.12/site-packages/airflow/example_dags/example_bash_operator.py
[2025-01-31T14:57:17.032+0000] {processor.py:925} INFO - DAG(s) 'example_bash_operator' retrieved from /home/airflow/.local/lib/python3.12/site-packages/airflow/example_dags/example_bash_operator.py
[2025-01-31T14:57:17.053+0000] {logging_mixin.py:190} INFO - [2025-01-31T14:57:17.053+0000] {dag.py:3239} INFO - Sync 1 DAGs
[2025-01-31T14:57:17.071+0000] {logging_mixin.py:190} INFO - [2025-01-31T14:57:17.071+0000] {dag.py:4180} INFO - Setting next_dagrun for example_bash_operator to 2025-01-30 00:00:00+00:00, run_after=2025-01-31 00:00:00+00:00
[2025-01-31T14:57:17.083+0000] {processor.py:208} INFO - Processing /home/airflow/.local/lib/python3.12/site-packages/airflow/example_dags/example_bash_operator.py took 0.067 seconds
[2025-01-31T14:57:47.699+0000] {processor.py:186} INFO - Started process (PID=3941) to work on /home/airflow/.local/lib/python3.12/site-packages/airflow/example_dags/example_bash_operator.py
[2025-01-31T14:57:47.700+0000] {processor.py:914} INFO - Processing file /home/airflow/.local/lib/python3.12/site-packages/airflow/example_dags/example_bash_operator.py for tasks to queue
[2025-01-31T14:57:47.701+0000] {logging_mixin.py:190} INFO - [2025-01-31T14:57:47.701+0000] {dagbag.py:588} INFO - Filling up the DagBag from /home/airflow/.local/lib/python3.12/site-packages/airflow/example_dags/example_bash_operator.py
[2025-01-31T14:57:47.711+0000] {processor.py:925} INFO - DAG(s) 'example_bash_operator' retrieved from /home/airflow/.local/lib/python3.12/site-packages/airflow/example_dags/example_bash_operator.py
[2025-01-31T14:57:47.732+0000] {logging_mixin.py:190} INFO - [2025-01-31T14:57:47.731+0000] {dag.py:3239} INFO - Sync 1 DAGs
[2025-01-31T14:57:47.749+0000] {logging_mixin.py:190} INFO - [2025-01-31T14:57:47.749+0000] {dag.py:4180} INFO - Setting next_dagrun for example_bash_operator to 2025-01-30 00:00:00+00:00, run_after=2025-01-31 00:00:00+00:00
[2025-01-31T14:57:47.761+0000] {processor.py:208} INFO - Processing /home/airflow/.local/lib/python3.12/site-packages/airflow/example_dags/example_bash_operator.py took 0.066 seconds
[2025-01-31T14:58:18.483+0000] {processor.py:186} INFO - Started process (PID=4007) to work on /home/airflow/.local/lib/python3.12/site-packages/airflow/example_dags/example_bash_operator.py
[2025-01-31T14:58:18.484+0000] {processor.py:914} INFO - Processing file /home/airflow/.local/lib/python3.12/site-packages/airflow/example_dags/example_bash_operator.py for tasks to queue
[2025-01-31T14:58:18.486+0000] {logging_mixin.py:190} INFO - [2025-01-31T14:58:18.486+0000] {dagbag.py:588} INFO - Filling up the DagBag from /home/airflow/.local/lib/python3.12/site-packages/airflow/example_dags/example_bash_operator.py
[2025-01-31T14:58:18.497+0000] {processor.py:925} INFO - DAG(s) 'example_bash_operator' retrieved from /home/airflow/.local/lib/python3.12/site-packages/airflow/example_dags/example_bash_operator.py
[2025-01-31T14:58:18.516+0000] {logging_mixin.py:190} INFO - [2025-01-31T14:58:18.516+0000] {dag.py:3239} INFO - Sync 1 DAGs
[2025-01-31T14:58:18.535+0000] {logging_mixin.py:190} INFO - [2025-01-31T14:58:18.535+0000] {dag.py:4180} INFO - Setting next_dagrun for example_bash_operator to 2025-01-30 00:00:00+00:00, run_after=2025-01-31 00:00:00+00:00
[2025-01-31T14:58:18.548+0000] {processor.py:208} INFO - Processing /home/airflow/.local/lib/python3.12/site-packages/airflow/example_dags/example_bash_operator.py took 0.069 seconds
[2025-01-31T14:58:49.284+0000] {processor.py:186} INFO - Started process (PID=4073) to work on /home/airflow/.local/lib/python3.12/site-packages/airflow/example_dags/example_bash_operator.py
[2025-01-31T14:58:49.285+0000] {processor.py:914} INFO - Processing file /home/airflow/.local/lib/python3.12/site-packages/airflow/example_dags/example_bash_operator.py for tasks to queue
[2025-01-31T14:58:49.287+0000] {logging_mixin.py:190} INFO - [2025-01-31T14:58:49.287+0000] {dagbag.py:588} INFO - Filling up the DagBag from /home/airflow/.local/lib/python3.12/site-packages/airflow/example_dags/example_bash_operator.py
[2025-01-31T14:58:49.301+0000] {processor.py:925} INFO - DAG(s) 'example_bash_operator' retrieved from /home/airflow/.local/lib/python3.12/site-packages/airflow/example_dags/example_bash_operator.py
[2025-01-31T14:58:49.330+0000] {logging_mixin.py:190} INFO - [2025-01-31T14:58:49.329+0000] {dag.py:3239} INFO - Sync 1 DAGs
[2025-01-31T14:58:49.360+0000] {logging_mixin.py:190} INFO - [2025-01-31T14:58:49.359+0000] {dag.py:4180} INFO - Setting next_dagrun for example_bash_operator to 2025-01-30 00:00:00+00:00, run_after=2025-01-31 00:00:00+00:00
[2025-01-31T14:58:49.379+0000] {processor.py:208} INFO - Processing /home/airflow/.local/lib/python3.12/site-packages/airflow/example_dags/example_bash_operator.py took 0.101 seconds
[2025-01-31T14:59:20.181+0000] {processor.py:186} INFO - Started process (PID=4139) to work on /home/airflow/.local/lib/python3.12/site-packages/airflow/example_dags/example_bash_operator.py
[2025-01-31T14:59:20.182+0000] {processor.py:914} INFO - Processing file /home/airflow/.local/lib/python3.12/site-packages/airflow/example_dags/example_bash_operator.py for tasks to queue
[2025-01-31T14:59:20.183+0000] {logging_mixin.py:190} INFO - [2025-01-31T14:59:20.183+0000] {dagbag.py:588} INFO - Filling up the DagBag from /home/airflow/.local/lib/python3.12/site-packages/airflow/example_dags/example_bash_operator.py
[2025-01-31T14:59:20.193+0000] {processor.py:925} INFO - DAG(s) 'example_bash_operator' retrieved from /home/airflow/.local/lib/python3.12/site-packages/airflow/example_dags/example_bash_operator.py
[2025-01-31T14:59:20.219+0000] {logging_mixin.py:190} INFO - [2025-01-31T14:59:20.218+0000] {dag.py:3239} INFO - Sync 1 DAGs
[2025-01-31T14:59:20.243+0000] {logging_mixin.py:190} INFO - [2025-01-31T14:59:20.243+0000] {dag.py:4180} INFO - Setting next_dagrun for example_bash_operator to 2025-01-30 00:00:00+00:00, run_after=2025-01-31 00:00:00+00:00
[2025-01-31T14:59:20.259+0000] {processor.py:208} INFO - Processing /home/airflow/.local/lib/python3.12/site-packages/airflow/example_dags/example_bash_operator.py took 0.082 seconds
[2025-01-31T14:59:50.932+0000] {processor.py:186} INFO - Started process (PID=4205) to work on /home/airflow/.local/lib/python3.12/site-packages/airflow/example_dags/example_bash_operator.py
[2025-01-31T14:59:50.933+0000] {processor.py:914} INFO - Processing file /home/airflow/.local/lib/python3.12/site-packages/airflow/example_dags/example_bash_operator.py for tasks to queue
[2025-01-31T14:59:50.935+0000] {logging_mixin.py:190} INFO - [2025-01-31T14:59:50.935+0000] {dagbag.py:588} INFO - Filling up the DagBag from /home/airflow/.local/lib/python3.12/site-packages/airflow/example_dags/example_bash_operator.py
[2025-01-31T14:59:50.946+0000] {processor.py:925} INFO - DAG(s) 'example_bash_operator' retrieved from /home/airflow/.local/lib/python3.12/site-packages/airflow/example_dags/example_bash_operator.py
[2025-01-31T14:59:50.967+0000] {logging_mixin.py:190} INFO - [2025-01-31T14:59:50.967+0000] {dag.py:3239} INFO - Sync 1 DAGs
[2025-01-31T14:59:50.985+0000] {logging_mixin.py:190} INFO - [2025-01-31T14:59:50.985+0000] {dag.py:4180} INFO - Setting next_dagrun for example_bash_operator to 2025-01-30 00:00:00+00:00, run_after=2025-01-31 00:00:00+00:00
[2025-01-31T14:59:50.997+0000] {processor.py:208} INFO - Processing /home/airflow/.local/lib/python3.12/site-packages/airflow/example_dags/example_bash_operator.py took 0.071 seconds
[2025-01-31T15:00:21.989+0000] {processor.py:186} INFO - Started process (PID=4270) to work on /home/airflow/.local/lib/python3.12/site-packages/airflow/example_dags/example_bash_operator.py
[2025-01-31T15:00:21.990+0000] {processor.py:914} INFO - Processing file /home/airflow/.local/lib/python3.12/site-packages/airflow/example_dags/example_bash_operator.py for tasks to queue
[2025-01-31T15:00:21.991+0000] {logging_mixin.py:190} INFO - [2025-01-31T15:00:21.991+0000] {dagbag.py:588} INFO - Filling up the DagBag from /home/airflow/.local/lib/python3.12/site-packages/airflow/example_dags/example_bash_operator.py
[2025-01-31T15:00:22.002+0000] {processor.py:925} INFO - DAG(s) 'example_bash_operator' retrieved from /home/airflow/.local/lib/python3.12/site-packages/airflow/example_dags/example_bash_operator.py
[2025-01-31T15:00:22.024+0000] {logging_mixin.py:190} INFO - [2025-01-31T15:00:22.024+0000] {dag.py:3239} INFO - Sync 1 DAGs
[2025-01-31T15:00:22.043+0000] {logging_mixin.py:190} INFO - [2025-01-31T15:00:22.043+0000] {dag.py:4180} INFO - Setting next_dagrun for example_bash_operator to 2025-01-30 00:00:00+00:00, run_after=2025-01-31 00:00:00+00:00
[2025-01-31T15:00:22.056+0000] {processor.py:208} INFO - Processing /home/airflow/.local/lib/python3.12/site-packages/airflow/example_dags/example_bash_operator.py took 0.072 seconds
[2025-01-31T15:00:53.217+0000] {processor.py:186} INFO - Started process (PID=4337) to work on /home/airflow/.local/lib/python3.12/site-packages/airflow/example_dags/example_bash_operator.py
[2025-01-31T15:00:53.218+0000] {processor.py:914} INFO - Processing file /home/airflow/.local/lib/python3.12/site-packages/airflow/example_dags/example_bash_operator.py for tasks to queue
[2025-01-31T15:00:53.220+0000] {logging_mixin.py:190} INFO - [2025-01-31T15:00:53.220+0000] {dagbag.py:588} INFO - Filling up the DagBag from /home/airflow/.local/lib/python3.12/site-packages/airflow/example_dags/example_bash_operator.py
[2025-01-31T15:00:53.233+0000] {processor.py:925} INFO - DAG(s) 'example_bash_operator' retrieved from /home/airflow/.local/lib/python3.12/site-packages/airflow/example_dags/example_bash_operator.py
[2025-01-31T15:00:53.259+0000] {logging_mixin.py:190} INFO - [2025-01-31T15:00:53.258+0000] {dag.py:3239} INFO - Sync 1 DAGs
[2025-01-31T15:00:53.280+0000] {logging_mixin.py:190} INFO - [2025-01-31T15:00:53.280+0000] {dag.py:4180} INFO - Setting next_dagrun for example_bash_operator to 2025-01-30 00:00:00+00:00, run_after=2025-01-31 00:00:00+00:00
[2025-01-31T15:00:53.292+0000] {processor.py:208} INFO - Processing /home/airflow/.local/lib/python3.12/site-packages/airflow/example_dags/example_bash_operator.py took 0.082 seconds
[2025-01-31T15:01:24.132+0000] {processor.py:186} INFO - Started process (PID=4403) to work on /home/airflow/.local/lib/python3.12/site-packages/airflow/example_dags/example_bash_operator.py
[2025-01-31T15:01:24.133+0000] {processor.py:914} INFO - Processing file /home/airflow/.local/lib/python3.12/site-packages/airflow/example_dags/example_bash_operator.py for tasks to queue
[2025-01-31T15:01:24.135+0000] {logging_mixin.py:190} INFO - [2025-01-31T15:01:24.134+0000] {dagbag.py:588} INFO - Filling up the DagBag from /home/airflow/.local/lib/python3.12/site-packages/airflow/example_dags/example_bash_operator.py
[2025-01-31T15:01:24.146+0000] {processor.py:925} INFO - DAG(s) 'example_bash_operator' retrieved from /home/airflow/.local/lib/python3.12/site-packages/airflow/example_dags/example_bash_operator.py
[2025-01-31T15:01:24.167+0000] {logging_mixin.py:190} INFO - [2025-01-31T15:01:24.167+0000] {dag.py:3239} INFO - Sync 1 DAGs
[2025-01-31T15:01:24.188+0000] {logging_mixin.py:190} INFO - [2025-01-31T15:01:24.188+0000] {dag.py:4180} INFO - Setting next_dagrun for example_bash_operator to 2025-01-30 00:00:00+00:00, run_after=2025-01-31 00:00:00+00:00
[2025-01-31T15:01:24.204+0000] {processor.py:208} INFO - Processing /home/airflow/.local/lib/python3.12/site-packages/airflow/example_dags/example_bash_operator.py took 0.076 seconds
