[2025-01-31T14:27:49.224+0000] {processor.py:186} INFO - Started process (PID=105) to work on /home/airflow/.local/lib/python3.12/site-packages/airflow/example_dags/example_nested_branch_dag.py
[2025-01-31T14:27:49.224+0000] {processor.py:914} INFO - Processing file /home/airflow/.local/lib/python3.12/site-packages/airflow/example_dags/example_nested_branch_dag.py for tasks to queue
[2025-01-31T14:27:49.226+0000] {logging_mixin.py:190} INFO - [2025-01-31T14:27:49.226+0000] {dagbag.py:588} INFO - Filling up the DagBag from /home/airflow/.local/lib/python3.12/site-packages/airflow/example_dags/example_nested_branch_dag.py
[2025-01-31T14:27:49.236+0000] {processor.py:925} INFO - DAG(s) 'example_nested_branch_dag' retrieved from /home/airflow/.local/lib/python3.12/site-packages/airflow/example_dags/example_nested_branch_dag.py
[2025-01-31T14:27:49.324+0000] {logging_mixin.py:190} INFO - [2025-01-31T14:27:49.323+0000] {override.py:1911} INFO - Created Permission View: can delete on DAG:example_nested_branch_dag
[2025-01-31T14:27:49.331+0000] {logging_mixin.py:190} INFO - [2025-01-31T14:27:49.331+0000] {override.py:1911} INFO - Created Permission View: can edit on DAG:example_nested_branch_dag
[2025-01-31T14:27:49.336+0000] {logging_mixin.py:190} INFO - [2025-01-31T14:27:49.335+0000] {override.py:1911} INFO - Created Permission View: can read on DAG:example_nested_branch_dag
[2025-01-31T14:27:49.340+0000] {logging_mixin.py:190} INFO - [2025-01-31T14:27:49.340+0000] {override.py:1911} INFO - Created Permission View: menu access on DAG Run:example_nested_branch_dag
[2025-01-31T14:27:49.345+0000] {logging_mixin.py:190} INFO - [2025-01-31T14:27:49.344+0000] {override.py:1911} INFO - Created Permission View: can create on DAG Run:example_nested_branch_dag
[2025-01-31T14:27:49.349+0000] {logging_mixin.py:190} INFO - [2025-01-31T14:27:49.348+0000] {override.py:1911} INFO - Created Permission View: can delete on DAG Run:example_nested_branch_dag
[2025-01-31T14:27:49.353+0000] {logging_mixin.py:190} INFO - [2025-01-31T14:27:49.353+0000] {override.py:1911} INFO - Created Permission View: can read on DAG Run:example_nested_branch_dag
[2025-01-31T14:27:49.353+0000] {logging_mixin.py:190} INFO - [2025-01-31T14:27:49.353+0000] {dag.py:3239} INFO - Sync 1 DAGs
[2025-01-31T14:27:49.366+0000] {logging_mixin.py:190} INFO - [2025-01-31T14:27:49.366+0000] {dag.py:3262} INFO - Creating ORM DAG for example_nested_branch_dag
[2025-01-31T14:27:49.377+0000] {logging_mixin.py:190} INFO - [2025-01-31T14:27:49.377+0000] {dag.py:4180} INFO - Setting next_dagrun for example_nested_branch_dag to 2025-01-30 00:00:00+00:00, run_after=2025-01-31 00:00:00+00:00
[2025-01-31T14:27:49.391+0000] {processor.py:208} INFO - Processing /home/airflow/.local/lib/python3.12/site-packages/airflow/example_dags/example_nested_branch_dag.py took 0.173 seconds
[2025-01-31T14:28:19.748+0000] {processor.py:186} INFO - Started process (PID=169) to work on /home/airflow/.local/lib/python3.12/site-packages/airflow/example_dags/example_nested_branch_dag.py
[2025-01-31T14:28:19.749+0000] {processor.py:914} INFO - Processing file /home/airflow/.local/lib/python3.12/site-packages/airflow/example_dags/example_nested_branch_dag.py for tasks to queue
[2025-01-31T14:28:19.751+0000] {logging_mixin.py:190} INFO - [2025-01-31T14:28:19.751+0000] {dagbag.py:588} INFO - Filling up the DagBag from /home/airflow/.local/lib/python3.12/site-packages/airflow/example_dags/example_nested_branch_dag.py
[2025-01-31T14:28:19.763+0000] {processor.py:925} INFO - DAG(s) 'example_nested_branch_dag' retrieved from /home/airflow/.local/lib/python3.12/site-packages/airflow/example_dags/example_nested_branch_dag.py
[2025-01-31T14:28:19.782+0000] {logging_mixin.py:190} INFO - [2025-01-31T14:28:19.782+0000] {dag.py:3239} INFO - Sync 1 DAGs
[2025-01-31T14:28:19.801+0000] {logging_mixin.py:190} INFO - [2025-01-31T14:28:19.801+0000] {dag.py:4180} INFO - Setting next_dagrun for example_nested_branch_dag to 2025-01-30 00:00:00+00:00, run_after=2025-01-31 00:00:00+00:00
[2025-01-31T14:28:19.814+0000] {processor.py:208} INFO - Processing /home/airflow/.local/lib/python3.12/site-packages/airflow/example_dags/example_nested_branch_dag.py took 0.071 seconds
[2025-01-31T14:28:50.458+0000] {processor.py:186} INFO - Started process (PID=234) to work on /home/airflow/.local/lib/python3.12/site-packages/airflow/example_dags/example_nested_branch_dag.py
[2025-01-31T14:28:50.459+0000] {processor.py:914} INFO - Processing file /home/airflow/.local/lib/python3.12/site-packages/airflow/example_dags/example_nested_branch_dag.py for tasks to queue
[2025-01-31T14:28:50.460+0000] {logging_mixin.py:190} INFO - [2025-01-31T14:28:50.460+0000] {dagbag.py:588} INFO - Filling up the DagBag from /home/airflow/.local/lib/python3.12/site-packages/airflow/example_dags/example_nested_branch_dag.py
[2025-01-31T14:28:50.469+0000] {processor.py:925} INFO - DAG(s) 'example_nested_branch_dag' retrieved from /home/airflow/.local/lib/python3.12/site-packages/airflow/example_dags/example_nested_branch_dag.py
[2025-01-31T14:28:50.487+0000] {logging_mixin.py:190} INFO - [2025-01-31T14:28:50.487+0000] {dag.py:3239} INFO - Sync 1 DAGs
[2025-01-31T14:28:50.504+0000] {logging_mixin.py:190} INFO - [2025-01-31T14:28:50.504+0000] {dag.py:4180} INFO - Setting next_dagrun for example_nested_branch_dag to 2025-01-30 00:00:00+00:00, run_after=2025-01-31 00:00:00+00:00
[2025-01-31T14:28:50.518+0000] {processor.py:208} INFO - Processing /home/airflow/.local/lib/python3.12/site-packages/airflow/example_dags/example_nested_branch_dag.py took 0.065 seconds
[2025-01-31T14:29:20.751+0000] {processor.py:186} INFO - Started process (PID=299) to work on /home/airflow/.local/lib/python3.12/site-packages/airflow/example_dags/example_nested_branch_dag.py
[2025-01-31T14:29:20.751+0000] {processor.py:914} INFO - Processing file /home/airflow/.local/lib/python3.12/site-packages/airflow/example_dags/example_nested_branch_dag.py for tasks to queue
[2025-01-31T14:29:20.753+0000] {logging_mixin.py:190} INFO - [2025-01-31T14:29:20.752+0000] {dagbag.py:588} INFO - Filling up the DagBag from /home/airflow/.local/lib/python3.12/site-packages/airflow/example_dags/example_nested_branch_dag.py
[2025-01-31T14:29:20.762+0000] {processor.py:925} INFO - DAG(s) 'example_nested_branch_dag' retrieved from /home/airflow/.local/lib/python3.12/site-packages/airflow/example_dags/example_nested_branch_dag.py
[2025-01-31T14:29:20.780+0000] {logging_mixin.py:190} INFO - [2025-01-31T14:29:20.780+0000] {dag.py:3239} INFO - Sync 1 DAGs
[2025-01-31T14:29:20.801+0000] {logging_mixin.py:190} INFO - [2025-01-31T14:29:20.801+0000] {dag.py:4180} INFO - Setting next_dagrun for example_nested_branch_dag to 2025-01-30 00:00:00+00:00, run_after=2025-01-31 00:00:00+00:00
[2025-01-31T14:29:20.818+0000] {processor.py:208} INFO - Processing /home/airflow/.local/lib/python3.12/site-packages/airflow/example_dags/example_nested_branch_dag.py took 0.072 seconds
[2025-01-31T14:29:51.155+0000] {processor.py:186} INFO - Started process (PID=364) to work on /home/airflow/.local/lib/python3.12/site-packages/airflow/example_dags/example_nested_branch_dag.py
[2025-01-31T14:29:51.155+0000] {processor.py:914} INFO - Processing file /home/airflow/.local/lib/python3.12/site-packages/airflow/example_dags/example_nested_branch_dag.py for tasks to queue
[2025-01-31T14:29:51.157+0000] {logging_mixin.py:190} INFO - [2025-01-31T14:29:51.157+0000] {dagbag.py:588} INFO - Filling up the DagBag from /home/airflow/.local/lib/python3.12/site-packages/airflow/example_dags/example_nested_branch_dag.py
[2025-01-31T14:29:51.167+0000] {processor.py:925} INFO - DAG(s) 'example_nested_branch_dag' retrieved from /home/airflow/.local/lib/python3.12/site-packages/airflow/example_dags/example_nested_branch_dag.py
[2025-01-31T14:29:51.184+0000] {logging_mixin.py:190} INFO - [2025-01-31T14:29:51.184+0000] {dag.py:3239} INFO - Sync 1 DAGs
[2025-01-31T14:29:51.202+0000] {logging_mixin.py:190} INFO - [2025-01-31T14:29:51.202+0000] {dag.py:4180} INFO - Setting next_dagrun for example_nested_branch_dag to 2025-01-30 00:00:00+00:00, run_after=2025-01-31 00:00:00+00:00
[2025-01-31T14:29:51.215+0000] {processor.py:208} INFO - Processing /home/airflow/.local/lib/python3.12/site-packages/airflow/example_dags/example_nested_branch_dag.py took 0.065 seconds
[2025-01-31T14:30:22.060+0000] {processor.py:186} INFO - Started process (PID=429) to work on /home/airflow/.local/lib/python3.12/site-packages/airflow/example_dags/example_nested_branch_dag.py
[2025-01-31T14:30:22.061+0000] {processor.py:914} INFO - Processing file /home/airflow/.local/lib/python3.12/site-packages/airflow/example_dags/example_nested_branch_dag.py for tasks to queue
[2025-01-31T14:30:22.062+0000] {logging_mixin.py:190} INFO - [2025-01-31T14:30:22.062+0000] {dagbag.py:588} INFO - Filling up the DagBag from /home/airflow/.local/lib/python3.12/site-packages/airflow/example_dags/example_nested_branch_dag.py
[2025-01-31T14:30:22.072+0000] {processor.py:925} INFO - DAG(s) 'example_nested_branch_dag' retrieved from /home/airflow/.local/lib/python3.12/site-packages/airflow/example_dags/example_nested_branch_dag.py
[2025-01-31T14:30:22.094+0000] {logging_mixin.py:190} INFO - [2025-01-31T14:30:22.094+0000] {dag.py:3239} INFO - Sync 1 DAGs
[2025-01-31T14:30:22.119+0000] {logging_mixin.py:190} INFO - [2025-01-31T14:30:22.119+0000] {dag.py:4180} INFO - Setting next_dagrun for example_nested_branch_dag to 2025-01-30 00:00:00+00:00, run_after=2025-01-31 00:00:00+00:00
[2025-01-31T14:30:22.136+0000] {processor.py:208} INFO - Processing /home/airflow/.local/lib/python3.12/site-packages/airflow/example_dags/example_nested_branch_dag.py took 0.080 seconds
[2025-01-31T14:30:52.939+0000] {processor.py:186} INFO - Started process (PID=494) to work on /home/airflow/.local/lib/python3.12/site-packages/airflow/example_dags/example_nested_branch_dag.py
[2025-01-31T14:30:52.940+0000] {processor.py:914} INFO - Processing file /home/airflow/.local/lib/python3.12/site-packages/airflow/example_dags/example_nested_branch_dag.py for tasks to queue
[2025-01-31T14:30:52.942+0000] {logging_mixin.py:190} INFO - [2025-01-31T14:30:52.942+0000] {dagbag.py:588} INFO - Filling up the DagBag from /home/airflow/.local/lib/python3.12/site-packages/airflow/example_dags/example_nested_branch_dag.py
[2025-01-31T14:30:52.955+0000] {processor.py:925} INFO - DAG(s) 'example_nested_branch_dag' retrieved from /home/airflow/.local/lib/python3.12/site-packages/airflow/example_dags/example_nested_branch_dag.py
[2025-01-31T14:30:52.979+0000] {logging_mixin.py:190} INFO - [2025-01-31T14:30:52.978+0000] {dag.py:3239} INFO - Sync 1 DAGs
[2025-01-31T14:30:53.003+0000] {logging_mixin.py:190} INFO - [2025-01-31T14:30:53.003+0000] {dag.py:4180} INFO - Setting next_dagrun for example_nested_branch_dag to 2025-01-30 00:00:00+00:00, run_after=2025-01-31 00:00:00+00:00
[2025-01-31T14:30:53.019+0000] {processor.py:208} INFO - Processing /home/airflow/.local/lib/python3.12/site-packages/airflow/example_dags/example_nested_branch_dag.py took 0.086 seconds
[2025-01-31T14:31:24.487+0000] {processor.py:186} INFO - Started process (PID=559) to work on /home/airflow/.local/lib/python3.12/site-packages/airflow/example_dags/example_nested_branch_dag.py
[2025-01-31T14:31:24.487+0000] {processor.py:914} INFO - Processing file /home/airflow/.local/lib/python3.12/site-packages/airflow/example_dags/example_nested_branch_dag.py for tasks to queue
[2025-01-31T14:31:24.489+0000] {logging_mixin.py:190} INFO - [2025-01-31T14:31:24.489+0000] {dagbag.py:588} INFO - Filling up the DagBag from /home/airflow/.local/lib/python3.12/site-packages/airflow/example_dags/example_nested_branch_dag.py
[2025-01-31T14:31:24.498+0000] {processor.py:925} INFO - DAG(s) 'example_nested_branch_dag' retrieved from /home/airflow/.local/lib/python3.12/site-packages/airflow/example_dags/example_nested_branch_dag.py
[2025-01-31T14:31:24.517+0000] {logging_mixin.py:190} INFO - [2025-01-31T14:31:24.517+0000] {dag.py:3239} INFO - Sync 1 DAGs
[2025-01-31T14:31:24.537+0000] {logging_mixin.py:190} INFO - [2025-01-31T14:31:24.537+0000] {dag.py:4180} INFO - Setting next_dagrun for example_nested_branch_dag to 2025-01-30 00:00:00+00:00, run_after=2025-01-31 00:00:00+00:00
[2025-01-31T14:31:24.552+0000] {processor.py:208} INFO - Processing /home/airflow/.local/lib/python3.12/site-packages/airflow/example_dags/example_nested_branch_dag.py took 0.070 seconds
[2025-01-31T14:31:55.378+0000] {processor.py:186} INFO - Started process (PID=625) to work on /home/airflow/.local/lib/python3.12/site-packages/airflow/example_dags/example_nested_branch_dag.py
[2025-01-31T14:31:55.379+0000] {processor.py:914} INFO - Processing file /home/airflow/.local/lib/python3.12/site-packages/airflow/example_dags/example_nested_branch_dag.py for tasks to queue
[2025-01-31T14:31:55.380+0000] {logging_mixin.py:190} INFO - [2025-01-31T14:31:55.380+0000] {dagbag.py:588} INFO - Filling up the DagBag from /home/airflow/.local/lib/python3.12/site-packages/airflow/example_dags/example_nested_branch_dag.py
[2025-01-31T14:31:55.389+0000] {processor.py:925} INFO - DAG(s) 'example_nested_branch_dag' retrieved from /home/airflow/.local/lib/python3.12/site-packages/airflow/example_dags/example_nested_branch_dag.py
[2025-01-31T14:31:55.405+0000] {logging_mixin.py:190} INFO - [2025-01-31T14:31:55.405+0000] {dag.py:3239} INFO - Sync 1 DAGs
[2025-01-31T14:31:55.424+0000] {logging_mixin.py:190} INFO - [2025-01-31T14:31:55.424+0000] {dag.py:4180} INFO - Setting next_dagrun for example_nested_branch_dag to 2025-01-30 00:00:00+00:00, run_after=2025-01-31 00:00:00+00:00
[2025-01-31T14:31:55.438+0000] {processor.py:208} INFO - Processing /home/airflow/.local/lib/python3.12/site-packages/airflow/example_dags/example_nested_branch_dag.py took 0.065 seconds
[2025-01-31T14:32:26.620+0000] {processor.py:186} INFO - Started process (PID=689) to work on /home/airflow/.local/lib/python3.12/site-packages/airflow/example_dags/example_nested_branch_dag.py
[2025-01-31T14:32:26.621+0000] {processor.py:914} INFO - Processing file /home/airflow/.local/lib/python3.12/site-packages/airflow/example_dags/example_nested_branch_dag.py for tasks to queue
[2025-01-31T14:32:26.623+0000] {logging_mixin.py:190} INFO - [2025-01-31T14:32:26.623+0000] {dagbag.py:588} INFO - Filling up the DagBag from /home/airflow/.local/lib/python3.12/site-packages/airflow/example_dags/example_nested_branch_dag.py
[2025-01-31T14:32:26.633+0000] {processor.py:925} INFO - DAG(s) 'example_nested_branch_dag' retrieved from /home/airflow/.local/lib/python3.12/site-packages/airflow/example_dags/example_nested_branch_dag.py
[2025-01-31T14:32:26.651+0000] {logging_mixin.py:190} INFO - [2025-01-31T14:32:26.650+0000] {dag.py:3239} INFO - Sync 1 DAGs
[2025-01-31T14:32:26.680+0000] {logging_mixin.py:190} INFO - [2025-01-31T14:32:26.680+0000] {dag.py:4180} INFO - Setting next_dagrun for example_nested_branch_dag to 2025-01-30 00:00:00+00:00, run_after=2025-01-31 00:00:00+00:00
[2025-01-31T14:32:26.697+0000] {processor.py:208} INFO - Processing /home/airflow/.local/lib/python3.12/site-packages/airflow/example_dags/example_nested_branch_dag.py took 0.083 seconds
[2025-01-31T14:32:57.389+0000] {processor.py:186} INFO - Started process (PID=755) to work on /home/airflow/.local/lib/python3.12/site-packages/airflow/example_dags/example_nested_branch_dag.py
[2025-01-31T14:32:57.390+0000] {processor.py:914} INFO - Processing file /home/airflow/.local/lib/python3.12/site-packages/airflow/example_dags/example_nested_branch_dag.py for tasks to queue
[2025-01-31T14:32:57.391+0000] {logging_mixin.py:190} INFO - [2025-01-31T14:32:57.391+0000] {dagbag.py:588} INFO - Filling up the DagBag from /home/airflow/.local/lib/python3.12/site-packages/airflow/example_dags/example_nested_branch_dag.py
[2025-01-31T14:32:57.401+0000] {processor.py:925} INFO - DAG(s) 'example_nested_branch_dag' retrieved from /home/airflow/.local/lib/python3.12/site-packages/airflow/example_dags/example_nested_branch_dag.py
[2025-01-31T14:32:57.418+0000] {logging_mixin.py:190} INFO - [2025-01-31T14:32:57.418+0000] {dag.py:3239} INFO - Sync 1 DAGs
[2025-01-31T14:32:57.437+0000] {logging_mixin.py:190} INFO - [2025-01-31T14:32:57.437+0000] {dag.py:4180} INFO - Setting next_dagrun for example_nested_branch_dag to 2025-01-30 00:00:00+00:00, run_after=2025-01-31 00:00:00+00:00
[2025-01-31T14:32:57.452+0000] {processor.py:208} INFO - Processing /home/airflow/.local/lib/python3.12/site-packages/airflow/example_dags/example_nested_branch_dag.py took 0.067 seconds
[2025-01-31T14:33:28.199+0000] {processor.py:186} INFO - Started process (PID=821) to work on /home/airflow/.local/lib/python3.12/site-packages/airflow/example_dags/example_nested_branch_dag.py
[2025-01-31T14:33:28.200+0000] {processor.py:914} INFO - Processing file /home/airflow/.local/lib/python3.12/site-packages/airflow/example_dags/example_nested_branch_dag.py for tasks to queue
[2025-01-31T14:33:28.201+0000] {logging_mixin.py:190} INFO - [2025-01-31T14:33:28.201+0000] {dagbag.py:588} INFO - Filling up the DagBag from /home/airflow/.local/lib/python3.12/site-packages/airflow/example_dags/example_nested_branch_dag.py
[2025-01-31T14:33:28.210+0000] {processor.py:925} INFO - DAG(s) 'example_nested_branch_dag' retrieved from /home/airflow/.local/lib/python3.12/site-packages/airflow/example_dags/example_nested_branch_dag.py
[2025-01-31T14:33:28.231+0000] {logging_mixin.py:190} INFO - [2025-01-31T14:33:28.230+0000] {dag.py:3239} INFO - Sync 1 DAGs
[2025-01-31T14:33:28.255+0000] {logging_mixin.py:190} INFO - [2025-01-31T14:33:28.255+0000] {dag.py:4180} INFO - Setting next_dagrun for example_nested_branch_dag to 2025-01-30 00:00:00+00:00, run_after=2025-01-31 00:00:00+00:00
[2025-01-31T14:33:28.270+0000] {processor.py:208} INFO - Processing /home/airflow/.local/lib/python3.12/site-packages/airflow/example_dags/example_nested_branch_dag.py took 0.075 seconds
[2025-01-31T14:33:59.864+0000] {processor.py:186} INFO - Started process (PID=886) to work on /home/airflow/.local/lib/python3.12/site-packages/airflow/example_dags/example_nested_branch_dag.py
[2025-01-31T14:33:59.864+0000] {processor.py:914} INFO - Processing file /home/airflow/.local/lib/python3.12/site-packages/airflow/example_dags/example_nested_branch_dag.py for tasks to queue
[2025-01-31T14:33:59.866+0000] {logging_mixin.py:190} INFO - [2025-01-31T14:33:59.866+0000] {dagbag.py:588} INFO - Filling up the DagBag from /home/airflow/.local/lib/python3.12/site-packages/airflow/example_dags/example_nested_branch_dag.py
[2025-01-31T14:33:59.875+0000] {processor.py:925} INFO - DAG(s) 'example_nested_branch_dag' retrieved from /home/airflow/.local/lib/python3.12/site-packages/airflow/example_dags/example_nested_branch_dag.py
[2025-01-31T14:33:59.892+0000] {logging_mixin.py:190} INFO - [2025-01-31T14:33:59.891+0000] {dag.py:3239} INFO - Sync 1 DAGs
[2025-01-31T14:33:59.911+0000] {logging_mixin.py:190} INFO - [2025-01-31T14:33:59.911+0000] {dag.py:4180} INFO - Setting next_dagrun for example_nested_branch_dag to 2025-01-30 00:00:00+00:00, run_after=2025-01-31 00:00:00+00:00
[2025-01-31T14:33:59.923+0000] {processor.py:208} INFO - Processing /home/airflow/.local/lib/python3.12/site-packages/airflow/example_dags/example_nested_branch_dag.py took 0.064 seconds
[2025-01-31T14:34:30.650+0000] {processor.py:186} INFO - Started process (PID=951) to work on /home/airflow/.local/lib/python3.12/site-packages/airflow/example_dags/example_nested_branch_dag.py
[2025-01-31T14:34:30.651+0000] {processor.py:914} INFO - Processing file /home/airflow/.local/lib/python3.12/site-packages/airflow/example_dags/example_nested_branch_dag.py for tasks to queue
[2025-01-31T14:34:30.652+0000] {logging_mixin.py:190} INFO - [2025-01-31T14:34:30.652+0000] {dagbag.py:588} INFO - Filling up the DagBag from /home/airflow/.local/lib/python3.12/site-packages/airflow/example_dags/example_nested_branch_dag.py
[2025-01-31T14:34:30.661+0000] {processor.py:925} INFO - DAG(s) 'example_nested_branch_dag' retrieved from /home/airflow/.local/lib/python3.12/site-packages/airflow/example_dags/example_nested_branch_dag.py
[2025-01-31T14:34:30.678+0000] {logging_mixin.py:190} INFO - [2025-01-31T14:34:30.678+0000] {dag.py:3239} INFO - Sync 1 DAGs
[2025-01-31T14:34:30.696+0000] {logging_mixin.py:190} INFO - [2025-01-31T14:34:30.696+0000] {dag.py:4180} INFO - Setting next_dagrun for example_nested_branch_dag to 2025-01-30 00:00:00+00:00, run_after=2025-01-31 00:00:00+00:00
[2025-01-31T14:34:30.709+0000] {processor.py:208} INFO - Processing /home/airflow/.local/lib/python3.12/site-packages/airflow/example_dags/example_nested_branch_dag.py took 0.063 seconds
[2025-01-31T14:35:01.675+0000] {processor.py:186} INFO - Started process (PID=1017) to work on /home/airflow/.local/lib/python3.12/site-packages/airflow/example_dags/example_nested_branch_dag.py
[2025-01-31T14:35:01.676+0000] {processor.py:914} INFO - Processing file /home/airflow/.local/lib/python3.12/site-packages/airflow/example_dags/example_nested_branch_dag.py for tasks to queue
[2025-01-31T14:35:01.677+0000] {logging_mixin.py:190} INFO - [2025-01-31T14:35:01.677+0000] {dagbag.py:588} INFO - Filling up the DagBag from /home/airflow/.local/lib/python3.12/site-packages/airflow/example_dags/example_nested_branch_dag.py
[2025-01-31T14:35:01.686+0000] {processor.py:925} INFO - DAG(s) 'example_nested_branch_dag' retrieved from /home/airflow/.local/lib/python3.12/site-packages/airflow/example_dags/example_nested_branch_dag.py
[2025-01-31T14:35:01.703+0000] {logging_mixin.py:190} INFO - [2025-01-31T14:35:01.702+0000] {dag.py:3239} INFO - Sync 1 DAGs
[2025-01-31T14:35:01.723+0000] {logging_mixin.py:190} INFO - [2025-01-31T14:35:01.723+0000] {dag.py:4180} INFO - Setting next_dagrun for example_nested_branch_dag to 2025-01-30 00:00:00+00:00, run_after=2025-01-31 00:00:00+00:00
[2025-01-31T14:35:01.736+0000] {processor.py:208} INFO - Processing /home/airflow/.local/lib/python3.12/site-packages/airflow/example_dags/example_nested_branch_dag.py took 0.065 seconds
[2025-01-31T14:35:32.221+0000] {processor.py:186} INFO - Started process (PID=1082) to work on /home/airflow/.local/lib/python3.12/site-packages/airflow/example_dags/example_nested_branch_dag.py
[2025-01-31T14:35:32.221+0000] {processor.py:914} INFO - Processing file /home/airflow/.local/lib/python3.12/site-packages/airflow/example_dags/example_nested_branch_dag.py for tasks to queue
[2025-01-31T14:35:32.223+0000] {logging_mixin.py:190} INFO - [2025-01-31T14:35:32.223+0000] {dagbag.py:588} INFO - Filling up the DagBag from /home/airflow/.local/lib/python3.12/site-packages/airflow/example_dags/example_nested_branch_dag.py
[2025-01-31T14:35:32.232+0000] {processor.py:925} INFO - DAG(s) 'example_nested_branch_dag' retrieved from /home/airflow/.local/lib/python3.12/site-packages/airflow/example_dags/example_nested_branch_dag.py
[2025-01-31T14:35:32.247+0000] {logging_mixin.py:190} INFO - [2025-01-31T14:35:32.247+0000] {dag.py:3239} INFO - Sync 1 DAGs
[2025-01-31T14:35:32.265+0000] {logging_mixin.py:190} INFO - [2025-01-31T14:35:32.265+0000] {dag.py:4180} INFO - Setting next_dagrun for example_nested_branch_dag to 2025-01-30 00:00:00+00:00, run_after=2025-01-31 00:00:00+00:00
[2025-01-31T14:35:32.278+0000] {processor.py:208} INFO - Processing /home/airflow/.local/lib/python3.12/site-packages/airflow/example_dags/example_nested_branch_dag.py took 0.062 seconds
[2025-01-31T14:36:03.595+0000] {processor.py:186} INFO - Started process (PID=1147) to work on /home/airflow/.local/lib/python3.12/site-packages/airflow/example_dags/example_nested_branch_dag.py
[2025-01-31T14:36:03.596+0000] {processor.py:914} INFO - Processing file /home/airflow/.local/lib/python3.12/site-packages/airflow/example_dags/example_nested_branch_dag.py for tasks to queue
[2025-01-31T14:36:03.598+0000] {logging_mixin.py:190} INFO - [2025-01-31T14:36:03.597+0000] {dagbag.py:588} INFO - Filling up the DagBag from /home/airflow/.local/lib/python3.12/site-packages/airflow/example_dags/example_nested_branch_dag.py
[2025-01-31T14:36:03.607+0000] {processor.py:925} INFO - DAG(s) 'example_nested_branch_dag' retrieved from /home/airflow/.local/lib/python3.12/site-packages/airflow/example_dags/example_nested_branch_dag.py
[2025-01-31T14:36:03.626+0000] {logging_mixin.py:190} INFO - [2025-01-31T14:36:03.625+0000] {dag.py:3239} INFO - Sync 1 DAGs
[2025-01-31T14:36:03.646+0000] {logging_mixin.py:190} INFO - [2025-01-31T14:36:03.646+0000] {dag.py:4180} INFO - Setting next_dagrun for example_nested_branch_dag to 2025-01-30 00:00:00+00:00, run_after=2025-01-31 00:00:00+00:00
[2025-01-31T14:36:03.659+0000] {processor.py:208} INFO - Processing /home/airflow/.local/lib/python3.12/site-packages/airflow/example_dags/example_nested_branch_dag.py took 0.068 seconds
[2025-01-31T14:36:34.905+0000] {processor.py:186} INFO - Started process (PID=1213) to work on /home/airflow/.local/lib/python3.12/site-packages/airflow/example_dags/example_nested_branch_dag.py
[2025-01-31T14:36:34.906+0000] {processor.py:914} INFO - Processing file /home/airflow/.local/lib/python3.12/site-packages/airflow/example_dags/example_nested_branch_dag.py for tasks to queue
[2025-01-31T14:36:34.908+0000] {logging_mixin.py:190} INFO - [2025-01-31T14:36:34.907+0000] {dagbag.py:588} INFO - Filling up the DagBag from /home/airflow/.local/lib/python3.12/site-packages/airflow/example_dags/example_nested_branch_dag.py
[2025-01-31T14:36:34.917+0000] {processor.py:925} INFO - DAG(s) 'example_nested_branch_dag' retrieved from /home/airflow/.local/lib/python3.12/site-packages/airflow/example_dags/example_nested_branch_dag.py
[2025-01-31T14:36:34.935+0000] {logging_mixin.py:190} INFO - [2025-01-31T14:36:34.935+0000] {dag.py:3239} INFO - Sync 1 DAGs
[2025-01-31T14:36:34.953+0000] {logging_mixin.py:190} INFO - [2025-01-31T14:36:34.953+0000] {dag.py:4180} INFO - Setting next_dagrun for example_nested_branch_dag to 2025-01-30 00:00:00+00:00, run_after=2025-01-31 00:00:00+00:00
[2025-01-31T14:36:34.966+0000] {processor.py:208} INFO - Processing /home/airflow/.local/lib/python3.12/site-packages/airflow/example_dags/example_nested_branch_dag.py took 0.065 seconds
[2025-01-31T14:37:06.172+0000] {processor.py:186} INFO - Started process (PID=1278) to work on /home/airflow/.local/lib/python3.12/site-packages/airflow/example_dags/example_nested_branch_dag.py
[2025-01-31T14:37:06.173+0000] {processor.py:914} INFO - Processing file /home/airflow/.local/lib/python3.12/site-packages/airflow/example_dags/example_nested_branch_dag.py for tasks to queue
[2025-01-31T14:37:06.175+0000] {logging_mixin.py:190} INFO - [2025-01-31T14:37:06.174+0000] {dagbag.py:588} INFO - Filling up the DagBag from /home/airflow/.local/lib/python3.12/site-packages/airflow/example_dags/example_nested_branch_dag.py
[2025-01-31T14:37:06.187+0000] {processor.py:925} INFO - DAG(s) 'example_nested_branch_dag' retrieved from /home/airflow/.local/lib/python3.12/site-packages/airflow/example_dags/example_nested_branch_dag.py
[2025-01-31T14:37:06.208+0000] {logging_mixin.py:190} INFO - [2025-01-31T14:37:06.208+0000] {dag.py:3239} INFO - Sync 1 DAGs
[2025-01-31T14:37:06.233+0000] {logging_mixin.py:190} INFO - [2025-01-31T14:37:06.233+0000] {dag.py:4180} INFO - Setting next_dagrun for example_nested_branch_dag to 2025-01-30 00:00:00+00:00, run_after=2025-01-31 00:00:00+00:00
[2025-01-31T14:37:06.249+0000] {processor.py:208} INFO - Processing /home/airflow/.local/lib/python3.12/site-packages/airflow/example_dags/example_nested_branch_dag.py took 0.081 seconds
[2025-01-31T14:37:37.731+0000] {processor.py:186} INFO - Started process (PID=1343) to work on /home/airflow/.local/lib/python3.12/site-packages/airflow/example_dags/example_nested_branch_dag.py
[2025-01-31T14:37:37.732+0000] {processor.py:914} INFO - Processing file /home/airflow/.local/lib/python3.12/site-packages/airflow/example_dags/example_nested_branch_dag.py for tasks to queue
[2025-01-31T14:37:37.734+0000] {logging_mixin.py:190} INFO - [2025-01-31T14:37:37.733+0000] {dagbag.py:588} INFO - Filling up the DagBag from /home/airflow/.local/lib/python3.12/site-packages/airflow/example_dags/example_nested_branch_dag.py
[2025-01-31T14:37:37.744+0000] {processor.py:925} INFO - DAG(s) 'example_nested_branch_dag' retrieved from /home/airflow/.local/lib/python3.12/site-packages/airflow/example_dags/example_nested_branch_dag.py
[2025-01-31T14:37:37.764+0000] {logging_mixin.py:190} INFO - [2025-01-31T14:37:37.764+0000] {dag.py:3239} INFO - Sync 1 DAGs
[2025-01-31T14:37:37.790+0000] {logging_mixin.py:190} INFO - [2025-01-31T14:37:37.790+0000] {dag.py:4180} INFO - Setting next_dagrun for example_nested_branch_dag to 2025-01-30 00:00:00+00:00, run_after=2025-01-31 00:00:00+00:00
[2025-01-31T14:37:37.807+0000] {processor.py:208} INFO - Processing /home/airflow/.local/lib/python3.12/site-packages/airflow/example_dags/example_nested_branch_dag.py took 0.080 seconds
[2025-01-31T14:38:08.784+0000] {processor.py:186} INFO - Started process (PID=1408) to work on /home/airflow/.local/lib/python3.12/site-packages/airflow/example_dags/example_nested_branch_dag.py
[2025-01-31T14:38:08.785+0000] {processor.py:914} INFO - Processing file /home/airflow/.local/lib/python3.12/site-packages/airflow/example_dags/example_nested_branch_dag.py for tasks to queue
[2025-01-31T14:38:08.787+0000] {logging_mixin.py:190} INFO - [2025-01-31T14:38:08.787+0000] {dagbag.py:588} INFO - Filling up the DagBag from /home/airflow/.local/lib/python3.12/site-packages/airflow/example_dags/example_nested_branch_dag.py
[2025-01-31T14:38:08.799+0000] {processor.py:925} INFO - DAG(s) 'example_nested_branch_dag' retrieved from /home/airflow/.local/lib/python3.12/site-packages/airflow/example_dags/example_nested_branch_dag.py
[2025-01-31T14:38:08.821+0000] {logging_mixin.py:190} INFO - [2025-01-31T14:38:08.821+0000] {dag.py:3239} INFO - Sync 1 DAGs
[2025-01-31T14:38:08.847+0000] {logging_mixin.py:190} INFO - [2025-01-31T14:38:08.847+0000] {dag.py:4180} INFO - Setting next_dagrun for example_nested_branch_dag to 2025-01-30 00:00:00+00:00, run_after=2025-01-31 00:00:00+00:00
[2025-01-31T14:38:08.863+0000] {processor.py:208} INFO - Processing /home/airflow/.local/lib/python3.12/site-packages/airflow/example_dags/example_nested_branch_dag.py took 0.085 seconds
[2025-01-31T14:38:39.928+0000] {processor.py:186} INFO - Started process (PID=1473) to work on /home/airflow/.local/lib/python3.12/site-packages/airflow/example_dags/example_nested_branch_dag.py
[2025-01-31T14:38:39.929+0000] {processor.py:914} INFO - Processing file /home/airflow/.local/lib/python3.12/site-packages/airflow/example_dags/example_nested_branch_dag.py for tasks to queue
[2025-01-31T14:38:39.930+0000] {logging_mixin.py:190} INFO - [2025-01-31T14:38:39.930+0000] {dagbag.py:588} INFO - Filling up the DagBag from /home/airflow/.local/lib/python3.12/site-packages/airflow/example_dags/example_nested_branch_dag.py
[2025-01-31T14:38:39.939+0000] {processor.py:925} INFO - DAG(s) 'example_nested_branch_dag' retrieved from /home/airflow/.local/lib/python3.12/site-packages/airflow/example_dags/example_nested_branch_dag.py
[2025-01-31T14:38:39.954+0000] {logging_mixin.py:190} INFO - [2025-01-31T14:38:39.954+0000] {dag.py:3239} INFO - Sync 1 DAGs
[2025-01-31T14:38:39.974+0000] {logging_mixin.py:190} INFO - [2025-01-31T14:38:39.974+0000] {dag.py:4180} INFO - Setting next_dagrun for example_nested_branch_dag to 2025-01-30 00:00:00+00:00, run_after=2025-01-31 00:00:00+00:00
[2025-01-31T14:38:39.987+0000] {processor.py:208} INFO - Processing /home/airflow/.local/lib/python3.12/site-packages/airflow/example_dags/example_nested_branch_dag.py took 0.063 seconds
[2025-01-31T14:39:11.222+0000] {processor.py:186} INFO - Started process (PID=1538) to work on /home/airflow/.local/lib/python3.12/site-packages/airflow/example_dags/example_nested_branch_dag.py
[2025-01-31T14:39:11.223+0000] {processor.py:914} INFO - Processing file /home/airflow/.local/lib/python3.12/site-packages/airflow/example_dags/example_nested_branch_dag.py for tasks to queue
[2025-01-31T14:39:11.225+0000] {logging_mixin.py:190} INFO - [2025-01-31T14:39:11.224+0000] {dagbag.py:588} INFO - Filling up the DagBag from /home/airflow/.local/lib/python3.12/site-packages/airflow/example_dags/example_nested_branch_dag.py
[2025-01-31T14:39:11.234+0000] {processor.py:925} INFO - DAG(s) 'example_nested_branch_dag' retrieved from /home/airflow/.local/lib/python3.12/site-packages/airflow/example_dags/example_nested_branch_dag.py
[2025-01-31T14:39:11.256+0000] {logging_mixin.py:190} INFO - [2025-01-31T14:39:11.255+0000] {dag.py:3239} INFO - Sync 1 DAGs
[2025-01-31T14:39:11.282+0000] {logging_mixin.py:190} INFO - [2025-01-31T14:39:11.281+0000] {dag.py:4180} INFO - Setting next_dagrun for example_nested_branch_dag to 2025-01-30 00:00:00+00:00, run_after=2025-01-31 00:00:00+00:00
[2025-01-31T14:39:11.298+0000] {processor.py:208} INFO - Processing /home/airflow/.local/lib/python3.12/site-packages/airflow/example_dags/example_nested_branch_dag.py took 0.080 seconds
[2025-01-31T14:39:42.608+0000] {processor.py:186} INFO - Started process (PID=1609) to work on /home/airflow/.local/lib/python3.12/site-packages/airflow/example_dags/example_nested_branch_dag.py
[2025-01-31T14:39:42.609+0000] {processor.py:914} INFO - Processing file /home/airflow/.local/lib/python3.12/site-packages/airflow/example_dags/example_nested_branch_dag.py for tasks to queue
[2025-01-31T14:39:42.610+0000] {logging_mixin.py:190} INFO - [2025-01-31T14:39:42.610+0000] {dagbag.py:588} INFO - Filling up the DagBag from /home/airflow/.local/lib/python3.12/site-packages/airflow/example_dags/example_nested_branch_dag.py
[2025-01-31T14:39:42.619+0000] {processor.py:925} INFO - DAG(s) 'example_nested_branch_dag' retrieved from /home/airflow/.local/lib/python3.12/site-packages/airflow/example_dags/example_nested_branch_dag.py
[2025-01-31T14:39:42.642+0000] {logging_mixin.py:190} INFO - [2025-01-31T14:39:42.642+0000] {dag.py:3239} INFO - Sync 1 DAGs
[2025-01-31T14:39:42.669+0000] {logging_mixin.py:190} INFO - [2025-01-31T14:39:42.669+0000] {dag.py:4180} INFO - Setting next_dagrun for example_nested_branch_dag to 2025-01-30 00:00:00+00:00, run_after=2025-01-31 00:00:00+00:00
[2025-01-31T14:39:42.684+0000] {processor.py:208} INFO - Processing /home/airflow/.local/lib/python3.12/site-packages/airflow/example_dags/example_nested_branch_dag.py took 0.081 seconds
[2025-01-31T14:40:13.586+0000] {processor.py:186} INFO - Started process (PID=1674) to work on /home/airflow/.local/lib/python3.12/site-packages/airflow/example_dags/example_nested_branch_dag.py
[2025-01-31T14:40:13.587+0000] {processor.py:914} INFO - Processing file /home/airflow/.local/lib/python3.12/site-packages/airflow/example_dags/example_nested_branch_dag.py for tasks to queue
[2025-01-31T14:40:13.588+0000] {logging_mixin.py:190} INFO - [2025-01-31T14:40:13.588+0000] {dagbag.py:588} INFO - Filling up the DagBag from /home/airflow/.local/lib/python3.12/site-packages/airflow/example_dags/example_nested_branch_dag.py
[2025-01-31T14:40:13.599+0000] {processor.py:925} INFO - DAG(s) 'example_nested_branch_dag' retrieved from /home/airflow/.local/lib/python3.12/site-packages/airflow/example_dags/example_nested_branch_dag.py
[2025-01-31T14:40:13.620+0000] {logging_mixin.py:190} INFO - [2025-01-31T14:40:13.620+0000] {dag.py:3239} INFO - Sync 1 DAGs
[2025-01-31T14:40:13.643+0000] {logging_mixin.py:190} INFO - [2025-01-31T14:40:13.642+0000] {dag.py:4180} INFO - Setting next_dagrun for example_nested_branch_dag to 2025-01-30 00:00:00+00:00, run_after=2025-01-31 00:00:00+00:00
[2025-01-31T14:40:13.655+0000] {processor.py:208} INFO - Processing /home/airflow/.local/lib/python3.12/site-packages/airflow/example_dags/example_nested_branch_dag.py took 0.074 seconds
[2025-01-31T14:40:44.656+0000] {processor.py:186} INFO - Started process (PID=1739) to work on /home/airflow/.local/lib/python3.12/site-packages/airflow/example_dags/example_nested_branch_dag.py
[2025-01-31T14:40:44.656+0000] {processor.py:914} INFO - Processing file /home/airflow/.local/lib/python3.12/site-packages/airflow/example_dags/example_nested_branch_dag.py for tasks to queue
[2025-01-31T14:40:44.658+0000] {logging_mixin.py:190} INFO - [2025-01-31T14:40:44.657+0000] {dagbag.py:588} INFO - Filling up the DagBag from /home/airflow/.local/lib/python3.12/site-packages/airflow/example_dags/example_nested_branch_dag.py
[2025-01-31T14:40:44.667+0000] {processor.py:925} INFO - DAG(s) 'example_nested_branch_dag' retrieved from /home/airflow/.local/lib/python3.12/site-packages/airflow/example_dags/example_nested_branch_dag.py
[2025-01-31T14:40:44.684+0000] {logging_mixin.py:190} INFO - [2025-01-31T14:40:44.684+0000] {dag.py:3239} INFO - Sync 1 DAGs
[2025-01-31T14:40:44.702+0000] {logging_mixin.py:190} INFO - [2025-01-31T14:40:44.702+0000] {dag.py:4180} INFO - Setting next_dagrun for example_nested_branch_dag to 2025-01-30 00:00:00+00:00, run_after=2025-01-31 00:00:00+00:00
[2025-01-31T14:40:44.715+0000] {processor.py:208} INFO - Processing /home/airflow/.local/lib/python3.12/site-packages/airflow/example_dags/example_nested_branch_dag.py took 0.064 seconds
[2025-01-31T14:41:15.787+0000] {processor.py:186} INFO - Started process (PID=1804) to work on /home/airflow/.local/lib/python3.12/site-packages/airflow/example_dags/example_nested_branch_dag.py
[2025-01-31T14:41:15.788+0000] {processor.py:914} INFO - Processing file /home/airflow/.local/lib/python3.12/site-packages/airflow/example_dags/example_nested_branch_dag.py for tasks to queue
[2025-01-31T14:41:15.790+0000] {logging_mixin.py:190} INFO - [2025-01-31T14:41:15.790+0000] {dagbag.py:588} INFO - Filling up the DagBag from /home/airflow/.local/lib/python3.12/site-packages/airflow/example_dags/example_nested_branch_dag.py
[2025-01-31T14:41:15.800+0000] {processor.py:925} INFO - DAG(s) 'example_nested_branch_dag' retrieved from /home/airflow/.local/lib/python3.12/site-packages/airflow/example_dags/example_nested_branch_dag.py
[2025-01-31T14:41:15.821+0000] {logging_mixin.py:190} INFO - [2025-01-31T14:41:15.821+0000] {dag.py:3239} INFO - Sync 1 DAGs
[2025-01-31T14:41:15.847+0000] {logging_mixin.py:190} INFO - [2025-01-31T14:41:15.847+0000] {dag.py:4180} INFO - Setting next_dagrun for example_nested_branch_dag to 2025-01-30 00:00:00+00:00, run_after=2025-01-31 00:00:00+00:00
[2025-01-31T14:41:15.863+0000] {processor.py:208} INFO - Processing /home/airflow/.local/lib/python3.12/site-packages/airflow/example_dags/example_nested_branch_dag.py took 0.080 seconds
[2025-01-31T14:41:47.143+0000] {processor.py:186} INFO - Started process (PID=1870) to work on /home/airflow/.local/lib/python3.12/site-packages/airflow/example_dags/example_nested_branch_dag.py
[2025-01-31T14:41:47.144+0000] {processor.py:914} INFO - Processing file /home/airflow/.local/lib/python3.12/site-packages/airflow/example_dags/example_nested_branch_dag.py for tasks to queue
[2025-01-31T14:41:47.145+0000] {logging_mixin.py:190} INFO - [2025-01-31T14:41:47.145+0000] {dagbag.py:588} INFO - Filling up the DagBag from /home/airflow/.local/lib/python3.12/site-packages/airflow/example_dags/example_nested_branch_dag.py
[2025-01-31T14:41:47.154+0000] {processor.py:925} INFO - DAG(s) 'example_nested_branch_dag' retrieved from /home/airflow/.local/lib/python3.12/site-packages/airflow/example_dags/example_nested_branch_dag.py
[2025-01-31T14:41:47.172+0000] {logging_mixin.py:190} INFO - [2025-01-31T14:41:47.172+0000] {dag.py:3239} INFO - Sync 1 DAGs
[2025-01-31T14:41:47.198+0000] {logging_mixin.py:190} INFO - [2025-01-31T14:41:47.198+0000] {dag.py:4180} INFO - Setting next_dagrun for example_nested_branch_dag to 2025-01-30 00:00:00+00:00, run_after=2025-01-31 00:00:00+00:00
[2025-01-31T14:41:47.216+0000] {processor.py:208} INFO - Processing /home/airflow/.local/lib/python3.12/site-packages/airflow/example_dags/example_nested_branch_dag.py took 0.078 seconds
[2025-01-31T14:42:18.884+0000] {processor.py:186} INFO - Started process (PID=1935) to work on /home/airflow/.local/lib/python3.12/site-packages/airflow/example_dags/example_nested_branch_dag.py
[2025-01-31T14:42:18.884+0000] {processor.py:914} INFO - Processing file /home/airflow/.local/lib/python3.12/site-packages/airflow/example_dags/example_nested_branch_dag.py for tasks to queue
[2025-01-31T14:42:18.886+0000] {logging_mixin.py:190} INFO - [2025-01-31T14:42:18.886+0000] {dagbag.py:588} INFO - Filling up the DagBag from /home/airflow/.local/lib/python3.12/site-packages/airflow/example_dags/example_nested_branch_dag.py
[2025-01-31T14:42:18.895+0000] {processor.py:925} INFO - DAG(s) 'example_nested_branch_dag' retrieved from /home/airflow/.local/lib/python3.12/site-packages/airflow/example_dags/example_nested_branch_dag.py
[2025-01-31T14:42:18.912+0000] {logging_mixin.py:190} INFO - [2025-01-31T14:42:18.911+0000] {dag.py:3239} INFO - Sync 1 DAGs
[2025-01-31T14:42:18.932+0000] {logging_mixin.py:190} INFO - [2025-01-31T14:42:18.932+0000] {dag.py:4180} INFO - Setting next_dagrun for example_nested_branch_dag to 2025-01-30 00:00:00+00:00, run_after=2025-01-31 00:00:00+00:00
[2025-01-31T14:42:18.946+0000] {processor.py:208} INFO - Processing /home/airflow/.local/lib/python3.12/site-packages/airflow/example_dags/example_nested_branch_dag.py took 0.067 seconds
[2025-01-31T14:42:49.947+0000] {processor.py:186} INFO - Started process (PID=2000) to work on /home/airflow/.local/lib/python3.12/site-packages/airflow/example_dags/example_nested_branch_dag.py
[2025-01-31T14:42:49.948+0000] {processor.py:914} INFO - Processing file /home/airflow/.local/lib/python3.12/site-packages/airflow/example_dags/example_nested_branch_dag.py for tasks to queue
[2025-01-31T14:42:49.950+0000] {logging_mixin.py:190} INFO - [2025-01-31T14:42:49.950+0000] {dagbag.py:588} INFO - Filling up the DagBag from /home/airflow/.local/lib/python3.12/site-packages/airflow/example_dags/example_nested_branch_dag.py
[2025-01-31T14:42:49.963+0000] {processor.py:925} INFO - DAG(s) 'example_nested_branch_dag' retrieved from /home/airflow/.local/lib/python3.12/site-packages/airflow/example_dags/example_nested_branch_dag.py
[2025-01-31T14:42:49.986+0000] {logging_mixin.py:190} INFO - [2025-01-31T14:42:49.986+0000] {dag.py:3239} INFO - Sync 1 DAGs
[2025-01-31T14:42:50.013+0000] {logging_mixin.py:190} INFO - [2025-01-31T14:42:50.013+0000] {dag.py:4180} INFO - Setting next_dagrun for example_nested_branch_dag to 2025-01-30 00:00:00+00:00, run_after=2025-01-31 00:00:00+00:00
[2025-01-31T14:42:50.029+0000] {processor.py:208} INFO - Processing /home/airflow/.local/lib/python3.12/site-packages/airflow/example_dags/example_nested_branch_dag.py took 0.089 seconds
[2025-01-31T14:43:20.997+0000] {processor.py:186} INFO - Started process (PID=2065) to work on /home/airflow/.local/lib/python3.12/site-packages/airflow/example_dags/example_nested_branch_dag.py
[2025-01-31T14:43:20.997+0000] {processor.py:914} INFO - Processing file /home/airflow/.local/lib/python3.12/site-packages/airflow/example_dags/example_nested_branch_dag.py for tasks to queue
[2025-01-31T14:43:20.999+0000] {logging_mixin.py:190} INFO - [2025-01-31T14:43:20.998+0000] {dagbag.py:588} INFO - Filling up the DagBag from /home/airflow/.local/lib/python3.12/site-packages/airflow/example_dags/example_nested_branch_dag.py
[2025-01-31T14:43:21.008+0000] {processor.py:925} INFO - DAG(s) 'example_nested_branch_dag' retrieved from /home/airflow/.local/lib/python3.12/site-packages/airflow/example_dags/example_nested_branch_dag.py
[2025-01-31T14:43:21.031+0000] {logging_mixin.py:190} INFO - [2025-01-31T14:43:21.031+0000] {dag.py:3239} INFO - Sync 1 DAGs
[2025-01-31T14:43:21.056+0000] {logging_mixin.py:190} INFO - [2025-01-31T14:43:21.056+0000] {dag.py:4180} INFO - Setting next_dagrun for example_nested_branch_dag to 2025-01-30 00:00:00+00:00, run_after=2025-01-31 00:00:00+00:00
[2025-01-31T14:43:21.069+0000] {processor.py:208} INFO - Processing /home/airflow/.local/lib/python3.12/site-packages/airflow/example_dags/example_nested_branch_dag.py took 0.077 seconds
[2025-01-31T14:43:51.714+0000] {processor.py:186} INFO - Started process (PID=2131) to work on /home/airflow/.local/lib/python3.12/site-packages/airflow/example_dags/example_nested_branch_dag.py
[2025-01-31T14:43:51.715+0000] {processor.py:914} INFO - Processing file /home/airflow/.local/lib/python3.12/site-packages/airflow/example_dags/example_nested_branch_dag.py for tasks to queue
[2025-01-31T14:43:51.716+0000] {logging_mixin.py:190} INFO - [2025-01-31T14:43:51.716+0000] {dagbag.py:588} INFO - Filling up the DagBag from /home/airflow/.local/lib/python3.12/site-packages/airflow/example_dags/example_nested_branch_dag.py
[2025-01-31T14:43:51.726+0000] {processor.py:925} INFO - DAG(s) 'example_nested_branch_dag' retrieved from /home/airflow/.local/lib/python3.12/site-packages/airflow/example_dags/example_nested_branch_dag.py
[2025-01-31T14:43:51.746+0000] {logging_mixin.py:190} INFO - [2025-01-31T14:43:51.746+0000] {dag.py:3239} INFO - Sync 1 DAGs
[2025-01-31T14:43:51.768+0000] {logging_mixin.py:190} INFO - [2025-01-31T14:43:51.768+0000] {dag.py:4180} INFO - Setting next_dagrun for example_nested_branch_dag to 2025-01-30 00:00:00+00:00, run_after=2025-01-31 00:00:00+00:00
[2025-01-31T14:43:51.781+0000] {processor.py:208} INFO - Processing /home/airflow/.local/lib/python3.12/site-packages/airflow/example_dags/example_nested_branch_dag.py took 0.071 seconds
[2025-01-31T14:44:22.923+0000] {processor.py:186} INFO - Started process (PID=2196) to work on /home/airflow/.local/lib/python3.12/site-packages/airflow/example_dags/example_nested_branch_dag.py
[2025-01-31T14:44:22.923+0000] {processor.py:914} INFO - Processing file /home/airflow/.local/lib/python3.12/site-packages/airflow/example_dags/example_nested_branch_dag.py for tasks to queue
[2025-01-31T14:44:22.925+0000] {logging_mixin.py:190} INFO - [2025-01-31T14:44:22.925+0000] {dagbag.py:588} INFO - Filling up the DagBag from /home/airflow/.local/lib/python3.12/site-packages/airflow/example_dags/example_nested_branch_dag.py
[2025-01-31T14:44:22.940+0000] {processor.py:925} INFO - DAG(s) 'example_nested_branch_dag' retrieved from /home/airflow/.local/lib/python3.12/site-packages/airflow/example_dags/example_nested_branch_dag.py
[2025-01-31T14:44:22.957+0000] {logging_mixin.py:190} INFO - [2025-01-31T14:44:22.957+0000] {dag.py:3239} INFO - Sync 1 DAGs
[2025-01-31T14:44:22.975+0000] {logging_mixin.py:190} INFO - [2025-01-31T14:44:22.975+0000] {dag.py:4180} INFO - Setting next_dagrun for example_nested_branch_dag to 2025-01-30 00:00:00+00:00, run_after=2025-01-31 00:00:00+00:00
[2025-01-31T14:44:22.988+0000] {processor.py:208} INFO - Processing /home/airflow/.local/lib/python3.12/site-packages/airflow/example_dags/example_nested_branch_dag.py took 0.072 seconds
[2025-01-31T14:44:54.090+0000] {processor.py:186} INFO - Started process (PID=2261) to work on /home/airflow/.local/lib/python3.12/site-packages/airflow/example_dags/example_nested_branch_dag.py
[2025-01-31T14:44:54.090+0000] {processor.py:914} INFO - Processing file /home/airflow/.local/lib/python3.12/site-packages/airflow/example_dags/example_nested_branch_dag.py for tasks to queue
[2025-01-31T14:44:54.092+0000] {logging_mixin.py:190} INFO - [2025-01-31T14:44:54.092+0000] {dagbag.py:588} INFO - Filling up the DagBag from /home/airflow/.local/lib/python3.12/site-packages/airflow/example_dags/example_nested_branch_dag.py
[2025-01-31T14:44:54.101+0000] {processor.py:925} INFO - DAG(s) 'example_nested_branch_dag' retrieved from /home/airflow/.local/lib/python3.12/site-packages/airflow/example_dags/example_nested_branch_dag.py
[2025-01-31T14:44:54.117+0000] {logging_mixin.py:190} INFO - [2025-01-31T14:44:54.117+0000] {dag.py:3239} INFO - Sync 1 DAGs
[2025-01-31T14:44:54.135+0000] {logging_mixin.py:190} INFO - [2025-01-31T14:44:54.135+0000] {dag.py:4180} INFO - Setting next_dagrun for example_nested_branch_dag to 2025-01-30 00:00:00+00:00, run_after=2025-01-31 00:00:00+00:00
[2025-01-31T14:44:54.148+0000] {processor.py:208} INFO - Processing /home/airflow/.local/lib/python3.12/site-packages/airflow/example_dags/example_nested_branch_dag.py took 0.063 seconds
[2025-01-31T14:45:25.125+0000] {processor.py:186} INFO - Started process (PID=2331) to work on /home/airflow/.local/lib/python3.12/site-packages/airflow/example_dags/example_nested_branch_dag.py
[2025-01-31T14:45:25.125+0000] {processor.py:914} INFO - Processing file /home/airflow/.local/lib/python3.12/site-packages/airflow/example_dags/example_nested_branch_dag.py for tasks to queue
[2025-01-31T14:45:25.127+0000] {logging_mixin.py:190} INFO - [2025-01-31T14:45:25.127+0000] {dagbag.py:588} INFO - Filling up the DagBag from /home/airflow/.local/lib/python3.12/site-packages/airflow/example_dags/example_nested_branch_dag.py
[2025-01-31T14:45:25.136+0000] {processor.py:925} INFO - DAG(s) 'example_nested_branch_dag' retrieved from /home/airflow/.local/lib/python3.12/site-packages/airflow/example_dags/example_nested_branch_dag.py
[2025-01-31T14:45:25.157+0000] {logging_mixin.py:190} INFO - [2025-01-31T14:45:25.156+0000] {dag.py:3239} INFO - Sync 1 DAGs
[2025-01-31T14:45:25.181+0000] {logging_mixin.py:190} INFO - [2025-01-31T14:45:25.181+0000] {dag.py:4180} INFO - Setting next_dagrun for example_nested_branch_dag to 2025-01-30 00:00:00+00:00, run_after=2025-01-31 00:00:00+00:00
[2025-01-31T14:45:25.201+0000] {processor.py:208} INFO - Processing /home/airflow/.local/lib/python3.12/site-packages/airflow/example_dags/example_nested_branch_dag.py took 0.081 seconds
[2025-01-31T14:45:55.958+0000] {processor.py:186} INFO - Started process (PID=2397) to work on /home/airflow/.local/lib/python3.12/site-packages/airflow/example_dags/example_nested_branch_dag.py
[2025-01-31T14:45:55.959+0000] {processor.py:914} INFO - Processing file /home/airflow/.local/lib/python3.12/site-packages/airflow/example_dags/example_nested_branch_dag.py for tasks to queue
[2025-01-31T14:45:55.961+0000] {logging_mixin.py:190} INFO - [2025-01-31T14:45:55.961+0000] {dagbag.py:588} INFO - Filling up the DagBag from /home/airflow/.local/lib/python3.12/site-packages/airflow/example_dags/example_nested_branch_dag.py
[2025-01-31T14:45:55.973+0000] {processor.py:925} INFO - DAG(s) 'example_nested_branch_dag' retrieved from /home/airflow/.local/lib/python3.12/site-packages/airflow/example_dags/example_nested_branch_dag.py
[2025-01-31T14:45:55.991+0000] {logging_mixin.py:190} INFO - [2025-01-31T14:45:55.991+0000] {dag.py:3239} INFO - Sync 1 DAGs
[2025-01-31T14:45:56.011+0000] {logging_mixin.py:190} INFO - [2025-01-31T14:45:56.010+0000] {dag.py:4180} INFO - Setting next_dagrun for example_nested_branch_dag to 2025-01-30 00:00:00+00:00, run_after=2025-01-31 00:00:00+00:00
[2025-01-31T14:45:56.024+0000] {processor.py:208} INFO - Processing /home/airflow/.local/lib/python3.12/site-packages/airflow/example_dags/example_nested_branch_dag.py took 0.072 seconds
[2025-01-31T14:46:26.889+0000] {processor.py:186} INFO - Started process (PID=2463) to work on /home/airflow/.local/lib/python3.12/site-packages/airflow/example_dags/example_nested_branch_dag.py
[2025-01-31T14:46:26.889+0000] {processor.py:914} INFO - Processing file /home/airflow/.local/lib/python3.12/site-packages/airflow/example_dags/example_nested_branch_dag.py for tasks to queue
[2025-01-31T14:46:26.891+0000] {logging_mixin.py:190} INFO - [2025-01-31T14:46:26.891+0000] {dagbag.py:588} INFO - Filling up the DagBag from /home/airflow/.local/lib/python3.12/site-packages/airflow/example_dags/example_nested_branch_dag.py
[2025-01-31T14:46:26.900+0000] {processor.py:925} INFO - DAG(s) 'example_nested_branch_dag' retrieved from /home/airflow/.local/lib/python3.12/site-packages/airflow/example_dags/example_nested_branch_dag.py
[2025-01-31T14:46:26.919+0000] {logging_mixin.py:190} INFO - [2025-01-31T14:46:26.919+0000] {dag.py:3239} INFO - Sync 1 DAGs
[2025-01-31T14:46:26.945+0000] {logging_mixin.py:190} INFO - [2025-01-31T14:46:26.944+0000] {dag.py:4180} INFO - Setting next_dagrun for example_nested_branch_dag to 2025-01-30 00:00:00+00:00, run_after=2025-01-31 00:00:00+00:00
[2025-01-31T14:46:26.959+0000] {processor.py:208} INFO - Processing /home/airflow/.local/lib/python3.12/site-packages/airflow/example_dags/example_nested_branch_dag.py took 0.075 seconds
[2025-01-31T14:46:57.378+0000] {processor.py:186} INFO - Started process (PID=2528) to work on /home/airflow/.local/lib/python3.12/site-packages/airflow/example_dags/example_nested_branch_dag.py
[2025-01-31T14:46:57.379+0000] {processor.py:914} INFO - Processing file /home/airflow/.local/lib/python3.12/site-packages/airflow/example_dags/example_nested_branch_dag.py for tasks to queue
[2025-01-31T14:46:57.380+0000] {logging_mixin.py:190} INFO - [2025-01-31T14:46:57.380+0000] {dagbag.py:588} INFO - Filling up the DagBag from /home/airflow/.local/lib/python3.12/site-packages/airflow/example_dags/example_nested_branch_dag.py
[2025-01-31T14:46:57.389+0000] {processor.py:925} INFO - DAG(s) 'example_nested_branch_dag' retrieved from /home/airflow/.local/lib/python3.12/site-packages/airflow/example_dags/example_nested_branch_dag.py
[2025-01-31T14:46:57.410+0000] {logging_mixin.py:190} INFO - [2025-01-31T14:46:57.410+0000] {dag.py:3239} INFO - Sync 1 DAGs
[2025-01-31T14:46:57.437+0000] {logging_mixin.py:190} INFO - [2025-01-31T14:46:57.437+0000] {dag.py:4180} INFO - Setting next_dagrun for example_nested_branch_dag to 2025-01-30 00:00:00+00:00, run_after=2025-01-31 00:00:00+00:00
[2025-01-31T14:46:57.455+0000] {processor.py:208} INFO - Processing /home/airflow/.local/lib/python3.12/site-packages/airflow/example_dags/example_nested_branch_dag.py took 0.081 seconds
[2025-01-31T14:47:28.403+0000] {processor.py:186} INFO - Started process (PID=2594) to work on /home/airflow/.local/lib/python3.12/site-packages/airflow/example_dags/example_nested_branch_dag.py
[2025-01-31T14:47:28.404+0000] {processor.py:914} INFO - Processing file /home/airflow/.local/lib/python3.12/site-packages/airflow/example_dags/example_nested_branch_dag.py for tasks to queue
[2025-01-31T14:47:28.405+0000] {logging_mixin.py:190} INFO - [2025-01-31T14:47:28.405+0000] {dagbag.py:588} INFO - Filling up the DagBag from /home/airflow/.local/lib/python3.12/site-packages/airflow/example_dags/example_nested_branch_dag.py
[2025-01-31T14:47:28.414+0000] {processor.py:925} INFO - DAG(s) 'example_nested_branch_dag' retrieved from /home/airflow/.local/lib/python3.12/site-packages/airflow/example_dags/example_nested_branch_dag.py
[2025-01-31T14:47:28.434+0000] {logging_mixin.py:190} INFO - [2025-01-31T14:47:28.433+0000] {dag.py:3239} INFO - Sync 1 DAGs
[2025-01-31T14:47:28.457+0000] {logging_mixin.py:190} INFO - [2025-01-31T14:47:28.457+0000] {dag.py:4180} INFO - Setting next_dagrun for example_nested_branch_dag to 2025-01-30 00:00:00+00:00, run_after=2025-01-31 00:00:00+00:00
[2025-01-31T14:47:28.471+0000] {processor.py:208} INFO - Processing /home/airflow/.local/lib/python3.12/site-packages/airflow/example_dags/example_nested_branch_dag.py took 0.073 seconds
[2025-01-31T14:47:59.406+0000] {processor.py:186} INFO - Started process (PID=2660) to work on /home/airflow/.local/lib/python3.12/site-packages/airflow/example_dags/example_nested_branch_dag.py
[2025-01-31T14:47:59.407+0000] {processor.py:914} INFO - Processing file /home/airflow/.local/lib/python3.12/site-packages/airflow/example_dags/example_nested_branch_dag.py for tasks to queue
[2025-01-31T14:47:59.408+0000] {logging_mixin.py:190} INFO - [2025-01-31T14:47:59.408+0000] {dagbag.py:588} INFO - Filling up the DagBag from /home/airflow/.local/lib/python3.12/site-packages/airflow/example_dags/example_nested_branch_dag.py
[2025-01-31T14:47:59.417+0000] {processor.py:925} INFO - DAG(s) 'example_nested_branch_dag' retrieved from /home/airflow/.local/lib/python3.12/site-packages/airflow/example_dags/example_nested_branch_dag.py
[2025-01-31T14:47:59.435+0000] {logging_mixin.py:190} INFO - [2025-01-31T14:47:59.434+0000] {dag.py:3239} INFO - Sync 1 DAGs
[2025-01-31T14:47:59.453+0000] {logging_mixin.py:190} INFO - [2025-01-31T14:47:59.453+0000] {dag.py:4180} INFO - Setting next_dagrun for example_nested_branch_dag to 2025-01-30 00:00:00+00:00, run_after=2025-01-31 00:00:00+00:00
[2025-01-31T14:47:59.467+0000] {processor.py:208} INFO - Processing /home/airflow/.local/lib/python3.12/site-packages/airflow/example_dags/example_nested_branch_dag.py took 0.065 seconds
[2025-01-31T14:48:30.077+0000] {processor.py:186} INFO - Started process (PID=2728) to work on /home/airflow/.local/lib/python3.12/site-packages/airflow/example_dags/example_nested_branch_dag.py
[2025-01-31T14:48:30.078+0000] {processor.py:914} INFO - Processing file /home/airflow/.local/lib/python3.12/site-packages/airflow/example_dags/example_nested_branch_dag.py for tasks to queue
[2025-01-31T14:48:30.080+0000] {logging_mixin.py:190} INFO - [2025-01-31T14:48:30.080+0000] {dagbag.py:588} INFO - Filling up the DagBag from /home/airflow/.local/lib/python3.12/site-packages/airflow/example_dags/example_nested_branch_dag.py
[2025-01-31T14:48:30.090+0000] {processor.py:925} INFO - DAG(s) 'example_nested_branch_dag' retrieved from /home/airflow/.local/lib/python3.12/site-packages/airflow/example_dags/example_nested_branch_dag.py
[2025-01-31T14:48:30.111+0000] {logging_mixin.py:190} INFO - [2025-01-31T14:48:30.111+0000] {dag.py:3239} INFO - Sync 1 DAGs
[2025-01-31T14:48:30.140+0000] {logging_mixin.py:190} INFO - [2025-01-31T14:48:30.140+0000] {dag.py:4180} INFO - Setting next_dagrun for example_nested_branch_dag to 2025-01-30 00:00:00+00:00, run_after=2025-01-31 00:00:00+00:00
[2025-01-31T14:48:30.157+0000] {processor.py:208} INFO - Processing /home/airflow/.local/lib/python3.12/site-packages/airflow/example_dags/example_nested_branch_dag.py took 0.084 seconds
[2025-01-31T14:49:00.948+0000] {processor.py:186} INFO - Started process (PID=2797) to work on /home/airflow/.local/lib/python3.12/site-packages/airflow/example_dags/example_nested_branch_dag.py
[2025-01-31T14:49:00.948+0000] {processor.py:914} INFO - Processing file /home/airflow/.local/lib/python3.12/site-packages/airflow/example_dags/example_nested_branch_dag.py for tasks to queue
[2025-01-31T14:49:00.950+0000] {logging_mixin.py:190} INFO - [2025-01-31T14:49:00.950+0000] {dagbag.py:588} INFO - Filling up the DagBag from /home/airflow/.local/lib/python3.12/site-packages/airflow/example_dags/example_nested_branch_dag.py
[2025-01-31T14:49:00.959+0000] {processor.py:925} INFO - DAG(s) 'example_nested_branch_dag' retrieved from /home/airflow/.local/lib/python3.12/site-packages/airflow/example_dags/example_nested_branch_dag.py
[2025-01-31T14:49:00.976+0000] {logging_mixin.py:190} INFO - [2025-01-31T14:49:00.976+0000] {dag.py:3239} INFO - Sync 1 DAGs
[2025-01-31T14:49:00.994+0000] {logging_mixin.py:190} INFO - [2025-01-31T14:49:00.994+0000] {dag.py:4180} INFO - Setting next_dagrun for example_nested_branch_dag to 2025-01-30 00:00:00+00:00, run_after=2025-01-31 00:00:00+00:00
[2025-01-31T14:49:01.007+0000] {processor.py:208} INFO - Processing /home/airflow/.local/lib/python3.12/site-packages/airflow/example_dags/example_nested_branch_dag.py took 0.063 seconds
[2025-01-31T14:49:31.876+0000] {processor.py:186} INFO - Started process (PID=2863) to work on /home/airflow/.local/lib/python3.12/site-packages/airflow/example_dags/example_nested_branch_dag.py
[2025-01-31T14:49:31.876+0000] {processor.py:914} INFO - Processing file /home/airflow/.local/lib/python3.12/site-packages/airflow/example_dags/example_nested_branch_dag.py for tasks to queue
[2025-01-31T14:49:31.878+0000] {logging_mixin.py:190} INFO - [2025-01-31T14:49:31.878+0000] {dagbag.py:588} INFO - Filling up the DagBag from /home/airflow/.local/lib/python3.12/site-packages/airflow/example_dags/example_nested_branch_dag.py
[2025-01-31T14:49:31.887+0000] {processor.py:925} INFO - DAG(s) 'example_nested_branch_dag' retrieved from /home/airflow/.local/lib/python3.12/site-packages/airflow/example_dags/example_nested_branch_dag.py
[2025-01-31T14:49:31.906+0000] {logging_mixin.py:190} INFO - [2025-01-31T14:49:31.906+0000] {dag.py:3239} INFO - Sync 1 DAGs
[2025-01-31T14:49:31.932+0000] {logging_mixin.py:190} INFO - [2025-01-31T14:49:31.931+0000] {dag.py:4180} INFO - Setting next_dagrun for example_nested_branch_dag to 2025-01-30 00:00:00+00:00, run_after=2025-01-31 00:00:00+00:00
[2025-01-31T14:49:31.947+0000] {processor.py:208} INFO - Processing /home/airflow/.local/lib/python3.12/site-packages/airflow/example_dags/example_nested_branch_dag.py took 0.078 seconds
[2025-01-31T14:50:03.173+0000] {processor.py:186} INFO - Started process (PID=2929) to work on /home/airflow/.local/lib/python3.12/site-packages/airflow/example_dags/example_nested_branch_dag.py
[2025-01-31T14:50:03.174+0000] {processor.py:914} INFO - Processing file /home/airflow/.local/lib/python3.12/site-packages/airflow/example_dags/example_nested_branch_dag.py for tasks to queue
[2025-01-31T14:50:03.176+0000] {logging_mixin.py:190} INFO - [2025-01-31T14:50:03.176+0000] {dagbag.py:588} INFO - Filling up the DagBag from /home/airflow/.local/lib/python3.12/site-packages/airflow/example_dags/example_nested_branch_dag.py
[2025-01-31T14:50:03.189+0000] {processor.py:925} INFO - DAG(s) 'example_nested_branch_dag' retrieved from /home/airflow/.local/lib/python3.12/site-packages/airflow/example_dags/example_nested_branch_dag.py
[2025-01-31T14:50:03.208+0000] {logging_mixin.py:190} INFO - [2025-01-31T14:50:03.207+0000] {dag.py:3239} INFO - Sync 1 DAGs
[2025-01-31T14:50:03.231+0000] {logging_mixin.py:190} INFO - [2025-01-31T14:50:03.231+0000] {dag.py:4180} INFO - Setting next_dagrun for example_nested_branch_dag to 2025-01-30 00:00:00+00:00, run_after=2025-01-31 00:00:00+00:00
[2025-01-31T14:50:03.247+0000] {processor.py:208} INFO - Processing /home/airflow/.local/lib/python3.12/site-packages/airflow/example_dags/example_nested_branch_dag.py took 0.078 seconds
[2025-01-31T14:50:34.036+0000] {processor.py:186} INFO - Started process (PID=2995) to work on /home/airflow/.local/lib/python3.12/site-packages/airflow/example_dags/example_nested_branch_dag.py
[2025-01-31T14:50:34.037+0000] {processor.py:914} INFO - Processing file /home/airflow/.local/lib/python3.12/site-packages/airflow/example_dags/example_nested_branch_dag.py for tasks to queue
[2025-01-31T14:50:34.038+0000] {logging_mixin.py:190} INFO - [2025-01-31T14:50:34.038+0000] {dagbag.py:588} INFO - Filling up the DagBag from /home/airflow/.local/lib/python3.12/site-packages/airflow/example_dags/example_nested_branch_dag.py
[2025-01-31T14:50:34.047+0000] {processor.py:925} INFO - DAG(s) 'example_nested_branch_dag' retrieved from /home/airflow/.local/lib/python3.12/site-packages/airflow/example_dags/example_nested_branch_dag.py
[2025-01-31T14:50:34.065+0000] {logging_mixin.py:190} INFO - [2025-01-31T14:50:34.064+0000] {dag.py:3239} INFO - Sync 1 DAGs
[2025-01-31T14:50:34.083+0000] {logging_mixin.py:190} INFO - [2025-01-31T14:50:34.083+0000] {dag.py:4180} INFO - Setting next_dagrun for example_nested_branch_dag to 2025-01-30 00:00:00+00:00, run_after=2025-01-31 00:00:00+00:00
[2025-01-31T14:50:34.095+0000] {processor.py:208} INFO - Processing /home/airflow/.local/lib/python3.12/site-packages/airflow/example_dags/example_nested_branch_dag.py took 0.064 seconds
[2025-01-31T14:51:04.372+0000] {processor.py:186} INFO - Started process (PID=3062) to work on /home/airflow/.local/lib/python3.12/site-packages/airflow/example_dags/example_nested_branch_dag.py
[2025-01-31T14:51:04.372+0000] {processor.py:914} INFO - Processing file /home/airflow/.local/lib/python3.12/site-packages/airflow/example_dags/example_nested_branch_dag.py for tasks to queue
[2025-01-31T14:51:04.375+0000] {logging_mixin.py:190} INFO - [2025-01-31T14:51:04.374+0000] {dagbag.py:588} INFO - Filling up the DagBag from /home/airflow/.local/lib/python3.12/site-packages/airflow/example_dags/example_nested_branch_dag.py
[2025-01-31T14:51:04.387+0000] {processor.py:925} INFO - DAG(s) 'example_nested_branch_dag' retrieved from /home/airflow/.local/lib/python3.12/site-packages/airflow/example_dags/example_nested_branch_dag.py
[2025-01-31T14:51:04.410+0000] {logging_mixin.py:190} INFO - [2025-01-31T14:51:04.410+0000] {dag.py:3239} INFO - Sync 1 DAGs
[2025-01-31T14:51:04.437+0000] {logging_mixin.py:190} INFO - [2025-01-31T14:51:04.436+0000] {dag.py:4180} INFO - Setting next_dagrun for example_nested_branch_dag to 2025-01-30 00:00:00+00:00, run_after=2025-01-31 00:00:00+00:00
[2025-01-31T14:51:04.454+0000] {processor.py:208} INFO - Processing /home/airflow/.local/lib/python3.12/site-packages/airflow/example_dags/example_nested_branch_dag.py took 0.089 seconds
[2025-01-31T14:51:35.086+0000] {processor.py:186} INFO - Started process (PID=3128) to work on /home/airflow/.local/lib/python3.12/site-packages/airflow/example_dags/example_nested_branch_dag.py
[2025-01-31T14:51:35.086+0000] {processor.py:914} INFO - Processing file /home/airflow/.local/lib/python3.12/site-packages/airflow/example_dags/example_nested_branch_dag.py for tasks to queue
[2025-01-31T14:51:35.089+0000] {logging_mixin.py:190} INFO - [2025-01-31T14:51:35.088+0000] {dagbag.py:588} INFO - Filling up the DagBag from /home/airflow/.local/lib/python3.12/site-packages/airflow/example_dags/example_nested_branch_dag.py
[2025-01-31T14:51:35.103+0000] {processor.py:925} INFO - DAG(s) 'example_nested_branch_dag' retrieved from /home/airflow/.local/lib/python3.12/site-packages/airflow/example_dags/example_nested_branch_dag.py
[2025-01-31T14:51:35.126+0000] {logging_mixin.py:190} INFO - [2025-01-31T14:51:35.125+0000] {dag.py:3239} INFO - Sync 1 DAGs
[2025-01-31T14:51:35.152+0000] {logging_mixin.py:190} INFO - [2025-01-31T14:51:35.152+0000] {dag.py:4180} INFO - Setting next_dagrun for example_nested_branch_dag to 2025-01-30 00:00:00+00:00, run_after=2025-01-31 00:00:00+00:00
[2025-01-31T14:51:35.170+0000] {processor.py:208} INFO - Processing /home/airflow/.local/lib/python3.12/site-packages/airflow/example_dags/example_nested_branch_dag.py took 0.091 seconds
[2025-01-31T14:52:05.794+0000] {processor.py:186} INFO - Started process (PID=3194) to work on /home/airflow/.local/lib/python3.12/site-packages/airflow/example_dags/example_nested_branch_dag.py
[2025-01-31T14:52:05.795+0000] {processor.py:914} INFO - Processing file /home/airflow/.local/lib/python3.12/site-packages/airflow/example_dags/example_nested_branch_dag.py for tasks to queue
[2025-01-31T14:52:05.796+0000] {logging_mixin.py:190} INFO - [2025-01-31T14:52:05.796+0000] {dagbag.py:588} INFO - Filling up the DagBag from /home/airflow/.local/lib/python3.12/site-packages/airflow/example_dags/example_nested_branch_dag.py
[2025-01-31T14:52:05.805+0000] {processor.py:925} INFO - DAG(s) 'example_nested_branch_dag' retrieved from /home/airflow/.local/lib/python3.12/site-packages/airflow/example_dags/example_nested_branch_dag.py
[2025-01-31T14:52:05.826+0000] {logging_mixin.py:190} INFO - [2025-01-31T14:52:05.826+0000] {dag.py:3239} INFO - Sync 1 DAGs
[2025-01-31T14:52:05.852+0000] {logging_mixin.py:190} INFO - [2025-01-31T14:52:05.852+0000] {dag.py:4180} INFO - Setting next_dagrun for example_nested_branch_dag to 2025-01-30 00:00:00+00:00, run_after=2025-01-31 00:00:00+00:00
[2025-01-31T14:52:05.869+0000] {processor.py:208} INFO - Processing /home/airflow/.local/lib/python3.12/site-packages/airflow/example_dags/example_nested_branch_dag.py took 0.079 seconds
[2025-01-31T14:52:36.608+0000] {processor.py:186} INFO - Started process (PID=3260) to work on /home/airflow/.local/lib/python3.12/site-packages/airflow/example_dags/example_nested_branch_dag.py
[2025-01-31T14:52:36.609+0000] {processor.py:914} INFO - Processing file /home/airflow/.local/lib/python3.12/site-packages/airflow/example_dags/example_nested_branch_dag.py for tasks to queue
[2025-01-31T14:52:36.610+0000] {logging_mixin.py:190} INFO - [2025-01-31T14:52:36.610+0000] {dagbag.py:588} INFO - Filling up the DagBag from /home/airflow/.local/lib/python3.12/site-packages/airflow/example_dags/example_nested_branch_dag.py
[2025-01-31T14:52:36.620+0000] {processor.py:925} INFO - DAG(s) 'example_nested_branch_dag' retrieved from /home/airflow/.local/lib/python3.12/site-packages/airflow/example_dags/example_nested_branch_dag.py
[2025-01-31T14:52:36.637+0000] {logging_mixin.py:190} INFO - [2025-01-31T14:52:36.637+0000] {dag.py:3239} INFO - Sync 1 DAGs
[2025-01-31T14:52:36.655+0000] {logging_mixin.py:190} INFO - [2025-01-31T14:52:36.655+0000] {dag.py:4180} INFO - Setting next_dagrun for example_nested_branch_dag to 2025-01-30 00:00:00+00:00, run_after=2025-01-31 00:00:00+00:00
[2025-01-31T14:52:36.669+0000] {processor.py:208} INFO - Processing /home/airflow/.local/lib/python3.12/site-packages/airflow/example_dags/example_nested_branch_dag.py took 0.065 seconds
[2025-01-31T14:53:07.792+0000] {processor.py:186} INFO - Started process (PID=3324) to work on /home/airflow/.local/lib/python3.12/site-packages/airflow/example_dags/example_nested_branch_dag.py
[2025-01-31T14:53:07.793+0000] {processor.py:914} INFO - Processing file /home/airflow/.local/lib/python3.12/site-packages/airflow/example_dags/example_nested_branch_dag.py for tasks to queue
[2025-01-31T14:53:07.795+0000] {logging_mixin.py:190} INFO - [2025-01-31T14:53:07.795+0000] {dagbag.py:588} INFO - Filling up the DagBag from /home/airflow/.local/lib/python3.12/site-packages/airflow/example_dags/example_nested_branch_dag.py
[2025-01-31T14:53:07.806+0000] {processor.py:925} INFO - DAG(s) 'example_nested_branch_dag' retrieved from /home/airflow/.local/lib/python3.12/site-packages/airflow/example_dags/example_nested_branch_dag.py
[2025-01-31T14:53:07.827+0000] {logging_mixin.py:190} INFO - [2025-01-31T14:53:07.827+0000] {dag.py:3239} INFO - Sync 1 DAGs
[2025-01-31T14:53:07.851+0000] {logging_mixin.py:190} INFO - [2025-01-31T14:53:07.850+0000] {dag.py:4180} INFO - Setting next_dagrun for example_nested_branch_dag to 2025-01-30 00:00:00+00:00, run_after=2025-01-31 00:00:00+00:00
[2025-01-31T14:53:07.866+0000] {processor.py:208} INFO - Processing /home/airflow/.local/lib/python3.12/site-packages/airflow/example_dags/example_nested_branch_dag.py took 0.080 seconds
[2025-01-31T14:53:39.449+0000] {processor.py:186} INFO - Started process (PID=3391) to work on /home/airflow/.local/lib/python3.12/site-packages/airflow/example_dags/example_nested_branch_dag.py
[2025-01-31T14:53:39.449+0000] {processor.py:914} INFO - Processing file /home/airflow/.local/lib/python3.12/site-packages/airflow/example_dags/example_nested_branch_dag.py for tasks to queue
[2025-01-31T14:53:39.451+0000] {logging_mixin.py:190} INFO - [2025-01-31T14:53:39.451+0000] {dagbag.py:588} INFO - Filling up the DagBag from /home/airflow/.local/lib/python3.12/site-packages/airflow/example_dags/example_nested_branch_dag.py
[2025-01-31T14:53:39.460+0000] {processor.py:925} INFO - DAG(s) 'example_nested_branch_dag' retrieved from /home/airflow/.local/lib/python3.12/site-packages/airflow/example_dags/example_nested_branch_dag.py
[2025-01-31T14:53:39.477+0000] {logging_mixin.py:190} INFO - [2025-01-31T14:53:39.477+0000] {dag.py:3239} INFO - Sync 1 DAGs
[2025-01-31T14:53:39.495+0000] {logging_mixin.py:190} INFO - [2025-01-31T14:53:39.495+0000] {dag.py:4180} INFO - Setting next_dagrun for example_nested_branch_dag to 2025-01-30 00:00:00+00:00, run_after=2025-01-31 00:00:00+00:00
[2025-01-31T14:53:39.508+0000] {processor.py:208} INFO - Processing /home/airflow/.local/lib/python3.12/site-packages/airflow/example_dags/example_nested_branch_dag.py took 0.064 seconds
[2025-01-31T14:54:10.118+0000] {processor.py:186} INFO - Started process (PID=3456) to work on /home/airflow/.local/lib/python3.12/site-packages/airflow/example_dags/example_nested_branch_dag.py
[2025-01-31T14:54:10.119+0000] {processor.py:914} INFO - Processing file /home/airflow/.local/lib/python3.12/site-packages/airflow/example_dags/example_nested_branch_dag.py for tasks to queue
[2025-01-31T14:54:10.120+0000] {logging_mixin.py:190} INFO - [2025-01-31T14:54:10.120+0000] {dagbag.py:588} INFO - Filling up the DagBag from /home/airflow/.local/lib/python3.12/site-packages/airflow/example_dags/example_nested_branch_dag.py
[2025-01-31T14:54:10.130+0000] {processor.py:925} INFO - DAG(s) 'example_nested_branch_dag' retrieved from /home/airflow/.local/lib/python3.12/site-packages/airflow/example_dags/example_nested_branch_dag.py
[2025-01-31T14:54:10.148+0000] {logging_mixin.py:190} INFO - [2025-01-31T14:54:10.148+0000] {dag.py:3239} INFO - Sync 1 DAGs
[2025-01-31T14:54:10.169+0000] {logging_mixin.py:190} INFO - [2025-01-31T14:54:10.168+0000] {dag.py:4180} INFO - Setting next_dagrun for example_nested_branch_dag to 2025-01-30 00:00:00+00:00, run_after=2025-01-31 00:00:00+00:00
[2025-01-31T14:54:10.184+0000] {processor.py:208} INFO - Processing /home/airflow/.local/lib/python3.12/site-packages/airflow/example_dags/example_nested_branch_dag.py took 0.071 seconds
[2025-01-31T14:54:42.669+0000] {processor.py:186} INFO - Started process (PID=3524) to work on /home/airflow/.local/lib/python3.12/site-packages/airflow/example_dags/example_nested_branch_dag.py
[2025-01-31T14:54:42.670+0000] {processor.py:914} INFO - Processing file /home/airflow/.local/lib/python3.12/site-packages/airflow/example_dags/example_nested_branch_dag.py for tasks to queue
[2025-01-31T14:54:42.672+0000] {logging_mixin.py:190} INFO - [2025-01-31T14:54:42.671+0000] {dagbag.py:588} INFO - Filling up the DagBag from /home/airflow/.local/lib/python3.12/site-packages/airflow/example_dags/example_nested_branch_dag.py
[2025-01-31T14:54:42.681+0000] {processor.py:925} INFO - DAG(s) 'example_nested_branch_dag' retrieved from /home/airflow/.local/lib/python3.12/site-packages/airflow/example_dags/example_nested_branch_dag.py
[2025-01-31T14:54:42.849+0000] {logging_mixin.py:190} INFO - [2025-01-31T14:54:42.849+0000] {dag.py:3239} INFO - Sync 1 DAGs
[2025-01-31T14:54:42.873+0000] {logging_mixin.py:190} INFO - [2025-01-31T14:54:42.872+0000] {dag.py:4180} INFO - Setting next_dagrun for example_nested_branch_dag to 2025-01-30 00:00:00+00:00, run_after=2025-01-31 00:00:00+00:00
[2025-01-31T14:54:42.889+0000] {processor.py:208} INFO - Processing /home/airflow/.local/lib/python3.12/site-packages/airflow/example_dags/example_nested_branch_dag.py took 0.224 seconds
[2025-01-31T14:55:13.453+0000] {processor.py:186} INFO - Started process (PID=3590) to work on /home/airflow/.local/lib/python3.12/site-packages/airflow/example_dags/example_nested_branch_dag.py
[2025-01-31T14:55:13.453+0000] {processor.py:914} INFO - Processing file /home/airflow/.local/lib/python3.12/site-packages/airflow/example_dags/example_nested_branch_dag.py for tasks to queue
[2025-01-31T14:55:13.455+0000] {logging_mixin.py:190} INFO - [2025-01-31T14:55:13.455+0000] {dagbag.py:588} INFO - Filling up the DagBag from /home/airflow/.local/lib/python3.12/site-packages/airflow/example_dags/example_nested_branch_dag.py
[2025-01-31T14:55:13.465+0000] {processor.py:925} INFO - DAG(s) 'example_nested_branch_dag' retrieved from /home/airflow/.local/lib/python3.12/site-packages/airflow/example_dags/example_nested_branch_dag.py
[2025-01-31T14:55:13.489+0000] {logging_mixin.py:190} INFO - [2025-01-31T14:55:13.489+0000] {dag.py:3239} INFO - Sync 1 DAGs
[2025-01-31T14:55:13.514+0000] {logging_mixin.py:190} INFO - [2025-01-31T14:55:13.514+0000] {dag.py:4180} INFO - Setting next_dagrun for example_nested_branch_dag to 2025-01-30 00:00:00+00:00, run_after=2025-01-31 00:00:00+00:00
[2025-01-31T14:55:13.530+0000] {processor.py:208} INFO - Processing /home/airflow/.local/lib/python3.12/site-packages/airflow/example_dags/example_nested_branch_dag.py took 0.082 seconds
[2025-01-31T14:55:43.916+0000] {processor.py:186} INFO - Started process (PID=3656) to work on /home/airflow/.local/lib/python3.12/site-packages/airflow/example_dags/example_nested_branch_dag.py
[2025-01-31T14:55:43.916+0000] {processor.py:914} INFO - Processing file /home/airflow/.local/lib/python3.12/site-packages/airflow/example_dags/example_nested_branch_dag.py for tasks to queue
[2025-01-31T14:55:43.919+0000] {logging_mixin.py:190} INFO - [2025-01-31T14:55:43.919+0000] {dagbag.py:588} INFO - Filling up the DagBag from /home/airflow/.local/lib/python3.12/site-packages/airflow/example_dags/example_nested_branch_dag.py
[2025-01-31T14:55:43.932+0000] {processor.py:925} INFO - DAG(s) 'example_nested_branch_dag' retrieved from /home/airflow/.local/lib/python3.12/site-packages/airflow/example_dags/example_nested_branch_dag.py
[2025-01-31T14:55:43.954+0000] {logging_mixin.py:190} INFO - [2025-01-31T14:55:43.953+0000] {dag.py:3239} INFO - Sync 1 DAGs
[2025-01-31T14:55:43.980+0000] {logging_mixin.py:190} INFO - [2025-01-31T14:55:43.980+0000] {dag.py:4180} INFO - Setting next_dagrun for example_nested_branch_dag to 2025-01-30 00:00:00+00:00, run_after=2025-01-31 00:00:00+00:00
[2025-01-31T14:55:44.000+0000] {processor.py:208} INFO - Processing /home/airflow/.local/lib/python3.12/site-packages/airflow/example_dags/example_nested_branch_dag.py took 0.091 seconds
[2025-01-31T14:56:14.778+0000] {processor.py:186} INFO - Started process (PID=3729) to work on /home/airflow/.local/lib/python3.12/site-packages/airflow/example_dags/example_nested_branch_dag.py
[2025-01-31T14:56:14.779+0000] {processor.py:914} INFO - Processing file /home/airflow/.local/lib/python3.12/site-packages/airflow/example_dags/example_nested_branch_dag.py for tasks to queue
[2025-01-31T14:56:14.780+0000] {logging_mixin.py:190} INFO - [2025-01-31T14:56:14.780+0000] {dagbag.py:588} INFO - Filling up the DagBag from /home/airflow/.local/lib/python3.12/site-packages/airflow/example_dags/example_nested_branch_dag.py
[2025-01-31T14:56:14.790+0000] {processor.py:925} INFO - DAG(s) 'example_nested_branch_dag' retrieved from /home/airflow/.local/lib/python3.12/site-packages/airflow/example_dags/example_nested_branch_dag.py
[2025-01-31T14:56:14.807+0000] {logging_mixin.py:190} INFO - [2025-01-31T14:56:14.807+0000] {dag.py:3239} INFO - Sync 1 DAGs
[2025-01-31T14:56:14.831+0000] {logging_mixin.py:190} INFO - [2025-01-31T14:56:14.831+0000] {dag.py:4180} INFO - Setting next_dagrun for example_nested_branch_dag to 2025-01-30 00:00:00+00:00, run_after=2025-01-31 00:00:00+00:00
[2025-01-31T14:56:14.847+0000] {processor.py:208} INFO - Processing /home/airflow/.local/lib/python3.12/site-packages/airflow/example_dags/example_nested_branch_dag.py took 0.073 seconds
[2025-01-31T14:56:45.701+0000] {processor.py:186} INFO - Started process (PID=3795) to work on /home/airflow/.local/lib/python3.12/site-packages/airflow/example_dags/example_nested_branch_dag.py
[2025-01-31T14:56:45.702+0000] {processor.py:914} INFO - Processing file /home/airflow/.local/lib/python3.12/site-packages/airflow/example_dags/example_nested_branch_dag.py for tasks to queue
[2025-01-31T14:56:45.703+0000] {logging_mixin.py:190} INFO - [2025-01-31T14:56:45.703+0000] {dagbag.py:588} INFO - Filling up the DagBag from /home/airflow/.local/lib/python3.12/site-packages/airflow/example_dags/example_nested_branch_dag.py
[2025-01-31T14:56:45.712+0000] {processor.py:925} INFO - DAG(s) 'example_nested_branch_dag' retrieved from /home/airflow/.local/lib/python3.12/site-packages/airflow/example_dags/example_nested_branch_dag.py
[2025-01-31T14:56:45.731+0000] {logging_mixin.py:190} INFO - [2025-01-31T14:56:45.731+0000] {dag.py:3239} INFO - Sync 1 DAGs
[2025-01-31T14:56:45.756+0000] {logging_mixin.py:190} INFO - [2025-01-31T14:56:45.755+0000] {dag.py:4180} INFO - Setting next_dagrun for example_nested_branch_dag to 2025-01-30 00:00:00+00:00, run_after=2025-01-31 00:00:00+00:00
[2025-01-31T14:56:45.771+0000] {processor.py:208} INFO - Processing /home/airflow/.local/lib/python3.12/site-packages/airflow/example_dags/example_nested_branch_dag.py took 0.074 seconds
[2025-01-31T14:57:16.553+0000] {processor.py:186} INFO - Started process (PID=3865) to work on /home/airflow/.local/lib/python3.12/site-packages/airflow/example_dags/example_nested_branch_dag.py
[2025-01-31T14:57:16.554+0000] {processor.py:914} INFO - Processing file /home/airflow/.local/lib/python3.12/site-packages/airflow/example_dags/example_nested_branch_dag.py for tasks to queue
[2025-01-31T14:57:16.555+0000] {logging_mixin.py:190} INFO - [2025-01-31T14:57:16.555+0000] {dagbag.py:588} INFO - Filling up the DagBag from /home/airflow/.local/lib/python3.12/site-packages/airflow/example_dags/example_nested_branch_dag.py
[2025-01-31T14:57:16.564+0000] {processor.py:925} INFO - DAG(s) 'example_nested_branch_dag' retrieved from /home/airflow/.local/lib/python3.12/site-packages/airflow/example_dags/example_nested_branch_dag.py
[2025-01-31T14:57:16.582+0000] {logging_mixin.py:190} INFO - [2025-01-31T14:57:16.582+0000] {dag.py:3239} INFO - Sync 1 DAGs
[2025-01-31T14:57:16.602+0000] {logging_mixin.py:190} INFO - [2025-01-31T14:57:16.602+0000] {dag.py:4180} INFO - Setting next_dagrun for example_nested_branch_dag to 2025-01-30 00:00:00+00:00, run_after=2025-01-31 00:00:00+00:00
[2025-01-31T14:57:16.615+0000] {processor.py:208} INFO - Processing /home/airflow/.local/lib/python3.12/site-packages/airflow/example_dags/example_nested_branch_dag.py took 0.067 seconds
[2025-01-31T14:57:47.090+0000] {processor.py:186} INFO - Started process (PID=3931) to work on /home/airflow/.local/lib/python3.12/site-packages/airflow/example_dags/example_nested_branch_dag.py
[2025-01-31T14:57:47.090+0000] {processor.py:914} INFO - Processing file /home/airflow/.local/lib/python3.12/site-packages/airflow/example_dags/example_nested_branch_dag.py for tasks to queue
[2025-01-31T14:57:47.092+0000] {logging_mixin.py:190} INFO - [2025-01-31T14:57:47.092+0000] {dagbag.py:588} INFO - Filling up the DagBag from /home/airflow/.local/lib/python3.12/site-packages/airflow/example_dags/example_nested_branch_dag.py
[2025-01-31T14:57:47.101+0000] {processor.py:925} INFO - DAG(s) 'example_nested_branch_dag' retrieved from /home/airflow/.local/lib/python3.12/site-packages/airflow/example_dags/example_nested_branch_dag.py
[2025-01-31T14:57:47.118+0000] {logging_mixin.py:190} INFO - [2025-01-31T14:57:47.117+0000] {dag.py:3239} INFO - Sync 1 DAGs
[2025-01-31T14:57:47.136+0000] {logging_mixin.py:190} INFO - [2025-01-31T14:57:47.136+0000] {dag.py:4180} INFO - Setting next_dagrun for example_nested_branch_dag to 2025-01-30 00:00:00+00:00, run_after=2025-01-31 00:00:00+00:00
[2025-01-31T14:57:47.150+0000] {processor.py:208} INFO - Processing /home/airflow/.local/lib/python3.12/site-packages/airflow/example_dags/example_nested_branch_dag.py took 0.065 seconds
[2025-01-31T14:58:17.962+0000] {processor.py:186} INFO - Started process (PID=3997) to work on /home/airflow/.local/lib/python3.12/site-packages/airflow/example_dags/example_nested_branch_dag.py
[2025-01-31T14:58:17.963+0000] {processor.py:914} INFO - Processing file /home/airflow/.local/lib/python3.12/site-packages/airflow/example_dags/example_nested_branch_dag.py for tasks to queue
[2025-01-31T14:58:17.964+0000] {logging_mixin.py:190} INFO - [2025-01-31T14:58:17.964+0000] {dagbag.py:588} INFO - Filling up the DagBag from /home/airflow/.local/lib/python3.12/site-packages/airflow/example_dags/example_nested_branch_dag.py
[2025-01-31T14:58:17.973+0000] {processor.py:925} INFO - DAG(s) 'example_nested_branch_dag' retrieved from /home/airflow/.local/lib/python3.12/site-packages/airflow/example_dags/example_nested_branch_dag.py
[2025-01-31T14:58:17.989+0000] {logging_mixin.py:190} INFO - [2025-01-31T14:58:17.989+0000] {dag.py:3239} INFO - Sync 1 DAGs
[2025-01-31T14:58:18.008+0000] {logging_mixin.py:190} INFO - [2025-01-31T14:58:18.008+0000] {dag.py:4180} INFO - Setting next_dagrun for example_nested_branch_dag to 2025-01-30 00:00:00+00:00, run_after=2025-01-31 00:00:00+00:00
[2025-01-31T14:58:18.020+0000] {processor.py:208} INFO - Processing /home/airflow/.local/lib/python3.12/site-packages/airflow/example_dags/example_nested_branch_dag.py took 0.063 seconds
[2025-01-31T14:58:48.733+0000] {processor.py:186} INFO - Started process (PID=4063) to work on /home/airflow/.local/lib/python3.12/site-packages/airflow/example_dags/example_nested_branch_dag.py
[2025-01-31T14:58:48.733+0000] {processor.py:914} INFO - Processing file /home/airflow/.local/lib/python3.12/site-packages/airflow/example_dags/example_nested_branch_dag.py for tasks to queue
[2025-01-31T14:58:48.735+0000] {logging_mixin.py:190} INFO - [2025-01-31T14:58:48.735+0000] {dagbag.py:588} INFO - Filling up the DagBag from /home/airflow/.local/lib/python3.12/site-packages/airflow/example_dags/example_nested_branch_dag.py
[2025-01-31T14:58:48.744+0000] {processor.py:925} INFO - DAG(s) 'example_nested_branch_dag' retrieved from /home/airflow/.local/lib/python3.12/site-packages/airflow/example_dags/example_nested_branch_dag.py
[2025-01-31T14:58:48.765+0000] {logging_mixin.py:190} INFO - [2025-01-31T14:58:48.764+0000] {dag.py:3239} INFO - Sync 1 DAGs
[2025-01-31T14:58:48.790+0000] {logging_mixin.py:190} INFO - [2025-01-31T14:58:48.790+0000] {dag.py:4180} INFO - Setting next_dagrun for example_nested_branch_dag to 2025-01-30 00:00:00+00:00, run_after=2025-01-31 00:00:00+00:00
[2025-01-31T14:58:48.805+0000] {processor.py:208} INFO - Processing /home/airflow/.local/lib/python3.12/site-packages/airflow/example_dags/example_nested_branch_dag.py took 0.077 seconds
[2025-01-31T14:59:19.624+0000] {processor.py:186} INFO - Started process (PID=4129) to work on /home/airflow/.local/lib/python3.12/site-packages/airflow/example_dags/example_nested_branch_dag.py
[2025-01-31T14:59:19.624+0000] {processor.py:914} INFO - Processing file /home/airflow/.local/lib/python3.12/site-packages/airflow/example_dags/example_nested_branch_dag.py for tasks to queue
[2025-01-31T14:59:19.626+0000] {logging_mixin.py:190} INFO - [2025-01-31T14:59:19.626+0000] {dagbag.py:588} INFO - Filling up the DagBag from /home/airflow/.local/lib/python3.12/site-packages/airflow/example_dags/example_nested_branch_dag.py
[2025-01-31T14:59:19.635+0000] {processor.py:925} INFO - DAG(s) 'example_nested_branch_dag' retrieved from /home/airflow/.local/lib/python3.12/site-packages/airflow/example_dags/example_nested_branch_dag.py
[2025-01-31T14:59:19.656+0000] {logging_mixin.py:190} INFO - [2025-01-31T14:59:19.655+0000] {dag.py:3239} INFO - Sync 1 DAGs
[2025-01-31T14:59:19.681+0000] {logging_mixin.py:190} INFO - [2025-01-31T14:59:19.681+0000] {dag.py:4180} INFO - Setting next_dagrun for example_nested_branch_dag to 2025-01-30 00:00:00+00:00, run_after=2025-01-31 00:00:00+00:00
[2025-01-31T14:59:19.697+0000] {processor.py:208} INFO - Processing /home/airflow/.local/lib/python3.12/site-packages/airflow/example_dags/example_nested_branch_dag.py took 0.078 seconds
[2025-01-31T14:59:50.360+0000] {processor.py:186} INFO - Started process (PID=4195) to work on /home/airflow/.local/lib/python3.12/site-packages/airflow/example_dags/example_nested_branch_dag.py
[2025-01-31T14:59:50.361+0000] {processor.py:914} INFO - Processing file /home/airflow/.local/lib/python3.12/site-packages/airflow/example_dags/example_nested_branch_dag.py for tasks to queue
[2025-01-31T14:59:50.362+0000] {logging_mixin.py:190} INFO - [2025-01-31T14:59:50.362+0000] {dagbag.py:588} INFO - Filling up the DagBag from /home/airflow/.local/lib/python3.12/site-packages/airflow/example_dags/example_nested_branch_dag.py
[2025-01-31T14:59:50.371+0000] {processor.py:925} INFO - DAG(s) 'example_nested_branch_dag' retrieved from /home/airflow/.local/lib/python3.12/site-packages/airflow/example_dags/example_nested_branch_dag.py
[2025-01-31T14:59:50.389+0000] {logging_mixin.py:190} INFO - [2025-01-31T14:59:50.389+0000] {dag.py:3239} INFO - Sync 1 DAGs
[2025-01-31T14:59:50.408+0000] {logging_mixin.py:190} INFO - [2025-01-31T14:59:50.407+0000] {dag.py:4180} INFO - Setting next_dagrun for example_nested_branch_dag to 2025-01-30 00:00:00+00:00, run_after=2025-01-31 00:00:00+00:00
[2025-01-31T14:59:50.420+0000] {processor.py:208} INFO - Processing /home/airflow/.local/lib/python3.12/site-packages/airflow/example_dags/example_nested_branch_dag.py took 0.065 seconds
[2025-01-31T15:00:21.394+0000] {processor.py:186} INFO - Started process (PID=4260) to work on /home/airflow/.local/lib/python3.12/site-packages/airflow/example_dags/example_nested_branch_dag.py
[2025-01-31T15:00:21.394+0000] {processor.py:914} INFO - Processing file /home/airflow/.local/lib/python3.12/site-packages/airflow/example_dags/example_nested_branch_dag.py for tasks to queue
[2025-01-31T15:00:21.396+0000] {logging_mixin.py:190} INFO - [2025-01-31T15:00:21.395+0000] {dagbag.py:588} INFO - Filling up the DagBag from /home/airflow/.local/lib/python3.12/site-packages/airflow/example_dags/example_nested_branch_dag.py
[2025-01-31T15:00:21.407+0000] {processor.py:925} INFO - DAG(s) 'example_nested_branch_dag' retrieved from /home/airflow/.local/lib/python3.12/site-packages/airflow/example_dags/example_nested_branch_dag.py
[2025-01-31T15:00:21.431+0000] {logging_mixin.py:190} INFO - [2025-01-31T15:00:21.431+0000] {dag.py:3239} INFO - Sync 1 DAGs
[2025-01-31T15:00:21.458+0000] {logging_mixin.py:190} INFO - [2025-01-31T15:00:21.458+0000] {dag.py:4180} INFO - Setting next_dagrun for example_nested_branch_dag to 2025-01-30 00:00:00+00:00, run_after=2025-01-31 00:00:00+00:00
[2025-01-31T15:00:21.475+0000] {processor.py:208} INFO - Processing /home/airflow/.local/lib/python3.12/site-packages/airflow/example_dags/example_nested_branch_dag.py took 0.086 seconds
[2025-01-31T15:00:52.580+0000] {processor.py:186} INFO - Started process (PID=4326) to work on /home/airflow/.local/lib/python3.12/site-packages/airflow/example_dags/example_nested_branch_dag.py
[2025-01-31T15:00:52.581+0000] {processor.py:914} INFO - Processing file /home/airflow/.local/lib/python3.12/site-packages/airflow/example_dags/example_nested_branch_dag.py for tasks to queue
[2025-01-31T15:00:52.583+0000] {logging_mixin.py:190} INFO - [2025-01-31T15:00:52.582+0000] {dagbag.py:588} INFO - Filling up the DagBag from /home/airflow/.local/lib/python3.12/site-packages/airflow/example_dags/example_nested_branch_dag.py
[2025-01-31T15:00:52.593+0000] {processor.py:925} INFO - DAG(s) 'example_nested_branch_dag' retrieved from /home/airflow/.local/lib/python3.12/site-packages/airflow/example_dags/example_nested_branch_dag.py
[2025-01-31T15:00:52.612+0000] {logging_mixin.py:190} INFO - [2025-01-31T15:00:52.612+0000] {dag.py:3239} INFO - Sync 1 DAGs
[2025-01-31T15:00:52.639+0000] {logging_mixin.py:190} INFO - [2025-01-31T15:00:52.639+0000] {dag.py:4180} INFO - Setting next_dagrun for example_nested_branch_dag to 2025-01-30 00:00:00+00:00, run_after=2025-01-31 00:00:00+00:00
[2025-01-31T15:00:52.656+0000] {processor.py:208} INFO - Processing /home/airflow/.local/lib/python3.12/site-packages/airflow/example_dags/example_nested_branch_dag.py took 0.081 seconds
[2025-01-31T15:01:23.522+0000] {processor.py:186} INFO - Started process (PID=4392) to work on /home/airflow/.local/lib/python3.12/site-packages/airflow/example_dags/example_nested_branch_dag.py
[2025-01-31T15:01:23.522+0000] {processor.py:914} INFO - Processing file /home/airflow/.local/lib/python3.12/site-packages/airflow/example_dags/example_nested_branch_dag.py for tasks to queue
[2025-01-31T15:01:23.524+0000] {logging_mixin.py:190} INFO - [2025-01-31T15:01:23.524+0000] {dagbag.py:588} INFO - Filling up the DagBag from /home/airflow/.local/lib/python3.12/site-packages/airflow/example_dags/example_nested_branch_dag.py
[2025-01-31T15:01:23.536+0000] {processor.py:925} INFO - DAG(s) 'example_nested_branch_dag' retrieved from /home/airflow/.local/lib/python3.12/site-packages/airflow/example_dags/example_nested_branch_dag.py
[2025-01-31T15:01:23.558+0000] {logging_mixin.py:190} INFO - [2025-01-31T15:01:23.557+0000] {dag.py:3239} INFO - Sync 1 DAGs
[2025-01-31T15:01:23.583+0000] {logging_mixin.py:190} INFO - [2025-01-31T15:01:23.582+0000] {dag.py:4180} INFO - Setting next_dagrun for example_nested_branch_dag to 2025-01-30 00:00:00+00:00, run_after=2025-01-31 00:00:00+00:00
[2025-01-31T15:01:23.598+0000] {processor.py:208} INFO - Processing /home/airflow/.local/lib/python3.12/site-packages/airflow/example_dags/example_nested_branch_dag.py took 0.081 seconds
