[2025-01-31T14:27:50.009+0000] {processor.py:186} INFO - Started process (PID=108) to work on /home/airflow/.local/lib/python3.12/site-packages/airflow/example_dags/example_branch_labels.py
[2025-01-31T14:27:50.010+0000] {processor.py:914} INFO - Processing file /home/airflow/.local/lib/python3.12/site-packages/airflow/example_dags/example_branch_labels.py for tasks to queue
[2025-01-31T14:27:50.012+0000] {logging_mixin.py:190} INFO - [2025-01-31T14:27:50.012+0000] {dagbag.py:588} INFO - Filling up the DagBag from /home/airflow/.local/lib/python3.12/site-packages/airflow/example_dags/example_branch_labels.py
[2025-01-31T14:27:50.027+0000] {processor.py:925} INFO - DAG(s) 'example_branch_labels' retrieved from /home/airflow/.local/lib/python3.12/site-packages/airflow/example_dags/example_branch_labels.py
[2025-01-31T14:27:50.169+0000] {logging_mixin.py:190} INFO - [2025-01-31T14:27:50.168+0000] {override.py:1911} INFO - Created Permission View: can delete on DAG:example_branch_labels
[2025-01-31T14:27:50.176+0000] {logging_mixin.py:190} INFO - [2025-01-31T14:27:50.176+0000] {override.py:1911} INFO - Created Permission View: can edit on DAG:example_branch_labels
[2025-01-31T14:27:50.184+0000] {logging_mixin.py:190} INFO - [2025-01-31T14:27:50.183+0000] {override.py:1911} INFO - Created Permission View: can read on DAG:example_branch_labels
[2025-01-31T14:27:50.191+0000] {logging_mixin.py:190} INFO - [2025-01-31T14:27:50.191+0000] {override.py:1911} INFO - Created Permission View: menu access on DAG Run:example_branch_labels
[2025-01-31T14:27:50.198+0000] {logging_mixin.py:190} INFO - [2025-01-31T14:27:50.198+0000] {override.py:1911} INFO - Created Permission View: can create on DAG Run:example_branch_labels
[2025-01-31T14:27:50.203+0000] {logging_mixin.py:190} INFO - [2025-01-31T14:27:50.203+0000] {override.py:1911} INFO - Created Permission View: can delete on DAG Run:example_branch_labels
[2025-01-31T14:27:50.209+0000] {logging_mixin.py:190} INFO - [2025-01-31T14:27:50.209+0000] {override.py:1911} INFO - Created Permission View: can read on DAG Run:example_branch_labels
[2025-01-31T14:27:50.209+0000] {logging_mixin.py:190} INFO - [2025-01-31T14:27:50.209+0000] {dag.py:3239} INFO - Sync 1 DAGs
[2025-01-31T14:27:50.223+0000] {logging_mixin.py:190} INFO - [2025-01-31T14:27:50.223+0000] {dag.py:3262} INFO - Creating ORM DAG for example_branch_labels
[2025-01-31T14:27:50.235+0000] {logging_mixin.py:190} INFO - [2025-01-31T14:27:50.235+0000] {dag.py:4180} INFO - Setting next_dagrun for example_branch_labels to 2025-01-30 00:00:00+00:00, run_after=2025-01-31 00:00:00+00:00
[2025-01-31T14:27:50.248+0000] {processor.py:208} INFO - Processing /home/airflow/.local/lib/python3.12/site-packages/airflow/example_dags/example_branch_labels.py took 0.250 seconds
[2025-01-31T14:28:20.849+0000] {processor.py:186} INFO - Started process (PID=173) to work on /home/airflow/.local/lib/python3.12/site-packages/airflow/example_dags/example_branch_labels.py
[2025-01-31T14:28:20.849+0000] {processor.py:914} INFO - Processing file /home/airflow/.local/lib/python3.12/site-packages/airflow/example_dags/example_branch_labels.py for tasks to queue
[2025-01-31T14:28:20.851+0000] {logging_mixin.py:190} INFO - [2025-01-31T14:28:20.851+0000] {dagbag.py:588} INFO - Filling up the DagBag from /home/airflow/.local/lib/python3.12/site-packages/airflow/example_dags/example_branch_labels.py
[2025-01-31T14:28:20.859+0000] {processor.py:925} INFO - DAG(s) 'example_branch_labels' retrieved from /home/airflow/.local/lib/python3.12/site-packages/airflow/example_dags/example_branch_labels.py
[2025-01-31T14:28:20.879+0000] {logging_mixin.py:190} INFO - [2025-01-31T14:28:20.879+0000] {dag.py:3239} INFO - Sync 1 DAGs
[2025-01-31T14:28:20.903+0000] {logging_mixin.py:190} INFO - [2025-01-31T14:28:20.903+0000] {dag.py:4180} INFO - Setting next_dagrun for example_branch_labels to 2025-01-30 00:00:00+00:00, run_after=2025-01-31 00:00:00+00:00
[2025-01-31T14:28:20.918+0000] {processor.py:208} INFO - Processing /home/airflow/.local/lib/python3.12/site-packages/airflow/example_dags/example_branch_labels.py took 0.074 seconds
[2025-01-31T14:28:50.982+0000] {processor.py:186} INFO - Started process (PID=237) to work on /home/airflow/.local/lib/python3.12/site-packages/airflow/example_dags/example_branch_labels.py
[2025-01-31T14:28:50.982+0000] {processor.py:914} INFO - Processing file /home/airflow/.local/lib/python3.12/site-packages/airflow/example_dags/example_branch_labels.py for tasks to queue
[2025-01-31T14:28:50.984+0000] {logging_mixin.py:190} INFO - [2025-01-31T14:28:50.984+0000] {dagbag.py:588} INFO - Filling up the DagBag from /home/airflow/.local/lib/python3.12/site-packages/airflow/example_dags/example_branch_labels.py
[2025-01-31T14:28:50.991+0000] {processor.py:925} INFO - DAG(s) 'example_branch_labels' retrieved from /home/airflow/.local/lib/python3.12/site-packages/airflow/example_dags/example_branch_labels.py
[2025-01-31T14:28:51.006+0000] {logging_mixin.py:190} INFO - [2025-01-31T14:28:51.006+0000] {dag.py:3239} INFO - Sync 1 DAGs
[2025-01-31T14:28:51.024+0000] {logging_mixin.py:190} INFO - [2025-01-31T14:28:51.024+0000] {dag.py:4180} INFO - Setting next_dagrun for example_branch_labels to 2025-01-30 00:00:00+00:00, run_after=2025-01-31 00:00:00+00:00
[2025-01-31T14:28:51.037+0000] {processor.py:208} INFO - Processing /home/airflow/.local/lib/python3.12/site-packages/airflow/example_dags/example_branch_labels.py took 0.059 seconds
[2025-01-31T14:29:21.534+0000] {processor.py:186} INFO - Started process (PID=303) to work on /home/airflow/.local/lib/python3.12/site-packages/airflow/example_dags/example_branch_labels.py
[2025-01-31T14:29:21.534+0000] {processor.py:914} INFO - Processing file /home/airflow/.local/lib/python3.12/site-packages/airflow/example_dags/example_branch_labels.py for tasks to queue
[2025-01-31T14:29:21.536+0000] {logging_mixin.py:190} INFO - [2025-01-31T14:29:21.536+0000] {dagbag.py:588} INFO - Filling up the DagBag from /home/airflow/.local/lib/python3.12/site-packages/airflow/example_dags/example_branch_labels.py
[2025-01-31T14:29:21.543+0000] {processor.py:925} INFO - DAG(s) 'example_branch_labels' retrieved from /home/airflow/.local/lib/python3.12/site-packages/airflow/example_dags/example_branch_labels.py
[2025-01-31T14:29:21.565+0000] {logging_mixin.py:190} INFO - [2025-01-31T14:29:21.565+0000] {dag.py:3239} INFO - Sync 1 DAGs
[2025-01-31T14:29:21.592+0000] {logging_mixin.py:190} INFO - [2025-01-31T14:29:21.591+0000] {dag.py:4180} INFO - Setting next_dagrun for example_branch_labels to 2025-01-30 00:00:00+00:00, run_after=2025-01-31 00:00:00+00:00
[2025-01-31T14:29:21.608+0000] {processor.py:208} INFO - Processing /home/airflow/.local/lib/python3.12/site-packages/airflow/example_dags/example_branch_labels.py took 0.078 seconds
[2025-01-31T14:29:52.368+0000] {processor.py:186} INFO - Started process (PID=368) to work on /home/airflow/.local/lib/python3.12/site-packages/airflow/example_dags/example_branch_labels.py
[2025-01-31T14:29:52.369+0000] {processor.py:914} INFO - Processing file /home/airflow/.local/lib/python3.12/site-packages/airflow/example_dags/example_branch_labels.py for tasks to queue
[2025-01-31T14:29:52.371+0000] {logging_mixin.py:190} INFO - [2025-01-31T14:29:52.370+0000] {dagbag.py:588} INFO - Filling up the DagBag from /home/airflow/.local/lib/python3.12/site-packages/airflow/example_dags/example_branch_labels.py
[2025-01-31T14:29:52.380+0000] {processor.py:925} INFO - DAG(s) 'example_branch_labels' retrieved from /home/airflow/.local/lib/python3.12/site-packages/airflow/example_dags/example_branch_labels.py
[2025-01-31T14:29:52.400+0000] {logging_mixin.py:190} INFO - [2025-01-31T14:29:52.400+0000] {dag.py:3239} INFO - Sync 1 DAGs
[2025-01-31T14:29:52.426+0000] {logging_mixin.py:190} INFO - [2025-01-31T14:29:52.426+0000] {dag.py:4180} INFO - Setting next_dagrun for example_branch_labels to 2025-01-30 00:00:00+00:00, run_after=2025-01-31 00:00:00+00:00
[2025-01-31T14:29:52.441+0000] {processor.py:208} INFO - Processing /home/airflow/.local/lib/python3.12/site-packages/airflow/example_dags/example_branch_labels.py took 0.079 seconds
[2025-01-31T14:30:23.249+0000] {processor.py:186} INFO - Started process (PID=433) to work on /home/airflow/.local/lib/python3.12/site-packages/airflow/example_dags/example_branch_labels.py
[2025-01-31T14:30:23.249+0000] {processor.py:914} INFO - Processing file /home/airflow/.local/lib/python3.12/site-packages/airflow/example_dags/example_branch_labels.py for tasks to queue
[2025-01-31T14:30:23.251+0000] {logging_mixin.py:190} INFO - [2025-01-31T14:30:23.251+0000] {dagbag.py:588} INFO - Filling up the DagBag from /home/airflow/.local/lib/python3.12/site-packages/airflow/example_dags/example_branch_labels.py
[2025-01-31T14:30:23.258+0000] {processor.py:925} INFO - DAG(s) 'example_branch_labels' retrieved from /home/airflow/.local/lib/python3.12/site-packages/airflow/example_dags/example_branch_labels.py
[2025-01-31T14:30:23.274+0000] {logging_mixin.py:190} INFO - [2025-01-31T14:30:23.274+0000] {dag.py:3239} INFO - Sync 1 DAGs
[2025-01-31T14:30:23.292+0000] {logging_mixin.py:190} INFO - [2025-01-31T14:30:23.292+0000] {dag.py:4180} INFO - Setting next_dagrun for example_branch_labels to 2025-01-30 00:00:00+00:00, run_after=2025-01-31 00:00:00+00:00
[2025-01-31T14:30:23.304+0000] {processor.py:208} INFO - Processing /home/airflow/.local/lib/python3.12/site-packages/airflow/example_dags/example_branch_labels.py took 0.060 seconds
[2025-01-31T14:30:54.184+0000] {processor.py:186} INFO - Started process (PID=498) to work on /home/airflow/.local/lib/python3.12/site-packages/airflow/example_dags/example_branch_labels.py
[2025-01-31T14:30:54.185+0000] {processor.py:914} INFO - Processing file /home/airflow/.local/lib/python3.12/site-packages/airflow/example_dags/example_branch_labels.py for tasks to queue
[2025-01-31T14:30:54.187+0000] {logging_mixin.py:190} INFO - [2025-01-31T14:30:54.186+0000] {dagbag.py:588} INFO - Filling up the DagBag from /home/airflow/.local/lib/python3.12/site-packages/airflow/example_dags/example_branch_labels.py
[2025-01-31T14:30:54.198+0000] {processor.py:925} INFO - DAG(s) 'example_branch_labels' retrieved from /home/airflow/.local/lib/python3.12/site-packages/airflow/example_dags/example_branch_labels.py
[2025-01-31T14:30:54.222+0000] {logging_mixin.py:190} INFO - [2025-01-31T14:30:54.221+0000] {dag.py:3239} INFO - Sync 1 DAGs
[2025-01-31T14:30:54.249+0000] {logging_mixin.py:190} INFO - [2025-01-31T14:30:54.248+0000] {dag.py:4180} INFO - Setting next_dagrun for example_branch_labels to 2025-01-30 00:00:00+00:00, run_after=2025-01-31 00:00:00+00:00
[2025-01-31T14:30:54.266+0000] {processor.py:208} INFO - Processing /home/airflow/.local/lib/python3.12/site-packages/airflow/example_dags/example_branch_labels.py took 0.088 seconds
[2025-01-31T14:31:24.706+0000] {processor.py:186} INFO - Started process (PID=562) to work on /home/airflow/.local/lib/python3.12/site-packages/airflow/example_dags/example_branch_labels.py
[2025-01-31T14:31:24.707+0000] {processor.py:914} INFO - Processing file /home/airflow/.local/lib/python3.12/site-packages/airflow/example_dags/example_branch_labels.py for tasks to queue
[2025-01-31T14:31:24.709+0000] {logging_mixin.py:190} INFO - [2025-01-31T14:31:24.709+0000] {dagbag.py:588} INFO - Filling up the DagBag from /home/airflow/.local/lib/python3.12/site-packages/airflow/example_dags/example_branch_labels.py
[2025-01-31T14:31:24.718+0000] {processor.py:925} INFO - DAG(s) 'example_branch_labels' retrieved from /home/airflow/.local/lib/python3.12/site-packages/airflow/example_dags/example_branch_labels.py
[2025-01-31T14:31:24.738+0000] {logging_mixin.py:190} INFO - [2025-01-31T14:31:24.738+0000] {dag.py:3239} INFO - Sync 1 DAGs
[2025-01-31T14:31:24.757+0000] {logging_mixin.py:190} INFO - [2025-01-31T14:31:24.757+0000] {dag.py:4180} INFO - Setting next_dagrun for example_branch_labels to 2025-01-30 00:00:00+00:00, run_after=2025-01-31 00:00:00+00:00
[2025-01-31T14:31:24.770+0000] {processor.py:208} INFO - Processing /home/airflow/.local/lib/python3.12/site-packages/airflow/example_dags/example_branch_labels.py took 0.070 seconds
[2025-01-31T14:31:55.555+0000] {processor.py:186} INFO - Started process (PID=628) to work on /home/airflow/.local/lib/python3.12/site-packages/airflow/example_dags/example_branch_labels.py
[2025-01-31T14:31:55.555+0000] {processor.py:914} INFO - Processing file /home/airflow/.local/lib/python3.12/site-packages/airflow/example_dags/example_branch_labels.py for tasks to queue
[2025-01-31T14:31:55.557+0000] {logging_mixin.py:190} INFO - [2025-01-31T14:31:55.557+0000] {dagbag.py:588} INFO - Filling up the DagBag from /home/airflow/.local/lib/python3.12/site-packages/airflow/example_dags/example_branch_labels.py
[2025-01-31T14:31:55.564+0000] {processor.py:925} INFO - DAG(s) 'example_branch_labels' retrieved from /home/airflow/.local/lib/python3.12/site-packages/airflow/example_dags/example_branch_labels.py
[2025-01-31T14:31:55.579+0000] {logging_mixin.py:190} INFO - [2025-01-31T14:31:55.579+0000] {dag.py:3239} INFO - Sync 1 DAGs
[2025-01-31T14:31:55.596+0000] {logging_mixin.py:190} INFO - [2025-01-31T14:31:55.596+0000] {dag.py:4180} INFO - Setting next_dagrun for example_branch_labels to 2025-01-30 00:00:00+00:00, run_after=2025-01-31 00:00:00+00:00
[2025-01-31T14:31:55.608+0000] {processor.py:208} INFO - Processing /home/airflow/.local/lib/python3.12/site-packages/airflow/example_dags/example_branch_labels.py took 0.058 seconds
[2025-01-31T14:32:26.758+0000] {processor.py:186} INFO - Started process (PID=692) to work on /home/airflow/.local/lib/python3.12/site-packages/airflow/example_dags/example_branch_labels.py
[2025-01-31T14:32:26.759+0000] {processor.py:914} INFO - Processing file /home/airflow/.local/lib/python3.12/site-packages/airflow/example_dags/example_branch_labels.py for tasks to queue
[2025-01-31T14:32:26.761+0000] {logging_mixin.py:190} INFO - [2025-01-31T14:32:26.760+0000] {dagbag.py:588} INFO - Filling up the DagBag from /home/airflow/.local/lib/python3.12/site-packages/airflow/example_dags/example_branch_labels.py
[2025-01-31T14:32:26.769+0000] {processor.py:925} INFO - DAG(s) 'example_branch_labels' retrieved from /home/airflow/.local/lib/python3.12/site-packages/airflow/example_dags/example_branch_labels.py
[2025-01-31T14:32:26.791+0000] {logging_mixin.py:190} INFO - [2025-01-31T14:32:26.791+0000] {dag.py:3239} INFO - Sync 1 DAGs
[2025-01-31T14:32:26.820+0000] {logging_mixin.py:190} INFO - [2025-01-31T14:32:26.820+0000] {dag.py:4180} INFO - Setting next_dagrun for example_branch_labels to 2025-01-30 00:00:00+00:00, run_after=2025-01-31 00:00:00+00:00
[2025-01-31T14:32:26.837+0000] {processor.py:208} INFO - Processing /home/airflow/.local/lib/python3.12/site-packages/airflow/example_dags/example_branch_labels.py took 0.085 seconds
[2025-01-31T14:32:57.579+0000] {processor.py:186} INFO - Started process (PID=758) to work on /home/airflow/.local/lib/python3.12/site-packages/airflow/example_dags/example_branch_labels.py
[2025-01-31T14:32:57.579+0000] {processor.py:914} INFO - Processing file /home/airflow/.local/lib/python3.12/site-packages/airflow/example_dags/example_branch_labels.py for tasks to queue
[2025-01-31T14:32:57.581+0000] {logging_mixin.py:190} INFO - [2025-01-31T14:32:57.581+0000] {dagbag.py:588} INFO - Filling up the DagBag from /home/airflow/.local/lib/python3.12/site-packages/airflow/example_dags/example_branch_labels.py
[2025-01-31T14:32:57.589+0000] {processor.py:925} INFO - DAG(s) 'example_branch_labels' retrieved from /home/airflow/.local/lib/python3.12/site-packages/airflow/example_dags/example_branch_labels.py
[2025-01-31T14:32:57.606+0000] {logging_mixin.py:190} INFO - [2025-01-31T14:32:57.606+0000] {dag.py:3239} INFO - Sync 1 DAGs
[2025-01-31T14:32:57.627+0000] {logging_mixin.py:190} INFO - [2025-01-31T14:32:57.626+0000] {dag.py:4180} INFO - Setting next_dagrun for example_branch_labels to 2025-01-30 00:00:00+00:00, run_after=2025-01-31 00:00:00+00:00
[2025-01-31T14:32:57.643+0000] {processor.py:208} INFO - Processing /home/airflow/.local/lib/python3.12/site-packages/airflow/example_dags/example_branch_labels.py took 0.069 seconds
[2025-01-31T14:33:28.386+0000] {processor.py:186} INFO - Started process (PID=824) to work on /home/airflow/.local/lib/python3.12/site-packages/airflow/example_dags/example_branch_labels.py
[2025-01-31T14:33:28.386+0000] {processor.py:914} INFO - Processing file /home/airflow/.local/lib/python3.12/site-packages/airflow/example_dags/example_branch_labels.py for tasks to queue
[2025-01-31T14:33:28.388+0000] {logging_mixin.py:190} INFO - [2025-01-31T14:33:28.388+0000] {dagbag.py:588} INFO - Filling up the DagBag from /home/airflow/.local/lib/python3.12/site-packages/airflow/example_dags/example_branch_labels.py
[2025-01-31T14:33:28.398+0000] {processor.py:925} INFO - DAG(s) 'example_branch_labels' retrieved from /home/airflow/.local/lib/python3.12/site-packages/airflow/example_dags/example_branch_labels.py
[2025-01-31T14:33:28.413+0000] {logging_mixin.py:190} INFO - [2025-01-31T14:33:28.412+0000] {dag.py:3239} INFO - Sync 1 DAGs
[2025-01-31T14:33:28.430+0000] {logging_mixin.py:190} INFO - [2025-01-31T14:33:28.430+0000] {dag.py:4180} INFO - Setting next_dagrun for example_branch_labels to 2025-01-30 00:00:00+00:00, run_after=2025-01-31 00:00:00+00:00
[2025-01-31T14:33:28.443+0000] {processor.py:208} INFO - Processing /home/airflow/.local/lib/python3.12/site-packages/airflow/example_dags/example_branch_labels.py took 0.062 seconds
[2025-01-31T14:34:00.051+0000] {processor.py:186} INFO - Started process (PID=889) to work on /home/airflow/.local/lib/python3.12/site-packages/airflow/example_dags/example_branch_labels.py
[2025-01-31T14:34:00.052+0000] {processor.py:914} INFO - Processing file /home/airflow/.local/lib/python3.12/site-packages/airflow/example_dags/example_branch_labels.py for tasks to queue
[2025-01-31T14:34:00.054+0000] {logging_mixin.py:190} INFO - [2025-01-31T14:34:00.053+0000] {dagbag.py:588} INFO - Filling up the DagBag from /home/airflow/.local/lib/python3.12/site-packages/airflow/example_dags/example_branch_labels.py
[2025-01-31T14:34:00.063+0000] {processor.py:925} INFO - DAG(s) 'example_branch_labels' retrieved from /home/airflow/.local/lib/python3.12/site-packages/airflow/example_dags/example_branch_labels.py
[2025-01-31T14:34:00.080+0000] {logging_mixin.py:190} INFO - [2025-01-31T14:34:00.080+0000] {dag.py:3239} INFO - Sync 1 DAGs
[2025-01-31T14:34:00.098+0000] {logging_mixin.py:190} INFO - [2025-01-31T14:34:00.098+0000] {dag.py:4180} INFO - Setting next_dagrun for example_branch_labels to 2025-01-30 00:00:00+00:00, run_after=2025-01-31 00:00:00+00:00
[2025-01-31T14:34:00.112+0000] {processor.py:208} INFO - Processing /home/airflow/.local/lib/python3.12/site-packages/airflow/example_dags/example_branch_labels.py took 0.067 seconds
[2025-01-31T14:34:30.848+0000] {processor.py:186} INFO - Started process (PID=954) to work on /home/airflow/.local/lib/python3.12/site-packages/airflow/example_dags/example_branch_labels.py
[2025-01-31T14:34:30.849+0000] {processor.py:914} INFO - Processing file /home/airflow/.local/lib/python3.12/site-packages/airflow/example_dags/example_branch_labels.py for tasks to queue
[2025-01-31T14:34:30.851+0000] {logging_mixin.py:190} INFO - [2025-01-31T14:34:30.850+0000] {dagbag.py:588} INFO - Filling up the DagBag from /home/airflow/.local/lib/python3.12/site-packages/airflow/example_dags/example_branch_labels.py
[2025-01-31T14:34:30.860+0000] {processor.py:925} INFO - DAG(s) 'example_branch_labels' retrieved from /home/airflow/.local/lib/python3.12/site-packages/airflow/example_dags/example_branch_labels.py
[2025-01-31T14:34:30.876+0000] {logging_mixin.py:190} INFO - [2025-01-31T14:34:30.876+0000] {dag.py:3239} INFO - Sync 1 DAGs
[2025-01-31T14:34:30.900+0000] {logging_mixin.py:190} INFO - [2025-01-31T14:34:30.899+0000] {dag.py:4180} INFO - Setting next_dagrun for example_branch_labels to 2025-01-30 00:00:00+00:00, run_after=2025-01-31 00:00:00+00:00
[2025-01-31T14:34:30.913+0000] {processor.py:208} INFO - Processing /home/airflow/.local/lib/python3.12/site-packages/airflow/example_dags/example_branch_labels.py took 0.070 seconds
[2025-01-31T14:35:01.867+0000] {processor.py:186} INFO - Started process (PID=1020) to work on /home/airflow/.local/lib/python3.12/site-packages/airflow/example_dags/example_branch_labels.py
[2025-01-31T14:35:01.868+0000] {processor.py:914} INFO - Processing file /home/airflow/.local/lib/python3.12/site-packages/airflow/example_dags/example_branch_labels.py for tasks to queue
[2025-01-31T14:35:01.870+0000] {logging_mixin.py:190} INFO - [2025-01-31T14:35:01.870+0000] {dagbag.py:588} INFO - Filling up the DagBag from /home/airflow/.local/lib/python3.12/site-packages/airflow/example_dags/example_branch_labels.py
[2025-01-31T14:35:01.879+0000] {processor.py:925} INFO - DAG(s) 'example_branch_labels' retrieved from /home/airflow/.local/lib/python3.12/site-packages/airflow/example_dags/example_branch_labels.py
[2025-01-31T14:35:01.899+0000] {logging_mixin.py:190} INFO - [2025-01-31T14:35:01.899+0000] {dag.py:3239} INFO - Sync 1 DAGs
[2025-01-31T14:35:01.921+0000] {logging_mixin.py:190} INFO - [2025-01-31T14:35:01.921+0000] {dag.py:4180} INFO - Setting next_dagrun for example_branch_labels to 2025-01-30 00:00:00+00:00, run_after=2025-01-31 00:00:00+00:00
[2025-01-31T14:35:01.934+0000] {processor.py:208} INFO - Processing /home/airflow/.local/lib/python3.12/site-packages/airflow/example_dags/example_branch_labels.py took 0.072 seconds
[2025-01-31T14:35:32.394+0000] {processor.py:186} INFO - Started process (PID=1085) to work on /home/airflow/.local/lib/python3.12/site-packages/airflow/example_dags/example_branch_labels.py
[2025-01-31T14:35:32.394+0000] {processor.py:914} INFO - Processing file /home/airflow/.local/lib/python3.12/site-packages/airflow/example_dags/example_branch_labels.py for tasks to queue
[2025-01-31T14:35:32.396+0000] {logging_mixin.py:190} INFO - [2025-01-31T14:35:32.396+0000] {dagbag.py:588} INFO - Filling up the DagBag from /home/airflow/.local/lib/python3.12/site-packages/airflow/example_dags/example_branch_labels.py
[2025-01-31T14:35:32.404+0000] {processor.py:925} INFO - DAG(s) 'example_branch_labels' retrieved from /home/airflow/.local/lib/python3.12/site-packages/airflow/example_dags/example_branch_labels.py
[2025-01-31T14:35:32.420+0000] {logging_mixin.py:190} INFO - [2025-01-31T14:35:32.420+0000] {dag.py:3239} INFO - Sync 1 DAGs
[2025-01-31T14:35:32.440+0000] {logging_mixin.py:190} INFO - [2025-01-31T14:35:32.440+0000] {dag.py:4180} INFO - Setting next_dagrun for example_branch_labels to 2025-01-30 00:00:00+00:00, run_after=2025-01-31 00:00:00+00:00
[2025-01-31T14:35:32.454+0000] {processor.py:208} INFO - Processing /home/airflow/.local/lib/python3.12/site-packages/airflow/example_dags/example_branch_labels.py took 0.065 seconds
[2025-01-31T14:36:03.782+0000] {processor.py:186} INFO - Started process (PID=1150) to work on /home/airflow/.local/lib/python3.12/site-packages/airflow/example_dags/example_branch_labels.py
[2025-01-31T14:36:03.782+0000] {processor.py:914} INFO - Processing file /home/airflow/.local/lib/python3.12/site-packages/airflow/example_dags/example_branch_labels.py for tasks to queue
[2025-01-31T14:36:03.784+0000] {logging_mixin.py:190} INFO - [2025-01-31T14:36:03.784+0000] {dagbag.py:588} INFO - Filling up the DagBag from /home/airflow/.local/lib/python3.12/site-packages/airflow/example_dags/example_branch_labels.py
[2025-01-31T14:36:03.792+0000] {processor.py:925} INFO - DAG(s) 'example_branch_labels' retrieved from /home/airflow/.local/lib/python3.12/site-packages/airflow/example_dags/example_branch_labels.py
[2025-01-31T14:36:03.808+0000] {logging_mixin.py:190} INFO - [2025-01-31T14:36:03.807+0000] {dag.py:3239} INFO - Sync 1 DAGs
[2025-01-31T14:36:03.828+0000] {logging_mixin.py:190} INFO - [2025-01-31T14:36:03.828+0000] {dag.py:4180} INFO - Setting next_dagrun for example_branch_labels to 2025-01-30 00:00:00+00:00, run_after=2025-01-31 00:00:00+00:00
[2025-01-31T14:36:03.842+0000] {processor.py:208} INFO - Processing /home/airflow/.local/lib/python3.12/site-packages/airflow/example_dags/example_branch_labels.py took 0.065 seconds
[2025-01-31T14:36:35.077+0000] {processor.py:186} INFO - Started process (PID=1216) to work on /home/airflow/.local/lib/python3.12/site-packages/airflow/example_dags/example_branch_labels.py
[2025-01-31T14:36:35.077+0000] {processor.py:914} INFO - Processing file /home/airflow/.local/lib/python3.12/site-packages/airflow/example_dags/example_branch_labels.py for tasks to queue
[2025-01-31T14:36:35.079+0000] {logging_mixin.py:190} INFO - [2025-01-31T14:36:35.078+0000] {dagbag.py:588} INFO - Filling up the DagBag from /home/airflow/.local/lib/python3.12/site-packages/airflow/example_dags/example_branch_labels.py
[2025-01-31T14:36:35.086+0000] {processor.py:925} INFO - DAG(s) 'example_branch_labels' retrieved from /home/airflow/.local/lib/python3.12/site-packages/airflow/example_dags/example_branch_labels.py
[2025-01-31T14:36:35.101+0000] {logging_mixin.py:190} INFO - [2025-01-31T14:36:35.100+0000] {dag.py:3239} INFO - Sync 1 DAGs
[2025-01-31T14:36:35.118+0000] {logging_mixin.py:190} INFO - [2025-01-31T14:36:35.118+0000] {dag.py:4180} INFO - Setting next_dagrun for example_branch_labels to 2025-01-30 00:00:00+00:00, run_after=2025-01-31 00:00:00+00:00
[2025-01-31T14:36:35.130+0000] {processor.py:208} INFO - Processing /home/airflow/.local/lib/python3.12/site-packages/airflow/example_dags/example_branch_labels.py took 0.058 seconds
[2025-01-31T14:37:06.389+0000] {processor.py:186} INFO - Started process (PID=1281) to work on /home/airflow/.local/lib/python3.12/site-packages/airflow/example_dags/example_branch_labels.py
[2025-01-31T14:37:06.390+0000] {processor.py:914} INFO - Processing file /home/airflow/.local/lib/python3.12/site-packages/airflow/example_dags/example_branch_labels.py for tasks to queue
[2025-01-31T14:37:06.391+0000] {logging_mixin.py:190} INFO - [2025-01-31T14:37:06.391+0000] {dagbag.py:588} INFO - Filling up the DagBag from /home/airflow/.local/lib/python3.12/site-packages/airflow/example_dags/example_branch_labels.py
[2025-01-31T14:37:06.400+0000] {processor.py:925} INFO - DAG(s) 'example_branch_labels' retrieved from /home/airflow/.local/lib/python3.12/site-packages/airflow/example_dags/example_branch_labels.py
[2025-01-31T14:37:06.417+0000] {logging_mixin.py:190} INFO - [2025-01-31T14:37:06.417+0000] {dag.py:3239} INFO - Sync 1 DAGs
[2025-01-31T14:37:06.437+0000] {logging_mixin.py:190} INFO - [2025-01-31T14:37:06.437+0000] {dag.py:4180} INFO - Setting next_dagrun for example_branch_labels to 2025-01-30 00:00:00+00:00, run_after=2025-01-31 00:00:00+00:00
[2025-01-31T14:37:06.449+0000] {processor.py:208} INFO - Processing /home/airflow/.local/lib/python3.12/site-packages/airflow/example_dags/example_branch_labels.py took 0.064 seconds
[2025-01-31T14:37:37.941+0000] {processor.py:186} INFO - Started process (PID=1346) to work on /home/airflow/.local/lib/python3.12/site-packages/airflow/example_dags/example_branch_labels.py
[2025-01-31T14:37:37.942+0000] {processor.py:914} INFO - Processing file /home/airflow/.local/lib/python3.12/site-packages/airflow/example_dags/example_branch_labels.py for tasks to queue
[2025-01-31T14:37:37.944+0000] {logging_mixin.py:190} INFO - [2025-01-31T14:37:37.943+0000] {dagbag.py:588} INFO - Filling up the DagBag from /home/airflow/.local/lib/python3.12/site-packages/airflow/example_dags/example_branch_labels.py
[2025-01-31T14:37:37.951+0000] {processor.py:925} INFO - DAG(s) 'example_branch_labels' retrieved from /home/airflow/.local/lib/python3.12/site-packages/airflow/example_dags/example_branch_labels.py
[2025-01-31T14:37:37.966+0000] {logging_mixin.py:190} INFO - [2025-01-31T14:37:37.966+0000] {dag.py:3239} INFO - Sync 1 DAGs
[2025-01-31T14:37:37.985+0000] {logging_mixin.py:190} INFO - [2025-01-31T14:37:37.985+0000] {dag.py:4180} INFO - Setting next_dagrun for example_branch_labels to 2025-01-30 00:00:00+00:00, run_after=2025-01-31 00:00:00+00:00
[2025-01-31T14:37:37.999+0000] {processor.py:208} INFO - Processing /home/airflow/.local/lib/python3.12/site-packages/airflow/example_dags/example_branch_labels.py took 0.062 seconds
[2025-01-31T14:38:08.983+0000] {processor.py:186} INFO - Started process (PID=1411) to work on /home/airflow/.local/lib/python3.12/site-packages/airflow/example_dags/example_branch_labels.py
[2025-01-31T14:38:08.984+0000] {processor.py:914} INFO - Processing file /home/airflow/.local/lib/python3.12/site-packages/airflow/example_dags/example_branch_labels.py for tasks to queue
[2025-01-31T14:38:08.985+0000] {logging_mixin.py:190} INFO - [2025-01-31T14:38:08.985+0000] {dagbag.py:588} INFO - Filling up the DagBag from /home/airflow/.local/lib/python3.12/site-packages/airflow/example_dags/example_branch_labels.py
[2025-01-31T14:38:08.993+0000] {processor.py:925} INFO - DAG(s) 'example_branch_labels' retrieved from /home/airflow/.local/lib/python3.12/site-packages/airflow/example_dags/example_branch_labels.py
[2025-01-31T14:38:09.008+0000] {logging_mixin.py:190} INFO - [2025-01-31T14:38:09.008+0000] {dag.py:3239} INFO - Sync 1 DAGs
[2025-01-31T14:38:09.028+0000] {logging_mixin.py:190} INFO - [2025-01-31T14:38:09.028+0000] {dag.py:4180} INFO - Setting next_dagrun for example_branch_labels to 2025-01-30 00:00:00+00:00, run_after=2025-01-31 00:00:00+00:00
[2025-01-31T14:38:09.043+0000] {processor.py:208} INFO - Processing /home/airflow/.local/lib/python3.12/site-packages/airflow/example_dags/example_branch_labels.py took 0.065 seconds
[2025-01-31T14:38:40.119+0000] {processor.py:186} INFO - Started process (PID=1476) to work on /home/airflow/.local/lib/python3.12/site-packages/airflow/example_dags/example_branch_labels.py
[2025-01-31T14:38:40.120+0000] {processor.py:914} INFO - Processing file /home/airflow/.local/lib/python3.12/site-packages/airflow/example_dags/example_branch_labels.py for tasks to queue
[2025-01-31T14:38:40.122+0000] {logging_mixin.py:190} INFO - [2025-01-31T14:38:40.122+0000] {dagbag.py:588} INFO - Filling up the DagBag from /home/airflow/.local/lib/python3.12/site-packages/airflow/example_dags/example_branch_labels.py
[2025-01-31T14:38:40.131+0000] {processor.py:925} INFO - DAG(s) 'example_branch_labels' retrieved from /home/airflow/.local/lib/python3.12/site-packages/airflow/example_dags/example_branch_labels.py
[2025-01-31T14:38:40.151+0000] {logging_mixin.py:190} INFO - [2025-01-31T14:38:40.151+0000] {dag.py:3239} INFO - Sync 1 DAGs
[2025-01-31T14:38:40.174+0000] {logging_mixin.py:190} INFO - [2025-01-31T14:38:40.174+0000] {dag.py:4180} INFO - Setting next_dagrun for example_branch_labels to 2025-01-30 00:00:00+00:00, run_after=2025-01-31 00:00:00+00:00
[2025-01-31T14:38:40.186+0000] {processor.py:208} INFO - Processing /home/airflow/.local/lib/python3.12/site-packages/airflow/example_dags/example_branch_labels.py took 0.073 seconds
[2025-01-31T14:39:11.429+0000] {processor.py:186} INFO - Started process (PID=1548) to work on /home/airflow/.local/lib/python3.12/site-packages/airflow/example_dags/example_branch_labels.py
[2025-01-31T14:39:11.430+0000] {processor.py:914} INFO - Processing file /home/airflow/.local/lib/python3.12/site-packages/airflow/example_dags/example_branch_labels.py for tasks to queue
[2025-01-31T14:39:11.431+0000] {logging_mixin.py:190} INFO - [2025-01-31T14:39:11.431+0000] {dagbag.py:588} INFO - Filling up the DagBag from /home/airflow/.local/lib/python3.12/site-packages/airflow/example_dags/example_branch_labels.py
[2025-01-31T14:39:11.439+0000] {processor.py:925} INFO - DAG(s) 'example_branch_labels' retrieved from /home/airflow/.local/lib/python3.12/site-packages/airflow/example_dags/example_branch_labels.py
[2025-01-31T14:39:11.461+0000] {logging_mixin.py:190} INFO - [2025-01-31T14:39:11.461+0000] {dag.py:3239} INFO - Sync 1 DAGs
[2025-01-31T14:39:11.482+0000] {logging_mixin.py:190} INFO - [2025-01-31T14:39:11.482+0000] {dag.py:4180} INFO - Setting next_dagrun for example_branch_labels to 2025-01-30 00:00:00+00:00, run_after=2025-01-31 00:00:00+00:00
[2025-01-31T14:39:11.496+0000] {processor.py:208} INFO - Processing /home/airflow/.local/lib/python3.12/site-packages/airflow/example_dags/example_branch_labels.py took 0.072 seconds
[2025-01-31T14:39:42.804+0000] {processor.py:186} INFO - Started process (PID=1612) to work on /home/airflow/.local/lib/python3.12/site-packages/airflow/example_dags/example_branch_labels.py
[2025-01-31T14:39:42.805+0000] {processor.py:914} INFO - Processing file /home/airflow/.local/lib/python3.12/site-packages/airflow/example_dags/example_branch_labels.py for tasks to queue
[2025-01-31T14:39:42.807+0000] {logging_mixin.py:190} INFO - [2025-01-31T14:39:42.807+0000] {dagbag.py:588} INFO - Filling up the DagBag from /home/airflow/.local/lib/python3.12/site-packages/airflow/example_dags/example_branch_labels.py
[2025-01-31T14:39:42.815+0000] {processor.py:925} INFO - DAG(s) 'example_branch_labels' retrieved from /home/airflow/.local/lib/python3.12/site-packages/airflow/example_dags/example_branch_labels.py
[2025-01-31T14:39:42.833+0000] {logging_mixin.py:190} INFO - [2025-01-31T14:39:42.833+0000] {dag.py:3239} INFO - Sync 1 DAGs
[2025-01-31T14:39:42.855+0000] {logging_mixin.py:190} INFO - [2025-01-31T14:39:42.854+0000] {dag.py:4180} INFO - Setting next_dagrun for example_branch_labels to 2025-01-30 00:00:00+00:00, run_after=2025-01-31 00:00:00+00:00
[2025-01-31T14:39:42.868+0000] {processor.py:208} INFO - Processing /home/airflow/.local/lib/python3.12/site-packages/airflow/example_dags/example_branch_labels.py took 0.068 seconds
[2025-01-31T14:40:13.743+0000] {processor.py:186} INFO - Started process (PID=1677) to work on /home/airflow/.local/lib/python3.12/site-packages/airflow/example_dags/example_branch_labels.py
[2025-01-31T14:40:13.743+0000] {processor.py:914} INFO - Processing file /home/airflow/.local/lib/python3.12/site-packages/airflow/example_dags/example_branch_labels.py for tasks to queue
[2025-01-31T14:40:13.745+0000] {logging_mixin.py:190} INFO - [2025-01-31T14:40:13.745+0000] {dagbag.py:588} INFO - Filling up the DagBag from /home/airflow/.local/lib/python3.12/site-packages/airflow/example_dags/example_branch_labels.py
[2025-01-31T14:40:13.755+0000] {processor.py:925} INFO - DAG(s) 'example_branch_labels' retrieved from /home/airflow/.local/lib/python3.12/site-packages/airflow/example_dags/example_branch_labels.py
[2025-01-31T14:40:13.771+0000] {logging_mixin.py:190} INFO - [2025-01-31T14:40:13.770+0000] {dag.py:3239} INFO - Sync 1 DAGs
[2025-01-31T14:40:13.791+0000] {logging_mixin.py:190} INFO - [2025-01-31T14:40:13.791+0000] {dag.py:4180} INFO - Setting next_dagrun for example_branch_labels to 2025-01-30 00:00:00+00:00, run_after=2025-01-31 00:00:00+00:00
[2025-01-31T14:40:13.805+0000] {processor.py:208} INFO - Processing /home/airflow/.local/lib/python3.12/site-packages/airflow/example_dags/example_branch_labels.py took 0.068 seconds
[2025-01-31T14:40:44.839+0000] {processor.py:186} INFO - Started process (PID=1742) to work on /home/airflow/.local/lib/python3.12/site-packages/airflow/example_dags/example_branch_labels.py
[2025-01-31T14:40:44.840+0000] {processor.py:914} INFO - Processing file /home/airflow/.local/lib/python3.12/site-packages/airflow/example_dags/example_branch_labels.py for tasks to queue
[2025-01-31T14:40:44.841+0000] {logging_mixin.py:190} INFO - [2025-01-31T14:40:44.841+0000] {dagbag.py:588} INFO - Filling up the DagBag from /home/airflow/.local/lib/python3.12/site-packages/airflow/example_dags/example_branch_labels.py
[2025-01-31T14:40:44.849+0000] {processor.py:925} INFO - DAG(s) 'example_branch_labels' retrieved from /home/airflow/.local/lib/python3.12/site-packages/airflow/example_dags/example_branch_labels.py
[2025-01-31T14:40:44.864+0000] {logging_mixin.py:190} INFO - [2025-01-31T14:40:44.864+0000] {dag.py:3239} INFO - Sync 1 DAGs
[2025-01-31T14:40:44.882+0000] {logging_mixin.py:190} INFO - [2025-01-31T14:40:44.882+0000] {dag.py:4180} INFO - Setting next_dagrun for example_branch_labels to 2025-01-30 00:00:00+00:00, run_after=2025-01-31 00:00:00+00:00
[2025-01-31T14:40:44.894+0000] {processor.py:208} INFO - Processing /home/airflow/.local/lib/python3.12/site-packages/airflow/example_dags/example_branch_labels.py took 0.058 seconds
[2025-01-31T14:41:15.978+0000] {processor.py:186} INFO - Started process (PID=1807) to work on /home/airflow/.local/lib/python3.12/site-packages/airflow/example_dags/example_branch_labels.py
[2025-01-31T14:41:15.979+0000] {processor.py:914} INFO - Processing file /home/airflow/.local/lib/python3.12/site-packages/airflow/example_dags/example_branch_labels.py for tasks to queue
[2025-01-31T14:41:15.980+0000] {logging_mixin.py:190} INFO - [2025-01-31T14:41:15.980+0000] {dagbag.py:588} INFO - Filling up the DagBag from /home/airflow/.local/lib/python3.12/site-packages/airflow/example_dags/example_branch_labels.py
[2025-01-31T14:41:15.988+0000] {processor.py:925} INFO - DAG(s) 'example_branch_labels' retrieved from /home/airflow/.local/lib/python3.12/site-packages/airflow/example_dags/example_branch_labels.py
[2025-01-31T14:41:16.006+0000] {logging_mixin.py:190} INFO - [2025-01-31T14:41:16.006+0000] {dag.py:3239} INFO - Sync 1 DAGs
[2025-01-31T14:41:16.028+0000] {logging_mixin.py:190} INFO - [2025-01-31T14:41:16.028+0000] {dag.py:4180} INFO - Setting next_dagrun for example_branch_labels to 2025-01-30 00:00:00+00:00, run_after=2025-01-31 00:00:00+00:00
[2025-01-31T14:41:16.040+0000] {processor.py:208} INFO - Processing /home/airflow/.local/lib/python3.12/site-packages/airflow/example_dags/example_branch_labels.py took 0.067 seconds
[2025-01-31T14:41:47.343+0000] {processor.py:186} INFO - Started process (PID=1873) to work on /home/airflow/.local/lib/python3.12/site-packages/airflow/example_dags/example_branch_labels.py
[2025-01-31T14:41:47.343+0000] {processor.py:914} INFO - Processing file /home/airflow/.local/lib/python3.12/site-packages/airflow/example_dags/example_branch_labels.py for tasks to queue
[2025-01-31T14:41:47.345+0000] {logging_mixin.py:190} INFO - [2025-01-31T14:41:47.344+0000] {dagbag.py:588} INFO - Filling up the DagBag from /home/airflow/.local/lib/python3.12/site-packages/airflow/example_dags/example_branch_labels.py
[2025-01-31T14:41:47.353+0000] {processor.py:925} INFO - DAG(s) 'example_branch_labels' retrieved from /home/airflow/.local/lib/python3.12/site-packages/airflow/example_dags/example_branch_labels.py
[2025-01-31T14:41:47.370+0000] {logging_mixin.py:190} INFO - [2025-01-31T14:41:47.369+0000] {dag.py:3239} INFO - Sync 1 DAGs
[2025-01-31T14:41:47.390+0000] {logging_mixin.py:190} INFO - [2025-01-31T14:41:47.390+0000] {dag.py:4180} INFO - Setting next_dagrun for example_branch_labels to 2025-01-30 00:00:00+00:00, run_after=2025-01-31 00:00:00+00:00
[2025-01-31T14:41:47.410+0000] {processor.py:208} INFO - Processing /home/airflow/.local/lib/python3.12/site-packages/airflow/example_dags/example_branch_labels.py took 0.072 seconds
[2025-01-31T14:42:19.143+0000] {processor.py:186} INFO - Started process (PID=1938) to work on /home/airflow/.local/lib/python3.12/site-packages/airflow/example_dags/example_branch_labels.py
[2025-01-31T14:42:19.143+0000] {processor.py:914} INFO - Processing file /home/airflow/.local/lib/python3.12/site-packages/airflow/example_dags/example_branch_labels.py for tasks to queue
[2025-01-31T14:42:19.145+0000] {logging_mixin.py:190} INFO - [2025-01-31T14:42:19.145+0000] {dagbag.py:588} INFO - Filling up the DagBag from /home/airflow/.local/lib/python3.12/site-packages/airflow/example_dags/example_branch_labels.py
[2025-01-31T14:42:19.153+0000] {processor.py:925} INFO - DAG(s) 'example_branch_labels' retrieved from /home/airflow/.local/lib/python3.12/site-packages/airflow/example_dags/example_branch_labels.py
[2025-01-31T14:42:19.172+0000] {logging_mixin.py:190} INFO - [2025-01-31T14:42:19.171+0000] {dag.py:3239} INFO - Sync 1 DAGs
[2025-01-31T14:42:19.198+0000] {logging_mixin.py:190} INFO - [2025-01-31T14:42:19.198+0000] {dag.py:4180} INFO - Setting next_dagrun for example_branch_labels to 2025-01-30 00:00:00+00:00, run_after=2025-01-31 00:00:00+00:00
[2025-01-31T14:42:19.210+0000] {processor.py:208} INFO - Processing /home/airflow/.local/lib/python3.12/site-packages/airflow/example_dags/example_branch_labels.py took 0.073 seconds
[2025-01-31T14:42:50.197+0000] {processor.py:186} INFO - Started process (PID=2003) to work on /home/airflow/.local/lib/python3.12/site-packages/airflow/example_dags/example_branch_labels.py
[2025-01-31T14:42:50.198+0000] {processor.py:914} INFO - Processing file /home/airflow/.local/lib/python3.12/site-packages/airflow/example_dags/example_branch_labels.py for tasks to queue
[2025-01-31T14:42:50.199+0000] {logging_mixin.py:190} INFO - [2025-01-31T14:42:50.199+0000] {dagbag.py:588} INFO - Filling up the DagBag from /home/airflow/.local/lib/python3.12/site-packages/airflow/example_dags/example_branch_labels.py
[2025-01-31T14:42:50.209+0000] {processor.py:925} INFO - DAG(s) 'example_branch_labels' retrieved from /home/airflow/.local/lib/python3.12/site-packages/airflow/example_dags/example_branch_labels.py
[2025-01-31T14:42:50.230+0000] {logging_mixin.py:190} INFO - [2025-01-31T14:42:50.230+0000] {dag.py:3239} INFO - Sync 1 DAGs
[2025-01-31T14:42:50.257+0000] {logging_mixin.py:190} INFO - [2025-01-31T14:42:50.256+0000] {dag.py:4180} INFO - Setting next_dagrun for example_branch_labels to 2025-01-30 00:00:00+00:00, run_after=2025-01-31 00:00:00+00:00
[2025-01-31T14:42:50.272+0000] {processor.py:208} INFO - Processing /home/airflow/.local/lib/python3.12/site-packages/airflow/example_dags/example_branch_labels.py took 0.081 seconds
[2025-01-31T14:43:21.199+0000] {processor.py:186} INFO - Started process (PID=2068) to work on /home/airflow/.local/lib/python3.12/site-packages/airflow/example_dags/example_branch_labels.py
[2025-01-31T14:43:21.199+0000] {processor.py:914} INFO - Processing file /home/airflow/.local/lib/python3.12/site-packages/airflow/example_dags/example_branch_labels.py for tasks to queue
[2025-01-31T14:43:21.201+0000] {logging_mixin.py:190} INFO - [2025-01-31T14:43:21.200+0000] {dagbag.py:588} INFO - Filling up the DagBag from /home/airflow/.local/lib/python3.12/site-packages/airflow/example_dags/example_branch_labels.py
[2025-01-31T14:43:21.209+0000] {processor.py:925} INFO - DAG(s) 'example_branch_labels' retrieved from /home/airflow/.local/lib/python3.12/site-packages/airflow/example_dags/example_branch_labels.py
[2025-01-31T14:43:21.227+0000] {logging_mixin.py:190} INFO - [2025-01-31T14:43:21.227+0000] {dag.py:3239} INFO - Sync 1 DAGs
[2025-01-31T14:43:21.248+0000] {logging_mixin.py:190} INFO - [2025-01-31T14:43:21.248+0000] {dag.py:4180} INFO - Setting next_dagrun for example_branch_labels to 2025-01-30 00:00:00+00:00, run_after=2025-01-31 00:00:00+00:00
[2025-01-31T14:43:21.263+0000] {processor.py:208} INFO - Processing /home/airflow/.local/lib/python3.12/site-packages/airflow/example_dags/example_branch_labels.py took 0.069 seconds
[2025-01-31T14:43:51.881+0000] {processor.py:186} INFO - Started process (PID=2134) to work on /home/airflow/.local/lib/python3.12/site-packages/airflow/example_dags/example_branch_labels.py
[2025-01-31T14:43:51.882+0000] {processor.py:914} INFO - Processing file /home/airflow/.local/lib/python3.12/site-packages/airflow/example_dags/example_branch_labels.py for tasks to queue
[2025-01-31T14:43:51.883+0000] {logging_mixin.py:190} INFO - [2025-01-31T14:43:51.883+0000] {dagbag.py:588} INFO - Filling up the DagBag from /home/airflow/.local/lib/python3.12/site-packages/airflow/example_dags/example_branch_labels.py
[2025-01-31T14:43:51.890+0000] {processor.py:925} INFO - DAG(s) 'example_branch_labels' retrieved from /home/airflow/.local/lib/python3.12/site-packages/airflow/example_dags/example_branch_labels.py
[2025-01-31T14:43:51.909+0000] {logging_mixin.py:190} INFO - [2025-01-31T14:43:51.908+0000] {dag.py:3239} INFO - Sync 1 DAGs
[2025-01-31T14:43:51.929+0000] {logging_mixin.py:190} INFO - [2025-01-31T14:43:51.929+0000] {dag.py:4180} INFO - Setting next_dagrun for example_branch_labels to 2025-01-30 00:00:00+00:00, run_after=2025-01-31 00:00:00+00:00
[2025-01-31T14:43:51.942+0000] {processor.py:208} INFO - Processing /home/airflow/.local/lib/python3.12/site-packages/airflow/example_dags/example_branch_labels.py took 0.065 seconds
[2025-01-31T14:44:23.110+0000] {processor.py:186} INFO - Started process (PID=2199) to work on /home/airflow/.local/lib/python3.12/site-packages/airflow/example_dags/example_branch_labels.py
[2025-01-31T14:44:23.111+0000] {processor.py:914} INFO - Processing file /home/airflow/.local/lib/python3.12/site-packages/airflow/example_dags/example_branch_labels.py for tasks to queue
[2025-01-31T14:44:23.112+0000] {logging_mixin.py:190} INFO - [2025-01-31T14:44:23.112+0000] {dagbag.py:588} INFO - Filling up the DagBag from /home/airflow/.local/lib/python3.12/site-packages/airflow/example_dags/example_branch_labels.py
[2025-01-31T14:44:23.122+0000] {processor.py:925} INFO - DAG(s) 'example_branch_labels' retrieved from /home/airflow/.local/lib/python3.12/site-packages/airflow/example_dags/example_branch_labels.py
[2025-01-31T14:44:23.141+0000] {logging_mixin.py:190} INFO - [2025-01-31T14:44:23.141+0000] {dag.py:3239} INFO - Sync 1 DAGs
[2025-01-31T14:44:23.166+0000] {logging_mixin.py:190} INFO - [2025-01-31T14:44:23.166+0000] {dag.py:4180} INFO - Setting next_dagrun for example_branch_labels to 2025-01-30 00:00:00+00:00, run_after=2025-01-31 00:00:00+00:00
[2025-01-31T14:44:23.181+0000] {processor.py:208} INFO - Processing /home/airflow/.local/lib/python3.12/site-packages/airflow/example_dags/example_branch_labels.py took 0.077 seconds
[2025-01-31T14:44:54.569+0000] {processor.py:186} INFO - Started process (PID=2269) to work on /home/airflow/.local/lib/python3.12/site-packages/airflow/example_dags/example_branch_labels.py
[2025-01-31T14:44:54.570+0000] {processor.py:914} INFO - Processing file /home/airflow/.local/lib/python3.12/site-packages/airflow/example_dags/example_branch_labels.py for tasks to queue
[2025-01-31T14:44:54.571+0000] {logging_mixin.py:190} INFO - [2025-01-31T14:44:54.571+0000] {dagbag.py:588} INFO - Filling up the DagBag from /home/airflow/.local/lib/python3.12/site-packages/airflow/example_dags/example_branch_labels.py
[2025-01-31T14:44:54.579+0000] {processor.py:925} INFO - DAG(s) 'example_branch_labels' retrieved from /home/airflow/.local/lib/python3.12/site-packages/airflow/example_dags/example_branch_labels.py
[2025-01-31T14:44:54.595+0000] {logging_mixin.py:190} INFO - [2025-01-31T14:44:54.594+0000] {dag.py:3239} INFO - Sync 1 DAGs
[2025-01-31T14:44:54.613+0000] {logging_mixin.py:190} INFO - [2025-01-31T14:44:54.613+0000] {dag.py:4180} INFO - Setting next_dagrun for example_branch_labels to 2025-01-30 00:00:00+00:00, run_after=2025-01-31 00:00:00+00:00
[2025-01-31T14:44:54.626+0000] {processor.py:208} INFO - Processing /home/airflow/.local/lib/python3.12/site-packages/airflow/example_dags/example_branch_labels.py took 0.062 seconds
[2025-01-31T14:45:25.328+0000] {processor.py:186} INFO - Started process (PID=2334) to work on /home/airflow/.local/lib/python3.12/site-packages/airflow/example_dags/example_branch_labels.py
[2025-01-31T14:45:25.328+0000] {processor.py:914} INFO - Processing file /home/airflow/.local/lib/python3.12/site-packages/airflow/example_dags/example_branch_labels.py for tasks to queue
[2025-01-31T14:45:25.330+0000] {logging_mixin.py:190} INFO - [2025-01-31T14:45:25.329+0000] {dagbag.py:588} INFO - Filling up the DagBag from /home/airflow/.local/lib/python3.12/site-packages/airflow/example_dags/example_branch_labels.py
[2025-01-31T14:45:25.338+0000] {processor.py:925} INFO - DAG(s) 'example_branch_labels' retrieved from /home/airflow/.local/lib/python3.12/site-packages/airflow/example_dags/example_branch_labels.py
[2025-01-31T14:45:25.353+0000] {logging_mixin.py:190} INFO - [2025-01-31T14:45:25.353+0000] {dag.py:3239} INFO - Sync 1 DAGs
[2025-01-31T14:45:25.371+0000] {logging_mixin.py:190} INFO - [2025-01-31T14:45:25.371+0000] {dag.py:4180} INFO - Setting next_dagrun for example_branch_labels to 2025-01-30 00:00:00+00:00, run_after=2025-01-31 00:00:00+00:00
[2025-01-31T14:45:25.383+0000] {processor.py:208} INFO - Processing /home/airflow/.local/lib/python3.12/site-packages/airflow/example_dags/example_branch_labels.py took 0.060 seconds
[2025-01-31T14:45:56.149+0000] {processor.py:186} INFO - Started process (PID=2400) to work on /home/airflow/.local/lib/python3.12/site-packages/airflow/example_dags/example_branch_labels.py
[2025-01-31T14:45:56.150+0000] {processor.py:914} INFO - Processing file /home/airflow/.local/lib/python3.12/site-packages/airflow/example_dags/example_branch_labels.py for tasks to queue
[2025-01-31T14:45:56.152+0000] {logging_mixin.py:190} INFO - [2025-01-31T14:45:56.152+0000] {dagbag.py:588} INFO - Filling up the DagBag from /home/airflow/.local/lib/python3.12/site-packages/airflow/example_dags/example_branch_labels.py
[2025-01-31T14:45:56.162+0000] {processor.py:925} INFO - DAG(s) 'example_branch_labels' retrieved from /home/airflow/.local/lib/python3.12/site-packages/airflow/example_dags/example_branch_labels.py
[2025-01-31T14:45:56.177+0000] {logging_mixin.py:190} INFO - [2025-01-31T14:45:56.177+0000] {dag.py:3239} INFO - Sync 1 DAGs
[2025-01-31T14:45:56.199+0000] {logging_mixin.py:190} INFO - [2025-01-31T14:45:56.199+0000] {dag.py:4180} INFO - Setting next_dagrun for example_branch_labels to 2025-01-30 00:00:00+00:00, run_after=2025-01-31 00:00:00+00:00
[2025-01-31T14:45:56.214+0000] {processor.py:208} INFO - Processing /home/airflow/.local/lib/python3.12/site-packages/airflow/example_dags/example_branch_labels.py took 0.069 seconds
[2025-01-31T14:46:27.074+0000] {processor.py:186} INFO - Started process (PID=2466) to work on /home/airflow/.local/lib/python3.12/site-packages/airflow/example_dags/example_branch_labels.py
[2025-01-31T14:46:27.074+0000] {processor.py:914} INFO - Processing file /home/airflow/.local/lib/python3.12/site-packages/airflow/example_dags/example_branch_labels.py for tasks to queue
[2025-01-31T14:46:27.076+0000] {logging_mixin.py:190} INFO - [2025-01-31T14:46:27.076+0000] {dagbag.py:588} INFO - Filling up the DagBag from /home/airflow/.local/lib/python3.12/site-packages/airflow/example_dags/example_branch_labels.py
[2025-01-31T14:46:27.083+0000] {processor.py:925} INFO - DAG(s) 'example_branch_labels' retrieved from /home/airflow/.local/lib/python3.12/site-packages/airflow/example_dags/example_branch_labels.py
[2025-01-31T14:46:27.100+0000] {logging_mixin.py:190} INFO - [2025-01-31T14:46:27.100+0000] {dag.py:3239} INFO - Sync 1 DAGs
[2025-01-31T14:46:27.119+0000] {logging_mixin.py:190} INFO - [2025-01-31T14:46:27.118+0000] {dag.py:4180} INFO - Setting next_dagrun for example_branch_labels to 2025-01-30 00:00:00+00:00, run_after=2025-01-31 00:00:00+00:00
[2025-01-31T14:46:27.131+0000] {processor.py:208} INFO - Processing /home/airflow/.local/lib/python3.12/site-packages/airflow/example_dags/example_branch_labels.py took 0.061 seconds
[2025-01-31T14:46:57.589+0000] {processor.py:186} INFO - Started process (PID=2531) to work on /home/airflow/.local/lib/python3.12/site-packages/airflow/example_dags/example_branch_labels.py
[2025-01-31T14:46:57.590+0000] {processor.py:914} INFO - Processing file /home/airflow/.local/lib/python3.12/site-packages/airflow/example_dags/example_branch_labels.py for tasks to queue
[2025-01-31T14:46:57.592+0000] {logging_mixin.py:190} INFO - [2025-01-31T14:46:57.591+0000] {dagbag.py:588} INFO - Filling up the DagBag from /home/airflow/.local/lib/python3.12/site-packages/airflow/example_dags/example_branch_labels.py
[2025-01-31T14:46:57.599+0000] {processor.py:925} INFO - DAG(s) 'example_branch_labels' retrieved from /home/airflow/.local/lib/python3.12/site-packages/airflow/example_dags/example_branch_labels.py
[2025-01-31T14:46:57.614+0000] {logging_mixin.py:190} INFO - [2025-01-31T14:46:57.614+0000] {dag.py:3239} INFO - Sync 1 DAGs
[2025-01-31T14:46:57.631+0000] {logging_mixin.py:190} INFO - [2025-01-31T14:46:57.631+0000] {dag.py:4180} INFO - Setting next_dagrun for example_branch_labels to 2025-01-30 00:00:00+00:00, run_after=2025-01-31 00:00:00+00:00
[2025-01-31T14:46:57.643+0000] {processor.py:208} INFO - Processing /home/airflow/.local/lib/python3.12/site-packages/airflow/example_dags/example_branch_labels.py took 0.058 seconds
[2025-01-31T14:47:28.575+0000] {processor.py:186} INFO - Started process (PID=2597) to work on /home/airflow/.local/lib/python3.12/site-packages/airflow/example_dags/example_branch_labels.py
[2025-01-31T14:47:28.575+0000] {processor.py:914} INFO - Processing file /home/airflow/.local/lib/python3.12/site-packages/airflow/example_dags/example_branch_labels.py for tasks to queue
[2025-01-31T14:47:28.577+0000] {logging_mixin.py:190} INFO - [2025-01-31T14:47:28.576+0000] {dagbag.py:588} INFO - Filling up the DagBag from /home/airflow/.local/lib/python3.12/site-packages/airflow/example_dags/example_branch_labels.py
[2025-01-31T14:47:28.584+0000] {processor.py:925} INFO - DAG(s) 'example_branch_labels' retrieved from /home/airflow/.local/lib/python3.12/site-packages/airflow/example_dags/example_branch_labels.py
[2025-01-31T14:47:28.601+0000] {logging_mixin.py:190} INFO - [2025-01-31T14:47:28.600+0000] {dag.py:3239} INFO - Sync 1 DAGs
[2025-01-31T14:47:28.621+0000] {logging_mixin.py:190} INFO - [2025-01-31T14:47:28.620+0000] {dag.py:4180} INFO - Setting next_dagrun for example_branch_labels to 2025-01-30 00:00:00+00:00, run_after=2025-01-31 00:00:00+00:00
[2025-01-31T14:47:28.634+0000] {processor.py:208} INFO - Processing /home/airflow/.local/lib/python3.12/site-packages/airflow/example_dags/example_branch_labels.py took 0.064 seconds
[2025-01-31T14:47:59.569+0000] {processor.py:186} INFO - Started process (PID=2663) to work on /home/airflow/.local/lib/python3.12/site-packages/airflow/example_dags/example_branch_labels.py
[2025-01-31T14:47:59.570+0000] {processor.py:914} INFO - Processing file /home/airflow/.local/lib/python3.12/site-packages/airflow/example_dags/example_branch_labels.py for tasks to queue
[2025-01-31T14:47:59.571+0000] {logging_mixin.py:190} INFO - [2025-01-31T14:47:59.571+0000] {dagbag.py:588} INFO - Filling up the DagBag from /home/airflow/.local/lib/python3.12/site-packages/airflow/example_dags/example_branch_labels.py
[2025-01-31T14:47:59.578+0000] {processor.py:925} INFO - DAG(s) 'example_branch_labels' retrieved from /home/airflow/.local/lib/python3.12/site-packages/airflow/example_dags/example_branch_labels.py
[2025-01-31T14:47:59.594+0000] {logging_mixin.py:190} INFO - [2025-01-31T14:47:59.594+0000] {dag.py:3239} INFO - Sync 1 DAGs
[2025-01-31T14:47:59.613+0000] {logging_mixin.py:190} INFO - [2025-01-31T14:47:59.613+0000] {dag.py:4180} INFO - Setting next_dagrun for example_branch_labels to 2025-01-30 00:00:00+00:00, run_after=2025-01-31 00:00:00+00:00
[2025-01-31T14:47:59.625+0000] {processor.py:208} INFO - Processing /home/airflow/.local/lib/python3.12/site-packages/airflow/example_dags/example_branch_labels.py took 0.060 seconds
[2025-01-31T14:48:30.282+0000] {processor.py:186} INFO - Started process (PID=2731) to work on /home/airflow/.local/lib/python3.12/site-packages/airflow/example_dags/example_branch_labels.py
[2025-01-31T14:48:30.283+0000] {processor.py:914} INFO - Processing file /home/airflow/.local/lib/python3.12/site-packages/airflow/example_dags/example_branch_labels.py for tasks to queue
[2025-01-31T14:48:30.284+0000] {logging_mixin.py:190} INFO - [2025-01-31T14:48:30.284+0000] {dagbag.py:588} INFO - Filling up the DagBag from /home/airflow/.local/lib/python3.12/site-packages/airflow/example_dags/example_branch_labels.py
[2025-01-31T14:48:30.292+0000] {processor.py:925} INFO - DAG(s) 'example_branch_labels' retrieved from /home/airflow/.local/lib/python3.12/site-packages/airflow/example_dags/example_branch_labels.py
[2025-01-31T14:48:30.306+0000] {logging_mixin.py:190} INFO - [2025-01-31T14:48:30.306+0000] {dag.py:3239} INFO - Sync 1 DAGs
[2025-01-31T14:48:30.323+0000] {logging_mixin.py:190} INFO - [2025-01-31T14:48:30.323+0000] {dag.py:4180} INFO - Setting next_dagrun for example_branch_labels to 2025-01-30 00:00:00+00:00, run_after=2025-01-31 00:00:00+00:00
[2025-01-31T14:48:30.335+0000] {processor.py:208} INFO - Processing /home/airflow/.local/lib/python3.12/site-packages/airflow/example_dags/example_branch_labels.py took 0.057 seconds
[2025-01-31T14:49:01.233+0000] {processor.py:186} INFO - Started process (PID=2800) to work on /home/airflow/.local/lib/python3.12/site-packages/airflow/example_dags/example_branch_labels.py
[2025-01-31T14:49:01.233+0000] {processor.py:914} INFO - Processing file /home/airflow/.local/lib/python3.12/site-packages/airflow/example_dags/example_branch_labels.py for tasks to queue
[2025-01-31T14:49:01.235+0000] {logging_mixin.py:190} INFO - [2025-01-31T14:49:01.235+0000] {dagbag.py:588} INFO - Filling up the DagBag from /home/airflow/.local/lib/python3.12/site-packages/airflow/example_dags/example_branch_labels.py
[2025-01-31T14:49:01.243+0000] {processor.py:925} INFO - DAG(s) 'example_branch_labels' retrieved from /home/airflow/.local/lib/python3.12/site-packages/airflow/example_dags/example_branch_labels.py
[2025-01-31T14:49:01.260+0000] {logging_mixin.py:190} INFO - [2025-01-31T14:49:01.260+0000] {dag.py:3239} INFO - Sync 1 DAGs
[2025-01-31T14:49:01.280+0000] {logging_mixin.py:190} INFO - [2025-01-31T14:49:01.280+0000] {dag.py:4180} INFO - Setting next_dagrun for example_branch_labels to 2025-01-30 00:00:00+00:00, run_after=2025-01-31 00:00:00+00:00
[2025-01-31T14:49:01.293+0000] {processor.py:208} INFO - Processing /home/airflow/.local/lib/python3.12/site-packages/airflow/example_dags/example_branch_labels.py took 0.065 seconds
[2025-01-31T14:49:32.175+0000] {processor.py:186} INFO - Started process (PID=2866) to work on /home/airflow/.local/lib/python3.12/site-packages/airflow/example_dags/example_branch_labels.py
[2025-01-31T14:49:32.175+0000] {processor.py:914} INFO - Processing file /home/airflow/.local/lib/python3.12/site-packages/airflow/example_dags/example_branch_labels.py for tasks to queue
[2025-01-31T14:49:32.177+0000] {logging_mixin.py:190} INFO - [2025-01-31T14:49:32.177+0000] {dagbag.py:588} INFO - Filling up the DagBag from /home/airflow/.local/lib/python3.12/site-packages/airflow/example_dags/example_branch_labels.py
[2025-01-31T14:49:32.185+0000] {processor.py:925} INFO - DAG(s) 'example_branch_labels' retrieved from /home/airflow/.local/lib/python3.12/site-packages/airflow/example_dags/example_branch_labels.py
[2025-01-31T14:49:32.201+0000] {logging_mixin.py:190} INFO - [2025-01-31T14:49:32.201+0000] {dag.py:3239} INFO - Sync 1 DAGs
[2025-01-31T14:49:32.219+0000] {logging_mixin.py:190} INFO - [2025-01-31T14:49:32.219+0000] {dag.py:4180} INFO - Setting next_dagrun for example_branch_labels to 2025-01-30 00:00:00+00:00, run_after=2025-01-31 00:00:00+00:00
[2025-01-31T14:49:32.232+0000] {processor.py:208} INFO - Processing /home/airflow/.local/lib/python3.12/site-packages/airflow/example_dags/example_branch_labels.py took 0.061 seconds
[2025-01-31T14:50:03.367+0000] {processor.py:186} INFO - Started process (PID=2932) to work on /home/airflow/.local/lib/python3.12/site-packages/airflow/example_dags/example_branch_labels.py
[2025-01-31T14:50:03.368+0000] {processor.py:914} INFO - Processing file /home/airflow/.local/lib/python3.12/site-packages/airflow/example_dags/example_branch_labels.py for tasks to queue
[2025-01-31T14:50:03.369+0000] {logging_mixin.py:190} INFO - [2025-01-31T14:50:03.369+0000] {dagbag.py:588} INFO - Filling up the DagBag from /home/airflow/.local/lib/python3.12/site-packages/airflow/example_dags/example_branch_labels.py
[2025-01-31T14:50:03.377+0000] {processor.py:925} INFO - DAG(s) 'example_branch_labels' retrieved from /home/airflow/.local/lib/python3.12/site-packages/airflow/example_dags/example_branch_labels.py
[2025-01-31T14:50:03.392+0000] {logging_mixin.py:190} INFO - [2025-01-31T14:50:03.392+0000] {dag.py:3239} INFO - Sync 1 DAGs
[2025-01-31T14:50:03.411+0000] {logging_mixin.py:190} INFO - [2025-01-31T14:50:03.411+0000] {dag.py:4180} INFO - Setting next_dagrun for example_branch_labels to 2025-01-30 00:00:00+00:00, run_after=2025-01-31 00:00:00+00:00
[2025-01-31T14:50:03.424+0000] {processor.py:208} INFO - Processing /home/airflow/.local/lib/python3.12/site-packages/airflow/example_dags/example_branch_labels.py took 0.062 seconds
[2025-01-31T14:50:34.219+0000] {processor.py:186} INFO - Started process (PID=2998) to work on /home/airflow/.local/lib/python3.12/site-packages/airflow/example_dags/example_branch_labels.py
[2025-01-31T14:50:34.219+0000] {processor.py:914} INFO - Processing file /home/airflow/.local/lib/python3.12/site-packages/airflow/example_dags/example_branch_labels.py for tasks to queue
[2025-01-31T14:50:34.221+0000] {logging_mixin.py:190} INFO - [2025-01-31T14:50:34.221+0000] {dagbag.py:588} INFO - Filling up the DagBag from /home/airflow/.local/lib/python3.12/site-packages/airflow/example_dags/example_branch_labels.py
[2025-01-31T14:50:34.229+0000] {processor.py:925} INFO - DAG(s) 'example_branch_labels' retrieved from /home/airflow/.local/lib/python3.12/site-packages/airflow/example_dags/example_branch_labels.py
[2025-01-31T14:50:34.245+0000] {logging_mixin.py:190} INFO - [2025-01-31T14:50:34.245+0000] {dag.py:3239} INFO - Sync 1 DAGs
[2025-01-31T14:50:34.265+0000] {logging_mixin.py:190} INFO - [2025-01-31T14:50:34.265+0000] {dag.py:4180} INFO - Setting next_dagrun for example_branch_labels to 2025-01-30 00:00:00+00:00, run_after=2025-01-31 00:00:00+00:00
[2025-01-31T14:50:34.278+0000] {processor.py:208} INFO - Processing /home/airflow/.local/lib/python3.12/site-packages/airflow/example_dags/example_branch_labels.py took 0.064 seconds
[2025-01-31T14:51:04.696+0000] {processor.py:186} INFO - Started process (PID=3065) to work on /home/airflow/.local/lib/python3.12/site-packages/airflow/example_dags/example_branch_labels.py
[2025-01-31T14:51:04.697+0000] {processor.py:914} INFO - Processing file /home/airflow/.local/lib/python3.12/site-packages/airflow/example_dags/example_branch_labels.py for tasks to queue
[2025-01-31T14:51:04.698+0000] {logging_mixin.py:190} INFO - [2025-01-31T14:51:04.698+0000] {dagbag.py:588} INFO - Filling up the DagBag from /home/airflow/.local/lib/python3.12/site-packages/airflow/example_dags/example_branch_labels.py
[2025-01-31T14:51:04.705+0000] {processor.py:925} INFO - DAG(s) 'example_branch_labels' retrieved from /home/airflow/.local/lib/python3.12/site-packages/airflow/example_dags/example_branch_labels.py
[2025-01-31T14:51:04.721+0000] {logging_mixin.py:190} INFO - [2025-01-31T14:51:04.720+0000] {dag.py:3239} INFO - Sync 1 DAGs
[2025-01-31T14:51:04.738+0000] {logging_mixin.py:190} INFO - [2025-01-31T14:51:04.738+0000] {dag.py:4180} INFO - Setting next_dagrun for example_branch_labels to 2025-01-30 00:00:00+00:00, run_after=2025-01-31 00:00:00+00:00
[2025-01-31T14:51:04.750+0000] {processor.py:208} INFO - Processing /home/airflow/.local/lib/python3.12/site-packages/airflow/example_dags/example_branch_labels.py took 0.058 seconds
[2025-01-31T14:51:35.404+0000] {processor.py:186} INFO - Started process (PID=3132) to work on /home/airflow/.local/lib/python3.12/site-packages/airflow/example_dags/example_branch_labels.py
[2025-01-31T14:51:35.408+0000] {processor.py:914} INFO - Processing file /home/airflow/.local/lib/python3.12/site-packages/airflow/example_dags/example_branch_labels.py for tasks to queue
[2025-01-31T14:51:35.411+0000] {logging_mixin.py:190} INFO - [2025-01-31T14:51:35.410+0000] {dagbag.py:588} INFO - Filling up the DagBag from /home/airflow/.local/lib/python3.12/site-packages/airflow/example_dags/example_branch_labels.py
[2025-01-31T14:51:35.421+0000] {processor.py:925} INFO - DAG(s) 'example_branch_labels' retrieved from /home/airflow/.local/lib/python3.12/site-packages/airflow/example_dags/example_branch_labels.py
[2025-01-31T14:51:35.441+0000] {logging_mixin.py:190} INFO - [2025-01-31T14:51:35.441+0000] {dag.py:3239} INFO - Sync 1 DAGs
[2025-01-31T14:51:35.473+0000] {logging_mixin.py:190} INFO - [2025-01-31T14:51:35.473+0000] {dag.py:4180} INFO - Setting next_dagrun for example_branch_labels to 2025-01-30 00:00:00+00:00, run_after=2025-01-31 00:00:00+00:00
[2025-01-31T14:51:35.726+0000] {processor.py:208} INFO - Processing /home/airflow/.local/lib/python3.12/site-packages/airflow/example_dags/example_branch_labels.py took 0.329 seconds
[2025-01-31T14:52:06.061+0000] {processor.py:186} INFO - Started process (PID=3197) to work on /home/airflow/.local/lib/python3.12/site-packages/airflow/example_dags/example_branch_labels.py
[2025-01-31T14:52:06.062+0000] {processor.py:914} INFO - Processing file /home/airflow/.local/lib/python3.12/site-packages/airflow/example_dags/example_branch_labels.py for tasks to queue
[2025-01-31T14:52:06.064+0000] {logging_mixin.py:190} INFO - [2025-01-31T14:52:06.064+0000] {dagbag.py:588} INFO - Filling up the DagBag from /home/airflow/.local/lib/python3.12/site-packages/airflow/example_dags/example_branch_labels.py
[2025-01-31T14:52:06.073+0000] {processor.py:925} INFO - DAG(s) 'example_branch_labels' retrieved from /home/airflow/.local/lib/python3.12/site-packages/airflow/example_dags/example_branch_labels.py
[2025-01-31T14:52:06.089+0000] {logging_mixin.py:190} INFO - [2025-01-31T14:52:06.089+0000] {dag.py:3239} INFO - Sync 1 DAGs
[2025-01-31T14:52:06.112+0000] {logging_mixin.py:190} INFO - [2025-01-31T14:52:06.112+0000] {dag.py:4180} INFO - Setting next_dagrun for example_branch_labels to 2025-01-30 00:00:00+00:00, run_after=2025-01-31 00:00:00+00:00
[2025-01-31T14:52:06.129+0000] {processor.py:208} INFO - Processing /home/airflow/.local/lib/python3.12/site-packages/airflow/example_dags/example_branch_labels.py took 0.073 seconds
[2025-01-31T14:52:36.886+0000] {processor.py:186} INFO - Started process (PID=3263) to work on /home/airflow/.local/lib/python3.12/site-packages/airflow/example_dags/example_branch_labels.py
[2025-01-31T14:52:36.886+0000] {processor.py:914} INFO - Processing file /home/airflow/.local/lib/python3.12/site-packages/airflow/example_dags/example_branch_labels.py for tasks to queue
[2025-01-31T14:52:36.888+0000] {logging_mixin.py:190} INFO - [2025-01-31T14:52:36.888+0000] {dagbag.py:588} INFO - Filling up the DagBag from /home/airflow/.local/lib/python3.12/site-packages/airflow/example_dags/example_branch_labels.py
[2025-01-31T14:52:36.895+0000] {processor.py:925} INFO - DAG(s) 'example_branch_labels' retrieved from /home/airflow/.local/lib/python3.12/site-packages/airflow/example_dags/example_branch_labels.py
[2025-01-31T14:52:36.911+0000] {logging_mixin.py:190} INFO - [2025-01-31T14:52:36.911+0000] {dag.py:3239} INFO - Sync 1 DAGs
[2025-01-31T14:52:36.931+0000] {logging_mixin.py:190} INFO - [2025-01-31T14:52:36.931+0000] {dag.py:4180} INFO - Setting next_dagrun for example_branch_labels to 2025-01-30 00:00:00+00:00, run_after=2025-01-31 00:00:00+00:00
[2025-01-31T14:52:36.943+0000] {processor.py:208} INFO - Processing /home/airflow/.local/lib/python3.12/site-packages/airflow/example_dags/example_branch_labels.py took 0.062 seconds
[2025-01-31T14:53:08.075+0000] {processor.py:186} INFO - Started process (PID=3328) to work on /home/airflow/.local/lib/python3.12/site-packages/airflow/example_dags/example_branch_labels.py
[2025-01-31T14:53:08.075+0000] {processor.py:914} INFO - Processing file /home/airflow/.local/lib/python3.12/site-packages/airflow/example_dags/example_branch_labels.py for tasks to queue
[2025-01-31T14:53:08.077+0000] {logging_mixin.py:190} INFO - [2025-01-31T14:53:08.077+0000] {dagbag.py:588} INFO - Filling up the DagBag from /home/airflow/.local/lib/python3.12/site-packages/airflow/example_dags/example_branch_labels.py
[2025-01-31T14:53:08.085+0000] {processor.py:925} INFO - DAG(s) 'example_branch_labels' retrieved from /home/airflow/.local/lib/python3.12/site-packages/airflow/example_dags/example_branch_labels.py
[2025-01-31T14:53:08.100+0000] {logging_mixin.py:190} INFO - [2025-01-31T14:53:08.100+0000] {dag.py:3239} INFO - Sync 1 DAGs
[2025-01-31T14:53:08.119+0000] {logging_mixin.py:190} INFO - [2025-01-31T14:53:08.119+0000] {dag.py:4180} INFO - Setting next_dagrun for example_branch_labels to 2025-01-30 00:00:00+00:00, run_after=2025-01-31 00:00:00+00:00
[2025-01-31T14:53:08.131+0000] {processor.py:208} INFO - Processing /home/airflow/.local/lib/python3.12/site-packages/airflow/example_dags/example_branch_labels.py took 0.061 seconds
[2025-01-31T14:53:39.702+0000] {processor.py:186} INFO - Started process (PID=3394) to work on /home/airflow/.local/lib/python3.12/site-packages/airflow/example_dags/example_branch_labels.py
[2025-01-31T14:53:39.703+0000] {processor.py:914} INFO - Processing file /home/airflow/.local/lib/python3.12/site-packages/airflow/example_dags/example_branch_labels.py for tasks to queue
[2025-01-31T14:53:39.704+0000] {logging_mixin.py:190} INFO - [2025-01-31T14:53:39.704+0000] {dagbag.py:588} INFO - Filling up the DagBag from /home/airflow/.local/lib/python3.12/site-packages/airflow/example_dags/example_branch_labels.py
[2025-01-31T14:53:39.713+0000] {processor.py:925} INFO - DAG(s) 'example_branch_labels' retrieved from /home/airflow/.local/lib/python3.12/site-packages/airflow/example_dags/example_branch_labels.py
[2025-01-31T14:53:39.729+0000] {logging_mixin.py:190} INFO - [2025-01-31T14:53:39.729+0000] {dag.py:3239} INFO - Sync 1 DAGs
[2025-01-31T14:53:39.749+0000] {logging_mixin.py:190} INFO - [2025-01-31T14:53:39.749+0000] {dag.py:4180} INFO - Setting next_dagrun for example_branch_labels to 2025-01-30 00:00:00+00:00, run_after=2025-01-31 00:00:00+00:00
[2025-01-31T14:53:39.764+0000] {processor.py:208} INFO - Processing /home/airflow/.local/lib/python3.12/site-packages/airflow/example_dags/example_branch_labels.py took 0.067 seconds
[2025-01-31T14:54:10.399+0000] {processor.py:186} INFO - Started process (PID=3460) to work on /home/airflow/.local/lib/python3.12/site-packages/airflow/example_dags/example_branch_labels.py
[2025-01-31T14:54:10.400+0000] {processor.py:914} INFO - Processing file /home/airflow/.local/lib/python3.12/site-packages/airflow/example_dags/example_branch_labels.py for tasks to queue
[2025-01-31T14:54:10.401+0000] {logging_mixin.py:190} INFO - [2025-01-31T14:54:10.401+0000] {dagbag.py:588} INFO - Filling up the DagBag from /home/airflow/.local/lib/python3.12/site-packages/airflow/example_dags/example_branch_labels.py
[2025-01-31T14:54:10.409+0000] {processor.py:925} INFO - DAG(s) 'example_branch_labels' retrieved from /home/airflow/.local/lib/python3.12/site-packages/airflow/example_dags/example_branch_labels.py
[2025-01-31T14:54:10.428+0000] {logging_mixin.py:190} INFO - [2025-01-31T14:54:10.428+0000] {dag.py:3239} INFO - Sync 1 DAGs
[2025-01-31T14:54:10.452+0000] {logging_mixin.py:190} INFO - [2025-01-31T14:54:10.452+0000] {dag.py:4180} INFO - Setting next_dagrun for example_branch_labels to 2025-01-30 00:00:00+00:00, run_after=2025-01-31 00:00:00+00:00
[2025-01-31T14:54:10.466+0000] {processor.py:208} INFO - Processing /home/airflow/.local/lib/python3.12/site-packages/airflow/example_dags/example_branch_labels.py took 0.072 seconds
[2025-01-31T14:54:43.117+0000] {processor.py:186} INFO - Started process (PID=3527) to work on /home/airflow/.local/lib/python3.12/site-packages/airflow/example_dags/example_branch_labels.py
[2025-01-31T14:54:43.118+0000] {processor.py:914} INFO - Processing file /home/airflow/.local/lib/python3.12/site-packages/airflow/example_dags/example_branch_labels.py for tasks to queue
[2025-01-31T14:54:43.120+0000] {logging_mixin.py:190} INFO - [2025-01-31T14:54:43.120+0000] {dagbag.py:588} INFO - Filling up the DagBag from /home/airflow/.local/lib/python3.12/site-packages/airflow/example_dags/example_branch_labels.py
[2025-01-31T14:54:43.291+0000] {processor.py:925} INFO - DAG(s) 'example_branch_labels' retrieved from /home/airflow/.local/lib/python3.12/site-packages/airflow/example_dags/example_branch_labels.py
[2025-01-31T14:54:43.305+0000] {logging_mixin.py:190} INFO - [2025-01-31T14:54:43.305+0000] {dag.py:3239} INFO - Sync 1 DAGs
[2025-01-31T14:54:43.321+0000] {logging_mixin.py:190} INFO - [2025-01-31T14:54:43.321+0000] {dag.py:4180} INFO - Setting next_dagrun for example_branch_labels to 2025-01-30 00:00:00+00:00, run_after=2025-01-31 00:00:00+00:00
[2025-01-31T14:54:43.332+0000] {processor.py:208} INFO - Processing /home/airflow/.local/lib/python3.12/site-packages/airflow/example_dags/example_branch_labels.py took 0.220 seconds
[2025-01-31T14:55:13.624+0000] {processor.py:186} INFO - Started process (PID=3593) to work on /home/airflow/.local/lib/python3.12/site-packages/airflow/example_dags/example_branch_labels.py
[2025-01-31T14:55:13.625+0000] {processor.py:914} INFO - Processing file /home/airflow/.local/lib/python3.12/site-packages/airflow/example_dags/example_branch_labels.py for tasks to queue
[2025-01-31T14:55:13.627+0000] {logging_mixin.py:190} INFO - [2025-01-31T14:55:13.626+0000] {dagbag.py:588} INFO - Filling up the DagBag from /home/airflow/.local/lib/python3.12/site-packages/airflow/example_dags/example_branch_labels.py
[2025-01-31T14:55:13.636+0000] {processor.py:925} INFO - DAG(s) 'example_branch_labels' retrieved from /home/airflow/.local/lib/python3.12/site-packages/airflow/example_dags/example_branch_labels.py
[2025-01-31T14:55:13.652+0000] {logging_mixin.py:190} INFO - [2025-01-31T14:55:13.651+0000] {dag.py:3239} INFO - Sync 1 DAGs
[2025-01-31T14:55:13.672+0000] {logging_mixin.py:190} INFO - [2025-01-31T14:55:13.672+0000] {dag.py:4180} INFO - Setting next_dagrun for example_branch_labels to 2025-01-30 00:00:00+00:00, run_after=2025-01-31 00:00:00+00:00
[2025-01-31T14:55:13.687+0000] {processor.py:208} INFO - Processing /home/airflow/.local/lib/python3.12/site-packages/airflow/example_dags/example_branch_labels.py took 0.069 seconds
[2025-01-31T14:55:44.129+0000] {processor.py:186} INFO - Started process (PID=3665) to work on /home/airflow/.local/lib/python3.12/site-packages/airflow/example_dags/example_branch_labels.py
[2025-01-31T14:55:44.130+0000] {processor.py:914} INFO - Processing file /home/airflow/.local/lib/python3.12/site-packages/airflow/example_dags/example_branch_labels.py for tasks to queue
[2025-01-31T14:55:44.131+0000] {logging_mixin.py:190} INFO - [2025-01-31T14:55:44.131+0000] {dagbag.py:588} INFO - Filling up the DagBag from /home/airflow/.local/lib/python3.12/site-packages/airflow/example_dags/example_branch_labels.py
[2025-01-31T14:55:44.139+0000] {processor.py:925} INFO - DAG(s) 'example_branch_labels' retrieved from /home/airflow/.local/lib/python3.12/site-packages/airflow/example_dags/example_branch_labels.py
[2025-01-31T14:55:44.156+0000] {logging_mixin.py:190} INFO - [2025-01-31T14:55:44.156+0000] {dag.py:3239} INFO - Sync 1 DAGs
[2025-01-31T14:55:44.175+0000] {logging_mixin.py:190} INFO - [2025-01-31T14:55:44.175+0000] {dag.py:4180} INFO - Setting next_dagrun for example_branch_labels to 2025-01-30 00:00:00+00:00, run_after=2025-01-31 00:00:00+00:00
[2025-01-31T14:55:44.187+0000] {processor.py:208} INFO - Processing /home/airflow/.local/lib/python3.12/site-packages/airflow/example_dags/example_branch_labels.py took 0.063 seconds
[2025-01-31T14:56:14.906+0000] {processor.py:186} INFO - Started process (PID=3732) to work on /home/airflow/.local/lib/python3.12/site-packages/airflow/example_dags/example_branch_labels.py
[2025-01-31T14:56:14.907+0000] {processor.py:914} INFO - Processing file /home/airflow/.local/lib/python3.12/site-packages/airflow/example_dags/example_branch_labels.py for tasks to queue
[2025-01-31T14:56:14.908+0000] {logging_mixin.py:190} INFO - [2025-01-31T14:56:14.908+0000] {dagbag.py:588} INFO - Filling up the DagBag from /home/airflow/.local/lib/python3.12/site-packages/airflow/example_dags/example_branch_labels.py
[2025-01-31T14:56:14.917+0000] {processor.py:925} INFO - DAG(s) 'example_branch_labels' retrieved from /home/airflow/.local/lib/python3.12/site-packages/airflow/example_dags/example_branch_labels.py
[2025-01-31T14:56:14.936+0000] {logging_mixin.py:190} INFO - [2025-01-31T14:56:14.936+0000] {dag.py:3239} INFO - Sync 1 DAGs
[2025-01-31T14:56:14.957+0000] {logging_mixin.py:190} INFO - [2025-01-31T14:56:14.957+0000] {dag.py:4180} INFO - Setting next_dagrun for example_branch_labels to 2025-01-30 00:00:00+00:00, run_after=2025-01-31 00:00:00+00:00
[2025-01-31T14:56:14.970+0000] {processor.py:208} INFO - Processing /home/airflow/.local/lib/python3.12/site-packages/airflow/example_dags/example_branch_labels.py took 0.068 seconds
[2025-01-31T14:56:45.902+0000] {processor.py:186} INFO - Started process (PID=3798) to work on /home/airflow/.local/lib/python3.12/site-packages/airflow/example_dags/example_branch_labels.py
[2025-01-31T14:56:45.903+0000] {processor.py:914} INFO - Processing file /home/airflow/.local/lib/python3.12/site-packages/airflow/example_dags/example_branch_labels.py for tasks to queue
[2025-01-31T14:56:45.905+0000] {logging_mixin.py:190} INFO - [2025-01-31T14:56:45.904+0000] {dagbag.py:588} INFO - Filling up the DagBag from /home/airflow/.local/lib/python3.12/site-packages/airflow/example_dags/example_branch_labels.py
[2025-01-31T14:56:45.914+0000] {processor.py:925} INFO - DAG(s) 'example_branch_labels' retrieved from /home/airflow/.local/lib/python3.12/site-packages/airflow/example_dags/example_branch_labels.py
[2025-01-31T14:56:45.930+0000] {logging_mixin.py:190} INFO - [2025-01-31T14:56:45.929+0000] {dag.py:3239} INFO - Sync 1 DAGs
[2025-01-31T14:56:45.948+0000] {logging_mixin.py:190} INFO - [2025-01-31T14:56:45.948+0000] {dag.py:4180} INFO - Setting next_dagrun for example_branch_labels to 2025-01-30 00:00:00+00:00, run_after=2025-01-31 00:00:00+00:00
[2025-01-31T14:56:45.961+0000] {processor.py:208} INFO - Processing /home/airflow/.local/lib/python3.12/site-packages/airflow/example_dags/example_branch_labels.py took 0.063 seconds
[2025-01-31T14:57:16.685+0000] {processor.py:186} INFO - Started process (PID=3868) to work on /home/airflow/.local/lib/python3.12/site-packages/airflow/example_dags/example_branch_labels.py
[2025-01-31T14:57:16.686+0000] {processor.py:914} INFO - Processing file /home/airflow/.local/lib/python3.12/site-packages/airflow/example_dags/example_branch_labels.py for tasks to queue
[2025-01-31T14:57:16.687+0000] {logging_mixin.py:190} INFO - [2025-01-31T14:57:16.687+0000] {dagbag.py:588} INFO - Filling up the DagBag from /home/airflow/.local/lib/python3.12/site-packages/airflow/example_dags/example_branch_labels.py
[2025-01-31T14:57:16.696+0000] {processor.py:925} INFO - DAG(s) 'example_branch_labels' retrieved from /home/airflow/.local/lib/python3.12/site-packages/airflow/example_dags/example_branch_labels.py
[2025-01-31T14:57:16.714+0000] {logging_mixin.py:190} INFO - [2025-01-31T14:57:16.714+0000] {dag.py:3239} INFO - Sync 1 DAGs
[2025-01-31T14:57:16.737+0000] {logging_mixin.py:190} INFO - [2025-01-31T14:57:16.737+0000] {dag.py:4180} INFO - Setting next_dagrun for example_branch_labels to 2025-01-30 00:00:00+00:00, run_after=2025-01-31 00:00:00+00:00
[2025-01-31T14:57:16.750+0000] {processor.py:208} INFO - Processing /home/airflow/.local/lib/python3.12/site-packages/airflow/example_dags/example_branch_labels.py took 0.070 seconds
[2025-01-31T14:57:47.351+0000] {processor.py:186} INFO - Started process (PID=3934) to work on /home/airflow/.local/lib/python3.12/site-packages/airflow/example_dags/example_branch_labels.py
[2025-01-31T14:57:47.352+0000] {processor.py:914} INFO - Processing file /home/airflow/.local/lib/python3.12/site-packages/airflow/example_dags/example_branch_labels.py for tasks to queue
[2025-01-31T14:57:47.354+0000] {logging_mixin.py:190} INFO - [2025-01-31T14:57:47.353+0000] {dagbag.py:588} INFO - Filling up the DagBag from /home/airflow/.local/lib/python3.12/site-packages/airflow/example_dags/example_branch_labels.py
[2025-01-31T14:57:47.363+0000] {processor.py:925} INFO - DAG(s) 'example_branch_labels' retrieved from /home/airflow/.local/lib/python3.12/site-packages/airflow/example_dags/example_branch_labels.py
[2025-01-31T14:57:47.379+0000] {logging_mixin.py:190} INFO - [2025-01-31T14:57:47.379+0000] {dag.py:3239} INFO - Sync 1 DAGs
[2025-01-31T14:57:47.399+0000] {logging_mixin.py:190} INFO - [2025-01-31T14:57:47.399+0000] {dag.py:4180} INFO - Setting next_dagrun for example_branch_labels to 2025-01-30 00:00:00+00:00, run_after=2025-01-31 00:00:00+00:00
[2025-01-31T14:57:47.412+0000] {processor.py:208} INFO - Processing /home/airflow/.local/lib/python3.12/site-packages/airflow/example_dags/example_branch_labels.py took 0.068 seconds
[2025-01-31T14:58:18.138+0000] {processor.py:186} INFO - Started process (PID=4000) to work on /home/airflow/.local/lib/python3.12/site-packages/airflow/example_dags/example_branch_labels.py
[2025-01-31T14:58:18.139+0000] {processor.py:914} INFO - Processing file /home/airflow/.local/lib/python3.12/site-packages/airflow/example_dags/example_branch_labels.py for tasks to queue
[2025-01-31T14:58:18.140+0000] {logging_mixin.py:190} INFO - [2025-01-31T14:58:18.140+0000] {dagbag.py:588} INFO - Filling up the DagBag from /home/airflow/.local/lib/python3.12/site-packages/airflow/example_dags/example_branch_labels.py
[2025-01-31T14:58:18.149+0000] {processor.py:925} INFO - DAG(s) 'example_branch_labels' retrieved from /home/airflow/.local/lib/python3.12/site-packages/airflow/example_dags/example_branch_labels.py
[2025-01-31T14:58:18.165+0000] {logging_mixin.py:190} INFO - [2025-01-31T14:58:18.165+0000] {dag.py:3239} INFO - Sync 1 DAGs
[2025-01-31T14:58:18.192+0000] {logging_mixin.py:190} INFO - [2025-01-31T14:58:18.192+0000] {dag.py:4180} INFO - Setting next_dagrun for example_branch_labels to 2025-01-30 00:00:00+00:00, run_after=2025-01-31 00:00:00+00:00
[2025-01-31T14:58:18.208+0000] {processor.py:208} INFO - Processing /home/airflow/.local/lib/python3.12/site-packages/airflow/example_dags/example_branch_labels.py took 0.075 seconds
[2025-01-31T14:58:48.927+0000] {processor.py:186} INFO - Started process (PID=4066) to work on /home/airflow/.local/lib/python3.12/site-packages/airflow/example_dags/example_branch_labels.py
[2025-01-31T14:58:48.928+0000] {processor.py:914} INFO - Processing file /home/airflow/.local/lib/python3.12/site-packages/airflow/example_dags/example_branch_labels.py for tasks to queue
[2025-01-31T14:58:48.929+0000] {logging_mixin.py:190} INFO - [2025-01-31T14:58:48.929+0000] {dagbag.py:588} INFO - Filling up the DagBag from /home/airflow/.local/lib/python3.12/site-packages/airflow/example_dags/example_branch_labels.py
[2025-01-31T14:58:48.937+0000] {processor.py:925} INFO - DAG(s) 'example_branch_labels' retrieved from /home/airflow/.local/lib/python3.12/site-packages/airflow/example_dags/example_branch_labels.py
[2025-01-31T14:58:48.952+0000] {logging_mixin.py:190} INFO - [2025-01-31T14:58:48.952+0000] {dag.py:3239} INFO - Sync 1 DAGs
[2025-01-31T14:58:48.970+0000] {logging_mixin.py:190} INFO - [2025-01-31T14:58:48.969+0000] {dag.py:4180} INFO - Setting next_dagrun for example_branch_labels to 2025-01-30 00:00:00+00:00, run_after=2025-01-31 00:00:00+00:00
[2025-01-31T14:58:48.981+0000] {processor.py:208} INFO - Processing /home/airflow/.local/lib/python3.12/site-packages/airflow/example_dags/example_branch_labels.py took 0.059 seconds
[2025-01-31T14:59:19.820+0000] {processor.py:186} INFO - Started process (PID=4132) to work on /home/airflow/.local/lib/python3.12/site-packages/airflow/example_dags/example_branch_labels.py
[2025-01-31T14:59:19.820+0000] {processor.py:914} INFO - Processing file /home/airflow/.local/lib/python3.12/site-packages/airflow/example_dags/example_branch_labels.py for tasks to queue
[2025-01-31T14:59:19.822+0000] {logging_mixin.py:190} INFO - [2025-01-31T14:59:19.822+0000] {dagbag.py:588} INFO - Filling up the DagBag from /home/airflow/.local/lib/python3.12/site-packages/airflow/example_dags/example_branch_labels.py
[2025-01-31T14:59:19.830+0000] {processor.py:925} INFO - DAG(s) 'example_branch_labels' retrieved from /home/airflow/.local/lib/python3.12/site-packages/airflow/example_dags/example_branch_labels.py
[2025-01-31T14:59:19.852+0000] {logging_mixin.py:190} INFO - [2025-01-31T14:59:19.852+0000] {dag.py:3239} INFO - Sync 1 DAGs
[2025-01-31T14:59:19.874+0000] {logging_mixin.py:190} INFO - [2025-01-31T14:59:19.874+0000] {dag.py:4180} INFO - Setting next_dagrun for example_branch_labels to 2025-01-30 00:00:00+00:00, run_after=2025-01-31 00:00:00+00:00
[2025-01-31T14:59:19.891+0000] {processor.py:208} INFO - Processing /home/airflow/.local/lib/python3.12/site-packages/airflow/example_dags/example_branch_labels.py took 0.076 seconds
[2025-01-31T14:59:50.560+0000] {processor.py:186} INFO - Started process (PID=4198) to work on /home/airflow/.local/lib/python3.12/site-packages/airflow/example_dags/example_branch_labels.py
[2025-01-31T14:59:50.561+0000] {processor.py:914} INFO - Processing file /home/airflow/.local/lib/python3.12/site-packages/airflow/example_dags/example_branch_labels.py for tasks to queue
[2025-01-31T14:59:50.563+0000] {logging_mixin.py:190} INFO - [2025-01-31T14:59:50.562+0000] {dagbag.py:588} INFO - Filling up the DagBag from /home/airflow/.local/lib/python3.12/site-packages/airflow/example_dags/example_branch_labels.py
[2025-01-31T14:59:50.573+0000] {processor.py:925} INFO - DAG(s) 'example_branch_labels' retrieved from /home/airflow/.local/lib/python3.12/site-packages/airflow/example_dags/example_branch_labels.py
[2025-01-31T14:59:50.590+0000] {logging_mixin.py:190} INFO - [2025-01-31T14:59:50.589+0000] {dag.py:3239} INFO - Sync 1 DAGs
[2025-01-31T14:59:50.612+0000] {logging_mixin.py:190} INFO - [2025-01-31T14:59:50.612+0000] {dag.py:4180} INFO - Setting next_dagrun for example_branch_labels to 2025-01-30 00:00:00+00:00, run_after=2025-01-31 00:00:00+00:00
[2025-01-31T14:59:50.630+0000] {processor.py:208} INFO - Processing /home/airflow/.local/lib/python3.12/site-packages/airflow/example_dags/example_branch_labels.py took 0.077 seconds
[2025-01-31T15:00:21.627+0000] {processor.py:186} INFO - Started process (PID=4263) to work on /home/airflow/.local/lib/python3.12/site-packages/airflow/example_dags/example_branch_labels.py
[2025-01-31T15:00:21.628+0000] {processor.py:914} INFO - Processing file /home/airflow/.local/lib/python3.12/site-packages/airflow/example_dags/example_branch_labels.py for tasks to queue
[2025-01-31T15:00:21.630+0000] {logging_mixin.py:190} INFO - [2025-01-31T15:00:21.629+0000] {dagbag.py:588} INFO - Filling up the DagBag from /home/airflow/.local/lib/python3.12/site-packages/airflow/example_dags/example_branch_labels.py
[2025-01-31T15:00:21.638+0000] {processor.py:925} INFO - DAG(s) 'example_branch_labels' retrieved from /home/airflow/.local/lib/python3.12/site-packages/airflow/example_dags/example_branch_labels.py
[2025-01-31T15:00:21.656+0000] {logging_mixin.py:190} INFO - [2025-01-31T15:00:21.655+0000] {dag.py:3239} INFO - Sync 1 DAGs
[2025-01-31T15:00:21.678+0000] {logging_mixin.py:190} INFO - [2025-01-31T15:00:21.678+0000] {dag.py:4180} INFO - Setting next_dagrun for example_branch_labels to 2025-01-30 00:00:00+00:00, run_after=2025-01-31 00:00:00+00:00
[2025-01-31T15:00:21.692+0000] {processor.py:208} INFO - Processing /home/airflow/.local/lib/python3.12/site-packages/airflow/example_dags/example_branch_labels.py took 0.070 seconds
[2025-01-31T15:00:52.716+0000] {processor.py:186} INFO - Started process (PID=4329) to work on /home/airflow/.local/lib/python3.12/site-packages/airflow/example_dags/example_branch_labels.py
[2025-01-31T15:00:52.717+0000] {processor.py:914} INFO - Processing file /home/airflow/.local/lib/python3.12/site-packages/airflow/example_dags/example_branch_labels.py for tasks to queue
[2025-01-31T15:00:52.719+0000] {logging_mixin.py:190} INFO - [2025-01-31T15:00:52.719+0000] {dagbag.py:588} INFO - Filling up the DagBag from /home/airflow/.local/lib/python3.12/site-packages/airflow/example_dags/example_branch_labels.py
[2025-01-31T15:00:52.729+0000] {processor.py:925} INFO - DAG(s) 'example_branch_labels' retrieved from /home/airflow/.local/lib/python3.12/site-packages/airflow/example_dags/example_branch_labels.py
[2025-01-31T15:00:52.753+0000] {logging_mixin.py:190} INFO - [2025-01-31T15:00:52.752+0000] {dag.py:3239} INFO - Sync 1 DAGs
[2025-01-31T15:00:52.776+0000] {logging_mixin.py:190} INFO - [2025-01-31T15:00:52.776+0000] {dag.py:4180} INFO - Setting next_dagrun for example_branch_labels to 2025-01-30 00:00:00+00:00, run_after=2025-01-31 00:00:00+00:00
[2025-01-31T15:00:52.789+0000] {processor.py:208} INFO - Processing /home/airflow/.local/lib/python3.12/site-packages/airflow/example_dags/example_branch_labels.py took 0.079 seconds
[2025-01-31T15:01:23.730+0000] {processor.py:186} INFO - Started process (PID=4395) to work on /home/airflow/.local/lib/python3.12/site-packages/airflow/example_dags/example_branch_labels.py
[2025-01-31T15:01:23.730+0000] {processor.py:914} INFO - Processing file /home/airflow/.local/lib/python3.12/site-packages/airflow/example_dags/example_branch_labels.py for tasks to queue
[2025-01-31T15:01:23.732+0000] {logging_mixin.py:190} INFO - [2025-01-31T15:01:23.732+0000] {dagbag.py:588} INFO - Filling up the DagBag from /home/airflow/.local/lib/python3.12/site-packages/airflow/example_dags/example_branch_labels.py
[2025-01-31T15:01:23.742+0000] {processor.py:925} INFO - DAG(s) 'example_branch_labels' retrieved from /home/airflow/.local/lib/python3.12/site-packages/airflow/example_dags/example_branch_labels.py
[2025-01-31T15:01:23.763+0000] {logging_mixin.py:190} INFO - [2025-01-31T15:01:23.763+0000] {dag.py:3239} INFO - Sync 1 DAGs
[2025-01-31T15:01:23.787+0000] {logging_mixin.py:190} INFO - [2025-01-31T15:01:23.786+0000] {dag.py:4180} INFO - Setting next_dagrun for example_branch_labels to 2025-01-30 00:00:00+00:00, run_after=2025-01-31 00:00:00+00:00
[2025-01-31T15:01:23.802+0000] {processor.py:208} INFO - Processing /home/airflow/.local/lib/python3.12/site-packages/airflow/example_dags/example_branch_labels.py took 0.077 seconds
