[2025-01-31T14:27:50.418+0000] {processor.py:186} INFO - Started process (PID=111) to work on /home/airflow/.local/lib/python3.12/site-packages/airflow/example_dags/example_task_group.py
[2025-01-31T14:27:50.419+0000] {processor.py:914} INFO - Processing file /home/airflow/.local/lib/python3.12/site-packages/airflow/example_dags/example_task_group.py for tasks to queue
[2025-01-31T14:27:50.422+0000] {logging_mixin.py:190} INFO - [2025-01-31T14:27:50.421+0000] {dagbag.py:588} INFO - Filling up the DagBag from /home/airflow/.local/lib/python3.12/site-packages/airflow/example_dags/example_task_group.py
[2025-01-31T14:27:50.433+0000] {processor.py:925} INFO - DAG(s) 'example_task_group' retrieved from /home/airflow/.local/lib/python3.12/site-packages/airflow/example_dags/example_task_group.py
[2025-01-31T14:27:50.542+0000] {logging_mixin.py:190} INFO - [2025-01-31T14:27:50.542+0000] {override.py:1911} INFO - Created Permission View: can delete on DAG:example_task_group
[2025-01-31T14:27:50.552+0000] {logging_mixin.py:190} INFO - [2025-01-31T14:27:50.551+0000] {override.py:1911} INFO - Created Permission View: can edit on DAG:example_task_group
[2025-01-31T14:27:50.557+0000] {logging_mixin.py:190} INFO - [2025-01-31T14:27:50.557+0000] {override.py:1911} INFO - Created Permission View: can read on DAG:example_task_group
[2025-01-31T14:27:50.563+0000] {logging_mixin.py:190} INFO - [2025-01-31T14:27:50.563+0000] {override.py:1911} INFO - Created Permission View: menu access on DAG Run:example_task_group
[2025-01-31T14:27:50.569+0000] {logging_mixin.py:190} INFO - [2025-01-31T14:27:50.568+0000] {override.py:1911} INFO - Created Permission View: can create on DAG Run:example_task_group
[2025-01-31T14:27:50.574+0000] {logging_mixin.py:190} INFO - [2025-01-31T14:27:50.574+0000] {override.py:1911} INFO - Created Permission View: can delete on DAG Run:example_task_group
[2025-01-31T14:27:50.580+0000] {logging_mixin.py:190} INFO - [2025-01-31T14:27:50.579+0000] {override.py:1911} INFO - Created Permission View: can read on DAG Run:example_task_group
[2025-01-31T14:27:50.580+0000] {logging_mixin.py:190} INFO - [2025-01-31T14:27:50.580+0000] {dag.py:3239} INFO - Sync 1 DAGs
[2025-01-31T14:27:50.594+0000] {logging_mixin.py:190} INFO - [2025-01-31T14:27:50.594+0000] {dag.py:3262} INFO - Creating ORM DAG for example_task_group
[2025-01-31T14:27:50.595+0000] {logging_mixin.py:190} INFO - [2025-01-31T14:27:50.595+0000] {dag.py:4180} INFO - Setting next_dagrun for example_task_group to None, run_after=None
[2025-01-31T14:27:50.611+0000] {processor.py:208} INFO - Processing /home/airflow/.local/lib/python3.12/site-packages/airflow/example_dags/example_task_group.py took 0.200 seconds
[2025-01-31T14:28:21.085+0000] {processor.py:186} INFO - Started process (PID=176) to work on /home/airflow/.local/lib/python3.12/site-packages/airflow/example_dags/example_task_group.py
[2025-01-31T14:28:21.086+0000] {processor.py:914} INFO - Processing file /home/airflow/.local/lib/python3.12/site-packages/airflow/example_dags/example_task_group.py for tasks to queue
[2025-01-31T14:28:21.087+0000] {logging_mixin.py:190} INFO - [2025-01-31T14:28:21.087+0000] {dagbag.py:588} INFO - Filling up the DagBag from /home/airflow/.local/lib/python3.12/site-packages/airflow/example_dags/example_task_group.py
[2025-01-31T14:28:21.094+0000] {processor.py:925} INFO - DAG(s) 'example_task_group' retrieved from /home/airflow/.local/lib/python3.12/site-packages/airflow/example_dags/example_task_group.py
[2025-01-31T14:28:21.111+0000] {logging_mixin.py:190} INFO - [2025-01-31T14:28:21.111+0000] {dag.py:3239} INFO - Sync 1 DAGs
[2025-01-31T14:28:21.122+0000] {logging_mixin.py:190} INFO - [2025-01-31T14:28:21.122+0000] {dag.py:4180} INFO - Setting next_dagrun for example_task_group to None, run_after=None
[2025-01-31T14:28:21.134+0000] {processor.py:208} INFO - Processing /home/airflow/.local/lib/python3.12/site-packages/airflow/example_dags/example_task_group.py took 0.054 seconds
[2025-01-31T14:28:51.199+0000] {processor.py:186} INFO - Started process (PID=240) to work on /home/airflow/.local/lib/python3.12/site-packages/airflow/example_dags/example_task_group.py
[2025-01-31T14:28:51.200+0000] {processor.py:914} INFO - Processing file /home/airflow/.local/lib/python3.12/site-packages/airflow/example_dags/example_task_group.py for tasks to queue
[2025-01-31T14:28:51.201+0000] {logging_mixin.py:190} INFO - [2025-01-31T14:28:51.201+0000] {dagbag.py:588} INFO - Filling up the DagBag from /home/airflow/.local/lib/python3.12/site-packages/airflow/example_dags/example_task_group.py
[2025-01-31T14:28:51.208+0000] {processor.py:925} INFO - DAG(s) 'example_task_group' retrieved from /home/airflow/.local/lib/python3.12/site-packages/airflow/example_dags/example_task_group.py
[2025-01-31T14:28:51.224+0000] {logging_mixin.py:190} INFO - [2025-01-31T14:28:51.224+0000] {dag.py:3239} INFO - Sync 1 DAGs
[2025-01-31T14:28:51.234+0000] {logging_mixin.py:190} INFO - [2025-01-31T14:28:51.234+0000] {dag.py:4180} INFO - Setting next_dagrun for example_task_group to None, run_after=None
[2025-01-31T14:28:51.246+0000] {processor.py:208} INFO - Processing /home/airflow/.local/lib/python3.12/site-packages/airflow/example_dags/example_task_group.py took 0.051 seconds
[2025-01-31T14:29:21.709+0000] {processor.py:186} INFO - Started process (PID=306) to work on /home/airflow/.local/lib/python3.12/site-packages/airflow/example_dags/example_task_group.py
[2025-01-31T14:29:21.710+0000] {processor.py:914} INFO - Processing file /home/airflow/.local/lib/python3.12/site-packages/airflow/example_dags/example_task_group.py for tasks to queue
[2025-01-31T14:29:21.711+0000] {logging_mixin.py:190} INFO - [2025-01-31T14:29:21.711+0000] {dagbag.py:588} INFO - Filling up the DagBag from /home/airflow/.local/lib/python3.12/site-packages/airflow/example_dags/example_task_group.py
[2025-01-31T14:29:21.718+0000] {processor.py:925} INFO - DAG(s) 'example_task_group' retrieved from /home/airflow/.local/lib/python3.12/site-packages/airflow/example_dags/example_task_group.py
[2025-01-31T14:29:21.737+0000] {logging_mixin.py:190} INFO - [2025-01-31T14:29:21.736+0000] {dag.py:3239} INFO - Sync 1 DAGs
[2025-01-31T14:29:21.750+0000] {logging_mixin.py:190} INFO - [2025-01-31T14:29:21.750+0000] {dag.py:4180} INFO - Setting next_dagrun for example_task_group to None, run_after=None
[2025-01-31T14:29:21.764+0000] {processor.py:208} INFO - Processing /home/airflow/.local/lib/python3.12/site-packages/airflow/example_dags/example_task_group.py took 0.060 seconds
[2025-01-31T14:29:52.678+0000] {processor.py:186} INFO - Started process (PID=371) to work on /home/airflow/.local/lib/python3.12/site-packages/airflow/example_dags/example_task_group.py
[2025-01-31T14:29:52.679+0000] {processor.py:914} INFO - Processing file /home/airflow/.local/lib/python3.12/site-packages/airflow/example_dags/example_task_group.py for tasks to queue
[2025-01-31T14:29:52.681+0000] {logging_mixin.py:190} INFO - [2025-01-31T14:29:52.681+0000] {dagbag.py:588} INFO - Filling up the DagBag from /home/airflow/.local/lib/python3.12/site-packages/airflow/example_dags/example_task_group.py
[2025-01-31T14:29:52.689+0000] {processor.py:925} INFO - DAG(s) 'example_task_group' retrieved from /home/airflow/.local/lib/python3.12/site-packages/airflow/example_dags/example_task_group.py
[2025-01-31T14:29:52.711+0000] {logging_mixin.py:190} INFO - [2025-01-31T14:29:52.711+0000] {dag.py:3239} INFO - Sync 1 DAGs
[2025-01-31T14:29:52.726+0000] {logging_mixin.py:190} INFO - [2025-01-31T14:29:52.726+0000] {dag.py:4180} INFO - Setting next_dagrun for example_task_group to None, run_after=None
[2025-01-31T14:29:52.743+0000] {processor.py:208} INFO - Processing /home/airflow/.local/lib/python3.12/site-packages/airflow/example_dags/example_task_group.py took 0.070 seconds
[2025-01-31T14:30:23.485+0000] {processor.py:186} INFO - Started process (PID=436) to work on /home/airflow/.local/lib/python3.12/site-packages/airflow/example_dags/example_task_group.py
[2025-01-31T14:30:23.485+0000] {processor.py:914} INFO - Processing file /home/airflow/.local/lib/python3.12/site-packages/airflow/example_dags/example_task_group.py for tasks to queue
[2025-01-31T14:30:23.487+0000] {logging_mixin.py:190} INFO - [2025-01-31T14:30:23.487+0000] {dagbag.py:588} INFO - Filling up the DagBag from /home/airflow/.local/lib/python3.12/site-packages/airflow/example_dags/example_task_group.py
[2025-01-31T14:30:23.494+0000] {processor.py:925} INFO - DAG(s) 'example_task_group' retrieved from /home/airflow/.local/lib/python3.12/site-packages/airflow/example_dags/example_task_group.py
[2025-01-31T14:30:23.512+0000] {logging_mixin.py:190} INFO - [2025-01-31T14:30:23.511+0000] {dag.py:3239} INFO - Sync 1 DAGs
[2025-01-31T14:30:23.523+0000] {logging_mixin.py:190} INFO - [2025-01-31T14:30:23.523+0000] {dag.py:4180} INFO - Setting next_dagrun for example_task_group to None, run_after=None
[2025-01-31T14:30:23.536+0000] {processor.py:208} INFO - Processing /home/airflow/.local/lib/python3.12/site-packages/airflow/example_dags/example_task_group.py took 0.057 seconds
[2025-01-31T14:30:54.494+0000] {processor.py:186} INFO - Started process (PID=501) to work on /home/airflow/.local/lib/python3.12/site-packages/airflow/example_dags/example_task_group.py
[2025-01-31T14:30:54.495+0000] {processor.py:914} INFO - Processing file /home/airflow/.local/lib/python3.12/site-packages/airflow/example_dags/example_task_group.py for tasks to queue
[2025-01-31T14:30:54.496+0000] {logging_mixin.py:190} INFO - [2025-01-31T14:30:54.496+0000] {dagbag.py:588} INFO - Filling up the DagBag from /home/airflow/.local/lib/python3.12/site-packages/airflow/example_dags/example_task_group.py
[2025-01-31T14:30:54.503+0000] {processor.py:925} INFO - DAG(s) 'example_task_group' retrieved from /home/airflow/.local/lib/python3.12/site-packages/airflow/example_dags/example_task_group.py
[2025-01-31T14:30:54.519+0000] {logging_mixin.py:190} INFO - [2025-01-31T14:30:54.519+0000] {dag.py:3239} INFO - Sync 1 DAGs
[2025-01-31T14:30:54.530+0000] {logging_mixin.py:190} INFO - [2025-01-31T14:30:54.530+0000] {dag.py:4180} INFO - Setting next_dagrun for example_task_group to None, run_after=None
[2025-01-31T14:30:54.542+0000] {processor.py:208} INFO - Processing /home/airflow/.local/lib/python3.12/site-packages/airflow/example_dags/example_task_group.py took 0.053 seconds
[2025-01-31T14:31:24.827+0000] {processor.py:186} INFO - Started process (PID=565) to work on /home/airflow/.local/lib/python3.12/site-packages/airflow/example_dags/example_task_group.py
[2025-01-31T14:31:24.827+0000] {processor.py:914} INFO - Processing file /home/airflow/.local/lib/python3.12/site-packages/airflow/example_dags/example_task_group.py for tasks to queue
[2025-01-31T14:31:24.829+0000] {logging_mixin.py:190} INFO - [2025-01-31T14:31:24.829+0000] {dagbag.py:588} INFO - Filling up the DagBag from /home/airflow/.local/lib/python3.12/site-packages/airflow/example_dags/example_task_group.py
[2025-01-31T14:31:24.836+0000] {processor.py:925} INFO - DAG(s) 'example_task_group' retrieved from /home/airflow/.local/lib/python3.12/site-packages/airflow/example_dags/example_task_group.py
[2025-01-31T14:31:24.855+0000] {logging_mixin.py:190} INFO - [2025-01-31T14:31:24.855+0000] {dag.py:3239} INFO - Sync 1 DAGs
[2025-01-31T14:31:24.868+0000] {logging_mixin.py:190} INFO - [2025-01-31T14:31:24.867+0000] {dag.py:4180} INFO - Setting next_dagrun for example_task_group to None, run_after=None
[2025-01-31T14:31:24.885+0000] {processor.py:208} INFO - Processing /home/airflow/.local/lib/python3.12/site-packages/airflow/example_dags/example_task_group.py took 0.063 seconds
[2025-01-31T14:31:55.708+0000] {processor.py:186} INFO - Started process (PID=631) to work on /home/airflow/.local/lib/python3.12/site-packages/airflow/example_dags/example_task_group.py
[2025-01-31T14:31:55.709+0000] {processor.py:914} INFO - Processing file /home/airflow/.local/lib/python3.12/site-packages/airflow/example_dags/example_task_group.py for tasks to queue
[2025-01-31T14:31:55.710+0000] {logging_mixin.py:190} INFO - [2025-01-31T14:31:55.710+0000] {dagbag.py:588} INFO - Filling up the DagBag from /home/airflow/.local/lib/python3.12/site-packages/airflow/example_dags/example_task_group.py
[2025-01-31T14:31:55.717+0000] {processor.py:925} INFO - DAG(s) 'example_task_group' retrieved from /home/airflow/.local/lib/python3.12/site-packages/airflow/example_dags/example_task_group.py
[2025-01-31T14:31:55.732+0000] {logging_mixin.py:190} INFO - [2025-01-31T14:31:55.732+0000] {dag.py:3239} INFO - Sync 1 DAGs
[2025-01-31T14:31:55.743+0000] {logging_mixin.py:190} INFO - [2025-01-31T14:31:55.743+0000] {dag.py:4180} INFO - Setting next_dagrun for example_task_group to None, run_after=None
[2025-01-31T14:31:55.755+0000] {processor.py:208} INFO - Processing /home/airflow/.local/lib/python3.12/site-packages/airflow/example_dags/example_task_group.py took 0.051 seconds
[2025-01-31T14:32:26.950+0000] {processor.py:186} INFO - Started process (PID=695) to work on /home/airflow/.local/lib/python3.12/site-packages/airflow/example_dags/example_task_group.py
[2025-01-31T14:32:26.951+0000] {processor.py:914} INFO - Processing file /home/airflow/.local/lib/python3.12/site-packages/airflow/example_dags/example_task_group.py for tasks to queue
[2025-01-31T14:32:26.953+0000] {logging_mixin.py:190} INFO - [2025-01-31T14:32:26.953+0000] {dagbag.py:588} INFO - Filling up the DagBag from /home/airflow/.local/lib/python3.12/site-packages/airflow/example_dags/example_task_group.py
[2025-01-31T14:32:26.962+0000] {processor.py:925} INFO - DAG(s) 'example_task_group' retrieved from /home/airflow/.local/lib/python3.12/site-packages/airflow/example_dags/example_task_group.py
[2025-01-31T14:32:26.984+0000] {logging_mixin.py:190} INFO - [2025-01-31T14:32:26.983+0000] {dag.py:3239} INFO - Sync 1 DAGs
[2025-01-31T14:32:26.999+0000] {logging_mixin.py:190} INFO - [2025-01-31T14:32:26.999+0000] {dag.py:4180} INFO - Setting next_dagrun for example_task_group to None, run_after=None
[2025-01-31T14:32:27.016+0000] {processor.py:208} INFO - Processing /home/airflow/.local/lib/python3.12/site-packages/airflow/example_dags/example_task_group.py took 0.071 seconds
[2025-01-31T14:32:57.694+0000] {processor.py:186} INFO - Started process (PID=761) to work on /home/airflow/.local/lib/python3.12/site-packages/airflow/example_dags/example_task_group.py
[2025-01-31T14:32:57.695+0000] {processor.py:914} INFO - Processing file /home/airflow/.local/lib/python3.12/site-packages/airflow/example_dags/example_task_group.py for tasks to queue
[2025-01-31T14:32:57.697+0000] {logging_mixin.py:190} INFO - [2025-01-31T14:32:57.696+0000] {dagbag.py:588} INFO - Filling up the DagBag from /home/airflow/.local/lib/python3.12/site-packages/airflow/example_dags/example_task_group.py
[2025-01-31T14:32:57.704+0000] {processor.py:925} INFO - DAG(s) 'example_task_group' retrieved from /home/airflow/.local/lib/python3.12/site-packages/airflow/example_dags/example_task_group.py
[2025-01-31T14:32:57.725+0000] {logging_mixin.py:190} INFO - [2025-01-31T14:32:57.725+0000] {dag.py:3239} INFO - Sync 1 DAGs
[2025-01-31T14:32:57.739+0000] {logging_mixin.py:190} INFO - [2025-01-31T14:32:57.739+0000] {dag.py:4180} INFO - Setting next_dagrun for example_task_group to None, run_after=None
[2025-01-31T14:32:57.752+0000] {processor.py:208} INFO - Processing /home/airflow/.local/lib/python3.12/site-packages/airflow/example_dags/example_task_group.py took 0.063 seconds
[2025-01-31T14:33:28.542+0000] {processor.py:186} INFO - Started process (PID=827) to work on /home/airflow/.local/lib/python3.12/site-packages/airflow/example_dags/example_task_group.py
[2025-01-31T14:33:28.543+0000] {processor.py:914} INFO - Processing file /home/airflow/.local/lib/python3.12/site-packages/airflow/example_dags/example_task_group.py for tasks to queue
[2025-01-31T14:33:28.544+0000] {logging_mixin.py:190} INFO - [2025-01-31T14:33:28.544+0000] {dagbag.py:588} INFO - Filling up the DagBag from /home/airflow/.local/lib/python3.12/site-packages/airflow/example_dags/example_task_group.py
[2025-01-31T14:33:28.551+0000] {processor.py:925} INFO - DAG(s) 'example_task_group' retrieved from /home/airflow/.local/lib/python3.12/site-packages/airflow/example_dags/example_task_group.py
[2025-01-31T14:33:28.571+0000] {logging_mixin.py:190} INFO - [2025-01-31T14:33:28.570+0000] {dag.py:3239} INFO - Sync 1 DAGs
[2025-01-31T14:33:28.585+0000] {logging_mixin.py:190} INFO - [2025-01-31T14:33:28.585+0000] {dag.py:4180} INFO - Setting next_dagrun for example_task_group to None, run_after=None
[2025-01-31T14:33:28.601+0000] {processor.py:208} INFO - Processing /home/airflow/.local/lib/python3.12/site-packages/airflow/example_dags/example_task_group.py took 0.062 seconds
[2025-01-31T14:34:00.167+0000] {processor.py:186} INFO - Started process (PID=892) to work on /home/airflow/.local/lib/python3.12/site-packages/airflow/example_dags/example_task_group.py
[2025-01-31T14:34:00.167+0000] {processor.py:914} INFO - Processing file /home/airflow/.local/lib/python3.12/site-packages/airflow/example_dags/example_task_group.py for tasks to queue
[2025-01-31T14:34:00.170+0000] {logging_mixin.py:190} INFO - [2025-01-31T14:34:00.169+0000] {dagbag.py:588} INFO - Filling up the DagBag from /home/airflow/.local/lib/python3.12/site-packages/airflow/example_dags/example_task_group.py
[2025-01-31T14:34:00.177+0000] {processor.py:925} INFO - DAG(s) 'example_task_group' retrieved from /home/airflow/.local/lib/python3.12/site-packages/airflow/example_dags/example_task_group.py
[2025-01-31T14:34:00.195+0000] {logging_mixin.py:190} INFO - [2025-01-31T14:34:00.195+0000] {dag.py:3239} INFO - Sync 1 DAGs
[2025-01-31T14:34:00.207+0000] {logging_mixin.py:190} INFO - [2025-01-31T14:34:00.207+0000] {dag.py:4180} INFO - Setting next_dagrun for example_task_group to None, run_after=None
[2025-01-31T14:34:00.221+0000] {processor.py:208} INFO - Processing /home/airflow/.local/lib/python3.12/site-packages/airflow/example_dags/example_task_group.py took 0.060 seconds
[2025-01-31T14:34:31.014+0000] {processor.py:186} INFO - Started process (PID=957) to work on /home/airflow/.local/lib/python3.12/site-packages/airflow/example_dags/example_task_group.py
[2025-01-31T14:34:31.014+0000] {processor.py:914} INFO - Processing file /home/airflow/.local/lib/python3.12/site-packages/airflow/example_dags/example_task_group.py for tasks to queue
[2025-01-31T14:34:31.016+0000] {logging_mixin.py:190} INFO - [2025-01-31T14:34:31.016+0000] {dagbag.py:588} INFO - Filling up the DagBag from /home/airflow/.local/lib/python3.12/site-packages/airflow/example_dags/example_task_group.py
[2025-01-31T14:34:31.023+0000] {processor.py:925} INFO - DAG(s) 'example_task_group' retrieved from /home/airflow/.local/lib/python3.12/site-packages/airflow/example_dags/example_task_group.py
[2025-01-31T14:34:31.040+0000] {logging_mixin.py:190} INFO - [2025-01-31T14:34:31.040+0000] {dag.py:3239} INFO - Sync 1 DAGs
[2025-01-31T14:34:31.051+0000] {logging_mixin.py:190} INFO - [2025-01-31T14:34:31.051+0000] {dag.py:4180} INFO - Setting next_dagrun for example_task_group to None, run_after=None
[2025-01-31T14:34:31.064+0000] {processor.py:208} INFO - Processing /home/airflow/.local/lib/python3.12/site-packages/airflow/example_dags/example_task_group.py took 0.056 seconds
[2025-01-31T14:35:02.052+0000] {processor.py:186} INFO - Started process (PID=1023) to work on /home/airflow/.local/lib/python3.12/site-packages/airflow/example_dags/example_task_group.py
[2025-01-31T14:35:02.053+0000] {processor.py:914} INFO - Processing file /home/airflow/.local/lib/python3.12/site-packages/airflow/example_dags/example_task_group.py for tasks to queue
[2025-01-31T14:35:02.055+0000] {logging_mixin.py:190} INFO - [2025-01-31T14:35:02.055+0000] {dagbag.py:588} INFO - Filling up the DagBag from /home/airflow/.local/lib/python3.12/site-packages/airflow/example_dags/example_task_group.py
[2025-01-31T14:35:02.064+0000] {processor.py:925} INFO - DAG(s) 'example_task_group' retrieved from /home/airflow/.local/lib/python3.12/site-packages/airflow/example_dags/example_task_group.py
[2025-01-31T14:35:02.083+0000] {logging_mixin.py:190} INFO - [2025-01-31T14:35:02.083+0000] {dag.py:3239} INFO - Sync 1 DAGs
[2025-01-31T14:35:02.095+0000] {logging_mixin.py:190} INFO - [2025-01-31T14:35:02.095+0000] {dag.py:4180} INFO - Setting next_dagrun for example_task_group to None, run_after=None
[2025-01-31T14:35:02.109+0000] {processor.py:208} INFO - Processing /home/airflow/.local/lib/python3.12/site-packages/airflow/example_dags/example_task_group.py took 0.063 seconds
[2025-01-31T14:35:32.518+0000] {processor.py:186} INFO - Started process (PID=1088) to work on /home/airflow/.local/lib/python3.12/site-packages/airflow/example_dags/example_task_group.py
[2025-01-31T14:35:32.518+0000] {processor.py:914} INFO - Processing file /home/airflow/.local/lib/python3.12/site-packages/airflow/example_dags/example_task_group.py for tasks to queue
[2025-01-31T14:35:32.520+0000] {logging_mixin.py:190} INFO - [2025-01-31T14:35:32.520+0000] {dagbag.py:588} INFO - Filling up the DagBag from /home/airflow/.local/lib/python3.12/site-packages/airflow/example_dags/example_task_group.py
[2025-01-31T14:35:32.530+0000] {processor.py:925} INFO - DAG(s) 'example_task_group' retrieved from /home/airflow/.local/lib/python3.12/site-packages/airflow/example_dags/example_task_group.py
[2025-01-31T14:35:32.554+0000] {logging_mixin.py:190} INFO - [2025-01-31T14:35:32.554+0000] {dag.py:3239} INFO - Sync 1 DAGs
[2025-01-31T14:35:32.569+0000] {logging_mixin.py:190} INFO - [2025-01-31T14:35:32.569+0000] {dag.py:4180} INFO - Setting next_dagrun for example_task_group to None, run_after=None
[2025-01-31T14:35:32.587+0000] {processor.py:208} INFO - Processing /home/airflow/.local/lib/python3.12/site-packages/airflow/example_dags/example_task_group.py took 0.076 seconds
[2025-01-31T14:36:03.925+0000] {processor.py:186} INFO - Started process (PID=1153) to work on /home/airflow/.local/lib/python3.12/site-packages/airflow/example_dags/example_task_group.py
[2025-01-31T14:36:03.926+0000] {processor.py:914} INFO - Processing file /home/airflow/.local/lib/python3.12/site-packages/airflow/example_dags/example_task_group.py for tasks to queue
[2025-01-31T14:36:03.928+0000] {logging_mixin.py:190} INFO - [2025-01-31T14:36:03.928+0000] {dagbag.py:588} INFO - Filling up the DagBag from /home/airflow/.local/lib/python3.12/site-packages/airflow/example_dags/example_task_group.py
[2025-01-31T14:36:03.935+0000] {processor.py:925} INFO - DAG(s) 'example_task_group' retrieved from /home/airflow/.local/lib/python3.12/site-packages/airflow/example_dags/example_task_group.py
[2025-01-31T14:36:03.952+0000] {logging_mixin.py:190} INFO - [2025-01-31T14:36:03.952+0000] {dag.py:3239} INFO - Sync 1 DAGs
[2025-01-31T14:36:03.963+0000] {logging_mixin.py:190} INFO - [2025-01-31T14:36:03.963+0000] {dag.py:4180} INFO - Setting next_dagrun for example_task_group to None, run_after=None
[2025-01-31T14:36:03.977+0000] {processor.py:208} INFO - Processing /home/airflow/.local/lib/python3.12/site-packages/airflow/example_dags/example_task_group.py took 0.058 seconds
[2025-01-31T14:36:35.290+0000] {processor.py:186} INFO - Started process (PID=1219) to work on /home/airflow/.local/lib/python3.12/site-packages/airflow/example_dags/example_task_group.py
[2025-01-31T14:36:35.290+0000] {processor.py:914} INFO - Processing file /home/airflow/.local/lib/python3.12/site-packages/airflow/example_dags/example_task_group.py for tasks to queue
[2025-01-31T14:36:35.292+0000] {logging_mixin.py:190} INFO - [2025-01-31T14:36:35.292+0000] {dagbag.py:588} INFO - Filling up the DagBag from /home/airflow/.local/lib/python3.12/site-packages/airflow/example_dags/example_task_group.py
[2025-01-31T14:36:35.299+0000] {processor.py:925} INFO - DAG(s) 'example_task_group' retrieved from /home/airflow/.local/lib/python3.12/site-packages/airflow/example_dags/example_task_group.py
[2025-01-31T14:36:35.319+0000] {logging_mixin.py:190} INFO - [2025-01-31T14:36:35.319+0000] {dag.py:3239} INFO - Sync 1 DAGs
[2025-01-31T14:36:35.333+0000] {logging_mixin.py:190} INFO - [2025-01-31T14:36:35.333+0000] {dag.py:4180} INFO - Setting next_dagrun for example_task_group to None, run_after=None
[2025-01-31T14:36:35.348+0000] {processor.py:208} INFO - Processing /home/airflow/.local/lib/python3.12/site-packages/airflow/example_dags/example_task_group.py took 0.063 seconds
[2025-01-31T14:37:06.512+0000] {processor.py:186} INFO - Started process (PID=1284) to work on /home/airflow/.local/lib/python3.12/site-packages/airflow/example_dags/example_task_group.py
[2025-01-31T14:37:06.512+0000] {processor.py:914} INFO - Processing file /home/airflow/.local/lib/python3.12/site-packages/airflow/example_dags/example_task_group.py for tasks to queue
[2025-01-31T14:37:06.514+0000] {logging_mixin.py:190} INFO - [2025-01-31T14:37:06.514+0000] {dagbag.py:588} INFO - Filling up the DagBag from /home/airflow/.local/lib/python3.12/site-packages/airflow/example_dags/example_task_group.py
[2025-01-31T14:37:06.520+0000] {processor.py:925} INFO - DAG(s) 'example_task_group' retrieved from /home/airflow/.local/lib/python3.12/site-packages/airflow/example_dags/example_task_group.py
[2025-01-31T14:37:06.536+0000] {logging_mixin.py:190} INFO - [2025-01-31T14:37:06.536+0000] {dag.py:3239} INFO - Sync 1 DAGs
[2025-01-31T14:37:06.549+0000] {logging_mixin.py:190} INFO - [2025-01-31T14:37:06.549+0000] {dag.py:4180} INFO - Setting next_dagrun for example_task_group to None, run_after=None
[2025-01-31T14:37:06.562+0000] {processor.py:208} INFO - Processing /home/airflow/.local/lib/python3.12/site-packages/airflow/example_dags/example_task_group.py took 0.055 seconds
[2025-01-31T14:37:38.075+0000] {processor.py:186} INFO - Started process (PID=1349) to work on /home/airflow/.local/lib/python3.12/site-packages/airflow/example_dags/example_task_group.py
[2025-01-31T14:37:38.075+0000] {processor.py:914} INFO - Processing file /home/airflow/.local/lib/python3.12/site-packages/airflow/example_dags/example_task_group.py for tasks to queue
[2025-01-31T14:37:38.077+0000] {logging_mixin.py:190} INFO - [2025-01-31T14:37:38.077+0000] {dagbag.py:588} INFO - Filling up the DagBag from /home/airflow/.local/lib/python3.12/site-packages/airflow/example_dags/example_task_group.py
[2025-01-31T14:37:38.084+0000] {processor.py:925} INFO - DAG(s) 'example_task_group' retrieved from /home/airflow/.local/lib/python3.12/site-packages/airflow/example_dags/example_task_group.py
[2025-01-31T14:37:38.100+0000] {logging_mixin.py:190} INFO - [2025-01-31T14:37:38.100+0000] {dag.py:3239} INFO - Sync 1 DAGs
[2025-01-31T14:37:38.111+0000] {logging_mixin.py:190} INFO - [2025-01-31T14:37:38.111+0000] {dag.py:4180} INFO - Setting next_dagrun for example_task_group to None, run_after=None
[2025-01-31T14:37:38.124+0000] {processor.py:208} INFO - Processing /home/airflow/.local/lib/python3.12/site-packages/airflow/example_dags/example_task_group.py took 0.054 seconds
[2025-01-31T14:38:09.088+0000] {processor.py:186} INFO - Started process (PID=1414) to work on /home/airflow/.local/lib/python3.12/site-packages/airflow/example_dags/example_task_group.py
[2025-01-31T14:38:09.088+0000] {processor.py:914} INFO - Processing file /home/airflow/.local/lib/python3.12/site-packages/airflow/example_dags/example_task_group.py for tasks to queue
[2025-01-31T14:38:09.090+0000] {logging_mixin.py:190} INFO - [2025-01-31T14:38:09.089+0000] {dagbag.py:588} INFO - Filling up the DagBag from /home/airflow/.local/lib/python3.12/site-packages/airflow/example_dags/example_task_group.py
[2025-01-31T14:38:09.097+0000] {processor.py:925} INFO - DAG(s) 'example_task_group' retrieved from /home/airflow/.local/lib/python3.12/site-packages/airflow/example_dags/example_task_group.py
[2025-01-31T14:38:09.113+0000] {logging_mixin.py:190} INFO - [2025-01-31T14:38:09.113+0000] {dag.py:3239} INFO - Sync 1 DAGs
[2025-01-31T14:38:09.124+0000] {logging_mixin.py:190} INFO - [2025-01-31T14:38:09.124+0000] {dag.py:4180} INFO - Setting next_dagrun for example_task_group to None, run_after=None
[2025-01-31T14:38:09.137+0000] {processor.py:208} INFO - Processing /home/airflow/.local/lib/python3.12/site-packages/airflow/example_dags/example_task_group.py took 0.054 seconds
[2025-01-31T14:38:40.276+0000] {processor.py:186} INFO - Started process (PID=1479) to work on /home/airflow/.local/lib/python3.12/site-packages/airflow/example_dags/example_task_group.py
[2025-01-31T14:38:40.277+0000] {processor.py:914} INFO - Processing file /home/airflow/.local/lib/python3.12/site-packages/airflow/example_dags/example_task_group.py for tasks to queue
[2025-01-31T14:38:40.279+0000] {logging_mixin.py:190} INFO - [2025-01-31T14:38:40.279+0000] {dagbag.py:588} INFO - Filling up the DagBag from /home/airflow/.local/lib/python3.12/site-packages/airflow/example_dags/example_task_group.py
[2025-01-31T14:38:40.289+0000] {processor.py:925} INFO - DAG(s) 'example_task_group' retrieved from /home/airflow/.local/lib/python3.12/site-packages/airflow/example_dags/example_task_group.py
[2025-01-31T14:38:40.312+0000] {logging_mixin.py:190} INFO - [2025-01-31T14:38:40.312+0000] {dag.py:3239} INFO - Sync 1 DAGs
[2025-01-31T14:38:40.323+0000] {logging_mixin.py:190} INFO - [2025-01-31T14:38:40.323+0000] {dag.py:4180} INFO - Setting next_dagrun for example_task_group to None, run_after=None
[2025-01-31T14:38:40.339+0000] {processor.py:208} INFO - Processing /home/airflow/.local/lib/python3.12/site-packages/airflow/example_dags/example_task_group.py took 0.070 seconds
[2025-01-31T14:39:11.597+0000] {processor.py:186} INFO - Started process (PID=1551) to work on /home/airflow/.local/lib/python3.12/site-packages/airflow/example_dags/example_task_group.py
[2025-01-31T14:39:11.597+0000] {processor.py:914} INFO - Processing file /home/airflow/.local/lib/python3.12/site-packages/airflow/example_dags/example_task_group.py for tasks to queue
[2025-01-31T14:39:11.599+0000] {logging_mixin.py:190} INFO - [2025-01-31T14:39:11.599+0000] {dagbag.py:588} INFO - Filling up the DagBag from /home/airflow/.local/lib/python3.12/site-packages/airflow/example_dags/example_task_group.py
[2025-01-31T14:39:11.608+0000] {processor.py:925} INFO - DAG(s) 'example_task_group' retrieved from /home/airflow/.local/lib/python3.12/site-packages/airflow/example_dags/example_task_group.py
[2025-01-31T14:39:11.625+0000] {logging_mixin.py:190} INFO - [2025-01-31T14:39:11.625+0000] {dag.py:3239} INFO - Sync 1 DAGs
[2025-01-31T14:39:11.636+0000] {logging_mixin.py:190} INFO - [2025-01-31T14:39:11.636+0000] {dag.py:4180} INFO - Setting next_dagrun for example_task_group to None, run_after=None
[2025-01-31T14:39:11.650+0000] {processor.py:208} INFO - Processing /home/airflow/.local/lib/python3.12/site-packages/airflow/example_dags/example_task_group.py took 0.058 seconds
[2025-01-31T14:39:42.918+0000] {processor.py:186} INFO - Started process (PID=1615) to work on /home/airflow/.local/lib/python3.12/site-packages/airflow/example_dags/example_task_group.py
[2025-01-31T14:39:42.918+0000] {processor.py:914} INFO - Processing file /home/airflow/.local/lib/python3.12/site-packages/airflow/example_dags/example_task_group.py for tasks to queue
[2025-01-31T14:39:42.921+0000] {logging_mixin.py:190} INFO - [2025-01-31T14:39:42.920+0000] {dagbag.py:588} INFO - Filling up the DagBag from /home/airflow/.local/lib/python3.12/site-packages/airflow/example_dags/example_task_group.py
[2025-01-31T14:39:42.929+0000] {processor.py:925} INFO - DAG(s) 'example_task_group' retrieved from /home/airflow/.local/lib/python3.12/site-packages/airflow/example_dags/example_task_group.py
[2025-01-31T14:39:42.946+0000] {logging_mixin.py:190} INFO - [2025-01-31T14:39:42.946+0000] {dag.py:3239} INFO - Sync 1 DAGs
[2025-01-31T14:39:42.961+0000] {logging_mixin.py:190} INFO - [2025-01-31T14:39:42.961+0000] {dag.py:4180} INFO - Setting next_dagrun for example_task_group to None, run_after=None
[2025-01-31T14:39:42.974+0000] {processor.py:208} INFO - Processing /home/airflow/.local/lib/python3.12/site-packages/airflow/example_dags/example_task_group.py took 0.062 seconds
[2025-01-31T14:40:13.850+0000] {processor.py:186} INFO - Started process (PID=1680) to work on /home/airflow/.local/lib/python3.12/site-packages/airflow/example_dags/example_task_group.py
[2025-01-31T14:40:13.851+0000] {processor.py:914} INFO - Processing file /home/airflow/.local/lib/python3.12/site-packages/airflow/example_dags/example_task_group.py for tasks to queue
[2025-01-31T14:40:13.853+0000] {logging_mixin.py:190} INFO - [2025-01-31T14:40:13.852+0000] {dagbag.py:588} INFO - Filling up the DagBag from /home/airflow/.local/lib/python3.12/site-packages/airflow/example_dags/example_task_group.py
[2025-01-31T14:40:13.859+0000] {processor.py:925} INFO - DAG(s) 'example_task_group' retrieved from /home/airflow/.local/lib/python3.12/site-packages/airflow/example_dags/example_task_group.py
[2025-01-31T14:40:13.876+0000] {logging_mixin.py:190} INFO - [2025-01-31T14:40:13.876+0000] {dag.py:3239} INFO - Sync 1 DAGs
[2025-01-31T14:40:13.889+0000] {logging_mixin.py:190} INFO - [2025-01-31T14:40:13.889+0000] {dag.py:4180} INFO - Setting next_dagrun for example_task_group to None, run_after=None
[2025-01-31T14:40:13.903+0000] {processor.py:208} INFO - Processing /home/airflow/.local/lib/python3.12/site-packages/airflow/example_dags/example_task_group.py took 0.057 seconds
[2025-01-31T14:40:44.995+0000] {processor.py:186} INFO - Started process (PID=1745) to work on /home/airflow/.local/lib/python3.12/site-packages/airflow/example_dags/example_task_group.py
[2025-01-31T14:40:44.996+0000] {processor.py:914} INFO - Processing file /home/airflow/.local/lib/python3.12/site-packages/airflow/example_dags/example_task_group.py for tasks to queue
[2025-01-31T14:40:44.998+0000] {logging_mixin.py:190} INFO - [2025-01-31T14:40:44.997+0000] {dagbag.py:588} INFO - Filling up the DagBag from /home/airflow/.local/lib/python3.12/site-packages/airflow/example_dags/example_task_group.py
[2025-01-31T14:40:45.004+0000] {processor.py:925} INFO - DAG(s) 'example_task_group' retrieved from /home/airflow/.local/lib/python3.12/site-packages/airflow/example_dags/example_task_group.py
[2025-01-31T14:40:45.020+0000] {logging_mixin.py:190} INFO - [2025-01-31T14:40:45.020+0000] {dag.py:3239} INFO - Sync 1 DAGs
[2025-01-31T14:40:45.030+0000] {logging_mixin.py:190} INFO - [2025-01-31T14:40:45.030+0000] {dag.py:4180} INFO - Setting next_dagrun for example_task_group to None, run_after=None
[2025-01-31T14:40:45.043+0000] {processor.py:208} INFO - Processing /home/airflow/.local/lib/python3.12/site-packages/airflow/example_dags/example_task_group.py took 0.052 seconds
[2025-01-31T14:41:16.116+0000] {processor.py:186} INFO - Started process (PID=1810) to work on /home/airflow/.local/lib/python3.12/site-packages/airflow/example_dags/example_task_group.py
[2025-01-31T14:41:16.117+0000] {processor.py:914} INFO - Processing file /home/airflow/.local/lib/python3.12/site-packages/airflow/example_dags/example_task_group.py for tasks to queue
[2025-01-31T14:41:16.118+0000] {logging_mixin.py:190} INFO - [2025-01-31T14:41:16.118+0000] {dagbag.py:588} INFO - Filling up the DagBag from /home/airflow/.local/lib/python3.12/site-packages/airflow/example_dags/example_task_group.py
[2025-01-31T14:41:16.126+0000] {processor.py:925} INFO - DAG(s) 'example_task_group' retrieved from /home/airflow/.local/lib/python3.12/site-packages/airflow/example_dags/example_task_group.py
[2025-01-31T14:41:16.143+0000] {logging_mixin.py:190} INFO - [2025-01-31T14:41:16.143+0000] {dag.py:3239} INFO - Sync 1 DAGs
[2025-01-31T14:41:16.155+0000] {logging_mixin.py:190} INFO - [2025-01-31T14:41:16.155+0000] {dag.py:4180} INFO - Setting next_dagrun for example_task_group to None, run_after=None
[2025-01-31T14:41:16.169+0000] {processor.py:208} INFO - Processing /home/airflow/.local/lib/python3.12/site-packages/airflow/example_dags/example_task_group.py took 0.058 seconds
[2025-01-31T14:41:47.465+0000] {processor.py:186} INFO - Started process (PID=1876) to work on /home/airflow/.local/lib/python3.12/site-packages/airflow/example_dags/example_task_group.py
[2025-01-31T14:41:47.466+0000] {processor.py:914} INFO - Processing file /home/airflow/.local/lib/python3.12/site-packages/airflow/example_dags/example_task_group.py for tasks to queue
[2025-01-31T14:41:47.468+0000] {logging_mixin.py:190} INFO - [2025-01-31T14:41:47.467+0000] {dagbag.py:588} INFO - Filling up the DagBag from /home/airflow/.local/lib/python3.12/site-packages/airflow/example_dags/example_task_group.py
[2025-01-31T14:41:47.475+0000] {processor.py:925} INFO - DAG(s) 'example_task_group' retrieved from /home/airflow/.local/lib/python3.12/site-packages/airflow/example_dags/example_task_group.py
[2025-01-31T14:41:47.491+0000] {logging_mixin.py:190} INFO - [2025-01-31T14:41:47.491+0000] {dag.py:3239} INFO - Sync 1 DAGs
[2025-01-31T14:41:47.503+0000] {logging_mixin.py:190} INFO - [2025-01-31T14:41:47.502+0000] {dag.py:4180} INFO - Setting next_dagrun for example_task_group to None, run_after=None
[2025-01-31T14:41:47.517+0000] {processor.py:208} INFO - Processing /home/airflow/.local/lib/python3.12/site-packages/airflow/example_dags/example_task_group.py took 0.056 seconds
[2025-01-31T14:42:19.315+0000] {processor.py:186} INFO - Started process (PID=1941) to work on /home/airflow/.local/lib/python3.12/site-packages/airflow/example_dags/example_task_group.py
[2025-01-31T14:42:19.316+0000] {processor.py:914} INFO - Processing file /home/airflow/.local/lib/python3.12/site-packages/airflow/example_dags/example_task_group.py for tasks to queue
[2025-01-31T14:42:19.317+0000] {logging_mixin.py:190} INFO - [2025-01-31T14:42:19.317+0000] {dagbag.py:588} INFO - Filling up the DagBag from /home/airflow/.local/lib/python3.12/site-packages/airflow/example_dags/example_task_group.py
[2025-01-31T14:42:19.325+0000] {processor.py:925} INFO - DAG(s) 'example_task_group' retrieved from /home/airflow/.local/lib/python3.12/site-packages/airflow/example_dags/example_task_group.py
[2025-01-31T14:42:19.343+0000] {logging_mixin.py:190} INFO - [2025-01-31T14:42:19.343+0000] {dag.py:3239} INFO - Sync 1 DAGs
[2025-01-31T14:42:19.355+0000] {logging_mixin.py:190} INFO - [2025-01-31T14:42:19.355+0000] {dag.py:4180} INFO - Setting next_dagrun for example_task_group to None, run_after=None
[2025-01-31T14:42:19.369+0000] {processor.py:208} INFO - Processing /home/airflow/.local/lib/python3.12/site-packages/airflow/example_dags/example_task_group.py took 0.060 seconds
[2025-01-31T14:42:50.439+0000] {processor.py:186} INFO - Started process (PID=2006) to work on /home/airflow/.local/lib/python3.12/site-packages/airflow/example_dags/example_task_group.py
[2025-01-31T14:42:50.440+0000] {processor.py:914} INFO - Processing file /home/airflow/.local/lib/python3.12/site-packages/airflow/example_dags/example_task_group.py for tasks to queue
[2025-01-31T14:42:50.443+0000] {logging_mixin.py:190} INFO - [2025-01-31T14:42:50.442+0000] {dagbag.py:588} INFO - Filling up the DagBag from /home/airflow/.local/lib/python3.12/site-packages/airflow/example_dags/example_task_group.py
[2025-01-31T14:42:50.452+0000] {processor.py:925} INFO - DAG(s) 'example_task_group' retrieved from /home/airflow/.local/lib/python3.12/site-packages/airflow/example_dags/example_task_group.py
[2025-01-31T14:42:50.477+0000] {logging_mixin.py:190} INFO - [2025-01-31T14:42:50.477+0000] {dag.py:3239} INFO - Sync 1 DAGs
[2025-01-31T14:42:50.494+0000] {logging_mixin.py:190} INFO - [2025-01-31T14:42:50.493+0000] {dag.py:4180} INFO - Setting next_dagrun for example_task_group to None, run_after=None
[2025-01-31T14:42:50.510+0000] {processor.py:208} INFO - Processing /home/airflow/.local/lib/python3.12/site-packages/airflow/example_dags/example_task_group.py took 0.078 seconds
[2025-01-31T14:43:21.312+0000] {processor.py:186} INFO - Started process (PID=2071) to work on /home/airflow/.local/lib/python3.12/site-packages/airflow/example_dags/example_task_group.py
[2025-01-31T14:43:21.313+0000] {processor.py:914} INFO - Processing file /home/airflow/.local/lib/python3.12/site-packages/airflow/example_dags/example_task_group.py for tasks to queue
[2025-01-31T14:43:21.314+0000] {logging_mixin.py:190} INFO - [2025-01-31T14:43:21.314+0000] {dagbag.py:588} INFO - Filling up the DagBag from /home/airflow/.local/lib/python3.12/site-packages/airflow/example_dags/example_task_group.py
[2025-01-31T14:43:21.321+0000] {processor.py:925} INFO - DAG(s) 'example_task_group' retrieved from /home/airflow/.local/lib/python3.12/site-packages/airflow/example_dags/example_task_group.py
[2025-01-31T14:43:21.337+0000] {logging_mixin.py:190} INFO - [2025-01-31T14:43:21.337+0000] {dag.py:3239} INFO - Sync 1 DAGs
[2025-01-31T14:43:21.351+0000] {logging_mixin.py:190} INFO - [2025-01-31T14:43:21.350+0000] {dag.py:4180} INFO - Setting next_dagrun for example_task_group to None, run_after=None
[2025-01-31T14:43:21.367+0000] {processor.py:208} INFO - Processing /home/airflow/.local/lib/python3.12/site-packages/airflow/example_dags/example_task_group.py took 0.059 seconds
[2025-01-31T14:43:52.031+0000] {processor.py:186} INFO - Started process (PID=2137) to work on /home/airflow/.local/lib/python3.12/site-packages/airflow/example_dags/example_task_group.py
[2025-01-31T14:43:52.032+0000] {processor.py:914} INFO - Processing file /home/airflow/.local/lib/python3.12/site-packages/airflow/example_dags/example_task_group.py for tasks to queue
[2025-01-31T14:43:52.033+0000] {logging_mixin.py:190} INFO - [2025-01-31T14:43:52.033+0000] {dagbag.py:588} INFO - Filling up the DagBag from /home/airflow/.local/lib/python3.12/site-packages/airflow/example_dags/example_task_group.py
[2025-01-31T14:43:52.040+0000] {processor.py:925} INFO - DAG(s) 'example_task_group' retrieved from /home/airflow/.local/lib/python3.12/site-packages/airflow/example_dags/example_task_group.py
[2025-01-31T14:43:52.055+0000] {logging_mixin.py:190} INFO - [2025-01-31T14:43:52.055+0000] {dag.py:3239} INFO - Sync 1 DAGs
[2025-01-31T14:43:52.066+0000] {logging_mixin.py:190} INFO - [2025-01-31T14:43:52.066+0000] {dag.py:4180} INFO - Setting next_dagrun for example_task_group to None, run_after=None
[2025-01-31T14:43:52.081+0000] {processor.py:208} INFO - Processing /home/airflow/.local/lib/python3.12/site-packages/airflow/example_dags/example_task_group.py took 0.054 seconds
[2025-01-31T14:44:23.280+0000] {processor.py:186} INFO - Started process (PID=2202) to work on /home/airflow/.local/lib/python3.12/site-packages/airflow/example_dags/example_task_group.py
[2025-01-31T14:44:23.280+0000] {processor.py:914} INFO - Processing file /home/airflow/.local/lib/python3.12/site-packages/airflow/example_dags/example_task_group.py for tasks to queue
[2025-01-31T14:44:23.282+0000] {logging_mixin.py:190} INFO - [2025-01-31T14:44:23.282+0000] {dagbag.py:588} INFO - Filling up the DagBag from /home/airflow/.local/lib/python3.12/site-packages/airflow/example_dags/example_task_group.py
[2025-01-31T14:44:23.289+0000] {processor.py:925} INFO - DAG(s) 'example_task_group' retrieved from /home/airflow/.local/lib/python3.12/site-packages/airflow/example_dags/example_task_group.py
[2025-01-31T14:44:23.309+0000] {logging_mixin.py:190} INFO - [2025-01-31T14:44:23.309+0000] {dag.py:3239} INFO - Sync 1 DAGs
[2025-01-31T14:44:23.323+0000] {logging_mixin.py:190} INFO - [2025-01-31T14:44:23.323+0000] {dag.py:4180} INFO - Setting next_dagrun for example_task_group to None, run_after=None
[2025-01-31T14:44:23.336+0000] {processor.py:208} INFO - Processing /home/airflow/.local/lib/python3.12/site-packages/airflow/example_dags/example_task_group.py took 0.061 seconds
[2025-01-31T14:44:54.726+0000] {processor.py:186} INFO - Started process (PID=2272) to work on /home/airflow/.local/lib/python3.12/site-packages/airflow/example_dags/example_task_group.py
[2025-01-31T14:44:54.726+0000] {processor.py:914} INFO - Processing file /home/airflow/.local/lib/python3.12/site-packages/airflow/example_dags/example_task_group.py for tasks to queue
[2025-01-31T14:44:54.728+0000] {logging_mixin.py:190} INFO - [2025-01-31T14:44:54.728+0000] {dagbag.py:588} INFO - Filling up the DagBag from /home/airflow/.local/lib/python3.12/site-packages/airflow/example_dags/example_task_group.py
[2025-01-31T14:44:54.735+0000] {processor.py:925} INFO - DAG(s) 'example_task_group' retrieved from /home/airflow/.local/lib/python3.12/site-packages/airflow/example_dags/example_task_group.py
[2025-01-31T14:44:54.750+0000] {logging_mixin.py:190} INFO - [2025-01-31T14:44:54.750+0000] {dag.py:3239} INFO - Sync 1 DAGs
[2025-01-31T14:44:54.760+0000] {logging_mixin.py:190} INFO - [2025-01-31T14:44:54.760+0000] {dag.py:4180} INFO - Setting next_dagrun for example_task_group to None, run_after=None
[2025-01-31T14:44:54.772+0000] {processor.py:208} INFO - Processing /home/airflow/.local/lib/python3.12/site-packages/airflow/example_dags/example_task_group.py took 0.051 seconds
[2025-01-31T14:45:25.585+0000] {processor.py:186} INFO - Started process (PID=2339) to work on /home/airflow/.local/lib/python3.12/site-packages/airflow/example_dags/example_task_group.py
[2025-01-31T14:45:25.586+0000] {processor.py:914} INFO - Processing file /home/airflow/.local/lib/python3.12/site-packages/airflow/example_dags/example_task_group.py for tasks to queue
[2025-01-31T14:45:25.588+0000] {logging_mixin.py:190} INFO - [2025-01-31T14:45:25.588+0000] {dagbag.py:588} INFO - Filling up the DagBag from /home/airflow/.local/lib/python3.12/site-packages/airflow/example_dags/example_task_group.py
[2025-01-31T14:45:25.595+0000] {processor.py:925} INFO - DAG(s) 'example_task_group' retrieved from /home/airflow/.local/lib/python3.12/site-packages/airflow/example_dags/example_task_group.py
[2025-01-31T14:45:25.611+0000] {logging_mixin.py:190} INFO - [2025-01-31T14:45:25.611+0000] {dag.py:3239} INFO - Sync 1 DAGs
[2025-01-31T14:45:25.622+0000] {logging_mixin.py:190} INFO - [2025-01-31T14:45:25.621+0000] {dag.py:4180} INFO - Setting next_dagrun for example_task_group to None, run_after=None
[2025-01-31T14:45:25.635+0000] {processor.py:208} INFO - Processing /home/airflow/.local/lib/python3.12/site-packages/airflow/example_dags/example_task_group.py took 0.055 seconds
[2025-01-31T14:45:56.317+0000] {processor.py:186} INFO - Started process (PID=2404) to work on /home/airflow/.local/lib/python3.12/site-packages/airflow/example_dags/example_task_group.py
[2025-01-31T14:45:56.318+0000] {processor.py:914} INFO - Processing file /home/airflow/.local/lib/python3.12/site-packages/airflow/example_dags/example_task_group.py for tasks to queue
[2025-01-31T14:45:56.319+0000] {logging_mixin.py:190} INFO - [2025-01-31T14:45:56.319+0000] {dagbag.py:588} INFO - Filling up the DagBag from /home/airflow/.local/lib/python3.12/site-packages/airflow/example_dags/example_task_group.py
[2025-01-31T14:45:56.326+0000] {processor.py:925} INFO - DAG(s) 'example_task_group' retrieved from /home/airflow/.local/lib/python3.12/site-packages/airflow/example_dags/example_task_group.py
[2025-01-31T14:45:56.346+0000] {logging_mixin.py:190} INFO - [2025-01-31T14:45:56.346+0000] {dag.py:3239} INFO - Sync 1 DAGs
[2025-01-31T14:45:56.360+0000] {logging_mixin.py:190} INFO - [2025-01-31T14:45:56.360+0000] {dag.py:4180} INFO - Setting next_dagrun for example_task_group to None, run_after=None
[2025-01-31T14:45:56.375+0000] {processor.py:208} INFO - Processing /home/airflow/.local/lib/python3.12/site-packages/airflow/example_dags/example_task_group.py took 0.062 seconds
[2025-01-31T14:46:27.203+0000] {processor.py:186} INFO - Started process (PID=2469) to work on /home/airflow/.local/lib/python3.12/site-packages/airflow/example_dags/example_task_group.py
[2025-01-31T14:46:27.204+0000] {processor.py:914} INFO - Processing file /home/airflow/.local/lib/python3.12/site-packages/airflow/example_dags/example_task_group.py for tasks to queue
[2025-01-31T14:46:27.206+0000] {logging_mixin.py:190} INFO - [2025-01-31T14:46:27.206+0000] {dagbag.py:588} INFO - Filling up the DagBag from /home/airflow/.local/lib/python3.12/site-packages/airflow/example_dags/example_task_group.py
[2025-01-31T14:46:27.215+0000] {processor.py:925} INFO - DAG(s) 'example_task_group' retrieved from /home/airflow/.local/lib/python3.12/site-packages/airflow/example_dags/example_task_group.py
[2025-01-31T14:46:27.231+0000] {logging_mixin.py:190} INFO - [2025-01-31T14:46:27.231+0000] {dag.py:3239} INFO - Sync 1 DAGs
[2025-01-31T14:46:27.242+0000] {logging_mixin.py:190} INFO - [2025-01-31T14:46:27.242+0000] {dag.py:4180} INFO - Setting next_dagrun for example_task_group to None, run_after=None
[2025-01-31T14:46:27.255+0000] {processor.py:208} INFO - Processing /home/airflow/.local/lib/python3.12/site-packages/airflow/example_dags/example_task_group.py took 0.057 seconds
[2025-01-31T14:46:57.750+0000] {processor.py:186} INFO - Started process (PID=2534) to work on /home/airflow/.local/lib/python3.12/site-packages/airflow/example_dags/example_task_group.py
[2025-01-31T14:46:57.751+0000] {processor.py:914} INFO - Processing file /home/airflow/.local/lib/python3.12/site-packages/airflow/example_dags/example_task_group.py for tasks to queue
[2025-01-31T14:46:57.752+0000] {logging_mixin.py:190} INFO - [2025-01-31T14:46:57.752+0000] {dagbag.py:588} INFO - Filling up the DagBag from /home/airflow/.local/lib/python3.12/site-packages/airflow/example_dags/example_task_group.py
[2025-01-31T14:46:57.759+0000] {processor.py:925} INFO - DAG(s) 'example_task_group' retrieved from /home/airflow/.local/lib/python3.12/site-packages/airflow/example_dags/example_task_group.py
[2025-01-31T14:46:57.775+0000] {logging_mixin.py:190} INFO - [2025-01-31T14:46:57.775+0000] {dag.py:3239} INFO - Sync 1 DAGs
[2025-01-31T14:46:57.785+0000] {logging_mixin.py:190} INFO - [2025-01-31T14:46:57.785+0000] {dag.py:4180} INFO - Setting next_dagrun for example_task_group to None, run_after=None
[2025-01-31T14:46:57.797+0000] {processor.py:208} INFO - Processing /home/airflow/.local/lib/python3.12/site-packages/airflow/example_dags/example_task_group.py took 0.051 seconds
[2025-01-31T14:47:28.880+0000] {processor.py:186} INFO - Started process (PID=2603) to work on /home/airflow/.local/lib/python3.12/site-packages/airflow/example_dags/example_task_group.py
[2025-01-31T14:47:28.880+0000] {processor.py:914} INFO - Processing file /home/airflow/.local/lib/python3.12/site-packages/airflow/example_dags/example_task_group.py for tasks to queue
[2025-01-31T14:47:28.882+0000] {logging_mixin.py:190} INFO - [2025-01-31T14:47:28.882+0000] {dagbag.py:588} INFO - Filling up the DagBag from /home/airflow/.local/lib/python3.12/site-packages/airflow/example_dags/example_task_group.py
[2025-01-31T14:47:28.889+0000] {processor.py:925} INFO - DAG(s) 'example_task_group' retrieved from /home/airflow/.local/lib/python3.12/site-packages/airflow/example_dags/example_task_group.py
[2025-01-31T14:47:28.905+0000] {logging_mixin.py:190} INFO - [2025-01-31T14:47:28.905+0000] {dag.py:3239} INFO - Sync 1 DAGs
[2025-01-31T14:47:28.916+0000] {logging_mixin.py:190} INFO - [2025-01-31T14:47:28.916+0000] {dag.py:4180} INFO - Setting next_dagrun for example_task_group to None, run_after=None
[2025-01-31T14:47:28.928+0000] {processor.py:208} INFO - Processing /home/airflow/.local/lib/python3.12/site-packages/airflow/example_dags/example_task_group.py took 0.053 seconds
[2025-01-31T14:48:00.009+0000] {processor.py:186} INFO - Started process (PID=2671) to work on /home/airflow/.local/lib/python3.12/site-packages/airflow/example_dags/example_task_group.py
[2025-01-31T14:48:00.010+0000] {processor.py:914} INFO - Processing file /home/airflow/.local/lib/python3.12/site-packages/airflow/example_dags/example_task_group.py for tasks to queue
[2025-01-31T14:48:00.011+0000] {logging_mixin.py:190} INFO - [2025-01-31T14:48:00.011+0000] {dagbag.py:588} INFO - Filling up the DagBag from /home/airflow/.local/lib/python3.12/site-packages/airflow/example_dags/example_task_group.py
[2025-01-31T14:48:00.018+0000] {processor.py:925} INFO - DAG(s) 'example_task_group' retrieved from /home/airflow/.local/lib/python3.12/site-packages/airflow/example_dags/example_task_group.py
[2025-01-31T14:48:00.038+0000] {logging_mixin.py:190} INFO - [2025-01-31T14:48:00.038+0000] {dag.py:3239} INFO - Sync 1 DAGs
[2025-01-31T14:48:00.053+0000] {logging_mixin.py:190} INFO - [2025-01-31T14:48:00.052+0000] {dag.py:4180} INFO - Setting next_dagrun for example_task_group to None, run_after=None
[2025-01-31T14:48:00.069+0000] {processor.py:208} INFO - Processing /home/airflow/.local/lib/python3.12/site-packages/airflow/example_dags/example_task_group.py took 0.064 seconds
[2025-01-31T14:48:30.593+0000] {processor.py:186} INFO - Started process (PID=2737) to work on /home/airflow/.local/lib/python3.12/site-packages/airflow/example_dags/example_task_group.py
[2025-01-31T14:48:30.594+0000] {processor.py:914} INFO - Processing file /home/airflow/.local/lib/python3.12/site-packages/airflow/example_dags/example_task_group.py for tasks to queue
[2025-01-31T14:48:30.596+0000] {logging_mixin.py:190} INFO - [2025-01-31T14:48:30.595+0000] {dagbag.py:588} INFO - Filling up the DagBag from /home/airflow/.local/lib/python3.12/site-packages/airflow/example_dags/example_task_group.py
[2025-01-31T14:48:30.602+0000] {processor.py:925} INFO - DAG(s) 'example_task_group' retrieved from /home/airflow/.local/lib/python3.12/site-packages/airflow/example_dags/example_task_group.py
[2025-01-31T14:48:30.623+0000] {logging_mixin.py:190} INFO - [2025-01-31T14:48:30.622+0000] {dag.py:3239} INFO - Sync 1 DAGs
[2025-01-31T14:48:30.636+0000] {logging_mixin.py:190} INFO - [2025-01-31T14:48:30.636+0000] {dag.py:4180} INFO - Setting next_dagrun for example_task_group to None, run_after=None
[2025-01-31T14:48:30.652+0000] {processor.py:208} INFO - Processing /home/airflow/.local/lib/python3.12/site-packages/airflow/example_dags/example_task_group.py took 0.063 seconds
[2025-01-31T14:49:01.350+0000] {processor.py:186} INFO - Started process (PID=2803) to work on /home/airflow/.local/lib/python3.12/site-packages/airflow/example_dags/example_task_group.py
[2025-01-31T14:49:01.351+0000] {processor.py:914} INFO - Processing file /home/airflow/.local/lib/python3.12/site-packages/airflow/example_dags/example_task_group.py for tasks to queue
[2025-01-31T14:49:01.353+0000] {logging_mixin.py:190} INFO - [2025-01-31T14:49:01.352+0000] {dagbag.py:588} INFO - Filling up the DagBag from /home/airflow/.local/lib/python3.12/site-packages/airflow/example_dags/example_task_group.py
[2025-01-31T14:49:01.359+0000] {processor.py:925} INFO - DAG(s) 'example_task_group' retrieved from /home/airflow/.local/lib/python3.12/site-packages/airflow/example_dags/example_task_group.py
[2025-01-31T14:49:01.376+0000] {logging_mixin.py:190} INFO - [2025-01-31T14:49:01.376+0000] {dag.py:3239} INFO - Sync 1 DAGs
[2025-01-31T14:49:01.389+0000] {logging_mixin.py:190} INFO - [2025-01-31T14:49:01.389+0000] {dag.py:4180} INFO - Setting next_dagrun for example_task_group to None, run_after=None
[2025-01-31T14:49:01.403+0000] {processor.py:208} INFO - Processing /home/airflow/.local/lib/python3.12/site-packages/airflow/example_dags/example_task_group.py took 0.057 seconds
[2025-01-31T14:49:32.290+0000] {processor.py:186} INFO - Started process (PID=2869) to work on /home/airflow/.local/lib/python3.12/site-packages/airflow/example_dags/example_task_group.py
[2025-01-31T14:49:32.290+0000] {processor.py:914} INFO - Processing file /home/airflow/.local/lib/python3.12/site-packages/airflow/example_dags/example_task_group.py for tasks to queue
[2025-01-31T14:49:32.292+0000] {logging_mixin.py:190} INFO - [2025-01-31T14:49:32.292+0000] {dagbag.py:588} INFO - Filling up the DagBag from /home/airflow/.local/lib/python3.12/site-packages/airflow/example_dags/example_task_group.py
[2025-01-31T14:49:32.299+0000] {processor.py:925} INFO - DAG(s) 'example_task_group' retrieved from /home/airflow/.local/lib/python3.12/site-packages/airflow/example_dags/example_task_group.py
[2025-01-31T14:49:32.318+0000] {logging_mixin.py:190} INFO - [2025-01-31T14:49:32.318+0000] {dag.py:3239} INFO - Sync 1 DAGs
[2025-01-31T14:49:32.332+0000] {logging_mixin.py:190} INFO - [2025-01-31T14:49:32.332+0000] {dag.py:4180} INFO - Setting next_dagrun for example_task_group to None, run_after=None
[2025-01-31T14:49:32.346+0000] {processor.py:208} INFO - Processing /home/airflow/.local/lib/python3.12/site-packages/airflow/example_dags/example_task_group.py took 0.061 seconds
[2025-01-31T14:50:03.469+0000] {processor.py:186} INFO - Started process (PID=2935) to work on /home/airflow/.local/lib/python3.12/site-packages/airflow/example_dags/example_task_group.py
[2025-01-31T14:50:03.469+0000] {processor.py:914} INFO - Processing file /home/airflow/.local/lib/python3.12/site-packages/airflow/example_dags/example_task_group.py for tasks to queue
[2025-01-31T14:50:03.471+0000] {logging_mixin.py:190} INFO - [2025-01-31T14:50:03.470+0000] {dagbag.py:588} INFO - Filling up the DagBag from /home/airflow/.local/lib/python3.12/site-packages/airflow/example_dags/example_task_group.py
[2025-01-31T14:50:03.477+0000] {processor.py:925} INFO - DAG(s) 'example_task_group' retrieved from /home/airflow/.local/lib/python3.12/site-packages/airflow/example_dags/example_task_group.py
[2025-01-31T14:50:03.493+0000] {logging_mixin.py:190} INFO - [2025-01-31T14:50:03.493+0000] {dag.py:3239} INFO - Sync 1 DAGs
[2025-01-31T14:50:03.506+0000] {logging_mixin.py:190} INFO - [2025-01-31T14:50:03.505+0000] {dag.py:4180} INFO - Setting next_dagrun for example_task_group to None, run_after=None
[2025-01-31T14:50:03.518+0000] {processor.py:208} INFO - Processing /home/airflow/.local/lib/python3.12/site-packages/airflow/example_dags/example_task_group.py took 0.054 seconds
[2025-01-31T14:50:34.330+0000] {processor.py:186} INFO - Started process (PID=3001) to work on /home/airflow/.local/lib/python3.12/site-packages/airflow/example_dags/example_task_group.py
[2025-01-31T14:50:34.331+0000] {processor.py:914} INFO - Processing file /home/airflow/.local/lib/python3.12/site-packages/airflow/example_dags/example_task_group.py for tasks to queue
[2025-01-31T14:50:34.333+0000] {logging_mixin.py:190} INFO - [2025-01-31T14:50:34.332+0000] {dagbag.py:588} INFO - Filling up the DagBag from /home/airflow/.local/lib/python3.12/site-packages/airflow/example_dags/example_task_group.py
[2025-01-31T14:50:34.340+0000] {processor.py:925} INFO - DAG(s) 'example_task_group' retrieved from /home/airflow/.local/lib/python3.12/site-packages/airflow/example_dags/example_task_group.py
[2025-01-31T14:50:34.357+0000] {logging_mixin.py:190} INFO - [2025-01-31T14:50:34.356+0000] {dag.py:3239} INFO - Sync 1 DAGs
[2025-01-31T14:50:34.369+0000] {logging_mixin.py:190} INFO - [2025-01-31T14:50:34.369+0000] {dag.py:4180} INFO - Setting next_dagrun for example_task_group to None, run_after=None
[2025-01-31T14:50:34.385+0000] {processor.py:208} INFO - Processing /home/airflow/.local/lib/python3.12/site-packages/airflow/example_dags/example_task_group.py took 0.059 seconds
[2025-01-31T14:51:04.927+0000] {processor.py:186} INFO - Started process (PID=3068) to work on /home/airflow/.local/lib/python3.12/site-packages/airflow/example_dags/example_task_group.py
[2025-01-31T14:51:04.927+0000] {processor.py:914} INFO - Processing file /home/airflow/.local/lib/python3.12/site-packages/airflow/example_dags/example_task_group.py for tasks to queue
[2025-01-31T14:51:04.929+0000] {logging_mixin.py:190} INFO - [2025-01-31T14:51:04.929+0000] {dagbag.py:588} INFO - Filling up the DagBag from /home/airflow/.local/lib/python3.12/site-packages/airflow/example_dags/example_task_group.py
[2025-01-31T14:51:04.936+0000] {processor.py:925} INFO - DAG(s) 'example_task_group' retrieved from /home/airflow/.local/lib/python3.12/site-packages/airflow/example_dags/example_task_group.py
[2025-01-31T14:51:04.954+0000] {logging_mixin.py:190} INFO - [2025-01-31T14:51:04.953+0000] {dag.py:3239} INFO - Sync 1 DAGs
[2025-01-31T14:51:04.969+0000] {logging_mixin.py:190} INFO - [2025-01-31T14:51:04.969+0000] {dag.py:4180} INFO - Setting next_dagrun for example_task_group to None, run_after=None
[2025-01-31T14:51:04.987+0000] {processor.py:208} INFO - Processing /home/airflow/.local/lib/python3.12/site-packages/airflow/example_dags/example_task_group.py took 0.065 seconds
[2025-01-31T14:51:36.005+0000] {processor.py:186} INFO - Started process (PID=3135) to work on /home/airflow/.local/lib/python3.12/site-packages/airflow/example_dags/example_task_group.py
[2025-01-31T14:51:36.005+0000] {processor.py:914} INFO - Processing file /home/airflow/.local/lib/python3.12/site-packages/airflow/example_dags/example_task_group.py for tasks to queue
[2025-01-31T14:51:36.007+0000] {logging_mixin.py:190} INFO - [2025-01-31T14:51:36.007+0000] {dagbag.py:588} INFO - Filling up the DagBag from /home/airflow/.local/lib/python3.12/site-packages/airflow/example_dags/example_task_group.py
[2025-01-31T14:51:36.016+0000] {processor.py:925} INFO - DAG(s) 'example_task_group' retrieved from /home/airflow/.local/lib/python3.12/site-packages/airflow/example_dags/example_task_group.py
[2025-01-31T14:51:36.038+0000] {logging_mixin.py:190} INFO - [2025-01-31T14:51:36.038+0000] {dag.py:3239} INFO - Sync 1 DAGs
[2025-01-31T14:51:36.052+0000] {logging_mixin.py:190} INFO - [2025-01-31T14:51:36.052+0000] {dag.py:4180} INFO - Setting next_dagrun for example_task_group to None, run_after=None
[2025-01-31T14:51:36.069+0000] {processor.py:208} INFO - Processing /home/airflow/.local/lib/python3.12/site-packages/airflow/example_dags/example_task_group.py took 0.070 seconds
[2025-01-31T14:52:06.234+0000] {processor.py:186} INFO - Started process (PID=3200) to work on /home/airflow/.local/lib/python3.12/site-packages/airflow/example_dags/example_task_group.py
[2025-01-31T14:52:06.234+0000] {processor.py:914} INFO - Processing file /home/airflow/.local/lib/python3.12/site-packages/airflow/example_dags/example_task_group.py for tasks to queue
[2025-01-31T14:52:06.236+0000] {logging_mixin.py:190} INFO - [2025-01-31T14:52:06.236+0000] {dagbag.py:588} INFO - Filling up the DagBag from /home/airflow/.local/lib/python3.12/site-packages/airflow/example_dags/example_task_group.py
[2025-01-31T14:52:06.242+0000] {processor.py:925} INFO - DAG(s) 'example_task_group' retrieved from /home/airflow/.local/lib/python3.12/site-packages/airflow/example_dags/example_task_group.py
[2025-01-31T14:52:06.263+0000] {logging_mixin.py:190} INFO - [2025-01-31T14:52:06.263+0000] {dag.py:3239} INFO - Sync 1 DAGs
[2025-01-31T14:52:06.278+0000] {logging_mixin.py:190} INFO - [2025-01-31T14:52:06.278+0000] {dag.py:4180} INFO - Setting next_dagrun for example_task_group to None, run_after=None
[2025-01-31T14:52:06.297+0000] {processor.py:208} INFO - Processing /home/airflow/.local/lib/python3.12/site-packages/airflow/example_dags/example_task_group.py took 0.068 seconds
[2025-01-31T14:52:37.037+0000] {processor.py:186} INFO - Started process (PID=3266) to work on /home/airflow/.local/lib/python3.12/site-packages/airflow/example_dags/example_task_group.py
[2025-01-31T14:52:37.038+0000] {processor.py:914} INFO - Processing file /home/airflow/.local/lib/python3.12/site-packages/airflow/example_dags/example_task_group.py for tasks to queue
[2025-01-31T14:52:37.039+0000] {logging_mixin.py:190} INFO - [2025-01-31T14:52:37.039+0000] {dagbag.py:588} INFO - Filling up the DagBag from /home/airflow/.local/lib/python3.12/site-packages/airflow/example_dags/example_task_group.py
[2025-01-31T14:52:37.046+0000] {processor.py:925} INFO - DAG(s) 'example_task_group' retrieved from /home/airflow/.local/lib/python3.12/site-packages/airflow/example_dags/example_task_group.py
[2025-01-31T14:52:37.061+0000] {logging_mixin.py:190} INFO - [2025-01-31T14:52:37.061+0000] {dag.py:3239} INFO - Sync 1 DAGs
[2025-01-31T14:52:37.072+0000] {logging_mixin.py:190} INFO - [2025-01-31T14:52:37.072+0000] {dag.py:4180} INFO - Setting next_dagrun for example_task_group to None, run_after=None
[2025-01-31T14:52:37.084+0000] {processor.py:208} INFO - Processing /home/airflow/.local/lib/python3.12/site-packages/airflow/example_dags/example_task_group.py took 0.051 seconds
[2025-01-31T14:53:08.245+0000] {processor.py:186} INFO - Started process (PID=3331) to work on /home/airflow/.local/lib/python3.12/site-packages/airflow/example_dags/example_task_group.py
[2025-01-31T14:53:08.246+0000] {processor.py:914} INFO - Processing file /home/airflow/.local/lib/python3.12/site-packages/airflow/example_dags/example_task_group.py for tasks to queue
[2025-01-31T14:53:08.247+0000] {logging_mixin.py:190} INFO - [2025-01-31T14:53:08.247+0000] {dagbag.py:588} INFO - Filling up the DagBag from /home/airflow/.local/lib/python3.12/site-packages/airflow/example_dags/example_task_group.py
[2025-01-31T14:53:08.254+0000] {processor.py:925} INFO - DAG(s) 'example_task_group' retrieved from /home/airflow/.local/lib/python3.12/site-packages/airflow/example_dags/example_task_group.py
[2025-01-31T14:53:08.272+0000] {logging_mixin.py:190} INFO - [2025-01-31T14:53:08.272+0000] {dag.py:3239} INFO - Sync 1 DAGs
[2025-01-31T14:53:08.283+0000] {logging_mixin.py:190} INFO - [2025-01-31T14:53:08.283+0000] {dag.py:4180} INFO - Setting next_dagrun for example_task_group to None, run_after=None
[2025-01-31T14:53:08.297+0000] {processor.py:208} INFO - Processing /home/airflow/.local/lib/python3.12/site-packages/airflow/example_dags/example_task_group.py took 0.058 seconds
[2025-01-31T14:53:39.881+0000] {processor.py:186} INFO - Started process (PID=3398) to work on /home/airflow/.local/lib/python3.12/site-packages/airflow/example_dags/example_task_group.py
[2025-01-31T14:53:39.881+0000] {processor.py:914} INFO - Processing file /home/airflow/.local/lib/python3.12/site-packages/airflow/example_dags/example_task_group.py for tasks to queue
[2025-01-31T14:53:39.883+0000] {logging_mixin.py:190} INFO - [2025-01-31T14:53:39.883+0000] {dagbag.py:588} INFO - Filling up the DagBag from /home/airflow/.local/lib/python3.12/site-packages/airflow/example_dags/example_task_group.py
[2025-01-31T14:53:39.890+0000] {processor.py:925} INFO - DAG(s) 'example_task_group' retrieved from /home/airflow/.local/lib/python3.12/site-packages/airflow/example_dags/example_task_group.py
[2025-01-31T14:53:39.910+0000] {logging_mixin.py:190} INFO - [2025-01-31T14:53:39.910+0000] {dag.py:3239} INFO - Sync 1 DAGs
[2025-01-31T14:53:39.925+0000] {logging_mixin.py:190} INFO - [2025-01-31T14:53:39.924+0000] {dag.py:4180} INFO - Setting next_dagrun for example_task_group to None, run_after=None
[2025-01-31T14:53:39.940+0000] {processor.py:208} INFO - Processing /home/airflow/.local/lib/python3.12/site-packages/airflow/example_dags/example_task_group.py took 0.064 seconds
[2025-01-31T14:54:10.565+0000] {processor.py:186} INFO - Started process (PID=3463) to work on /home/airflow/.local/lib/python3.12/site-packages/airflow/example_dags/example_task_group.py
[2025-01-31T14:54:10.565+0000] {processor.py:914} INFO - Processing file /home/airflow/.local/lib/python3.12/site-packages/airflow/example_dags/example_task_group.py for tasks to queue
[2025-01-31T14:54:10.567+0000] {logging_mixin.py:190} INFO - [2025-01-31T14:54:10.567+0000] {dagbag.py:588} INFO - Filling up the DagBag from /home/airflow/.local/lib/python3.12/site-packages/airflow/example_dags/example_task_group.py
[2025-01-31T14:54:10.573+0000] {processor.py:925} INFO - DAG(s) 'example_task_group' retrieved from /home/airflow/.local/lib/python3.12/site-packages/airflow/example_dags/example_task_group.py
[2025-01-31T14:54:10.593+0000] {logging_mixin.py:190} INFO - [2025-01-31T14:54:10.593+0000] {dag.py:3239} INFO - Sync 1 DAGs
[2025-01-31T14:54:10.606+0000] {logging_mixin.py:190} INFO - [2025-01-31T14:54:10.606+0000] {dag.py:4180} INFO - Setting next_dagrun for example_task_group to None, run_after=None
[2025-01-31T14:54:10.621+0000] {processor.py:208} INFO - Processing /home/airflow/.local/lib/python3.12/site-packages/airflow/example_dags/example_task_group.py took 0.060 seconds
[2025-01-31T14:54:43.428+0000] {processor.py:186} INFO - Started process (PID=3530) to work on /home/airflow/.local/lib/python3.12/site-packages/airflow/example_dags/example_task_group.py
[2025-01-31T14:54:43.429+0000] {processor.py:914} INFO - Processing file /home/airflow/.local/lib/python3.12/site-packages/airflow/example_dags/example_task_group.py for tasks to queue
[2025-01-31T14:54:43.430+0000] {logging_mixin.py:190} INFO - [2025-01-31T14:54:43.430+0000] {dagbag.py:588} INFO - Filling up the DagBag from /home/airflow/.local/lib/python3.12/site-packages/airflow/example_dags/example_task_group.py
[2025-01-31T14:54:43.579+0000] {processor.py:925} INFO - DAG(s) 'example_task_group' retrieved from /home/airflow/.local/lib/python3.12/site-packages/airflow/example_dags/example_task_group.py
[2025-01-31T14:54:43.596+0000] {logging_mixin.py:190} INFO - [2025-01-31T14:54:43.596+0000] {dag.py:3239} INFO - Sync 1 DAGs
[2025-01-31T14:54:43.606+0000] {logging_mixin.py:190} INFO - [2025-01-31T14:54:43.606+0000] {dag.py:4180} INFO - Setting next_dagrun for example_task_group to None, run_after=None
[2025-01-31T14:54:43.618+0000] {processor.py:208} INFO - Processing /home/airflow/.local/lib/python3.12/site-packages/airflow/example_dags/example_task_group.py took 0.194 seconds
[2025-01-31T14:55:13.734+0000] {processor.py:186} INFO - Started process (PID=3596) to work on /home/airflow/.local/lib/python3.12/site-packages/airflow/example_dags/example_task_group.py
[2025-01-31T14:55:13.734+0000] {processor.py:914} INFO - Processing file /home/airflow/.local/lib/python3.12/site-packages/airflow/example_dags/example_task_group.py for tasks to queue
[2025-01-31T14:55:13.736+0000] {logging_mixin.py:190} INFO - [2025-01-31T14:55:13.736+0000] {dagbag.py:588} INFO - Filling up the DagBag from /home/airflow/.local/lib/python3.12/site-packages/airflow/example_dags/example_task_group.py
[2025-01-31T14:55:13.743+0000] {processor.py:925} INFO - DAG(s) 'example_task_group' retrieved from /home/airflow/.local/lib/python3.12/site-packages/airflow/example_dags/example_task_group.py
[2025-01-31T14:55:13.760+0000] {logging_mixin.py:190} INFO - [2025-01-31T14:55:13.759+0000] {dag.py:3239} INFO - Sync 1 DAGs
[2025-01-31T14:55:13.772+0000] {logging_mixin.py:190} INFO - [2025-01-31T14:55:13.771+0000] {dag.py:4180} INFO - Setting next_dagrun for example_task_group to None, run_after=None
[2025-01-31T14:55:13.785+0000] {processor.py:208} INFO - Processing /home/airflow/.local/lib/python3.12/site-packages/airflow/example_dags/example_task_group.py took 0.056 seconds
[2025-01-31T14:55:44.266+0000] {processor.py:186} INFO - Started process (PID=3668) to work on /home/airflow/.local/lib/python3.12/site-packages/airflow/example_dags/example_task_group.py
[2025-01-31T14:55:44.267+0000] {processor.py:914} INFO - Processing file /home/airflow/.local/lib/python3.12/site-packages/airflow/example_dags/example_task_group.py for tasks to queue
[2025-01-31T14:55:44.268+0000] {logging_mixin.py:190} INFO - [2025-01-31T14:55:44.268+0000] {dagbag.py:588} INFO - Filling up the DagBag from /home/airflow/.local/lib/python3.12/site-packages/airflow/example_dags/example_task_group.py
[2025-01-31T14:55:44.275+0000] {processor.py:925} INFO - DAG(s) 'example_task_group' retrieved from /home/airflow/.local/lib/python3.12/site-packages/airflow/example_dags/example_task_group.py
[2025-01-31T14:55:44.291+0000] {logging_mixin.py:190} INFO - [2025-01-31T14:55:44.291+0000] {dag.py:3239} INFO - Sync 1 DAGs
[2025-01-31T14:55:44.302+0000] {logging_mixin.py:190} INFO - [2025-01-31T14:55:44.302+0000] {dag.py:4180} INFO - Setting next_dagrun for example_task_group to None, run_after=None
[2025-01-31T14:55:44.314+0000] {processor.py:208} INFO - Processing /home/airflow/.local/lib/python3.12/site-packages/airflow/example_dags/example_task_group.py took 0.052 seconds
[2025-01-31T14:56:15.041+0000] {processor.py:186} INFO - Started process (PID=3735) to work on /home/airflow/.local/lib/python3.12/site-packages/airflow/example_dags/example_task_group.py
[2025-01-31T14:56:15.042+0000] {processor.py:914} INFO - Processing file /home/airflow/.local/lib/python3.12/site-packages/airflow/example_dags/example_task_group.py for tasks to queue
[2025-01-31T14:56:15.044+0000] {logging_mixin.py:190} INFO - [2025-01-31T14:56:15.043+0000] {dagbag.py:588} INFO - Filling up the DagBag from /home/airflow/.local/lib/python3.12/site-packages/airflow/example_dags/example_task_group.py
[2025-01-31T14:56:15.050+0000] {processor.py:925} INFO - DAG(s) 'example_task_group' retrieved from /home/airflow/.local/lib/python3.12/site-packages/airflow/example_dags/example_task_group.py
[2025-01-31T14:56:15.069+0000] {logging_mixin.py:190} INFO - [2025-01-31T14:56:15.068+0000] {dag.py:3239} INFO - Sync 1 DAGs
[2025-01-31T14:56:15.079+0000] {logging_mixin.py:190} INFO - [2025-01-31T14:56:15.079+0000] {dag.py:4180} INFO - Setting next_dagrun for example_task_group to None, run_after=None
[2025-01-31T14:56:15.092+0000] {processor.py:208} INFO - Processing /home/airflow/.local/lib/python3.12/site-packages/airflow/example_dags/example_task_group.py took 0.055 seconds
[2025-01-31T14:56:46.070+0000] {processor.py:186} INFO - Started process (PID=3801) to work on /home/airflow/.local/lib/python3.12/site-packages/airflow/example_dags/example_task_group.py
[2025-01-31T14:56:46.071+0000] {processor.py:914} INFO - Processing file /home/airflow/.local/lib/python3.12/site-packages/airflow/example_dags/example_task_group.py for tasks to queue
[2025-01-31T14:56:46.073+0000] {logging_mixin.py:190} INFO - [2025-01-31T14:56:46.072+0000] {dagbag.py:588} INFO - Filling up the DagBag from /home/airflow/.local/lib/python3.12/site-packages/airflow/example_dags/example_task_group.py
[2025-01-31T14:56:46.080+0000] {processor.py:925} INFO - DAG(s) 'example_task_group' retrieved from /home/airflow/.local/lib/python3.12/site-packages/airflow/example_dags/example_task_group.py
[2025-01-31T14:56:46.101+0000] {logging_mixin.py:190} INFO - [2025-01-31T14:56:46.101+0000] {dag.py:3239} INFO - Sync 1 DAGs
[2025-01-31T14:56:46.117+0000] {logging_mixin.py:190} INFO - [2025-01-31T14:56:46.117+0000] {dag.py:4180} INFO - Setting next_dagrun for example_task_group to None, run_after=None
[2025-01-31T14:56:46.134+0000] {processor.py:208} INFO - Processing /home/airflow/.local/lib/python3.12/site-packages/airflow/example_dags/example_task_group.py took 0.068 seconds
[2025-01-31T14:57:16.810+0000] {processor.py:186} INFO - Started process (PID=3871) to work on /home/airflow/.local/lib/python3.12/site-packages/airflow/example_dags/example_task_group.py
[2025-01-31T14:57:16.810+0000] {processor.py:914} INFO - Processing file /home/airflow/.local/lib/python3.12/site-packages/airflow/example_dags/example_task_group.py for tasks to queue
[2025-01-31T14:57:16.812+0000] {logging_mixin.py:190} INFO - [2025-01-31T14:57:16.812+0000] {dagbag.py:588} INFO - Filling up the DagBag from /home/airflow/.local/lib/python3.12/site-packages/airflow/example_dags/example_task_group.py
[2025-01-31T14:57:16.819+0000] {processor.py:925} INFO - DAG(s) 'example_task_group' retrieved from /home/airflow/.local/lib/python3.12/site-packages/airflow/example_dags/example_task_group.py
[2025-01-31T14:57:16.837+0000] {logging_mixin.py:190} INFO - [2025-01-31T14:57:16.836+0000] {dag.py:3239} INFO - Sync 1 DAGs
[2025-01-31T14:57:16.851+0000] {logging_mixin.py:190} INFO - [2025-01-31T14:57:16.850+0000] {dag.py:4180} INFO - Setting next_dagrun for example_task_group to None, run_after=None
[2025-01-31T14:57:16.863+0000] {processor.py:208} INFO - Processing /home/airflow/.local/lib/python3.12/site-packages/airflow/example_dags/example_task_group.py took 0.058 seconds
[2025-01-31T14:57:47.488+0000] {processor.py:186} INFO - Started process (PID=3937) to work on /home/airflow/.local/lib/python3.12/site-packages/airflow/example_dags/example_task_group.py
[2025-01-31T14:57:47.488+0000] {processor.py:914} INFO - Processing file /home/airflow/.local/lib/python3.12/site-packages/airflow/example_dags/example_task_group.py for tasks to queue
[2025-01-31T14:57:47.490+0000] {logging_mixin.py:190} INFO - [2025-01-31T14:57:47.490+0000] {dagbag.py:588} INFO - Filling up the DagBag from /home/airflow/.local/lib/python3.12/site-packages/airflow/example_dags/example_task_group.py
[2025-01-31T14:57:47.498+0000] {processor.py:925} INFO - DAG(s) 'example_task_group' retrieved from /home/airflow/.local/lib/python3.12/site-packages/airflow/example_dags/example_task_group.py
[2025-01-31T14:57:47.517+0000] {logging_mixin.py:190} INFO - [2025-01-31T14:57:47.517+0000] {dag.py:3239} INFO - Sync 1 DAGs
[2025-01-31T14:57:47.531+0000] {logging_mixin.py:190} INFO - [2025-01-31T14:57:47.531+0000] {dag.py:4180} INFO - Setting next_dagrun for example_task_group to None, run_after=None
[2025-01-31T14:57:47.544+0000] {processor.py:208} INFO - Processing /home/airflow/.local/lib/python3.12/site-packages/airflow/example_dags/example_task_group.py took 0.061 seconds
[2025-01-31T14:58:18.264+0000] {processor.py:186} INFO - Started process (PID=4003) to work on /home/airflow/.local/lib/python3.12/site-packages/airflow/example_dags/example_task_group.py
[2025-01-31T14:58:18.265+0000] {processor.py:914} INFO - Processing file /home/airflow/.local/lib/python3.12/site-packages/airflow/example_dags/example_task_group.py for tasks to queue
[2025-01-31T14:58:18.267+0000] {logging_mixin.py:190} INFO - [2025-01-31T14:58:18.267+0000] {dagbag.py:588} INFO - Filling up the DagBag from /home/airflow/.local/lib/python3.12/site-packages/airflow/example_dags/example_task_group.py
[2025-01-31T14:58:18.276+0000] {processor.py:925} INFO - DAG(s) 'example_task_group' retrieved from /home/airflow/.local/lib/python3.12/site-packages/airflow/example_dags/example_task_group.py
[2025-01-31T14:58:18.297+0000] {logging_mixin.py:190} INFO - [2025-01-31T14:58:18.297+0000] {dag.py:3239} INFO - Sync 1 DAGs
[2025-01-31T14:58:18.311+0000] {logging_mixin.py:190} INFO - [2025-01-31T14:58:18.311+0000] {dag.py:4180} INFO - Setting next_dagrun for example_task_group to None, run_after=None
[2025-01-31T14:58:18.325+0000] {processor.py:208} INFO - Processing /home/airflow/.local/lib/python3.12/site-packages/airflow/example_dags/example_task_group.py took 0.066 seconds
[2025-01-31T14:58:49.074+0000] {processor.py:186} INFO - Started process (PID=4069) to work on /home/airflow/.local/lib/python3.12/site-packages/airflow/example_dags/example_task_group.py
[2025-01-31T14:58:49.074+0000] {processor.py:914} INFO - Processing file /home/airflow/.local/lib/python3.12/site-packages/airflow/example_dags/example_task_group.py for tasks to queue
[2025-01-31T14:58:49.076+0000] {logging_mixin.py:190} INFO - [2025-01-31T14:58:49.076+0000] {dagbag.py:588} INFO - Filling up the DagBag from /home/airflow/.local/lib/python3.12/site-packages/airflow/example_dags/example_task_group.py
[2025-01-31T14:58:49.082+0000] {processor.py:925} INFO - DAG(s) 'example_task_group' retrieved from /home/airflow/.local/lib/python3.12/site-packages/airflow/example_dags/example_task_group.py
[2025-01-31T14:58:49.098+0000] {logging_mixin.py:190} INFO - [2025-01-31T14:58:49.098+0000] {dag.py:3239} INFO - Sync 1 DAGs
[2025-01-31T14:58:49.109+0000] {logging_mixin.py:190} INFO - [2025-01-31T14:58:49.109+0000] {dag.py:4180} INFO - Setting next_dagrun for example_task_group to None, run_after=None
[2025-01-31T14:58:49.120+0000] {processor.py:208} INFO - Processing /home/airflow/.local/lib/python3.12/site-packages/airflow/example_dags/example_task_group.py took 0.051 seconds
[2025-01-31T14:59:19.970+0000] {processor.py:186} INFO - Started process (PID=4135) to work on /home/airflow/.local/lib/python3.12/site-packages/airflow/example_dags/example_task_group.py
[2025-01-31T14:59:19.970+0000] {processor.py:914} INFO - Processing file /home/airflow/.local/lib/python3.12/site-packages/airflow/example_dags/example_task_group.py for tasks to queue
[2025-01-31T14:59:19.972+0000] {logging_mixin.py:190} INFO - [2025-01-31T14:59:19.972+0000] {dagbag.py:588} INFO - Filling up the DagBag from /home/airflow/.local/lib/python3.12/site-packages/airflow/example_dags/example_task_group.py
[2025-01-31T14:59:19.981+0000] {processor.py:925} INFO - DAG(s) 'example_task_group' retrieved from /home/airflow/.local/lib/python3.12/site-packages/airflow/example_dags/example_task_group.py
[2025-01-31T14:59:20.006+0000] {logging_mixin.py:190} INFO - [2025-01-31T14:59:20.006+0000] {dag.py:3239} INFO - Sync 1 DAGs
[2025-01-31T14:59:20.021+0000] {logging_mixin.py:190} INFO - [2025-01-31T14:59:20.021+0000] {dag.py:4180} INFO - Setting next_dagrun for example_task_group to None, run_after=None
[2025-01-31T14:59:20.038+0000] {processor.py:208} INFO - Processing /home/airflow/.local/lib/python3.12/site-packages/airflow/example_dags/example_task_group.py took 0.074 seconds
[2025-01-31T14:59:50.714+0000] {processor.py:186} INFO - Started process (PID=4201) to work on /home/airflow/.local/lib/python3.12/site-packages/airflow/example_dags/example_task_group.py
[2025-01-31T14:59:50.714+0000] {processor.py:914} INFO - Processing file /home/airflow/.local/lib/python3.12/site-packages/airflow/example_dags/example_task_group.py for tasks to queue
[2025-01-31T14:59:50.716+0000] {logging_mixin.py:190} INFO - [2025-01-31T14:59:50.716+0000] {dagbag.py:588} INFO - Filling up the DagBag from /home/airflow/.local/lib/python3.12/site-packages/airflow/example_dags/example_task_group.py
[2025-01-31T14:59:50.725+0000] {processor.py:925} INFO - DAG(s) 'example_task_group' retrieved from /home/airflow/.local/lib/python3.12/site-packages/airflow/example_dags/example_task_group.py
[2025-01-31T14:59:50.744+0000] {logging_mixin.py:190} INFO - [2025-01-31T14:59:50.744+0000] {dag.py:3239} INFO - Sync 1 DAGs
[2025-01-31T14:59:50.755+0000] {logging_mixin.py:190} INFO - [2025-01-31T14:59:50.755+0000] {dag.py:4180} INFO - Setting next_dagrun for example_task_group to None, run_after=None
[2025-01-31T14:59:50.768+0000] {processor.py:208} INFO - Processing /home/airflow/.local/lib/python3.12/site-packages/airflow/example_dags/example_task_group.py took 0.060 seconds
[2025-01-31T15:00:21.756+0000] {processor.py:186} INFO - Started process (PID=4266) to work on /home/airflow/.local/lib/python3.12/site-packages/airflow/example_dags/example_task_group.py
[2025-01-31T15:00:21.757+0000] {processor.py:914} INFO - Processing file /home/airflow/.local/lib/python3.12/site-packages/airflow/example_dags/example_task_group.py for tasks to queue
[2025-01-31T15:00:21.759+0000] {logging_mixin.py:190} INFO - [2025-01-31T15:00:21.758+0000] {dagbag.py:588} INFO - Filling up the DagBag from /home/airflow/.local/lib/python3.12/site-packages/airflow/example_dags/example_task_group.py
[2025-01-31T15:00:21.766+0000] {processor.py:925} INFO - DAG(s) 'example_task_group' retrieved from /home/airflow/.local/lib/python3.12/site-packages/airflow/example_dags/example_task_group.py
[2025-01-31T15:00:21.784+0000] {logging_mixin.py:190} INFO - [2025-01-31T15:00:21.783+0000] {dag.py:3239} INFO - Sync 1 DAGs
[2025-01-31T15:00:21.795+0000] {logging_mixin.py:190} INFO - [2025-01-31T15:00:21.795+0000] {dag.py:4180} INFO - Setting next_dagrun for example_task_group to None, run_after=None
[2025-01-31T15:00:21.808+0000] {processor.py:208} INFO - Processing /home/airflow/.local/lib/python3.12/site-packages/airflow/example_dags/example_task_group.py took 0.056 seconds
[2025-01-31T15:00:52.915+0000] {processor.py:186} INFO - Started process (PID=4332) to work on /home/airflow/.local/lib/python3.12/site-packages/airflow/example_dags/example_task_group.py
[2025-01-31T15:00:52.916+0000] {processor.py:914} INFO - Processing file /home/airflow/.local/lib/python3.12/site-packages/airflow/example_dags/example_task_group.py for tasks to queue
[2025-01-31T15:00:52.918+0000] {logging_mixin.py:190} INFO - [2025-01-31T15:00:52.918+0000] {dagbag.py:588} INFO - Filling up the DagBag from /home/airflow/.local/lib/python3.12/site-packages/airflow/example_dags/example_task_group.py
[2025-01-31T15:00:52.927+0000] {processor.py:925} INFO - DAG(s) 'example_task_group' retrieved from /home/airflow/.local/lib/python3.12/site-packages/airflow/example_dags/example_task_group.py
[2025-01-31T15:00:52.949+0000] {logging_mixin.py:190} INFO - [2025-01-31T15:00:52.948+0000] {dag.py:3239} INFO - Sync 1 DAGs
[2025-01-31T15:00:52.964+0000] {logging_mixin.py:190} INFO - [2025-01-31T15:00:52.963+0000] {dag.py:4180} INFO - Setting next_dagrun for example_task_group to None, run_after=None
[2025-01-31T15:00:52.984+0000] {processor.py:208} INFO - Processing /home/airflow/.local/lib/python3.12/site-packages/airflow/example_dags/example_task_group.py took 0.077 seconds
[2025-01-31T15:01:23.906+0000] {processor.py:186} INFO - Started process (PID=4398) to work on /home/airflow/.local/lib/python3.12/site-packages/airflow/example_dags/example_task_group.py
[2025-01-31T15:01:23.907+0000] {processor.py:914} INFO - Processing file /home/airflow/.local/lib/python3.12/site-packages/airflow/example_dags/example_task_group.py for tasks to queue
[2025-01-31T15:01:23.909+0000] {logging_mixin.py:190} INFO - [2025-01-31T15:01:23.909+0000] {dagbag.py:588} INFO - Filling up the DagBag from /home/airflow/.local/lib/python3.12/site-packages/airflow/example_dags/example_task_group.py
[2025-01-31T15:01:23.916+0000] {processor.py:925} INFO - DAG(s) 'example_task_group' retrieved from /home/airflow/.local/lib/python3.12/site-packages/airflow/example_dags/example_task_group.py
[2025-01-31T15:01:23.934+0000] {logging_mixin.py:190} INFO - [2025-01-31T15:01:23.934+0000] {dag.py:3239} INFO - Sync 1 DAGs
[2025-01-31T15:01:23.945+0000] {logging_mixin.py:190} INFO - [2025-01-31T15:01:23.945+0000] {dag.py:4180} INFO - Setting next_dagrun for example_task_group to None, run_after=None
[2025-01-31T15:01:23.959+0000] {processor.py:208} INFO - Processing /home/airflow/.local/lib/python3.12/site-packages/airflow/example_dags/example_task_group.py took 0.057 seconds
