[2025-01-31T14:27:46.244+0000] {processor.py:186} INFO - Started process (PID=93) to work on /home/airflow/.local/lib/python3.12/site-packages/airflow/example_dags/example_branch_day_of_week_operator.py
[2025-01-31T14:27:46.245+0000] {processor.py:914} INFO - Processing file /home/airflow/.local/lib/python3.12/site-packages/airflow/example_dags/example_branch_day_of_week_operator.py for tasks to queue
[2025-01-31T14:27:46.247+0000] {logging_mixin.py:190} INFO - [2025-01-31T14:27:46.247+0000] {dagbag.py:588} INFO - Filling up the DagBag from /home/airflow/.local/lib/python3.12/site-packages/airflow/example_dags/example_branch_day_of_week_operator.py
[2025-01-31T14:27:46.258+0000] {processor.py:925} INFO - DAG(s) 'example_weekday_branch_operator' retrieved from /home/airflow/.local/lib/python3.12/site-packages/airflow/example_dags/example_branch_day_of_week_operator.py
[2025-01-31T14:27:46.364+0000] {logging_mixin.py:190} INFO - [2025-01-31T14:27:46.363+0000] {override.py:1911} INFO - Created Permission View: can delete on DAG:example_weekday_branch_operator
[2025-01-31T14:27:46.372+0000] {logging_mixin.py:190} INFO - [2025-01-31T14:27:46.371+0000] {override.py:1911} INFO - Created Permission View: can edit on DAG:example_weekday_branch_operator
[2025-01-31T14:27:46.376+0000] {logging_mixin.py:190} INFO - [2025-01-31T14:27:46.376+0000] {override.py:1911} INFO - Created Permission View: can read on DAG:example_weekday_branch_operator
[2025-01-31T14:27:46.381+0000] {logging_mixin.py:190} INFO - [2025-01-31T14:27:46.381+0000] {override.py:1911} INFO - Created Permission View: menu access on DAG Run:example_weekday_branch_operator
[2025-01-31T14:27:46.386+0000] {logging_mixin.py:190} INFO - [2025-01-31T14:27:46.386+0000] {override.py:1911} INFO - Created Permission View: can create on DAG Run:example_weekday_branch_operator
[2025-01-31T14:27:46.391+0000] {logging_mixin.py:190} INFO - [2025-01-31T14:27:46.391+0000] {override.py:1911} INFO - Created Permission View: can delete on DAG Run:example_weekday_branch_operator
[2025-01-31T14:27:46.396+0000] {logging_mixin.py:190} INFO - [2025-01-31T14:27:46.396+0000] {override.py:1911} INFO - Created Permission View: can read on DAG Run:example_weekday_branch_operator
[2025-01-31T14:27:46.396+0000] {logging_mixin.py:190} INFO - [2025-01-31T14:27:46.396+0000] {dag.py:3239} INFO - Sync 1 DAGs
[2025-01-31T14:27:46.410+0000] {logging_mixin.py:190} INFO - [2025-01-31T14:27:46.410+0000] {dag.py:3262} INFO - Creating ORM DAG for example_weekday_branch_operator
[2025-01-31T14:27:46.423+0000] {logging_mixin.py:190} INFO - [2025-01-31T14:27:46.423+0000] {dag.py:4180} INFO - Setting next_dagrun for example_weekday_branch_operator to 2025-01-30 00:00:00+00:00, run_after=2025-01-31 00:00:00+00:00
[2025-01-31T14:27:46.438+0000] {processor.py:208} INFO - Processing /home/airflow/.local/lib/python3.12/site-packages/airflow/example_dags/example_branch_day_of_week_operator.py took 0.198 seconds
[2025-01-31T14:28:16.877+0000] {processor.py:186} INFO - Started process (PID=158) to work on /home/airflow/.local/lib/python3.12/site-packages/airflow/example_dags/example_branch_day_of_week_operator.py
[2025-01-31T14:28:16.878+0000] {processor.py:914} INFO - Processing file /home/airflow/.local/lib/python3.12/site-packages/airflow/example_dags/example_branch_day_of_week_operator.py for tasks to queue
[2025-01-31T14:28:16.880+0000] {logging_mixin.py:190} INFO - [2025-01-31T14:28:16.880+0000] {dagbag.py:588} INFO - Filling up the DagBag from /home/airflow/.local/lib/python3.12/site-packages/airflow/example_dags/example_branch_day_of_week_operator.py
[2025-01-31T14:28:16.890+0000] {processor.py:925} INFO - DAG(s) 'example_weekday_branch_operator' retrieved from /home/airflow/.local/lib/python3.12/site-packages/airflow/example_dags/example_branch_day_of_week_operator.py
[2025-01-31T14:28:16.910+0000] {logging_mixin.py:190} INFO - [2025-01-31T14:28:16.909+0000] {dag.py:3239} INFO - Sync 1 DAGs
[2025-01-31T14:28:16.933+0000] {logging_mixin.py:190} INFO - [2025-01-31T14:28:16.933+0000] {dag.py:4180} INFO - Setting next_dagrun for example_weekday_branch_operator to 2025-01-30 00:00:00+00:00, run_after=2025-01-31 00:00:00+00:00
[2025-01-31T14:28:16.946+0000] {processor.py:208} INFO - Processing /home/airflow/.local/lib/python3.12/site-packages/airflow/example_dags/example_branch_day_of_week_operator.py took 0.075 seconds
[2025-01-31T14:28:47.904+0000] {processor.py:186} INFO - Started process (PID=223) to work on /home/airflow/.local/lib/python3.12/site-packages/airflow/example_dags/example_branch_day_of_week_operator.py
[2025-01-31T14:28:47.905+0000] {processor.py:914} INFO - Processing file /home/airflow/.local/lib/python3.12/site-packages/airflow/example_dags/example_branch_day_of_week_operator.py for tasks to queue
[2025-01-31T14:28:47.907+0000] {logging_mixin.py:190} INFO - [2025-01-31T14:28:47.906+0000] {dagbag.py:588} INFO - Filling up the DagBag from /home/airflow/.local/lib/python3.12/site-packages/airflow/example_dags/example_branch_day_of_week_operator.py
[2025-01-31T14:28:47.914+0000] {processor.py:925} INFO - DAG(s) 'example_weekday_branch_operator' retrieved from /home/airflow/.local/lib/python3.12/site-packages/airflow/example_dags/example_branch_day_of_week_operator.py
[2025-01-31T14:28:47.929+0000] {logging_mixin.py:190} INFO - [2025-01-31T14:28:47.929+0000] {dag.py:3239} INFO - Sync 1 DAGs
[2025-01-31T14:28:47.952+0000] {logging_mixin.py:190} INFO - [2025-01-31T14:28:47.952+0000] {dag.py:4180} INFO - Setting next_dagrun for example_weekday_branch_operator to 2025-01-30 00:00:00+00:00, run_after=2025-01-31 00:00:00+00:00
[2025-01-31T14:28:47.967+0000] {processor.py:208} INFO - Processing /home/airflow/.local/lib/python3.12/site-packages/airflow/example_dags/example_branch_day_of_week_operator.py took 0.068 seconds
[2025-01-31T14:29:18.325+0000] {processor.py:186} INFO - Started process (PID=289) to work on /home/airflow/.local/lib/python3.12/site-packages/airflow/example_dags/example_branch_day_of_week_operator.py
[2025-01-31T14:29:18.326+0000] {processor.py:914} INFO - Processing file /home/airflow/.local/lib/python3.12/site-packages/airflow/example_dags/example_branch_day_of_week_operator.py for tasks to queue
[2025-01-31T14:29:18.327+0000] {logging_mixin.py:190} INFO - [2025-01-31T14:29:18.327+0000] {dagbag.py:588} INFO - Filling up the DagBag from /home/airflow/.local/lib/python3.12/site-packages/airflow/example_dags/example_branch_day_of_week_operator.py
[2025-01-31T14:29:18.336+0000] {processor.py:925} INFO - DAG(s) 'example_weekday_branch_operator' retrieved from /home/airflow/.local/lib/python3.12/site-packages/airflow/example_dags/example_branch_day_of_week_operator.py
[2025-01-31T14:29:18.354+0000] {logging_mixin.py:190} INFO - [2025-01-31T14:29:18.353+0000] {dag.py:3239} INFO - Sync 1 DAGs
[2025-01-31T14:29:18.374+0000] {logging_mixin.py:190} INFO - [2025-01-31T14:29:18.374+0000] {dag.py:4180} INFO - Setting next_dagrun for example_weekday_branch_operator to 2025-01-30 00:00:00+00:00, run_after=2025-01-31 00:00:00+00:00
[2025-01-31T14:29:18.387+0000] {processor.py:208} INFO - Processing /home/airflow/.local/lib/python3.12/site-packages/airflow/example_dags/example_branch_day_of_week_operator.py took 0.066 seconds
[2025-01-31T14:29:49.704+0000] {processor.py:186} INFO - Started process (PID=354) to work on /home/airflow/.local/lib/python3.12/site-packages/airflow/example_dags/example_branch_day_of_week_operator.py
[2025-01-31T14:29:49.705+0000] {processor.py:914} INFO - Processing file /home/airflow/.local/lib/python3.12/site-packages/airflow/example_dags/example_branch_day_of_week_operator.py for tasks to queue
[2025-01-31T14:29:49.707+0000] {logging_mixin.py:190} INFO - [2025-01-31T14:29:49.707+0000] {dagbag.py:588} INFO - Filling up the DagBag from /home/airflow/.local/lib/python3.12/site-packages/airflow/example_dags/example_branch_day_of_week_operator.py
[2025-01-31T14:29:49.716+0000] {processor.py:925} INFO - DAG(s) 'example_weekday_branch_operator' retrieved from /home/airflow/.local/lib/python3.12/site-packages/airflow/example_dags/example_branch_day_of_week_operator.py
[2025-01-31T14:29:49.735+0000] {logging_mixin.py:190} INFO - [2025-01-31T14:29:49.735+0000] {dag.py:3239} INFO - Sync 1 DAGs
[2025-01-31T14:29:49.755+0000] {logging_mixin.py:190} INFO - [2025-01-31T14:29:49.755+0000] {dag.py:4180} INFO - Setting next_dagrun for example_weekday_branch_operator to 2025-01-30 00:00:00+00:00, run_after=2025-01-31 00:00:00+00:00
[2025-01-31T14:29:49.768+0000] {processor.py:208} INFO - Processing /home/airflow/.local/lib/python3.12/site-packages/airflow/example_dags/example_branch_day_of_week_operator.py took 0.070 seconds
[2025-01-31T14:30:21.555+0000] {processor.py:186} INFO - Started process (PID=419) to work on /home/airflow/.local/lib/python3.12/site-packages/airflow/example_dags/example_branch_day_of_week_operator.py
[2025-01-31T14:30:21.556+0000] {processor.py:914} INFO - Processing file /home/airflow/.local/lib/python3.12/site-packages/airflow/example_dags/example_branch_day_of_week_operator.py for tasks to queue
[2025-01-31T14:30:21.558+0000] {logging_mixin.py:190} INFO - [2025-01-31T14:30:21.558+0000] {dagbag.py:588} INFO - Filling up the DagBag from /home/airflow/.local/lib/python3.12/site-packages/airflow/example_dags/example_branch_day_of_week_operator.py
[2025-01-31T14:30:21.575+0000] {processor.py:925} INFO - DAG(s) 'example_weekday_branch_operator' retrieved from /home/airflow/.local/lib/python3.12/site-packages/airflow/example_dags/example_branch_day_of_week_operator.py
[2025-01-31T14:30:21.594+0000] {logging_mixin.py:190} INFO - [2025-01-31T14:30:21.594+0000] {dag.py:3239} INFO - Sync 1 DAGs
[2025-01-31T14:30:21.619+0000] {logging_mixin.py:190} INFO - [2025-01-31T14:30:21.619+0000] {dag.py:4180} INFO - Setting next_dagrun for example_weekday_branch_operator to 2025-01-30 00:00:00+00:00, run_after=2025-01-31 00:00:00+00:00
[2025-01-31T14:30:21.635+0000] {processor.py:208} INFO - Processing /home/airflow/.local/lib/python3.12/site-packages/airflow/example_dags/example_branch_day_of_week_operator.py took 0.086 seconds
[2025-01-31T14:30:52.407+0000] {processor.py:186} INFO - Started process (PID=484) to work on /home/airflow/.local/lib/python3.12/site-packages/airflow/example_dags/example_branch_day_of_week_operator.py
[2025-01-31T14:30:52.408+0000] {processor.py:914} INFO - Processing file /home/airflow/.local/lib/python3.12/site-packages/airflow/example_dags/example_branch_day_of_week_operator.py for tasks to queue
[2025-01-31T14:30:52.410+0000] {logging_mixin.py:190} INFO - [2025-01-31T14:30:52.410+0000] {dagbag.py:588} INFO - Filling up the DagBag from /home/airflow/.local/lib/python3.12/site-packages/airflow/example_dags/example_branch_day_of_week_operator.py
[2025-01-31T14:30:52.418+0000] {processor.py:925} INFO - DAG(s) 'example_weekday_branch_operator' retrieved from /home/airflow/.local/lib/python3.12/site-packages/airflow/example_dags/example_branch_day_of_week_operator.py
[2025-01-31T14:30:52.436+0000] {logging_mixin.py:190} INFO - [2025-01-31T14:30:52.436+0000] {dag.py:3239} INFO - Sync 1 DAGs
[2025-01-31T14:30:52.462+0000] {logging_mixin.py:190} INFO - [2025-01-31T14:30:52.462+0000] {dag.py:4180} INFO - Setting next_dagrun for example_weekday_branch_operator to 2025-01-30 00:00:00+00:00, run_after=2025-01-31 00:00:00+00:00
[2025-01-31T14:30:52.480+0000] {processor.py:208} INFO - Processing /home/airflow/.local/lib/python3.12/site-packages/airflow/example_dags/example_branch_day_of_week_operator.py took 0.077 seconds
[2025-01-31T14:31:24.039+0000] {processor.py:186} INFO - Started process (PID=549) to work on /home/airflow/.local/lib/python3.12/site-packages/airflow/example_dags/example_branch_day_of_week_operator.py
[2025-01-31T14:31:24.040+0000] {processor.py:914} INFO - Processing file /home/airflow/.local/lib/python3.12/site-packages/airflow/example_dags/example_branch_day_of_week_operator.py for tasks to queue
[2025-01-31T14:31:24.042+0000] {logging_mixin.py:190} INFO - [2025-01-31T14:31:24.042+0000] {dagbag.py:588} INFO - Filling up the DagBag from /home/airflow/.local/lib/python3.12/site-packages/airflow/example_dags/example_branch_day_of_week_operator.py
[2025-01-31T14:31:24.052+0000] {processor.py:925} INFO - DAG(s) 'example_weekday_branch_operator' retrieved from /home/airflow/.local/lib/python3.12/site-packages/airflow/example_dags/example_branch_day_of_week_operator.py
[2025-01-31T14:31:24.070+0000] {logging_mixin.py:190} INFO - [2025-01-31T14:31:24.070+0000] {dag.py:3239} INFO - Sync 1 DAGs
[2025-01-31T14:31:24.092+0000] {logging_mixin.py:190} INFO - [2025-01-31T14:31:24.092+0000] {dag.py:4180} INFO - Setting next_dagrun for example_weekday_branch_operator to 2025-01-30 00:00:00+00:00, run_after=2025-01-31 00:00:00+00:00
[2025-01-31T14:31:24.105+0000] {processor.py:208} INFO - Processing /home/airflow/.local/lib/python3.12/site-packages/airflow/example_dags/example_branch_day_of_week_operator.py took 0.072 seconds
[2025-01-31T14:31:54.849+0000] {processor.py:186} INFO - Started process (PID=615) to work on /home/airflow/.local/lib/python3.12/site-packages/airflow/example_dags/example_branch_day_of_week_operator.py
[2025-01-31T14:31:54.849+0000] {processor.py:914} INFO - Processing file /home/airflow/.local/lib/python3.12/site-packages/airflow/example_dags/example_branch_day_of_week_operator.py for tasks to queue
[2025-01-31T14:31:54.851+0000] {logging_mixin.py:190} INFO - [2025-01-31T14:31:54.851+0000] {dagbag.py:588} INFO - Filling up the DagBag from /home/airflow/.local/lib/python3.12/site-packages/airflow/example_dags/example_branch_day_of_week_operator.py
[2025-01-31T14:31:54.860+0000] {processor.py:925} INFO - DAG(s) 'example_weekday_branch_operator' retrieved from /home/airflow/.local/lib/python3.12/site-packages/airflow/example_dags/example_branch_day_of_week_operator.py
[2025-01-31T14:31:54.880+0000] {logging_mixin.py:190} INFO - [2025-01-31T14:31:54.880+0000] {dag.py:3239} INFO - Sync 1 DAGs
[2025-01-31T14:31:54.903+0000] {logging_mixin.py:190} INFO - [2025-01-31T14:31:54.903+0000] {dag.py:4180} INFO - Setting next_dagrun for example_weekday_branch_operator to 2025-01-30 00:00:00+00:00, run_after=2025-01-31 00:00:00+00:00
[2025-01-31T14:31:54.920+0000] {processor.py:208} INFO - Processing /home/airflow/.local/lib/python3.12/site-packages/airflow/example_dags/example_branch_day_of_week_operator.py took 0.078 seconds
[2025-01-31T14:32:25.916+0000] {processor.py:186} INFO - Started process (PID=679) to work on /home/airflow/.local/lib/python3.12/site-packages/airflow/example_dags/example_branch_day_of_week_operator.py
[2025-01-31T14:32:25.917+0000] {processor.py:914} INFO - Processing file /home/airflow/.local/lib/python3.12/site-packages/airflow/example_dags/example_branch_day_of_week_operator.py for tasks to queue
[2025-01-31T14:32:25.919+0000] {logging_mixin.py:190} INFO - [2025-01-31T14:32:25.919+0000] {dagbag.py:588} INFO - Filling up the DagBag from /home/airflow/.local/lib/python3.12/site-packages/airflow/example_dags/example_branch_day_of_week_operator.py
[2025-01-31T14:32:25.930+0000] {processor.py:925} INFO - DAG(s) 'example_weekday_branch_operator' retrieved from /home/airflow/.local/lib/python3.12/site-packages/airflow/example_dags/example_branch_day_of_week_operator.py
[2025-01-31T14:32:25.952+0000] {logging_mixin.py:190} INFO - [2025-01-31T14:32:25.952+0000] {dag.py:3239} INFO - Sync 1 DAGs
[2025-01-31T14:32:25.980+0000] {logging_mixin.py:190} INFO - [2025-01-31T14:32:25.979+0000] {dag.py:4180} INFO - Setting next_dagrun for example_weekday_branch_operator to 2025-01-30 00:00:00+00:00, run_after=2025-01-31 00:00:00+00:00
[2025-01-31T14:32:25.998+0000] {processor.py:208} INFO - Processing /home/airflow/.local/lib/python3.12/site-packages/airflow/example_dags/example_branch_day_of_week_operator.py took 0.088 seconds
[2025-01-31T14:32:56.912+0000] {processor.py:186} INFO - Started process (PID=745) to work on /home/airflow/.local/lib/python3.12/site-packages/airflow/example_dags/example_branch_day_of_week_operator.py
[2025-01-31T14:32:56.912+0000] {processor.py:914} INFO - Processing file /home/airflow/.local/lib/python3.12/site-packages/airflow/example_dags/example_branch_day_of_week_operator.py for tasks to queue
[2025-01-31T14:32:56.914+0000] {logging_mixin.py:190} INFO - [2025-01-31T14:32:56.914+0000] {dagbag.py:588} INFO - Filling up the DagBag from /home/airflow/.local/lib/python3.12/site-packages/airflow/example_dags/example_branch_day_of_week_operator.py
[2025-01-31T14:32:56.922+0000] {processor.py:925} INFO - DAG(s) 'example_weekday_branch_operator' retrieved from /home/airflow/.local/lib/python3.12/site-packages/airflow/example_dags/example_branch_day_of_week_operator.py
[2025-01-31T14:32:56.942+0000] {logging_mixin.py:190} INFO - [2025-01-31T14:32:56.942+0000] {dag.py:3239} INFO - Sync 1 DAGs
[2025-01-31T14:32:56.966+0000] {logging_mixin.py:190} INFO - [2025-01-31T14:32:56.966+0000] {dag.py:4180} INFO - Setting next_dagrun for example_weekday_branch_operator to 2025-01-30 00:00:00+00:00, run_after=2025-01-31 00:00:00+00:00
[2025-01-31T14:32:56.981+0000] {processor.py:208} INFO - Processing /home/airflow/.local/lib/python3.12/site-packages/airflow/example_dags/example_branch_day_of_week_operator.py took 0.073 seconds
[2025-01-31T14:33:27.765+0000] {processor.py:186} INFO - Started process (PID=811) to work on /home/airflow/.local/lib/python3.12/site-packages/airflow/example_dags/example_branch_day_of_week_operator.py
[2025-01-31T14:33:27.765+0000] {processor.py:914} INFO - Processing file /home/airflow/.local/lib/python3.12/site-packages/airflow/example_dags/example_branch_day_of_week_operator.py for tasks to queue
[2025-01-31T14:33:27.767+0000] {logging_mixin.py:190} INFO - [2025-01-31T14:33:27.767+0000] {dagbag.py:588} INFO - Filling up the DagBag from /home/airflow/.local/lib/python3.12/site-packages/airflow/example_dags/example_branch_day_of_week_operator.py
[2025-01-31T14:33:27.774+0000] {processor.py:925} INFO - DAG(s) 'example_weekday_branch_operator' retrieved from /home/airflow/.local/lib/python3.12/site-packages/airflow/example_dags/example_branch_day_of_week_operator.py
[2025-01-31T14:33:27.789+0000] {logging_mixin.py:190} INFO - [2025-01-31T14:33:27.789+0000] {dag.py:3239} INFO - Sync 1 DAGs
[2025-01-31T14:33:27.811+0000] {logging_mixin.py:190} INFO - [2025-01-31T14:33:27.811+0000] {dag.py:4180} INFO - Setting next_dagrun for example_weekday_branch_operator to 2025-01-30 00:00:00+00:00, run_after=2025-01-31 00:00:00+00:00
[2025-01-31T14:33:27.825+0000] {processor.py:208} INFO - Processing /home/airflow/.local/lib/python3.12/site-packages/airflow/example_dags/example_branch_day_of_week_operator.py took 0.065 seconds
[2025-01-31T14:33:59.436+0000] {processor.py:186} INFO - Started process (PID=876) to work on /home/airflow/.local/lib/python3.12/site-packages/airflow/example_dags/example_branch_day_of_week_operator.py
[2025-01-31T14:33:59.437+0000] {processor.py:914} INFO - Processing file /home/airflow/.local/lib/python3.12/site-packages/airflow/example_dags/example_branch_day_of_week_operator.py for tasks to queue
[2025-01-31T14:33:59.438+0000] {logging_mixin.py:190} INFO - [2025-01-31T14:33:59.438+0000] {dagbag.py:588} INFO - Filling up the DagBag from /home/airflow/.local/lib/python3.12/site-packages/airflow/example_dags/example_branch_day_of_week_operator.py
[2025-01-31T14:33:59.446+0000] {processor.py:925} INFO - DAG(s) 'example_weekday_branch_operator' retrieved from /home/airflow/.local/lib/python3.12/site-packages/airflow/example_dags/example_branch_day_of_week_operator.py
[2025-01-31T14:33:59.463+0000] {logging_mixin.py:190} INFO - [2025-01-31T14:33:59.463+0000] {dag.py:3239} INFO - Sync 1 DAGs
[2025-01-31T14:33:59.486+0000] {logging_mixin.py:190} INFO - [2025-01-31T14:33:59.486+0000] {dag.py:4180} INFO - Setting next_dagrun for example_weekday_branch_operator to 2025-01-30 00:00:00+00:00, run_after=2025-01-31 00:00:00+00:00
[2025-01-31T14:33:59.504+0000] {processor.py:208} INFO - Processing /home/airflow/.local/lib/python3.12/site-packages/airflow/example_dags/example_branch_day_of_week_operator.py took 0.072 seconds
[2025-01-31T14:34:30.207+0000] {processor.py:186} INFO - Started process (PID=941) to work on /home/airflow/.local/lib/python3.12/site-packages/airflow/example_dags/example_branch_day_of_week_operator.py
[2025-01-31T14:34:30.207+0000] {processor.py:914} INFO - Processing file /home/airflow/.local/lib/python3.12/site-packages/airflow/example_dags/example_branch_day_of_week_operator.py for tasks to queue
[2025-01-31T14:34:30.209+0000] {logging_mixin.py:190} INFO - [2025-01-31T14:34:30.209+0000] {dagbag.py:588} INFO - Filling up the DagBag from /home/airflow/.local/lib/python3.12/site-packages/airflow/example_dags/example_branch_day_of_week_operator.py
[2025-01-31T14:34:30.218+0000] {processor.py:925} INFO - DAG(s) 'example_weekday_branch_operator' retrieved from /home/airflow/.local/lib/python3.12/site-packages/airflow/example_dags/example_branch_day_of_week_operator.py
[2025-01-31T14:34:30.234+0000] {logging_mixin.py:190} INFO - [2025-01-31T14:34:30.234+0000] {dag.py:3239} INFO - Sync 1 DAGs
[2025-01-31T14:34:30.253+0000] {logging_mixin.py:190} INFO - [2025-01-31T14:34:30.253+0000] {dag.py:4180} INFO - Setting next_dagrun for example_weekday_branch_operator to 2025-01-30 00:00:00+00:00, run_after=2025-01-31 00:00:00+00:00
[2025-01-31T14:34:30.266+0000] {processor.py:208} INFO - Processing /home/airflow/.local/lib/python3.12/site-packages/airflow/example_dags/example_branch_day_of_week_operator.py took 0.064 seconds
[2025-01-31T14:35:01.244+0000] {processor.py:186} INFO - Started process (PID=1007) to work on /home/airflow/.local/lib/python3.12/site-packages/airflow/example_dags/example_branch_day_of_week_operator.py
[2025-01-31T14:35:01.245+0000] {processor.py:914} INFO - Processing file /home/airflow/.local/lib/python3.12/site-packages/airflow/example_dags/example_branch_day_of_week_operator.py for tasks to queue
[2025-01-31T14:35:01.247+0000] {logging_mixin.py:190} INFO - [2025-01-31T14:35:01.246+0000] {dagbag.py:588} INFO - Filling up the DagBag from /home/airflow/.local/lib/python3.12/site-packages/airflow/example_dags/example_branch_day_of_week_operator.py
[2025-01-31T14:35:01.255+0000] {processor.py:925} INFO - DAG(s) 'example_weekday_branch_operator' retrieved from /home/airflow/.local/lib/python3.12/site-packages/airflow/example_dags/example_branch_day_of_week_operator.py
[2025-01-31T14:35:01.273+0000] {logging_mixin.py:190} INFO - [2025-01-31T14:35:01.273+0000] {dag.py:3239} INFO - Sync 1 DAGs
[2025-01-31T14:35:01.294+0000] {logging_mixin.py:190} INFO - [2025-01-31T14:35:01.293+0000] {dag.py:4180} INFO - Setting next_dagrun for example_weekday_branch_operator to 2025-01-30 00:00:00+00:00, run_after=2025-01-31 00:00:00+00:00
[2025-01-31T14:35:01.308+0000] {processor.py:208} INFO - Processing /home/airflow/.local/lib/python3.12/site-packages/airflow/example_dags/example_branch_day_of_week_operator.py took 0.068 seconds
[2025-01-31T14:35:31.771+0000] {processor.py:186} INFO - Started process (PID=1072) to work on /home/airflow/.local/lib/python3.12/site-packages/airflow/example_dags/example_branch_day_of_week_operator.py
[2025-01-31T14:35:31.772+0000] {processor.py:914} INFO - Processing file /home/airflow/.local/lib/python3.12/site-packages/airflow/example_dags/example_branch_day_of_week_operator.py for tasks to queue
[2025-01-31T14:35:31.774+0000] {logging_mixin.py:190} INFO - [2025-01-31T14:35:31.773+0000] {dagbag.py:588} INFO - Filling up the DagBag from /home/airflow/.local/lib/python3.12/site-packages/airflow/example_dags/example_branch_day_of_week_operator.py
[2025-01-31T14:35:31.783+0000] {processor.py:925} INFO - DAG(s) 'example_weekday_branch_operator' retrieved from /home/airflow/.local/lib/python3.12/site-packages/airflow/example_dags/example_branch_day_of_week_operator.py
[2025-01-31T14:35:31.798+0000] {logging_mixin.py:190} INFO - [2025-01-31T14:35:31.798+0000] {dag.py:3239} INFO - Sync 1 DAGs
[2025-01-31T14:35:31.816+0000] {logging_mixin.py:190} INFO - [2025-01-31T14:35:31.816+0000] {dag.py:4180} INFO - Setting next_dagrun for example_weekday_branch_operator to 2025-01-30 00:00:00+00:00, run_after=2025-01-31 00:00:00+00:00
[2025-01-31T14:35:31.829+0000] {processor.py:208} INFO - Processing /home/airflow/.local/lib/python3.12/site-packages/airflow/example_dags/example_branch_day_of_week_operator.py took 0.062 seconds
[2025-01-31T14:36:03.010+0000] {processor.py:186} INFO - Started process (PID=1137) to work on /home/airflow/.local/lib/python3.12/site-packages/airflow/example_dags/example_branch_day_of_week_operator.py
[2025-01-31T14:36:03.010+0000] {processor.py:914} INFO - Processing file /home/airflow/.local/lib/python3.12/site-packages/airflow/example_dags/example_branch_day_of_week_operator.py for tasks to queue
[2025-01-31T14:36:03.012+0000] {logging_mixin.py:190} INFO - [2025-01-31T14:36:03.011+0000] {dagbag.py:588} INFO - Filling up the DagBag from /home/airflow/.local/lib/python3.12/site-packages/airflow/example_dags/example_branch_day_of_week_operator.py
[2025-01-31T14:36:03.022+0000] {processor.py:925} INFO - DAG(s) 'example_weekday_branch_operator' retrieved from /home/airflow/.local/lib/python3.12/site-packages/airflow/example_dags/example_branch_day_of_week_operator.py
[2025-01-31T14:36:03.039+0000] {logging_mixin.py:190} INFO - [2025-01-31T14:36:03.039+0000] {dag.py:3239} INFO - Sync 1 DAGs
[2025-01-31T14:36:03.063+0000] {logging_mixin.py:190} INFO - [2025-01-31T14:36:03.063+0000] {dag.py:4180} INFO - Setting next_dagrun for example_weekday_branch_operator to 2025-01-30 00:00:00+00:00, run_after=2025-01-31 00:00:00+00:00
[2025-01-31T14:36:03.078+0000] {processor.py:208} INFO - Processing /home/airflow/.local/lib/python3.12/site-packages/airflow/example_dags/example_branch_day_of_week_operator.py took 0.074 seconds
[2025-01-31T14:36:34.232+0000] {processor.py:186} INFO - Started process (PID=1203) to work on /home/airflow/.local/lib/python3.12/site-packages/airflow/example_dags/example_branch_day_of_week_operator.py
[2025-01-31T14:36:34.233+0000] {processor.py:914} INFO - Processing file /home/airflow/.local/lib/python3.12/site-packages/airflow/example_dags/example_branch_day_of_week_operator.py for tasks to queue
[2025-01-31T14:36:34.234+0000] {logging_mixin.py:190} INFO - [2025-01-31T14:36:34.234+0000] {dagbag.py:588} INFO - Filling up the DagBag from /home/airflow/.local/lib/python3.12/site-packages/airflow/example_dags/example_branch_day_of_week_operator.py
[2025-01-31T14:36:34.242+0000] {processor.py:925} INFO - DAG(s) 'example_weekday_branch_operator' retrieved from /home/airflow/.local/lib/python3.12/site-packages/airflow/example_dags/example_branch_day_of_week_operator.py
[2025-01-31T14:36:34.258+0000] {logging_mixin.py:190} INFO - [2025-01-31T14:36:34.258+0000] {dag.py:3239} INFO - Sync 1 DAGs
[2025-01-31T14:36:34.277+0000] {logging_mixin.py:190} INFO - [2025-01-31T14:36:34.276+0000] {dag.py:4180} INFO - Setting next_dagrun for example_weekday_branch_operator to 2025-01-30 00:00:00+00:00, run_after=2025-01-31 00:00:00+00:00
[2025-01-31T14:36:34.290+0000] {processor.py:208} INFO - Processing /home/airflow/.local/lib/python3.12/site-packages/airflow/example_dags/example_branch_day_of_week_operator.py took 0.062 seconds
[2025-01-31T14:37:05.495+0000] {processor.py:186} INFO - Started process (PID=1268) to work on /home/airflow/.local/lib/python3.12/site-packages/airflow/example_dags/example_branch_day_of_week_operator.py
[2025-01-31T14:37:05.496+0000] {processor.py:914} INFO - Processing file /home/airflow/.local/lib/python3.12/site-packages/airflow/example_dags/example_branch_day_of_week_operator.py for tasks to queue
[2025-01-31T14:37:05.497+0000] {logging_mixin.py:190} INFO - [2025-01-31T14:37:05.497+0000] {dagbag.py:588} INFO - Filling up the DagBag from /home/airflow/.local/lib/python3.12/site-packages/airflow/example_dags/example_branch_day_of_week_operator.py
[2025-01-31T14:37:05.505+0000] {processor.py:925} INFO - DAG(s) 'example_weekday_branch_operator' retrieved from /home/airflow/.local/lib/python3.12/site-packages/airflow/example_dags/example_branch_day_of_week_operator.py
[2025-01-31T14:37:05.521+0000] {logging_mixin.py:190} INFO - [2025-01-31T14:37:05.521+0000] {dag.py:3239} INFO - Sync 1 DAGs
[2025-01-31T14:37:05.541+0000] {logging_mixin.py:190} INFO - [2025-01-31T14:37:05.540+0000] {dag.py:4180} INFO - Setting next_dagrun for example_weekday_branch_operator to 2025-01-30 00:00:00+00:00, run_after=2025-01-31 00:00:00+00:00
[2025-01-31T14:37:05.554+0000] {processor.py:208} INFO - Processing /home/airflow/.local/lib/python3.12/site-packages/airflow/example_dags/example_branch_day_of_week_operator.py took 0.064 seconds
[2025-01-31T14:37:37.229+0000] {processor.py:186} INFO - Started process (PID=1333) to work on /home/airflow/.local/lib/python3.12/site-packages/airflow/example_dags/example_branch_day_of_week_operator.py
[2025-01-31T14:37:37.230+0000] {processor.py:914} INFO - Processing file /home/airflow/.local/lib/python3.12/site-packages/airflow/example_dags/example_branch_day_of_week_operator.py for tasks to queue
[2025-01-31T14:37:37.231+0000] {logging_mixin.py:190} INFO - [2025-01-31T14:37:37.231+0000] {dagbag.py:588} INFO - Filling up the DagBag from /home/airflow/.local/lib/python3.12/site-packages/airflow/example_dags/example_branch_day_of_week_operator.py
[2025-01-31T14:37:37.239+0000] {processor.py:925} INFO - DAG(s) 'example_weekday_branch_operator' retrieved from /home/airflow/.local/lib/python3.12/site-packages/airflow/example_dags/example_branch_day_of_week_operator.py
[2025-01-31T14:37:37.256+0000] {logging_mixin.py:190} INFO - [2025-01-31T14:37:37.256+0000] {dag.py:3239} INFO - Sync 1 DAGs
[2025-01-31T14:37:37.274+0000] {logging_mixin.py:190} INFO - [2025-01-31T14:37:37.274+0000] {dag.py:4180} INFO - Setting next_dagrun for example_weekday_branch_operator to 2025-01-30 00:00:00+00:00, run_after=2025-01-31 00:00:00+00:00
[2025-01-31T14:37:37.286+0000] {processor.py:208} INFO - Processing /home/airflow/.local/lib/python3.12/site-packages/airflow/example_dags/example_branch_day_of_week_operator.py took 0.062 seconds
[2025-01-31T14:38:08.200+0000] {processor.py:186} INFO - Started process (PID=1398) to work on /home/airflow/.local/lib/python3.12/site-packages/airflow/example_dags/example_branch_day_of_week_operator.py
[2025-01-31T14:38:08.201+0000] {processor.py:914} INFO - Processing file /home/airflow/.local/lib/python3.12/site-packages/airflow/example_dags/example_branch_day_of_week_operator.py for tasks to queue
[2025-01-31T14:38:08.203+0000] {logging_mixin.py:190} INFO - [2025-01-31T14:38:08.202+0000] {dagbag.py:588} INFO - Filling up the DagBag from /home/airflow/.local/lib/python3.12/site-packages/airflow/example_dags/example_branch_day_of_week_operator.py
[2025-01-31T14:38:08.210+0000] {processor.py:925} INFO - DAG(s) 'example_weekday_branch_operator' retrieved from /home/airflow/.local/lib/python3.12/site-packages/airflow/example_dags/example_branch_day_of_week_operator.py
[2025-01-31T14:38:08.227+0000] {logging_mixin.py:190} INFO - [2025-01-31T14:38:08.227+0000] {dag.py:3239} INFO - Sync 1 DAGs
[2025-01-31T14:38:08.245+0000] {logging_mixin.py:190} INFO - [2025-01-31T14:38:08.245+0000] {dag.py:4180} INFO - Setting next_dagrun for example_weekday_branch_operator to 2025-01-30 00:00:00+00:00, run_after=2025-01-31 00:00:00+00:00
[2025-01-31T14:38:08.258+0000] {processor.py:208} INFO - Processing /home/airflow/.local/lib/python3.12/site-packages/airflow/example_dags/example_branch_day_of_week_operator.py took 0.062 seconds
[2025-01-31T14:38:39.420+0000] {processor.py:186} INFO - Started process (PID=1463) to work on /home/airflow/.local/lib/python3.12/site-packages/airflow/example_dags/example_branch_day_of_week_operator.py
[2025-01-31T14:38:39.421+0000] {processor.py:914} INFO - Processing file /home/airflow/.local/lib/python3.12/site-packages/airflow/example_dags/example_branch_day_of_week_operator.py for tasks to queue
[2025-01-31T14:38:39.422+0000] {logging_mixin.py:190} INFO - [2025-01-31T14:38:39.422+0000] {dagbag.py:588} INFO - Filling up the DagBag from /home/airflow/.local/lib/python3.12/site-packages/airflow/example_dags/example_branch_day_of_week_operator.py
[2025-01-31T14:38:39.430+0000] {processor.py:925} INFO - DAG(s) 'example_weekday_branch_operator' retrieved from /home/airflow/.local/lib/python3.12/site-packages/airflow/example_dags/example_branch_day_of_week_operator.py
[2025-01-31T14:38:39.445+0000] {logging_mixin.py:190} INFO - [2025-01-31T14:38:39.445+0000] {dag.py:3239} INFO - Sync 1 DAGs
[2025-01-31T14:38:39.465+0000] {logging_mixin.py:190} INFO - [2025-01-31T14:38:39.464+0000] {dag.py:4180} INFO - Setting next_dagrun for example_weekday_branch_operator to 2025-01-30 00:00:00+00:00, run_after=2025-01-31 00:00:00+00:00
[2025-01-31T14:38:39.478+0000] {processor.py:208} INFO - Processing /home/airflow/.local/lib/python3.12/site-packages/airflow/example_dags/example_branch_day_of_week_operator.py took 0.063 seconds
[2025-01-31T14:39:10.611+0000] {processor.py:186} INFO - Started process (PID=1528) to work on /home/airflow/.local/lib/python3.12/site-packages/airflow/example_dags/example_branch_day_of_week_operator.py
[2025-01-31T14:39:10.612+0000] {processor.py:914} INFO - Processing file /home/airflow/.local/lib/python3.12/site-packages/airflow/example_dags/example_branch_day_of_week_operator.py for tasks to queue
[2025-01-31T14:39:10.614+0000] {logging_mixin.py:190} INFO - [2025-01-31T14:39:10.613+0000] {dagbag.py:588} INFO - Filling up the DagBag from /home/airflow/.local/lib/python3.12/site-packages/airflow/example_dags/example_branch_day_of_week_operator.py
[2025-01-31T14:39:10.623+0000] {processor.py:925} INFO - DAG(s) 'example_weekday_branch_operator' retrieved from /home/airflow/.local/lib/python3.12/site-packages/airflow/example_dags/example_branch_day_of_week_operator.py
[2025-01-31T14:39:10.646+0000] {logging_mixin.py:190} INFO - [2025-01-31T14:39:10.646+0000] {dag.py:3239} INFO - Sync 1 DAGs
[2025-01-31T14:39:10.674+0000] {logging_mixin.py:190} INFO - [2025-01-31T14:39:10.673+0000] {dag.py:4180} INFO - Setting next_dagrun for example_weekday_branch_operator to 2025-01-30 00:00:00+00:00, run_after=2025-01-31 00:00:00+00:00
[2025-01-31T14:39:10.693+0000] {processor.py:208} INFO - Processing /home/airflow/.local/lib/python3.12/site-packages/airflow/example_dags/example_branch_day_of_week_operator.py took 0.086 seconds
[2025-01-31T14:39:41.966+0000] {processor.py:186} INFO - Started process (PID=1599) to work on /home/airflow/.local/lib/python3.12/site-packages/airflow/example_dags/example_branch_day_of_week_operator.py
[2025-01-31T14:39:41.966+0000] {processor.py:914} INFO - Processing file /home/airflow/.local/lib/python3.12/site-packages/airflow/example_dags/example_branch_day_of_week_operator.py for tasks to queue
[2025-01-31T14:39:41.968+0000] {logging_mixin.py:190} INFO - [2025-01-31T14:39:41.968+0000] {dagbag.py:588} INFO - Filling up the DagBag from /home/airflow/.local/lib/python3.12/site-packages/airflow/example_dags/example_branch_day_of_week_operator.py
[2025-01-31T14:39:41.976+0000] {processor.py:925} INFO - DAG(s) 'example_weekday_branch_operator' retrieved from /home/airflow/.local/lib/python3.12/site-packages/airflow/example_dags/example_branch_day_of_week_operator.py
[2025-01-31T14:39:41.991+0000] {logging_mixin.py:190} INFO - [2025-01-31T14:39:41.991+0000] {dag.py:3239} INFO - Sync 1 DAGs
[2025-01-31T14:39:42.009+0000] {logging_mixin.py:190} INFO - [2025-01-31T14:39:42.009+0000] {dag.py:4180} INFO - Setting next_dagrun for example_weekday_branch_operator to 2025-01-30 00:00:00+00:00, run_after=2025-01-31 00:00:00+00:00
[2025-01-31T14:39:42.022+0000] {processor.py:208} INFO - Processing /home/airflow/.local/lib/python3.12/site-packages/airflow/example_dags/example_branch_day_of_week_operator.py took 0.061 seconds
[2025-01-31T14:40:13.073+0000] {processor.py:186} INFO - Started process (PID=1664) to work on /home/airflow/.local/lib/python3.12/site-packages/airflow/example_dags/example_branch_day_of_week_operator.py
[2025-01-31T14:40:13.074+0000] {processor.py:914} INFO - Processing file /home/airflow/.local/lib/python3.12/site-packages/airflow/example_dags/example_branch_day_of_week_operator.py for tasks to queue
[2025-01-31T14:40:13.076+0000] {logging_mixin.py:190} INFO - [2025-01-31T14:40:13.076+0000] {dagbag.py:588} INFO - Filling up the DagBag from /home/airflow/.local/lib/python3.12/site-packages/airflow/example_dags/example_branch_day_of_week_operator.py
[2025-01-31T14:40:13.087+0000] {processor.py:925} INFO - DAG(s) 'example_weekday_branch_operator' retrieved from /home/airflow/.local/lib/python3.12/site-packages/airflow/example_dags/example_branch_day_of_week_operator.py
[2025-01-31T14:40:13.105+0000] {logging_mixin.py:190} INFO - [2025-01-31T14:40:13.104+0000] {dag.py:3239} INFO - Sync 1 DAGs
[2025-01-31T14:40:13.124+0000] {logging_mixin.py:190} INFO - [2025-01-31T14:40:13.123+0000] {dag.py:4180} INFO - Setting next_dagrun for example_weekday_branch_operator to 2025-01-30 00:00:00+00:00, run_after=2025-01-31 00:00:00+00:00
[2025-01-31T14:40:13.137+0000] {processor.py:208} INFO - Processing /home/airflow/.local/lib/python3.12/site-packages/airflow/example_dags/example_branch_day_of_week_operator.py took 0.070 seconds
[2025-01-31T14:40:44.196+0000] {processor.py:186} INFO - Started process (PID=1729) to work on /home/airflow/.local/lib/python3.12/site-packages/airflow/example_dags/example_branch_day_of_week_operator.py
[2025-01-31T14:40:44.197+0000] {processor.py:914} INFO - Processing file /home/airflow/.local/lib/python3.12/site-packages/airflow/example_dags/example_branch_day_of_week_operator.py for tasks to queue
[2025-01-31T14:40:44.198+0000] {logging_mixin.py:190} INFO - [2025-01-31T14:40:44.198+0000] {dagbag.py:588} INFO - Filling up the DagBag from /home/airflow/.local/lib/python3.12/site-packages/airflow/example_dags/example_branch_day_of_week_operator.py
[2025-01-31T14:40:44.206+0000] {processor.py:925} INFO - DAG(s) 'example_weekday_branch_operator' retrieved from /home/airflow/.local/lib/python3.12/site-packages/airflow/example_dags/example_branch_day_of_week_operator.py
[2025-01-31T14:40:44.222+0000] {logging_mixin.py:190} INFO - [2025-01-31T14:40:44.222+0000] {dag.py:3239} INFO - Sync 1 DAGs
[2025-01-31T14:40:44.242+0000] {logging_mixin.py:190} INFO - [2025-01-31T14:40:44.242+0000] {dag.py:4180} INFO - Setting next_dagrun for example_weekday_branch_operator to 2025-01-30 00:00:00+00:00, run_after=2025-01-31 00:00:00+00:00
[2025-01-31T14:40:44.256+0000] {processor.py:208} INFO - Processing /home/airflow/.local/lib/python3.12/site-packages/airflow/example_dags/example_branch_day_of_week_operator.py took 0.065 seconds
[2025-01-31T14:41:15.205+0000] {processor.py:186} INFO - Started process (PID=1794) to work on /home/airflow/.local/lib/python3.12/site-packages/airflow/example_dags/example_branch_day_of_week_operator.py
[2025-01-31T14:41:15.206+0000] {processor.py:914} INFO - Processing file /home/airflow/.local/lib/python3.12/site-packages/airflow/example_dags/example_branch_day_of_week_operator.py for tasks to queue
[2025-01-31T14:41:15.207+0000] {logging_mixin.py:190} INFO - [2025-01-31T14:41:15.207+0000] {dagbag.py:588} INFO - Filling up the DagBag from /home/airflow/.local/lib/python3.12/site-packages/airflow/example_dags/example_branch_day_of_week_operator.py
[2025-01-31T14:41:15.215+0000] {processor.py:925} INFO - DAG(s) 'example_weekday_branch_operator' retrieved from /home/airflow/.local/lib/python3.12/site-packages/airflow/example_dags/example_branch_day_of_week_operator.py
[2025-01-31T14:41:15.230+0000] {logging_mixin.py:190} INFO - [2025-01-31T14:41:15.230+0000] {dag.py:3239} INFO - Sync 1 DAGs
[2025-01-31T14:41:15.248+0000] {logging_mixin.py:190} INFO - [2025-01-31T14:41:15.248+0000] {dag.py:4180} INFO - Setting next_dagrun for example_weekday_branch_operator to 2025-01-30 00:00:00+00:00, run_after=2025-01-31 00:00:00+00:00
[2025-01-31T14:41:15.262+0000] {processor.py:208} INFO - Processing /home/airflow/.local/lib/python3.12/site-packages/airflow/example_dags/example_branch_day_of_week_operator.py took 0.061 seconds
[2025-01-31T14:41:46.586+0000] {processor.py:186} INFO - Started process (PID=1860) to work on /home/airflow/.local/lib/python3.12/site-packages/airflow/example_dags/example_branch_day_of_week_operator.py
[2025-01-31T14:41:46.586+0000] {processor.py:914} INFO - Processing file /home/airflow/.local/lib/python3.12/site-packages/airflow/example_dags/example_branch_day_of_week_operator.py for tasks to queue
[2025-01-31T14:41:46.588+0000] {logging_mixin.py:190} INFO - [2025-01-31T14:41:46.588+0000] {dagbag.py:588} INFO - Filling up the DagBag from /home/airflow/.local/lib/python3.12/site-packages/airflow/example_dags/example_branch_day_of_week_operator.py
[2025-01-31T14:41:46.596+0000] {processor.py:925} INFO - DAG(s) 'example_weekday_branch_operator' retrieved from /home/airflow/.local/lib/python3.12/site-packages/airflow/example_dags/example_branch_day_of_week_operator.py
[2025-01-31T14:41:46.612+0000] {logging_mixin.py:190} INFO - [2025-01-31T14:41:46.612+0000] {dag.py:3239} INFO - Sync 1 DAGs
[2025-01-31T14:41:46.631+0000] {logging_mixin.py:190} INFO - [2025-01-31T14:41:46.631+0000] {dag.py:4180} INFO - Setting next_dagrun for example_weekday_branch_operator to 2025-01-30 00:00:00+00:00, run_after=2025-01-31 00:00:00+00:00
[2025-01-31T14:41:46.644+0000] {processor.py:208} INFO - Processing /home/airflow/.local/lib/python3.12/site-packages/airflow/example_dags/example_branch_day_of_week_operator.py took 0.063 seconds
[2025-01-31T14:42:18.256+0000] {processor.py:186} INFO - Started process (PID=1925) to work on /home/airflow/.local/lib/python3.12/site-packages/airflow/example_dags/example_branch_day_of_week_operator.py
[2025-01-31T14:42:18.257+0000] {processor.py:914} INFO - Processing file /home/airflow/.local/lib/python3.12/site-packages/airflow/example_dags/example_branch_day_of_week_operator.py for tasks to queue
[2025-01-31T14:42:18.258+0000] {logging_mixin.py:190} INFO - [2025-01-31T14:42:18.258+0000] {dagbag.py:588} INFO - Filling up the DagBag from /home/airflow/.local/lib/python3.12/site-packages/airflow/example_dags/example_branch_day_of_week_operator.py
[2025-01-31T14:42:18.266+0000] {processor.py:925} INFO - DAG(s) 'example_weekday_branch_operator' retrieved from /home/airflow/.local/lib/python3.12/site-packages/airflow/example_dags/example_branch_day_of_week_operator.py
[2025-01-31T14:42:18.290+0000] {logging_mixin.py:190} INFO - [2025-01-31T14:42:18.290+0000] {dag.py:3239} INFO - Sync 1 DAGs
[2025-01-31T14:42:18.310+0000] {logging_mixin.py:190} INFO - [2025-01-31T14:42:18.310+0000] {dag.py:4180} INFO - Setting next_dagrun for example_weekday_branch_operator to 2025-01-30 00:00:00+00:00, run_after=2025-01-31 00:00:00+00:00
[2025-01-31T14:42:18.323+0000] {processor.py:208} INFO - Processing /home/airflow/.local/lib/python3.12/site-packages/airflow/example_dags/example_branch_day_of_week_operator.py took 0.071 seconds
[2025-01-31T14:42:49.361+0000] {processor.py:186} INFO - Started process (PID=1990) to work on /home/airflow/.local/lib/python3.12/site-packages/airflow/example_dags/example_branch_day_of_week_operator.py
[2025-01-31T14:42:49.362+0000] {processor.py:914} INFO - Processing file /home/airflow/.local/lib/python3.12/site-packages/airflow/example_dags/example_branch_day_of_week_operator.py for tasks to queue
[2025-01-31T14:42:49.364+0000] {logging_mixin.py:190} INFO - [2025-01-31T14:42:49.364+0000] {dagbag.py:588} INFO - Filling up the DagBag from /home/airflow/.local/lib/python3.12/site-packages/airflow/example_dags/example_branch_day_of_week_operator.py
[2025-01-31T14:42:49.375+0000] {processor.py:925} INFO - DAG(s) 'example_weekday_branch_operator' retrieved from /home/airflow/.local/lib/python3.12/site-packages/airflow/example_dags/example_branch_day_of_week_operator.py
[2025-01-31T14:42:49.394+0000] {logging_mixin.py:190} INFO - [2025-01-31T14:42:49.394+0000] {dag.py:3239} INFO - Sync 1 DAGs
[2025-01-31T14:42:49.419+0000] {logging_mixin.py:190} INFO - [2025-01-31T14:42:49.419+0000] {dag.py:4180} INFO - Setting next_dagrun for example_weekday_branch_operator to 2025-01-30 00:00:00+00:00, run_after=2025-01-31 00:00:00+00:00
[2025-01-31T14:42:49.437+0000] {processor.py:208} INFO - Processing /home/airflow/.local/lib/python3.12/site-packages/airflow/example_dags/example_branch_day_of_week_operator.py took 0.081 seconds
[2025-01-31T14:43:20.521+0000] {processor.py:186} INFO - Started process (PID=2055) to work on /home/airflow/.local/lib/python3.12/site-packages/airflow/example_dags/example_branch_day_of_week_operator.py
[2025-01-31T14:43:20.522+0000] {processor.py:914} INFO - Processing file /home/airflow/.local/lib/python3.12/site-packages/airflow/example_dags/example_branch_day_of_week_operator.py for tasks to queue
[2025-01-31T14:43:20.523+0000] {logging_mixin.py:190} INFO - [2025-01-31T14:43:20.523+0000] {dagbag.py:588} INFO - Filling up the DagBag from /home/airflow/.local/lib/python3.12/site-packages/airflow/example_dags/example_branch_day_of_week_operator.py
[2025-01-31T14:43:20.531+0000] {processor.py:925} INFO - DAG(s) 'example_weekday_branch_operator' retrieved from /home/airflow/.local/lib/python3.12/site-packages/airflow/example_dags/example_branch_day_of_week_operator.py
[2025-01-31T14:43:20.548+0000] {logging_mixin.py:190} INFO - [2025-01-31T14:43:20.548+0000] {dag.py:3239} INFO - Sync 1 DAGs
[2025-01-31T14:43:20.568+0000] {logging_mixin.py:190} INFO - [2025-01-31T14:43:20.568+0000] {dag.py:4180} INFO - Setting next_dagrun for example_weekday_branch_operator to 2025-01-30 00:00:00+00:00, run_after=2025-01-31 00:00:00+00:00
[2025-01-31T14:43:20.581+0000] {processor.py:208} INFO - Processing /home/airflow/.local/lib/python3.12/site-packages/airflow/example_dags/example_branch_day_of_week_operator.py took 0.064 seconds
[2025-01-31T14:43:51.111+0000] {processor.py:186} INFO - Started process (PID=2121) to work on /home/airflow/.local/lib/python3.12/site-packages/airflow/example_dags/example_branch_day_of_week_operator.py
[2025-01-31T14:43:51.111+0000] {processor.py:914} INFO - Processing file /home/airflow/.local/lib/python3.12/site-packages/airflow/example_dags/example_branch_day_of_week_operator.py for tasks to queue
[2025-01-31T14:43:51.113+0000] {logging_mixin.py:190} INFO - [2025-01-31T14:43:51.113+0000] {dagbag.py:588} INFO - Filling up the DagBag from /home/airflow/.local/lib/python3.12/site-packages/airflow/example_dags/example_branch_day_of_week_operator.py
[2025-01-31T14:43:51.120+0000] {processor.py:925} INFO - DAG(s) 'example_weekday_branch_operator' retrieved from /home/airflow/.local/lib/python3.12/site-packages/airflow/example_dags/example_branch_day_of_week_operator.py
[2025-01-31T14:43:51.136+0000] {logging_mixin.py:190} INFO - [2025-01-31T14:43:51.136+0000] {dag.py:3239} INFO - Sync 1 DAGs
[2025-01-31T14:43:51.155+0000] {logging_mixin.py:190} INFO - [2025-01-31T14:43:51.155+0000] {dag.py:4180} INFO - Setting next_dagrun for example_weekday_branch_operator to 2025-01-30 00:00:00+00:00, run_after=2025-01-31 00:00:00+00:00
[2025-01-31T14:43:51.168+0000] {processor.py:208} INFO - Processing /home/airflow/.local/lib/python3.12/site-packages/airflow/example_dags/example_branch_day_of_week_operator.py took 0.061 seconds
[2025-01-31T14:44:22.326+0000] {processor.py:186} INFO - Started process (PID=2186) to work on /home/airflow/.local/lib/python3.12/site-packages/airflow/example_dags/example_branch_day_of_week_operator.py
[2025-01-31T14:44:22.326+0000] {processor.py:914} INFO - Processing file /home/airflow/.local/lib/python3.12/site-packages/airflow/example_dags/example_branch_day_of_week_operator.py for tasks to queue
[2025-01-31T14:44:22.328+0000] {logging_mixin.py:190} INFO - [2025-01-31T14:44:22.328+0000] {dagbag.py:588} INFO - Filling up the DagBag from /home/airflow/.local/lib/python3.12/site-packages/airflow/example_dags/example_branch_day_of_week_operator.py
[2025-01-31T14:44:22.336+0000] {processor.py:925} INFO - DAG(s) 'example_weekday_branch_operator' retrieved from /home/airflow/.local/lib/python3.12/site-packages/airflow/example_dags/example_branch_day_of_week_operator.py
[2025-01-31T14:44:22.352+0000] {logging_mixin.py:190} INFO - [2025-01-31T14:44:22.352+0000] {dag.py:3239} INFO - Sync 1 DAGs
[2025-01-31T14:44:22.371+0000] {logging_mixin.py:190} INFO - [2025-01-31T14:44:22.371+0000] {dag.py:4180} INFO - Setting next_dagrun for example_weekday_branch_operator to 2025-01-30 00:00:00+00:00, run_after=2025-01-31 00:00:00+00:00
[2025-01-31T14:44:22.384+0000] {processor.py:208} INFO - Processing /home/airflow/.local/lib/python3.12/site-packages/airflow/example_dags/example_branch_day_of_week_operator.py took 0.063 seconds
[2025-01-31T14:44:53.509+0000] {processor.py:186} INFO - Started process (PID=2251) to work on /home/airflow/.local/lib/python3.12/site-packages/airflow/example_dags/example_branch_day_of_week_operator.py
[2025-01-31T14:44:53.509+0000] {processor.py:914} INFO - Processing file /home/airflow/.local/lib/python3.12/site-packages/airflow/example_dags/example_branch_day_of_week_operator.py for tasks to queue
[2025-01-31T14:44:53.511+0000] {logging_mixin.py:190} INFO - [2025-01-31T14:44:53.511+0000] {dagbag.py:588} INFO - Filling up the DagBag from /home/airflow/.local/lib/python3.12/site-packages/airflow/example_dags/example_branch_day_of_week_operator.py
[2025-01-31T14:44:53.519+0000] {processor.py:925} INFO - DAG(s) 'example_weekday_branch_operator' retrieved from /home/airflow/.local/lib/python3.12/site-packages/airflow/example_dags/example_branch_day_of_week_operator.py
[2025-01-31T14:44:53.534+0000] {logging_mixin.py:190} INFO - [2025-01-31T14:44:53.533+0000] {dag.py:3239} INFO - Sync 1 DAGs
[2025-01-31T14:44:53.551+0000] {logging_mixin.py:190} INFO - [2025-01-31T14:44:53.551+0000] {dag.py:4180} INFO - Setting next_dagrun for example_weekday_branch_operator to 2025-01-30 00:00:00+00:00, run_after=2025-01-31 00:00:00+00:00
[2025-01-31T14:44:53.563+0000] {processor.py:208} INFO - Processing /home/airflow/.local/lib/python3.12/site-packages/airflow/example_dags/example_branch_day_of_week_operator.py took 0.059 seconds
[2025-01-31T14:45:23.886+0000] {processor.py:186} INFO - Started process (PID=2315) to work on /home/airflow/.local/lib/python3.12/site-packages/airflow/example_dags/example_branch_day_of_week_operator.py
[2025-01-31T14:45:23.887+0000] {processor.py:914} INFO - Processing file /home/airflow/.local/lib/python3.12/site-packages/airflow/example_dags/example_branch_day_of_week_operator.py for tasks to queue
[2025-01-31T14:45:23.890+0000] {logging_mixin.py:190} INFO - [2025-01-31T14:45:23.889+0000] {dagbag.py:588} INFO - Filling up the DagBag from /home/airflow/.local/lib/python3.12/site-packages/airflow/example_dags/example_branch_day_of_week_operator.py
[2025-01-31T14:45:23.900+0000] {processor.py:925} INFO - DAG(s) 'example_weekday_branch_operator' retrieved from /home/airflow/.local/lib/python3.12/site-packages/airflow/example_dags/example_branch_day_of_week_operator.py
[2025-01-31T14:45:23.919+0000] {logging_mixin.py:190} INFO - [2025-01-31T14:45:23.918+0000] {dag.py:3239} INFO - Sync 1 DAGs
[2025-01-31T14:45:23.947+0000] {logging_mixin.py:190} INFO - [2025-01-31T14:45:23.946+0000] {dag.py:4180} INFO - Setting next_dagrun for example_weekday_branch_operator to 2025-01-30 00:00:00+00:00, run_after=2025-01-31 00:00:00+00:00
[2025-01-31T14:45:23.964+0000] {processor.py:208} INFO - Processing /home/airflow/.local/lib/python3.12/site-packages/airflow/example_dags/example_branch_day_of_week_operator.py took 0.086 seconds
[2025-01-31T14:45:54.875+0000] {processor.py:186} INFO - Started process (PID=2380) to work on /home/airflow/.local/lib/python3.12/site-packages/airflow/example_dags/example_branch_day_of_week_operator.py
[2025-01-31T14:45:54.876+0000] {processor.py:914} INFO - Processing file /home/airflow/.local/lib/python3.12/site-packages/airflow/example_dags/example_branch_day_of_week_operator.py for tasks to queue
[2025-01-31T14:45:54.877+0000] {logging_mixin.py:190} INFO - [2025-01-31T14:45:54.877+0000] {dagbag.py:588} INFO - Filling up the DagBag from /home/airflow/.local/lib/python3.12/site-packages/airflow/example_dags/example_branch_day_of_week_operator.py
[2025-01-31T14:45:54.884+0000] {processor.py:925} INFO - DAG(s) 'example_weekday_branch_operator' retrieved from /home/airflow/.local/lib/python3.12/site-packages/airflow/example_dags/example_branch_day_of_week_operator.py
[2025-01-31T14:45:54.899+0000] {logging_mixin.py:190} INFO - [2025-01-31T14:45:54.898+0000] {dag.py:3239} INFO - Sync 1 DAGs
[2025-01-31T14:45:54.919+0000] {logging_mixin.py:190} INFO - [2025-01-31T14:45:54.918+0000] {dag.py:4180} INFO - Setting next_dagrun for example_weekday_branch_operator to 2025-01-30 00:00:00+00:00, run_after=2025-01-31 00:00:00+00:00
[2025-01-31T14:45:54.932+0000] {processor.py:208} INFO - Processing /home/airflow/.local/lib/python3.12/site-packages/airflow/example_dags/example_branch_day_of_week_operator.py took 0.061 seconds
[2025-01-31T14:46:25.707+0000] {processor.py:186} INFO - Started process (PID=2449) to work on /home/airflow/.local/lib/python3.12/site-packages/airflow/example_dags/example_branch_day_of_week_operator.py
[2025-01-31T14:46:25.707+0000] {processor.py:914} INFO - Processing file /home/airflow/.local/lib/python3.12/site-packages/airflow/example_dags/example_branch_day_of_week_operator.py for tasks to queue
[2025-01-31T14:46:25.709+0000] {logging_mixin.py:190} INFO - [2025-01-31T14:46:25.709+0000] {dagbag.py:588} INFO - Filling up the DagBag from /home/airflow/.local/lib/python3.12/site-packages/airflow/example_dags/example_branch_day_of_week_operator.py
[2025-01-31T14:46:25.717+0000] {processor.py:925} INFO - DAG(s) 'example_weekday_branch_operator' retrieved from /home/airflow/.local/lib/python3.12/site-packages/airflow/example_dags/example_branch_day_of_week_operator.py
[2025-01-31T14:46:25.735+0000] {logging_mixin.py:190} INFO - [2025-01-31T14:46:25.735+0000] {dag.py:3239} INFO - Sync 1 DAGs
[2025-01-31T14:46:25.758+0000] {logging_mixin.py:190} INFO - [2025-01-31T14:46:25.758+0000] {dag.py:4180} INFO - Setting next_dagrun for example_weekday_branch_operator to 2025-01-30 00:00:00+00:00, run_after=2025-01-31 00:00:00+00:00
[2025-01-31T14:46:25.772+0000] {processor.py:208} INFO - Processing /home/airflow/.local/lib/python3.12/site-packages/airflow/example_dags/example_branch_day_of_week_operator.py took 0.070 seconds
[2025-01-31T14:46:56.502+0000] {processor.py:186} INFO - Started process (PID=2516) to work on /home/airflow/.local/lib/python3.12/site-packages/airflow/example_dags/example_branch_day_of_week_operator.py
[2025-01-31T14:46:56.503+0000] {processor.py:914} INFO - Processing file /home/airflow/.local/lib/python3.12/site-packages/airflow/example_dags/example_branch_day_of_week_operator.py for tasks to queue
[2025-01-31T14:46:56.505+0000] {logging_mixin.py:190} INFO - [2025-01-31T14:46:56.504+0000] {dagbag.py:588} INFO - Filling up the DagBag from /home/airflow/.local/lib/python3.12/site-packages/airflow/example_dags/example_branch_day_of_week_operator.py
[2025-01-31T14:46:56.515+0000] {processor.py:925} INFO - DAG(s) 'example_weekday_branch_operator' retrieved from /home/airflow/.local/lib/python3.12/site-packages/airflow/example_dags/example_branch_day_of_week_operator.py
[2025-01-31T14:46:56.533+0000] {logging_mixin.py:190} INFO - [2025-01-31T14:46:56.533+0000] {dag.py:3239} INFO - Sync 1 DAGs
[2025-01-31T14:46:56.556+0000] {logging_mixin.py:190} INFO - [2025-01-31T14:46:56.556+0000] {dag.py:4180} INFO - Setting next_dagrun for example_weekday_branch_operator to 2025-01-30 00:00:00+00:00, run_after=2025-01-31 00:00:00+00:00
[2025-01-31T14:46:56.570+0000] {processor.py:208} INFO - Processing /home/airflow/.local/lib/python3.12/site-packages/airflow/example_dags/example_branch_day_of_week_operator.py took 0.073 seconds
[2025-01-31T14:47:27.508+0000] {processor.py:186} INFO - Started process (PID=2582) to work on /home/airflow/.local/lib/python3.12/site-packages/airflow/example_dags/example_branch_day_of_week_operator.py
[2025-01-31T14:47:27.509+0000] {processor.py:914} INFO - Processing file /home/airflow/.local/lib/python3.12/site-packages/airflow/example_dags/example_branch_day_of_week_operator.py for tasks to queue
[2025-01-31T14:47:27.511+0000] {logging_mixin.py:190} INFO - [2025-01-31T14:47:27.511+0000] {dagbag.py:588} INFO - Filling up the DagBag from /home/airflow/.local/lib/python3.12/site-packages/airflow/example_dags/example_branch_day_of_week_operator.py
[2025-01-31T14:47:27.521+0000] {processor.py:925} INFO - DAG(s) 'example_weekday_branch_operator' retrieved from /home/airflow/.local/lib/python3.12/site-packages/airflow/example_dags/example_branch_day_of_week_operator.py
[2025-01-31T14:47:27.540+0000] {logging_mixin.py:190} INFO - [2025-01-31T14:47:27.539+0000] {dag.py:3239} INFO - Sync 1 DAGs
[2025-01-31T14:47:27.562+0000] {logging_mixin.py:190} INFO - [2025-01-31T14:47:27.562+0000] {dag.py:4180} INFO - Setting next_dagrun for example_weekday_branch_operator to 2025-01-30 00:00:00+00:00, run_after=2025-01-31 00:00:00+00:00
[2025-01-31T14:47:27.578+0000] {processor.py:208} INFO - Processing /home/airflow/.local/lib/python3.12/site-packages/airflow/example_dags/example_branch_day_of_week_operator.py took 0.074 seconds
[2025-01-31T14:47:58.342+0000] {processor.py:186} INFO - Started process (PID=2649) to work on /home/airflow/.local/lib/python3.12/site-packages/airflow/example_dags/example_branch_day_of_week_operator.py
[2025-01-31T14:47:58.343+0000] {processor.py:914} INFO - Processing file /home/airflow/.local/lib/python3.12/site-packages/airflow/example_dags/example_branch_day_of_week_operator.py for tasks to queue
[2025-01-31T14:47:58.344+0000] {logging_mixin.py:190} INFO - [2025-01-31T14:47:58.344+0000] {dagbag.py:588} INFO - Filling up the DagBag from /home/airflow/.local/lib/python3.12/site-packages/airflow/example_dags/example_branch_day_of_week_operator.py
[2025-01-31T14:47:58.353+0000] {processor.py:925} INFO - DAG(s) 'example_weekday_branch_operator' retrieved from /home/airflow/.local/lib/python3.12/site-packages/airflow/example_dags/example_branch_day_of_week_operator.py
[2025-01-31T14:47:58.368+0000] {logging_mixin.py:190} INFO - [2025-01-31T14:47:58.368+0000] {dag.py:3239} INFO - Sync 1 DAGs
[2025-01-31T14:47:58.391+0000] {logging_mixin.py:190} INFO - [2025-01-31T14:47:58.391+0000] {dag.py:4180} INFO - Setting next_dagrun for example_weekday_branch_operator to 2025-01-30 00:00:00+00:00, run_after=2025-01-31 00:00:00+00:00
[2025-01-31T14:47:58.406+0000] {processor.py:208} INFO - Processing /home/airflow/.local/lib/python3.12/site-packages/airflow/example_dags/example_branch_day_of_week_operator.py took 0.069 seconds
[2025-01-31T14:48:29.194+0000] {processor.py:186} INFO - Started process (PID=2715) to work on /home/airflow/.local/lib/python3.12/site-packages/airflow/example_dags/example_branch_day_of_week_operator.py
[2025-01-31T14:48:29.195+0000] {processor.py:914} INFO - Processing file /home/airflow/.local/lib/python3.12/site-packages/airflow/example_dags/example_branch_day_of_week_operator.py for tasks to queue
[2025-01-31T14:48:29.196+0000] {logging_mixin.py:190} INFO - [2025-01-31T14:48:29.196+0000] {dagbag.py:588} INFO - Filling up the DagBag from /home/airflow/.local/lib/python3.12/site-packages/airflow/example_dags/example_branch_day_of_week_operator.py
[2025-01-31T14:48:29.204+0000] {processor.py:925} INFO - DAG(s) 'example_weekday_branch_operator' retrieved from /home/airflow/.local/lib/python3.12/site-packages/airflow/example_dags/example_branch_day_of_week_operator.py
[2025-01-31T14:48:29.223+0000] {logging_mixin.py:190} INFO - [2025-01-31T14:48:29.223+0000] {dag.py:3239} INFO - Sync 1 DAGs
[2025-01-31T14:48:29.248+0000] {logging_mixin.py:190} INFO - [2025-01-31T14:48:29.247+0000] {dag.py:4180} INFO - Setting next_dagrun for example_weekday_branch_operator to 2025-01-30 00:00:00+00:00, run_after=2025-01-31 00:00:00+00:00
[2025-01-31T14:48:29.261+0000] {processor.py:208} INFO - Processing /home/airflow/.local/lib/python3.12/site-packages/airflow/example_dags/example_branch_day_of_week_operator.py took 0.072 seconds
[2025-01-31T14:48:59.311+0000] {processor.py:186} INFO - Started process (PID=2781) to work on /home/airflow/.local/lib/python3.12/site-packages/airflow/example_dags/example_branch_day_of_week_operator.py
[2025-01-31T14:48:59.311+0000] {processor.py:914} INFO - Processing file /home/airflow/.local/lib/python3.12/site-packages/airflow/example_dags/example_branch_day_of_week_operator.py for tasks to queue
[2025-01-31T14:48:59.313+0000] {logging_mixin.py:190} INFO - [2025-01-31T14:48:59.313+0000] {dagbag.py:588} INFO - Filling up the DagBag from /home/airflow/.local/lib/python3.12/site-packages/airflow/example_dags/example_branch_day_of_week_operator.py
[2025-01-31T14:48:59.321+0000] {processor.py:925} INFO - DAG(s) 'example_weekday_branch_operator' retrieved from /home/airflow/.local/lib/python3.12/site-packages/airflow/example_dags/example_branch_day_of_week_operator.py
[2025-01-31T14:48:59.341+0000] {logging_mixin.py:190} INFO - [2025-01-31T14:48:59.340+0000] {dag.py:3239} INFO - Sync 1 DAGs
[2025-01-31T14:48:59.367+0000] {logging_mixin.py:190} INFO - [2025-01-31T14:48:59.366+0000] {dag.py:4180} INFO - Setting next_dagrun for example_weekday_branch_operator to 2025-01-30 00:00:00+00:00, run_after=2025-01-31 00:00:00+00:00
[2025-01-31T14:48:59.382+0000] {processor.py:208} INFO - Processing /home/airflow/.local/lib/python3.12/site-packages/airflow/example_dags/example_branch_day_of_week_operator.py took 0.076 seconds
[2025-01-31T14:49:30.585+0000] {processor.py:186} INFO - Started process (PID=2847) to work on /home/airflow/.local/lib/python3.12/site-packages/airflow/example_dags/example_branch_day_of_week_operator.py
[2025-01-31T14:49:30.586+0000] {processor.py:914} INFO - Processing file /home/airflow/.local/lib/python3.12/site-packages/airflow/example_dags/example_branch_day_of_week_operator.py for tasks to queue
[2025-01-31T14:49:30.588+0000] {logging_mixin.py:190} INFO - [2025-01-31T14:49:30.588+0000] {dagbag.py:588} INFO - Filling up the DagBag from /home/airflow/.local/lib/python3.12/site-packages/airflow/example_dags/example_branch_day_of_week_operator.py
[2025-01-31T14:49:30.596+0000] {processor.py:925} INFO - DAG(s) 'example_weekday_branch_operator' retrieved from /home/airflow/.local/lib/python3.12/site-packages/airflow/example_dags/example_branch_day_of_week_operator.py
[2025-01-31T14:49:30.613+0000] {logging_mixin.py:190} INFO - [2025-01-31T14:49:30.613+0000] {dag.py:3239} INFO - Sync 1 DAGs
[2025-01-31T14:49:30.632+0000] {logging_mixin.py:190} INFO - [2025-01-31T14:49:30.632+0000] {dag.py:4180} INFO - Setting next_dagrun for example_weekday_branch_operator to 2025-01-30 00:00:00+00:00, run_after=2025-01-31 00:00:00+00:00
[2025-01-31T14:49:30.646+0000] {processor.py:208} INFO - Processing /home/airflow/.local/lib/python3.12/site-packages/airflow/example_dags/example_branch_day_of_week_operator.py took 0.067 seconds
[2025-01-31T14:50:00.964+0000] {processor.py:186} INFO - Started process (PID=2913) to work on /home/airflow/.local/lib/python3.12/site-packages/airflow/example_dags/example_branch_day_of_week_operator.py
[2025-01-31T14:50:00.964+0000] {processor.py:914} INFO - Processing file /home/airflow/.local/lib/python3.12/site-packages/airflow/example_dags/example_branch_day_of_week_operator.py for tasks to queue
[2025-01-31T14:50:00.966+0000] {logging_mixin.py:190} INFO - [2025-01-31T14:50:00.966+0000] {dagbag.py:588} INFO - Filling up the DagBag from /home/airflow/.local/lib/python3.12/site-packages/airflow/example_dags/example_branch_day_of_week_operator.py
[2025-01-31T14:50:00.973+0000] {processor.py:925} INFO - DAG(s) 'example_weekday_branch_operator' retrieved from /home/airflow/.local/lib/python3.12/site-packages/airflow/example_dags/example_branch_day_of_week_operator.py
[2025-01-31T14:50:00.989+0000] {logging_mixin.py:190} INFO - [2025-01-31T14:50:00.989+0000] {dag.py:3239} INFO - Sync 1 DAGs
[2025-01-31T14:50:01.007+0000] {logging_mixin.py:190} INFO - [2025-01-31T14:50:01.007+0000] {dag.py:4180} INFO - Setting next_dagrun for example_weekday_branch_operator to 2025-01-30 00:00:00+00:00, run_after=2025-01-31 00:00:00+00:00
[2025-01-31T14:50:01.020+0000] {processor.py:208} INFO - Processing /home/airflow/.local/lib/python3.12/site-packages/airflow/example_dags/example_branch_day_of_week_operator.py took 0.060 seconds
[2025-01-31T14:50:31.941+0000] {processor.py:186} INFO - Started process (PID=2982) to work on /home/airflow/.local/lib/python3.12/site-packages/airflow/example_dags/example_branch_day_of_week_operator.py
[2025-01-31T14:50:31.942+0000] {processor.py:914} INFO - Processing file /home/airflow/.local/lib/python3.12/site-packages/airflow/example_dags/example_branch_day_of_week_operator.py for tasks to queue
[2025-01-31T14:50:31.943+0000] {logging_mixin.py:190} INFO - [2025-01-31T14:50:31.943+0000] {dagbag.py:588} INFO - Filling up the DagBag from /home/airflow/.local/lib/python3.12/site-packages/airflow/example_dags/example_branch_day_of_week_operator.py
[2025-01-31T14:50:31.951+0000] {processor.py:925} INFO - DAG(s) 'example_weekday_branch_operator' retrieved from /home/airflow/.local/lib/python3.12/site-packages/airflow/example_dags/example_branch_day_of_week_operator.py
[2025-01-31T14:50:31.969+0000] {logging_mixin.py:190} INFO - [2025-01-31T14:50:31.969+0000] {dag.py:3239} INFO - Sync 1 DAGs
[2025-01-31T14:50:31.990+0000] {logging_mixin.py:190} INFO - [2025-01-31T14:50:31.989+0000] {dag.py:4180} INFO - Setting next_dagrun for example_weekday_branch_operator to 2025-01-30 00:00:00+00:00, run_after=2025-01-31 00:00:00+00:00
[2025-01-31T14:50:32.006+0000] {processor.py:208} INFO - Processing /home/airflow/.local/lib/python3.12/site-packages/airflow/example_dags/example_branch_day_of_week_operator.py took 0.069 seconds
[2025-01-31T14:51:03.312+0000] {processor.py:186} INFO - Started process (PID=3049) to work on /home/airflow/.local/lib/python3.12/site-packages/airflow/example_dags/example_branch_day_of_week_operator.py
[2025-01-31T14:51:03.312+0000] {processor.py:914} INFO - Processing file /home/airflow/.local/lib/python3.12/site-packages/airflow/example_dags/example_branch_day_of_week_operator.py for tasks to queue
[2025-01-31T14:51:03.315+0000] {logging_mixin.py:190} INFO - [2025-01-31T14:51:03.314+0000] {dagbag.py:588} INFO - Filling up the DagBag from /home/airflow/.local/lib/python3.12/site-packages/airflow/example_dags/example_branch_day_of_week_operator.py
[2025-01-31T14:51:03.325+0000] {processor.py:925} INFO - DAG(s) 'example_weekday_branch_operator' retrieved from /home/airflow/.local/lib/python3.12/site-packages/airflow/example_dags/example_branch_day_of_week_operator.py
[2025-01-31T14:51:03.346+0000] {logging_mixin.py:190} INFO - [2025-01-31T14:51:03.346+0000] {dag.py:3239} INFO - Sync 1 DAGs
[2025-01-31T14:51:03.373+0000] {logging_mixin.py:190} INFO - [2025-01-31T14:51:03.373+0000] {dag.py:4180} INFO - Setting next_dagrun for example_weekday_branch_operator to 2025-01-30 00:00:00+00:00, run_after=2025-01-31 00:00:00+00:00
[2025-01-31T14:51:03.391+0000] {processor.py:208} INFO - Processing /home/airflow/.local/lib/python3.12/site-packages/airflow/example_dags/example_branch_day_of_week_operator.py took 0.086 seconds
[2025-01-31T14:51:34.592+0000] {processor.py:186} INFO - Started process (PID=3118) to work on /home/airflow/.local/lib/python3.12/site-packages/airflow/example_dags/example_branch_day_of_week_operator.py
[2025-01-31T14:51:34.593+0000] {processor.py:914} INFO - Processing file /home/airflow/.local/lib/python3.12/site-packages/airflow/example_dags/example_branch_day_of_week_operator.py for tasks to queue
[2025-01-31T14:51:34.595+0000] {logging_mixin.py:190} INFO - [2025-01-31T14:51:34.595+0000] {dagbag.py:588} INFO - Filling up the DagBag from /home/airflow/.local/lib/python3.12/site-packages/airflow/example_dags/example_branch_day_of_week_operator.py
[2025-01-31T14:51:34.606+0000] {processor.py:925} INFO - DAG(s) 'example_weekday_branch_operator' retrieved from /home/airflow/.local/lib/python3.12/site-packages/airflow/example_dags/example_branch_day_of_week_operator.py
[2025-01-31T14:51:34.622+0000] {logging_mixin.py:190} INFO - [2025-01-31T14:51:34.621+0000] {dag.py:3239} INFO - Sync 1 DAGs
[2025-01-31T14:51:34.641+0000] {logging_mixin.py:190} INFO - [2025-01-31T14:51:34.640+0000] {dag.py:4180} INFO - Setting next_dagrun for example_weekday_branch_operator to 2025-01-30 00:00:00+00:00, run_after=2025-01-31 00:00:00+00:00
[2025-01-31T14:51:34.655+0000] {processor.py:208} INFO - Processing /home/airflow/.local/lib/python3.12/site-packages/airflow/example_dags/example_branch_day_of_week_operator.py took 0.069 seconds
[2025-01-31T14:52:05.357+0000] {processor.py:186} INFO - Started process (PID=3184) to work on /home/airflow/.local/lib/python3.12/site-packages/airflow/example_dags/example_branch_day_of_week_operator.py
[2025-01-31T14:52:05.358+0000] {processor.py:914} INFO - Processing file /home/airflow/.local/lib/python3.12/site-packages/airflow/example_dags/example_branch_day_of_week_operator.py for tasks to queue
[2025-01-31T14:52:05.359+0000] {logging_mixin.py:190} INFO - [2025-01-31T14:52:05.359+0000] {dagbag.py:588} INFO - Filling up the DagBag from /home/airflow/.local/lib/python3.12/site-packages/airflow/example_dags/example_branch_day_of_week_operator.py
[2025-01-31T14:52:05.367+0000] {processor.py:925} INFO - DAG(s) 'example_weekday_branch_operator' retrieved from /home/airflow/.local/lib/python3.12/site-packages/airflow/example_dags/example_branch_day_of_week_operator.py
[2025-01-31T14:52:05.384+0000] {logging_mixin.py:190} INFO - [2025-01-31T14:52:05.383+0000] {dag.py:3239} INFO - Sync 1 DAGs
[2025-01-31T14:52:05.403+0000] {logging_mixin.py:190} INFO - [2025-01-31T14:52:05.403+0000] {dag.py:4180} INFO - Setting next_dagrun for example_weekday_branch_operator to 2025-01-30 00:00:00+00:00, run_after=2025-01-31 00:00:00+00:00
[2025-01-31T14:52:05.418+0000] {processor.py:208} INFO - Processing /home/airflow/.local/lib/python3.12/site-packages/airflow/example_dags/example_branch_day_of_week_operator.py took 0.065 seconds
[2025-01-31T14:52:36.163+0000] {processor.py:186} INFO - Started process (PID=3250) to work on /home/airflow/.local/lib/python3.12/site-packages/airflow/example_dags/example_branch_day_of_week_operator.py
[2025-01-31T14:52:36.164+0000] {processor.py:914} INFO - Processing file /home/airflow/.local/lib/python3.12/site-packages/airflow/example_dags/example_branch_day_of_week_operator.py for tasks to queue
[2025-01-31T14:52:36.166+0000] {logging_mixin.py:190} INFO - [2025-01-31T14:52:36.166+0000] {dagbag.py:588} INFO - Filling up the DagBag from /home/airflow/.local/lib/python3.12/site-packages/airflow/example_dags/example_branch_day_of_week_operator.py
[2025-01-31T14:52:36.176+0000] {processor.py:925} INFO - DAG(s) 'example_weekday_branch_operator' retrieved from /home/airflow/.local/lib/python3.12/site-packages/airflow/example_dags/example_branch_day_of_week_operator.py
[2025-01-31T14:52:36.191+0000] {logging_mixin.py:190} INFO - [2025-01-31T14:52:36.191+0000] {dag.py:3239} INFO - Sync 1 DAGs
[2025-01-31T14:52:36.211+0000] {logging_mixin.py:190} INFO - [2025-01-31T14:52:36.211+0000] {dag.py:4180} INFO - Setting next_dagrun for example_weekday_branch_operator to 2025-01-30 00:00:00+00:00, run_after=2025-01-31 00:00:00+00:00
[2025-01-31T14:52:36.226+0000] {processor.py:208} INFO - Processing /home/airflow/.local/lib/python3.12/site-packages/airflow/example_dags/example_branch_day_of_week_operator.py took 0.067 seconds
[2025-01-31T14:53:07.417+0000] {processor.py:186} INFO - Started process (PID=3315) to work on /home/airflow/.local/lib/python3.12/site-packages/airflow/example_dags/example_branch_day_of_week_operator.py
[2025-01-31T14:53:07.418+0000] {processor.py:914} INFO - Processing file /home/airflow/.local/lib/python3.12/site-packages/airflow/example_dags/example_branch_day_of_week_operator.py for tasks to queue
[2025-01-31T14:53:07.419+0000] {logging_mixin.py:190} INFO - [2025-01-31T14:53:07.419+0000] {dagbag.py:588} INFO - Filling up the DagBag from /home/airflow/.local/lib/python3.12/site-packages/airflow/example_dags/example_branch_day_of_week_operator.py
[2025-01-31T14:53:07.427+0000] {processor.py:925} INFO - DAG(s) 'example_weekday_branch_operator' retrieved from /home/airflow/.local/lib/python3.12/site-packages/airflow/example_dags/example_branch_day_of_week_operator.py
[2025-01-31T14:53:07.442+0000] {logging_mixin.py:190} INFO - [2025-01-31T14:53:07.441+0000] {dag.py:3239} INFO - Sync 1 DAGs
[2025-01-31T14:53:07.462+0000] {logging_mixin.py:190} INFO - [2025-01-31T14:53:07.461+0000] {dag.py:4180} INFO - Setting next_dagrun for example_weekday_branch_operator to 2025-01-30 00:00:00+00:00, run_after=2025-01-31 00:00:00+00:00
[2025-01-31T14:53:07.477+0000] {processor.py:208} INFO - Processing /home/airflow/.local/lib/python3.12/site-packages/airflow/example_dags/example_branch_day_of_week_operator.py took 0.065 seconds
[2025-01-31T14:53:38.956+0000] {processor.py:186} INFO - Started process (PID=3381) to work on /home/airflow/.local/lib/python3.12/site-packages/airflow/example_dags/example_branch_day_of_week_operator.py
[2025-01-31T14:53:38.957+0000] {processor.py:914} INFO - Processing file /home/airflow/.local/lib/python3.12/site-packages/airflow/example_dags/example_branch_day_of_week_operator.py for tasks to queue
[2025-01-31T14:53:38.958+0000] {logging_mixin.py:190} INFO - [2025-01-31T14:53:38.958+0000] {dagbag.py:588} INFO - Filling up the DagBag from /home/airflow/.local/lib/python3.12/site-packages/airflow/example_dags/example_branch_day_of_week_operator.py
[2025-01-31T14:53:38.966+0000] {processor.py:925} INFO - DAG(s) 'example_weekday_branch_operator' retrieved from /home/airflow/.local/lib/python3.12/site-packages/airflow/example_dags/example_branch_day_of_week_operator.py
[2025-01-31T14:53:38.980+0000] {logging_mixin.py:190} INFO - [2025-01-31T14:53:38.980+0000] {dag.py:3239} INFO - Sync 1 DAGs
[2025-01-31T14:53:38.998+0000] {logging_mixin.py:190} INFO - [2025-01-31T14:53:38.997+0000] {dag.py:4180} INFO - Setting next_dagrun for example_weekday_branch_operator to 2025-01-30 00:00:00+00:00, run_after=2025-01-31 00:00:00+00:00
[2025-01-31T14:53:39.010+0000] {processor.py:208} INFO - Processing /home/airflow/.local/lib/python3.12/site-packages/airflow/example_dags/example_branch_day_of_week_operator.py took 0.058 seconds
[2025-01-31T14:54:09.677+0000] {processor.py:186} INFO - Started process (PID=3447) to work on /home/airflow/.local/lib/python3.12/site-packages/airflow/example_dags/example_branch_day_of_week_operator.py
[2025-01-31T14:54:09.678+0000] {processor.py:914} INFO - Processing file /home/airflow/.local/lib/python3.12/site-packages/airflow/example_dags/example_branch_day_of_week_operator.py for tasks to queue
[2025-01-31T14:54:09.679+0000] {logging_mixin.py:190} INFO - [2025-01-31T14:54:09.679+0000] {dagbag.py:588} INFO - Filling up the DagBag from /home/airflow/.local/lib/python3.12/site-packages/airflow/example_dags/example_branch_day_of_week_operator.py
[2025-01-31T14:54:09.687+0000] {processor.py:925} INFO - DAG(s) 'example_weekday_branch_operator' retrieved from /home/airflow/.local/lib/python3.12/site-packages/airflow/example_dags/example_branch_day_of_week_operator.py
[2025-01-31T14:54:09.705+0000] {logging_mixin.py:190} INFO - [2025-01-31T14:54:09.704+0000] {dag.py:3239} INFO - Sync 1 DAGs
[2025-01-31T14:54:09.727+0000] {logging_mixin.py:190} INFO - [2025-01-31T14:54:09.727+0000] {dag.py:4180} INFO - Setting next_dagrun for example_weekday_branch_operator to 2025-01-30 00:00:00+00:00, run_after=2025-01-31 00:00:00+00:00
[2025-01-31T14:54:09.741+0000] {processor.py:208} INFO - Processing /home/airflow/.local/lib/python3.12/site-packages/airflow/example_dags/example_branch_day_of_week_operator.py took 0.069 seconds
[2025-01-31T14:54:40.935+0000] {processor.py:186} INFO - Started process (PID=3513) to work on /home/airflow/.local/lib/python3.12/site-packages/airflow/example_dags/example_branch_day_of_week_operator.py
[2025-01-31T14:54:40.936+0000] {processor.py:914} INFO - Processing file /home/airflow/.local/lib/python3.12/site-packages/airflow/example_dags/example_branch_day_of_week_operator.py for tasks to queue
[2025-01-31T14:54:40.938+0000] {logging_mixin.py:190} INFO - [2025-01-31T14:54:40.938+0000] {dagbag.py:588} INFO - Filling up the DagBag from /home/airflow/.local/lib/python3.12/site-packages/airflow/example_dags/example_branch_day_of_week_operator.py
[2025-01-31T14:54:40.947+0000] {processor.py:925} INFO - DAG(s) 'example_weekday_branch_operator' retrieved from /home/airflow/.local/lib/python3.12/site-packages/airflow/example_dags/example_branch_day_of_week_operator.py
[2025-01-31T14:54:40.964+0000] {logging_mixin.py:190} INFO - [2025-01-31T14:54:40.964+0000] {dag.py:3239} INFO - Sync 1 DAGs
[2025-01-31T14:54:41.130+0000] {logging_mixin.py:190} INFO - [2025-01-31T14:54:41.130+0000] {dag.py:4180} INFO - Setting next_dagrun for example_weekday_branch_operator to 2025-01-30 00:00:00+00:00, run_after=2025-01-31 00:00:00+00:00
[2025-01-31T14:54:41.143+0000] {processor.py:208} INFO - Processing /home/airflow/.local/lib/python3.12/site-packages/airflow/example_dags/example_branch_day_of_week_operator.py took 0.213 seconds
[2025-01-31T14:55:11.694+0000] {processor.py:186} INFO - Started process (PID=3579) to work on /home/airflow/.local/lib/python3.12/site-packages/airflow/example_dags/example_branch_day_of_week_operator.py
[2025-01-31T14:55:11.695+0000] {processor.py:914} INFO - Processing file /home/airflow/.local/lib/python3.12/site-packages/airflow/example_dags/example_branch_day_of_week_operator.py for tasks to queue
[2025-01-31T14:55:11.696+0000] {logging_mixin.py:190} INFO - [2025-01-31T14:55:11.696+0000] {dagbag.py:588} INFO - Filling up the DagBag from /home/airflow/.local/lib/python3.12/site-packages/airflow/example_dags/example_branch_day_of_week_operator.py
[2025-01-31T14:55:11.704+0000] {processor.py:925} INFO - DAG(s) 'example_weekday_branch_operator' retrieved from /home/airflow/.local/lib/python3.12/site-packages/airflow/example_dags/example_branch_day_of_week_operator.py
[2025-01-31T14:55:11.723+0000] {logging_mixin.py:190} INFO - [2025-01-31T14:55:11.723+0000] {dag.py:3239} INFO - Sync 1 DAGs
[2025-01-31T14:55:11.747+0000] {logging_mixin.py:190} INFO - [2025-01-31T14:55:11.747+0000] {dag.py:4180} INFO - Setting next_dagrun for example_weekday_branch_operator to 2025-01-30 00:00:00+00:00, run_after=2025-01-31 00:00:00+00:00
[2025-01-31T14:55:11.761+0000] {processor.py:208} INFO - Processing /home/airflow/.local/lib/python3.12/site-packages/airflow/example_dags/example_branch_day_of_week_operator.py took 0.072 seconds
[2025-01-31T14:55:42.963+0000] {processor.py:186} INFO - Started process (PID=3645) to work on /home/airflow/.local/lib/python3.12/site-packages/airflow/example_dags/example_branch_day_of_week_operator.py
[2025-01-31T14:55:42.963+0000] {processor.py:914} INFO - Processing file /home/airflow/.local/lib/python3.12/site-packages/airflow/example_dags/example_branch_day_of_week_operator.py for tasks to queue
[2025-01-31T14:55:42.965+0000] {logging_mixin.py:190} INFO - [2025-01-31T14:55:42.965+0000] {dagbag.py:588} INFO - Filling up the DagBag from /home/airflow/.local/lib/python3.12/site-packages/airflow/example_dags/example_branch_day_of_week_operator.py
[2025-01-31T14:55:42.972+0000] {processor.py:925} INFO - DAG(s) 'example_weekday_branch_operator' retrieved from /home/airflow/.local/lib/python3.12/site-packages/airflow/example_dags/example_branch_day_of_week_operator.py
[2025-01-31T14:55:42.988+0000] {logging_mixin.py:190} INFO - [2025-01-31T14:55:42.988+0000] {dag.py:3239} INFO - Sync 1 DAGs
[2025-01-31T14:55:43.008+0000] {logging_mixin.py:190} INFO - [2025-01-31T14:55:43.008+0000] {dag.py:4180} INFO - Setting next_dagrun for example_weekday_branch_operator to 2025-01-30 00:00:00+00:00, run_after=2025-01-31 00:00:00+00:00
[2025-01-31T14:55:43.021+0000] {processor.py:208} INFO - Processing /home/airflow/.local/lib/python3.12/site-packages/airflow/example_dags/example_branch_day_of_week_operator.py took 0.063 seconds
[2025-01-31T14:56:13.922+0000] {processor.py:186} INFO - Started process (PID=3711) to work on /home/airflow/.local/lib/python3.12/site-packages/airflow/example_dags/example_branch_day_of_week_operator.py
[2025-01-31T14:56:13.923+0000] {processor.py:914} INFO - Processing file /home/airflow/.local/lib/python3.12/site-packages/airflow/example_dags/example_branch_day_of_week_operator.py for tasks to queue
[2025-01-31T14:56:13.924+0000] {logging_mixin.py:190} INFO - [2025-01-31T14:56:13.924+0000] {dagbag.py:588} INFO - Filling up the DagBag from /home/airflow/.local/lib/python3.12/site-packages/airflow/example_dags/example_branch_day_of_week_operator.py
[2025-01-31T14:56:13.933+0000] {processor.py:925} INFO - DAG(s) 'example_weekday_branch_operator' retrieved from /home/airflow/.local/lib/python3.12/site-packages/airflow/example_dags/example_branch_day_of_week_operator.py
[2025-01-31T14:56:13.949+0000] {logging_mixin.py:190} INFO - [2025-01-31T14:56:13.949+0000] {dag.py:3239} INFO - Sync 1 DAGs
[2025-01-31T14:56:13.968+0000] {logging_mixin.py:190} INFO - [2025-01-31T14:56:13.968+0000] {dag.py:4180} INFO - Setting next_dagrun for example_weekday_branch_operator to 2025-01-30 00:00:00+00:00, run_after=2025-01-31 00:00:00+00:00
[2025-01-31T14:56:13.981+0000] {processor.py:208} INFO - Processing /home/airflow/.local/lib/python3.12/site-packages/airflow/example_dags/example_branch_day_of_week_operator.py took 0.064 seconds
[2025-01-31T14:56:44.997+0000] {processor.py:186} INFO - Started process (PID=3784) to work on /home/airflow/.local/lib/python3.12/site-packages/airflow/example_dags/example_branch_day_of_week_operator.py
[2025-01-31T14:56:44.997+0000] {processor.py:914} INFO - Processing file /home/airflow/.local/lib/python3.12/site-packages/airflow/example_dags/example_branch_day_of_week_operator.py for tasks to queue
[2025-01-31T14:56:44.999+0000] {logging_mixin.py:190} INFO - [2025-01-31T14:56:44.999+0000] {dagbag.py:588} INFO - Filling up the DagBag from /home/airflow/.local/lib/python3.12/site-packages/airflow/example_dags/example_branch_day_of_week_operator.py
[2025-01-31T14:56:45.008+0000] {processor.py:925} INFO - DAG(s) 'example_weekday_branch_operator' retrieved from /home/airflow/.local/lib/python3.12/site-packages/airflow/example_dags/example_branch_day_of_week_operator.py
[2025-01-31T14:56:45.026+0000] {logging_mixin.py:190} INFO - [2025-01-31T14:56:45.026+0000] {dag.py:3239} INFO - Sync 1 DAGs
[2025-01-31T14:56:45.047+0000] {logging_mixin.py:190} INFO - [2025-01-31T14:56:45.047+0000] {dag.py:4180} INFO - Setting next_dagrun for example_weekday_branch_operator to 2025-01-30 00:00:00+00:00, run_after=2025-01-31 00:00:00+00:00
[2025-01-31T14:56:45.060+0000] {processor.py:208} INFO - Processing /home/airflow/.local/lib/python3.12/site-packages/airflow/example_dags/example_branch_day_of_week_operator.py took 0.068 seconds
[2025-01-31T14:57:15.814+0000] {processor.py:186} INFO - Started process (PID=3854) to work on /home/airflow/.local/lib/python3.12/site-packages/airflow/example_dags/example_branch_day_of_week_operator.py
[2025-01-31T14:57:15.814+0000] {processor.py:914} INFO - Processing file /home/airflow/.local/lib/python3.12/site-packages/airflow/example_dags/example_branch_day_of_week_operator.py for tasks to queue
[2025-01-31T14:57:15.816+0000] {logging_mixin.py:190} INFO - [2025-01-31T14:57:15.815+0000] {dagbag.py:588} INFO - Filling up the DagBag from /home/airflow/.local/lib/python3.12/site-packages/airflow/example_dags/example_branch_day_of_week_operator.py
[2025-01-31T14:57:15.824+0000] {processor.py:925} INFO - DAG(s) 'example_weekday_branch_operator' retrieved from /home/airflow/.local/lib/python3.12/site-packages/airflow/example_dags/example_branch_day_of_week_operator.py
[2025-01-31T14:57:15.839+0000] {logging_mixin.py:190} INFO - [2025-01-31T14:57:15.839+0000] {dag.py:3239} INFO - Sync 1 DAGs
[2025-01-31T14:57:15.858+0000] {logging_mixin.py:190} INFO - [2025-01-31T14:57:15.858+0000] {dag.py:4180} INFO - Setting next_dagrun for example_weekday_branch_operator to 2025-01-30 00:00:00+00:00, run_after=2025-01-31 00:00:00+00:00
[2025-01-31T14:57:15.874+0000] {processor.py:208} INFO - Processing /home/airflow/.local/lib/python3.12/site-packages/airflow/example_dags/example_branch_day_of_week_operator.py took 0.065 seconds
[2025-01-31T14:57:46.475+0000] {processor.py:186} INFO - Started process (PID=3920) to work on /home/airflow/.local/lib/python3.12/site-packages/airflow/example_dags/example_branch_day_of_week_operator.py
[2025-01-31T14:57:46.476+0000] {processor.py:914} INFO - Processing file /home/airflow/.local/lib/python3.12/site-packages/airflow/example_dags/example_branch_day_of_week_operator.py for tasks to queue
[2025-01-31T14:57:46.478+0000] {logging_mixin.py:190} INFO - [2025-01-31T14:57:46.477+0000] {dagbag.py:588} INFO - Filling up the DagBag from /home/airflow/.local/lib/python3.12/site-packages/airflow/example_dags/example_branch_day_of_week_operator.py
[2025-01-31T14:57:46.488+0000] {processor.py:925} INFO - DAG(s) 'example_weekday_branch_operator' retrieved from /home/airflow/.local/lib/python3.12/site-packages/airflow/example_dags/example_branch_day_of_week_operator.py
[2025-01-31T14:57:46.504+0000] {logging_mixin.py:190} INFO - [2025-01-31T14:57:46.504+0000] {dag.py:3239} INFO - Sync 1 DAGs
[2025-01-31T14:57:46.527+0000] {logging_mixin.py:190} INFO - [2025-01-31T14:57:46.526+0000] {dag.py:4180} INFO - Setting next_dagrun for example_weekday_branch_operator to 2025-01-30 00:00:00+00:00, run_after=2025-01-31 00:00:00+00:00
[2025-01-31T14:57:46.542+0000] {processor.py:208} INFO - Processing /home/airflow/.local/lib/python3.12/site-packages/airflow/example_dags/example_branch_day_of_week_operator.py took 0.072 seconds
[2025-01-31T14:58:17.268+0000] {processor.py:186} INFO - Started process (PID=3986) to work on /home/airflow/.local/lib/python3.12/site-packages/airflow/example_dags/example_branch_day_of_week_operator.py
[2025-01-31T14:58:17.269+0000] {processor.py:914} INFO - Processing file /home/airflow/.local/lib/python3.12/site-packages/airflow/example_dags/example_branch_day_of_week_operator.py for tasks to queue
[2025-01-31T14:58:17.271+0000] {logging_mixin.py:190} INFO - [2025-01-31T14:58:17.270+0000] {dagbag.py:588} INFO - Filling up the DagBag from /home/airflow/.local/lib/python3.12/site-packages/airflow/example_dags/example_branch_day_of_week_operator.py
[2025-01-31T14:58:17.278+0000] {processor.py:925} INFO - DAG(s) 'example_weekday_branch_operator' retrieved from /home/airflow/.local/lib/python3.12/site-packages/airflow/example_dags/example_branch_day_of_week_operator.py
[2025-01-31T14:58:17.297+0000] {logging_mixin.py:190} INFO - [2025-01-31T14:58:17.297+0000] {dag.py:3239} INFO - Sync 1 DAGs
[2025-01-31T14:58:17.320+0000] {logging_mixin.py:190} INFO - [2025-01-31T14:58:17.320+0000] {dag.py:4180} INFO - Setting next_dagrun for example_weekday_branch_operator to 2025-01-30 00:00:00+00:00, run_after=2025-01-31 00:00:00+00:00
[2025-01-31T14:58:17.336+0000] {processor.py:208} INFO - Processing /home/airflow/.local/lib/python3.12/site-packages/airflow/example_dags/example_branch_day_of_week_operator.py took 0.073 seconds
[2025-01-31T14:58:48.009+0000] {processor.py:186} INFO - Started process (PID=4052) to work on /home/airflow/.local/lib/python3.12/site-packages/airflow/example_dags/example_branch_day_of_week_operator.py
[2025-01-31T14:58:48.010+0000] {processor.py:914} INFO - Processing file /home/airflow/.local/lib/python3.12/site-packages/airflow/example_dags/example_branch_day_of_week_operator.py for tasks to queue
[2025-01-31T14:58:48.011+0000] {logging_mixin.py:190} INFO - [2025-01-31T14:58:48.011+0000] {dagbag.py:588} INFO - Filling up the DagBag from /home/airflow/.local/lib/python3.12/site-packages/airflow/example_dags/example_branch_day_of_week_operator.py
[2025-01-31T14:58:48.018+0000] {processor.py:925} INFO - DAG(s) 'example_weekday_branch_operator' retrieved from /home/airflow/.local/lib/python3.12/site-packages/airflow/example_dags/example_branch_day_of_week_operator.py
[2025-01-31T14:58:48.033+0000] {logging_mixin.py:190} INFO - [2025-01-31T14:58:48.033+0000] {dag.py:3239} INFO - Sync 1 DAGs
[2025-01-31T14:58:48.050+0000] {logging_mixin.py:190} INFO - [2025-01-31T14:58:48.050+0000] {dag.py:4180} INFO - Setting next_dagrun for example_weekday_branch_operator to 2025-01-30 00:00:00+00:00, run_after=2025-01-31 00:00:00+00:00
[2025-01-31T14:58:48.063+0000] {processor.py:208} INFO - Processing /home/airflow/.local/lib/python3.12/site-packages/airflow/example_dags/example_branch_day_of_week_operator.py took 0.058 seconds
[2025-01-31T14:59:18.935+0000] {processor.py:186} INFO - Started process (PID=4118) to work on /home/airflow/.local/lib/python3.12/site-packages/airflow/example_dags/example_branch_day_of_week_operator.py
[2025-01-31T14:59:18.935+0000] {processor.py:914} INFO - Processing file /home/airflow/.local/lib/python3.12/site-packages/airflow/example_dags/example_branch_day_of_week_operator.py for tasks to queue
[2025-01-31T14:59:18.937+0000] {logging_mixin.py:190} INFO - [2025-01-31T14:59:18.937+0000] {dagbag.py:588} INFO - Filling up the DagBag from /home/airflow/.local/lib/python3.12/site-packages/airflow/example_dags/example_branch_day_of_week_operator.py
[2025-01-31T14:59:18.945+0000] {processor.py:925} INFO - DAG(s) 'example_weekday_branch_operator' retrieved from /home/airflow/.local/lib/python3.12/site-packages/airflow/example_dags/example_branch_day_of_week_operator.py
[2025-01-31T14:59:18.962+0000] {logging_mixin.py:190} INFO - [2025-01-31T14:59:18.961+0000] {dag.py:3239} INFO - Sync 1 DAGs
[2025-01-31T14:59:18.981+0000] {logging_mixin.py:190} INFO - [2025-01-31T14:59:18.981+0000] {dag.py:4180} INFO - Setting next_dagrun for example_weekday_branch_operator to 2025-01-30 00:00:00+00:00, run_after=2025-01-31 00:00:00+00:00
[2025-01-31T14:59:18.994+0000] {processor.py:208} INFO - Processing /home/airflow/.local/lib/python3.12/site-packages/airflow/example_dags/example_branch_day_of_week_operator.py took 0.064 seconds
[2025-01-31T14:59:49.729+0000] {processor.py:186} INFO - Started process (PID=4184) to work on /home/airflow/.local/lib/python3.12/site-packages/airflow/example_dags/example_branch_day_of_week_operator.py
[2025-01-31T14:59:49.730+0000] {processor.py:914} INFO - Processing file /home/airflow/.local/lib/python3.12/site-packages/airflow/example_dags/example_branch_day_of_week_operator.py for tasks to queue
[2025-01-31T14:59:49.732+0000] {logging_mixin.py:190} INFO - [2025-01-31T14:59:49.732+0000] {dagbag.py:588} INFO - Filling up the DagBag from /home/airflow/.local/lib/python3.12/site-packages/airflow/example_dags/example_branch_day_of_week_operator.py
[2025-01-31T14:59:49.741+0000] {processor.py:925} INFO - DAG(s) 'example_weekday_branch_operator' retrieved from /home/airflow/.local/lib/python3.12/site-packages/airflow/example_dags/example_branch_day_of_week_operator.py
[2025-01-31T14:59:49.758+0000] {logging_mixin.py:190} INFO - [2025-01-31T14:59:49.758+0000] {dag.py:3239} INFO - Sync 1 DAGs
[2025-01-31T14:59:49.778+0000] {logging_mixin.py:190} INFO - [2025-01-31T14:59:49.778+0000] {dag.py:4180} INFO - Setting next_dagrun for example_weekday_branch_operator to 2025-01-30 00:00:00+00:00, run_after=2025-01-31 00:00:00+00:00
[2025-01-31T14:59:49.793+0000] {processor.py:208} INFO - Processing /home/airflow/.local/lib/python3.12/site-packages/airflow/example_dags/example_branch_day_of_week_operator.py took 0.070 seconds
[2025-01-31T15:00:20.579+0000] {processor.py:186} INFO - Started process (PID=4249) to work on /home/airflow/.local/lib/python3.12/site-packages/airflow/example_dags/example_branch_day_of_week_operator.py
[2025-01-31T15:00:20.581+0000] {processor.py:914} INFO - Processing file /home/airflow/.local/lib/python3.12/site-packages/airflow/example_dags/example_branch_day_of_week_operator.py for tasks to queue
[2025-01-31T15:00:20.583+0000] {logging_mixin.py:190} INFO - [2025-01-31T15:00:20.582+0000] {dagbag.py:588} INFO - Filling up the DagBag from /home/airflow/.local/lib/python3.12/site-packages/airflow/example_dags/example_branch_day_of_week_operator.py
[2025-01-31T15:00:20.591+0000] {processor.py:925} INFO - DAG(s) 'example_weekday_branch_operator' retrieved from /home/airflow/.local/lib/python3.12/site-packages/airflow/example_dags/example_branch_day_of_week_operator.py
[2025-01-31T15:00:20.611+0000] {logging_mixin.py:190} INFO - [2025-01-31T15:00:20.610+0000] {dag.py:3239} INFO - Sync 1 DAGs
[2025-01-31T15:00:20.631+0000] {logging_mixin.py:190} INFO - [2025-01-31T15:00:20.630+0000] {dag.py:4180} INFO - Setting next_dagrun for example_weekday_branch_operator to 2025-01-30 00:00:00+00:00, run_after=2025-01-31 00:00:00+00:00
[2025-01-31T15:00:20.646+0000] {processor.py:208} INFO - Processing /home/airflow/.local/lib/python3.12/site-packages/airflow/example_dags/example_branch_day_of_week_operator.py took 0.072 seconds
[2025-01-31T15:00:51.589+0000] {processor.py:186} INFO - Started process (PID=4315) to work on /home/airflow/.local/lib/python3.12/site-packages/airflow/example_dags/example_branch_day_of_week_operator.py
[2025-01-31T15:00:51.590+0000] {processor.py:914} INFO - Processing file /home/airflow/.local/lib/python3.12/site-packages/airflow/example_dags/example_branch_day_of_week_operator.py for tasks to queue
[2025-01-31T15:00:51.592+0000] {logging_mixin.py:190} INFO - [2025-01-31T15:00:51.592+0000] {dagbag.py:588} INFO - Filling up the DagBag from /home/airflow/.local/lib/python3.12/site-packages/airflow/example_dags/example_branch_day_of_week_operator.py
[2025-01-31T15:00:51.601+0000] {processor.py:925} INFO - DAG(s) 'example_weekday_branch_operator' retrieved from /home/airflow/.local/lib/python3.12/site-packages/airflow/example_dags/example_branch_day_of_week_operator.py
[2025-01-31T15:00:51.616+0000] {logging_mixin.py:190} INFO - [2025-01-31T15:00:51.616+0000] {dag.py:3239} INFO - Sync 1 DAGs
[2025-01-31T15:00:51.635+0000] {logging_mixin.py:190} INFO - [2025-01-31T15:00:51.635+0000] {dag.py:4180} INFO - Setting next_dagrun for example_weekday_branch_operator to 2025-01-30 00:00:00+00:00, run_after=2025-01-31 00:00:00+00:00
[2025-01-31T15:00:51.651+0000] {processor.py:208} INFO - Processing /home/airflow/.local/lib/python3.12/site-packages/airflow/example_dags/example_branch_day_of_week_operator.py took 0.067 seconds
[2025-01-31T15:01:22.807+0000] {processor.py:186} INFO - Started process (PID=4381) to work on /home/airflow/.local/lib/python3.12/site-packages/airflow/example_dags/example_branch_day_of_week_operator.py
[2025-01-31T15:01:22.808+0000] {processor.py:914} INFO - Processing file /home/airflow/.local/lib/python3.12/site-packages/airflow/example_dags/example_branch_day_of_week_operator.py for tasks to queue
[2025-01-31T15:01:22.809+0000] {logging_mixin.py:190} INFO - [2025-01-31T15:01:22.809+0000] {dagbag.py:588} INFO - Filling up the DagBag from /home/airflow/.local/lib/python3.12/site-packages/airflow/example_dags/example_branch_day_of_week_operator.py
[2025-01-31T15:01:22.817+0000] {processor.py:925} INFO - DAG(s) 'example_weekday_branch_operator' retrieved from /home/airflow/.local/lib/python3.12/site-packages/airflow/example_dags/example_branch_day_of_week_operator.py
[2025-01-31T15:01:22.834+0000] {logging_mixin.py:190} INFO - [2025-01-31T15:01:22.833+0000] {dag.py:3239} INFO - Sync 1 DAGs
[2025-01-31T15:01:22.854+0000] {logging_mixin.py:190} INFO - [2025-01-31T15:01:22.853+0000] {dag.py:4180} INFO - Setting next_dagrun for example_weekday_branch_operator to 2025-01-30 00:00:00+00:00, run_after=2025-01-31 00:00:00+00:00
[2025-01-31T15:01:22.867+0000] {processor.py:208} INFO - Processing /home/airflow/.local/lib/python3.12/site-packages/airflow/example_dags/example_branch_day_of_week_operator.py took 0.064 seconds
