[2025-01-31T14:27:51.129+0000] {processor.py:186} INFO - Started process (PID=116) to work on /home/airflow/.local/lib/python3.12/site-packages/airflow/example_dags/example_python_operator.py
[2025-01-31T14:27:51.129+0000] {processor.py:914} INFO - Processing file /home/airflow/.local/lib/python3.12/site-packages/airflow/example_dags/example_python_operator.py for tasks to queue
[2025-01-31T14:27:51.131+0000] {logging_mixin.py:190} INFO - [2025-01-31T14:27:51.131+0000] {dagbag.py:588} INFO - Filling up the DagBag from /home/airflow/.local/lib/python3.12/site-packages/airflow/example_dags/example_python_operator.py
[2025-01-31T14:27:51.145+0000] {processor.py:925} INFO - DAG(s) 'example_python_operator' retrieved from /home/airflow/.local/lib/python3.12/site-packages/airflow/example_dags/example_python_operator.py
[2025-01-31T14:27:51.241+0000] {logging_mixin.py:190} INFO - [2025-01-31T14:27:51.241+0000] {override.py:1911} INFO - Created Permission View: can delete on DAG:example_python_operator
[2025-01-31T14:27:51.248+0000] {logging_mixin.py:190} INFO - [2025-01-31T14:27:51.248+0000] {override.py:1911} INFO - Created Permission View: can edit on DAG:example_python_operator
[2025-01-31T14:27:51.252+0000] {logging_mixin.py:190} INFO - [2025-01-31T14:27:51.252+0000] {override.py:1911} INFO - Created Permission View: can read on DAG:example_python_operator
[2025-01-31T14:27:51.256+0000] {logging_mixin.py:190} INFO - [2025-01-31T14:27:51.256+0000] {override.py:1911} INFO - Created Permission View: menu access on DAG Run:example_python_operator
[2025-01-31T14:27:51.261+0000] {logging_mixin.py:190} INFO - [2025-01-31T14:27:51.261+0000] {override.py:1911} INFO - Created Permission View: can create on DAG Run:example_python_operator
[2025-01-31T14:27:51.265+0000] {logging_mixin.py:190} INFO - [2025-01-31T14:27:51.265+0000] {override.py:1911} INFO - Created Permission View: can delete on DAG Run:example_python_operator
[2025-01-31T14:27:51.272+0000] {logging_mixin.py:190} INFO - [2025-01-31T14:27:51.271+0000] {override.py:1911} INFO - Created Permission View: can read on DAG Run:example_python_operator
[2025-01-31T14:27:51.272+0000] {logging_mixin.py:190} INFO - [2025-01-31T14:27:51.272+0000] {dag.py:3239} INFO - Sync 1 DAGs
[2025-01-31T14:27:51.288+0000] {logging_mixin.py:190} INFO - [2025-01-31T14:27:51.288+0000] {dag.py:3262} INFO - Creating ORM DAG for example_python_operator
[2025-01-31T14:27:51.288+0000] {logging_mixin.py:190} INFO - [2025-01-31T14:27:51.288+0000] {dag.py:4180} INFO - Setting next_dagrun for example_python_operator to None, run_after=None
[2025-01-31T14:27:51.299+0000] {processor.py:208} INFO - Processing /home/airflow/.local/lib/python3.12/site-packages/airflow/example_dags/example_python_operator.py took 0.175 seconds
[2025-01-31T14:28:21.522+0000] {processor.py:186} INFO - Started process (PID=181) to work on /home/airflow/.local/lib/python3.12/site-packages/airflow/example_dags/example_python_operator.py
[2025-01-31T14:28:21.523+0000] {processor.py:914} INFO - Processing file /home/airflow/.local/lib/python3.12/site-packages/airflow/example_dags/example_python_operator.py for tasks to queue
[2025-01-31T14:28:21.524+0000] {logging_mixin.py:190} INFO - [2025-01-31T14:28:21.524+0000] {dagbag.py:588} INFO - Filling up the DagBag from /home/airflow/.local/lib/python3.12/site-packages/airflow/example_dags/example_python_operator.py
[2025-01-31T14:28:21.533+0000] {processor.py:925} INFO - DAG(s) 'example_python_operator' retrieved from /home/airflow/.local/lib/python3.12/site-packages/airflow/example_dags/example_python_operator.py
[2025-01-31T14:28:21.552+0000] {logging_mixin.py:190} INFO - [2025-01-31T14:28:21.552+0000] {dag.py:3239} INFO - Sync 1 DAGs
[2025-01-31T14:28:21.563+0000] {logging_mixin.py:190} INFO - [2025-01-31T14:28:21.563+0000] {dag.py:4180} INFO - Setting next_dagrun for example_python_operator to None, run_after=None
[2025-01-31T14:28:21.585+0000] {processor.py:208} INFO - Processing /home/airflow/.local/lib/python3.12/site-packages/airflow/example_dags/example_python_operator.py took 0.067 seconds
[2025-01-31T14:28:52.594+0000] {processor.py:186} INFO - Started process (PID=246) to work on /home/airflow/.local/lib/python3.12/site-packages/airflow/example_dags/example_python_operator.py
[2025-01-31T14:28:52.595+0000] {processor.py:914} INFO - Processing file /home/airflow/.local/lib/python3.12/site-packages/airflow/example_dags/example_python_operator.py for tasks to queue
[2025-01-31T14:28:52.596+0000] {logging_mixin.py:190} INFO - [2025-01-31T14:28:52.596+0000] {dagbag.py:588} INFO - Filling up the DagBag from /home/airflow/.local/lib/python3.12/site-packages/airflow/example_dags/example_python_operator.py
[2025-01-31T14:28:52.606+0000] {processor.py:925} INFO - DAG(s) 'example_python_operator' retrieved from /home/airflow/.local/lib/python3.12/site-packages/airflow/example_dags/example_python_operator.py
[2025-01-31T14:28:52.627+0000] {logging_mixin.py:190} INFO - [2025-01-31T14:28:52.626+0000] {dag.py:3239} INFO - Sync 1 DAGs
[2025-01-31T14:28:52.638+0000] {logging_mixin.py:190} INFO - [2025-01-31T14:28:52.637+0000] {dag.py:4180} INFO - Setting next_dagrun for example_python_operator to None, run_after=None
[2025-01-31T14:28:52.651+0000] {processor.py:208} INFO - Processing /home/airflow/.local/lib/python3.12/site-packages/airflow/example_dags/example_python_operator.py took 0.061 seconds
[2025-01-31T14:29:22.932+0000] {processor.py:186} INFO - Started process (PID=311) to work on /home/airflow/.local/lib/python3.12/site-packages/airflow/example_dags/example_python_operator.py
[2025-01-31T14:29:22.933+0000] {processor.py:914} INFO - Processing file /home/airflow/.local/lib/python3.12/site-packages/airflow/example_dags/example_python_operator.py for tasks to queue
[2025-01-31T14:29:22.934+0000] {logging_mixin.py:190} INFO - [2025-01-31T14:29:22.934+0000] {dagbag.py:588} INFO - Filling up the DagBag from /home/airflow/.local/lib/python3.12/site-packages/airflow/example_dags/example_python_operator.py
[2025-01-31T14:29:22.944+0000] {processor.py:925} INFO - DAG(s) 'example_python_operator' retrieved from /home/airflow/.local/lib/python3.12/site-packages/airflow/example_dags/example_python_operator.py
[2025-01-31T14:29:22.961+0000] {logging_mixin.py:190} INFO - [2025-01-31T14:29:22.961+0000] {dag.py:3239} INFO - Sync 1 DAGs
[2025-01-31T14:29:22.972+0000] {logging_mixin.py:190} INFO - [2025-01-31T14:29:22.972+0000] {dag.py:4180} INFO - Setting next_dagrun for example_python_operator to None, run_after=None
[2025-01-31T14:29:22.985+0000] {processor.py:208} INFO - Processing /home/airflow/.local/lib/python3.12/site-packages/airflow/example_dags/example_python_operator.py took 0.057 seconds
[2025-01-31T14:29:53.067+0000] {processor.py:186} INFO - Started process (PID=376) to work on /home/airflow/.local/lib/python3.12/site-packages/airflow/example_dags/example_python_operator.py
[2025-01-31T14:29:53.067+0000] {processor.py:914} INFO - Processing file /home/airflow/.local/lib/python3.12/site-packages/airflow/example_dags/example_python_operator.py for tasks to queue
[2025-01-31T14:29:53.069+0000] {logging_mixin.py:190} INFO - [2025-01-31T14:29:53.069+0000] {dagbag.py:588} INFO - Filling up the DagBag from /home/airflow/.local/lib/python3.12/site-packages/airflow/example_dags/example_python_operator.py
[2025-01-31T14:29:53.078+0000] {processor.py:925} INFO - DAG(s) 'example_python_operator' retrieved from /home/airflow/.local/lib/python3.12/site-packages/airflow/example_dags/example_python_operator.py
[2025-01-31T14:29:53.099+0000] {logging_mixin.py:190} INFO - [2025-01-31T14:29:53.099+0000] {dag.py:3239} INFO - Sync 1 DAGs
[2025-01-31T14:29:53.113+0000] {logging_mixin.py:190} INFO - [2025-01-31T14:29:53.113+0000] {dag.py:4180} INFO - Setting next_dagrun for example_python_operator to None, run_after=None
[2025-01-31T14:29:53.127+0000] {processor.py:208} INFO - Processing /home/airflow/.local/lib/python3.12/site-packages/airflow/example_dags/example_python_operator.py took 0.065 seconds
[2025-01-31T14:30:23.859+0000] {processor.py:186} INFO - Started process (PID=441) to work on /home/airflow/.local/lib/python3.12/site-packages/airflow/example_dags/example_python_operator.py
[2025-01-31T14:30:23.860+0000] {processor.py:914} INFO - Processing file /home/airflow/.local/lib/python3.12/site-packages/airflow/example_dags/example_python_operator.py for tasks to queue
[2025-01-31T14:30:23.862+0000] {logging_mixin.py:190} INFO - [2025-01-31T14:30:23.862+0000] {dagbag.py:588} INFO - Filling up the DagBag from /home/airflow/.local/lib/python3.12/site-packages/airflow/example_dags/example_python_operator.py
[2025-01-31T14:30:23.872+0000] {processor.py:925} INFO - DAG(s) 'example_python_operator' retrieved from /home/airflow/.local/lib/python3.12/site-packages/airflow/example_dags/example_python_operator.py
[2025-01-31T14:30:23.891+0000] {logging_mixin.py:190} INFO - [2025-01-31T14:30:23.890+0000] {dag.py:3239} INFO - Sync 1 DAGs
[2025-01-31T14:30:23.902+0000] {logging_mixin.py:190} INFO - [2025-01-31T14:30:23.902+0000] {dag.py:4180} INFO - Setting next_dagrun for example_python_operator to None, run_after=None
[2025-01-31T14:30:23.917+0000] {processor.py:208} INFO - Processing /home/airflow/.local/lib/python3.12/site-packages/airflow/example_dags/example_python_operator.py took 0.064 seconds
[2025-01-31T14:30:54.927+0000] {processor.py:186} INFO - Started process (PID=506) to work on /home/airflow/.local/lib/python3.12/site-packages/airflow/example_dags/example_python_operator.py
[2025-01-31T14:30:54.928+0000] {processor.py:914} INFO - Processing file /home/airflow/.local/lib/python3.12/site-packages/airflow/example_dags/example_python_operator.py for tasks to queue
[2025-01-31T14:30:54.929+0000] {logging_mixin.py:190} INFO - [2025-01-31T14:30:54.929+0000] {dagbag.py:588} INFO - Filling up the DagBag from /home/airflow/.local/lib/python3.12/site-packages/airflow/example_dags/example_python_operator.py
[2025-01-31T14:30:54.939+0000] {processor.py:925} INFO - DAG(s) 'example_python_operator' retrieved from /home/airflow/.local/lib/python3.12/site-packages/airflow/example_dags/example_python_operator.py
[2025-01-31T14:30:54.955+0000] {logging_mixin.py:190} INFO - [2025-01-31T14:30:54.955+0000] {dag.py:3239} INFO - Sync 1 DAGs
[2025-01-31T14:30:54.965+0000] {logging_mixin.py:190} INFO - [2025-01-31T14:30:54.965+0000] {dag.py:4180} INFO - Setting next_dagrun for example_python_operator to None, run_after=None
[2025-01-31T14:30:54.978+0000] {processor.py:208} INFO - Processing /home/airflow/.local/lib/python3.12/site-packages/airflow/example_dags/example_python_operator.py took 0.055 seconds
[2025-01-31T14:31:25.398+0000] {processor.py:186} INFO - Started process (PID=571) to work on /home/airflow/.local/lib/python3.12/site-packages/airflow/example_dags/example_python_operator.py
[2025-01-31T14:31:25.399+0000] {processor.py:914} INFO - Processing file /home/airflow/.local/lib/python3.12/site-packages/airflow/example_dags/example_python_operator.py for tasks to queue
[2025-01-31T14:31:25.400+0000] {logging_mixin.py:190} INFO - [2025-01-31T14:31:25.400+0000] {dagbag.py:588} INFO - Filling up the DagBag from /home/airflow/.local/lib/python3.12/site-packages/airflow/example_dags/example_python_operator.py
[2025-01-31T14:31:25.413+0000] {processor.py:925} INFO - DAG(s) 'example_python_operator' retrieved from /home/airflow/.local/lib/python3.12/site-packages/airflow/example_dags/example_python_operator.py
[2025-01-31T14:31:25.437+0000] {logging_mixin.py:190} INFO - [2025-01-31T14:31:25.437+0000] {dag.py:3239} INFO - Sync 1 DAGs
[2025-01-31T14:31:25.454+0000] {logging_mixin.py:190} INFO - [2025-01-31T14:31:25.453+0000] {dag.py:4180} INFO - Setting next_dagrun for example_python_operator to None, run_after=None
[2025-01-31T14:31:25.471+0000] {processor.py:208} INFO - Processing /home/airflow/.local/lib/python3.12/site-packages/airflow/example_dags/example_python_operator.py took 0.078 seconds
[2025-01-31T14:31:56.127+0000] {processor.py:186} INFO - Started process (PID=637) to work on /home/airflow/.local/lib/python3.12/site-packages/airflow/example_dags/example_python_operator.py
[2025-01-31T14:31:56.127+0000] {processor.py:914} INFO - Processing file /home/airflow/.local/lib/python3.12/site-packages/airflow/example_dags/example_python_operator.py for tasks to queue
[2025-01-31T14:31:56.129+0000] {logging_mixin.py:190} INFO - [2025-01-31T14:31:56.129+0000] {dagbag.py:588} INFO - Filling up the DagBag from /home/airflow/.local/lib/python3.12/site-packages/airflow/example_dags/example_python_operator.py
[2025-01-31T14:31:56.138+0000] {processor.py:925} INFO - DAG(s) 'example_python_operator' retrieved from /home/airflow/.local/lib/python3.12/site-packages/airflow/example_dags/example_python_operator.py
[2025-01-31T14:31:56.159+0000] {logging_mixin.py:190} INFO - [2025-01-31T14:31:56.159+0000] {dag.py:3239} INFO - Sync 1 DAGs
[2025-01-31T14:31:56.173+0000] {logging_mixin.py:190} INFO - [2025-01-31T14:31:56.173+0000] {dag.py:4180} INFO - Setting next_dagrun for example_python_operator to None, run_after=None
[2025-01-31T14:31:56.188+0000] {processor.py:208} INFO - Processing /home/airflow/.local/lib/python3.12/site-packages/airflow/example_dags/example_python_operator.py took 0.066 seconds
[2025-01-31T14:32:27.502+0000] {processor.py:186} INFO - Started process (PID=701) to work on /home/airflow/.local/lib/python3.12/site-packages/airflow/example_dags/example_python_operator.py
[2025-01-31T14:32:27.509+0000] {processor.py:914} INFO - Processing file /home/airflow/.local/lib/python3.12/site-packages/airflow/example_dags/example_python_operator.py for tasks to queue
[2025-01-31T14:32:27.512+0000] {logging_mixin.py:190} INFO - [2025-01-31T14:32:27.511+0000] {dagbag.py:588} INFO - Filling up the DagBag from /home/airflow/.local/lib/python3.12/site-packages/airflow/example_dags/example_python_operator.py
[2025-01-31T14:32:27.531+0000] {processor.py:925} INFO - DAG(s) 'example_python_operator' retrieved from /home/airflow/.local/lib/python3.12/site-packages/airflow/example_dags/example_python_operator.py
[2025-01-31T14:32:27.556+0000] {logging_mixin.py:190} INFO - [2025-01-31T14:32:27.556+0000] {dag.py:3239} INFO - Sync 1 DAGs
[2025-01-31T14:32:27.572+0000] {logging_mixin.py:190} INFO - [2025-01-31T14:32:27.572+0000] {dag.py:4180} INFO - Setting next_dagrun for example_python_operator to None, run_after=None
[2025-01-31T14:32:27.589+0000] {processor.py:208} INFO - Processing /home/airflow/.local/lib/python3.12/site-packages/airflow/example_dags/example_python_operator.py took 0.093 seconds
[2025-01-31T14:32:57.927+0000] {processor.py:186} INFO - Started process (PID=766) to work on /home/airflow/.local/lib/python3.12/site-packages/airflow/example_dags/example_python_operator.py
[2025-01-31T14:32:57.927+0000] {processor.py:914} INFO - Processing file /home/airflow/.local/lib/python3.12/site-packages/airflow/example_dags/example_python_operator.py for tasks to queue
[2025-01-31T14:32:57.929+0000] {logging_mixin.py:190} INFO - [2025-01-31T14:32:57.929+0000] {dagbag.py:588} INFO - Filling up the DagBag from /home/airflow/.local/lib/python3.12/site-packages/airflow/example_dags/example_python_operator.py
[2025-01-31T14:32:57.939+0000] {processor.py:925} INFO - DAG(s) 'example_python_operator' retrieved from /home/airflow/.local/lib/python3.12/site-packages/airflow/example_dags/example_python_operator.py
[2025-01-31T14:32:57.961+0000] {logging_mixin.py:190} INFO - [2025-01-31T14:32:57.961+0000] {dag.py:3239} INFO - Sync 1 DAGs
[2025-01-31T14:32:57.976+0000] {logging_mixin.py:190} INFO - [2025-01-31T14:32:57.976+0000] {dag.py:4180} INFO - Setting next_dagrun for example_python_operator to None, run_after=None
[2025-01-31T14:32:57.991+0000] {processor.py:208} INFO - Processing /home/airflow/.local/lib/python3.12/site-packages/airflow/example_dags/example_python_operator.py took 0.069 seconds
[2025-01-31T14:33:28.831+0000] {processor.py:186} INFO - Started process (PID=832) to work on /home/airflow/.local/lib/python3.12/site-packages/airflow/example_dags/example_python_operator.py
[2025-01-31T14:33:28.831+0000] {processor.py:914} INFO - Processing file /home/airflow/.local/lib/python3.12/site-packages/airflow/example_dags/example_python_operator.py for tasks to queue
[2025-01-31T14:33:28.833+0000] {logging_mixin.py:190} INFO - [2025-01-31T14:33:28.833+0000] {dagbag.py:588} INFO - Filling up the DagBag from /home/airflow/.local/lib/python3.12/site-packages/airflow/example_dags/example_python_operator.py
[2025-01-31T14:33:28.843+0000] {processor.py:925} INFO - DAG(s) 'example_python_operator' retrieved from /home/airflow/.local/lib/python3.12/site-packages/airflow/example_dags/example_python_operator.py
[2025-01-31T14:33:28.859+0000] {logging_mixin.py:190} INFO - [2025-01-31T14:33:28.859+0000] {dag.py:3239} INFO - Sync 1 DAGs
[2025-01-31T14:33:28.870+0000] {logging_mixin.py:190} INFO - [2025-01-31T14:33:28.870+0000] {dag.py:4180} INFO - Setting next_dagrun for example_python_operator to None, run_after=None
[2025-01-31T14:33:28.882+0000] {processor.py:208} INFO - Processing /home/airflow/.local/lib/python3.12/site-packages/airflow/example_dags/example_python_operator.py took 0.058 seconds
[2025-01-31T14:34:00.383+0000] {processor.py:186} INFO - Started process (PID=897) to work on /home/airflow/.local/lib/python3.12/site-packages/airflow/example_dags/example_python_operator.py
[2025-01-31T14:34:00.384+0000] {processor.py:914} INFO - Processing file /home/airflow/.local/lib/python3.12/site-packages/airflow/example_dags/example_python_operator.py for tasks to queue
[2025-01-31T14:34:00.386+0000] {logging_mixin.py:190} INFO - [2025-01-31T14:34:00.386+0000] {dagbag.py:588} INFO - Filling up the DagBag from /home/airflow/.local/lib/python3.12/site-packages/airflow/example_dags/example_python_operator.py
[2025-01-31T14:34:00.399+0000] {processor.py:925} INFO - DAG(s) 'example_python_operator' retrieved from /home/airflow/.local/lib/python3.12/site-packages/airflow/example_dags/example_python_operator.py
[2025-01-31T14:34:00.419+0000] {logging_mixin.py:190} INFO - [2025-01-31T14:34:00.419+0000] {dag.py:3239} INFO - Sync 1 DAGs
[2025-01-31T14:34:00.431+0000] {logging_mixin.py:190} INFO - [2025-01-31T14:34:00.431+0000] {dag.py:4180} INFO - Setting next_dagrun for example_python_operator to None, run_after=None
[2025-01-31T14:34:00.444+0000] {processor.py:208} INFO - Processing /home/airflow/.local/lib/python3.12/site-packages/airflow/example_dags/example_python_operator.py took 0.066 seconds
[2025-01-31T14:34:31.263+0000] {processor.py:186} INFO - Started process (PID=962) to work on /home/airflow/.local/lib/python3.12/site-packages/airflow/example_dags/example_python_operator.py
[2025-01-31T14:34:31.264+0000] {processor.py:914} INFO - Processing file /home/airflow/.local/lib/python3.12/site-packages/airflow/example_dags/example_python_operator.py for tasks to queue
[2025-01-31T14:34:31.265+0000] {logging_mixin.py:190} INFO - [2025-01-31T14:34:31.265+0000] {dagbag.py:588} INFO - Filling up the DagBag from /home/airflow/.local/lib/python3.12/site-packages/airflow/example_dags/example_python_operator.py
[2025-01-31T14:34:31.275+0000] {processor.py:925} INFO - DAG(s) 'example_python_operator' retrieved from /home/airflow/.local/lib/python3.12/site-packages/airflow/example_dags/example_python_operator.py
[2025-01-31T14:34:31.300+0000] {logging_mixin.py:190} INFO - [2025-01-31T14:34:31.300+0000] {dag.py:3239} INFO - Sync 1 DAGs
[2025-01-31T14:34:31.316+0000] {logging_mixin.py:190} INFO - [2025-01-31T14:34:31.316+0000] {dag.py:4180} INFO - Setting next_dagrun for example_python_operator to None, run_after=None
[2025-01-31T14:34:31.333+0000] {processor.py:208} INFO - Processing /home/airflow/.local/lib/python3.12/site-packages/airflow/example_dags/example_python_operator.py took 0.075 seconds
[2025-01-31T14:35:02.269+0000] {processor.py:186} INFO - Started process (PID=1028) to work on /home/airflow/.local/lib/python3.12/site-packages/airflow/example_dags/example_python_operator.py
[2025-01-31T14:35:02.269+0000] {processor.py:914} INFO - Processing file /home/airflow/.local/lib/python3.12/site-packages/airflow/example_dags/example_python_operator.py for tasks to queue
[2025-01-31T14:35:02.271+0000] {logging_mixin.py:190} INFO - [2025-01-31T14:35:02.271+0000] {dagbag.py:588} INFO - Filling up the DagBag from /home/airflow/.local/lib/python3.12/site-packages/airflow/example_dags/example_python_operator.py
[2025-01-31T14:35:02.285+0000] {processor.py:925} INFO - DAG(s) 'example_python_operator' retrieved from /home/airflow/.local/lib/python3.12/site-packages/airflow/example_dags/example_python_operator.py
[2025-01-31T14:35:02.307+0000] {logging_mixin.py:190} INFO - [2025-01-31T14:35:02.306+0000] {dag.py:3239} INFO - Sync 1 DAGs
[2025-01-31T14:35:02.319+0000] {logging_mixin.py:190} INFO - [2025-01-31T14:35:02.319+0000] {dag.py:4180} INFO - Setting next_dagrun for example_python_operator to None, run_after=None
[2025-01-31T14:35:02.333+0000] {processor.py:208} INFO - Processing /home/airflow/.local/lib/python3.12/site-packages/airflow/example_dags/example_python_operator.py took 0.070 seconds
[2025-01-31T14:35:32.777+0000] {processor.py:186} INFO - Started process (PID=1093) to work on /home/airflow/.local/lib/python3.12/site-packages/airflow/example_dags/example_python_operator.py
[2025-01-31T14:35:32.778+0000] {processor.py:914} INFO - Processing file /home/airflow/.local/lib/python3.12/site-packages/airflow/example_dags/example_python_operator.py for tasks to queue
[2025-01-31T14:35:32.779+0000] {logging_mixin.py:190} INFO - [2025-01-31T14:35:32.779+0000] {dagbag.py:588} INFO - Filling up the DagBag from /home/airflow/.local/lib/python3.12/site-packages/airflow/example_dags/example_python_operator.py
[2025-01-31T14:35:32.791+0000] {processor.py:925} INFO - DAG(s) 'example_python_operator' retrieved from /home/airflow/.local/lib/python3.12/site-packages/airflow/example_dags/example_python_operator.py
[2025-01-31T14:35:32.813+0000] {logging_mixin.py:190} INFO - [2025-01-31T14:35:32.813+0000] {dag.py:3239} INFO - Sync 1 DAGs
[2025-01-31T14:35:32.826+0000] {logging_mixin.py:190} INFO - [2025-01-31T14:35:32.826+0000] {dag.py:4180} INFO - Setting next_dagrun for example_python_operator to None, run_after=None
[2025-01-31T14:35:32.841+0000] {processor.py:208} INFO - Processing /home/airflow/.local/lib/python3.12/site-packages/airflow/example_dags/example_python_operator.py took 0.068 seconds
[2025-01-31T14:36:04.218+0000] {processor.py:186} INFO - Started process (PID=1158) to work on /home/airflow/.local/lib/python3.12/site-packages/airflow/example_dags/example_python_operator.py
[2025-01-31T14:36:04.219+0000] {processor.py:914} INFO - Processing file /home/airflow/.local/lib/python3.12/site-packages/airflow/example_dags/example_python_operator.py for tasks to queue
[2025-01-31T14:36:04.220+0000] {logging_mixin.py:190} INFO - [2025-01-31T14:36:04.220+0000] {dagbag.py:588} INFO - Filling up the DagBag from /home/airflow/.local/lib/python3.12/site-packages/airflow/example_dags/example_python_operator.py
[2025-01-31T14:36:04.230+0000] {processor.py:925} INFO - DAG(s) 'example_python_operator' retrieved from /home/airflow/.local/lib/python3.12/site-packages/airflow/example_dags/example_python_operator.py
[2025-01-31T14:36:04.250+0000] {logging_mixin.py:190} INFO - [2025-01-31T14:36:04.250+0000] {dag.py:3239} INFO - Sync 1 DAGs
[2025-01-31T14:36:04.261+0000] {logging_mixin.py:190} INFO - [2025-01-31T14:36:04.261+0000] {dag.py:4180} INFO - Setting next_dagrun for example_python_operator to None, run_after=None
[2025-01-31T14:36:04.277+0000] {processor.py:208} INFO - Processing /home/airflow/.local/lib/python3.12/site-packages/airflow/example_dags/example_python_operator.py took 0.063 seconds
[2025-01-31T14:36:35.584+0000] {processor.py:186} INFO - Started process (PID=1224) to work on /home/airflow/.local/lib/python3.12/site-packages/airflow/example_dags/example_python_operator.py
[2025-01-31T14:36:35.584+0000] {processor.py:914} INFO - Processing file /home/airflow/.local/lib/python3.12/site-packages/airflow/example_dags/example_python_operator.py for tasks to queue
[2025-01-31T14:36:35.586+0000] {logging_mixin.py:190} INFO - [2025-01-31T14:36:35.586+0000] {dagbag.py:588} INFO - Filling up the DagBag from /home/airflow/.local/lib/python3.12/site-packages/airflow/example_dags/example_python_operator.py
[2025-01-31T14:36:35.598+0000] {processor.py:925} INFO - DAG(s) 'example_python_operator' retrieved from /home/airflow/.local/lib/python3.12/site-packages/airflow/example_dags/example_python_operator.py
[2025-01-31T14:36:35.619+0000] {logging_mixin.py:190} INFO - [2025-01-31T14:36:35.619+0000] {dag.py:3239} INFO - Sync 1 DAGs
[2025-01-31T14:36:35.632+0000] {logging_mixin.py:190} INFO - [2025-01-31T14:36:35.632+0000] {dag.py:4180} INFO - Setting next_dagrun for example_python_operator to None, run_after=None
[2025-01-31T14:36:35.648+0000] {processor.py:208} INFO - Processing /home/airflow/.local/lib/python3.12/site-packages/airflow/example_dags/example_python_operator.py took 0.068 seconds
[2025-01-31T14:37:06.727+0000] {processor.py:186} INFO - Started process (PID=1289) to work on /home/airflow/.local/lib/python3.12/site-packages/airflow/example_dags/example_python_operator.py
[2025-01-31T14:37:06.728+0000] {processor.py:914} INFO - Processing file /home/airflow/.local/lib/python3.12/site-packages/airflow/example_dags/example_python_operator.py for tasks to queue
[2025-01-31T14:37:06.730+0000] {logging_mixin.py:190} INFO - [2025-01-31T14:37:06.730+0000] {dagbag.py:588} INFO - Filling up the DagBag from /home/airflow/.local/lib/python3.12/site-packages/airflow/example_dags/example_python_operator.py
[2025-01-31T14:37:06.743+0000] {processor.py:925} INFO - DAG(s) 'example_python_operator' retrieved from /home/airflow/.local/lib/python3.12/site-packages/airflow/example_dags/example_python_operator.py
[2025-01-31T14:37:06.764+0000] {logging_mixin.py:190} INFO - [2025-01-31T14:37:06.763+0000] {dag.py:3239} INFO - Sync 1 DAGs
[2025-01-31T14:37:06.778+0000] {logging_mixin.py:190} INFO - [2025-01-31T14:37:06.778+0000] {dag.py:4180} INFO - Setting next_dagrun for example_python_operator to None, run_after=None
[2025-01-31T14:37:06.793+0000] {processor.py:208} INFO - Processing /home/airflow/.local/lib/python3.12/site-packages/airflow/example_dags/example_python_operator.py took 0.071 seconds
[2025-01-31T14:37:38.264+0000] {processor.py:186} INFO - Started process (PID=1354) to work on /home/airflow/.local/lib/python3.12/site-packages/airflow/example_dags/example_python_operator.py
[2025-01-31T14:37:38.265+0000] {processor.py:914} INFO - Processing file /home/airflow/.local/lib/python3.12/site-packages/airflow/example_dags/example_python_operator.py for tasks to queue
[2025-01-31T14:37:38.266+0000] {logging_mixin.py:190} INFO - [2025-01-31T14:37:38.266+0000] {dagbag.py:588} INFO - Filling up the DagBag from /home/airflow/.local/lib/python3.12/site-packages/airflow/example_dags/example_python_operator.py
[2025-01-31T14:37:38.276+0000] {processor.py:925} INFO - DAG(s) 'example_python_operator' retrieved from /home/airflow/.local/lib/python3.12/site-packages/airflow/example_dags/example_python_operator.py
[2025-01-31T14:37:38.297+0000] {logging_mixin.py:190} INFO - [2025-01-31T14:37:38.297+0000] {dag.py:3239} INFO - Sync 1 DAGs
[2025-01-31T14:37:38.312+0000] {logging_mixin.py:190} INFO - [2025-01-31T14:37:38.312+0000] {dag.py:4180} INFO - Setting next_dagrun for example_python_operator to None, run_after=None
[2025-01-31T14:37:38.328+0000] {processor.py:208} INFO - Processing /home/airflow/.local/lib/python3.12/site-packages/airflow/example_dags/example_python_operator.py took 0.068 seconds
[2025-01-31T14:38:09.343+0000] {processor.py:186} INFO - Started process (PID=1419) to work on /home/airflow/.local/lib/python3.12/site-packages/airflow/example_dags/example_python_operator.py
[2025-01-31T14:38:09.344+0000] {processor.py:914} INFO - Processing file /home/airflow/.local/lib/python3.12/site-packages/airflow/example_dags/example_python_operator.py for tasks to queue
[2025-01-31T14:38:09.345+0000] {logging_mixin.py:190} INFO - [2025-01-31T14:38:09.345+0000] {dagbag.py:588} INFO - Filling up the DagBag from /home/airflow/.local/lib/python3.12/site-packages/airflow/example_dags/example_python_operator.py
[2025-01-31T14:38:09.355+0000] {processor.py:925} INFO - DAG(s) 'example_python_operator' retrieved from /home/airflow/.local/lib/python3.12/site-packages/airflow/example_dags/example_python_operator.py
[2025-01-31T14:38:09.371+0000] {logging_mixin.py:190} INFO - [2025-01-31T14:38:09.371+0000] {dag.py:3239} INFO - Sync 1 DAGs
[2025-01-31T14:38:09.382+0000] {logging_mixin.py:190} INFO - [2025-01-31T14:38:09.382+0000] {dag.py:4180} INFO - Setting next_dagrun for example_python_operator to None, run_after=None
[2025-01-31T14:38:09.395+0000] {processor.py:208} INFO - Processing /home/airflow/.local/lib/python3.12/site-packages/airflow/example_dags/example_python_operator.py took 0.057 seconds
[2025-01-31T14:38:40.571+0000] {processor.py:186} INFO - Started process (PID=1484) to work on /home/airflow/.local/lib/python3.12/site-packages/airflow/example_dags/example_python_operator.py
[2025-01-31T14:38:40.572+0000] {processor.py:914} INFO - Processing file /home/airflow/.local/lib/python3.12/site-packages/airflow/example_dags/example_python_operator.py for tasks to queue
[2025-01-31T14:38:40.574+0000] {logging_mixin.py:190} INFO - [2025-01-31T14:38:40.573+0000] {dagbag.py:588} INFO - Filling up the DagBag from /home/airflow/.local/lib/python3.12/site-packages/airflow/example_dags/example_python_operator.py
[2025-01-31T14:38:40.583+0000] {processor.py:925} INFO - DAG(s) 'example_python_operator' retrieved from /home/airflow/.local/lib/python3.12/site-packages/airflow/example_dags/example_python_operator.py
[2025-01-31T14:38:40.602+0000] {logging_mixin.py:190} INFO - [2025-01-31T14:38:40.601+0000] {dag.py:3239} INFO - Sync 1 DAGs
[2025-01-31T14:38:40.613+0000] {logging_mixin.py:190} INFO - [2025-01-31T14:38:40.612+0000] {dag.py:4180} INFO - Setting next_dagrun for example_python_operator to None, run_after=None
[2025-01-31T14:38:40.628+0000] {processor.py:208} INFO - Processing /home/airflow/.local/lib/python3.12/site-packages/airflow/example_dags/example_python_operator.py took 0.061 seconds
[2025-01-31T14:39:11.807+0000] {processor.py:186} INFO - Started process (PID=1556) to work on /home/airflow/.local/lib/python3.12/site-packages/airflow/example_dags/example_python_operator.py
[2025-01-31T14:39:11.808+0000] {processor.py:914} INFO - Processing file /home/airflow/.local/lib/python3.12/site-packages/airflow/example_dags/example_python_operator.py for tasks to queue
[2025-01-31T14:39:11.810+0000] {logging_mixin.py:190} INFO - [2025-01-31T14:39:11.809+0000] {dagbag.py:588} INFO - Filling up the DagBag from /home/airflow/.local/lib/python3.12/site-packages/airflow/example_dags/example_python_operator.py
[2025-01-31T14:39:11.824+0000] {processor.py:925} INFO - DAG(s) 'example_python_operator' retrieved from /home/airflow/.local/lib/python3.12/site-packages/airflow/example_dags/example_python_operator.py
[2025-01-31T14:39:11.849+0000] {logging_mixin.py:190} INFO - [2025-01-31T14:39:11.849+0000] {dag.py:3239} INFO - Sync 1 DAGs
[2025-01-31T14:39:11.866+0000] {logging_mixin.py:190} INFO - [2025-01-31T14:39:11.866+0000] {dag.py:4180} INFO - Setting next_dagrun for example_python_operator to None, run_after=None
[2025-01-31T14:39:11.881+0000] {processor.py:208} INFO - Processing /home/airflow/.local/lib/python3.12/site-packages/airflow/example_dags/example_python_operator.py took 0.080 seconds
[2025-01-31T14:39:43.162+0000] {processor.py:186} INFO - Started process (PID=1620) to work on /home/airflow/.local/lib/python3.12/site-packages/airflow/example_dags/example_python_operator.py
[2025-01-31T14:39:43.163+0000] {processor.py:914} INFO - Processing file /home/airflow/.local/lib/python3.12/site-packages/airflow/example_dags/example_python_operator.py for tasks to queue
[2025-01-31T14:39:43.165+0000] {logging_mixin.py:190} INFO - [2025-01-31T14:39:43.164+0000] {dagbag.py:588} INFO - Filling up the DagBag from /home/airflow/.local/lib/python3.12/site-packages/airflow/example_dags/example_python_operator.py
[2025-01-31T14:39:43.174+0000] {processor.py:925} INFO - DAG(s) 'example_python_operator' retrieved from /home/airflow/.local/lib/python3.12/site-packages/airflow/example_dags/example_python_operator.py
[2025-01-31T14:39:43.192+0000] {logging_mixin.py:190} INFO - [2025-01-31T14:39:43.192+0000] {dag.py:3239} INFO - Sync 1 DAGs
[2025-01-31T14:39:43.206+0000] {logging_mixin.py:190} INFO - [2025-01-31T14:39:43.206+0000] {dag.py:4180} INFO - Setting next_dagrun for example_python_operator to None, run_after=None
[2025-01-31T14:39:43.222+0000] {processor.py:208} INFO - Processing /home/airflow/.local/lib/python3.12/site-packages/airflow/example_dags/example_python_operator.py took 0.065 seconds
[2025-01-31T14:40:14.077+0000] {processor.py:186} INFO - Started process (PID=1685) to work on /home/airflow/.local/lib/python3.12/site-packages/airflow/example_dags/example_python_operator.py
[2025-01-31T14:40:14.078+0000] {processor.py:914} INFO - Processing file /home/airflow/.local/lib/python3.12/site-packages/airflow/example_dags/example_python_operator.py for tasks to queue
[2025-01-31T14:40:14.080+0000] {logging_mixin.py:190} INFO - [2025-01-31T14:40:14.079+0000] {dagbag.py:588} INFO - Filling up the DagBag from /home/airflow/.local/lib/python3.12/site-packages/airflow/example_dags/example_python_operator.py
[2025-01-31T14:40:14.089+0000] {processor.py:925} INFO - DAG(s) 'example_python_operator' retrieved from /home/airflow/.local/lib/python3.12/site-packages/airflow/example_dags/example_python_operator.py
[2025-01-31T14:40:14.111+0000] {logging_mixin.py:190} INFO - [2025-01-31T14:40:14.111+0000] {dag.py:3239} INFO - Sync 1 DAGs
[2025-01-31T14:40:14.123+0000] {logging_mixin.py:190} INFO - [2025-01-31T14:40:14.123+0000] {dag.py:4180} INFO - Setting next_dagrun for example_python_operator to None, run_after=None
[2025-01-31T14:40:14.136+0000] {processor.py:208} INFO - Processing /home/airflow/.local/lib/python3.12/site-packages/airflow/example_dags/example_python_operator.py took 0.063 seconds
[2025-01-31T14:40:45.233+0000] {processor.py:186} INFO - Started process (PID=1750) to work on /home/airflow/.local/lib/python3.12/site-packages/airflow/example_dags/example_python_operator.py
[2025-01-31T14:40:45.234+0000] {processor.py:914} INFO - Processing file /home/airflow/.local/lib/python3.12/site-packages/airflow/example_dags/example_python_operator.py for tasks to queue
[2025-01-31T14:40:45.235+0000] {logging_mixin.py:190} INFO - [2025-01-31T14:40:45.235+0000] {dagbag.py:588} INFO - Filling up the DagBag from /home/airflow/.local/lib/python3.12/site-packages/airflow/example_dags/example_python_operator.py
[2025-01-31T14:40:45.244+0000] {processor.py:925} INFO - DAG(s) 'example_python_operator' retrieved from /home/airflow/.local/lib/python3.12/site-packages/airflow/example_dags/example_python_operator.py
[2025-01-31T14:40:45.265+0000] {logging_mixin.py:190} INFO - [2025-01-31T14:40:45.265+0000] {dag.py:3239} INFO - Sync 1 DAGs
[2025-01-31T14:40:45.279+0000] {logging_mixin.py:190} INFO - [2025-01-31T14:40:45.279+0000] {dag.py:4180} INFO - Setting next_dagrun for example_python_operator to None, run_after=None
[2025-01-31T14:40:45.291+0000] {processor.py:208} INFO - Processing /home/airflow/.local/lib/python3.12/site-packages/airflow/example_dags/example_python_operator.py took 0.062 seconds
[2025-01-31T14:41:16.413+0000] {processor.py:186} INFO - Started process (PID=1815) to work on /home/airflow/.local/lib/python3.12/site-packages/airflow/example_dags/example_python_operator.py
[2025-01-31T14:41:16.413+0000] {processor.py:914} INFO - Processing file /home/airflow/.local/lib/python3.12/site-packages/airflow/example_dags/example_python_operator.py for tasks to queue
[2025-01-31T14:41:16.415+0000] {logging_mixin.py:190} INFO - [2025-01-31T14:41:16.414+0000] {dagbag.py:588} INFO - Filling up the DagBag from /home/airflow/.local/lib/python3.12/site-packages/airflow/example_dags/example_python_operator.py
[2025-01-31T14:41:16.424+0000] {processor.py:925} INFO - DAG(s) 'example_python_operator' retrieved from /home/airflow/.local/lib/python3.12/site-packages/airflow/example_dags/example_python_operator.py
[2025-01-31T14:41:16.445+0000] {logging_mixin.py:190} INFO - [2025-01-31T14:41:16.445+0000] {dag.py:3239} INFO - Sync 1 DAGs
[2025-01-31T14:41:16.459+0000] {logging_mixin.py:190} INFO - [2025-01-31T14:41:16.459+0000] {dag.py:4180} INFO - Setting next_dagrun for example_python_operator to None, run_after=None
[2025-01-31T14:41:16.474+0000] {processor.py:208} INFO - Processing /home/airflow/.local/lib/python3.12/site-packages/airflow/example_dags/example_python_operator.py took 0.065 seconds
[2025-01-31T14:41:47.763+0000] {processor.py:186} INFO - Started process (PID=1881) to work on /home/airflow/.local/lib/python3.12/site-packages/airflow/example_dags/example_python_operator.py
[2025-01-31T14:41:47.764+0000] {processor.py:914} INFO - Processing file /home/airflow/.local/lib/python3.12/site-packages/airflow/example_dags/example_python_operator.py for tasks to queue
[2025-01-31T14:41:47.766+0000] {logging_mixin.py:190} INFO - [2025-01-31T14:41:47.766+0000] {dagbag.py:588} INFO - Filling up the DagBag from /home/airflow/.local/lib/python3.12/site-packages/airflow/example_dags/example_python_operator.py
[2025-01-31T14:41:47.778+0000] {processor.py:925} INFO - DAG(s) 'example_python_operator' retrieved from /home/airflow/.local/lib/python3.12/site-packages/airflow/example_dags/example_python_operator.py
[2025-01-31T14:41:47.797+0000] {logging_mixin.py:190} INFO - [2025-01-31T14:41:47.796+0000] {dag.py:3239} INFO - Sync 1 DAGs
[2025-01-31T14:41:47.811+0000] {logging_mixin.py:190} INFO - [2025-01-31T14:41:47.811+0000] {dag.py:4180} INFO - Setting next_dagrun for example_python_operator to None, run_after=None
[2025-01-31T14:41:47.829+0000] {processor.py:208} INFO - Processing /home/airflow/.local/lib/python3.12/site-packages/airflow/example_dags/example_python_operator.py took 0.070 seconds
[2025-01-31T14:42:19.604+0000] {processor.py:186} INFO - Started process (PID=1946) to work on /home/airflow/.local/lib/python3.12/site-packages/airflow/example_dags/example_python_operator.py
[2025-01-31T14:42:19.605+0000] {processor.py:914} INFO - Processing file /home/airflow/.local/lib/python3.12/site-packages/airflow/example_dags/example_python_operator.py for tasks to queue
[2025-01-31T14:42:19.607+0000] {logging_mixin.py:190} INFO - [2025-01-31T14:42:19.606+0000] {dagbag.py:588} INFO - Filling up the DagBag from /home/airflow/.local/lib/python3.12/site-packages/airflow/example_dags/example_python_operator.py
[2025-01-31T14:42:19.617+0000] {processor.py:925} INFO - DAG(s) 'example_python_operator' retrieved from /home/airflow/.local/lib/python3.12/site-packages/airflow/example_dags/example_python_operator.py
[2025-01-31T14:42:19.637+0000] {logging_mixin.py:190} INFO - [2025-01-31T14:42:19.637+0000] {dag.py:3239} INFO - Sync 1 DAGs
[2025-01-31T14:42:19.649+0000] {logging_mixin.py:190} INFO - [2025-01-31T14:42:19.649+0000] {dag.py:4180} INFO - Setting next_dagrun for example_python_operator to None, run_after=None
[2025-01-31T14:42:19.662+0000] {processor.py:208} INFO - Processing /home/airflow/.local/lib/python3.12/site-packages/airflow/example_dags/example_python_operator.py took 0.063 seconds
[2025-01-31T14:42:51.068+0000] {processor.py:186} INFO - Started process (PID=2012) to work on /home/airflow/.local/lib/python3.12/site-packages/airflow/example_dags/example_python_operator.py
[2025-01-31T14:42:51.068+0000] {processor.py:914} INFO - Processing file /home/airflow/.local/lib/python3.12/site-packages/airflow/example_dags/example_python_operator.py for tasks to queue
[2025-01-31T14:42:51.071+0000] {logging_mixin.py:190} INFO - [2025-01-31T14:42:51.070+0000] {dagbag.py:588} INFO - Filling up the DagBag from /home/airflow/.local/lib/python3.12/site-packages/airflow/example_dags/example_python_operator.py
[2025-01-31T14:42:51.084+0000] {processor.py:925} INFO - DAG(s) 'example_python_operator' retrieved from /home/airflow/.local/lib/python3.12/site-packages/airflow/example_dags/example_python_operator.py
[2025-01-31T14:42:51.139+0000] {logging_mixin.py:190} INFO - [2025-01-31T14:42:51.138+0000] {dag.py:3239} INFO - Sync 1 DAGs
[2025-01-31T14:42:51.155+0000] {logging_mixin.py:190} INFO - [2025-01-31T14:42:51.155+0000] {dag.py:4180} INFO - Setting next_dagrun for example_python_operator to None, run_after=None
[2025-01-31T14:42:51.173+0000] {processor.py:208} INFO - Processing /home/airflow/.local/lib/python3.12/site-packages/airflow/example_dags/example_python_operator.py took 0.124 seconds
[2025-01-31T14:43:21.550+0000] {processor.py:186} INFO - Started process (PID=2076) to work on /home/airflow/.local/lib/python3.12/site-packages/airflow/example_dags/example_python_operator.py
[2025-01-31T14:43:21.551+0000] {processor.py:914} INFO - Processing file /home/airflow/.local/lib/python3.12/site-packages/airflow/example_dags/example_python_operator.py for tasks to queue
[2025-01-31T14:43:21.553+0000] {logging_mixin.py:190} INFO - [2025-01-31T14:43:21.552+0000] {dagbag.py:588} INFO - Filling up the DagBag from /home/airflow/.local/lib/python3.12/site-packages/airflow/example_dags/example_python_operator.py
[2025-01-31T14:43:21.564+0000] {processor.py:925} INFO - DAG(s) 'example_python_operator' retrieved from /home/airflow/.local/lib/python3.12/site-packages/airflow/example_dags/example_python_operator.py
[2025-01-31T14:43:21.589+0000] {logging_mixin.py:190} INFO - [2025-01-31T14:43:21.589+0000] {dag.py:3239} INFO - Sync 1 DAGs
[2025-01-31T14:43:21.605+0000] {logging_mixin.py:190} INFO - [2025-01-31T14:43:21.605+0000] {dag.py:4180} INFO - Setting next_dagrun for example_python_operator to None, run_after=None
[2025-01-31T14:43:21.620+0000] {processor.py:208} INFO - Processing /home/airflow/.local/lib/python3.12/site-packages/airflow/example_dags/example_python_operator.py took 0.074 seconds
[2025-01-31T14:43:52.334+0000] {processor.py:186} INFO - Started process (PID=2142) to work on /home/airflow/.local/lib/python3.12/site-packages/airflow/example_dags/example_python_operator.py
[2025-01-31T14:43:52.335+0000] {processor.py:914} INFO - Processing file /home/airflow/.local/lib/python3.12/site-packages/airflow/example_dags/example_python_operator.py for tasks to queue
[2025-01-31T14:43:52.337+0000] {logging_mixin.py:190} INFO - [2025-01-31T14:43:52.337+0000] {dagbag.py:588} INFO - Filling up the DagBag from /home/airflow/.local/lib/python3.12/site-packages/airflow/example_dags/example_python_operator.py
[2025-01-31T14:43:52.348+0000] {processor.py:925} INFO - DAG(s) 'example_python_operator' retrieved from /home/airflow/.local/lib/python3.12/site-packages/airflow/example_dags/example_python_operator.py
[2025-01-31T14:43:52.371+0000] {logging_mixin.py:190} INFO - [2025-01-31T14:43:52.371+0000] {dag.py:3239} INFO - Sync 1 DAGs
[2025-01-31T14:43:52.385+0000] {logging_mixin.py:190} INFO - [2025-01-31T14:43:52.385+0000] {dag.py:4180} INFO - Setting next_dagrun for example_python_operator to None, run_after=None
[2025-01-31T14:43:52.400+0000] {processor.py:208} INFO - Processing /home/airflow/.local/lib/python3.12/site-packages/airflow/example_dags/example_python_operator.py took 0.073 seconds
[2025-01-31T14:44:23.470+0000] {processor.py:186} INFO - Started process (PID=2207) to work on /home/airflow/.local/lib/python3.12/site-packages/airflow/example_dags/example_python_operator.py
[2025-01-31T14:44:23.471+0000] {processor.py:914} INFO - Processing file /home/airflow/.local/lib/python3.12/site-packages/airflow/example_dags/example_python_operator.py for tasks to queue
[2025-01-31T14:44:23.472+0000] {logging_mixin.py:190} INFO - [2025-01-31T14:44:23.472+0000] {dagbag.py:588} INFO - Filling up the DagBag from /home/airflow/.local/lib/python3.12/site-packages/airflow/example_dags/example_python_operator.py
[2025-01-31T14:44:23.481+0000] {processor.py:925} INFO - DAG(s) 'example_python_operator' retrieved from /home/airflow/.local/lib/python3.12/site-packages/airflow/example_dags/example_python_operator.py
[2025-01-31T14:44:23.500+0000] {logging_mixin.py:190} INFO - [2025-01-31T14:44:23.500+0000] {dag.py:3239} INFO - Sync 1 DAGs
[2025-01-31T14:44:23.513+0000] {logging_mixin.py:190} INFO - [2025-01-31T14:44:23.513+0000] {dag.py:4180} INFO - Setting next_dagrun for example_python_operator to None, run_after=None
[2025-01-31T14:44:23.526+0000] {processor.py:208} INFO - Processing /home/airflow/.local/lib/python3.12/site-packages/airflow/example_dags/example_python_operator.py took 0.060 seconds
[2025-01-31T14:44:54.971+0000] {processor.py:186} INFO - Started process (PID=2277) to work on /home/airflow/.local/lib/python3.12/site-packages/airflow/example_dags/example_python_operator.py
[2025-01-31T14:44:54.972+0000] {processor.py:914} INFO - Processing file /home/airflow/.local/lib/python3.12/site-packages/airflow/example_dags/example_python_operator.py for tasks to queue
[2025-01-31T14:44:54.973+0000] {logging_mixin.py:190} INFO - [2025-01-31T14:44:54.973+0000] {dagbag.py:588} INFO - Filling up the DagBag from /home/airflow/.local/lib/python3.12/site-packages/airflow/example_dags/example_python_operator.py
[2025-01-31T14:44:54.983+0000] {processor.py:925} INFO - DAG(s) 'example_python_operator' retrieved from /home/airflow/.local/lib/python3.12/site-packages/airflow/example_dags/example_python_operator.py
[2025-01-31T14:44:55.003+0000] {logging_mixin.py:190} INFO - [2025-01-31T14:44:55.003+0000] {dag.py:3239} INFO - Sync 1 DAGs
[2025-01-31T14:44:55.018+0000] {logging_mixin.py:190} INFO - [2025-01-31T14:44:55.018+0000] {dag.py:4180} INFO - Setting next_dagrun for example_python_operator to None, run_after=None
[2025-01-31T14:44:55.031+0000] {processor.py:208} INFO - Processing /home/airflow/.local/lib/python3.12/site-packages/airflow/example_dags/example_python_operator.py took 0.064 seconds
[2025-01-31T14:45:25.851+0000] {processor.py:186} INFO - Started process (PID=2344) to work on /home/airflow/.local/lib/python3.12/site-packages/airflow/example_dags/example_python_operator.py
[2025-01-31T14:45:25.851+0000] {processor.py:914} INFO - Processing file /home/airflow/.local/lib/python3.12/site-packages/airflow/example_dags/example_python_operator.py for tasks to queue
[2025-01-31T14:45:25.853+0000] {logging_mixin.py:190} INFO - [2025-01-31T14:45:25.852+0000] {dagbag.py:588} INFO - Filling up the DagBag from /home/airflow/.local/lib/python3.12/site-packages/airflow/example_dags/example_python_operator.py
[2025-01-31T14:45:25.862+0000] {processor.py:925} INFO - DAG(s) 'example_python_operator' retrieved from /home/airflow/.local/lib/python3.12/site-packages/airflow/example_dags/example_python_operator.py
[2025-01-31T14:45:25.878+0000] {logging_mixin.py:190} INFO - [2025-01-31T14:45:25.878+0000] {dag.py:3239} INFO - Sync 1 DAGs
[2025-01-31T14:45:25.889+0000] {logging_mixin.py:190} INFO - [2025-01-31T14:45:25.889+0000] {dag.py:4180} INFO - Setting next_dagrun for example_python_operator to None, run_after=None
[2025-01-31T14:45:25.903+0000] {processor.py:208} INFO - Processing /home/airflow/.local/lib/python3.12/site-packages/airflow/example_dags/example_python_operator.py took 0.057 seconds
[2025-01-31T14:45:56.565+0000] {processor.py:186} INFO - Started process (PID=2409) to work on /home/airflow/.local/lib/python3.12/site-packages/airflow/example_dags/example_python_operator.py
[2025-01-31T14:45:56.565+0000] {processor.py:914} INFO - Processing file /home/airflow/.local/lib/python3.12/site-packages/airflow/example_dags/example_python_operator.py for tasks to queue
[2025-01-31T14:45:56.567+0000] {logging_mixin.py:190} INFO - [2025-01-31T14:45:56.567+0000] {dagbag.py:588} INFO - Filling up the DagBag from /home/airflow/.local/lib/python3.12/site-packages/airflow/example_dags/example_python_operator.py
[2025-01-31T14:45:56.582+0000] {processor.py:925} INFO - DAG(s) 'example_python_operator' retrieved from /home/airflow/.local/lib/python3.12/site-packages/airflow/example_dags/example_python_operator.py
[2025-01-31T14:45:56.606+0000] {logging_mixin.py:190} INFO - [2025-01-31T14:45:56.606+0000] {dag.py:3239} INFO - Sync 1 DAGs
[2025-01-31T14:45:56.619+0000] {logging_mixin.py:190} INFO - [2025-01-31T14:45:56.619+0000] {dag.py:4180} INFO - Setting next_dagrun for example_python_operator to None, run_after=None
[2025-01-31T14:45:56.635+0000] {processor.py:208} INFO - Processing /home/airflow/.local/lib/python3.12/site-packages/airflow/example_dags/example_python_operator.py took 0.076 seconds
[2025-01-31T14:46:27.484+0000] {processor.py:186} INFO - Started process (PID=2474) to work on /home/airflow/.local/lib/python3.12/site-packages/airflow/example_dags/example_python_operator.py
[2025-01-31T14:46:27.485+0000] {processor.py:914} INFO - Processing file /home/airflow/.local/lib/python3.12/site-packages/airflow/example_dags/example_python_operator.py for tasks to queue
[2025-01-31T14:46:27.486+0000] {logging_mixin.py:190} INFO - [2025-01-31T14:46:27.486+0000] {dagbag.py:588} INFO - Filling up the DagBag from /home/airflow/.local/lib/python3.12/site-packages/airflow/example_dags/example_python_operator.py
[2025-01-31T14:46:27.496+0000] {processor.py:925} INFO - DAG(s) 'example_python_operator' retrieved from /home/airflow/.local/lib/python3.12/site-packages/airflow/example_dags/example_python_operator.py
[2025-01-31T14:46:27.512+0000] {logging_mixin.py:190} INFO - [2025-01-31T14:46:27.512+0000] {dag.py:3239} INFO - Sync 1 DAGs
[2025-01-31T14:46:27.523+0000] {logging_mixin.py:190} INFO - [2025-01-31T14:46:27.523+0000] {dag.py:4180} INFO - Setting next_dagrun for example_python_operator to None, run_after=None
[2025-01-31T14:46:27.535+0000] {processor.py:208} INFO - Processing /home/airflow/.local/lib/python3.12/site-packages/airflow/example_dags/example_python_operator.py took 0.055 seconds
[2025-01-31T14:46:58.127+0000] {processor.py:186} INFO - Started process (PID=2542) to work on /home/airflow/.local/lib/python3.12/site-packages/airflow/example_dags/example_python_operator.py
[2025-01-31T14:46:58.127+0000] {processor.py:914} INFO - Processing file /home/airflow/.local/lib/python3.12/site-packages/airflow/example_dags/example_python_operator.py for tasks to queue
[2025-01-31T14:46:58.129+0000] {logging_mixin.py:190} INFO - [2025-01-31T14:46:58.129+0000] {dagbag.py:588} INFO - Filling up the DagBag from /home/airflow/.local/lib/python3.12/site-packages/airflow/example_dags/example_python_operator.py
[2025-01-31T14:46:58.141+0000] {processor.py:925} INFO - DAG(s) 'example_python_operator' retrieved from /home/airflow/.local/lib/python3.12/site-packages/airflow/example_dags/example_python_operator.py
[2025-01-31T14:46:58.159+0000] {logging_mixin.py:190} INFO - [2025-01-31T14:46:58.158+0000] {dag.py:3239} INFO - Sync 1 DAGs
[2025-01-31T14:46:58.172+0000] {logging_mixin.py:190} INFO - [2025-01-31T14:46:58.172+0000] {dag.py:4180} INFO - Setting next_dagrun for example_python_operator to None, run_after=None
[2025-01-31T14:46:58.188+0000] {processor.py:208} INFO - Processing /home/airflow/.local/lib/python3.12/site-packages/airflow/example_dags/example_python_operator.py took 0.066 seconds
[2025-01-31T14:47:29.111+0000] {processor.py:186} INFO - Started process (PID=2608) to work on /home/airflow/.local/lib/python3.12/site-packages/airflow/example_dags/example_python_operator.py
[2025-01-31T14:47:29.112+0000] {processor.py:914} INFO - Processing file /home/airflow/.local/lib/python3.12/site-packages/airflow/example_dags/example_python_operator.py for tasks to queue
[2025-01-31T14:47:29.114+0000] {logging_mixin.py:190} INFO - [2025-01-31T14:47:29.114+0000] {dagbag.py:588} INFO - Filling up the DagBag from /home/airflow/.local/lib/python3.12/site-packages/airflow/example_dags/example_python_operator.py
[2025-01-31T14:47:29.127+0000] {processor.py:925} INFO - DAG(s) 'example_python_operator' retrieved from /home/airflow/.local/lib/python3.12/site-packages/airflow/example_dags/example_python_operator.py
[2025-01-31T14:47:29.148+0000] {logging_mixin.py:190} INFO - [2025-01-31T14:47:29.148+0000] {dag.py:3239} INFO - Sync 1 DAGs
[2025-01-31T14:47:29.160+0000] {logging_mixin.py:190} INFO - [2025-01-31T14:47:29.160+0000] {dag.py:4180} INFO - Setting next_dagrun for example_python_operator to None, run_after=None
[2025-01-31T14:47:29.173+0000] {processor.py:208} INFO - Processing /home/airflow/.local/lib/python3.12/site-packages/airflow/example_dags/example_python_operator.py took 0.068 seconds
[2025-01-31T14:48:00.289+0000] {processor.py:186} INFO - Started process (PID=2676) to work on /home/airflow/.local/lib/python3.12/site-packages/airflow/example_dags/example_python_operator.py
[2025-01-31T14:48:00.290+0000] {processor.py:914} INFO - Processing file /home/airflow/.local/lib/python3.12/site-packages/airflow/example_dags/example_python_operator.py for tasks to queue
[2025-01-31T14:48:00.292+0000] {logging_mixin.py:190} INFO - [2025-01-31T14:48:00.292+0000] {dagbag.py:588} INFO - Filling up the DagBag from /home/airflow/.local/lib/python3.12/site-packages/airflow/example_dags/example_python_operator.py
[2025-01-31T14:48:00.302+0000] {processor.py:925} INFO - DAG(s) 'example_python_operator' retrieved from /home/airflow/.local/lib/python3.12/site-packages/airflow/example_dags/example_python_operator.py
[2025-01-31T14:48:00.321+0000] {logging_mixin.py:190} INFO - [2025-01-31T14:48:00.321+0000] {dag.py:3239} INFO - Sync 1 DAGs
[2025-01-31T14:48:00.336+0000] {logging_mixin.py:190} INFO - [2025-01-31T14:48:00.336+0000] {dag.py:4180} INFO - Setting next_dagrun for example_python_operator to None, run_after=None
[2025-01-31T14:48:00.351+0000] {processor.py:208} INFO - Processing /home/airflow/.local/lib/python3.12/site-packages/airflow/example_dags/example_python_operator.py took 0.067 seconds
[2025-01-31T14:48:30.855+0000] {processor.py:186} INFO - Started process (PID=2742) to work on /home/airflow/.local/lib/python3.12/site-packages/airflow/example_dags/example_python_operator.py
[2025-01-31T14:48:30.855+0000] {processor.py:914} INFO - Processing file /home/airflow/.local/lib/python3.12/site-packages/airflow/example_dags/example_python_operator.py for tasks to queue
[2025-01-31T14:48:30.857+0000] {logging_mixin.py:190} INFO - [2025-01-31T14:48:30.856+0000] {dagbag.py:588} INFO - Filling up the DagBag from /home/airflow/.local/lib/python3.12/site-packages/airflow/example_dags/example_python_operator.py
[2025-01-31T14:48:30.866+0000] {processor.py:925} INFO - DAG(s) 'example_python_operator' retrieved from /home/airflow/.local/lib/python3.12/site-packages/airflow/example_dags/example_python_operator.py
[2025-01-31T14:48:30.882+0000] {logging_mixin.py:190} INFO - [2025-01-31T14:48:30.882+0000] {dag.py:3239} INFO - Sync 1 DAGs
[2025-01-31T14:48:30.892+0000] {logging_mixin.py:190} INFO - [2025-01-31T14:48:30.892+0000] {dag.py:4180} INFO - Setting next_dagrun for example_python_operator to None, run_after=None
[2025-01-31T14:48:30.905+0000] {processor.py:208} INFO - Processing /home/airflow/.local/lib/python3.12/site-packages/airflow/example_dags/example_python_operator.py took 0.055 seconds
[2025-01-31T14:49:01.573+0000] {processor.py:186} INFO - Started process (PID=2808) to work on /home/airflow/.local/lib/python3.12/site-packages/airflow/example_dags/example_python_operator.py
[2025-01-31T14:49:01.574+0000] {processor.py:914} INFO - Processing file /home/airflow/.local/lib/python3.12/site-packages/airflow/example_dags/example_python_operator.py for tasks to queue
[2025-01-31T14:49:01.575+0000] {logging_mixin.py:190} INFO - [2025-01-31T14:49:01.575+0000] {dagbag.py:588} INFO - Filling up the DagBag from /home/airflow/.local/lib/python3.12/site-packages/airflow/example_dags/example_python_operator.py
[2025-01-31T14:49:01.587+0000] {processor.py:925} INFO - DAG(s) 'example_python_operator' retrieved from /home/airflow/.local/lib/python3.12/site-packages/airflow/example_dags/example_python_operator.py
[2025-01-31T14:49:01.609+0000] {logging_mixin.py:190} INFO - [2025-01-31T14:49:01.609+0000] {dag.py:3239} INFO - Sync 1 DAGs
[2025-01-31T14:49:01.622+0000] {logging_mixin.py:190} INFO - [2025-01-31T14:49:01.622+0000] {dag.py:4180} INFO - Setting next_dagrun for example_python_operator to None, run_after=None
[2025-01-31T14:49:01.637+0000] {processor.py:208} INFO - Processing /home/airflow/.local/lib/python3.12/site-packages/airflow/example_dags/example_python_operator.py took 0.069 seconds
[2025-01-31T14:49:32.513+0000] {processor.py:186} INFO - Started process (PID=2874) to work on /home/airflow/.local/lib/python3.12/site-packages/airflow/example_dags/example_python_operator.py
[2025-01-31T14:49:32.514+0000] {processor.py:914} INFO - Processing file /home/airflow/.local/lib/python3.12/site-packages/airflow/example_dags/example_python_operator.py for tasks to queue
[2025-01-31T14:49:32.516+0000] {logging_mixin.py:190} INFO - [2025-01-31T14:49:32.515+0000] {dagbag.py:588} INFO - Filling up the DagBag from /home/airflow/.local/lib/python3.12/site-packages/airflow/example_dags/example_python_operator.py
[2025-01-31T14:49:32.527+0000] {processor.py:925} INFO - DAG(s) 'example_python_operator' retrieved from /home/airflow/.local/lib/python3.12/site-packages/airflow/example_dags/example_python_operator.py
[2025-01-31T14:49:32.549+0000] {logging_mixin.py:190} INFO - [2025-01-31T14:49:32.549+0000] {dag.py:3239} INFO - Sync 1 DAGs
[2025-01-31T14:49:32.562+0000] {logging_mixin.py:190} INFO - [2025-01-31T14:49:32.562+0000] {dag.py:4180} INFO - Setting next_dagrun for example_python_operator to None, run_after=None
[2025-01-31T14:49:32.576+0000] {processor.py:208} INFO - Processing /home/airflow/.local/lib/python3.12/site-packages/airflow/example_dags/example_python_operator.py took 0.068 seconds
[2025-01-31T14:50:03.700+0000] {processor.py:186} INFO - Started process (PID=2940) to work on /home/airflow/.local/lib/python3.12/site-packages/airflow/example_dags/example_python_operator.py
[2025-01-31T14:50:03.701+0000] {processor.py:914} INFO - Processing file /home/airflow/.local/lib/python3.12/site-packages/airflow/example_dags/example_python_operator.py for tasks to queue
[2025-01-31T14:50:03.703+0000] {logging_mixin.py:190} INFO - [2025-01-31T14:50:03.702+0000] {dagbag.py:588} INFO - Filling up the DagBag from /home/airflow/.local/lib/python3.12/site-packages/airflow/example_dags/example_python_operator.py
[2025-01-31T14:50:03.712+0000] {processor.py:925} INFO - DAG(s) 'example_python_operator' retrieved from /home/airflow/.local/lib/python3.12/site-packages/airflow/example_dags/example_python_operator.py
[2025-01-31T14:50:03.733+0000] {logging_mixin.py:190} INFO - [2025-01-31T14:50:03.733+0000] {dag.py:3239} INFO - Sync 1 DAGs
[2025-01-31T14:50:03.747+0000] {logging_mixin.py:190} INFO - [2025-01-31T14:50:03.746+0000] {dag.py:4180} INFO - Setting next_dagrun for example_python_operator to None, run_after=None
[2025-01-31T14:50:03.759+0000] {processor.py:208} INFO - Processing /home/airflow/.local/lib/python3.12/site-packages/airflow/example_dags/example_python_operator.py took 0.063 seconds
[2025-01-31T14:50:34.557+0000] {processor.py:186} INFO - Started process (PID=3006) to work on /home/airflow/.local/lib/python3.12/site-packages/airflow/example_dags/example_python_operator.py
[2025-01-31T14:50:34.557+0000] {processor.py:914} INFO - Processing file /home/airflow/.local/lib/python3.12/site-packages/airflow/example_dags/example_python_operator.py for tasks to queue
[2025-01-31T14:50:34.559+0000] {logging_mixin.py:190} INFO - [2025-01-31T14:50:34.559+0000] {dagbag.py:588} INFO - Filling up the DagBag from /home/airflow/.local/lib/python3.12/site-packages/airflow/example_dags/example_python_operator.py
[2025-01-31T14:50:34.568+0000] {processor.py:925} INFO - DAG(s) 'example_python_operator' retrieved from /home/airflow/.local/lib/python3.12/site-packages/airflow/example_dags/example_python_operator.py
[2025-01-31T14:50:34.593+0000] {logging_mixin.py:190} INFO - [2025-01-31T14:50:34.592+0000] {dag.py:3239} INFO - Sync 1 DAGs
[2025-01-31T14:50:34.610+0000] {logging_mixin.py:190} INFO - [2025-01-31T14:50:34.609+0000] {dag.py:4180} INFO - Setting next_dagrun for example_python_operator to None, run_after=None
[2025-01-31T14:50:34.627+0000] {processor.py:208} INFO - Processing /home/airflow/.local/lib/python3.12/site-packages/airflow/example_dags/example_python_operator.py took 0.075 seconds
[2025-01-31T14:51:05.326+0000] {processor.py:186} INFO - Started process (PID=3073) to work on /home/airflow/.local/lib/python3.12/site-packages/airflow/example_dags/example_python_operator.py
[2025-01-31T14:51:05.327+0000] {processor.py:914} INFO - Processing file /home/airflow/.local/lib/python3.12/site-packages/airflow/example_dags/example_python_operator.py for tasks to queue
[2025-01-31T14:51:05.329+0000] {logging_mixin.py:190} INFO - [2025-01-31T14:51:05.329+0000] {dagbag.py:588} INFO - Filling up the DagBag from /home/airflow/.local/lib/python3.12/site-packages/airflow/example_dags/example_python_operator.py
[2025-01-31T14:51:05.340+0000] {processor.py:925} INFO - DAG(s) 'example_python_operator' retrieved from /home/airflow/.local/lib/python3.12/site-packages/airflow/example_dags/example_python_operator.py
[2025-01-31T14:51:05.358+0000] {logging_mixin.py:190} INFO - [2025-01-31T14:51:05.358+0000] {dag.py:3239} INFO - Sync 1 DAGs
[2025-01-31T14:51:05.369+0000] {logging_mixin.py:190} INFO - [2025-01-31T14:51:05.369+0000] {dag.py:4180} INFO - Setting next_dagrun for example_python_operator to None, run_after=None
[2025-01-31T14:51:05.382+0000] {processor.py:208} INFO - Processing /home/airflow/.local/lib/python3.12/site-packages/airflow/example_dags/example_python_operator.py took 0.060 seconds
[2025-01-31T14:51:36.660+0000] {processor.py:186} INFO - Started process (PID=3140) to work on /home/airflow/.local/lib/python3.12/site-packages/airflow/example_dags/example_python_operator.py
[2025-01-31T14:51:36.661+0000] {processor.py:914} INFO - Processing file /home/airflow/.local/lib/python3.12/site-packages/airflow/example_dags/example_python_operator.py for tasks to queue
[2025-01-31T14:51:36.663+0000] {logging_mixin.py:190} INFO - [2025-01-31T14:51:36.662+0000] {dagbag.py:588} INFO - Filling up the DagBag from /home/airflow/.local/lib/python3.12/site-packages/airflow/example_dags/example_python_operator.py
[2025-01-31T14:51:36.676+0000] {processor.py:925} INFO - DAG(s) 'example_python_operator' retrieved from /home/airflow/.local/lib/python3.12/site-packages/airflow/example_dags/example_python_operator.py
[2025-01-31T14:51:36.700+0000] {logging_mixin.py:190} INFO - [2025-01-31T14:51:36.700+0000] {dag.py:3239} INFO - Sync 1 DAGs
[2025-01-31T14:51:36.716+0000] {logging_mixin.py:190} INFO - [2025-01-31T14:51:36.716+0000] {dag.py:4180} INFO - Setting next_dagrun for example_python_operator to None, run_after=None
[2025-01-31T14:51:36.732+0000] {processor.py:208} INFO - Processing /home/airflow/.local/lib/python3.12/site-packages/airflow/example_dags/example_python_operator.py took 0.077 seconds
[2025-01-31T14:52:06.975+0000] {processor.py:186} INFO - Started process (PID=3206) to work on /home/airflow/.local/lib/python3.12/site-packages/airflow/example_dags/example_python_operator.py
[2025-01-31T14:52:06.976+0000] {processor.py:914} INFO - Processing file /home/airflow/.local/lib/python3.12/site-packages/airflow/example_dags/example_python_operator.py for tasks to queue
[2025-01-31T14:52:06.978+0000] {logging_mixin.py:190} INFO - [2025-01-31T14:52:06.978+0000] {dagbag.py:588} INFO - Filling up the DagBag from /home/airflow/.local/lib/python3.12/site-packages/airflow/example_dags/example_python_operator.py
[2025-01-31T14:52:06.992+0000] {processor.py:925} INFO - DAG(s) 'example_python_operator' retrieved from /home/airflow/.local/lib/python3.12/site-packages/airflow/example_dags/example_python_operator.py
[2025-01-31T14:52:07.017+0000] {logging_mixin.py:190} INFO - [2025-01-31T14:52:07.016+0000] {dag.py:3239} INFO - Sync 1 DAGs
[2025-01-31T14:52:07.032+0000] {logging_mixin.py:190} INFO - [2025-01-31T14:52:07.032+0000] {dag.py:4180} INFO - Setting next_dagrun for example_python_operator to None, run_after=None
[2025-01-31T14:52:07.050+0000] {processor.py:208} INFO - Processing /home/airflow/.local/lib/python3.12/site-packages/airflow/example_dags/example_python_operator.py took 0.083 seconds
[2025-01-31T14:52:37.334+0000] {processor.py:186} INFO - Started process (PID=3272) to work on /home/airflow/.local/lib/python3.12/site-packages/airflow/example_dags/example_python_operator.py
[2025-01-31T14:52:37.335+0000] {processor.py:914} INFO - Processing file /home/airflow/.local/lib/python3.12/site-packages/airflow/example_dags/example_python_operator.py for tasks to queue
[2025-01-31T14:52:37.336+0000] {logging_mixin.py:190} INFO - [2025-01-31T14:52:37.336+0000] {dagbag.py:588} INFO - Filling up the DagBag from /home/airflow/.local/lib/python3.12/site-packages/airflow/example_dags/example_python_operator.py
[2025-01-31T14:52:37.346+0000] {processor.py:925} INFO - DAG(s) 'example_python_operator' retrieved from /home/airflow/.local/lib/python3.12/site-packages/airflow/example_dags/example_python_operator.py
[2025-01-31T14:52:37.363+0000] {logging_mixin.py:190} INFO - [2025-01-31T14:52:37.363+0000] {dag.py:3239} INFO - Sync 1 DAGs
[2025-01-31T14:52:37.375+0000] {logging_mixin.py:190} INFO - [2025-01-31T14:52:37.374+0000] {dag.py:4180} INFO - Setting next_dagrun for example_python_operator to None, run_after=None
[2025-01-31T14:52:37.389+0000] {processor.py:208} INFO - Processing /home/airflow/.local/lib/python3.12/site-packages/airflow/example_dags/example_python_operator.py took 0.059 seconds
[2025-01-31T14:53:08.514+0000] {processor.py:186} INFO - Started process (PID=3336) to work on /home/airflow/.local/lib/python3.12/site-packages/airflow/example_dags/example_python_operator.py
[2025-01-31T14:53:08.515+0000] {processor.py:914} INFO - Processing file /home/airflow/.local/lib/python3.12/site-packages/airflow/example_dags/example_python_operator.py for tasks to queue
[2025-01-31T14:53:08.516+0000] {logging_mixin.py:190} INFO - [2025-01-31T14:53:08.516+0000] {dagbag.py:588} INFO - Filling up the DagBag from /home/airflow/.local/lib/python3.12/site-packages/airflow/example_dags/example_python_operator.py
[2025-01-31T14:53:08.525+0000] {processor.py:925} INFO - DAG(s) 'example_python_operator' retrieved from /home/airflow/.local/lib/python3.12/site-packages/airflow/example_dags/example_python_operator.py
[2025-01-31T14:53:08.542+0000] {logging_mixin.py:190} INFO - [2025-01-31T14:53:08.542+0000] {dag.py:3239} INFO - Sync 1 DAGs
[2025-01-31T14:53:08.557+0000] {logging_mixin.py:190} INFO - [2025-01-31T14:53:08.557+0000] {dag.py:4180} INFO - Setting next_dagrun for example_python_operator to None, run_after=None
[2025-01-31T14:53:08.572+0000] {processor.py:208} INFO - Processing /home/airflow/.local/lib/python3.12/site-packages/airflow/example_dags/example_python_operator.py took 0.062 seconds
[2025-01-31T14:53:40.337+0000] {processor.py:186} INFO - Started process (PID=3403) to work on /home/airflow/.local/lib/python3.12/site-packages/airflow/example_dags/example_python_operator.py
[2025-01-31T14:53:40.338+0000] {processor.py:914} INFO - Processing file /home/airflow/.local/lib/python3.12/site-packages/airflow/example_dags/example_python_operator.py for tasks to queue
[2025-01-31T14:53:40.340+0000] {logging_mixin.py:190} INFO - [2025-01-31T14:53:40.340+0000] {dagbag.py:588} INFO - Filling up the DagBag from /home/airflow/.local/lib/python3.12/site-packages/airflow/example_dags/example_python_operator.py
[2025-01-31T14:53:40.350+0000] {processor.py:925} INFO - DAG(s) 'example_python_operator' retrieved from /home/airflow/.local/lib/python3.12/site-packages/airflow/example_dags/example_python_operator.py
[2025-01-31T14:53:40.371+0000] {logging_mixin.py:190} INFO - [2025-01-31T14:53:40.371+0000] {dag.py:3239} INFO - Sync 1 DAGs
[2025-01-31T14:53:40.386+0000] {logging_mixin.py:190} INFO - [2025-01-31T14:53:40.386+0000] {dag.py:4180} INFO - Setting next_dagrun for example_python_operator to None, run_after=None
[2025-01-31T14:53:40.402+0000] {processor.py:208} INFO - Processing /home/airflow/.local/lib/python3.12/site-packages/airflow/example_dags/example_python_operator.py took 0.069 seconds
[2025-01-31T14:54:10.987+0000] {processor.py:186} INFO - Started process (PID=3469) to work on /home/airflow/.local/lib/python3.12/site-packages/airflow/example_dags/example_python_operator.py
[2025-01-31T14:54:10.988+0000] {processor.py:914} INFO - Processing file /home/airflow/.local/lib/python3.12/site-packages/airflow/example_dags/example_python_operator.py for tasks to queue
[2025-01-31T14:54:10.990+0000] {logging_mixin.py:190} INFO - [2025-01-31T14:54:10.989+0000] {dagbag.py:588} INFO - Filling up the DagBag from /home/airflow/.local/lib/python3.12/site-packages/airflow/example_dags/example_python_operator.py
[2025-01-31T14:54:10.999+0000] {processor.py:925} INFO - DAG(s) 'example_python_operator' retrieved from /home/airflow/.local/lib/python3.12/site-packages/airflow/example_dags/example_python_operator.py
[2025-01-31T14:54:11.020+0000] {logging_mixin.py:190} INFO - [2025-01-31T14:54:11.020+0000] {dag.py:3239} INFO - Sync 1 DAGs
[2025-01-31T14:54:11.034+0000] {logging_mixin.py:190} INFO - [2025-01-31T14:54:11.034+0000] {dag.py:4180} INFO - Setting next_dagrun for example_python_operator to None, run_after=None
[2025-01-31T14:54:11.050+0000] {processor.py:208} INFO - Processing /home/airflow/.local/lib/python3.12/site-packages/airflow/example_dags/example_python_operator.py took 0.067 seconds
[2025-01-31T14:54:44.249+0000] {processor.py:186} INFO - Started process (PID=3541) to work on /home/airflow/.local/lib/python3.12/site-packages/airflow/example_dags/example_python_operator.py
[2025-01-31T14:54:44.250+0000] {processor.py:914} INFO - Processing file /home/airflow/.local/lib/python3.12/site-packages/airflow/example_dags/example_python_operator.py for tasks to queue
[2025-01-31T14:54:44.251+0000] {logging_mixin.py:190} INFO - [2025-01-31T14:54:44.251+0000] {dagbag.py:588} INFO - Filling up the DagBag from /home/airflow/.local/lib/python3.12/site-packages/airflow/example_dags/example_python_operator.py
[2025-01-31T14:54:44.261+0000] {processor.py:925} INFO - DAG(s) 'example_python_operator' retrieved from /home/airflow/.local/lib/python3.12/site-packages/airflow/example_dags/example_python_operator.py
[2025-01-31T14:54:44.277+0000] {logging_mixin.py:190} INFO - [2025-01-31T14:54:44.277+0000] {dag.py:3239} INFO - Sync 1 DAGs
[2025-01-31T14:54:44.288+0000] {logging_mixin.py:190} INFO - [2025-01-31T14:54:44.288+0000] {dag.py:4180} INFO - Setting next_dagrun for example_python_operator to None, run_after=None
[2025-01-31T14:54:44.300+0000] {processor.py:208} INFO - Processing /home/airflow/.local/lib/python3.12/site-packages/airflow/example_dags/example_python_operator.py took 0.056 seconds
[2025-01-31T14:55:14.973+0000] {processor.py:186} INFO - Started process (PID=3607) to work on /home/airflow/.local/lib/python3.12/site-packages/airflow/example_dags/example_python_operator.py
[2025-01-31T14:55:14.974+0000] {processor.py:914} INFO - Processing file /home/airflow/.local/lib/python3.12/site-packages/airflow/example_dags/example_python_operator.py for tasks to queue
[2025-01-31T14:55:14.976+0000] {logging_mixin.py:190} INFO - [2025-01-31T14:55:14.975+0000] {dagbag.py:588} INFO - Filling up the DagBag from /home/airflow/.local/lib/python3.12/site-packages/airflow/example_dags/example_python_operator.py
[2025-01-31T14:55:14.985+0000] {processor.py:925} INFO - DAG(s) 'example_python_operator' retrieved from /home/airflow/.local/lib/python3.12/site-packages/airflow/example_dags/example_python_operator.py
[2025-01-31T14:55:15.004+0000] {logging_mixin.py:190} INFO - [2025-01-31T14:55:15.004+0000] {dag.py:3239} INFO - Sync 1 DAGs
[2025-01-31T14:55:15.017+0000] {logging_mixin.py:190} INFO - [2025-01-31T14:55:15.017+0000] {dag.py:4180} INFO - Setting next_dagrun for example_python_operator to None, run_after=None
[2025-01-31T14:55:15.031+0000] {processor.py:208} INFO - Processing /home/airflow/.local/lib/python3.12/site-packages/airflow/example_dags/example_python_operator.py took 0.062 seconds
[2025-01-31T14:55:45.474+0000] {processor.py:186} INFO - Started process (PID=3673) to work on /home/airflow/.local/lib/python3.12/site-packages/airflow/example_dags/example_python_operator.py
[2025-01-31T14:55:45.475+0000] {processor.py:914} INFO - Processing file /home/airflow/.local/lib/python3.12/site-packages/airflow/example_dags/example_python_operator.py for tasks to queue
[2025-01-31T14:55:45.478+0000] {logging_mixin.py:190} INFO - [2025-01-31T14:55:45.478+0000] {dagbag.py:588} INFO - Filling up the DagBag from /home/airflow/.local/lib/python3.12/site-packages/airflow/example_dags/example_python_operator.py
[2025-01-31T14:55:45.492+0000] {processor.py:925} INFO - DAG(s) 'example_python_operator' retrieved from /home/airflow/.local/lib/python3.12/site-packages/airflow/example_dags/example_python_operator.py
[2025-01-31T14:55:45.512+0000] {logging_mixin.py:190} INFO - [2025-01-31T14:55:45.512+0000] {dag.py:3239} INFO - Sync 1 DAGs
[2025-01-31T14:55:45.526+0000] {logging_mixin.py:190} INFO - [2025-01-31T14:55:45.525+0000] {dag.py:4180} INFO - Setting next_dagrun for example_python_operator to None, run_after=None
[2025-01-31T14:55:45.541+0000] {processor.py:208} INFO - Processing /home/airflow/.local/lib/python3.12/site-packages/airflow/example_dags/example_python_operator.py took 0.076 seconds
[2025-01-31T14:56:16.243+0000] {processor.py:186} INFO - Started process (PID=3740) to work on /home/airflow/.local/lib/python3.12/site-packages/airflow/example_dags/example_python_operator.py
[2025-01-31T14:56:16.244+0000] {processor.py:914} INFO - Processing file /home/airflow/.local/lib/python3.12/site-packages/airflow/example_dags/example_python_operator.py for tasks to queue
[2025-01-31T14:56:16.246+0000] {logging_mixin.py:190} INFO - [2025-01-31T14:56:16.246+0000] {dagbag.py:588} INFO - Filling up the DagBag from /home/airflow/.local/lib/python3.12/site-packages/airflow/example_dags/example_python_operator.py
[2025-01-31T14:56:16.255+0000] {processor.py:925} INFO - DAG(s) 'example_python_operator' retrieved from /home/airflow/.local/lib/python3.12/site-packages/airflow/example_dags/example_python_operator.py
[2025-01-31T14:56:16.276+0000] {logging_mixin.py:190} INFO - [2025-01-31T14:56:16.276+0000] {dag.py:3239} INFO - Sync 1 DAGs
[2025-01-31T14:56:16.289+0000] {logging_mixin.py:190} INFO - [2025-01-31T14:56:16.289+0000] {dag.py:4180} INFO - Setting next_dagrun for example_python_operator to None, run_after=None
[2025-01-31T14:56:16.303+0000] {processor.py:208} INFO - Processing /home/airflow/.local/lib/python3.12/site-packages/airflow/example_dags/example_python_operator.py took 0.065 seconds
[2025-01-31T14:56:46.429+0000] {processor.py:186} INFO - Started process (PID=3806) to work on /home/airflow/.local/lib/python3.12/site-packages/airflow/example_dags/example_python_operator.py
[2025-01-31T14:56:46.430+0000] {processor.py:914} INFO - Processing file /home/airflow/.local/lib/python3.12/site-packages/airflow/example_dags/example_python_operator.py for tasks to queue
[2025-01-31T14:56:46.432+0000] {logging_mixin.py:190} INFO - [2025-01-31T14:56:46.431+0000] {dagbag.py:588} INFO - Filling up the DagBag from /home/airflow/.local/lib/python3.12/site-packages/airflow/example_dags/example_python_operator.py
[2025-01-31T14:56:46.442+0000] {processor.py:925} INFO - DAG(s) 'example_python_operator' retrieved from /home/airflow/.local/lib/python3.12/site-packages/airflow/example_dags/example_python_operator.py
[2025-01-31T14:56:46.462+0000] {logging_mixin.py:190} INFO - [2025-01-31T14:56:46.462+0000] {dag.py:3239} INFO - Sync 1 DAGs
[2025-01-31T14:56:46.473+0000] {logging_mixin.py:190} INFO - [2025-01-31T14:56:46.473+0000] {dag.py:4180} INFO - Setting next_dagrun for example_python_operator to None, run_after=None
[2025-01-31T14:56:46.486+0000] {processor.py:208} INFO - Processing /home/airflow/.local/lib/python3.12/site-packages/airflow/example_dags/example_python_operator.py took 0.063 seconds
[2025-01-31T14:57:17.108+0000] {processor.py:186} INFO - Started process (PID=3876) to work on /home/airflow/.local/lib/python3.12/site-packages/airflow/example_dags/example_python_operator.py
[2025-01-31T14:57:17.109+0000] {processor.py:914} INFO - Processing file /home/airflow/.local/lib/python3.12/site-packages/airflow/example_dags/example_python_operator.py for tasks to queue
[2025-01-31T14:57:17.111+0000] {logging_mixin.py:190} INFO - [2025-01-31T14:57:17.110+0000] {dagbag.py:588} INFO - Filling up the DagBag from /home/airflow/.local/lib/python3.12/site-packages/airflow/example_dags/example_python_operator.py
[2025-01-31T14:57:17.121+0000] {processor.py:925} INFO - DAG(s) 'example_python_operator' retrieved from /home/airflow/.local/lib/python3.12/site-packages/airflow/example_dags/example_python_operator.py
[2025-01-31T14:57:17.139+0000] {logging_mixin.py:190} INFO - [2025-01-31T14:57:17.138+0000] {dag.py:3239} INFO - Sync 1 DAGs
[2025-01-31T14:57:17.150+0000] {logging_mixin.py:190} INFO - [2025-01-31T14:57:17.150+0000] {dag.py:4180} INFO - Setting next_dagrun for example_python_operator to None, run_after=None
[2025-01-31T14:57:17.165+0000] {processor.py:208} INFO - Processing /home/airflow/.local/lib/python3.12/site-packages/airflow/example_dags/example_python_operator.py took 0.062 seconds
[2025-01-31T14:57:47.784+0000] {processor.py:186} INFO - Started process (PID=3942) to work on /home/airflow/.local/lib/python3.12/site-packages/airflow/example_dags/example_python_operator.py
[2025-01-31T14:57:47.785+0000] {processor.py:914} INFO - Processing file /home/airflow/.local/lib/python3.12/site-packages/airflow/example_dags/example_python_operator.py for tasks to queue
[2025-01-31T14:57:47.787+0000] {logging_mixin.py:190} INFO - [2025-01-31T14:57:47.786+0000] {dagbag.py:588} INFO - Filling up the DagBag from /home/airflow/.local/lib/python3.12/site-packages/airflow/example_dags/example_python_operator.py
[2025-01-31T14:57:47.796+0000] {processor.py:925} INFO - DAG(s) 'example_python_operator' retrieved from /home/airflow/.local/lib/python3.12/site-packages/airflow/example_dags/example_python_operator.py
[2025-01-31T14:57:47.813+0000] {logging_mixin.py:190} INFO - [2025-01-31T14:57:47.813+0000] {dag.py:3239} INFO - Sync 1 DAGs
[2025-01-31T14:57:47.824+0000] {logging_mixin.py:190} INFO - [2025-01-31T14:57:47.824+0000] {dag.py:4180} INFO - Setting next_dagrun for example_python_operator to None, run_after=None
[2025-01-31T14:57:47.836+0000] {processor.py:208} INFO - Processing /home/airflow/.local/lib/python3.12/site-packages/airflow/example_dags/example_python_operator.py took 0.056 seconds
[2025-01-31T14:58:18.512+0000] {processor.py:186} INFO - Started process (PID=4008) to work on /home/airflow/.local/lib/python3.12/site-packages/airflow/example_dags/example_python_operator.py
[2025-01-31T14:58:18.512+0000] {processor.py:914} INFO - Processing file /home/airflow/.local/lib/python3.12/site-packages/airflow/example_dags/example_python_operator.py for tasks to queue
[2025-01-31T14:58:18.514+0000] {logging_mixin.py:190} INFO - [2025-01-31T14:58:18.514+0000] {dagbag.py:588} INFO - Filling up the DagBag from /home/airflow/.local/lib/python3.12/site-packages/airflow/example_dags/example_python_operator.py
[2025-01-31T14:58:18.523+0000] {processor.py:925} INFO - DAG(s) 'example_python_operator' retrieved from /home/airflow/.local/lib/python3.12/site-packages/airflow/example_dags/example_python_operator.py
[2025-01-31T14:58:18.540+0000] {logging_mixin.py:190} INFO - [2025-01-31T14:58:18.540+0000] {dag.py:3239} INFO - Sync 1 DAGs
[2025-01-31T14:58:18.553+0000] {logging_mixin.py:190} INFO - [2025-01-31T14:58:18.553+0000] {dag.py:4180} INFO - Setting next_dagrun for example_python_operator to None, run_after=None
[2025-01-31T14:58:18.566+0000] {processor.py:208} INFO - Processing /home/airflow/.local/lib/python3.12/site-packages/airflow/example_dags/example_python_operator.py took 0.059 seconds
[2025-01-31T14:58:49.333+0000] {processor.py:186} INFO - Started process (PID=4074) to work on /home/airflow/.local/lib/python3.12/site-packages/airflow/example_dags/example_python_operator.py
[2025-01-31T14:58:49.334+0000] {processor.py:914} INFO - Processing file /home/airflow/.local/lib/python3.12/site-packages/airflow/example_dags/example_python_operator.py for tasks to queue
[2025-01-31T14:58:49.336+0000] {logging_mixin.py:190} INFO - [2025-01-31T14:58:49.336+0000] {dagbag.py:588} INFO - Filling up the DagBag from /home/airflow/.local/lib/python3.12/site-packages/airflow/example_dags/example_python_operator.py
[2025-01-31T14:58:49.350+0000] {processor.py:925} INFO - DAG(s) 'example_python_operator' retrieved from /home/airflow/.local/lib/python3.12/site-packages/airflow/example_dags/example_python_operator.py
[2025-01-31T14:58:49.375+0000] {logging_mixin.py:190} INFO - [2025-01-31T14:58:49.375+0000] {dag.py:3239} INFO - Sync 1 DAGs
[2025-01-31T14:58:49.391+0000] {logging_mixin.py:190} INFO - [2025-01-31T14:58:49.390+0000] {dag.py:4180} INFO - Setting next_dagrun for example_python_operator to None, run_after=None
[2025-01-31T14:58:49.407+0000] {processor.py:208} INFO - Processing /home/airflow/.local/lib/python3.12/site-packages/airflow/example_dags/example_python_operator.py took 0.081 seconds
[2025-01-31T14:59:20.193+0000] {processor.py:186} INFO - Started process (PID=4140) to work on /home/airflow/.local/lib/python3.12/site-packages/airflow/example_dags/example_python_operator.py
[2025-01-31T14:59:20.194+0000] {processor.py:914} INFO - Processing file /home/airflow/.local/lib/python3.12/site-packages/airflow/example_dags/example_python_operator.py for tasks to queue
[2025-01-31T14:59:20.195+0000] {logging_mixin.py:190} INFO - [2025-01-31T14:59:20.195+0000] {dagbag.py:588} INFO - Filling up the DagBag from /home/airflow/.local/lib/python3.12/site-packages/airflow/example_dags/example_python_operator.py
[2025-01-31T14:59:20.208+0000] {processor.py:925} INFO - DAG(s) 'example_python_operator' retrieved from /home/airflow/.local/lib/python3.12/site-packages/airflow/example_dags/example_python_operator.py
[2025-01-31T14:59:20.229+0000] {logging_mixin.py:190} INFO - [2025-01-31T14:59:20.228+0000] {dag.py:3239} INFO - Sync 1 DAGs
[2025-01-31T14:59:20.243+0000] {logging_mixin.py:190} INFO - [2025-01-31T14:59:20.243+0000] {dag.py:4180} INFO - Setting next_dagrun for example_python_operator to None, run_after=None
[2025-01-31T14:59:20.258+0000] {processor.py:208} INFO - Processing /home/airflow/.local/lib/python3.12/site-packages/airflow/example_dags/example_python_operator.py took 0.070 seconds
[2025-01-31T14:59:50.945+0000] {processor.py:186} INFO - Started process (PID=4206) to work on /home/airflow/.local/lib/python3.12/site-packages/airflow/example_dags/example_python_operator.py
[2025-01-31T14:59:50.945+0000] {processor.py:914} INFO - Processing file /home/airflow/.local/lib/python3.12/site-packages/airflow/example_dags/example_python_operator.py for tasks to queue
[2025-01-31T14:59:50.947+0000] {logging_mixin.py:190} INFO - [2025-01-31T14:59:50.947+0000] {dagbag.py:588} INFO - Filling up the DagBag from /home/airflow/.local/lib/python3.12/site-packages/airflow/example_dags/example_python_operator.py
[2025-01-31T14:59:50.956+0000] {processor.py:925} INFO - DAG(s) 'example_python_operator' retrieved from /home/airflow/.local/lib/python3.12/site-packages/airflow/example_dags/example_python_operator.py
[2025-01-31T14:59:50.973+0000] {logging_mixin.py:190} INFO - [2025-01-31T14:59:50.973+0000] {dag.py:3239} INFO - Sync 1 DAGs
[2025-01-31T14:59:50.983+0000] {logging_mixin.py:190} INFO - [2025-01-31T14:59:50.983+0000] {dag.py:4180} INFO - Setting next_dagrun for example_python_operator to None, run_after=None
[2025-01-31T14:59:50.996+0000] {processor.py:208} INFO - Processing /home/airflow/.local/lib/python3.12/site-packages/airflow/example_dags/example_python_operator.py took 0.056 seconds
[2025-01-31T15:00:22.080+0000] {processor.py:186} INFO - Started process (PID=4271) to work on /home/airflow/.local/lib/python3.12/site-packages/airflow/example_dags/example_python_operator.py
[2025-01-31T15:00:22.081+0000] {processor.py:914} INFO - Processing file /home/airflow/.local/lib/python3.12/site-packages/airflow/example_dags/example_python_operator.py for tasks to queue
[2025-01-31T15:00:22.082+0000] {logging_mixin.py:190} INFO - [2025-01-31T15:00:22.082+0000] {dagbag.py:588} INFO - Filling up the DagBag from /home/airflow/.local/lib/python3.12/site-packages/airflow/example_dags/example_python_operator.py
[2025-01-31T15:00:22.092+0000] {processor.py:925} INFO - DAG(s) 'example_python_operator' retrieved from /home/airflow/.local/lib/python3.12/site-packages/airflow/example_dags/example_python_operator.py
[2025-01-31T15:00:22.109+0000] {logging_mixin.py:190} INFO - [2025-01-31T15:00:22.109+0000] {dag.py:3239} INFO - Sync 1 DAGs
[2025-01-31T15:00:22.120+0000] {logging_mixin.py:190} INFO - [2025-01-31T15:00:22.119+0000] {dag.py:4180} INFO - Setting next_dagrun for example_python_operator to None, run_after=None
[2025-01-31T15:00:22.132+0000] {processor.py:208} INFO - Processing /home/airflow/.local/lib/python3.12/site-packages/airflow/example_dags/example_python_operator.py took 0.057 seconds
[2025-01-31T15:00:53.277+0000] {processor.py:186} INFO - Started process (PID=4338) to work on /home/airflow/.local/lib/python3.12/site-packages/airflow/example_dags/example_python_operator.py
[2025-01-31T15:00:53.278+0000] {processor.py:914} INFO - Processing file /home/airflow/.local/lib/python3.12/site-packages/airflow/example_dags/example_python_operator.py for tasks to queue
[2025-01-31T15:00:53.281+0000] {logging_mixin.py:190} INFO - [2025-01-31T15:00:53.280+0000] {dagbag.py:588} INFO - Filling up the DagBag from /home/airflow/.local/lib/python3.12/site-packages/airflow/example_dags/example_python_operator.py
[2025-01-31T15:00:53.294+0000] {processor.py:925} INFO - DAG(s) 'example_python_operator' retrieved from /home/airflow/.local/lib/python3.12/site-packages/airflow/example_dags/example_python_operator.py
[2025-01-31T15:00:53.317+0000] {logging_mixin.py:190} INFO - [2025-01-31T15:00:53.317+0000] {dag.py:3239} INFO - Sync 1 DAGs
[2025-01-31T15:00:53.330+0000] {logging_mixin.py:190} INFO - [2025-01-31T15:00:53.329+0000] {dag.py:4180} INFO - Setting next_dagrun for example_python_operator to None, run_after=None
[2025-01-31T15:00:53.343+0000] {processor.py:208} INFO - Processing /home/airflow/.local/lib/python3.12/site-packages/airflow/example_dags/example_python_operator.py took 0.071 seconds
[2025-01-31T15:01:24.161+0000] {processor.py:186} INFO - Started process (PID=4404) to work on /home/airflow/.local/lib/python3.12/site-packages/airflow/example_dags/example_python_operator.py
[2025-01-31T15:01:24.162+0000] {processor.py:914} INFO - Processing file /home/airflow/.local/lib/python3.12/site-packages/airflow/example_dags/example_python_operator.py for tasks to queue
[2025-01-31T15:01:24.164+0000] {logging_mixin.py:190} INFO - [2025-01-31T15:01:24.163+0000] {dagbag.py:588} INFO - Filling up the DagBag from /home/airflow/.local/lib/python3.12/site-packages/airflow/example_dags/example_python_operator.py
[2025-01-31T15:01:24.173+0000] {processor.py:925} INFO - DAG(s) 'example_python_operator' retrieved from /home/airflow/.local/lib/python3.12/site-packages/airflow/example_dags/example_python_operator.py
[2025-01-31T15:01:24.194+0000] {logging_mixin.py:190} INFO - [2025-01-31T15:01:24.194+0000] {dag.py:3239} INFO - Sync 1 DAGs
[2025-01-31T15:01:24.209+0000] {logging_mixin.py:190} INFO - [2025-01-31T15:01:24.209+0000] {dag.py:4180} INFO - Setting next_dagrun for example_python_operator to None, run_after=None
[2025-01-31T15:01:24.224+0000] {processor.py:208} INFO - Processing /home/airflow/.local/lib/python3.12/site-packages/airflow/example_dags/example_python_operator.py took 0.067 seconds
