[2025-01-31T14:27:45.596+0000] {processor.py:186} INFO - Started process (PID=88) to work on /home/airflow/.local/lib/python3.12/site-packages/airflow/example_dags/example_branch_operator.py
[2025-01-31T14:27:45.597+0000] {processor.py:914} INFO - Processing file /home/airflow/.local/lib/python3.12/site-packages/airflow/example_dags/example_branch_operator.py for tasks to queue
[2025-01-31T14:27:45.599+0000] {logging_mixin.py:190} INFO - [2025-01-31T14:27:45.599+0000] {dagbag.py:588} INFO - Filling up the DagBag from /home/airflow/.local/lib/python3.12/site-packages/airflow/example_dags/example_branch_operator.py
[2025-01-31T14:27:45.623+0000] {processor.py:925} INFO - DAG(s) 'example_branch_operator' retrieved from /home/airflow/.local/lib/python3.12/site-packages/airflow/example_dags/example_branch_operator.py
[2025-01-31T14:27:45.721+0000] {logging_mixin.py:190} INFO - [2025-01-31T14:27:45.720+0000] {override.py:1911} INFO - Created Permission View: can delete on DAG:example_branch_operator
[2025-01-31T14:27:45.729+0000] {logging_mixin.py:190} INFO - [2025-01-31T14:27:45.728+0000] {override.py:1911} INFO - Created Permission View: can edit on DAG:example_branch_operator
[2025-01-31T14:27:45.734+0000] {logging_mixin.py:190} INFO - [2025-01-31T14:27:45.734+0000] {override.py:1911} INFO - Created Permission View: can read on DAG:example_branch_operator
[2025-01-31T14:27:45.739+0000] {logging_mixin.py:190} INFO - [2025-01-31T14:27:45.739+0000] {override.py:1911} INFO - Created Permission View: menu access on DAG Run:example_branch_operator
[2025-01-31T14:27:45.743+0000] {logging_mixin.py:190} INFO - [2025-01-31T14:27:45.743+0000] {override.py:1911} INFO - Created Permission View: can create on DAG Run:example_branch_operator
[2025-01-31T14:27:45.747+0000] {logging_mixin.py:190} INFO - [2025-01-31T14:27:45.747+0000] {override.py:1911} INFO - Created Permission View: can delete on DAG Run:example_branch_operator
[2025-01-31T14:27:45.751+0000] {logging_mixin.py:190} INFO - [2025-01-31T14:27:45.751+0000] {override.py:1911} INFO - Created Permission View: can read on DAG Run:example_branch_operator
[2025-01-31T14:27:45.751+0000] {logging_mixin.py:190} INFO - [2025-01-31T14:27:45.751+0000] {dag.py:3239} INFO - Sync 1 DAGs
[2025-01-31T14:27:45.760+0000] {logging_mixin.py:190} INFO - [2025-01-31T14:27:45.760+0000] {dag.py:3262} INFO - Creating ORM DAG for example_branch_operator
[2025-01-31T14:27:45.769+0000] {logging_mixin.py:190} INFO - [2025-01-31T14:27:45.768+0000] {dag.py:4180} INFO - Setting next_dagrun for example_branch_operator to 2025-01-30 00:00:00+00:00, run_after=2025-01-31 00:00:00+00:00
[2025-01-31T14:27:45.780+0000] {processor.py:208} INFO - Processing /home/airflow/.local/lib/python3.12/site-packages/airflow/example_dags/example_branch_operator.py took 0.191 seconds
[2025-01-31T14:28:16.631+0000] {processor.py:186} INFO - Started process (PID=153) to work on /home/airflow/.local/lib/python3.12/site-packages/airflow/example_dags/example_branch_operator.py
[2025-01-31T14:28:16.631+0000] {processor.py:914} INFO - Processing file /home/airflow/.local/lib/python3.12/site-packages/airflow/example_dags/example_branch_operator.py for tasks to queue
[2025-01-31T14:28:16.633+0000] {logging_mixin.py:190} INFO - [2025-01-31T14:28:16.632+0000] {dagbag.py:588} INFO - Filling up the DagBag from /home/airflow/.local/lib/python3.12/site-packages/airflow/example_dags/example_branch_operator.py
[2025-01-31T14:28:16.647+0000] {processor.py:925} INFO - DAG(s) 'example_branch_operator' retrieved from /home/airflow/.local/lib/python3.12/site-packages/airflow/example_dags/example_branch_operator.py
[2025-01-31T14:28:16.669+0000] {logging_mixin.py:190} INFO - [2025-01-31T14:28:16.669+0000] {dag.py:3239} INFO - Sync 1 DAGs
[2025-01-31T14:28:16.686+0000] {logging_mixin.py:190} INFO - [2025-01-31T14:28:16.686+0000] {dag.py:4180} INFO - Setting next_dagrun for example_branch_operator to 2025-01-30 00:00:00+00:00, run_after=2025-01-31 00:00:00+00:00
[2025-01-31T14:28:16.700+0000] {processor.py:208} INFO - Processing /home/airflow/.local/lib/python3.12/site-packages/airflow/example_dags/example_branch_operator.py took 0.074 seconds
[2025-01-31T14:28:47.653+0000] {processor.py:186} INFO - Started process (PID=218) to work on /home/airflow/.local/lib/python3.12/site-packages/airflow/example_dags/example_branch_operator.py
[2025-01-31T14:28:47.654+0000] {processor.py:914} INFO - Processing file /home/airflow/.local/lib/python3.12/site-packages/airflow/example_dags/example_branch_operator.py for tasks to queue
[2025-01-31T14:28:47.655+0000] {logging_mixin.py:190} INFO - [2025-01-31T14:28:47.655+0000] {dagbag.py:588} INFO - Filling up the DagBag from /home/airflow/.local/lib/python3.12/site-packages/airflow/example_dags/example_branch_operator.py
[2025-01-31T14:28:47.669+0000] {processor.py:925} INFO - DAG(s) 'example_branch_operator' retrieved from /home/airflow/.local/lib/python3.12/site-packages/airflow/example_dags/example_branch_operator.py
[2025-01-31T14:28:47.690+0000] {logging_mixin.py:190} INFO - [2025-01-31T14:28:47.690+0000] {dag.py:3239} INFO - Sync 1 DAGs
[2025-01-31T14:28:47.711+0000] {logging_mixin.py:190} INFO - [2025-01-31T14:28:47.710+0000] {dag.py:4180} INFO - Setting next_dagrun for example_branch_operator to 2025-01-30 00:00:00+00:00, run_after=2025-01-31 00:00:00+00:00
[2025-01-31T14:28:47.723+0000] {processor.py:208} INFO - Processing /home/airflow/.local/lib/python3.12/site-packages/airflow/example_dags/example_branch_operator.py took 0.074 seconds
[2025-01-31T14:29:18.090+0000] {processor.py:186} INFO - Started process (PID=284) to work on /home/airflow/.local/lib/python3.12/site-packages/airflow/example_dags/example_branch_operator.py
[2025-01-31T14:29:18.091+0000] {processor.py:914} INFO - Processing file /home/airflow/.local/lib/python3.12/site-packages/airflow/example_dags/example_branch_operator.py for tasks to queue
[2025-01-31T14:29:18.093+0000] {logging_mixin.py:190} INFO - [2025-01-31T14:29:18.093+0000] {dagbag.py:588} INFO - Filling up the DagBag from /home/airflow/.local/lib/python3.12/site-packages/airflow/example_dags/example_branch_operator.py
[2025-01-31T14:29:18.112+0000] {processor.py:925} INFO - DAG(s) 'example_branch_operator' retrieved from /home/airflow/.local/lib/python3.12/site-packages/airflow/example_dags/example_branch_operator.py
[2025-01-31T14:29:18.136+0000] {logging_mixin.py:190} INFO - [2025-01-31T14:29:18.136+0000] {dag.py:3239} INFO - Sync 1 DAGs
[2025-01-31T14:29:18.156+0000] {logging_mixin.py:190} INFO - [2025-01-31T14:29:18.156+0000] {dag.py:4180} INFO - Setting next_dagrun for example_branch_operator to 2025-01-30 00:00:00+00:00, run_after=2025-01-31 00:00:00+00:00
[2025-01-31T14:29:18.174+0000] {processor.py:208} INFO - Processing /home/airflow/.local/lib/python3.12/site-packages/airflow/example_dags/example_branch_operator.py took 0.090 seconds
[2025-01-31T14:29:49.471+0000] {processor.py:186} INFO - Started process (PID=349) to work on /home/airflow/.local/lib/python3.12/site-packages/airflow/example_dags/example_branch_operator.py
[2025-01-31T14:29:49.471+0000] {processor.py:914} INFO - Processing file /home/airflow/.local/lib/python3.12/site-packages/airflow/example_dags/example_branch_operator.py for tasks to queue
[2025-01-31T14:29:49.473+0000] {logging_mixin.py:190} INFO - [2025-01-31T14:29:49.473+0000] {dagbag.py:588} INFO - Filling up the DagBag from /home/airflow/.local/lib/python3.12/site-packages/airflow/example_dags/example_branch_operator.py
[2025-01-31T14:29:49.489+0000] {processor.py:925} INFO - DAG(s) 'example_branch_operator' retrieved from /home/airflow/.local/lib/python3.12/site-packages/airflow/example_dags/example_branch_operator.py
[2025-01-31T14:29:49.518+0000] {logging_mixin.py:190} INFO - [2025-01-31T14:29:49.518+0000] {dag.py:3239} INFO - Sync 1 DAGs
[2025-01-31T14:29:49.537+0000] {logging_mixin.py:190} INFO - [2025-01-31T14:29:49.537+0000] {dag.py:4180} INFO - Setting next_dagrun for example_branch_operator to 2025-01-30 00:00:00+00:00, run_after=2025-01-31 00:00:00+00:00
[2025-01-31T14:29:49.550+0000] {processor.py:208} INFO - Processing /home/airflow/.local/lib/python3.12/site-packages/airflow/example_dags/example_branch_operator.py took 0.084 seconds
[2025-01-31T14:30:21.202+0000] {processor.py:186} INFO - Started process (PID=414) to work on /home/airflow/.local/lib/python3.12/site-packages/airflow/example_dags/example_branch_operator.py
[2025-01-31T14:30:21.202+0000] {processor.py:914} INFO - Processing file /home/airflow/.local/lib/python3.12/site-packages/airflow/example_dags/example_branch_operator.py for tasks to queue
[2025-01-31T14:30:21.205+0000] {logging_mixin.py:190} INFO - [2025-01-31T14:30:21.204+0000] {dagbag.py:588} INFO - Filling up the DagBag from /home/airflow/.local/lib/python3.12/site-packages/airflow/example_dags/example_branch_operator.py
[2025-01-31T14:30:21.221+0000] {processor.py:925} INFO - DAG(s) 'example_branch_operator' retrieved from /home/airflow/.local/lib/python3.12/site-packages/airflow/example_dags/example_branch_operator.py
[2025-01-31T14:30:21.244+0000] {logging_mixin.py:190} INFO - [2025-01-31T14:30:21.244+0000] {dag.py:3239} INFO - Sync 1 DAGs
[2025-01-31T14:30:21.266+0000] {logging_mixin.py:190} INFO - [2025-01-31T14:30:21.266+0000] {dag.py:4180} INFO - Setting next_dagrun for example_branch_operator to 2025-01-30 00:00:00+00:00, run_after=2025-01-31 00:00:00+00:00
[2025-01-31T14:30:21.279+0000] {processor.py:208} INFO - Processing /home/airflow/.local/lib/python3.12/site-packages/airflow/example_dags/example_branch_operator.py took 0.083 seconds
[2025-01-31T14:30:52.040+0000] {processor.py:186} INFO - Started process (PID=479) to work on /home/airflow/.local/lib/python3.12/site-packages/airflow/example_dags/example_branch_operator.py
[2025-01-31T14:30:52.040+0000] {processor.py:914} INFO - Processing file /home/airflow/.local/lib/python3.12/site-packages/airflow/example_dags/example_branch_operator.py for tasks to queue
[2025-01-31T14:30:52.042+0000] {logging_mixin.py:190} INFO - [2025-01-31T14:30:52.042+0000] {dagbag.py:588} INFO - Filling up the DagBag from /home/airflow/.local/lib/python3.12/site-packages/airflow/example_dags/example_branch_operator.py
[2025-01-31T14:30:52.056+0000] {processor.py:925} INFO - DAG(s) 'example_branch_operator' retrieved from /home/airflow/.local/lib/python3.12/site-packages/airflow/example_dags/example_branch_operator.py
[2025-01-31T14:30:52.080+0000] {logging_mixin.py:190} INFO - [2025-01-31T14:30:52.080+0000] {dag.py:3239} INFO - Sync 1 DAGs
[2025-01-31T14:30:52.099+0000] {logging_mixin.py:190} INFO - [2025-01-31T14:30:52.098+0000] {dag.py:4180} INFO - Setting next_dagrun for example_branch_operator to 2025-01-30 00:00:00+00:00, run_after=2025-01-31 00:00:00+00:00
[2025-01-31T14:30:52.112+0000] {processor.py:208} INFO - Processing /home/airflow/.local/lib/python3.12/site-packages/airflow/example_dags/example_branch_operator.py took 0.077 seconds
[2025-01-31T14:31:23.819+0000] {processor.py:186} INFO - Started process (PID=544) to work on /home/airflow/.local/lib/python3.12/site-packages/airflow/example_dags/example_branch_operator.py
[2025-01-31T14:31:23.819+0000] {processor.py:914} INFO - Processing file /home/airflow/.local/lib/python3.12/site-packages/airflow/example_dags/example_branch_operator.py for tasks to queue
[2025-01-31T14:31:23.821+0000] {logging_mixin.py:190} INFO - [2025-01-31T14:31:23.821+0000] {dagbag.py:588} INFO - Filling up the DagBag from /home/airflow/.local/lib/python3.12/site-packages/airflow/example_dags/example_branch_operator.py
[2025-01-31T14:31:23.835+0000] {processor.py:925} INFO - DAG(s) 'example_branch_operator' retrieved from /home/airflow/.local/lib/python3.12/site-packages/airflow/example_dags/example_branch_operator.py
[2025-01-31T14:31:23.857+0000] {logging_mixin.py:190} INFO - [2025-01-31T14:31:23.857+0000] {dag.py:3239} INFO - Sync 1 DAGs
[2025-01-31T14:31:23.877+0000] {logging_mixin.py:190} INFO - [2025-01-31T14:31:23.877+0000] {dag.py:4180} INFO - Setting next_dagrun for example_branch_operator to 2025-01-30 00:00:00+00:00, run_after=2025-01-31 00:00:00+00:00
[2025-01-31T14:31:23.890+0000] {processor.py:208} INFO - Processing /home/airflow/.local/lib/python3.12/site-packages/airflow/example_dags/example_branch_operator.py took 0.076 seconds
[2025-01-31T14:31:54.606+0000] {processor.py:186} INFO - Started process (PID=610) to work on /home/airflow/.local/lib/python3.12/site-packages/airflow/example_dags/example_branch_operator.py
[2025-01-31T14:31:54.607+0000] {processor.py:914} INFO - Processing file /home/airflow/.local/lib/python3.12/site-packages/airflow/example_dags/example_branch_operator.py for tasks to queue
[2025-01-31T14:31:54.609+0000] {logging_mixin.py:190} INFO - [2025-01-31T14:31:54.609+0000] {dagbag.py:588} INFO - Filling up the DagBag from /home/airflow/.local/lib/python3.12/site-packages/airflow/example_dags/example_branch_operator.py
[2025-01-31T14:31:54.625+0000] {processor.py:925} INFO - DAG(s) 'example_branch_operator' retrieved from /home/airflow/.local/lib/python3.12/site-packages/airflow/example_dags/example_branch_operator.py
[2025-01-31T14:31:54.650+0000] {logging_mixin.py:190} INFO - [2025-01-31T14:31:54.649+0000] {dag.py:3239} INFO - Sync 1 DAGs
[2025-01-31T14:31:54.669+0000] {logging_mixin.py:190} INFO - [2025-01-31T14:31:54.669+0000] {dag.py:4180} INFO - Setting next_dagrun for example_branch_operator to 2025-01-30 00:00:00+00:00, run_after=2025-01-31 00:00:00+00:00
[2025-01-31T14:31:54.682+0000] {processor.py:208} INFO - Processing /home/airflow/.local/lib/python3.12/site-packages/airflow/example_dags/example_branch_operator.py took 0.082 seconds
[2025-01-31T14:32:25.609+0000] {processor.py:186} INFO - Started process (PID=674) to work on /home/airflow/.local/lib/python3.12/site-packages/airflow/example_dags/example_branch_operator.py
[2025-01-31T14:32:25.609+0000] {processor.py:914} INFO - Processing file /home/airflow/.local/lib/python3.12/site-packages/airflow/example_dags/example_branch_operator.py for tasks to queue
[2025-01-31T14:32:25.612+0000] {logging_mixin.py:190} INFO - [2025-01-31T14:32:25.612+0000] {dagbag.py:588} INFO - Filling up the DagBag from /home/airflow/.local/lib/python3.12/site-packages/airflow/example_dags/example_branch_operator.py
[2025-01-31T14:32:25.634+0000] {processor.py:925} INFO - DAG(s) 'example_branch_operator' retrieved from /home/airflow/.local/lib/python3.12/site-packages/airflow/example_dags/example_branch_operator.py
[2025-01-31T14:32:25.669+0000] {logging_mixin.py:190} INFO - [2025-01-31T14:32:25.668+0000] {dag.py:3239} INFO - Sync 1 DAGs
[2025-01-31T14:32:25.696+0000] {logging_mixin.py:190} INFO - [2025-01-31T14:32:25.695+0000] {dag.py:4180} INFO - Setting next_dagrun for example_branch_operator to 2025-01-30 00:00:00+00:00, run_after=2025-01-31 00:00:00+00:00
[2025-01-31T14:32:25.714+0000] {processor.py:208} INFO - Processing /home/airflow/.local/lib/python3.12/site-packages/airflow/example_dags/example_branch_operator.py took 0.111 seconds
[2025-01-31T14:32:56.503+0000] {processor.py:186} INFO - Started process (PID=740) to work on /home/airflow/.local/lib/python3.12/site-packages/airflow/example_dags/example_branch_operator.py
[2025-01-31T14:32:56.503+0000] {processor.py:914} INFO - Processing file /home/airflow/.local/lib/python3.12/site-packages/airflow/example_dags/example_branch_operator.py for tasks to queue
[2025-01-31T14:32:56.505+0000] {logging_mixin.py:190} INFO - [2025-01-31T14:32:56.505+0000] {dagbag.py:588} INFO - Filling up the DagBag from /home/airflow/.local/lib/python3.12/site-packages/airflow/example_dags/example_branch_operator.py
[2025-01-31T14:32:56.520+0000] {processor.py:925} INFO - DAG(s) 'example_branch_operator' retrieved from /home/airflow/.local/lib/python3.12/site-packages/airflow/example_dags/example_branch_operator.py
[2025-01-31T14:32:56.543+0000] {logging_mixin.py:190} INFO - [2025-01-31T14:32:56.543+0000] {dag.py:3239} INFO - Sync 1 DAGs
[2025-01-31T14:32:56.562+0000] {logging_mixin.py:190} INFO - [2025-01-31T14:32:56.562+0000] {dag.py:4180} INFO - Setting next_dagrun for example_branch_operator to 2025-01-30 00:00:00+00:00, run_after=2025-01-31 00:00:00+00:00
[2025-01-31T14:32:56.577+0000] {processor.py:208} INFO - Processing /home/airflow/.local/lib/python3.12/site-packages/airflow/example_dags/example_branch_operator.py took 0.079 seconds
[2025-01-31T14:33:27.504+0000] {processor.py:186} INFO - Started process (PID=806) to work on /home/airflow/.local/lib/python3.12/site-packages/airflow/example_dags/example_branch_operator.py
[2025-01-31T14:33:27.504+0000] {processor.py:914} INFO - Processing file /home/airflow/.local/lib/python3.12/site-packages/airflow/example_dags/example_branch_operator.py for tasks to queue
[2025-01-31T14:33:27.506+0000] {logging_mixin.py:190} INFO - [2025-01-31T14:33:27.506+0000] {dagbag.py:588} INFO - Filling up the DagBag from /home/airflow/.local/lib/python3.12/site-packages/airflow/example_dags/example_branch_operator.py
[2025-01-31T14:33:27.520+0000] {processor.py:925} INFO - DAG(s) 'example_branch_operator' retrieved from /home/airflow/.local/lib/python3.12/site-packages/airflow/example_dags/example_branch_operator.py
[2025-01-31T14:33:27.541+0000] {logging_mixin.py:190} INFO - [2025-01-31T14:33:27.541+0000] {dag.py:3239} INFO - Sync 1 DAGs
[2025-01-31T14:33:27.559+0000] {logging_mixin.py:190} INFO - [2025-01-31T14:33:27.558+0000] {dag.py:4180} INFO - Setting next_dagrun for example_branch_operator to 2025-01-30 00:00:00+00:00, run_after=2025-01-31 00:00:00+00:00
[2025-01-31T14:33:27.571+0000] {processor.py:208} INFO - Processing /home/airflow/.local/lib/python3.12/site-packages/airflow/example_dags/example_branch_operator.py took 0.071 seconds
[2025-01-31T14:33:59.190+0000] {processor.py:186} INFO - Started process (PID=871) to work on /home/airflow/.local/lib/python3.12/site-packages/airflow/example_dags/example_branch_operator.py
[2025-01-31T14:33:59.190+0000] {processor.py:914} INFO - Processing file /home/airflow/.local/lib/python3.12/site-packages/airflow/example_dags/example_branch_operator.py for tasks to queue
[2025-01-31T14:33:59.191+0000] {logging_mixin.py:190} INFO - [2025-01-31T14:33:59.191+0000] {dagbag.py:588} INFO - Filling up the DagBag from /home/airflow/.local/lib/python3.12/site-packages/airflow/example_dags/example_branch_operator.py
[2025-01-31T14:33:59.205+0000] {processor.py:925} INFO - DAG(s) 'example_branch_operator' retrieved from /home/airflow/.local/lib/python3.12/site-packages/airflow/example_dags/example_branch_operator.py
[2025-01-31T14:33:59.231+0000] {logging_mixin.py:190} INFO - [2025-01-31T14:33:59.231+0000] {dag.py:3239} INFO - Sync 1 DAGs
[2025-01-31T14:33:59.256+0000] {logging_mixin.py:190} INFO - [2025-01-31T14:33:59.256+0000] {dag.py:4180} INFO - Setting next_dagrun for example_branch_operator to 2025-01-30 00:00:00+00:00, run_after=2025-01-31 00:00:00+00:00
[2025-01-31T14:33:59.271+0000] {processor.py:208} INFO - Processing /home/airflow/.local/lib/python3.12/site-packages/airflow/example_dags/example_branch_operator.py took 0.086 seconds
[2025-01-31T14:34:29.914+0000] {processor.py:186} INFO - Started process (PID=936) to work on /home/airflow/.local/lib/python3.12/site-packages/airflow/example_dags/example_branch_operator.py
[2025-01-31T14:34:29.915+0000] {processor.py:914} INFO - Processing file /home/airflow/.local/lib/python3.12/site-packages/airflow/example_dags/example_branch_operator.py for tasks to queue
[2025-01-31T14:34:29.916+0000] {logging_mixin.py:190} INFO - [2025-01-31T14:34:29.916+0000] {dagbag.py:588} INFO - Filling up the DagBag from /home/airflow/.local/lib/python3.12/site-packages/airflow/example_dags/example_branch_operator.py
[2025-01-31T14:34:29.931+0000] {processor.py:925} INFO - DAG(s) 'example_branch_operator' retrieved from /home/airflow/.local/lib/python3.12/site-packages/airflow/example_dags/example_branch_operator.py
[2025-01-31T14:34:29.953+0000] {logging_mixin.py:190} INFO - [2025-01-31T14:34:29.953+0000] {dag.py:3239} INFO - Sync 1 DAGs
[2025-01-31T14:34:29.972+0000] {logging_mixin.py:190} INFO - [2025-01-31T14:34:29.972+0000] {dag.py:4180} INFO - Setting next_dagrun for example_branch_operator to 2025-01-30 00:00:00+00:00, run_after=2025-01-31 00:00:00+00:00
[2025-01-31T14:34:29.988+0000] {processor.py:208} INFO - Processing /home/airflow/.local/lib/python3.12/site-packages/airflow/example_dags/example_branch_operator.py took 0.078 seconds
[2025-01-31T14:35:00.987+0000] {processor.py:186} INFO - Started process (PID=1002) to work on /home/airflow/.local/lib/python3.12/site-packages/airflow/example_dags/example_branch_operator.py
[2025-01-31T14:35:00.987+0000] {processor.py:914} INFO - Processing file /home/airflow/.local/lib/python3.12/site-packages/airflow/example_dags/example_branch_operator.py for tasks to queue
[2025-01-31T14:35:00.989+0000] {logging_mixin.py:190} INFO - [2025-01-31T14:35:00.989+0000] {dagbag.py:588} INFO - Filling up the DagBag from /home/airflow/.local/lib/python3.12/site-packages/airflow/example_dags/example_branch_operator.py
[2025-01-31T14:35:01.003+0000] {processor.py:925} INFO - DAG(s) 'example_branch_operator' retrieved from /home/airflow/.local/lib/python3.12/site-packages/airflow/example_dags/example_branch_operator.py
[2025-01-31T14:35:01.025+0000] {logging_mixin.py:190} INFO - [2025-01-31T14:35:01.024+0000] {dag.py:3239} INFO - Sync 1 DAGs
[2025-01-31T14:35:01.042+0000] {logging_mixin.py:190} INFO - [2025-01-31T14:35:01.042+0000] {dag.py:4180} INFO - Setting next_dagrun for example_branch_operator to 2025-01-30 00:00:00+00:00, run_after=2025-01-31 00:00:00+00:00
[2025-01-31T14:35:01.054+0000] {processor.py:208} INFO - Processing /home/airflow/.local/lib/python3.12/site-packages/airflow/example_dags/example_branch_operator.py took 0.072 seconds
[2025-01-31T14:35:31.500+0000] {processor.py:186} INFO - Started process (PID=1067) to work on /home/airflow/.local/lib/python3.12/site-packages/airflow/example_dags/example_branch_operator.py
[2025-01-31T14:35:31.500+0000] {processor.py:914} INFO - Processing file /home/airflow/.local/lib/python3.12/site-packages/airflow/example_dags/example_branch_operator.py for tasks to queue
[2025-01-31T14:35:31.502+0000] {logging_mixin.py:190} INFO - [2025-01-31T14:35:31.502+0000] {dagbag.py:588} INFO - Filling up the DagBag from /home/airflow/.local/lib/python3.12/site-packages/airflow/example_dags/example_branch_operator.py
[2025-01-31T14:35:31.522+0000] {processor.py:925} INFO - DAG(s) 'example_branch_operator' retrieved from /home/airflow/.local/lib/python3.12/site-packages/airflow/example_dags/example_branch_operator.py
[2025-01-31T14:35:31.551+0000] {logging_mixin.py:190} INFO - [2025-01-31T14:35:31.551+0000] {dag.py:3239} INFO - Sync 1 DAGs
[2025-01-31T14:35:31.571+0000] {logging_mixin.py:190} INFO - [2025-01-31T14:35:31.571+0000] {dag.py:4180} INFO - Setting next_dagrun for example_branch_operator to 2025-01-30 00:00:00+00:00, run_after=2025-01-31 00:00:00+00:00
[2025-01-31T14:35:31.585+0000] {processor.py:208} INFO - Processing /home/airflow/.local/lib/python3.12/site-packages/airflow/example_dags/example_branch_operator.py took 0.090 seconds
[2025-01-31T14:36:02.543+0000] {processor.py:186} INFO - Started process (PID=1132) to work on /home/airflow/.local/lib/python3.12/site-packages/airflow/example_dags/example_branch_operator.py
[2025-01-31T14:36:02.544+0000] {processor.py:914} INFO - Processing file /home/airflow/.local/lib/python3.12/site-packages/airflow/example_dags/example_branch_operator.py for tasks to queue
[2025-01-31T14:36:02.545+0000] {logging_mixin.py:190} INFO - [2025-01-31T14:36:02.545+0000] {dagbag.py:588} INFO - Filling up the DagBag from /home/airflow/.local/lib/python3.12/site-packages/airflow/example_dags/example_branch_operator.py
[2025-01-31T14:36:02.559+0000] {processor.py:925} INFO - DAG(s) 'example_branch_operator' retrieved from /home/airflow/.local/lib/python3.12/site-packages/airflow/example_dags/example_branch_operator.py
[2025-01-31T14:36:02.581+0000] {logging_mixin.py:190} INFO - [2025-01-31T14:36:02.581+0000] {dag.py:3239} INFO - Sync 1 DAGs
[2025-01-31T14:36:02.600+0000] {logging_mixin.py:190} INFO - [2025-01-31T14:36:02.600+0000] {dag.py:4180} INFO - Setting next_dagrun for example_branch_operator to 2025-01-30 00:00:00+00:00, run_after=2025-01-31 00:00:00+00:00
[2025-01-31T14:36:02.613+0000] {processor.py:208} INFO - Processing /home/airflow/.local/lib/python3.12/site-packages/airflow/example_dags/example_branch_operator.py took 0.075 seconds
[2025-01-31T14:36:33.752+0000] {processor.py:186} INFO - Started process (PID=1197) to work on /home/airflow/.local/lib/python3.12/site-packages/airflow/example_dags/example_branch_operator.py
[2025-01-31T14:36:33.753+0000] {processor.py:914} INFO - Processing file /home/airflow/.local/lib/python3.12/site-packages/airflow/example_dags/example_branch_operator.py for tasks to queue
[2025-01-31T14:36:33.754+0000] {logging_mixin.py:190} INFO - [2025-01-31T14:36:33.754+0000] {dagbag.py:588} INFO - Filling up the DagBag from /home/airflow/.local/lib/python3.12/site-packages/airflow/example_dags/example_branch_operator.py
[2025-01-31T14:36:33.768+0000] {processor.py:925} INFO - DAG(s) 'example_branch_operator' retrieved from /home/airflow/.local/lib/python3.12/site-packages/airflow/example_dags/example_branch_operator.py
[2025-01-31T14:36:33.790+0000] {logging_mixin.py:190} INFO - [2025-01-31T14:36:33.790+0000] {dag.py:3239} INFO - Sync 1 DAGs
[2025-01-31T14:36:33.808+0000] {logging_mixin.py:190} INFO - [2025-01-31T14:36:33.808+0000] {dag.py:4180} INFO - Setting next_dagrun for example_branch_operator to 2025-01-30 00:00:00+00:00, run_after=2025-01-31 00:00:00+00:00
[2025-01-31T14:36:33.822+0000] {processor.py:208} INFO - Processing /home/airflow/.local/lib/python3.12/site-packages/airflow/example_dags/example_branch_operator.py took 0.075 seconds
[2025-01-31T14:37:05.120+0000] {processor.py:186} INFO - Started process (PID=1262) to work on /home/airflow/.local/lib/python3.12/site-packages/airflow/example_dags/example_branch_operator.py
[2025-01-31T14:37:05.121+0000] {processor.py:914} INFO - Processing file /home/airflow/.local/lib/python3.12/site-packages/airflow/example_dags/example_branch_operator.py for tasks to queue
[2025-01-31T14:37:05.123+0000] {logging_mixin.py:190} INFO - [2025-01-31T14:37:05.122+0000] {dagbag.py:588} INFO - Filling up the DagBag from /home/airflow/.local/lib/python3.12/site-packages/airflow/example_dags/example_branch_operator.py
[2025-01-31T14:37:05.136+0000] {processor.py:925} INFO - DAG(s) 'example_branch_operator' retrieved from /home/airflow/.local/lib/python3.12/site-packages/airflow/example_dags/example_branch_operator.py
[2025-01-31T14:37:05.167+0000] {logging_mixin.py:190} INFO - [2025-01-31T14:37:05.166+0000] {dag.py:3239} INFO - Sync 1 DAGs
[2025-01-31T14:37:05.191+0000] {logging_mixin.py:190} INFO - [2025-01-31T14:37:05.191+0000] {dag.py:4180} INFO - Setting next_dagrun for example_branch_operator to 2025-01-30 00:00:00+00:00, run_after=2025-01-31 00:00:00+00:00
[2025-01-31T14:37:05.204+0000] {processor.py:208} INFO - Processing /home/airflow/.local/lib/python3.12/site-packages/airflow/example_dags/example_branch_operator.py took 0.088 seconds
[2025-01-31T14:37:36.378+0000] {processor.py:186} INFO - Started process (PID=1327) to work on /home/airflow/.local/lib/python3.12/site-packages/airflow/example_dags/example_branch_operator.py
[2025-01-31T14:37:36.379+0000] {processor.py:914} INFO - Processing file /home/airflow/.local/lib/python3.12/site-packages/airflow/example_dags/example_branch_operator.py for tasks to queue
[2025-01-31T14:37:36.380+0000] {logging_mixin.py:190} INFO - [2025-01-31T14:37:36.380+0000] {dagbag.py:588} INFO - Filling up the DagBag from /home/airflow/.local/lib/python3.12/site-packages/airflow/example_dags/example_branch_operator.py
[2025-01-31T14:37:36.394+0000] {processor.py:925} INFO - DAG(s) 'example_branch_operator' retrieved from /home/airflow/.local/lib/python3.12/site-packages/airflow/example_dags/example_branch_operator.py
[2025-01-31T14:37:36.421+0000] {logging_mixin.py:190} INFO - [2025-01-31T14:37:36.420+0000] {dag.py:3239} INFO - Sync 1 DAGs
[2025-01-31T14:37:36.444+0000] {logging_mixin.py:190} INFO - [2025-01-31T14:37:36.444+0000] {dag.py:4180} INFO - Setting next_dagrun for example_branch_operator to 2025-01-30 00:00:00+00:00, run_after=2025-01-31 00:00:00+00:00
[2025-01-31T14:37:36.458+0000] {processor.py:208} INFO - Processing /home/airflow/.local/lib/python3.12/site-packages/airflow/example_dags/example_branch_operator.py took 0.085 seconds
[2025-01-31T14:38:07.819+0000] {processor.py:186} INFO - Started process (PID=1392) to work on /home/airflow/.local/lib/python3.12/site-packages/airflow/example_dags/example_branch_operator.py
[2025-01-31T14:38:07.819+0000] {processor.py:914} INFO - Processing file /home/airflow/.local/lib/python3.12/site-packages/airflow/example_dags/example_branch_operator.py for tasks to queue
[2025-01-31T14:38:07.822+0000] {logging_mixin.py:190} INFO - [2025-01-31T14:38:07.821+0000] {dagbag.py:588} INFO - Filling up the DagBag from /home/airflow/.local/lib/python3.12/site-packages/airflow/example_dags/example_branch_operator.py
[2025-01-31T14:38:07.840+0000] {processor.py:925} INFO - DAG(s) 'example_branch_operator' retrieved from /home/airflow/.local/lib/python3.12/site-packages/airflow/example_dags/example_branch_operator.py
[2025-01-31T14:38:07.867+0000] {logging_mixin.py:190} INFO - [2025-01-31T14:38:07.867+0000] {dag.py:3239} INFO - Sync 1 DAGs
[2025-01-31T14:38:07.888+0000] {logging_mixin.py:190} INFO - [2025-01-31T14:38:07.887+0000] {dag.py:4180} INFO - Setting next_dagrun for example_branch_operator to 2025-01-30 00:00:00+00:00, run_after=2025-01-31 00:00:00+00:00
[2025-01-31T14:38:07.901+0000] {processor.py:208} INFO - Processing /home/airflow/.local/lib/python3.12/site-packages/airflow/example_dags/example_branch_operator.py took 0.087 seconds
[2025-01-31T14:38:38.963+0000] {processor.py:186} INFO - Started process (PID=1458) to work on /home/airflow/.local/lib/python3.12/site-packages/airflow/example_dags/example_branch_operator.py
[2025-01-31T14:38:38.963+0000] {processor.py:914} INFO - Processing file /home/airflow/.local/lib/python3.12/site-packages/airflow/example_dags/example_branch_operator.py for tasks to queue
[2025-01-31T14:38:38.965+0000] {logging_mixin.py:190} INFO - [2025-01-31T14:38:38.965+0000] {dagbag.py:588} INFO - Filling up the DagBag from /home/airflow/.local/lib/python3.12/site-packages/airflow/example_dags/example_branch_operator.py
[2025-01-31T14:38:38.979+0000] {processor.py:925} INFO - DAG(s) 'example_branch_operator' retrieved from /home/airflow/.local/lib/python3.12/site-packages/airflow/example_dags/example_branch_operator.py
[2025-01-31T14:38:39.001+0000] {logging_mixin.py:190} INFO - [2025-01-31T14:38:39.001+0000] {dag.py:3239} INFO - Sync 1 DAGs
[2025-01-31T14:38:39.020+0000] {logging_mixin.py:190} INFO - [2025-01-31T14:38:39.019+0000] {dag.py:4180} INFO - Setting next_dagrun for example_branch_operator to 2025-01-30 00:00:00+00:00, run_after=2025-01-31 00:00:00+00:00
[2025-01-31T14:38:39.032+0000] {processor.py:208} INFO - Processing /home/airflow/.local/lib/python3.12/site-packages/airflow/example_dags/example_branch_operator.py took 0.076 seconds
[2025-01-31T14:39:10.119+0000] {processor.py:186} INFO - Started process (PID=1522) to work on /home/airflow/.local/lib/python3.12/site-packages/airflow/example_dags/example_branch_operator.py
[2025-01-31T14:39:10.119+0000] {processor.py:914} INFO - Processing file /home/airflow/.local/lib/python3.12/site-packages/airflow/example_dags/example_branch_operator.py for tasks to queue
[2025-01-31T14:39:10.121+0000] {logging_mixin.py:190} INFO - [2025-01-31T14:39:10.121+0000] {dagbag.py:588} INFO - Filling up the DagBag from /home/airflow/.local/lib/python3.12/site-packages/airflow/example_dags/example_branch_operator.py
[2025-01-31T14:39:10.138+0000] {processor.py:925} INFO - DAG(s) 'example_branch_operator' retrieved from /home/airflow/.local/lib/python3.12/site-packages/airflow/example_dags/example_branch_operator.py
[2025-01-31T14:39:10.162+0000] {logging_mixin.py:190} INFO - [2025-01-31T14:39:10.162+0000] {dag.py:3239} INFO - Sync 1 DAGs
[2025-01-31T14:39:10.185+0000] {logging_mixin.py:190} INFO - [2025-01-31T14:39:10.185+0000] {dag.py:4180} INFO - Setting next_dagrun for example_branch_operator to 2025-01-30 00:00:00+00:00, run_after=2025-01-31 00:00:00+00:00
[2025-01-31T14:39:10.198+0000] {processor.py:208} INFO - Processing /home/airflow/.local/lib/python3.12/site-packages/airflow/example_dags/example_branch_operator.py took 0.084 seconds
[2025-01-31T14:39:41.514+0000] {processor.py:186} INFO - Started process (PID=1593) to work on /home/airflow/.local/lib/python3.12/site-packages/airflow/example_dags/example_branch_operator.py
[2025-01-31T14:39:41.515+0000] {processor.py:914} INFO - Processing file /home/airflow/.local/lib/python3.12/site-packages/airflow/example_dags/example_branch_operator.py for tasks to queue
[2025-01-31T14:39:41.517+0000] {logging_mixin.py:190} INFO - [2025-01-31T14:39:41.516+0000] {dagbag.py:588} INFO - Filling up the DagBag from /home/airflow/.local/lib/python3.12/site-packages/airflow/example_dags/example_branch_operator.py
[2025-01-31T14:39:41.531+0000] {processor.py:925} INFO - DAG(s) 'example_branch_operator' retrieved from /home/airflow/.local/lib/python3.12/site-packages/airflow/example_dags/example_branch_operator.py
[2025-01-31T14:39:41.553+0000] {logging_mixin.py:190} INFO - [2025-01-31T14:39:41.553+0000] {dag.py:3239} INFO - Sync 1 DAGs
[2025-01-31T14:39:41.571+0000] {logging_mixin.py:190} INFO - [2025-01-31T14:39:41.571+0000] {dag.py:4180} INFO - Setting next_dagrun for example_branch_operator to 2025-01-30 00:00:00+00:00, run_after=2025-01-31 00:00:00+00:00
[2025-01-31T14:39:41.583+0000] {processor.py:208} INFO - Processing /home/airflow/.local/lib/python3.12/site-packages/airflow/example_dags/example_branch_operator.py took 0.074 seconds
[2025-01-31T14:40:12.596+0000] {processor.py:186} INFO - Started process (PID=1658) to work on /home/airflow/.local/lib/python3.12/site-packages/airflow/example_dags/example_branch_operator.py
[2025-01-31T14:40:12.597+0000] {processor.py:914} INFO - Processing file /home/airflow/.local/lib/python3.12/site-packages/airflow/example_dags/example_branch_operator.py for tasks to queue
[2025-01-31T14:40:12.598+0000] {logging_mixin.py:190} INFO - [2025-01-31T14:40:12.598+0000] {dagbag.py:588} INFO - Filling up the DagBag from /home/airflow/.local/lib/python3.12/site-packages/airflow/example_dags/example_branch_operator.py
[2025-01-31T14:40:12.612+0000] {processor.py:925} INFO - DAG(s) 'example_branch_operator' retrieved from /home/airflow/.local/lib/python3.12/site-packages/airflow/example_dags/example_branch_operator.py
[2025-01-31T14:40:12.643+0000] {logging_mixin.py:190} INFO - [2025-01-31T14:40:12.643+0000] {dag.py:3239} INFO - Sync 1 DAGs
[2025-01-31T14:40:12.668+0000] {logging_mixin.py:190} INFO - [2025-01-31T14:40:12.668+0000] {dag.py:4180} INFO - Setting next_dagrun for example_branch_operator to 2025-01-30 00:00:00+00:00, run_after=2025-01-31 00:00:00+00:00
[2025-01-31T14:40:12.684+0000] {processor.py:208} INFO - Processing /home/airflow/.local/lib/python3.12/site-packages/airflow/example_dags/example_branch_operator.py took 0.094 seconds
[2025-01-31T14:40:43.708+0000] {processor.py:186} INFO - Started process (PID=1724) to work on /home/airflow/.local/lib/python3.12/site-packages/airflow/example_dags/example_branch_operator.py
[2025-01-31T14:40:43.708+0000] {processor.py:914} INFO - Processing file /home/airflow/.local/lib/python3.12/site-packages/airflow/example_dags/example_branch_operator.py for tasks to queue
[2025-01-31T14:40:43.710+0000] {logging_mixin.py:190} INFO - [2025-01-31T14:40:43.710+0000] {dagbag.py:588} INFO - Filling up the DagBag from /home/airflow/.local/lib/python3.12/site-packages/airflow/example_dags/example_branch_operator.py
[2025-01-31T14:40:43.729+0000] {processor.py:925} INFO - DAG(s) 'example_branch_operator' retrieved from /home/airflow/.local/lib/python3.12/site-packages/airflow/example_dags/example_branch_operator.py
[2025-01-31T14:40:43.760+0000] {logging_mixin.py:190} INFO - [2025-01-31T14:40:43.760+0000] {dag.py:3239} INFO - Sync 1 DAGs
[2025-01-31T14:40:43.785+0000] {logging_mixin.py:190} INFO - [2025-01-31T14:40:43.784+0000] {dag.py:4180} INFO - Setting next_dagrun for example_branch_operator to 2025-01-30 00:00:00+00:00, run_after=2025-01-31 00:00:00+00:00
[2025-01-31T14:40:43.800+0000] {processor.py:208} INFO - Processing /home/airflow/.local/lib/python3.12/site-packages/airflow/example_dags/example_branch_operator.py took 0.097 seconds
[2025-01-31T14:41:14.707+0000] {processor.py:186} INFO - Started process (PID=1789) to work on /home/airflow/.local/lib/python3.12/site-packages/airflow/example_dags/example_branch_operator.py
[2025-01-31T14:41:14.707+0000] {processor.py:914} INFO - Processing file /home/airflow/.local/lib/python3.12/site-packages/airflow/example_dags/example_branch_operator.py for tasks to queue
[2025-01-31T14:41:14.709+0000] {logging_mixin.py:190} INFO - [2025-01-31T14:41:14.709+0000] {dagbag.py:588} INFO - Filling up the DagBag from /home/airflow/.local/lib/python3.12/site-packages/airflow/example_dags/example_branch_operator.py
[2025-01-31T14:41:14.723+0000] {processor.py:925} INFO - DAG(s) 'example_branch_operator' retrieved from /home/airflow/.local/lib/python3.12/site-packages/airflow/example_dags/example_branch_operator.py
[2025-01-31T14:41:14.758+0000] {logging_mixin.py:190} INFO - [2025-01-31T14:41:14.758+0000] {dag.py:3239} INFO - Sync 1 DAGs
[2025-01-31T14:41:14.789+0000] {logging_mixin.py:190} INFO - [2025-01-31T14:41:14.789+0000] {dag.py:4180} INFO - Setting next_dagrun for example_branch_operator to 2025-01-30 00:00:00+00:00, run_after=2025-01-31 00:00:00+00:00
[2025-01-31T14:41:14.812+0000] {processor.py:208} INFO - Processing /home/airflow/.local/lib/python3.12/site-packages/airflow/example_dags/example_branch_operator.py took 0.109 seconds
[2025-01-31T14:41:46.107+0000] {processor.py:186} INFO - Started process (PID=1854) to work on /home/airflow/.local/lib/python3.12/site-packages/airflow/example_dags/example_branch_operator.py
[2025-01-31T14:41:46.107+0000] {processor.py:914} INFO - Processing file /home/airflow/.local/lib/python3.12/site-packages/airflow/example_dags/example_branch_operator.py for tasks to queue
[2025-01-31T14:41:46.109+0000] {logging_mixin.py:190} INFO - [2025-01-31T14:41:46.109+0000] {dagbag.py:588} INFO - Filling up the DagBag from /home/airflow/.local/lib/python3.12/site-packages/airflow/example_dags/example_branch_operator.py
[2025-01-31T14:41:46.127+0000] {processor.py:925} INFO - DAG(s) 'example_branch_operator' retrieved from /home/airflow/.local/lib/python3.12/site-packages/airflow/example_dags/example_branch_operator.py
[2025-01-31T14:41:46.156+0000] {logging_mixin.py:190} INFO - [2025-01-31T14:41:46.156+0000] {dag.py:3239} INFO - Sync 1 DAGs
[2025-01-31T14:41:46.178+0000] {logging_mixin.py:190} INFO - [2025-01-31T14:41:46.178+0000] {dag.py:4180} INFO - Setting next_dagrun for example_branch_operator to 2025-01-30 00:00:00+00:00, run_after=2025-01-31 00:00:00+00:00
[2025-01-31T14:41:46.190+0000] {processor.py:208} INFO - Processing /home/airflow/.local/lib/python3.12/site-packages/airflow/example_dags/example_branch_operator.py took 0.088 seconds
[2025-01-31T14:42:17.643+0000] {processor.py:186} INFO - Started process (PID=1919) to work on /home/airflow/.local/lib/python3.12/site-packages/airflow/example_dags/example_branch_operator.py
[2025-01-31T14:42:17.644+0000] {processor.py:914} INFO - Processing file /home/airflow/.local/lib/python3.12/site-packages/airflow/example_dags/example_branch_operator.py for tasks to queue
[2025-01-31T14:42:17.646+0000] {logging_mixin.py:190} INFO - [2025-01-31T14:42:17.646+0000] {dagbag.py:588} INFO - Filling up the DagBag from /home/airflow/.local/lib/python3.12/site-packages/airflow/example_dags/example_branch_operator.py
[2025-01-31T14:42:17.666+0000] {processor.py:925} INFO - DAG(s) 'example_branch_operator' retrieved from /home/airflow/.local/lib/python3.12/site-packages/airflow/example_dags/example_branch_operator.py
[2025-01-31T14:42:17.698+0000] {logging_mixin.py:190} INFO - [2025-01-31T14:42:17.698+0000] {dag.py:3239} INFO - Sync 1 DAGs
[2025-01-31T14:42:17.726+0000] {logging_mixin.py:190} INFO - [2025-01-31T14:42:17.725+0000] {dag.py:4180} INFO - Setting next_dagrun for example_branch_operator to 2025-01-30 00:00:00+00:00, run_after=2025-01-31 00:00:00+00:00
[2025-01-31T14:42:17.742+0000] {processor.py:208} INFO - Processing /home/airflow/.local/lib/python3.12/site-packages/airflow/example_dags/example_branch_operator.py took 0.119 seconds
[2025-01-31T14:42:48.943+0000] {processor.py:186} INFO - Started process (PID=1985) to work on /home/airflow/.local/lib/python3.12/site-packages/airflow/example_dags/example_branch_operator.py
[2025-01-31T14:42:48.944+0000] {processor.py:914} INFO - Processing file /home/airflow/.local/lib/python3.12/site-packages/airflow/example_dags/example_branch_operator.py for tasks to queue
[2025-01-31T14:42:48.946+0000] {logging_mixin.py:190} INFO - [2025-01-31T14:42:48.946+0000] {dagbag.py:588} INFO - Filling up the DagBag from /home/airflow/.local/lib/python3.12/site-packages/airflow/example_dags/example_branch_operator.py
[2025-01-31T14:42:48.967+0000] {processor.py:925} INFO - DAG(s) 'example_branch_operator' retrieved from /home/airflow/.local/lib/python3.12/site-packages/airflow/example_dags/example_branch_operator.py
[2025-01-31T14:42:49.000+0000] {logging_mixin.py:190} INFO - [2025-01-31T14:42:48.999+0000] {dag.py:3239} INFO - Sync 1 DAGs
[2025-01-31T14:42:49.028+0000] {logging_mixin.py:190} INFO - [2025-01-31T14:42:49.028+0000] {dag.py:4180} INFO - Setting next_dagrun for example_branch_operator to 2025-01-30 00:00:00+00:00, run_after=2025-01-31 00:00:00+00:00
[2025-01-31T14:42:49.045+0000] {processor.py:208} INFO - Processing /home/airflow/.local/lib/python3.12/site-packages/airflow/example_dags/example_branch_operator.py took 0.109 seconds
[2025-01-31T14:43:20.007+0000] {processor.py:186} INFO - Started process (PID=2050) to work on /home/airflow/.local/lib/python3.12/site-packages/airflow/example_dags/example_branch_operator.py
[2025-01-31T14:43:20.008+0000] {processor.py:914} INFO - Processing file /home/airflow/.local/lib/python3.12/site-packages/airflow/example_dags/example_branch_operator.py for tasks to queue
[2025-01-31T14:43:20.009+0000] {logging_mixin.py:190} INFO - [2025-01-31T14:43:20.009+0000] {dagbag.py:588} INFO - Filling up the DagBag from /home/airflow/.local/lib/python3.12/site-packages/airflow/example_dags/example_branch_operator.py
[2025-01-31T14:43:20.024+0000] {processor.py:925} INFO - DAG(s) 'example_branch_operator' retrieved from /home/airflow/.local/lib/python3.12/site-packages/airflow/example_dags/example_branch_operator.py
[2025-01-31T14:43:20.056+0000] {logging_mixin.py:190} INFO - [2025-01-31T14:43:20.056+0000] {dag.py:3239} INFO - Sync 1 DAGs
[2025-01-31T14:43:20.094+0000] {logging_mixin.py:190} INFO - [2025-01-31T14:43:20.094+0000] {dag.py:4180} INFO - Setting next_dagrun for example_branch_operator to 2025-01-30 00:00:00+00:00, run_after=2025-01-31 00:00:00+00:00
[2025-01-31T14:43:20.111+0000] {processor.py:208} INFO - Processing /home/airflow/.local/lib/python3.12/site-packages/airflow/example_dags/example_branch_operator.py took 0.109 seconds
[2025-01-31T14:43:50.670+0000] {processor.py:186} INFO - Started process (PID=2115) to work on /home/airflow/.local/lib/python3.12/site-packages/airflow/example_dags/example_branch_operator.py
[2025-01-31T14:43:50.671+0000] {processor.py:914} INFO - Processing file /home/airflow/.local/lib/python3.12/site-packages/airflow/example_dags/example_branch_operator.py for tasks to queue
[2025-01-31T14:43:50.672+0000] {logging_mixin.py:190} INFO - [2025-01-31T14:43:50.672+0000] {dagbag.py:588} INFO - Filling up the DagBag from /home/airflow/.local/lib/python3.12/site-packages/airflow/example_dags/example_branch_operator.py
[2025-01-31T14:43:50.686+0000] {processor.py:925} INFO - DAG(s) 'example_branch_operator' retrieved from /home/airflow/.local/lib/python3.12/site-packages/airflow/example_dags/example_branch_operator.py
[2025-01-31T14:43:50.708+0000] {logging_mixin.py:190} INFO - [2025-01-31T14:43:50.707+0000] {dag.py:3239} INFO - Sync 1 DAGs
[2025-01-31T14:43:50.726+0000] {logging_mixin.py:190} INFO - [2025-01-31T14:43:50.726+0000] {dag.py:4180} INFO - Setting next_dagrun for example_branch_operator to 2025-01-30 00:00:00+00:00, run_after=2025-01-31 00:00:00+00:00
[2025-01-31T14:43:50.738+0000] {processor.py:208} INFO - Processing /home/airflow/.local/lib/python3.12/site-packages/airflow/example_dags/example_branch_operator.py took 0.073 seconds
[2025-01-31T14:44:21.865+0000] {processor.py:186} INFO - Started process (PID=2180) to work on /home/airflow/.local/lib/python3.12/site-packages/airflow/example_dags/example_branch_operator.py
[2025-01-31T14:44:21.865+0000] {processor.py:914} INFO - Processing file /home/airflow/.local/lib/python3.12/site-packages/airflow/example_dags/example_branch_operator.py for tasks to queue
[2025-01-31T14:44:21.867+0000] {logging_mixin.py:190} INFO - [2025-01-31T14:44:21.867+0000] {dagbag.py:588} INFO - Filling up the DagBag from /home/airflow/.local/lib/python3.12/site-packages/airflow/example_dags/example_branch_operator.py
[2025-01-31T14:44:21.881+0000] {processor.py:925} INFO - DAG(s) 'example_branch_operator' retrieved from /home/airflow/.local/lib/python3.12/site-packages/airflow/example_dags/example_branch_operator.py
[2025-01-31T14:44:21.902+0000] {logging_mixin.py:190} INFO - [2025-01-31T14:44:21.902+0000] {dag.py:3239} INFO - Sync 1 DAGs
[2025-01-31T14:44:21.920+0000] {logging_mixin.py:190} INFO - [2025-01-31T14:44:21.920+0000] {dag.py:4180} INFO - Setting next_dagrun for example_branch_operator to 2025-01-30 00:00:00+00:00, run_after=2025-01-31 00:00:00+00:00
[2025-01-31T14:44:21.933+0000] {processor.py:208} INFO - Processing /home/airflow/.local/lib/python3.12/site-packages/airflow/example_dags/example_branch_operator.py took 0.073 seconds
[2025-01-31T14:44:53.033+0000] {processor.py:186} INFO - Started process (PID=2245) to work on /home/airflow/.local/lib/python3.12/site-packages/airflow/example_dags/example_branch_operator.py
[2025-01-31T14:44:53.033+0000] {processor.py:914} INFO - Processing file /home/airflow/.local/lib/python3.12/site-packages/airflow/example_dags/example_branch_operator.py for tasks to queue
[2025-01-31T14:44:53.035+0000] {logging_mixin.py:190} INFO - [2025-01-31T14:44:53.035+0000] {dagbag.py:588} INFO - Filling up the DagBag from /home/airflow/.local/lib/python3.12/site-packages/airflow/example_dags/example_branch_operator.py
[2025-01-31T14:44:53.049+0000] {processor.py:925} INFO - DAG(s) 'example_branch_operator' retrieved from /home/airflow/.local/lib/python3.12/site-packages/airflow/example_dags/example_branch_operator.py
[2025-01-31T14:44:53.071+0000] {logging_mixin.py:190} INFO - [2025-01-31T14:44:53.071+0000] {dag.py:3239} INFO - Sync 1 DAGs
[2025-01-31T14:44:53.089+0000] {logging_mixin.py:190} INFO - [2025-01-31T14:44:53.089+0000] {dag.py:4180} INFO - Setting next_dagrun for example_branch_operator to 2025-01-30 00:00:00+00:00, run_after=2025-01-31 00:00:00+00:00
[2025-01-31T14:44:53.103+0000] {processor.py:208} INFO - Processing /home/airflow/.local/lib/python3.12/site-packages/airflow/example_dags/example_branch_operator.py took 0.075 seconds
[2025-01-31T14:45:23.614+0000] {processor.py:186} INFO - Started process (PID=2310) to work on /home/airflow/.local/lib/python3.12/site-packages/airflow/example_dags/example_branch_operator.py
[2025-01-31T14:45:23.614+0000] {processor.py:914} INFO - Processing file /home/airflow/.local/lib/python3.12/site-packages/airflow/example_dags/example_branch_operator.py for tasks to queue
[2025-01-31T14:45:23.616+0000] {logging_mixin.py:190} INFO - [2025-01-31T14:45:23.616+0000] {dagbag.py:588} INFO - Filling up the DagBag from /home/airflow/.local/lib/python3.12/site-packages/airflow/example_dags/example_branch_operator.py
[2025-01-31T14:45:23.629+0000] {processor.py:925} INFO - DAG(s) 'example_branch_operator' retrieved from /home/airflow/.local/lib/python3.12/site-packages/airflow/example_dags/example_branch_operator.py
[2025-01-31T14:45:23.651+0000] {logging_mixin.py:190} INFO - [2025-01-31T14:45:23.651+0000] {dag.py:3239} INFO - Sync 1 DAGs
[2025-01-31T14:45:23.668+0000] {logging_mixin.py:190} INFO - [2025-01-31T14:45:23.668+0000] {dag.py:4180} INFO - Setting next_dagrun for example_branch_operator to 2025-01-30 00:00:00+00:00, run_after=2025-01-31 00:00:00+00:00
[2025-01-31T14:45:23.680+0000] {processor.py:208} INFO - Processing /home/airflow/.local/lib/python3.12/site-packages/airflow/example_dags/example_branch_operator.py took 0.071 seconds
[2025-01-31T14:45:54.593+0000] {processor.py:186} INFO - Started process (PID=2375) to work on /home/airflow/.local/lib/python3.12/site-packages/airflow/example_dags/example_branch_operator.py
[2025-01-31T14:45:54.594+0000] {processor.py:914} INFO - Processing file /home/airflow/.local/lib/python3.12/site-packages/airflow/example_dags/example_branch_operator.py for tasks to queue
[2025-01-31T14:45:54.596+0000] {logging_mixin.py:190} INFO - [2025-01-31T14:45:54.596+0000] {dagbag.py:588} INFO - Filling up the DagBag from /home/airflow/.local/lib/python3.12/site-packages/airflow/example_dags/example_branch_operator.py
[2025-01-31T14:45:54.612+0000] {processor.py:925} INFO - DAG(s) 'example_branch_operator' retrieved from /home/airflow/.local/lib/python3.12/site-packages/airflow/example_dags/example_branch_operator.py
[2025-01-31T14:45:54.634+0000] {logging_mixin.py:190} INFO - [2025-01-31T14:45:54.634+0000] {dag.py:3239} INFO - Sync 1 DAGs
[2025-01-31T14:45:54.653+0000] {logging_mixin.py:190} INFO - [2025-01-31T14:45:54.653+0000] {dag.py:4180} INFO - Setting next_dagrun for example_branch_operator to 2025-01-30 00:00:00+00:00, run_after=2025-01-31 00:00:00+00:00
[2025-01-31T14:45:54.669+0000] {processor.py:208} INFO - Processing /home/airflow/.local/lib/python3.12/site-packages/airflow/example_dags/example_branch_operator.py took 0.081 seconds
[2025-01-31T14:46:25.257+0000] {processor.py:186} INFO - Started process (PID=2440) to work on /home/airflow/.local/lib/python3.12/site-packages/airflow/example_dags/example_branch_operator.py
[2025-01-31T14:46:25.257+0000] {processor.py:914} INFO - Processing file /home/airflow/.local/lib/python3.12/site-packages/airflow/example_dags/example_branch_operator.py for tasks to queue
[2025-01-31T14:46:25.259+0000] {logging_mixin.py:190} INFO - [2025-01-31T14:46:25.259+0000] {dagbag.py:588} INFO - Filling up the DagBag from /home/airflow/.local/lib/python3.12/site-packages/airflow/example_dags/example_branch_operator.py
[2025-01-31T14:46:25.274+0000] {processor.py:925} INFO - DAG(s) 'example_branch_operator' retrieved from /home/airflow/.local/lib/python3.12/site-packages/airflow/example_dags/example_branch_operator.py
[2025-01-31T14:46:25.300+0000] {logging_mixin.py:190} INFO - [2025-01-31T14:46:25.300+0000] {dag.py:3239} INFO - Sync 1 DAGs
[2025-01-31T14:46:25.321+0000] {logging_mixin.py:190} INFO - [2025-01-31T14:46:25.321+0000] {dag.py:4180} INFO - Setting next_dagrun for example_branch_operator to 2025-01-30 00:00:00+00:00, run_after=2025-01-31 00:00:00+00:00
[2025-01-31T14:46:25.333+0000] {processor.py:208} INFO - Processing /home/airflow/.local/lib/python3.12/site-packages/airflow/example_dags/example_branch_operator.py took 0.081 seconds
[2025-01-31T14:46:56.190+0000] {processor.py:186} INFO - Started process (PID=2509) to work on /home/airflow/.local/lib/python3.12/site-packages/airflow/example_dags/example_branch_operator.py
[2025-01-31T14:46:56.190+0000] {processor.py:914} INFO - Processing file /home/airflow/.local/lib/python3.12/site-packages/airflow/example_dags/example_branch_operator.py for tasks to queue
[2025-01-31T14:46:56.192+0000] {logging_mixin.py:190} INFO - [2025-01-31T14:46:56.191+0000] {dagbag.py:588} INFO - Filling up the DagBag from /home/airflow/.local/lib/python3.12/site-packages/airflow/example_dags/example_branch_operator.py
[2025-01-31T14:46:56.206+0000] {processor.py:925} INFO - DAG(s) 'example_branch_operator' retrieved from /home/airflow/.local/lib/python3.12/site-packages/airflow/example_dags/example_branch_operator.py
[2025-01-31T14:46:56.229+0000] {logging_mixin.py:190} INFO - [2025-01-31T14:46:56.228+0000] {dag.py:3239} INFO - Sync 1 DAGs
[2025-01-31T14:46:56.249+0000] {logging_mixin.py:190} INFO - [2025-01-31T14:46:56.249+0000] {dag.py:4180} INFO - Setting next_dagrun for example_branch_operator to 2025-01-30 00:00:00+00:00, run_after=2025-01-31 00:00:00+00:00
[2025-01-31T14:46:56.265+0000] {processor.py:208} INFO - Processing /home/airflow/.local/lib/python3.12/site-packages/airflow/example_dags/example_branch_operator.py took 0.080 seconds
[2025-01-31T14:47:27.265+0000] {processor.py:186} INFO - Started process (PID=2577) to work on /home/airflow/.local/lib/python3.12/site-packages/airflow/example_dags/example_branch_operator.py
[2025-01-31T14:47:27.266+0000] {processor.py:914} INFO - Processing file /home/airflow/.local/lib/python3.12/site-packages/airflow/example_dags/example_branch_operator.py for tasks to queue
[2025-01-31T14:47:27.267+0000] {logging_mixin.py:190} INFO - [2025-01-31T14:47:27.267+0000] {dagbag.py:588} INFO - Filling up the DagBag from /home/airflow/.local/lib/python3.12/site-packages/airflow/example_dags/example_branch_operator.py
[2025-01-31T14:47:27.281+0000] {processor.py:925} INFO - DAG(s) 'example_branch_operator' retrieved from /home/airflow/.local/lib/python3.12/site-packages/airflow/example_dags/example_branch_operator.py
[2025-01-31T14:47:27.302+0000] {logging_mixin.py:190} INFO - [2025-01-31T14:47:27.302+0000] {dag.py:3239} INFO - Sync 1 DAGs
[2025-01-31T14:47:27.319+0000] {logging_mixin.py:190} INFO - [2025-01-31T14:47:27.319+0000] {dag.py:4180} INFO - Setting next_dagrun for example_branch_operator to 2025-01-30 00:00:00+00:00, run_after=2025-01-31 00:00:00+00:00
[2025-01-31T14:47:27.331+0000] {processor.py:208} INFO - Processing /home/airflow/.local/lib/python3.12/site-packages/airflow/example_dags/example_branch_operator.py took 0.071 seconds
[2025-01-31T14:47:57.884+0000] {processor.py:186} INFO - Started process (PID=2643) to work on /home/airflow/.local/lib/python3.12/site-packages/airflow/example_dags/example_branch_operator.py
[2025-01-31T14:47:57.885+0000] {processor.py:914} INFO - Processing file /home/airflow/.local/lib/python3.12/site-packages/airflow/example_dags/example_branch_operator.py for tasks to queue
[2025-01-31T14:47:57.886+0000] {logging_mixin.py:190} INFO - [2025-01-31T14:47:57.886+0000] {dagbag.py:588} INFO - Filling up the DagBag from /home/airflow/.local/lib/python3.12/site-packages/airflow/example_dags/example_branch_operator.py
[2025-01-31T14:47:57.900+0000] {processor.py:925} INFO - DAG(s) 'example_branch_operator' retrieved from /home/airflow/.local/lib/python3.12/site-packages/airflow/example_dags/example_branch_operator.py
[2025-01-31T14:47:57.931+0000] {logging_mixin.py:190} INFO - [2025-01-31T14:47:57.931+0000] {dag.py:3239} INFO - Sync 1 DAGs
[2025-01-31T14:47:57.957+0000] {logging_mixin.py:190} INFO - [2025-01-31T14:47:57.957+0000] {dag.py:4180} INFO - Setting next_dagrun for example_branch_operator to 2025-01-30 00:00:00+00:00, run_after=2025-01-31 00:00:00+00:00
[2025-01-31T14:47:57.973+0000] {processor.py:208} INFO - Processing /home/airflow/.local/lib/python3.12/site-packages/airflow/example_dags/example_branch_operator.py took 0.093 seconds
[2025-01-31T14:48:28.769+0000] {processor.py:186} INFO - Started process (PID=2710) to work on /home/airflow/.local/lib/python3.12/site-packages/airflow/example_dags/example_branch_operator.py
[2025-01-31T14:48:28.770+0000] {processor.py:914} INFO - Processing file /home/airflow/.local/lib/python3.12/site-packages/airflow/example_dags/example_branch_operator.py for tasks to queue
[2025-01-31T14:48:28.771+0000] {logging_mixin.py:190} INFO - [2025-01-31T14:48:28.771+0000] {dagbag.py:588} INFO - Filling up the DagBag from /home/airflow/.local/lib/python3.12/site-packages/airflow/example_dags/example_branch_operator.py
[2025-01-31T14:48:28.785+0000] {processor.py:925} INFO - DAG(s) 'example_branch_operator' retrieved from /home/airflow/.local/lib/python3.12/site-packages/airflow/example_dags/example_branch_operator.py
[2025-01-31T14:48:28.810+0000] {logging_mixin.py:190} INFO - [2025-01-31T14:48:28.810+0000] {dag.py:3239} INFO - Sync 1 DAGs
[2025-01-31T14:48:28.828+0000] {logging_mixin.py:190} INFO - [2025-01-31T14:48:28.828+0000] {dag.py:4180} INFO - Setting next_dagrun for example_branch_operator to 2025-01-30 00:00:00+00:00, run_after=2025-01-31 00:00:00+00:00
[2025-01-31T14:48:28.841+0000] {processor.py:208} INFO - Processing /home/airflow/.local/lib/python3.12/site-packages/airflow/example_dags/example_branch_operator.py took 0.076 seconds
[2025-01-31T14:48:58.942+0000] {processor.py:186} INFO - Started process (PID=2775) to work on /home/airflow/.local/lib/python3.12/site-packages/airflow/example_dags/example_branch_operator.py
[2025-01-31T14:48:58.943+0000] {processor.py:914} INFO - Processing file /home/airflow/.local/lib/python3.12/site-packages/airflow/example_dags/example_branch_operator.py for tasks to queue
[2025-01-31T14:48:58.944+0000] {logging_mixin.py:190} INFO - [2025-01-31T14:48:58.944+0000] {dagbag.py:588} INFO - Filling up the DagBag from /home/airflow/.local/lib/python3.12/site-packages/airflow/example_dags/example_branch_operator.py
[2025-01-31T14:48:58.958+0000] {processor.py:925} INFO - DAG(s) 'example_branch_operator' retrieved from /home/airflow/.local/lib/python3.12/site-packages/airflow/example_dags/example_branch_operator.py
[2025-01-31T14:48:58.980+0000] {logging_mixin.py:190} INFO - [2025-01-31T14:48:58.980+0000] {dag.py:3239} INFO - Sync 1 DAGs
[2025-01-31T14:48:58.998+0000] {logging_mixin.py:190} INFO - [2025-01-31T14:48:58.997+0000] {dag.py:4180} INFO - Setting next_dagrun for example_branch_operator to 2025-01-30 00:00:00+00:00, run_after=2025-01-31 00:00:00+00:00
[2025-01-31T14:48:59.010+0000] {processor.py:208} INFO - Processing /home/airflow/.local/lib/python3.12/site-packages/airflow/example_dags/example_branch_operator.py took 0.073 seconds
[2025-01-31T14:49:29.526+0000] {processor.py:186} INFO - Started process (PID=2841) to work on /home/airflow/.local/lib/python3.12/site-packages/airflow/example_dags/example_branch_operator.py
[2025-01-31T14:49:29.527+0000] {processor.py:914} INFO - Processing file /home/airflow/.local/lib/python3.12/site-packages/airflow/example_dags/example_branch_operator.py for tasks to queue
[2025-01-31T14:49:29.529+0000] {logging_mixin.py:190} INFO - [2025-01-31T14:49:29.528+0000] {dagbag.py:588} INFO - Filling up the DagBag from /home/airflow/.local/lib/python3.12/site-packages/airflow/example_dags/example_branch_operator.py
[2025-01-31T14:49:29.542+0000] {processor.py:925} INFO - DAG(s) 'example_branch_operator' retrieved from /home/airflow/.local/lib/python3.12/site-packages/airflow/example_dags/example_branch_operator.py
[2025-01-31T14:49:29.570+0000] {logging_mixin.py:190} INFO - [2025-01-31T14:49:29.569+0000] {dag.py:3239} INFO - Sync 1 DAGs
[2025-01-31T14:49:29.592+0000] {logging_mixin.py:190} INFO - [2025-01-31T14:49:29.591+0000] {dag.py:4180} INFO - Setting next_dagrun for example_branch_operator to 2025-01-30 00:00:00+00:00, run_after=2025-01-31 00:00:00+00:00
[2025-01-31T14:49:29.607+0000] {processor.py:208} INFO - Processing /home/airflow/.local/lib/python3.12/site-packages/airflow/example_dags/example_branch_operator.py took 0.085 seconds
[2025-01-31T14:50:00.258+0000] {processor.py:186} INFO - Started process (PID=2906) to work on /home/airflow/.local/lib/python3.12/site-packages/airflow/example_dags/example_branch_operator.py
[2025-01-31T14:50:00.259+0000] {processor.py:914} INFO - Processing file /home/airflow/.local/lib/python3.12/site-packages/airflow/example_dags/example_branch_operator.py for tasks to queue
[2025-01-31T14:50:00.260+0000] {logging_mixin.py:190} INFO - [2025-01-31T14:50:00.260+0000] {dagbag.py:588} INFO - Filling up the DagBag from /home/airflow/.local/lib/python3.12/site-packages/airflow/example_dags/example_branch_operator.py
[2025-01-31T14:50:00.273+0000] {processor.py:925} INFO - DAG(s) 'example_branch_operator' retrieved from /home/airflow/.local/lib/python3.12/site-packages/airflow/example_dags/example_branch_operator.py
[2025-01-31T14:50:00.302+0000] {logging_mixin.py:190} INFO - [2025-01-31T14:50:00.302+0000] {dag.py:3239} INFO - Sync 1 DAGs
[2025-01-31T14:50:00.323+0000] {logging_mixin.py:190} INFO - [2025-01-31T14:50:00.323+0000] {dag.py:4180} INFO - Setting next_dagrun for example_branch_operator to 2025-01-30 00:00:00+00:00, run_after=2025-01-31 00:00:00+00:00
[2025-01-31T14:50:00.335+0000] {processor.py:208} INFO - Processing /home/airflow/.local/lib/python3.12/site-packages/airflow/example_dags/example_branch_operator.py took 0.082 seconds
[2025-01-31T14:50:31.005+0000] {processor.py:186} INFO - Started process (PID=2973) to work on /home/airflow/.local/lib/python3.12/site-packages/airflow/example_dags/example_branch_operator.py
[2025-01-31T14:50:31.006+0000] {processor.py:914} INFO - Processing file /home/airflow/.local/lib/python3.12/site-packages/airflow/example_dags/example_branch_operator.py for tasks to queue
[2025-01-31T14:50:31.008+0000] {logging_mixin.py:190} INFO - [2025-01-31T14:50:31.007+0000] {dagbag.py:588} INFO - Filling up the DagBag from /home/airflow/.local/lib/python3.12/site-packages/airflow/example_dags/example_branch_operator.py
[2025-01-31T14:50:31.022+0000] {processor.py:925} INFO - DAG(s) 'example_branch_operator' retrieved from /home/airflow/.local/lib/python3.12/site-packages/airflow/example_dags/example_branch_operator.py
[2025-01-31T14:50:31.050+0000] {logging_mixin.py:190} INFO - [2025-01-31T14:50:31.050+0000] {dag.py:3239} INFO - Sync 1 DAGs
[2025-01-31T14:50:31.070+0000] {logging_mixin.py:190} INFO - [2025-01-31T14:50:31.070+0000] {dag.py:4180} INFO - Setting next_dagrun for example_branch_operator to 2025-01-30 00:00:00+00:00, run_after=2025-01-31 00:00:00+00:00
[2025-01-31T14:50:31.083+0000] {processor.py:208} INFO - Processing /home/airflow/.local/lib/python3.12/site-packages/airflow/example_dags/example_branch_operator.py took 0.082 seconds
[2025-01-31T14:51:01.967+0000] {processor.py:186} INFO - Started process (PID=3039) to work on /home/airflow/.local/lib/python3.12/site-packages/airflow/example_dags/example_branch_operator.py
[2025-01-31T14:51:01.969+0000] {processor.py:914} INFO - Processing file /home/airflow/.local/lib/python3.12/site-packages/airflow/example_dags/example_branch_operator.py for tasks to queue
[2025-01-31T14:51:01.971+0000] {logging_mixin.py:190} INFO - [2025-01-31T14:51:01.971+0000] {dagbag.py:588} INFO - Filling up the DagBag from /home/airflow/.local/lib/python3.12/site-packages/airflow/example_dags/example_branch_operator.py
[2025-01-31T14:51:01.992+0000] {processor.py:925} INFO - DAG(s) 'example_branch_operator' retrieved from /home/airflow/.local/lib/python3.12/site-packages/airflow/example_dags/example_branch_operator.py
[2025-01-31T14:51:02.025+0000] {logging_mixin.py:190} INFO - [2025-01-31T14:51:02.025+0000] {dag.py:3239} INFO - Sync 1 DAGs
[2025-01-31T14:51:02.053+0000] {logging_mixin.py:190} INFO - [2025-01-31T14:51:02.053+0000] {dag.py:4180} INFO - Setting next_dagrun for example_branch_operator to 2025-01-30 00:00:00+00:00, run_after=2025-01-31 00:00:00+00:00
[2025-01-31T14:51:02.071+0000] {processor.py:208} INFO - Processing /home/airflow/.local/lib/python3.12/site-packages/airflow/example_dags/example_branch_operator.py took 0.111 seconds
[2025-01-31T14:51:32.402+0000] {processor.py:186} INFO - Started process (PID=3106) to work on /home/airflow/.local/lib/python3.12/site-packages/airflow/example_dags/example_branch_operator.py
[2025-01-31T14:51:32.402+0000] {processor.py:914} INFO - Processing file /home/airflow/.local/lib/python3.12/site-packages/airflow/example_dags/example_branch_operator.py for tasks to queue
[2025-01-31T14:51:32.404+0000] {logging_mixin.py:190} INFO - [2025-01-31T14:51:32.404+0000] {dagbag.py:588} INFO - Filling up the DagBag from /home/airflow/.local/lib/python3.12/site-packages/airflow/example_dags/example_branch_operator.py
[2025-01-31T14:51:32.423+0000] {processor.py:925} INFO - DAG(s) 'example_branch_operator' retrieved from /home/airflow/.local/lib/python3.12/site-packages/airflow/example_dags/example_branch_operator.py
[2025-01-31T14:51:32.452+0000] {logging_mixin.py:190} INFO - [2025-01-31T14:51:32.452+0000] {dag.py:3239} INFO - Sync 1 DAGs
[2025-01-31T14:51:32.473+0000] {logging_mixin.py:190} INFO - [2025-01-31T14:51:32.473+0000] {dag.py:4180} INFO - Setting next_dagrun for example_branch_operator to 2025-01-30 00:00:00+00:00, run_after=2025-01-31 00:00:00+00:00
[2025-01-31T14:51:32.486+0000] {processor.py:208} INFO - Processing /home/airflow/.local/lib/python3.12/site-packages/airflow/example_dags/example_branch_operator.py took 0.089 seconds
[2025-01-31T14:52:03.443+0000] {processor.py:186} INFO - Started process (PID=3174) to work on /home/airflow/.local/lib/python3.12/site-packages/airflow/example_dags/example_branch_operator.py
[2025-01-31T14:52:03.444+0000] {processor.py:914} INFO - Processing file /home/airflow/.local/lib/python3.12/site-packages/airflow/example_dags/example_branch_operator.py for tasks to queue
[2025-01-31T14:52:03.446+0000] {logging_mixin.py:190} INFO - [2025-01-31T14:52:03.445+0000] {dagbag.py:588} INFO - Filling up the DagBag from /home/airflow/.local/lib/python3.12/site-packages/airflow/example_dags/example_branch_operator.py
[2025-01-31T14:52:03.463+0000] {processor.py:925} INFO - DAG(s) 'example_branch_operator' retrieved from /home/airflow/.local/lib/python3.12/site-packages/airflow/example_dags/example_branch_operator.py
[2025-01-31T14:52:03.486+0000] {logging_mixin.py:190} INFO - [2025-01-31T14:52:03.485+0000] {dag.py:3239} INFO - Sync 1 DAGs
[2025-01-31T14:52:03.505+0000] {logging_mixin.py:190} INFO - [2025-01-31T14:52:03.505+0000] {dag.py:4180} INFO - Setting next_dagrun for example_branch_operator to 2025-01-30 00:00:00+00:00, run_after=2025-01-31 00:00:00+00:00
[2025-01-31T14:52:03.518+0000] {processor.py:208} INFO - Processing /home/airflow/.local/lib/python3.12/site-packages/airflow/example_dags/example_branch_operator.py took 0.081 seconds
[2025-01-31T14:52:34.309+0000] {processor.py:186} INFO - Started process (PID=3241) to work on /home/airflow/.local/lib/python3.12/site-packages/airflow/example_dags/example_branch_operator.py
[2025-01-31T14:52:34.310+0000] {processor.py:914} INFO - Processing file /home/airflow/.local/lib/python3.12/site-packages/airflow/example_dags/example_branch_operator.py for tasks to queue
[2025-01-31T14:52:34.313+0000] {logging_mixin.py:190} INFO - [2025-01-31T14:52:34.312+0000] {dagbag.py:588} INFO - Filling up the DagBag from /home/airflow/.local/lib/python3.12/site-packages/airflow/example_dags/example_branch_operator.py
[2025-01-31T14:52:34.334+0000] {processor.py:925} INFO - DAG(s) 'example_branch_operator' retrieved from /home/airflow/.local/lib/python3.12/site-packages/airflow/example_dags/example_branch_operator.py
[2025-01-31T14:52:34.364+0000] {logging_mixin.py:190} INFO - [2025-01-31T14:52:34.364+0000] {dag.py:3239} INFO - Sync 1 DAGs
[2025-01-31T14:52:34.387+0000] {logging_mixin.py:190} INFO - [2025-01-31T14:52:34.386+0000] {dag.py:4180} INFO - Setting next_dagrun for example_branch_operator to 2025-01-30 00:00:00+00:00, run_after=2025-01-31 00:00:00+00:00
[2025-01-31T14:52:34.401+0000] {processor.py:208} INFO - Processing /home/airflow/.local/lib/python3.12/site-packages/airflow/example_dags/example_branch_operator.py took 0.097 seconds
[2025-01-31T14:53:04.556+0000] {processor.py:186} INFO - Started process (PID=3306) to work on /home/airflow/.local/lib/python3.12/site-packages/airflow/example_dags/example_branch_operator.py
[2025-01-31T14:53:04.556+0000] {processor.py:914} INFO - Processing file /home/airflow/.local/lib/python3.12/site-packages/airflow/example_dags/example_branch_operator.py for tasks to queue
[2025-01-31T14:53:04.558+0000] {logging_mixin.py:190} INFO - [2025-01-31T14:53:04.558+0000] {dagbag.py:588} INFO - Filling up the DagBag from /home/airflow/.local/lib/python3.12/site-packages/airflow/example_dags/example_branch_operator.py
[2025-01-31T14:53:04.572+0000] {processor.py:925} INFO - DAG(s) 'example_branch_operator' retrieved from /home/airflow/.local/lib/python3.12/site-packages/airflow/example_dags/example_branch_operator.py
[2025-01-31T14:53:04.593+0000] {logging_mixin.py:190} INFO - [2025-01-31T14:53:04.592+0000] {dag.py:3239} INFO - Sync 1 DAGs
[2025-01-31T14:53:04.610+0000] {logging_mixin.py:190} INFO - [2025-01-31T14:53:04.610+0000] {dag.py:4180} INFO - Setting next_dagrun for example_branch_operator to 2025-01-30 00:00:00+00:00, run_after=2025-01-31 00:00:00+00:00
[2025-01-31T14:53:04.623+0000] {processor.py:208} INFO - Processing /home/airflow/.local/lib/python3.12/site-packages/airflow/example_dags/example_branch_operator.py took 0.071 seconds
[2025-01-31T14:53:35.126+0000] {processor.py:186} INFO - Started process (PID=3372) to work on /home/airflow/.local/lib/python3.12/site-packages/airflow/example_dags/example_branch_operator.py
[2025-01-31T14:53:35.127+0000] {processor.py:914} INFO - Processing file /home/airflow/.local/lib/python3.12/site-packages/airflow/example_dags/example_branch_operator.py for tasks to queue
[2025-01-31T14:53:35.129+0000] {logging_mixin.py:190} INFO - [2025-01-31T14:53:35.129+0000] {dagbag.py:588} INFO - Filling up the DagBag from /home/airflow/.local/lib/python3.12/site-packages/airflow/example_dags/example_branch_operator.py
[2025-01-31T14:53:35.149+0000] {processor.py:925} INFO - DAG(s) 'example_branch_operator' retrieved from /home/airflow/.local/lib/python3.12/site-packages/airflow/example_dags/example_branch_operator.py
[2025-01-31T14:53:35.171+0000] {logging_mixin.py:190} INFO - [2025-01-31T14:53:35.171+0000] {dag.py:3239} INFO - Sync 1 DAGs
[2025-01-31T14:53:35.189+0000] {logging_mixin.py:190} INFO - [2025-01-31T14:53:35.189+0000] {dag.py:4180} INFO - Setting next_dagrun for example_branch_operator to 2025-01-30 00:00:00+00:00, run_after=2025-01-31 00:00:00+00:00
[2025-01-31T14:53:35.202+0000] {processor.py:208} INFO - Processing /home/airflow/.local/lib/python3.12/site-packages/airflow/example_dags/example_branch_operator.py took 0.081 seconds
[2025-01-31T14:54:06.998+0000] {processor.py:186} INFO - Started process (PID=3438) to work on /home/airflow/.local/lib/python3.12/site-packages/airflow/example_dags/example_branch_operator.py
[2025-01-31T14:54:06.998+0000] {processor.py:914} INFO - Processing file /home/airflow/.local/lib/python3.12/site-packages/airflow/example_dags/example_branch_operator.py for tasks to queue
[2025-01-31T14:54:07.000+0000] {logging_mixin.py:190} INFO - [2025-01-31T14:54:06.999+0000] {dagbag.py:588} INFO - Filling up the DagBag from /home/airflow/.local/lib/python3.12/site-packages/airflow/example_dags/example_branch_operator.py
[2025-01-31T14:54:07.013+0000] {processor.py:925} INFO - DAG(s) 'example_branch_operator' retrieved from /home/airflow/.local/lib/python3.12/site-packages/airflow/example_dags/example_branch_operator.py
[2025-01-31T14:54:07.195+0000] {logging_mixin.py:190} INFO - [2025-01-31T14:54:07.195+0000] {dag.py:3239} INFO - Sync 1 DAGs
[2025-01-31T14:54:07.212+0000] {logging_mixin.py:190} INFO - [2025-01-31T14:54:07.212+0000] {dag.py:4180} INFO - Setting next_dagrun for example_branch_operator to 2025-01-30 00:00:00+00:00, run_after=2025-01-31 00:00:00+00:00
[2025-01-31T14:54:07.223+0000] {processor.py:208} INFO - Processing /home/airflow/.local/lib/python3.12/site-packages/airflow/example_dags/example_branch_operator.py took 0.230 seconds
[2025-01-31T14:54:37.342+0000] {processor.py:186} INFO - Started process (PID=3504) to work on /home/airflow/.local/lib/python3.12/site-packages/airflow/example_dags/example_branch_operator.py
[2025-01-31T14:54:37.343+0000] {processor.py:914} INFO - Processing file /home/airflow/.local/lib/python3.12/site-packages/airflow/example_dags/example_branch_operator.py for tasks to queue
[2025-01-31T14:54:37.344+0000] {logging_mixin.py:190} INFO - [2025-01-31T14:54:37.344+0000] {dagbag.py:588} INFO - Filling up the DagBag from /home/airflow/.local/lib/python3.12/site-packages/airflow/example_dags/example_branch_operator.py
[2025-01-31T14:54:37.358+0000] {processor.py:925} INFO - DAG(s) 'example_branch_operator' retrieved from /home/airflow/.local/lib/python3.12/site-packages/airflow/example_dags/example_branch_operator.py
[2025-01-31T14:54:37.528+0000] {logging_mixin.py:190} INFO - [2025-01-31T14:54:37.528+0000] {dag.py:3239} INFO - Sync 1 DAGs
[2025-01-31T14:54:37.545+0000] {logging_mixin.py:190} INFO - [2025-01-31T14:54:37.544+0000] {dag.py:4180} INFO - Setting next_dagrun for example_branch_operator to 2025-01-30 00:00:00+00:00, run_after=2025-01-31 00:00:00+00:00
[2025-01-31T14:54:37.556+0000] {processor.py:208} INFO - Processing /home/airflow/.local/lib/python3.12/site-packages/airflow/example_dags/example_branch_operator.py took 0.219 seconds
[2025-01-31T14:55:07.950+0000] {processor.py:186} INFO - Started process (PID=3570) to work on /home/airflow/.local/lib/python3.12/site-packages/airflow/example_dags/example_branch_operator.py
[2025-01-31T14:55:07.951+0000] {processor.py:914} INFO - Processing file /home/airflow/.local/lib/python3.12/site-packages/airflow/example_dags/example_branch_operator.py for tasks to queue
[2025-01-31T14:55:07.952+0000] {logging_mixin.py:190} INFO - [2025-01-31T14:55:07.952+0000] {dagbag.py:588} INFO - Filling up the DagBag from /home/airflow/.local/lib/python3.12/site-packages/airflow/example_dags/example_branch_operator.py
[2025-01-31T14:55:07.967+0000] {processor.py:925} INFO - DAG(s) 'example_branch_operator' retrieved from /home/airflow/.local/lib/python3.12/site-packages/airflow/example_dags/example_branch_operator.py
[2025-01-31T14:55:07.989+0000] {logging_mixin.py:190} INFO - [2025-01-31T14:55:07.989+0000] {dag.py:3239} INFO - Sync 1 DAGs
[2025-01-31T14:55:08.010+0000] {logging_mixin.py:190} INFO - [2025-01-31T14:55:08.010+0000] {dag.py:4180} INFO - Setting next_dagrun for example_branch_operator to 2025-01-30 00:00:00+00:00, run_after=2025-01-31 00:00:00+00:00
[2025-01-31T14:55:08.026+0000] {processor.py:208} INFO - Processing /home/airflow/.local/lib/python3.12/site-packages/airflow/example_dags/example_branch_operator.py took 0.081 seconds
[2025-01-31T14:55:38.180+0000] {processor.py:186} INFO - Started process (PID=3636) to work on /home/airflow/.local/lib/python3.12/site-packages/airflow/example_dags/example_branch_operator.py
[2025-01-31T14:55:38.181+0000] {processor.py:914} INFO - Processing file /home/airflow/.local/lib/python3.12/site-packages/airflow/example_dags/example_branch_operator.py for tasks to queue
[2025-01-31T14:55:38.182+0000] {logging_mixin.py:190} INFO - [2025-01-31T14:55:38.182+0000] {dagbag.py:588} INFO - Filling up the DagBag from /home/airflow/.local/lib/python3.12/site-packages/airflow/example_dags/example_branch_operator.py
[2025-01-31T14:55:38.196+0000] {processor.py:925} INFO - DAG(s) 'example_branch_operator' retrieved from /home/airflow/.local/lib/python3.12/site-packages/airflow/example_dags/example_branch_operator.py
[2025-01-31T14:55:38.217+0000] {logging_mixin.py:190} INFO - [2025-01-31T14:55:38.217+0000] {dag.py:3239} INFO - Sync 1 DAGs
[2025-01-31T14:55:38.234+0000] {logging_mixin.py:190} INFO - [2025-01-31T14:55:38.234+0000] {dag.py:4180} INFO - Setting next_dagrun for example_branch_operator to 2025-01-30 00:00:00+00:00, run_after=2025-01-31 00:00:00+00:00
[2025-01-31T14:55:38.246+0000] {processor.py:208} INFO - Processing /home/airflow/.local/lib/python3.12/site-packages/airflow/example_dags/example_branch_operator.py took 0.071 seconds
[2025-01-31T14:56:09.174+0000] {processor.py:186} INFO - Started process (PID=3703) to work on /home/airflow/.local/lib/python3.12/site-packages/airflow/example_dags/example_branch_operator.py
[2025-01-31T14:56:09.175+0000] {processor.py:914} INFO - Processing file /home/airflow/.local/lib/python3.12/site-packages/airflow/example_dags/example_branch_operator.py for tasks to queue
[2025-01-31T14:56:09.176+0000] {logging_mixin.py:190} INFO - [2025-01-31T14:56:09.176+0000] {dagbag.py:588} INFO - Filling up the DagBag from /home/airflow/.local/lib/python3.12/site-packages/airflow/example_dags/example_branch_operator.py
[2025-01-31T14:56:09.194+0000] {processor.py:925} INFO - DAG(s) 'example_branch_operator' retrieved from /home/airflow/.local/lib/python3.12/site-packages/airflow/example_dags/example_branch_operator.py
[2025-01-31T14:56:09.216+0000] {logging_mixin.py:190} INFO - [2025-01-31T14:56:09.216+0000] {dag.py:3239} INFO - Sync 1 DAGs
[2025-01-31T14:56:09.234+0000] {logging_mixin.py:190} INFO - [2025-01-31T14:56:09.234+0000] {dag.py:4180} INFO - Setting next_dagrun for example_branch_operator to 2025-01-30 00:00:00+00:00, run_after=2025-01-31 00:00:00+00:00
[2025-01-31T14:56:09.247+0000] {processor.py:208} INFO - Processing /home/airflow/.local/lib/python3.12/site-packages/airflow/example_dags/example_branch_operator.py took 0.077 seconds
[2025-01-31T14:56:39.309+0000] {processor.py:186} INFO - Started process (PID=3770) to work on /home/airflow/.local/lib/python3.12/site-packages/airflow/example_dags/example_branch_operator.py
[2025-01-31T14:56:39.309+0000] {processor.py:914} INFO - Processing file /home/airflow/.local/lib/python3.12/site-packages/airflow/example_dags/example_branch_operator.py for tasks to queue
[2025-01-31T14:56:39.311+0000] {logging_mixin.py:190} INFO - [2025-01-31T14:56:39.311+0000] {dagbag.py:588} INFO - Filling up the DagBag from /home/airflow/.local/lib/python3.12/site-packages/airflow/example_dags/example_branch_operator.py
[2025-01-31T14:56:39.331+0000] {processor.py:925} INFO - DAG(s) 'example_branch_operator' retrieved from /home/airflow/.local/lib/python3.12/site-packages/airflow/example_dags/example_branch_operator.py
[2025-01-31T14:56:39.360+0000] {logging_mixin.py:190} INFO - [2025-01-31T14:56:39.360+0000] {dag.py:3239} INFO - Sync 1 DAGs
[2025-01-31T14:56:39.385+0000] {logging_mixin.py:190} INFO - [2025-01-31T14:56:39.385+0000] {dag.py:4180} INFO - Setting next_dagrun for example_branch_operator to 2025-01-30 00:00:00+00:00, run_after=2025-01-31 00:00:00+00:00
[2025-01-31T14:56:39.402+0000] {processor.py:208} INFO - Processing /home/airflow/.local/lib/python3.12/site-packages/airflow/example_dags/example_branch_operator.py took 0.099 seconds
[2025-01-31T14:57:10.102+0000] {processor.py:186} INFO - Started process (PID=3840) to work on /home/airflow/.local/lib/python3.12/site-packages/airflow/example_dags/example_branch_operator.py
[2025-01-31T14:57:10.102+0000] {processor.py:914} INFO - Processing file /home/airflow/.local/lib/python3.12/site-packages/airflow/example_dags/example_branch_operator.py for tasks to queue
[2025-01-31T14:57:10.104+0000] {logging_mixin.py:190} INFO - [2025-01-31T14:57:10.104+0000] {dagbag.py:588} INFO - Filling up the DagBag from /home/airflow/.local/lib/python3.12/site-packages/airflow/example_dags/example_branch_operator.py
[2025-01-31T14:57:10.118+0000] {processor.py:925} INFO - DAG(s) 'example_branch_operator' retrieved from /home/airflow/.local/lib/python3.12/site-packages/airflow/example_dags/example_branch_operator.py
[2025-01-31T14:57:10.142+0000] {logging_mixin.py:190} INFO - [2025-01-31T14:57:10.141+0000] {dag.py:3239} INFO - Sync 1 DAGs
[2025-01-31T14:57:10.163+0000] {logging_mixin.py:190} INFO - [2025-01-31T14:57:10.163+0000] {dag.py:4180} INFO - Setting next_dagrun for example_branch_operator to 2025-01-30 00:00:00+00:00, run_after=2025-01-31 00:00:00+00:00
[2025-01-31T14:57:10.176+0000] {processor.py:208} INFO - Processing /home/airflow/.local/lib/python3.12/site-packages/airflow/example_dags/example_branch_operator.py took 0.080 seconds
[2025-01-31T14:57:40.800+0000] {processor.py:186} INFO - Started process (PID=3906) to work on /home/airflow/.local/lib/python3.12/site-packages/airflow/example_dags/example_branch_operator.py
[2025-01-31T14:57:40.801+0000] {processor.py:914} INFO - Processing file /home/airflow/.local/lib/python3.12/site-packages/airflow/example_dags/example_branch_operator.py for tasks to queue
[2025-01-31T14:57:40.803+0000] {logging_mixin.py:190} INFO - [2025-01-31T14:57:40.803+0000] {dagbag.py:588} INFO - Filling up the DagBag from /home/airflow/.local/lib/python3.12/site-packages/airflow/example_dags/example_branch_operator.py
[2025-01-31T14:57:40.818+0000] {processor.py:925} INFO - DAG(s) 'example_branch_operator' retrieved from /home/airflow/.local/lib/python3.12/site-packages/airflow/example_dags/example_branch_operator.py
[2025-01-31T14:57:40.846+0000] {logging_mixin.py:190} INFO - [2025-01-31T14:57:40.846+0000] {dag.py:3239} INFO - Sync 1 DAGs
[2025-01-31T14:57:40.872+0000] {logging_mixin.py:190} INFO - [2025-01-31T14:57:40.871+0000] {dag.py:4180} INFO - Setting next_dagrun for example_branch_operator to 2025-01-30 00:00:00+00:00, run_after=2025-01-31 00:00:00+00:00
[2025-01-31T14:57:40.887+0000] {processor.py:208} INFO - Processing /home/airflow/.local/lib/python3.12/site-packages/airflow/example_dags/example_branch_operator.py took 0.091 seconds
[2025-01-31T14:58:11.519+0000] {processor.py:186} INFO - Started process (PID=3972) to work on /home/airflow/.local/lib/python3.12/site-packages/airflow/example_dags/example_branch_operator.py
[2025-01-31T14:58:11.520+0000] {processor.py:914} INFO - Processing file /home/airflow/.local/lib/python3.12/site-packages/airflow/example_dags/example_branch_operator.py for tasks to queue
[2025-01-31T14:58:11.521+0000] {logging_mixin.py:190} INFO - [2025-01-31T14:58:11.521+0000] {dagbag.py:588} INFO - Filling up the DagBag from /home/airflow/.local/lib/python3.12/site-packages/airflow/example_dags/example_branch_operator.py
[2025-01-31T14:58:11.535+0000] {processor.py:925} INFO - DAG(s) 'example_branch_operator' retrieved from /home/airflow/.local/lib/python3.12/site-packages/airflow/example_dags/example_branch_operator.py
[2025-01-31T14:58:11.557+0000] {logging_mixin.py:190} INFO - [2025-01-31T14:58:11.557+0000] {dag.py:3239} INFO - Sync 1 DAGs
[2025-01-31T14:58:11.581+0000] {logging_mixin.py:190} INFO - [2025-01-31T14:58:11.581+0000] {dag.py:4180} INFO - Setting next_dagrun for example_branch_operator to 2025-01-30 00:00:00+00:00, run_after=2025-01-31 00:00:00+00:00
[2025-01-31T14:58:11.598+0000] {processor.py:208} INFO - Processing /home/airflow/.local/lib/python3.12/site-packages/airflow/example_dags/example_branch_operator.py took 0.083 seconds
[2025-01-31T14:58:42.264+0000] {processor.py:186} INFO - Started process (PID=4038) to work on /home/airflow/.local/lib/python3.12/site-packages/airflow/example_dags/example_branch_operator.py
[2025-01-31T14:58:42.265+0000] {processor.py:914} INFO - Processing file /home/airflow/.local/lib/python3.12/site-packages/airflow/example_dags/example_branch_operator.py for tasks to queue
[2025-01-31T14:58:42.267+0000] {logging_mixin.py:190} INFO - [2025-01-31T14:58:42.267+0000] {dagbag.py:588} INFO - Filling up the DagBag from /home/airflow/.local/lib/python3.12/site-packages/airflow/example_dags/example_branch_operator.py
[2025-01-31T14:58:42.283+0000] {processor.py:925} INFO - DAG(s) 'example_branch_operator' retrieved from /home/airflow/.local/lib/python3.12/site-packages/airflow/example_dags/example_branch_operator.py
[2025-01-31T14:58:42.311+0000] {logging_mixin.py:190} INFO - [2025-01-31T14:58:42.311+0000] {dag.py:3239} INFO - Sync 1 DAGs
[2025-01-31T14:58:42.334+0000] {logging_mixin.py:190} INFO - [2025-01-31T14:58:42.334+0000] {dag.py:4180} INFO - Setting next_dagrun for example_branch_operator to 2025-01-30 00:00:00+00:00, run_after=2025-01-31 00:00:00+00:00
[2025-01-31T14:58:42.351+0000] {processor.py:208} INFO - Processing /home/airflow/.local/lib/python3.12/site-packages/airflow/example_dags/example_branch_operator.py took 0.093 seconds
[2025-01-31T14:59:13.139+0000] {processor.py:186} INFO - Started process (PID=4104) to work on /home/airflow/.local/lib/python3.12/site-packages/airflow/example_dags/example_branch_operator.py
[2025-01-31T14:59:13.140+0000] {processor.py:914} INFO - Processing file /home/airflow/.local/lib/python3.12/site-packages/airflow/example_dags/example_branch_operator.py for tasks to queue
[2025-01-31T14:59:13.142+0000] {logging_mixin.py:190} INFO - [2025-01-31T14:59:13.141+0000] {dagbag.py:588} INFO - Filling up the DagBag from /home/airflow/.local/lib/python3.12/site-packages/airflow/example_dags/example_branch_operator.py
[2025-01-31T14:59:13.160+0000] {processor.py:925} INFO - DAG(s) 'example_branch_operator' retrieved from /home/airflow/.local/lib/python3.12/site-packages/airflow/example_dags/example_branch_operator.py
[2025-01-31T14:59:13.192+0000] {logging_mixin.py:190} INFO - [2025-01-31T14:59:13.192+0000] {dag.py:3239} INFO - Sync 1 DAGs
[2025-01-31T14:59:13.211+0000] {logging_mixin.py:190} INFO - [2025-01-31T14:59:13.211+0000] {dag.py:4180} INFO - Setting next_dagrun for example_branch_operator to 2025-01-30 00:00:00+00:00, run_after=2025-01-31 00:00:00+00:00
[2025-01-31T14:59:13.227+0000] {processor.py:208} INFO - Processing /home/airflow/.local/lib/python3.12/site-packages/airflow/example_dags/example_branch_operator.py took 0.095 seconds
[2025-01-31T14:59:44.020+0000] {processor.py:186} INFO - Started process (PID=4170) to work on /home/airflow/.local/lib/python3.12/site-packages/airflow/example_dags/example_branch_operator.py
[2025-01-31T14:59:44.021+0000] {processor.py:914} INFO - Processing file /home/airflow/.local/lib/python3.12/site-packages/airflow/example_dags/example_branch_operator.py for tasks to queue
[2025-01-31T14:59:44.023+0000] {logging_mixin.py:190} INFO - [2025-01-31T14:59:44.023+0000] {dagbag.py:588} INFO - Filling up the DagBag from /home/airflow/.local/lib/python3.12/site-packages/airflow/example_dags/example_branch_operator.py
[2025-01-31T14:59:44.040+0000] {processor.py:925} INFO - DAG(s) 'example_branch_operator' retrieved from /home/airflow/.local/lib/python3.12/site-packages/airflow/example_dags/example_branch_operator.py
[2025-01-31T14:59:44.063+0000] {logging_mixin.py:190} INFO - [2025-01-31T14:59:44.063+0000] {dag.py:3239} INFO - Sync 1 DAGs
[2025-01-31T14:59:44.082+0000] {logging_mixin.py:190} INFO - [2025-01-31T14:59:44.082+0000] {dag.py:4180} INFO - Setting next_dagrun for example_branch_operator to 2025-01-30 00:00:00+00:00, run_after=2025-01-31 00:00:00+00:00
[2025-01-31T14:59:44.095+0000] {processor.py:208} INFO - Processing /home/airflow/.local/lib/python3.12/site-packages/airflow/example_dags/example_branch_operator.py took 0.081 seconds
[2025-01-31T15:00:14.684+0000] {processor.py:186} INFO - Started process (PID=4236) to work on /home/airflow/.local/lib/python3.12/site-packages/airflow/example_dags/example_branch_operator.py
[2025-01-31T15:00:14.690+0000] {processor.py:914} INFO - Processing file /home/airflow/.local/lib/python3.12/site-packages/airflow/example_dags/example_branch_operator.py for tasks to queue
[2025-01-31T15:00:14.693+0000] {logging_mixin.py:190} INFO - [2025-01-31T15:00:14.693+0000] {dagbag.py:588} INFO - Filling up the DagBag from /home/airflow/.local/lib/python3.12/site-packages/airflow/example_dags/example_branch_operator.py
[2025-01-31T15:00:14.716+0000] {processor.py:925} INFO - DAG(s) 'example_branch_operator' retrieved from /home/airflow/.local/lib/python3.12/site-packages/airflow/example_dags/example_branch_operator.py
[2025-01-31T15:00:14.753+0000] {logging_mixin.py:190} INFO - [2025-01-31T15:00:14.752+0000] {dag.py:3239} INFO - Sync 1 DAGs
[2025-01-31T15:00:14.787+0000] {logging_mixin.py:190} INFO - [2025-01-31T15:00:14.786+0000] {dag.py:4180} INFO - Setting next_dagrun for example_branch_operator to 2025-01-30 00:00:00+00:00, run_after=2025-01-31 00:00:00+00:00
[2025-01-31T15:00:14.808+0000] {processor.py:208} INFO - Processing /home/airflow/.local/lib/python3.12/site-packages/airflow/example_dags/example_branch_operator.py took 0.131 seconds
[2025-01-31T15:00:44.850+0000] {processor.py:186} INFO - Started process (PID=4307) to work on /home/airflow/.local/lib/python3.12/site-packages/airflow/example_dags/example_branch_operator.py
[2025-01-31T15:00:44.851+0000] {processor.py:914} INFO - Processing file /home/airflow/.local/lib/python3.12/site-packages/airflow/example_dags/example_branch_operator.py for tasks to queue
[2025-01-31T15:00:44.852+0000] {logging_mixin.py:190} INFO - [2025-01-31T15:00:44.852+0000] {dagbag.py:588} INFO - Filling up the DagBag from /home/airflow/.local/lib/python3.12/site-packages/airflow/example_dags/example_branch_operator.py
[2025-01-31T15:00:44.871+0000] {processor.py:925} INFO - DAG(s) 'example_branch_operator' retrieved from /home/airflow/.local/lib/python3.12/site-packages/airflow/example_dags/example_branch_operator.py
[2025-01-31T15:00:44.904+0000] {logging_mixin.py:190} INFO - [2025-01-31T15:00:44.904+0000] {dag.py:3239} INFO - Sync 1 DAGs
[2025-01-31T15:00:44.922+0000] {logging_mixin.py:190} INFO - [2025-01-31T15:00:44.922+0000] {dag.py:4180} INFO - Setting next_dagrun for example_branch_operator to 2025-01-30 00:00:00+00:00, run_after=2025-01-31 00:00:00+00:00
[2025-01-31T15:00:44.934+0000] {processor.py:208} INFO - Processing /home/airflow/.local/lib/python3.12/site-packages/airflow/example_dags/example_branch_operator.py took 0.089 seconds
[2025-01-31T15:01:14.984+0000] {processor.py:186} INFO - Started process (PID=4373) to work on /home/airflow/.local/lib/python3.12/site-packages/airflow/example_dags/example_branch_operator.py
[2025-01-31T15:01:14.985+0000] {processor.py:914} INFO - Processing file /home/airflow/.local/lib/python3.12/site-packages/airflow/example_dags/example_branch_operator.py for tasks to queue
[2025-01-31T15:01:14.988+0000] {logging_mixin.py:190} INFO - [2025-01-31T15:01:14.988+0000] {dagbag.py:588} INFO - Filling up the DagBag from /home/airflow/.local/lib/python3.12/site-packages/airflow/example_dags/example_branch_operator.py
[2025-01-31T15:01:15.007+0000] {processor.py:925} INFO - DAG(s) 'example_branch_operator' retrieved from /home/airflow/.local/lib/python3.12/site-packages/airflow/example_dags/example_branch_operator.py
[2025-01-31T15:01:15.028+0000] {logging_mixin.py:190} INFO - [2025-01-31T15:01:15.028+0000] {dag.py:3239} INFO - Sync 1 DAGs
[2025-01-31T15:01:15.046+0000] {logging_mixin.py:190} INFO - [2025-01-31T15:01:15.046+0000] {dag.py:4180} INFO - Setting next_dagrun for example_branch_operator to 2025-01-30 00:00:00+00:00, run_after=2025-01-31 00:00:00+00:00
[2025-01-31T15:01:15.058+0000] {processor.py:208} INFO - Processing /home/airflow/.local/lib/python3.12/site-packages/airflow/example_dags/example_branch_operator.py took 0.080 seconds
