[2025-01-31T14:27:50.716+0000] {processor.py:186} INFO - Started process (PID=114) to work on /home/airflow/.local/lib/python3.12/site-packages/airflow/example_dags/example_skip_dag.py
[2025-01-31T14:27:50.717+0000] {processor.py:914} INFO - Processing file /home/airflow/.local/lib/python3.12/site-packages/airflow/example_dags/example_skip_dag.py for tasks to queue
[2025-01-31T14:27:50.719+0000] {logging_mixin.py:190} INFO - [2025-01-31T14:27:50.719+0000] {dagbag.py:588} INFO - Filling up the DagBag from /home/airflow/.local/lib/python3.12/site-packages/airflow/example_dags/example_skip_dag.py
[2025-01-31T14:27:50.725+0000] {processor.py:925} INFO - DAG(s) 'example_skip_dag' retrieved from /home/airflow/.local/lib/python3.12/site-packages/airflow/example_dags/example_skip_dag.py
[2025-01-31T14:27:50.808+0000] {logging_mixin.py:190} INFO - [2025-01-31T14:27:50.807+0000] {override.py:1911} INFO - Created Permission View: can delete on DAG:example_skip_dag
[2025-01-31T14:27:50.814+0000] {logging_mixin.py:190} INFO - [2025-01-31T14:27:50.814+0000] {override.py:1911} INFO - Created Permission View: can edit on DAG:example_skip_dag
[2025-01-31T14:27:50.820+0000] {logging_mixin.py:190} INFO - [2025-01-31T14:27:50.820+0000] {override.py:1911} INFO - Created Permission View: can read on DAG:example_skip_dag
[2025-01-31T14:27:50.825+0000] {logging_mixin.py:190} INFO - [2025-01-31T14:27:50.825+0000] {override.py:1911} INFO - Created Permission View: menu access on DAG Run:example_skip_dag
[2025-01-31T14:27:50.829+0000] {logging_mixin.py:190} INFO - [2025-01-31T14:27:50.829+0000] {override.py:1911} INFO - Created Permission View: can create on DAG Run:example_skip_dag
[2025-01-31T14:27:50.833+0000] {logging_mixin.py:190} INFO - [2025-01-31T14:27:50.833+0000] {override.py:1911} INFO - Created Permission View: can delete on DAG Run:example_skip_dag
[2025-01-31T14:27:50.838+0000] {logging_mixin.py:190} INFO - [2025-01-31T14:27:50.838+0000] {override.py:1911} INFO - Created Permission View: can read on DAG Run:example_skip_dag
[2025-01-31T14:27:50.838+0000] {logging_mixin.py:190} INFO - [2025-01-31T14:27:50.838+0000] {dag.py:3239} INFO - Sync 1 DAGs
[2025-01-31T14:27:50.852+0000] {logging_mixin.py:190} INFO - [2025-01-31T14:27:50.852+0000] {dag.py:3262} INFO - Creating ORM DAG for example_skip_dag
[2025-01-31T14:27:50.863+0000] {logging_mixin.py:190} INFO - [2025-01-31T14:27:50.863+0000] {dag.py:4180} INFO - Setting next_dagrun for example_skip_dag to 2025-01-30 00:00:00+00:00, run_after=2025-01-31 00:00:00+00:00
[2025-01-31T14:27:50.878+0000] {processor.py:208} INFO - Processing /home/airflow/.local/lib/python3.12/site-packages/airflow/example_dags/example_skip_dag.py took 0.166 seconds
[2025-01-31T14:28:21.345+0000] {processor.py:186} INFO - Started process (PID=179) to work on /home/airflow/.local/lib/python3.12/site-packages/airflow/example_dags/example_skip_dag.py
[2025-01-31T14:28:21.346+0000] {processor.py:914} INFO - Processing file /home/airflow/.local/lib/python3.12/site-packages/airflow/example_dags/example_skip_dag.py for tasks to queue
[2025-01-31T14:28:21.348+0000] {logging_mixin.py:190} INFO - [2025-01-31T14:28:21.347+0000] {dagbag.py:588} INFO - Filling up the DagBag from /home/airflow/.local/lib/python3.12/site-packages/airflow/example_dags/example_skip_dag.py
[2025-01-31T14:28:21.356+0000] {processor.py:925} INFO - DAG(s) 'example_skip_dag' retrieved from /home/airflow/.local/lib/python3.12/site-packages/airflow/example_dags/example_skip_dag.py
[2025-01-31T14:28:21.379+0000] {logging_mixin.py:190} INFO - [2025-01-31T14:28:21.378+0000] {dag.py:3239} INFO - Sync 1 DAGs
[2025-01-31T14:28:21.401+0000] {logging_mixin.py:190} INFO - [2025-01-31T14:28:21.401+0000] {dag.py:4180} INFO - Setting next_dagrun for example_skip_dag to 2025-01-30 00:00:00+00:00, run_after=2025-01-31 00:00:00+00:00
[2025-01-31T14:28:21.418+0000] {processor.py:208} INFO - Processing /home/airflow/.local/lib/python3.12/site-packages/airflow/example_dags/example_skip_dag.py took 0.079 seconds
[2025-01-31T14:28:52.424+0000] {processor.py:186} INFO - Started process (PID=244) to work on /home/airflow/.local/lib/python3.12/site-packages/airflow/example_dags/example_skip_dag.py
[2025-01-31T14:28:52.425+0000] {processor.py:914} INFO - Processing file /home/airflow/.local/lib/python3.12/site-packages/airflow/example_dags/example_skip_dag.py for tasks to queue
[2025-01-31T14:28:52.427+0000] {logging_mixin.py:190} INFO - [2025-01-31T14:28:52.427+0000] {dagbag.py:588} INFO - Filling up the DagBag from /home/airflow/.local/lib/python3.12/site-packages/airflow/example_dags/example_skip_dag.py
[2025-01-31T14:28:52.436+0000] {processor.py:925} INFO - DAG(s) 'example_skip_dag' retrieved from /home/airflow/.local/lib/python3.12/site-packages/airflow/example_dags/example_skip_dag.py
[2025-01-31T14:28:52.454+0000] {logging_mixin.py:190} INFO - [2025-01-31T14:28:52.454+0000] {dag.py:3239} INFO - Sync 1 DAGs
[2025-01-31T14:28:52.473+0000] {logging_mixin.py:190} INFO - [2025-01-31T14:28:52.472+0000] {dag.py:4180} INFO - Setting next_dagrun for example_skip_dag to 2025-01-30 00:00:00+00:00, run_after=2025-01-31 00:00:00+00:00
[2025-01-31T14:28:52.485+0000] {processor.py:208} INFO - Processing /home/airflow/.local/lib/python3.12/site-packages/airflow/example_dags/example_skip_dag.py took 0.066 seconds
[2025-01-31T14:29:22.813+0000] {processor.py:186} INFO - Started process (PID=309) to work on /home/airflow/.local/lib/python3.12/site-packages/airflow/example_dags/example_skip_dag.py
[2025-01-31T14:29:22.814+0000] {processor.py:914} INFO - Processing file /home/airflow/.local/lib/python3.12/site-packages/airflow/example_dags/example_skip_dag.py for tasks to queue
[2025-01-31T14:29:22.816+0000] {logging_mixin.py:190} INFO - [2025-01-31T14:29:22.816+0000] {dagbag.py:588} INFO - Filling up the DagBag from /home/airflow/.local/lib/python3.12/site-packages/airflow/example_dags/example_skip_dag.py
[2025-01-31T14:29:22.824+0000] {processor.py:925} INFO - DAG(s) 'example_skip_dag' retrieved from /home/airflow/.local/lib/python3.12/site-packages/airflow/example_dags/example_skip_dag.py
[2025-01-31T14:29:22.842+0000] {logging_mixin.py:190} INFO - [2025-01-31T14:29:22.842+0000] {dag.py:3239} INFO - Sync 1 DAGs
[2025-01-31T14:29:22.861+0000] {logging_mixin.py:190} INFO - [2025-01-31T14:29:22.861+0000] {dag.py:4180} INFO - Setting next_dagrun for example_skip_dag to 2025-01-30 00:00:00+00:00, run_after=2025-01-31 00:00:00+00:00
[2025-01-31T14:29:22.878+0000] {processor.py:208} INFO - Processing /home/airflow/.local/lib/python3.12/site-packages/airflow/example_dags/example_skip_dag.py took 0.070 seconds
[2025-01-31T14:29:52.942+0000] {processor.py:186} INFO - Started process (PID=374) to work on /home/airflow/.local/lib/python3.12/site-packages/airflow/example_dags/example_skip_dag.py
[2025-01-31T14:29:52.943+0000] {processor.py:914} INFO - Processing file /home/airflow/.local/lib/python3.12/site-packages/airflow/example_dags/example_skip_dag.py for tasks to queue
[2025-01-31T14:29:52.945+0000] {logging_mixin.py:190} INFO - [2025-01-31T14:29:52.945+0000] {dagbag.py:588} INFO - Filling up the DagBag from /home/airflow/.local/lib/python3.12/site-packages/airflow/example_dags/example_skip_dag.py
[2025-01-31T14:29:52.952+0000] {processor.py:925} INFO - DAG(s) 'example_skip_dag' retrieved from /home/airflow/.local/lib/python3.12/site-packages/airflow/example_dags/example_skip_dag.py
[2025-01-31T14:29:52.971+0000] {logging_mixin.py:190} INFO - [2025-01-31T14:29:52.971+0000] {dag.py:3239} INFO - Sync 1 DAGs
[2025-01-31T14:29:52.994+0000] {logging_mixin.py:190} INFO - [2025-01-31T14:29:52.994+0000] {dag.py:4180} INFO - Setting next_dagrun for example_skip_dag to 2025-01-30 00:00:00+00:00, run_after=2025-01-31 00:00:00+00:00
[2025-01-31T14:29:53.009+0000] {processor.py:208} INFO - Processing /home/airflow/.local/lib/python3.12/site-packages/airflow/example_dags/example_skip_dag.py took 0.071 seconds
[2025-01-31T14:30:23.772+0000] {processor.py:186} INFO - Started process (PID=439) to work on /home/airflow/.local/lib/python3.12/site-packages/airflow/example_dags/example_skip_dag.py
[2025-01-31T14:30:23.772+0000] {processor.py:914} INFO - Processing file /home/airflow/.local/lib/python3.12/site-packages/airflow/example_dags/example_skip_dag.py for tasks to queue
[2025-01-31T14:30:23.774+0000] {logging_mixin.py:190} INFO - [2025-01-31T14:30:23.774+0000] {dagbag.py:588} INFO - Filling up the DagBag from /home/airflow/.local/lib/python3.12/site-packages/airflow/example_dags/example_skip_dag.py
[2025-01-31T14:30:23.782+0000] {processor.py:925} INFO - DAG(s) 'example_skip_dag' retrieved from /home/airflow/.local/lib/python3.12/site-packages/airflow/example_dags/example_skip_dag.py
[2025-01-31T14:30:23.798+0000] {logging_mixin.py:190} INFO - [2025-01-31T14:30:23.797+0000] {dag.py:3239} INFO - Sync 1 DAGs
[2025-01-31T14:30:23.816+0000] {logging_mixin.py:190} INFO - [2025-01-31T14:30:23.816+0000] {dag.py:4180} INFO - Setting next_dagrun for example_skip_dag to 2025-01-30 00:00:00+00:00, run_after=2025-01-31 00:00:00+00:00
[2025-01-31T14:30:23.829+0000] {processor.py:208} INFO - Processing /home/airflow/.local/lib/python3.12/site-packages/airflow/example_dags/example_skip_dag.py took 0.062 seconds
[2025-01-31T14:30:54.751+0000] {processor.py:186} INFO - Started process (PID=504) to work on /home/airflow/.local/lib/python3.12/site-packages/airflow/example_dags/example_skip_dag.py
[2025-01-31T14:30:54.752+0000] {processor.py:914} INFO - Processing file /home/airflow/.local/lib/python3.12/site-packages/airflow/example_dags/example_skip_dag.py for tasks to queue
[2025-01-31T14:30:54.754+0000] {logging_mixin.py:190} INFO - [2025-01-31T14:30:54.754+0000] {dagbag.py:588} INFO - Filling up the DagBag from /home/airflow/.local/lib/python3.12/site-packages/airflow/example_dags/example_skip_dag.py
[2025-01-31T14:30:54.760+0000] {processor.py:925} INFO - DAG(s) 'example_skip_dag' retrieved from /home/airflow/.local/lib/python3.12/site-packages/airflow/example_dags/example_skip_dag.py
[2025-01-31T14:30:54.776+0000] {logging_mixin.py:190} INFO - [2025-01-31T14:30:54.776+0000] {dag.py:3239} INFO - Sync 1 DAGs
[2025-01-31T14:30:54.800+0000] {logging_mixin.py:190} INFO - [2025-01-31T14:30:54.800+0000] {dag.py:4180} INFO - Setting next_dagrun for example_skip_dag to 2025-01-30 00:00:00+00:00, run_after=2025-01-31 00:00:00+00:00
[2025-01-31T14:30:54.815+0000] {processor.py:208} INFO - Processing /home/airflow/.local/lib/python3.12/site-packages/airflow/example_dags/example_skip_dag.py took 0.068 seconds
[2025-01-31T14:31:25.154+0000] {processor.py:186} INFO - Started process (PID=569) to work on /home/airflow/.local/lib/python3.12/site-packages/airflow/example_dags/example_skip_dag.py
[2025-01-31T14:31:25.155+0000] {processor.py:914} INFO - Processing file /home/airflow/.local/lib/python3.12/site-packages/airflow/example_dags/example_skip_dag.py for tasks to queue
[2025-01-31T14:31:25.157+0000] {logging_mixin.py:190} INFO - [2025-01-31T14:31:25.157+0000] {dagbag.py:588} INFO - Filling up the DagBag from /home/airflow/.local/lib/python3.12/site-packages/airflow/example_dags/example_skip_dag.py
[2025-01-31T14:31:25.165+0000] {processor.py:925} INFO - DAG(s) 'example_skip_dag' retrieved from /home/airflow/.local/lib/python3.12/site-packages/airflow/example_dags/example_skip_dag.py
[2025-01-31T14:31:25.190+0000] {logging_mixin.py:190} INFO - [2025-01-31T14:31:25.190+0000] {dag.py:3239} INFO - Sync 1 DAGs
[2025-01-31T14:31:25.217+0000] {logging_mixin.py:190} INFO - [2025-01-31T14:31:25.216+0000] {dag.py:4180} INFO - Setting next_dagrun for example_skip_dag to 2025-01-30 00:00:00+00:00, run_after=2025-01-31 00:00:00+00:00
[2025-01-31T14:31:25.233+0000] {processor.py:208} INFO - Processing /home/airflow/.local/lib/python3.12/site-packages/airflow/example_dags/example_skip_dag.py took 0.086 seconds
[2025-01-31T14:31:55.960+0000] {processor.py:186} INFO - Started process (PID=635) to work on /home/airflow/.local/lib/python3.12/site-packages/airflow/example_dags/example_skip_dag.py
[2025-01-31T14:31:55.961+0000] {processor.py:914} INFO - Processing file /home/airflow/.local/lib/python3.12/site-packages/airflow/example_dags/example_skip_dag.py for tasks to queue
[2025-01-31T14:31:55.962+0000] {logging_mixin.py:190} INFO - [2025-01-31T14:31:55.962+0000] {dagbag.py:588} INFO - Filling up the DagBag from /home/airflow/.local/lib/python3.12/site-packages/airflow/example_dags/example_skip_dag.py
[2025-01-31T14:31:55.968+0000] {processor.py:925} INFO - DAG(s) 'example_skip_dag' retrieved from /home/airflow/.local/lib/python3.12/site-packages/airflow/example_dags/example_skip_dag.py
[2025-01-31T14:31:55.984+0000] {logging_mixin.py:190} INFO - [2025-01-31T14:31:55.984+0000] {dag.py:3239} INFO - Sync 1 DAGs
[2025-01-31T14:31:56.001+0000] {logging_mixin.py:190} INFO - [2025-01-31T14:31:56.001+0000] {dag.py:4180} INFO - Setting next_dagrun for example_skip_dag to 2025-01-30 00:00:00+00:00, run_after=2025-01-31 00:00:00+00:00
[2025-01-31T14:31:56.013+0000] {processor.py:208} INFO - Processing /home/airflow/.local/lib/python3.12/site-packages/airflow/example_dags/example_skip_dag.py took 0.057 seconds
[2025-01-31T14:32:27.238+0000] {processor.py:186} INFO - Started process (PID=699) to work on /home/airflow/.local/lib/python3.12/site-packages/airflow/example_dags/example_skip_dag.py
[2025-01-31T14:32:27.238+0000] {processor.py:914} INFO - Processing file /home/airflow/.local/lib/python3.12/site-packages/airflow/example_dags/example_skip_dag.py for tasks to queue
[2025-01-31T14:32:27.240+0000] {logging_mixin.py:190} INFO - [2025-01-31T14:32:27.240+0000] {dagbag.py:588} INFO - Filling up the DagBag from /home/airflow/.local/lib/python3.12/site-packages/airflow/example_dags/example_skip_dag.py
[2025-01-31T14:32:27.249+0000] {processor.py:925} INFO - DAG(s) 'example_skip_dag' retrieved from /home/airflow/.local/lib/python3.12/site-packages/airflow/example_dags/example_skip_dag.py
[2025-01-31T14:32:27.273+0000] {logging_mixin.py:190} INFO - [2025-01-31T14:32:27.272+0000] {dag.py:3239} INFO - Sync 1 DAGs
[2025-01-31T14:32:27.298+0000] {logging_mixin.py:190} INFO - [2025-01-31T14:32:27.298+0000] {dag.py:4180} INFO - Setting next_dagrun for example_skip_dag to 2025-01-30 00:00:00+00:00, run_after=2025-01-31 00:00:00+00:00
[2025-01-31T14:32:27.315+0000] {processor.py:208} INFO - Processing /home/airflow/.local/lib/python3.12/site-packages/airflow/example_dags/example_skip_dag.py took 0.084 seconds
[2025-01-31T14:32:57.838+0000] {processor.py:186} INFO - Started process (PID=764) to work on /home/airflow/.local/lib/python3.12/site-packages/airflow/example_dags/example_skip_dag.py
[2025-01-31T14:32:57.839+0000] {processor.py:914} INFO - Processing file /home/airflow/.local/lib/python3.12/site-packages/airflow/example_dags/example_skip_dag.py for tasks to queue
[2025-01-31T14:32:57.840+0000] {logging_mixin.py:190} INFO - [2025-01-31T14:32:57.840+0000] {dagbag.py:588} INFO - Filling up the DagBag from /home/airflow/.local/lib/python3.12/site-packages/airflow/example_dags/example_skip_dag.py
[2025-01-31T14:32:57.846+0000] {processor.py:925} INFO - DAG(s) 'example_skip_dag' retrieved from /home/airflow/.local/lib/python3.12/site-packages/airflow/example_dags/example_skip_dag.py
[2025-01-31T14:32:57.866+0000] {logging_mixin.py:190} INFO - [2025-01-31T14:32:57.866+0000] {dag.py:3239} INFO - Sync 1 DAGs
[2025-01-31T14:32:57.885+0000] {logging_mixin.py:190} INFO - [2025-01-31T14:32:57.885+0000] {dag.py:4180} INFO - Setting next_dagrun for example_skip_dag to 2025-01-30 00:00:00+00:00, run_after=2025-01-31 00:00:00+00:00
[2025-01-31T14:32:57.899+0000] {processor.py:208} INFO - Processing /home/airflow/.local/lib/python3.12/site-packages/airflow/example_dags/example_skip_dag.py took 0.065 seconds
[2025-01-31T14:33:28.731+0000] {processor.py:186} INFO - Started process (PID=830) to work on /home/airflow/.local/lib/python3.12/site-packages/airflow/example_dags/example_skip_dag.py
[2025-01-31T14:33:28.731+0000] {processor.py:914} INFO - Processing file /home/airflow/.local/lib/python3.12/site-packages/airflow/example_dags/example_skip_dag.py for tasks to queue
[2025-01-31T14:33:28.733+0000] {logging_mixin.py:190} INFO - [2025-01-31T14:33:28.733+0000] {dagbag.py:588} INFO - Filling up the DagBag from /home/airflow/.local/lib/python3.12/site-packages/airflow/example_dags/example_skip_dag.py
[2025-01-31T14:33:28.739+0000] {processor.py:925} INFO - DAG(s) 'example_skip_dag' retrieved from /home/airflow/.local/lib/python3.12/site-packages/airflow/example_dags/example_skip_dag.py
[2025-01-31T14:33:28.758+0000] {logging_mixin.py:190} INFO - [2025-01-31T14:33:28.758+0000] {dag.py:3239} INFO - Sync 1 DAGs
[2025-01-31T14:33:28.782+0000] {logging_mixin.py:190} INFO - [2025-01-31T14:33:28.782+0000] {dag.py:4180} INFO - Setting next_dagrun for example_skip_dag to 2025-01-30 00:00:00+00:00, run_after=2025-01-31 00:00:00+00:00
[2025-01-31T14:33:28.798+0000] {processor.py:208} INFO - Processing /home/airflow/.local/lib/python3.12/site-packages/airflow/example_dags/example_skip_dag.py took 0.071 seconds
[2025-01-31T14:34:00.297+0000] {processor.py:186} INFO - Started process (PID=895) to work on /home/airflow/.local/lib/python3.12/site-packages/airflow/example_dags/example_skip_dag.py
[2025-01-31T14:34:00.297+0000] {processor.py:914} INFO - Processing file /home/airflow/.local/lib/python3.12/site-packages/airflow/example_dags/example_skip_dag.py for tasks to queue
[2025-01-31T14:34:00.299+0000] {logging_mixin.py:190} INFO - [2025-01-31T14:34:00.299+0000] {dagbag.py:588} INFO - Filling up the DagBag from /home/airflow/.local/lib/python3.12/site-packages/airflow/example_dags/example_skip_dag.py
[2025-01-31T14:34:00.305+0000] {processor.py:925} INFO - DAG(s) 'example_skip_dag' retrieved from /home/airflow/.local/lib/python3.12/site-packages/airflow/example_dags/example_skip_dag.py
[2025-01-31T14:34:00.321+0000] {logging_mixin.py:190} INFO - [2025-01-31T14:34:00.320+0000] {dag.py:3239} INFO - Sync 1 DAGs
[2025-01-31T14:34:00.340+0000] {logging_mixin.py:190} INFO - [2025-01-31T14:34:00.339+0000] {dag.py:4180} INFO - Setting next_dagrun for example_skip_dag to 2025-01-30 00:00:00+00:00, run_after=2025-01-31 00:00:00+00:00
[2025-01-31T14:34:00.353+0000] {processor.py:208} INFO - Processing /home/airflow/.local/lib/python3.12/site-packages/airflow/example_dags/example_skip_dag.py took 0.061 seconds
[2025-01-31T14:34:31.168+0000] {processor.py:186} INFO - Started process (PID=960) to work on /home/airflow/.local/lib/python3.12/site-packages/airflow/example_dags/example_skip_dag.py
[2025-01-31T14:34:31.168+0000] {processor.py:914} INFO - Processing file /home/airflow/.local/lib/python3.12/site-packages/airflow/example_dags/example_skip_dag.py for tasks to queue
[2025-01-31T14:34:31.170+0000] {logging_mixin.py:190} INFO - [2025-01-31T14:34:31.170+0000] {dagbag.py:588} INFO - Filling up the DagBag from /home/airflow/.local/lib/python3.12/site-packages/airflow/example_dags/example_skip_dag.py
[2025-01-31T14:34:31.176+0000] {processor.py:925} INFO - DAG(s) 'example_skip_dag' retrieved from /home/airflow/.local/lib/python3.12/site-packages/airflow/example_dags/example_skip_dag.py
[2025-01-31T14:34:31.194+0000] {logging_mixin.py:190} INFO - [2025-01-31T14:34:31.194+0000] {dag.py:3239} INFO - Sync 1 DAGs
[2025-01-31T14:34:31.215+0000] {logging_mixin.py:190} INFO - [2025-01-31T14:34:31.215+0000] {dag.py:4180} INFO - Setting next_dagrun for example_skip_dag to 2025-01-30 00:00:00+00:00, run_after=2025-01-31 00:00:00+00:00
[2025-01-31T14:34:31.233+0000] {processor.py:208} INFO - Processing /home/airflow/.local/lib/python3.12/site-packages/airflow/example_dags/example_skip_dag.py took 0.070 seconds
[2025-01-31T14:35:02.148+0000] {processor.py:186} INFO - Started process (PID=1026) to work on /home/airflow/.local/lib/python3.12/site-packages/airflow/example_dags/example_skip_dag.py
[2025-01-31T14:35:02.149+0000] {processor.py:914} INFO - Processing file /home/airflow/.local/lib/python3.12/site-packages/airflow/example_dags/example_skip_dag.py for tasks to queue
[2025-01-31T14:35:02.150+0000] {logging_mixin.py:190} INFO - [2025-01-31T14:35:02.150+0000] {dagbag.py:588} INFO - Filling up the DagBag from /home/airflow/.local/lib/python3.12/site-packages/airflow/example_dags/example_skip_dag.py
[2025-01-31T14:35:02.157+0000] {processor.py:925} INFO - DAG(s) 'example_skip_dag' retrieved from /home/airflow/.local/lib/python3.12/site-packages/airflow/example_dags/example_skip_dag.py
[2025-01-31T14:35:02.176+0000] {logging_mixin.py:190} INFO - [2025-01-31T14:35:02.176+0000] {dag.py:3239} INFO - Sync 1 DAGs
[2025-01-31T14:35:02.200+0000] {logging_mixin.py:190} INFO - [2025-01-31T14:35:02.200+0000] {dag.py:4180} INFO - Setting next_dagrun for example_skip_dag to 2025-01-30 00:00:00+00:00, run_after=2025-01-31 00:00:00+00:00
[2025-01-31T14:35:02.217+0000] {processor.py:208} INFO - Processing /home/airflow/.local/lib/python3.12/site-packages/airflow/example_dags/example_skip_dag.py took 0.073 seconds
[2025-01-31T14:35:32.680+0000] {processor.py:186} INFO - Started process (PID=1091) to work on /home/airflow/.local/lib/python3.12/site-packages/airflow/example_dags/example_skip_dag.py
[2025-01-31T14:35:32.681+0000] {processor.py:914} INFO - Processing file /home/airflow/.local/lib/python3.12/site-packages/airflow/example_dags/example_skip_dag.py for tasks to queue
[2025-01-31T14:35:32.683+0000] {logging_mixin.py:190} INFO - [2025-01-31T14:35:32.683+0000] {dagbag.py:588} INFO - Filling up the DagBag from /home/airflow/.local/lib/python3.12/site-packages/airflow/example_dags/example_skip_dag.py
[2025-01-31T14:35:32.691+0000] {processor.py:925} INFO - DAG(s) 'example_skip_dag' retrieved from /home/airflow/.local/lib/python3.12/site-packages/airflow/example_dags/example_skip_dag.py
[2025-01-31T14:35:32.711+0000] {logging_mixin.py:190} INFO - [2025-01-31T14:35:32.711+0000] {dag.py:3239} INFO - Sync 1 DAGs
[2025-01-31T14:35:32.734+0000] {logging_mixin.py:190} INFO - [2025-01-31T14:35:32.734+0000] {dag.py:4180} INFO - Setting next_dagrun for example_skip_dag to 2025-01-30 00:00:00+00:00, run_after=2025-01-31 00:00:00+00:00
[2025-01-31T14:35:32.748+0000] {processor.py:208} INFO - Processing /home/airflow/.local/lib/python3.12/site-packages/airflow/example_dags/example_skip_dag.py took 0.075 seconds
[2025-01-31T14:36:04.044+0000] {processor.py:186} INFO - Started process (PID=1156) to work on /home/airflow/.local/lib/python3.12/site-packages/airflow/example_dags/example_skip_dag.py
[2025-01-31T14:36:04.045+0000] {processor.py:914} INFO - Processing file /home/airflow/.local/lib/python3.12/site-packages/airflow/example_dags/example_skip_dag.py for tasks to queue
[2025-01-31T14:36:04.047+0000] {logging_mixin.py:190} INFO - [2025-01-31T14:36:04.047+0000] {dagbag.py:588} INFO - Filling up the DagBag from /home/airflow/.local/lib/python3.12/site-packages/airflow/example_dags/example_skip_dag.py
[2025-01-31T14:36:04.056+0000] {processor.py:925} INFO - DAG(s) 'example_skip_dag' retrieved from /home/airflow/.local/lib/python3.12/site-packages/airflow/example_dags/example_skip_dag.py
[2025-01-31T14:36:04.078+0000] {logging_mixin.py:190} INFO - [2025-01-31T14:36:04.078+0000] {dag.py:3239} INFO - Sync 1 DAGs
[2025-01-31T14:36:04.098+0000] {logging_mixin.py:190} INFO - [2025-01-31T14:36:04.098+0000] {dag.py:4180} INFO - Setting next_dagrun for example_skip_dag to 2025-01-30 00:00:00+00:00, run_after=2025-01-31 00:00:00+00:00
[2025-01-31T14:36:04.111+0000] {processor.py:208} INFO - Processing /home/airflow/.local/lib/python3.12/site-packages/airflow/example_dags/example_skip_dag.py took 0.071 seconds
[2025-01-31T14:36:35.482+0000] {processor.py:186} INFO - Started process (PID=1222) to work on /home/airflow/.local/lib/python3.12/site-packages/airflow/example_dags/example_skip_dag.py
[2025-01-31T14:36:35.483+0000] {processor.py:914} INFO - Processing file /home/airflow/.local/lib/python3.12/site-packages/airflow/example_dags/example_skip_dag.py for tasks to queue
[2025-01-31T14:36:35.485+0000] {logging_mixin.py:190} INFO - [2025-01-31T14:36:35.485+0000] {dagbag.py:588} INFO - Filling up the DagBag from /home/airflow/.local/lib/python3.12/site-packages/airflow/example_dags/example_skip_dag.py
[2025-01-31T14:36:35.494+0000] {processor.py:925} INFO - DAG(s) 'example_skip_dag' retrieved from /home/airflow/.local/lib/python3.12/site-packages/airflow/example_dags/example_skip_dag.py
[2025-01-31T14:36:35.523+0000] {logging_mixin.py:190} INFO - [2025-01-31T14:36:35.522+0000] {dag.py:3239} INFO - Sync 1 DAGs
[2025-01-31T14:36:35.543+0000] {logging_mixin.py:190} INFO - [2025-01-31T14:36:35.543+0000] {dag.py:4180} INFO - Setting next_dagrun for example_skip_dag to 2025-01-30 00:00:00+00:00, run_after=2025-01-31 00:00:00+00:00
[2025-01-31T14:36:35.559+0000] {processor.py:208} INFO - Processing /home/airflow/.local/lib/python3.12/site-packages/airflow/example_dags/example_skip_dag.py took 0.083 seconds
[2025-01-31T14:37:06.636+0000] {processor.py:186} INFO - Started process (PID=1287) to work on /home/airflow/.local/lib/python3.12/site-packages/airflow/example_dags/example_skip_dag.py
[2025-01-31T14:37:06.637+0000] {processor.py:914} INFO - Processing file /home/airflow/.local/lib/python3.12/site-packages/airflow/example_dags/example_skip_dag.py for tasks to queue
[2025-01-31T14:37:06.639+0000] {logging_mixin.py:190} INFO - [2025-01-31T14:37:06.639+0000] {dagbag.py:588} INFO - Filling up the DagBag from /home/airflow/.local/lib/python3.12/site-packages/airflow/example_dags/example_skip_dag.py
[2025-01-31T14:37:06.645+0000] {processor.py:925} INFO - DAG(s) 'example_skip_dag' retrieved from /home/airflow/.local/lib/python3.12/site-packages/airflow/example_dags/example_skip_dag.py
[2025-01-31T14:37:06.663+0000] {logging_mixin.py:190} INFO - [2025-01-31T14:37:06.662+0000] {dag.py:3239} INFO - Sync 1 DAGs
[2025-01-31T14:37:06.683+0000] {logging_mixin.py:190} INFO - [2025-01-31T14:37:06.683+0000] {dag.py:4180} INFO - Setting next_dagrun for example_skip_dag to 2025-01-30 00:00:00+00:00, run_after=2025-01-31 00:00:00+00:00
[2025-01-31T14:37:06.697+0000] {processor.py:208} INFO - Processing /home/airflow/.local/lib/python3.12/site-packages/airflow/example_dags/example_skip_dag.py took 0.065 seconds
[2025-01-31T14:37:38.179+0000] {processor.py:186} INFO - Started process (PID=1352) to work on /home/airflow/.local/lib/python3.12/site-packages/airflow/example_dags/example_skip_dag.py
[2025-01-31T14:37:38.180+0000] {processor.py:914} INFO - Processing file /home/airflow/.local/lib/python3.12/site-packages/airflow/example_dags/example_skip_dag.py for tasks to queue
[2025-01-31T14:37:38.181+0000] {logging_mixin.py:190} INFO - [2025-01-31T14:37:38.181+0000] {dagbag.py:588} INFO - Filling up the DagBag from /home/airflow/.local/lib/python3.12/site-packages/airflow/example_dags/example_skip_dag.py
[2025-01-31T14:37:38.188+0000] {processor.py:925} INFO - DAG(s) 'example_skip_dag' retrieved from /home/airflow/.local/lib/python3.12/site-packages/airflow/example_dags/example_skip_dag.py
[2025-01-31T14:37:38.205+0000] {logging_mixin.py:190} INFO - [2025-01-31T14:37:38.204+0000] {dag.py:3239} INFO - Sync 1 DAGs
[2025-01-31T14:37:38.221+0000] {logging_mixin.py:190} INFO - [2025-01-31T14:37:38.221+0000] {dag.py:4180} INFO - Setting next_dagrun for example_skip_dag to 2025-01-30 00:00:00+00:00, run_after=2025-01-31 00:00:00+00:00
[2025-01-31T14:37:38.234+0000] {processor.py:208} INFO - Processing /home/airflow/.local/lib/python3.12/site-packages/airflow/example_dags/example_skip_dag.py took 0.060 seconds
[2025-01-31T14:38:09.228+0000] {processor.py:186} INFO - Started process (PID=1417) to work on /home/airflow/.local/lib/python3.12/site-packages/airflow/example_dags/example_skip_dag.py
[2025-01-31T14:38:09.228+0000] {processor.py:914} INFO - Processing file /home/airflow/.local/lib/python3.12/site-packages/airflow/example_dags/example_skip_dag.py for tasks to queue
[2025-01-31T14:38:09.230+0000] {logging_mixin.py:190} INFO - [2025-01-31T14:38:09.230+0000] {dagbag.py:588} INFO - Filling up the DagBag from /home/airflow/.local/lib/python3.12/site-packages/airflow/example_dags/example_skip_dag.py
[2025-01-31T14:38:09.238+0000] {processor.py:925} INFO - DAG(s) 'example_skip_dag' retrieved from /home/airflow/.local/lib/python3.12/site-packages/airflow/example_dags/example_skip_dag.py
[2025-01-31T14:38:09.254+0000] {logging_mixin.py:190} INFO - [2025-01-31T14:38:09.254+0000] {dag.py:3239} INFO - Sync 1 DAGs
[2025-01-31T14:38:09.272+0000] {logging_mixin.py:190} INFO - [2025-01-31T14:38:09.272+0000] {dag.py:4180} INFO - Setting next_dagrun for example_skip_dag to 2025-01-30 00:00:00+00:00, run_after=2025-01-31 00:00:00+00:00
[2025-01-31T14:38:09.286+0000] {processor.py:208} INFO - Processing /home/airflow/.local/lib/python3.12/site-packages/airflow/example_dags/example_skip_dag.py took 0.063 seconds
[2025-01-31T14:38:40.398+0000] {processor.py:186} INFO - Started process (PID=1482) to work on /home/airflow/.local/lib/python3.12/site-packages/airflow/example_dags/example_skip_dag.py
[2025-01-31T14:38:40.399+0000] {processor.py:914} INFO - Processing file /home/airflow/.local/lib/python3.12/site-packages/airflow/example_dags/example_skip_dag.py for tasks to queue
[2025-01-31T14:38:40.400+0000] {logging_mixin.py:190} INFO - [2025-01-31T14:38:40.400+0000] {dagbag.py:588} INFO - Filling up the DagBag from /home/airflow/.local/lib/python3.12/site-packages/airflow/example_dags/example_skip_dag.py
[2025-01-31T14:38:40.408+0000] {processor.py:925} INFO - DAG(s) 'example_skip_dag' retrieved from /home/airflow/.local/lib/python3.12/site-packages/airflow/example_dags/example_skip_dag.py
[2025-01-31T14:38:40.426+0000] {logging_mixin.py:190} INFO - [2025-01-31T14:38:40.425+0000] {dag.py:3239} INFO - Sync 1 DAGs
[2025-01-31T14:38:40.445+0000] {logging_mixin.py:190} INFO - [2025-01-31T14:38:40.445+0000] {dag.py:4180} INFO - Setting next_dagrun for example_skip_dag to 2025-01-30 00:00:00+00:00, run_after=2025-01-31 00:00:00+00:00
[2025-01-31T14:38:40.458+0000] {processor.py:208} INFO - Processing /home/airflow/.local/lib/python3.12/site-packages/airflow/example_dags/example_skip_dag.py took 0.065 seconds
[2025-01-31T14:39:11.692+0000] {processor.py:186} INFO - Started process (PID=1554) to work on /home/airflow/.local/lib/python3.12/site-packages/airflow/example_dags/example_skip_dag.py
[2025-01-31T14:39:11.692+0000] {processor.py:914} INFO - Processing file /home/airflow/.local/lib/python3.12/site-packages/airflow/example_dags/example_skip_dag.py for tasks to queue
[2025-01-31T14:39:11.695+0000] {logging_mixin.py:190} INFO - [2025-01-31T14:39:11.694+0000] {dagbag.py:588} INFO - Filling up the DagBag from /home/airflow/.local/lib/python3.12/site-packages/airflow/example_dags/example_skip_dag.py
[2025-01-31T14:39:11.703+0000] {processor.py:925} INFO - DAG(s) 'example_skip_dag' retrieved from /home/airflow/.local/lib/python3.12/site-packages/airflow/example_dags/example_skip_dag.py
[2025-01-31T14:39:11.723+0000] {logging_mixin.py:190} INFO - [2025-01-31T14:39:11.723+0000] {dag.py:3239} INFO - Sync 1 DAGs
[2025-01-31T14:39:11.746+0000] {logging_mixin.py:190} INFO - [2025-01-31T14:39:11.746+0000] {dag.py:4180} INFO - Setting next_dagrun for example_skip_dag to 2025-01-30 00:00:00+00:00, run_after=2025-01-31 00:00:00+00:00
[2025-01-31T14:39:11.760+0000] {processor.py:208} INFO - Processing /home/airflow/.local/lib/python3.12/site-packages/airflow/example_dags/example_skip_dag.py took 0.074 seconds
[2025-01-31T14:39:43.069+0000] {processor.py:186} INFO - Started process (PID=1618) to work on /home/airflow/.local/lib/python3.12/site-packages/airflow/example_dags/example_skip_dag.py
[2025-01-31T14:39:43.069+0000] {processor.py:914} INFO - Processing file /home/airflow/.local/lib/python3.12/site-packages/airflow/example_dags/example_skip_dag.py for tasks to queue
[2025-01-31T14:39:43.071+0000] {logging_mixin.py:190} INFO - [2025-01-31T14:39:43.071+0000] {dagbag.py:588} INFO - Filling up the DagBag from /home/airflow/.local/lib/python3.12/site-packages/airflow/example_dags/example_skip_dag.py
[2025-01-31T14:39:43.078+0000] {processor.py:925} INFO - DAG(s) 'example_skip_dag' retrieved from /home/airflow/.local/lib/python3.12/site-packages/airflow/example_dags/example_skip_dag.py
[2025-01-31T14:39:43.099+0000] {logging_mixin.py:190} INFO - [2025-01-31T14:39:43.098+0000] {dag.py:3239} INFO - Sync 1 DAGs
[2025-01-31T14:39:43.117+0000] {logging_mixin.py:190} INFO - [2025-01-31T14:39:43.117+0000] {dag.py:4180} INFO - Setting next_dagrun for example_skip_dag to 2025-01-30 00:00:00+00:00, run_after=2025-01-31 00:00:00+00:00
[2025-01-31T14:39:43.130+0000] {processor.py:208} INFO - Processing /home/airflow/.local/lib/python3.12/site-packages/airflow/example_dags/example_skip_dag.py took 0.066 seconds
[2025-01-31T14:40:13.993+0000] {processor.py:186} INFO - Started process (PID=1683) to work on /home/airflow/.local/lib/python3.12/site-packages/airflow/example_dags/example_skip_dag.py
[2025-01-31T14:40:13.993+0000] {processor.py:914} INFO - Processing file /home/airflow/.local/lib/python3.12/site-packages/airflow/example_dags/example_skip_dag.py for tasks to queue
[2025-01-31T14:40:13.995+0000] {logging_mixin.py:190} INFO - [2025-01-31T14:40:13.995+0000] {dagbag.py:588} INFO - Filling up the DagBag from /home/airflow/.local/lib/python3.12/site-packages/airflow/example_dags/example_skip_dag.py
[2025-01-31T14:40:14.002+0000] {processor.py:925} INFO - DAG(s) 'example_skip_dag' retrieved from /home/airflow/.local/lib/python3.12/site-packages/airflow/example_dags/example_skip_dag.py
[2025-01-31T14:40:14.018+0000] {logging_mixin.py:190} INFO - [2025-01-31T14:40:14.017+0000] {dag.py:3239} INFO - Sync 1 DAGs
[2025-01-31T14:40:14.037+0000] {logging_mixin.py:190} INFO - [2025-01-31T14:40:14.037+0000] {dag.py:4180} INFO - Setting next_dagrun for example_skip_dag to 2025-01-30 00:00:00+00:00, run_after=2025-01-31 00:00:00+00:00
[2025-01-31T14:40:14.051+0000] {processor.py:208} INFO - Processing /home/airflow/.local/lib/python3.12/site-packages/airflow/example_dags/example_skip_dag.py took 0.062 seconds
[2025-01-31T14:40:45.143+0000] {processor.py:186} INFO - Started process (PID=1748) to work on /home/airflow/.local/lib/python3.12/site-packages/airflow/example_dags/example_skip_dag.py
[2025-01-31T14:40:45.143+0000] {processor.py:914} INFO - Processing file /home/airflow/.local/lib/python3.12/site-packages/airflow/example_dags/example_skip_dag.py for tasks to queue
[2025-01-31T14:40:45.145+0000] {logging_mixin.py:190} INFO - [2025-01-31T14:40:45.145+0000] {dagbag.py:588} INFO - Filling up the DagBag from /home/airflow/.local/lib/python3.12/site-packages/airflow/example_dags/example_skip_dag.py
[2025-01-31T14:40:45.151+0000] {processor.py:925} INFO - DAG(s) 'example_skip_dag' retrieved from /home/airflow/.local/lib/python3.12/site-packages/airflow/example_dags/example_skip_dag.py
[2025-01-31T14:40:45.169+0000] {logging_mixin.py:190} INFO - [2025-01-31T14:40:45.169+0000] {dag.py:3239} INFO - Sync 1 DAGs
[2025-01-31T14:40:45.191+0000] {logging_mixin.py:190} INFO - [2025-01-31T14:40:45.191+0000] {dag.py:4180} INFO - Setting next_dagrun for example_skip_dag to 2025-01-30 00:00:00+00:00, run_after=2025-01-31 00:00:00+00:00
[2025-01-31T14:40:45.207+0000] {processor.py:208} INFO - Processing /home/airflow/.local/lib/python3.12/site-packages/airflow/example_dags/example_skip_dag.py took 0.068 seconds
[2025-01-31T14:41:16.225+0000] {processor.py:186} INFO - Started process (PID=1813) to work on /home/airflow/.local/lib/python3.12/site-packages/airflow/example_dags/example_skip_dag.py
[2025-01-31T14:41:16.225+0000] {processor.py:914} INFO - Processing file /home/airflow/.local/lib/python3.12/site-packages/airflow/example_dags/example_skip_dag.py for tasks to queue
[2025-01-31T14:41:16.227+0000] {logging_mixin.py:190} INFO - [2025-01-31T14:41:16.227+0000] {dagbag.py:588} INFO - Filling up the DagBag from /home/airflow/.local/lib/python3.12/site-packages/airflow/example_dags/example_skip_dag.py
[2025-01-31T14:41:16.233+0000] {processor.py:925} INFO - DAG(s) 'example_skip_dag' retrieved from /home/airflow/.local/lib/python3.12/site-packages/airflow/example_dags/example_skip_dag.py
[2025-01-31T14:41:16.254+0000] {logging_mixin.py:190} INFO - [2025-01-31T14:41:16.254+0000] {dag.py:3239} INFO - Sync 1 DAGs
[2025-01-31T14:41:16.278+0000] {logging_mixin.py:190} INFO - [2025-01-31T14:41:16.278+0000] {dag.py:4180} INFO - Setting next_dagrun for example_skip_dag to 2025-01-30 00:00:00+00:00, run_after=2025-01-31 00:00:00+00:00
[2025-01-31T14:41:16.291+0000] {processor.py:208} INFO - Processing /home/airflow/.local/lib/python3.12/site-packages/airflow/example_dags/example_skip_dag.py took 0.071 seconds
[2025-01-31T14:41:47.624+0000] {processor.py:186} INFO - Started process (PID=1879) to work on /home/airflow/.local/lib/python3.12/site-packages/airflow/example_dags/example_skip_dag.py
[2025-01-31T14:41:47.634+0000] {processor.py:914} INFO - Processing file /home/airflow/.local/lib/python3.12/site-packages/airflow/example_dags/example_skip_dag.py for tasks to queue
[2025-01-31T14:41:47.636+0000] {logging_mixin.py:190} INFO - [2025-01-31T14:41:47.636+0000] {dagbag.py:588} INFO - Filling up the DagBag from /home/airflow/.local/lib/python3.12/site-packages/airflow/example_dags/example_skip_dag.py
[2025-01-31T14:41:47.646+0000] {processor.py:925} INFO - DAG(s) 'example_skip_dag' retrieved from /home/airflow/.local/lib/python3.12/site-packages/airflow/example_dags/example_skip_dag.py
[2025-01-31T14:41:47.671+0000] {logging_mixin.py:190} INFO - [2025-01-31T14:41:47.671+0000] {dag.py:3239} INFO - Sync 1 DAGs
[2025-01-31T14:41:47.709+0000] {logging_mixin.py:190} INFO - [2025-01-31T14:41:47.709+0000] {dag.py:4180} INFO - Setting next_dagrun for example_skip_dag to 2025-01-30 00:00:00+00:00, run_after=2025-01-31 00:00:00+00:00
[2025-01-31T14:41:47.729+0000] {processor.py:208} INFO - Processing /home/airflow/.local/lib/python3.12/site-packages/airflow/example_dags/example_skip_dag.py took 0.112 seconds
[2025-01-31T14:42:19.506+0000] {processor.py:186} INFO - Started process (PID=1944) to work on /home/airflow/.local/lib/python3.12/site-packages/airflow/example_dags/example_skip_dag.py
[2025-01-31T14:42:19.506+0000] {processor.py:914} INFO - Processing file /home/airflow/.local/lib/python3.12/site-packages/airflow/example_dags/example_skip_dag.py for tasks to queue
[2025-01-31T14:42:19.508+0000] {logging_mixin.py:190} INFO - [2025-01-31T14:42:19.508+0000] {dagbag.py:588} INFO - Filling up the DagBag from /home/airflow/.local/lib/python3.12/site-packages/airflow/example_dags/example_skip_dag.py
[2025-01-31T14:42:19.514+0000] {processor.py:925} INFO - DAG(s) 'example_skip_dag' retrieved from /home/airflow/.local/lib/python3.12/site-packages/airflow/example_dags/example_skip_dag.py
[2025-01-31T14:42:19.535+0000] {logging_mixin.py:190} INFO - [2025-01-31T14:42:19.534+0000] {dag.py:3239} INFO - Sync 1 DAGs
[2025-01-31T14:42:19.559+0000] {logging_mixin.py:190} INFO - [2025-01-31T14:42:19.558+0000] {dag.py:4180} INFO - Setting next_dagrun for example_skip_dag to 2025-01-30 00:00:00+00:00, run_after=2025-01-31 00:00:00+00:00
[2025-01-31T14:42:19.574+0000] {processor.py:208} INFO - Processing /home/airflow/.local/lib/python3.12/site-packages/airflow/example_dags/example_skip_dag.py took 0.073 seconds
[2025-01-31T14:42:50.720+0000] {processor.py:186} INFO - Started process (PID=2010) to work on /home/airflow/.local/lib/python3.12/site-packages/airflow/example_dags/example_skip_dag.py
[2025-01-31T14:42:50.721+0000] {processor.py:914} INFO - Processing file /home/airflow/.local/lib/python3.12/site-packages/airflow/example_dags/example_skip_dag.py for tasks to queue
[2025-01-31T14:42:50.723+0000] {logging_mixin.py:190} INFO - [2025-01-31T14:42:50.723+0000] {dagbag.py:588} INFO - Filling up the DagBag from /home/airflow/.local/lib/python3.12/site-packages/airflow/example_dags/example_skip_dag.py
[2025-01-31T14:42:50.733+0000] {processor.py:925} INFO - DAG(s) 'example_skip_dag' retrieved from /home/airflow/.local/lib/python3.12/site-packages/airflow/example_dags/example_skip_dag.py
[2025-01-31T14:42:50.757+0000] {logging_mixin.py:190} INFO - [2025-01-31T14:42:50.756+0000] {dag.py:3239} INFO - Sync 1 DAGs
[2025-01-31T14:42:50.794+0000] {logging_mixin.py:190} INFO - [2025-01-31T14:42:50.794+0000] {dag.py:4180} INFO - Setting next_dagrun for example_skip_dag to 2025-01-30 00:00:00+00:00, run_after=2025-01-31 00:00:00+00:00
[2025-01-31T14:42:50.817+0000] {processor.py:208} INFO - Processing /home/airflow/.local/lib/python3.12/site-packages/airflow/example_dags/example_skip_dag.py took 0.107 seconds
[2025-01-31T14:43:21.453+0000] {processor.py:186} INFO - Started process (PID=2074) to work on /home/airflow/.local/lib/python3.12/site-packages/airflow/example_dags/example_skip_dag.py
[2025-01-31T14:43:21.454+0000] {processor.py:914} INFO - Processing file /home/airflow/.local/lib/python3.12/site-packages/airflow/example_dags/example_skip_dag.py for tasks to queue
[2025-01-31T14:43:21.456+0000] {logging_mixin.py:190} INFO - [2025-01-31T14:43:21.455+0000] {dagbag.py:588} INFO - Filling up the DagBag from /home/airflow/.local/lib/python3.12/site-packages/airflow/example_dags/example_skip_dag.py
[2025-01-31T14:43:21.462+0000] {processor.py:925} INFO - DAG(s) 'example_skip_dag' retrieved from /home/airflow/.local/lib/python3.12/site-packages/airflow/example_dags/example_skip_dag.py
[2025-01-31T14:43:21.482+0000] {logging_mixin.py:190} INFO - [2025-01-31T14:43:21.482+0000] {dag.py:3239} INFO - Sync 1 DAGs
[2025-01-31T14:43:21.503+0000] {logging_mixin.py:190} INFO - [2025-01-31T14:43:21.502+0000] {dag.py:4180} INFO - Setting next_dagrun for example_skip_dag to 2025-01-30 00:00:00+00:00, run_after=2025-01-31 00:00:00+00:00
[2025-01-31T14:43:21.519+0000] {processor.py:208} INFO - Processing /home/airflow/.local/lib/python3.12/site-packages/airflow/example_dags/example_skip_dag.py took 0.070 seconds
[2025-01-31T14:43:52.187+0000] {processor.py:186} INFO - Started process (PID=2140) to work on /home/airflow/.local/lib/python3.12/site-packages/airflow/example_dags/example_skip_dag.py
[2025-01-31T14:43:52.187+0000] {processor.py:914} INFO - Processing file /home/airflow/.local/lib/python3.12/site-packages/airflow/example_dags/example_skip_dag.py for tasks to queue
[2025-01-31T14:43:52.189+0000] {logging_mixin.py:190} INFO - [2025-01-31T14:43:52.189+0000] {dagbag.py:588} INFO - Filling up the DagBag from /home/airflow/.local/lib/python3.12/site-packages/airflow/example_dags/example_skip_dag.py
[2025-01-31T14:43:52.198+0000] {processor.py:925} INFO - DAG(s) 'example_skip_dag' retrieved from /home/airflow/.local/lib/python3.12/site-packages/airflow/example_dags/example_skip_dag.py
[2025-01-31T14:43:52.226+0000] {logging_mixin.py:190} INFO - [2025-01-31T14:43:52.226+0000] {dag.py:3239} INFO - Sync 1 DAGs
[2025-01-31T14:43:52.249+0000] {logging_mixin.py:190} INFO - [2025-01-31T14:43:52.249+0000] {dag.py:4180} INFO - Setting next_dagrun for example_skip_dag to 2025-01-30 00:00:00+00:00, run_after=2025-01-31 00:00:00+00:00
[2025-01-31T14:43:52.266+0000] {processor.py:208} INFO - Processing /home/airflow/.local/lib/python3.12/site-packages/airflow/example_dags/example_skip_dag.py took 0.085 seconds
[2025-01-31T14:44:23.365+0000] {processor.py:186} INFO - Started process (PID=2205) to work on /home/airflow/.local/lib/python3.12/site-packages/airflow/example_dags/example_skip_dag.py
[2025-01-31T14:44:23.366+0000] {processor.py:914} INFO - Processing file /home/airflow/.local/lib/python3.12/site-packages/airflow/example_dags/example_skip_dag.py for tasks to queue
[2025-01-31T14:44:23.367+0000] {logging_mixin.py:190} INFO - [2025-01-31T14:44:23.367+0000] {dagbag.py:588} INFO - Filling up the DagBag from /home/airflow/.local/lib/python3.12/site-packages/airflow/example_dags/example_skip_dag.py
[2025-01-31T14:44:23.374+0000] {processor.py:925} INFO - DAG(s) 'example_skip_dag' retrieved from /home/airflow/.local/lib/python3.12/site-packages/airflow/example_dags/example_skip_dag.py
[2025-01-31T14:44:23.389+0000] {logging_mixin.py:190} INFO - [2025-01-31T14:44:23.388+0000] {dag.py:3239} INFO - Sync 1 DAGs
[2025-01-31T14:44:23.406+0000] {logging_mixin.py:190} INFO - [2025-01-31T14:44:23.405+0000] {dag.py:4180} INFO - Setting next_dagrun for example_skip_dag to 2025-01-30 00:00:00+00:00, run_after=2025-01-31 00:00:00+00:00
[2025-01-31T14:44:23.418+0000] {processor.py:208} INFO - Processing /home/airflow/.local/lib/python3.12/site-packages/airflow/example_dags/example_skip_dag.py took 0.057 seconds
[2025-01-31T14:44:54.882+0000] {processor.py:186} INFO - Started process (PID=2275) to work on /home/airflow/.local/lib/python3.12/site-packages/airflow/example_dags/example_skip_dag.py
[2025-01-31T14:44:54.883+0000] {processor.py:914} INFO - Processing file /home/airflow/.local/lib/python3.12/site-packages/airflow/example_dags/example_skip_dag.py for tasks to queue
[2025-01-31T14:44:54.885+0000] {logging_mixin.py:190} INFO - [2025-01-31T14:44:54.885+0000] {dagbag.py:588} INFO - Filling up the DagBag from /home/airflow/.local/lib/python3.12/site-packages/airflow/example_dags/example_skip_dag.py
[2025-01-31T14:44:54.894+0000] {processor.py:925} INFO - DAG(s) 'example_skip_dag' retrieved from /home/airflow/.local/lib/python3.12/site-packages/airflow/example_dags/example_skip_dag.py
[2025-01-31T14:44:54.913+0000] {logging_mixin.py:190} INFO - [2025-01-31T14:44:54.913+0000] {dag.py:3239} INFO - Sync 1 DAGs
[2025-01-31T14:44:54.933+0000] {logging_mixin.py:190} INFO - [2025-01-31T14:44:54.933+0000] {dag.py:4180} INFO - Setting next_dagrun for example_skip_dag to 2025-01-30 00:00:00+00:00, run_after=2025-01-31 00:00:00+00:00
[2025-01-31T14:44:54.945+0000] {processor.py:208} INFO - Processing /home/airflow/.local/lib/python3.12/site-packages/airflow/example_dags/example_skip_dag.py took 0.070 seconds
[2025-01-31T14:45:25.735+0000] {processor.py:186} INFO - Started process (PID=2342) to work on /home/airflow/.local/lib/python3.12/site-packages/airflow/example_dags/example_skip_dag.py
[2025-01-31T14:45:25.736+0000] {processor.py:914} INFO - Processing file /home/airflow/.local/lib/python3.12/site-packages/airflow/example_dags/example_skip_dag.py for tasks to queue
[2025-01-31T14:45:25.737+0000] {logging_mixin.py:190} INFO - [2025-01-31T14:45:25.737+0000] {dagbag.py:588} INFO - Filling up the DagBag from /home/airflow/.local/lib/python3.12/site-packages/airflow/example_dags/example_skip_dag.py
[2025-01-31T14:45:25.744+0000] {processor.py:925} INFO - DAG(s) 'example_skip_dag' retrieved from /home/airflow/.local/lib/python3.12/site-packages/airflow/example_dags/example_skip_dag.py
[2025-01-31T14:45:25.761+0000] {logging_mixin.py:190} INFO - [2025-01-31T14:45:25.760+0000] {dag.py:3239} INFO - Sync 1 DAGs
[2025-01-31T14:45:25.779+0000] {logging_mixin.py:190} INFO - [2025-01-31T14:45:25.779+0000] {dag.py:4180} INFO - Setting next_dagrun for example_skip_dag to 2025-01-30 00:00:00+00:00, run_after=2025-01-31 00:00:00+00:00
[2025-01-31T14:45:25.793+0000] {processor.py:208} INFO - Processing /home/airflow/.local/lib/python3.12/site-packages/airflow/example_dags/example_skip_dag.py took 0.062 seconds
[2025-01-31T14:45:56.478+0000] {processor.py:186} INFO - Started process (PID=2407) to work on /home/airflow/.local/lib/python3.12/site-packages/airflow/example_dags/example_skip_dag.py
[2025-01-31T14:45:56.479+0000] {processor.py:914} INFO - Processing file /home/airflow/.local/lib/python3.12/site-packages/airflow/example_dags/example_skip_dag.py for tasks to queue
[2025-01-31T14:45:56.480+0000] {logging_mixin.py:190} INFO - [2025-01-31T14:45:56.480+0000] {dagbag.py:588} INFO - Filling up the DagBag from /home/airflow/.local/lib/python3.12/site-packages/airflow/example_dags/example_skip_dag.py
[2025-01-31T14:45:56.486+0000] {processor.py:925} INFO - DAG(s) 'example_skip_dag' retrieved from /home/airflow/.local/lib/python3.12/site-packages/airflow/example_dags/example_skip_dag.py
[2025-01-31T14:45:56.504+0000] {logging_mixin.py:190} INFO - [2025-01-31T14:45:56.504+0000] {dag.py:3239} INFO - Sync 1 DAGs
[2025-01-31T14:45:56.524+0000] {logging_mixin.py:190} INFO - [2025-01-31T14:45:56.524+0000] {dag.py:4180} INFO - Setting next_dagrun for example_skip_dag to 2025-01-30 00:00:00+00:00, run_after=2025-01-31 00:00:00+00:00
[2025-01-31T14:45:56.537+0000] {processor.py:208} INFO - Processing /home/airflow/.local/lib/python3.12/site-packages/airflow/example_dags/example_skip_dag.py took 0.063 seconds
[2025-01-31T14:46:27.317+0000] {processor.py:186} INFO - Started process (PID=2472) to work on /home/airflow/.local/lib/python3.12/site-packages/airflow/example_dags/example_skip_dag.py
[2025-01-31T14:46:27.317+0000] {processor.py:914} INFO - Processing file /home/airflow/.local/lib/python3.12/site-packages/airflow/example_dags/example_skip_dag.py for tasks to queue
[2025-01-31T14:46:27.319+0000] {logging_mixin.py:190} INFO - [2025-01-31T14:46:27.318+0000] {dagbag.py:588} INFO - Filling up the DagBag from /home/airflow/.local/lib/python3.12/site-packages/airflow/example_dags/example_skip_dag.py
[2025-01-31T14:46:27.325+0000] {processor.py:925} INFO - DAG(s) 'example_skip_dag' retrieved from /home/airflow/.local/lib/python3.12/site-packages/airflow/example_dags/example_skip_dag.py
[2025-01-31T14:46:27.346+0000] {logging_mixin.py:190} INFO - [2025-01-31T14:46:27.346+0000] {dag.py:3239} INFO - Sync 1 DAGs
[2025-01-31T14:46:27.366+0000] {logging_mixin.py:190} INFO - [2025-01-31T14:46:27.365+0000] {dag.py:4180} INFO - Setting next_dagrun for example_skip_dag to 2025-01-30 00:00:00+00:00, run_after=2025-01-31 00:00:00+00:00
[2025-01-31T14:46:27.378+0000] {processor.py:208} INFO - Processing /home/airflow/.local/lib/python3.12/site-packages/airflow/example_dags/example_skip_dag.py took 0.067 seconds
[2025-01-31T14:46:57.904+0000] {processor.py:186} INFO - Started process (PID=2537) to work on /home/airflow/.local/lib/python3.12/site-packages/airflow/example_dags/example_skip_dag.py
[2025-01-31T14:46:57.905+0000] {processor.py:914} INFO - Processing file /home/airflow/.local/lib/python3.12/site-packages/airflow/example_dags/example_skip_dag.py for tasks to queue
[2025-01-31T14:46:57.907+0000] {logging_mixin.py:190} INFO - [2025-01-31T14:46:57.906+0000] {dagbag.py:588} INFO - Filling up the DagBag from /home/airflow/.local/lib/python3.12/site-packages/airflow/example_dags/example_skip_dag.py
[2025-01-31T14:46:57.913+0000] {processor.py:925} INFO - DAG(s) 'example_skip_dag' retrieved from /home/airflow/.local/lib/python3.12/site-packages/airflow/example_dags/example_skip_dag.py
[2025-01-31T14:46:57.929+0000] {logging_mixin.py:190} INFO - [2025-01-31T14:46:57.928+0000] {dag.py:3239} INFO - Sync 1 DAGs
[2025-01-31T14:46:57.947+0000] {logging_mixin.py:190} INFO - [2025-01-31T14:46:57.947+0000] {dag.py:4180} INFO - Setting next_dagrun for example_skip_dag to 2025-01-30 00:00:00+00:00, run_after=2025-01-31 00:00:00+00:00
[2025-01-31T14:46:57.959+0000] {processor.py:208} INFO - Processing /home/airflow/.local/lib/python3.12/site-packages/airflow/example_dags/example_skip_dag.py took 0.059 seconds
[2025-01-31T14:47:29.024+0000] {processor.py:186} INFO - Started process (PID=2606) to work on /home/airflow/.local/lib/python3.12/site-packages/airflow/example_dags/example_skip_dag.py
[2025-01-31T14:47:29.025+0000] {processor.py:914} INFO - Processing file /home/airflow/.local/lib/python3.12/site-packages/airflow/example_dags/example_skip_dag.py for tasks to queue
[2025-01-31T14:47:29.026+0000] {logging_mixin.py:190} INFO - [2025-01-31T14:47:29.026+0000] {dagbag.py:588} INFO - Filling up the DagBag from /home/airflow/.local/lib/python3.12/site-packages/airflow/example_dags/example_skip_dag.py
[2025-01-31T14:47:29.032+0000] {processor.py:925} INFO - DAG(s) 'example_skip_dag' retrieved from /home/airflow/.local/lib/python3.12/site-packages/airflow/example_dags/example_skip_dag.py
[2025-01-31T14:47:29.048+0000] {logging_mixin.py:190} INFO - [2025-01-31T14:47:29.048+0000] {dag.py:3239} INFO - Sync 1 DAGs
[2025-01-31T14:47:29.066+0000] {logging_mixin.py:190} INFO - [2025-01-31T14:47:29.066+0000] {dag.py:4180} INFO - Setting next_dagrun for example_skip_dag to 2025-01-30 00:00:00+00:00, run_after=2025-01-31 00:00:00+00:00
[2025-01-31T14:47:29.079+0000] {processor.py:208} INFO - Processing /home/airflow/.local/lib/python3.12/site-packages/airflow/example_dags/example_skip_dag.py took 0.059 seconds
[2025-01-31T14:48:00.200+0000] {processor.py:186} INFO - Started process (PID=2674) to work on /home/airflow/.local/lib/python3.12/site-packages/airflow/example_dags/example_skip_dag.py
[2025-01-31T14:48:00.201+0000] {processor.py:914} INFO - Processing file /home/airflow/.local/lib/python3.12/site-packages/airflow/example_dags/example_skip_dag.py for tasks to queue
[2025-01-31T14:48:00.202+0000] {logging_mixin.py:190} INFO - [2025-01-31T14:48:00.202+0000] {dagbag.py:588} INFO - Filling up the DagBag from /home/airflow/.local/lib/python3.12/site-packages/airflow/example_dags/example_skip_dag.py
[2025-01-31T14:48:00.208+0000] {processor.py:925} INFO - DAG(s) 'example_skip_dag' retrieved from /home/airflow/.local/lib/python3.12/site-packages/airflow/example_dags/example_skip_dag.py
[2025-01-31T14:48:00.227+0000] {logging_mixin.py:190} INFO - [2025-01-31T14:48:00.227+0000] {dag.py:3239} INFO - Sync 1 DAGs
[2025-01-31T14:48:00.246+0000] {logging_mixin.py:190} INFO - [2025-01-31T14:48:00.246+0000] {dag.py:4180} INFO - Setting next_dagrun for example_skip_dag to 2025-01-30 00:00:00+00:00, run_after=2025-01-31 00:00:00+00:00
[2025-01-31T14:48:00.260+0000] {processor.py:208} INFO - Processing /home/airflow/.local/lib/python3.12/site-packages/airflow/example_dags/example_skip_dag.py took 0.064 seconds
[2025-01-31T14:48:30.748+0000] {processor.py:186} INFO - Started process (PID=2740) to work on /home/airflow/.local/lib/python3.12/site-packages/airflow/example_dags/example_skip_dag.py
[2025-01-31T14:48:30.749+0000] {processor.py:914} INFO - Processing file /home/airflow/.local/lib/python3.12/site-packages/airflow/example_dags/example_skip_dag.py for tasks to queue
[2025-01-31T14:48:30.751+0000] {logging_mixin.py:190} INFO - [2025-01-31T14:48:30.750+0000] {dagbag.py:588} INFO - Filling up the DagBag from /home/airflow/.local/lib/python3.12/site-packages/airflow/example_dags/example_skip_dag.py
[2025-01-31T14:48:30.757+0000] {processor.py:925} INFO - DAG(s) 'example_skip_dag' retrieved from /home/airflow/.local/lib/python3.12/site-packages/airflow/example_dags/example_skip_dag.py
[2025-01-31T14:48:30.772+0000] {logging_mixin.py:190} INFO - [2025-01-31T14:48:30.772+0000] {dag.py:3239} INFO - Sync 1 DAGs
[2025-01-31T14:48:30.789+0000] {logging_mixin.py:190} INFO - [2025-01-31T14:48:30.789+0000] {dag.py:4180} INFO - Setting next_dagrun for example_skip_dag to 2025-01-30 00:00:00+00:00, run_after=2025-01-31 00:00:00+00:00
[2025-01-31T14:48:30.801+0000] {processor.py:208} INFO - Processing /home/airflow/.local/lib/python3.12/site-packages/airflow/example_dags/example_skip_dag.py took 0.057 seconds
[2025-01-31T14:49:01.477+0000] {processor.py:186} INFO - Started process (PID=2806) to work on /home/airflow/.local/lib/python3.12/site-packages/airflow/example_dags/example_skip_dag.py
[2025-01-31T14:49:01.478+0000] {processor.py:914} INFO - Processing file /home/airflow/.local/lib/python3.12/site-packages/airflow/example_dags/example_skip_dag.py for tasks to queue
[2025-01-31T14:49:01.479+0000] {logging_mixin.py:190} INFO - [2025-01-31T14:49:01.479+0000] {dagbag.py:588} INFO - Filling up the DagBag from /home/airflow/.local/lib/python3.12/site-packages/airflow/example_dags/example_skip_dag.py
[2025-01-31T14:49:01.485+0000] {processor.py:925} INFO - DAG(s) 'example_skip_dag' retrieved from /home/airflow/.local/lib/python3.12/site-packages/airflow/example_dags/example_skip_dag.py
[2025-01-31T14:49:01.506+0000] {logging_mixin.py:190} INFO - [2025-01-31T14:49:01.506+0000] {dag.py:3239} INFO - Sync 1 DAGs
[2025-01-31T14:49:01.530+0000] {logging_mixin.py:190} INFO - [2025-01-31T14:49:01.529+0000] {dag.py:4180} INFO - Setting next_dagrun for example_skip_dag to 2025-01-30 00:00:00+00:00, run_after=2025-01-31 00:00:00+00:00
[2025-01-31T14:49:01.542+0000] {processor.py:208} INFO - Processing /home/airflow/.local/lib/python3.12/site-packages/airflow/example_dags/example_skip_dag.py took 0.070 seconds
[2025-01-31T14:49:32.420+0000] {processor.py:186} INFO - Started process (PID=2872) to work on /home/airflow/.local/lib/python3.12/site-packages/airflow/example_dags/example_skip_dag.py
[2025-01-31T14:49:32.421+0000] {processor.py:914} INFO - Processing file /home/airflow/.local/lib/python3.12/site-packages/airflow/example_dags/example_skip_dag.py for tasks to queue
[2025-01-31T14:49:32.422+0000] {logging_mixin.py:190} INFO - [2025-01-31T14:49:32.422+0000] {dagbag.py:588} INFO - Filling up the DagBag from /home/airflow/.local/lib/python3.12/site-packages/airflow/example_dags/example_skip_dag.py
[2025-01-31T14:49:32.428+0000] {processor.py:925} INFO - DAG(s) 'example_skip_dag' retrieved from /home/airflow/.local/lib/python3.12/site-packages/airflow/example_dags/example_skip_dag.py
[2025-01-31T14:49:32.449+0000] {logging_mixin.py:190} INFO - [2025-01-31T14:49:32.449+0000] {dag.py:3239} INFO - Sync 1 DAGs
[2025-01-31T14:49:32.472+0000] {logging_mixin.py:190} INFO - [2025-01-31T14:49:32.472+0000] {dag.py:4180} INFO - Setting next_dagrun for example_skip_dag to 2025-01-30 00:00:00+00:00, run_after=2025-01-31 00:00:00+00:00
[2025-01-31T14:49:32.485+0000] {processor.py:208} INFO - Processing /home/airflow/.local/lib/python3.12/site-packages/airflow/example_dags/example_skip_dag.py took 0.070 seconds
[2025-01-31T14:50:03.617+0000] {processor.py:186} INFO - Started process (PID=2938) to work on /home/airflow/.local/lib/python3.12/site-packages/airflow/example_dags/example_skip_dag.py
[2025-01-31T14:50:03.618+0000] {processor.py:914} INFO - Processing file /home/airflow/.local/lib/python3.12/site-packages/airflow/example_dags/example_skip_dag.py for tasks to queue
[2025-01-31T14:50:03.619+0000] {logging_mixin.py:190} INFO - [2025-01-31T14:50:03.619+0000] {dagbag.py:588} INFO - Filling up the DagBag from /home/airflow/.local/lib/python3.12/site-packages/airflow/example_dags/example_skip_dag.py
[2025-01-31T14:50:03.625+0000] {processor.py:925} INFO - DAG(s) 'example_skip_dag' retrieved from /home/airflow/.local/lib/python3.12/site-packages/airflow/example_dags/example_skip_dag.py
[2025-01-31T14:50:03.642+0000] {logging_mixin.py:190} INFO - [2025-01-31T14:50:03.641+0000] {dag.py:3239} INFO - Sync 1 DAGs
[2025-01-31T14:50:03.660+0000] {logging_mixin.py:190} INFO - [2025-01-31T14:50:03.660+0000] {dag.py:4180} INFO - Setting next_dagrun for example_skip_dag to 2025-01-30 00:00:00+00:00, run_after=2025-01-31 00:00:00+00:00
[2025-01-31T14:50:03.672+0000] {processor.py:208} INFO - Processing /home/airflow/.local/lib/python3.12/site-packages/airflow/example_dags/example_skip_dag.py took 0.060 seconds
[2025-01-31T14:50:34.466+0000] {processor.py:186} INFO - Started process (PID=3004) to work on /home/airflow/.local/lib/python3.12/site-packages/airflow/example_dags/example_skip_dag.py
[2025-01-31T14:50:34.467+0000] {processor.py:914} INFO - Processing file /home/airflow/.local/lib/python3.12/site-packages/airflow/example_dags/example_skip_dag.py for tasks to queue
[2025-01-31T14:50:34.469+0000] {logging_mixin.py:190} INFO - [2025-01-31T14:50:34.468+0000] {dagbag.py:588} INFO - Filling up the DagBag from /home/airflow/.local/lib/python3.12/site-packages/airflow/example_dags/example_skip_dag.py
[2025-01-31T14:50:34.475+0000] {processor.py:925} INFO - DAG(s) 'example_skip_dag' retrieved from /home/airflow/.local/lib/python3.12/site-packages/airflow/example_dags/example_skip_dag.py
[2025-01-31T14:50:34.492+0000] {logging_mixin.py:190} INFO - [2025-01-31T14:50:34.492+0000] {dag.py:3239} INFO - Sync 1 DAGs
[2025-01-31T14:50:34.510+0000] {logging_mixin.py:190} INFO - [2025-01-31T14:50:34.510+0000] {dag.py:4180} INFO - Setting next_dagrun for example_skip_dag to 2025-01-30 00:00:00+00:00, run_after=2025-01-31 00:00:00+00:00
[2025-01-31T14:50:34.523+0000] {processor.py:208} INFO - Processing /home/airflow/.local/lib/python3.12/site-packages/airflow/example_dags/example_skip_dag.py took 0.062 seconds
[2025-01-31T14:51:05.232+0000] {processor.py:186} INFO - Started process (PID=3071) to work on /home/airflow/.local/lib/python3.12/site-packages/airflow/example_dags/example_skip_dag.py
[2025-01-31T14:51:05.233+0000] {processor.py:914} INFO - Processing file /home/airflow/.local/lib/python3.12/site-packages/airflow/example_dags/example_skip_dag.py for tasks to queue
[2025-01-31T14:51:05.234+0000] {logging_mixin.py:190} INFO - [2025-01-31T14:51:05.234+0000] {dagbag.py:588} INFO - Filling up the DagBag from /home/airflow/.local/lib/python3.12/site-packages/airflow/example_dags/example_skip_dag.py
[2025-01-31T14:51:05.241+0000] {processor.py:925} INFO - DAG(s) 'example_skip_dag' retrieved from /home/airflow/.local/lib/python3.12/site-packages/airflow/example_dags/example_skip_dag.py
[2025-01-31T14:51:05.260+0000] {logging_mixin.py:190} INFO - [2025-01-31T14:51:05.260+0000] {dag.py:3239} INFO - Sync 1 DAGs
[2025-01-31T14:51:05.284+0000] {logging_mixin.py:190} INFO - [2025-01-31T14:51:05.284+0000] {dag.py:4180} INFO - Setting next_dagrun for example_skip_dag to 2025-01-30 00:00:00+00:00, run_after=2025-01-31 00:00:00+00:00
[2025-01-31T14:51:05.298+0000] {processor.py:208} INFO - Processing /home/airflow/.local/lib/python3.12/site-packages/airflow/example_dags/example_skip_dag.py took 0.071 seconds
[2025-01-31T14:51:36.325+0000] {processor.py:186} INFO - Started process (PID=3138) to work on /home/airflow/.local/lib/python3.12/site-packages/airflow/example_dags/example_skip_dag.py
[2025-01-31T14:51:36.326+0000] {processor.py:914} INFO - Processing file /home/airflow/.local/lib/python3.12/site-packages/airflow/example_dags/example_skip_dag.py for tasks to queue
[2025-01-31T14:51:36.328+0000] {logging_mixin.py:190} INFO - [2025-01-31T14:51:36.327+0000] {dagbag.py:588} INFO - Filling up the DagBag from /home/airflow/.local/lib/python3.12/site-packages/airflow/example_dags/example_skip_dag.py
[2025-01-31T14:51:36.334+0000] {processor.py:925} INFO - DAG(s) 'example_skip_dag' retrieved from /home/airflow/.local/lib/python3.12/site-packages/airflow/example_dags/example_skip_dag.py
[2025-01-31T14:51:36.351+0000] {logging_mixin.py:190} INFO - [2025-01-31T14:51:36.351+0000] {dag.py:3239} INFO - Sync 1 DAGs
[2025-01-31T14:51:36.370+0000] {logging_mixin.py:190} INFO - [2025-01-31T14:51:36.370+0000] {dag.py:4180} INFO - Setting next_dagrun for example_skip_dag to 2025-01-30 00:00:00+00:00, run_after=2025-01-31 00:00:00+00:00
[2025-01-31T14:51:36.382+0000] {processor.py:208} INFO - Processing /home/airflow/.local/lib/python3.12/site-packages/airflow/example_dags/example_skip_dag.py took 0.062 seconds
[2025-01-31T14:52:06.567+0000] {processor.py:186} INFO - Started process (PID=3204) to work on /home/airflow/.local/lib/python3.12/site-packages/airflow/example_dags/example_skip_dag.py
[2025-01-31T14:52:06.568+0000] {processor.py:914} INFO - Processing file /home/airflow/.local/lib/python3.12/site-packages/airflow/example_dags/example_skip_dag.py for tasks to queue
[2025-01-31T14:52:06.570+0000] {logging_mixin.py:190} INFO - [2025-01-31T14:52:06.570+0000] {dagbag.py:588} INFO - Filling up the DagBag from /home/airflow/.local/lib/python3.12/site-packages/airflow/example_dags/example_skip_dag.py
[2025-01-31T14:52:06.579+0000] {processor.py:925} INFO - DAG(s) 'example_skip_dag' retrieved from /home/airflow/.local/lib/python3.12/site-packages/airflow/example_dags/example_skip_dag.py
[2025-01-31T14:52:06.603+0000] {logging_mixin.py:190} INFO - [2025-01-31T14:52:06.603+0000] {dag.py:3239} INFO - Sync 1 DAGs
[2025-01-31T14:52:06.629+0000] {logging_mixin.py:190} INFO - [2025-01-31T14:52:06.629+0000] {dag.py:4180} INFO - Setting next_dagrun for example_skip_dag to 2025-01-30 00:00:00+00:00, run_after=2025-01-31 00:00:00+00:00
[2025-01-31T14:52:06.647+0000] {processor.py:208} INFO - Processing /home/airflow/.local/lib/python3.12/site-packages/airflow/example_dags/example_skip_dag.py took 0.086 seconds
[2025-01-31T14:52:37.194+0000] {processor.py:186} INFO - Started process (PID=3269) to work on /home/airflow/.local/lib/python3.12/site-packages/airflow/example_dags/example_skip_dag.py
[2025-01-31T14:52:37.195+0000] {processor.py:914} INFO - Processing file /home/airflow/.local/lib/python3.12/site-packages/airflow/example_dags/example_skip_dag.py for tasks to queue
[2025-01-31T14:52:37.197+0000] {logging_mixin.py:190} INFO - [2025-01-31T14:52:37.197+0000] {dagbag.py:588} INFO - Filling up the DagBag from /home/airflow/.local/lib/python3.12/site-packages/airflow/example_dags/example_skip_dag.py
[2025-01-31T14:52:37.205+0000] {processor.py:925} INFO - DAG(s) 'example_skip_dag' retrieved from /home/airflow/.local/lib/python3.12/site-packages/airflow/example_dags/example_skip_dag.py
[2025-01-31T14:52:37.223+0000] {logging_mixin.py:190} INFO - [2025-01-31T14:52:37.223+0000] {dag.py:3239} INFO - Sync 1 DAGs
[2025-01-31T14:52:37.241+0000] {logging_mixin.py:190} INFO - [2025-01-31T14:52:37.241+0000] {dag.py:4180} INFO - Setting next_dagrun for example_skip_dag to 2025-01-30 00:00:00+00:00, run_after=2025-01-31 00:00:00+00:00
[2025-01-31T14:52:37.254+0000] {processor.py:208} INFO - Processing /home/airflow/.local/lib/python3.12/site-packages/airflow/example_dags/example_skip_dag.py took 0.066 seconds
[2025-01-31T14:53:08.361+0000] {processor.py:186} INFO - Started process (PID=3334) to work on /home/airflow/.local/lib/python3.12/site-packages/airflow/example_dags/example_skip_dag.py
[2025-01-31T14:53:08.361+0000] {processor.py:914} INFO - Processing file /home/airflow/.local/lib/python3.12/site-packages/airflow/example_dags/example_skip_dag.py for tasks to queue
[2025-01-31T14:53:08.363+0000] {logging_mixin.py:190} INFO - [2025-01-31T14:53:08.363+0000] {dagbag.py:588} INFO - Filling up the DagBag from /home/airflow/.local/lib/python3.12/site-packages/airflow/example_dags/example_skip_dag.py
[2025-01-31T14:53:08.369+0000] {processor.py:925} INFO - DAG(s) 'example_skip_dag' retrieved from /home/airflow/.local/lib/python3.12/site-packages/airflow/example_dags/example_skip_dag.py
[2025-01-31T14:53:08.385+0000] {logging_mixin.py:190} INFO - [2025-01-31T14:53:08.385+0000] {dag.py:3239} INFO - Sync 1 DAGs
[2025-01-31T14:53:08.402+0000] {logging_mixin.py:190} INFO - [2025-01-31T14:53:08.402+0000] {dag.py:4180} INFO - Setting next_dagrun for example_skip_dag to 2025-01-30 00:00:00+00:00, run_after=2025-01-31 00:00:00+00:00
[2025-01-31T14:53:08.415+0000] {processor.py:208} INFO - Processing /home/airflow/.local/lib/python3.12/site-packages/airflow/example_dags/example_skip_dag.py took 0.059 seconds
[2025-01-31T14:53:40.154+0000] {processor.py:186} INFO - Started process (PID=3401) to work on /home/airflow/.local/lib/python3.12/site-packages/airflow/example_dags/example_skip_dag.py
[2025-01-31T14:53:40.154+0000] {processor.py:914} INFO - Processing file /home/airflow/.local/lib/python3.12/site-packages/airflow/example_dags/example_skip_dag.py for tasks to queue
[2025-01-31T14:53:40.156+0000] {logging_mixin.py:190} INFO - [2025-01-31T14:53:40.155+0000] {dagbag.py:588} INFO - Filling up the DagBag from /home/airflow/.local/lib/python3.12/site-packages/airflow/example_dags/example_skip_dag.py
[2025-01-31T14:53:40.162+0000] {processor.py:925} INFO - DAG(s) 'example_skip_dag' retrieved from /home/airflow/.local/lib/python3.12/site-packages/airflow/example_dags/example_skip_dag.py
[2025-01-31T14:53:40.182+0000] {logging_mixin.py:190} INFO - [2025-01-31T14:53:40.181+0000] {dag.py:3239} INFO - Sync 1 DAGs
[2025-01-31T14:53:40.205+0000] {logging_mixin.py:190} INFO - [2025-01-31T14:53:40.205+0000] {dag.py:4180} INFO - Setting next_dagrun for example_skip_dag to 2025-01-30 00:00:00+00:00, run_after=2025-01-31 00:00:00+00:00
[2025-01-31T14:53:40.221+0000] {processor.py:208} INFO - Processing /home/airflow/.local/lib/python3.12/site-packages/airflow/example_dags/example_skip_dag.py took 0.071 seconds
[2025-01-31T14:54:10.824+0000] {processor.py:186} INFO - Started process (PID=3467) to work on /home/airflow/.local/lib/python3.12/site-packages/airflow/example_dags/example_skip_dag.py
[2025-01-31T14:54:10.824+0000] {processor.py:914} INFO - Processing file /home/airflow/.local/lib/python3.12/site-packages/airflow/example_dags/example_skip_dag.py for tasks to queue
[2025-01-31T14:54:10.826+0000] {logging_mixin.py:190} INFO - [2025-01-31T14:54:10.826+0000] {dagbag.py:588} INFO - Filling up the DagBag from /home/airflow/.local/lib/python3.12/site-packages/airflow/example_dags/example_skip_dag.py
[2025-01-31T14:54:10.832+0000] {processor.py:925} INFO - DAG(s) 'example_skip_dag' retrieved from /home/airflow/.local/lib/python3.12/site-packages/airflow/example_dags/example_skip_dag.py
[2025-01-31T14:54:10.849+0000] {logging_mixin.py:190} INFO - [2025-01-31T14:54:10.849+0000] {dag.py:3239} INFO - Sync 1 DAGs
[2025-01-31T14:54:10.866+0000] {logging_mixin.py:190} INFO - [2025-01-31T14:54:10.866+0000] {dag.py:4180} INFO - Setting next_dagrun for example_skip_dag to 2025-01-30 00:00:00+00:00, run_after=2025-01-31 00:00:00+00:00
[2025-01-31T14:54:10.878+0000] {processor.py:208} INFO - Processing /home/airflow/.local/lib/python3.12/site-packages/airflow/example_dags/example_skip_dag.py took 0.059 seconds
[2025-01-31T14:54:43.860+0000] {processor.py:186} INFO - Started process (PID=3539) to work on /home/airflow/.local/lib/python3.12/site-packages/airflow/example_dags/example_skip_dag.py
[2025-01-31T14:54:43.860+0000] {processor.py:914} INFO - Processing file /home/airflow/.local/lib/python3.12/site-packages/airflow/example_dags/example_skip_dag.py for tasks to queue
[2025-01-31T14:54:43.862+0000] {logging_mixin.py:190} INFO - [2025-01-31T14:54:43.861+0000] {dagbag.py:588} INFO - Filling up the DagBag from /home/airflow/.local/lib/python3.12/site-packages/airflow/example_dags/example_skip_dag.py
[2025-01-31T14:54:44.026+0000] {processor.py:925} INFO - DAG(s) 'example_skip_dag' retrieved from /home/airflow/.local/lib/python3.12/site-packages/airflow/example_dags/example_skip_dag.py
[2025-01-31T14:54:44.042+0000] {logging_mixin.py:190} INFO - [2025-01-31T14:54:44.042+0000] {dag.py:3239} INFO - Sync 1 DAGs
[2025-01-31T14:54:44.060+0000] {logging_mixin.py:190} INFO - [2025-01-31T14:54:44.060+0000] {dag.py:4180} INFO - Setting next_dagrun for example_skip_dag to 2025-01-30 00:00:00+00:00, run_after=2025-01-31 00:00:00+00:00
[2025-01-31T14:54:44.072+0000] {processor.py:208} INFO - Processing /home/airflow/.local/lib/python3.12/site-packages/airflow/example_dags/example_skip_dag.py took 0.217 seconds
[2025-01-31T14:55:14.884+0000] {processor.py:186} INFO - Started process (PID=3605) to work on /home/airflow/.local/lib/python3.12/site-packages/airflow/example_dags/example_skip_dag.py
[2025-01-31T14:55:14.885+0000] {processor.py:914} INFO - Processing file /home/airflow/.local/lib/python3.12/site-packages/airflow/example_dags/example_skip_dag.py for tasks to queue
[2025-01-31T14:55:14.887+0000] {logging_mixin.py:190} INFO - [2025-01-31T14:55:14.886+0000] {dagbag.py:588} INFO - Filling up the DagBag from /home/airflow/.local/lib/python3.12/site-packages/airflow/example_dags/example_skip_dag.py
[2025-01-31T14:55:14.892+0000] {processor.py:925} INFO - DAG(s) 'example_skip_dag' retrieved from /home/airflow/.local/lib/python3.12/site-packages/airflow/example_dags/example_skip_dag.py
[2025-01-31T14:55:14.912+0000] {logging_mixin.py:190} INFO - [2025-01-31T14:55:14.912+0000] {dag.py:3239} INFO - Sync 1 DAGs
[2025-01-31T14:55:14.932+0000] {logging_mixin.py:190} INFO - [2025-01-31T14:55:14.932+0000] {dag.py:4180} INFO - Setting next_dagrun for example_skip_dag to 2025-01-30 00:00:00+00:00, run_after=2025-01-31 00:00:00+00:00
[2025-01-31T14:55:14.944+0000] {processor.py:208} INFO - Processing /home/airflow/.local/lib/python3.12/site-packages/airflow/example_dags/example_skip_dag.py took 0.066 seconds
[2025-01-31T14:55:45.382+0000] {processor.py:186} INFO - Started process (PID=3671) to work on /home/airflow/.local/lib/python3.12/site-packages/airflow/example_dags/example_skip_dag.py
[2025-01-31T14:55:45.382+0000] {processor.py:914} INFO - Processing file /home/airflow/.local/lib/python3.12/site-packages/airflow/example_dags/example_skip_dag.py for tasks to queue
[2025-01-31T14:55:45.384+0000] {logging_mixin.py:190} INFO - [2025-01-31T14:55:45.384+0000] {dagbag.py:588} INFO - Filling up the DagBag from /home/airflow/.local/lib/python3.12/site-packages/airflow/example_dags/example_skip_dag.py
[2025-01-31T14:55:45.390+0000] {processor.py:925} INFO - DAG(s) 'example_skip_dag' retrieved from /home/airflow/.local/lib/python3.12/site-packages/airflow/example_dags/example_skip_dag.py
[2025-01-31T14:55:45.407+0000] {logging_mixin.py:190} INFO - [2025-01-31T14:55:45.407+0000] {dag.py:3239} INFO - Sync 1 DAGs
[2025-01-31T14:55:45.427+0000] {logging_mixin.py:190} INFO - [2025-01-31T14:55:45.427+0000] {dag.py:4180} INFO - Setting next_dagrun for example_skip_dag to 2025-01-30 00:00:00+00:00, run_after=2025-01-31 00:00:00+00:00
[2025-01-31T14:55:45.439+0000] {processor.py:208} INFO - Processing /home/airflow/.local/lib/python3.12/site-packages/airflow/example_dags/example_skip_dag.py took 0.062 seconds
[2025-01-31T14:56:16.157+0000] {processor.py:186} INFO - Started process (PID=3738) to work on /home/airflow/.local/lib/python3.12/site-packages/airflow/example_dags/example_skip_dag.py
[2025-01-31T14:56:16.158+0000] {processor.py:914} INFO - Processing file /home/airflow/.local/lib/python3.12/site-packages/airflow/example_dags/example_skip_dag.py for tasks to queue
[2025-01-31T14:56:16.160+0000] {logging_mixin.py:190} INFO - [2025-01-31T14:56:16.160+0000] {dagbag.py:588} INFO - Filling up the DagBag from /home/airflow/.local/lib/python3.12/site-packages/airflow/example_dags/example_skip_dag.py
[2025-01-31T14:56:16.165+0000] {processor.py:925} INFO - DAG(s) 'example_skip_dag' retrieved from /home/airflow/.local/lib/python3.12/site-packages/airflow/example_dags/example_skip_dag.py
[2025-01-31T14:56:16.184+0000] {logging_mixin.py:190} INFO - [2025-01-31T14:56:16.184+0000] {dag.py:3239} INFO - Sync 1 DAGs
[2025-01-31T14:56:16.204+0000] {logging_mixin.py:190} INFO - [2025-01-31T14:56:16.204+0000] {dag.py:4180} INFO - Setting next_dagrun for example_skip_dag to 2025-01-30 00:00:00+00:00, run_after=2025-01-31 00:00:00+00:00
[2025-01-31T14:56:16.217+0000] {processor.py:208} INFO - Processing /home/airflow/.local/lib/python3.12/site-packages/airflow/example_dags/example_skip_dag.py took 0.064 seconds
[2025-01-31T14:56:46.333+0000] {processor.py:186} INFO - Started process (PID=3804) to work on /home/airflow/.local/lib/python3.12/site-packages/airflow/example_dags/example_skip_dag.py
[2025-01-31T14:56:46.334+0000] {processor.py:914} INFO - Processing file /home/airflow/.local/lib/python3.12/site-packages/airflow/example_dags/example_skip_dag.py for tasks to queue
[2025-01-31T14:56:46.335+0000] {logging_mixin.py:190} INFO - [2025-01-31T14:56:46.335+0000] {dagbag.py:588} INFO - Filling up the DagBag from /home/airflow/.local/lib/python3.12/site-packages/airflow/example_dags/example_skip_dag.py
[2025-01-31T14:56:46.342+0000] {processor.py:925} INFO - DAG(s) 'example_skip_dag' retrieved from /home/airflow/.local/lib/python3.12/site-packages/airflow/example_dags/example_skip_dag.py
[2025-01-31T14:56:46.360+0000] {logging_mixin.py:190} INFO - [2025-01-31T14:56:46.360+0000] {dag.py:3239} INFO - Sync 1 DAGs
[2025-01-31T14:56:46.383+0000] {logging_mixin.py:190} INFO - [2025-01-31T14:56:46.383+0000] {dag.py:4180} INFO - Setting next_dagrun for example_skip_dag to 2025-01-30 00:00:00+00:00, run_after=2025-01-31 00:00:00+00:00
[2025-01-31T14:56:46.398+0000] {processor.py:208} INFO - Processing /home/airflow/.local/lib/python3.12/site-packages/airflow/example_dags/example_skip_dag.py took 0.069 seconds
[2025-01-31T14:57:16.930+0000] {processor.py:186} INFO - Started process (PID=3874) to work on /home/airflow/.local/lib/python3.12/site-packages/airflow/example_dags/example_skip_dag.py
[2025-01-31T14:57:16.930+0000] {processor.py:914} INFO - Processing file /home/airflow/.local/lib/python3.12/site-packages/airflow/example_dags/example_skip_dag.py for tasks to queue
[2025-01-31T14:57:16.933+0000] {logging_mixin.py:190} INFO - [2025-01-31T14:57:16.932+0000] {dagbag.py:588} INFO - Filling up the DagBag from /home/airflow/.local/lib/python3.12/site-packages/airflow/example_dags/example_skip_dag.py
[2025-01-31T14:57:16.941+0000] {processor.py:925} INFO - DAG(s) 'example_skip_dag' retrieved from /home/airflow/.local/lib/python3.12/site-packages/airflow/example_dags/example_skip_dag.py
[2025-01-31T14:57:16.962+0000] {logging_mixin.py:190} INFO - [2025-01-31T14:57:16.962+0000] {dag.py:3239} INFO - Sync 1 DAGs
[2025-01-31T14:57:16.987+0000] {logging_mixin.py:190} INFO - [2025-01-31T14:57:16.986+0000] {dag.py:4180} INFO - Setting next_dagrun for example_skip_dag to 2025-01-30 00:00:00+00:00, run_after=2025-01-31 00:00:00+00:00
[2025-01-31T14:57:17.001+0000] {processor.py:208} INFO - Processing /home/airflow/.local/lib/python3.12/site-packages/airflow/example_dags/example_skip_dag.py took 0.077 seconds
[2025-01-31T14:57:47.601+0000] {processor.py:186} INFO - Started process (PID=3940) to work on /home/airflow/.local/lib/python3.12/site-packages/airflow/example_dags/example_skip_dag.py
[2025-01-31T14:57:47.602+0000] {processor.py:914} INFO - Processing file /home/airflow/.local/lib/python3.12/site-packages/airflow/example_dags/example_skip_dag.py for tasks to queue
[2025-01-31T14:57:47.604+0000] {logging_mixin.py:190} INFO - [2025-01-31T14:57:47.604+0000] {dagbag.py:588} INFO - Filling up the DagBag from /home/airflow/.local/lib/python3.12/site-packages/airflow/example_dags/example_skip_dag.py
[2025-01-31T14:57:47.611+0000] {processor.py:925} INFO - DAG(s) 'example_skip_dag' retrieved from /home/airflow/.local/lib/python3.12/site-packages/airflow/example_dags/example_skip_dag.py
[2025-01-31T14:57:47.633+0000] {logging_mixin.py:190} INFO - [2025-01-31T14:57:47.633+0000] {dag.py:3239} INFO - Sync 1 DAGs
[2025-01-31T14:57:47.658+0000] {logging_mixin.py:190} INFO - [2025-01-31T14:57:47.658+0000] {dag.py:4180} INFO - Setting next_dagrun for example_skip_dag to 2025-01-30 00:00:00+00:00, run_after=2025-01-31 00:00:00+00:00
[2025-01-31T14:57:47.673+0000] {processor.py:208} INFO - Processing /home/airflow/.local/lib/python3.12/site-packages/airflow/example_dags/example_skip_dag.py took 0.076 seconds
[2025-01-31T14:58:18.424+0000] {processor.py:186} INFO - Started process (PID=4006) to work on /home/airflow/.local/lib/python3.12/site-packages/airflow/example_dags/example_skip_dag.py
[2025-01-31T14:58:18.425+0000] {processor.py:914} INFO - Processing file /home/airflow/.local/lib/python3.12/site-packages/airflow/example_dags/example_skip_dag.py for tasks to queue
[2025-01-31T14:58:18.427+0000] {logging_mixin.py:190} INFO - [2025-01-31T14:58:18.427+0000] {dagbag.py:588} INFO - Filling up the DagBag from /home/airflow/.local/lib/python3.12/site-packages/airflow/example_dags/example_skip_dag.py
[2025-01-31T14:58:18.434+0000] {processor.py:925} INFO - DAG(s) 'example_skip_dag' retrieved from /home/airflow/.local/lib/python3.12/site-packages/airflow/example_dags/example_skip_dag.py
[2025-01-31T14:58:18.452+0000] {logging_mixin.py:190} INFO - [2025-01-31T14:58:18.451+0000] {dag.py:3239} INFO - Sync 1 DAGs
[2025-01-31T14:58:18.470+0000] {logging_mixin.py:190} INFO - [2025-01-31T14:58:18.470+0000] {dag.py:4180} INFO - Setting next_dagrun for example_skip_dag to 2025-01-30 00:00:00+00:00, run_after=2025-01-31 00:00:00+00:00
[2025-01-31T14:58:18.484+0000] {processor.py:208} INFO - Processing /home/airflow/.local/lib/python3.12/site-packages/airflow/example_dags/example_skip_dag.py took 0.066 seconds
[2025-01-31T14:58:49.227+0000] {processor.py:186} INFO - Started process (PID=4072) to work on /home/airflow/.local/lib/python3.12/site-packages/airflow/example_dags/example_skip_dag.py
[2025-01-31T14:58:49.227+0000] {processor.py:914} INFO - Processing file /home/airflow/.local/lib/python3.12/site-packages/airflow/example_dags/example_skip_dag.py for tasks to queue
[2025-01-31T14:58:49.229+0000] {logging_mixin.py:190} INFO - [2025-01-31T14:58:49.229+0000] {dagbag.py:588} INFO - Filling up the DagBag from /home/airflow/.local/lib/python3.12/site-packages/airflow/example_dags/example_skip_dag.py
[2025-01-31T14:58:49.235+0000] {processor.py:925} INFO - DAG(s) 'example_skip_dag' retrieved from /home/airflow/.local/lib/python3.12/site-packages/airflow/example_dags/example_skip_dag.py
[2025-01-31T14:58:49.257+0000] {logging_mixin.py:190} INFO - [2025-01-31T14:58:49.257+0000] {dag.py:3239} INFO - Sync 1 DAGs
[2025-01-31T14:58:49.279+0000] {logging_mixin.py:190} INFO - [2025-01-31T14:58:49.279+0000] {dag.py:4180} INFO - Setting next_dagrun for example_skip_dag to 2025-01-30 00:00:00+00:00, run_after=2025-01-31 00:00:00+00:00
[2025-01-31T14:58:49.295+0000] {processor.py:208} INFO - Processing /home/airflow/.local/lib/python3.12/site-packages/airflow/example_dags/example_skip_dag.py took 0.073 seconds
[2025-01-31T14:59:20.110+0000] {processor.py:186} INFO - Started process (PID=4138) to work on /home/airflow/.local/lib/python3.12/site-packages/airflow/example_dags/example_skip_dag.py
[2025-01-31T14:59:20.111+0000] {processor.py:914} INFO - Processing file /home/airflow/.local/lib/python3.12/site-packages/airflow/example_dags/example_skip_dag.py for tasks to queue
[2025-01-31T14:59:20.112+0000] {logging_mixin.py:190} INFO - [2025-01-31T14:59:20.112+0000] {dagbag.py:588} INFO - Filling up the DagBag from /home/airflow/.local/lib/python3.12/site-packages/airflow/example_dags/example_skip_dag.py
[2025-01-31T14:59:20.119+0000] {processor.py:925} INFO - DAG(s) 'example_skip_dag' retrieved from /home/airflow/.local/lib/python3.12/site-packages/airflow/example_dags/example_skip_dag.py
[2025-01-31T14:59:20.135+0000] {logging_mixin.py:190} INFO - [2025-01-31T14:59:20.135+0000] {dag.py:3239} INFO - Sync 1 DAGs
[2025-01-31T14:59:20.153+0000] {logging_mixin.py:190} INFO - [2025-01-31T14:59:20.153+0000] {dag.py:4180} INFO - Setting next_dagrun for example_skip_dag to 2025-01-30 00:00:00+00:00, run_after=2025-01-31 00:00:00+00:00
[2025-01-31T14:59:20.166+0000] {processor.py:208} INFO - Processing /home/airflow/.local/lib/python3.12/site-packages/airflow/example_dags/example_skip_dag.py took 0.060 seconds
[2025-01-31T14:59:50.843+0000] {processor.py:186} INFO - Started process (PID=4204) to work on /home/airflow/.local/lib/python3.12/site-packages/airflow/example_dags/example_skip_dag.py
[2025-01-31T14:59:50.844+0000] {processor.py:914} INFO - Processing file /home/airflow/.local/lib/python3.12/site-packages/airflow/example_dags/example_skip_dag.py for tasks to queue
[2025-01-31T14:59:50.845+0000] {logging_mixin.py:190} INFO - [2025-01-31T14:59:50.845+0000] {dagbag.py:588} INFO - Filling up the DagBag from /home/airflow/.local/lib/python3.12/site-packages/airflow/example_dags/example_skip_dag.py
[2025-01-31T14:59:50.851+0000] {processor.py:925} INFO - DAG(s) 'example_skip_dag' retrieved from /home/airflow/.local/lib/python3.12/site-packages/airflow/example_dags/example_skip_dag.py
[2025-01-31T14:59:50.873+0000] {logging_mixin.py:190} INFO - [2025-01-31T14:59:50.872+0000] {dag.py:3239} INFO - Sync 1 DAGs
[2025-01-31T14:59:50.900+0000] {logging_mixin.py:190} INFO - [2025-01-31T14:59:50.899+0000] {dag.py:4180} INFO - Setting next_dagrun for example_skip_dag to 2025-01-30 00:00:00+00:00, run_after=2025-01-31 00:00:00+00:00
[2025-01-31T14:59:50.916+0000] {processor.py:208} INFO - Processing /home/airflow/.local/lib/python3.12/site-packages/airflow/example_dags/example_skip_dag.py took 0.078 seconds
[2025-01-31T15:00:21.897+0000] {processor.py:186} INFO - Started process (PID=4269) to work on /home/airflow/.local/lib/python3.12/site-packages/airflow/example_dags/example_skip_dag.py
[2025-01-31T15:00:21.898+0000] {processor.py:914} INFO - Processing file /home/airflow/.local/lib/python3.12/site-packages/airflow/example_dags/example_skip_dag.py for tasks to queue
[2025-01-31T15:00:21.900+0000] {logging_mixin.py:190} INFO - [2025-01-31T15:00:21.899+0000] {dagbag.py:588} INFO - Filling up the DagBag from /home/airflow/.local/lib/python3.12/site-packages/airflow/example_dags/example_skip_dag.py
[2025-01-31T15:00:21.908+0000] {processor.py:925} INFO - DAG(s) 'example_skip_dag' retrieved from /home/airflow/.local/lib/python3.12/site-packages/airflow/example_dags/example_skip_dag.py
[2025-01-31T15:00:21.930+0000] {logging_mixin.py:190} INFO - [2025-01-31T15:00:21.929+0000] {dag.py:3239} INFO - Sync 1 DAGs
[2025-01-31T15:00:21.954+0000] {logging_mixin.py:190} INFO - [2025-01-31T15:00:21.954+0000] {dag.py:4180} INFO - Setting next_dagrun for example_skip_dag to 2025-01-30 00:00:00+00:00, run_after=2025-01-31 00:00:00+00:00
[2025-01-31T15:00:21.968+0000] {processor.py:208} INFO - Processing /home/airflow/.local/lib/python3.12/site-packages/airflow/example_dags/example_skip_dag.py took 0.077 seconds
[2025-01-31T15:00:53.121+0000] {processor.py:186} INFO - Started process (PID=4335) to work on /home/airflow/.local/lib/python3.12/site-packages/airflow/example_dags/example_skip_dag.py
[2025-01-31T15:00:53.122+0000] {processor.py:914} INFO - Processing file /home/airflow/.local/lib/python3.12/site-packages/airflow/example_dags/example_skip_dag.py for tasks to queue
[2025-01-31T15:00:53.124+0000] {logging_mixin.py:190} INFO - [2025-01-31T15:00:53.123+0000] {dagbag.py:588} INFO - Filling up the DagBag from /home/airflow/.local/lib/python3.12/site-packages/airflow/example_dags/example_skip_dag.py
[2025-01-31T15:00:53.130+0000] {processor.py:925} INFO - DAG(s) 'example_skip_dag' retrieved from /home/airflow/.local/lib/python3.12/site-packages/airflow/example_dags/example_skip_dag.py
[2025-01-31T15:00:53.147+0000] {logging_mixin.py:190} INFO - [2025-01-31T15:00:53.147+0000] {dag.py:3239} INFO - Sync 1 DAGs
[2025-01-31T15:00:53.165+0000] {logging_mixin.py:190} INFO - [2025-01-31T15:00:53.165+0000] {dag.py:4180} INFO - Setting next_dagrun for example_skip_dag to 2025-01-30 00:00:00+00:00, run_after=2025-01-31 00:00:00+00:00
[2025-01-31T15:00:53.178+0000] {processor.py:208} INFO - Processing /home/airflow/.local/lib/python3.12/site-packages/airflow/example_dags/example_skip_dag.py took 0.061 seconds
[2025-01-31T15:01:24.042+0000] {processor.py:186} INFO - Started process (PID=4402) to work on /home/airflow/.local/lib/python3.12/site-packages/airflow/example_dags/example_skip_dag.py
[2025-01-31T15:01:24.043+0000] {processor.py:914} INFO - Processing file /home/airflow/.local/lib/python3.12/site-packages/airflow/example_dags/example_skip_dag.py for tasks to queue
[2025-01-31T15:01:24.044+0000] {logging_mixin.py:190} INFO - [2025-01-31T15:01:24.044+0000] {dagbag.py:588} INFO - Filling up the DagBag from /home/airflow/.local/lib/python3.12/site-packages/airflow/example_dags/example_skip_dag.py
[2025-01-31T15:01:24.051+0000] {processor.py:925} INFO - DAG(s) 'example_skip_dag' retrieved from /home/airflow/.local/lib/python3.12/site-packages/airflow/example_dags/example_skip_dag.py
[2025-01-31T15:01:24.071+0000] {logging_mixin.py:190} INFO - [2025-01-31T15:01:24.071+0000] {dag.py:3239} INFO - Sync 1 DAGs
[2025-01-31T15:01:24.089+0000] {logging_mixin.py:190} INFO - [2025-01-31T15:01:24.089+0000] {dag.py:4180} INFO - Setting next_dagrun for example_skip_dag to 2025-01-30 00:00:00+00:00, run_after=2025-01-31 00:00:00+00:00
[2025-01-31T15:01:24.103+0000] {processor.py:208} INFO - Processing /home/airflow/.local/lib/python3.12/site-packages/airflow/example_dags/example_skip_dag.py took 0.065 seconds
