[2025-01-31T14:27:40.031+0000] {processor.py:186} INFO - Started process (PID=68) to work on /home/airflow/.local/lib/python3.12/site-packages/airflow/example_dags/example_sensors.py
[2025-01-31T14:27:40.032+0000] {processor.py:914} INFO - Processing file /home/airflow/.local/lib/python3.12/site-packages/airflow/example_dags/example_sensors.py for tasks to queue
[2025-01-31T14:27:40.034+0000] {logging_mixin.py:190} INFO - [2025-01-31T14:27:40.034+0000] {dagbag.py:588} INFO - Filling up the DagBag from /home/airflow/.local/lib/python3.12/site-packages/airflow/example_dags/example_sensors.py
[2025-01-31T14:27:40.077+0000] {processor.py:925} INFO - DAG(s) 'example_sensors' retrieved from /home/airflow/.local/lib/python3.12/site-packages/airflow/example_dags/example_sensors.py
[2025-01-31T14:27:40.220+0000] {logging_mixin.py:190} INFO - [2025-01-31T14:27:40.220+0000] {override.py:1911} INFO - Created Permission View: can delete on DAG:example_sensors
[2025-01-31T14:27:40.231+0000] {logging_mixin.py:190} INFO - [2025-01-31T14:27:40.231+0000] {override.py:1911} INFO - Created Permission View: can edit on DAG:example_sensors
[2025-01-31T14:27:40.236+0000] {logging_mixin.py:190} INFO - [2025-01-31T14:27:40.236+0000] {override.py:1911} INFO - Created Permission View: can read on DAG:example_sensors
[2025-01-31T14:27:40.242+0000] {logging_mixin.py:190} INFO - [2025-01-31T14:27:40.242+0000] {override.py:1911} INFO - Created Permission View: menu access on DAG Run:example_sensors
[2025-01-31T14:27:40.247+0000] {logging_mixin.py:190} INFO - [2025-01-31T14:27:40.247+0000] {override.py:1911} INFO - Created Permission View: can create on DAG Run:example_sensors
[2025-01-31T14:27:40.252+0000] {logging_mixin.py:190} INFO - [2025-01-31T14:27:40.252+0000] {override.py:1911} INFO - Created Permission View: can delete on DAG Run:example_sensors
[2025-01-31T14:27:40.257+0000] {logging_mixin.py:190} INFO - [2025-01-31T14:27:40.257+0000] {override.py:1911} INFO - Created Permission View: can read on DAG Run:example_sensors
[2025-01-31T14:27:40.258+0000] {logging_mixin.py:190} INFO - [2025-01-31T14:27:40.258+0000] {dag.py:3239} INFO - Sync 1 DAGs
[2025-01-31T14:27:40.272+0000] {logging_mixin.py:190} INFO - [2025-01-31T14:27:40.272+0000] {dag.py:3262} INFO - Creating ORM DAG for example_sensors
[2025-01-31T14:27:40.273+0000] {logging_mixin.py:190} INFO - [2025-01-31T14:27:40.273+0000] {dag.py:4180} INFO - Setting next_dagrun for example_sensors to None, run_after=None
[2025-01-31T14:27:40.302+0000] {processor.py:208} INFO - Processing /home/airflow/.local/lib/python3.12/site-packages/airflow/example_dags/example_sensors.py took 0.282 seconds
[2025-01-31T14:28:10.846+0000] {processor.py:186} INFO - Started process (PID=133) to work on /home/airflow/.local/lib/python3.12/site-packages/airflow/example_dags/example_sensors.py
[2025-01-31T14:28:10.846+0000] {processor.py:914} INFO - Processing file /home/airflow/.local/lib/python3.12/site-packages/airflow/example_dags/example_sensors.py for tasks to queue
[2025-01-31T14:28:10.849+0000] {logging_mixin.py:190} INFO - [2025-01-31T14:28:10.848+0000] {dagbag.py:588} INFO - Filling up the DagBag from /home/airflow/.local/lib/python3.12/site-packages/airflow/example_dags/example_sensors.py
[2025-01-31T14:28:10.860+0000] {processor.py:925} INFO - DAG(s) 'example_sensors' retrieved from /home/airflow/.local/lib/python3.12/site-packages/airflow/example_dags/example_sensors.py
[2025-01-31T14:28:10.890+0000] {logging_mixin.py:190} INFO - [2025-01-31T14:28:10.890+0000] {dag.py:3239} INFO - Sync 1 DAGs
[2025-01-31T14:28:10.906+0000] {logging_mixin.py:190} INFO - [2025-01-31T14:28:10.906+0000] {dag.py:4180} INFO - Setting next_dagrun for example_sensors to None, run_after=None
[2025-01-31T14:28:10.922+0000] {processor.py:208} INFO - Processing /home/airflow/.local/lib/python3.12/site-packages/airflow/example_dags/example_sensors.py took 0.081 seconds
[2025-01-31T14:28:40.990+0000] {processor.py:186} INFO - Started process (PID=198) to work on /home/airflow/.local/lib/python3.12/site-packages/airflow/example_dags/example_sensors.py
[2025-01-31T14:28:40.991+0000] {processor.py:914} INFO - Processing file /home/airflow/.local/lib/python3.12/site-packages/airflow/example_dags/example_sensors.py for tasks to queue
[2025-01-31T14:28:40.993+0000] {logging_mixin.py:190} INFO - [2025-01-31T14:28:40.993+0000] {dagbag.py:588} INFO - Filling up the DagBag from /home/airflow/.local/lib/python3.12/site-packages/airflow/example_dags/example_sensors.py
[2025-01-31T14:28:41.006+0000] {processor.py:925} INFO - DAG(s) 'example_sensors' retrieved from /home/airflow/.local/lib/python3.12/site-packages/airflow/example_dags/example_sensors.py
[2025-01-31T14:28:41.036+0000] {logging_mixin.py:190} INFO - [2025-01-31T14:28:41.036+0000] {dag.py:3239} INFO - Sync 1 DAGs
[2025-01-31T14:28:41.054+0000] {logging_mixin.py:190} INFO - [2025-01-31T14:28:41.053+0000] {dag.py:4180} INFO - Setting next_dagrun for example_sensors to None, run_after=None
[2025-01-31T14:28:41.072+0000] {processor.py:208} INFO - Processing /home/airflow/.local/lib/python3.12/site-packages/airflow/example_dags/example_sensors.py took 0.088 seconds
[2025-01-31T14:29:11.255+0000] {processor.py:186} INFO - Started process (PID=264) to work on /home/airflow/.local/lib/python3.12/site-packages/airflow/example_dags/example_sensors.py
[2025-01-31T14:29:11.256+0000] {processor.py:914} INFO - Processing file /home/airflow/.local/lib/python3.12/site-packages/airflow/example_dags/example_sensors.py for tasks to queue
[2025-01-31T14:29:11.257+0000] {logging_mixin.py:190} INFO - [2025-01-31T14:29:11.257+0000] {dagbag.py:588} INFO - Filling up the DagBag from /home/airflow/.local/lib/python3.12/site-packages/airflow/example_dags/example_sensors.py
[2025-01-31T14:29:11.266+0000] {processor.py:925} INFO - DAG(s) 'example_sensors' retrieved from /home/airflow/.local/lib/python3.12/site-packages/airflow/example_dags/example_sensors.py
[2025-01-31T14:29:11.286+0000] {logging_mixin.py:190} INFO - [2025-01-31T14:29:11.285+0000] {dag.py:3239} INFO - Sync 1 DAGs
[2025-01-31T14:29:11.296+0000] {logging_mixin.py:190} INFO - [2025-01-31T14:29:11.296+0000] {dag.py:4180} INFO - Setting next_dagrun for example_sensors to None, run_after=None
[2025-01-31T14:29:11.310+0000] {processor.py:208} INFO - Processing /home/airflow/.local/lib/python3.12/site-packages/airflow/example_dags/example_sensors.py took 0.059 seconds
[2025-01-31T14:29:41.571+0000] {processor.py:186} INFO - Started process (PID=329) to work on /home/airflow/.local/lib/python3.12/site-packages/airflow/example_dags/example_sensors.py
[2025-01-31T14:29:41.571+0000] {processor.py:914} INFO - Processing file /home/airflow/.local/lib/python3.12/site-packages/airflow/example_dags/example_sensors.py for tasks to queue
[2025-01-31T14:29:41.573+0000] {logging_mixin.py:190} INFO - [2025-01-31T14:29:41.573+0000] {dagbag.py:588} INFO - Filling up the DagBag from /home/airflow/.local/lib/python3.12/site-packages/airflow/example_dags/example_sensors.py
[2025-01-31T14:29:41.590+0000] {processor.py:925} INFO - DAG(s) 'example_sensors' retrieved from /home/airflow/.local/lib/python3.12/site-packages/airflow/example_dags/example_sensors.py
[2025-01-31T14:29:41.616+0000] {logging_mixin.py:190} INFO - [2025-01-31T14:29:41.616+0000] {dag.py:3239} INFO - Sync 1 DAGs
[2025-01-31T14:29:41.629+0000] {logging_mixin.py:190} INFO - [2025-01-31T14:29:41.629+0000] {dag.py:4180} INFO - Setting next_dagrun for example_sensors to None, run_after=None
[2025-01-31T14:29:41.646+0000] {processor.py:208} INFO - Processing /home/airflow/.local/lib/python3.12/site-packages/airflow/example_dags/example_sensors.py took 0.082 seconds
[2025-01-31T14:30:12.242+0000] {processor.py:186} INFO - Started process (PID=394) to work on /home/airflow/.local/lib/python3.12/site-packages/airflow/example_dags/example_sensors.py
[2025-01-31T14:30:12.243+0000] {processor.py:914} INFO - Processing file /home/airflow/.local/lib/python3.12/site-packages/airflow/example_dags/example_sensors.py for tasks to queue
[2025-01-31T14:30:12.244+0000] {logging_mixin.py:190} INFO - [2025-01-31T14:30:12.244+0000] {dagbag.py:588} INFO - Filling up the DagBag from /home/airflow/.local/lib/python3.12/site-packages/airflow/example_dags/example_sensors.py
[2025-01-31T14:30:12.252+0000] {processor.py:925} INFO - DAG(s) 'example_sensors' retrieved from /home/airflow/.local/lib/python3.12/site-packages/airflow/example_dags/example_sensors.py
[2025-01-31T14:30:12.272+0000] {logging_mixin.py:190} INFO - [2025-01-31T14:30:12.272+0000] {dag.py:3239} INFO - Sync 1 DAGs
[2025-01-31T14:30:12.282+0000] {logging_mixin.py:190} INFO - [2025-01-31T14:30:12.282+0000] {dag.py:4180} INFO - Setting next_dagrun for example_sensors to None, run_after=None
[2025-01-31T14:30:12.295+0000] {processor.py:208} INFO - Processing /home/airflow/.local/lib/python3.12/site-packages/airflow/example_dags/example_sensors.py took 0.057 seconds
[2025-01-31T14:30:42.356+0000] {processor.py:186} INFO - Started process (PID=459) to work on /home/airflow/.local/lib/python3.12/site-packages/airflow/example_dags/example_sensors.py
[2025-01-31T14:30:42.356+0000] {processor.py:914} INFO - Processing file /home/airflow/.local/lib/python3.12/site-packages/airflow/example_dags/example_sensors.py for tasks to queue
[2025-01-31T14:30:42.358+0000] {logging_mixin.py:190} INFO - [2025-01-31T14:30:42.358+0000] {dagbag.py:588} INFO - Filling up the DagBag from /home/airflow/.local/lib/python3.12/site-packages/airflow/example_dags/example_sensors.py
[2025-01-31T14:30:42.367+0000] {processor.py:925} INFO - DAG(s) 'example_sensors' retrieved from /home/airflow/.local/lib/python3.12/site-packages/airflow/example_dags/example_sensors.py
[2025-01-31T14:30:42.389+0000] {logging_mixin.py:190} INFO - [2025-01-31T14:30:42.389+0000] {dag.py:3239} INFO - Sync 1 DAGs
[2025-01-31T14:30:42.401+0000] {logging_mixin.py:190} INFO - [2025-01-31T14:30:42.401+0000] {dag.py:4180} INFO - Setting next_dagrun for example_sensors to None, run_after=None
[2025-01-31T14:30:42.415+0000] {processor.py:208} INFO - Processing /home/airflow/.local/lib/python3.12/site-packages/airflow/example_dags/example_sensors.py took 0.064 seconds
[2025-01-31T14:31:13.003+0000] {processor.py:186} INFO - Started process (PID=524) to work on /home/airflow/.local/lib/python3.12/site-packages/airflow/example_dags/example_sensors.py
[2025-01-31T14:31:13.004+0000] {processor.py:914} INFO - Processing file /home/airflow/.local/lib/python3.12/site-packages/airflow/example_dags/example_sensors.py for tasks to queue
[2025-01-31T14:31:13.005+0000] {logging_mixin.py:190} INFO - [2025-01-31T14:31:13.005+0000] {dagbag.py:588} INFO - Filling up the DagBag from /home/airflow/.local/lib/python3.12/site-packages/airflow/example_dags/example_sensors.py
[2025-01-31T14:31:13.014+0000] {processor.py:925} INFO - DAG(s) 'example_sensors' retrieved from /home/airflow/.local/lib/python3.12/site-packages/airflow/example_dags/example_sensors.py
[2025-01-31T14:31:13.035+0000] {logging_mixin.py:190} INFO - [2025-01-31T14:31:13.035+0000] {dag.py:3239} INFO - Sync 1 DAGs
[2025-01-31T14:31:13.045+0000] {logging_mixin.py:190} INFO - [2025-01-31T14:31:13.045+0000] {dag.py:4180} INFO - Setting next_dagrun for example_sensors to None, run_after=None
[2025-01-31T14:31:13.059+0000] {processor.py:208} INFO - Processing /home/airflow/.local/lib/python3.12/site-packages/airflow/example_dags/example_sensors.py took 0.060 seconds
[2025-01-31T14:31:43.652+0000] {processor.py:186} INFO - Started process (PID=590) to work on /home/airflow/.local/lib/python3.12/site-packages/airflow/example_dags/example_sensors.py
[2025-01-31T14:31:43.652+0000] {processor.py:914} INFO - Processing file /home/airflow/.local/lib/python3.12/site-packages/airflow/example_dags/example_sensors.py for tasks to queue
[2025-01-31T14:31:43.654+0000] {logging_mixin.py:190} INFO - [2025-01-31T14:31:43.654+0000] {dagbag.py:588} INFO - Filling up the DagBag from /home/airflow/.local/lib/python3.12/site-packages/airflow/example_dags/example_sensors.py
[2025-01-31T14:31:43.662+0000] {processor.py:925} INFO - DAG(s) 'example_sensors' retrieved from /home/airflow/.local/lib/python3.12/site-packages/airflow/example_dags/example_sensors.py
[2025-01-31T14:31:43.687+0000] {logging_mixin.py:190} INFO - [2025-01-31T14:31:43.687+0000] {dag.py:3239} INFO - Sync 1 DAGs
[2025-01-31T14:31:43.701+0000] {logging_mixin.py:190} INFO - [2025-01-31T14:31:43.700+0000] {dag.py:4180} INFO - Setting next_dagrun for example_sensors to None, run_after=None
[2025-01-31T14:31:43.715+0000] {processor.py:208} INFO - Processing /home/airflow/.local/lib/python3.12/site-packages/airflow/example_dags/example_sensors.py took 0.067 seconds
[2025-01-31T14:32:13.776+0000] {processor.py:186} INFO - Started process (PID=654) to work on /home/airflow/.local/lib/python3.12/site-packages/airflow/example_dags/example_sensors.py
[2025-01-31T14:32:13.777+0000] {processor.py:914} INFO - Processing file /home/airflow/.local/lib/python3.12/site-packages/airflow/example_dags/example_sensors.py for tasks to queue
[2025-01-31T14:32:13.778+0000] {logging_mixin.py:190} INFO - [2025-01-31T14:32:13.778+0000] {dagbag.py:588} INFO - Filling up the DagBag from /home/airflow/.local/lib/python3.12/site-packages/airflow/example_dags/example_sensors.py
[2025-01-31T14:32:13.786+0000] {processor.py:925} INFO - DAG(s) 'example_sensors' retrieved from /home/airflow/.local/lib/python3.12/site-packages/airflow/example_dags/example_sensors.py
[2025-01-31T14:32:13.812+0000] {logging_mixin.py:190} INFO - [2025-01-31T14:32:13.812+0000] {dag.py:3239} INFO - Sync 1 DAGs
[2025-01-31T14:32:13.826+0000] {logging_mixin.py:190} INFO - [2025-01-31T14:32:13.826+0000] {dag.py:4180} INFO - Setting next_dagrun for example_sensors to None, run_after=None
[2025-01-31T14:32:13.843+0000] {processor.py:208} INFO - Processing /home/airflow/.local/lib/python3.12/site-packages/airflow/example_dags/example_sensors.py took 0.071 seconds
[2025-01-31T14:32:43.940+0000] {processor.py:186} INFO - Started process (PID=720) to work on /home/airflow/.local/lib/python3.12/site-packages/airflow/example_dags/example_sensors.py
[2025-01-31T14:32:43.941+0000] {processor.py:914} INFO - Processing file /home/airflow/.local/lib/python3.12/site-packages/airflow/example_dags/example_sensors.py for tasks to queue
[2025-01-31T14:32:43.943+0000] {logging_mixin.py:190} INFO - [2025-01-31T14:32:43.942+0000] {dagbag.py:588} INFO - Filling up the DagBag from /home/airflow/.local/lib/python3.12/site-packages/airflow/example_dags/example_sensors.py
[2025-01-31T14:32:43.951+0000] {processor.py:925} INFO - DAG(s) 'example_sensors' retrieved from /home/airflow/.local/lib/python3.12/site-packages/airflow/example_dags/example_sensors.py
[2025-01-31T14:32:43.973+0000] {logging_mixin.py:190} INFO - [2025-01-31T14:32:43.972+0000] {dag.py:3239} INFO - Sync 1 DAGs
[2025-01-31T14:32:43.984+0000] {logging_mixin.py:190} INFO - [2025-01-31T14:32:43.984+0000] {dag.py:4180} INFO - Setting next_dagrun for example_sensors to None, run_after=None
[2025-01-31T14:32:43.999+0000] {processor.py:208} INFO - Processing /home/airflow/.local/lib/python3.12/site-packages/airflow/example_dags/example_sensors.py took 0.063 seconds
[2025-01-31T14:33:14.670+0000] {processor.py:186} INFO - Started process (PID=786) to work on /home/airflow/.local/lib/python3.12/site-packages/airflow/example_dags/example_sensors.py
[2025-01-31T14:33:14.670+0000] {processor.py:914} INFO - Processing file /home/airflow/.local/lib/python3.12/site-packages/airflow/example_dags/example_sensors.py for tasks to queue
[2025-01-31T14:33:14.672+0000] {logging_mixin.py:190} INFO - [2025-01-31T14:33:14.672+0000] {dagbag.py:588} INFO - Filling up the DagBag from /home/airflow/.local/lib/python3.12/site-packages/airflow/example_dags/example_sensors.py
[2025-01-31T14:33:14.684+0000] {processor.py:925} INFO - DAG(s) 'example_sensors' retrieved from /home/airflow/.local/lib/python3.12/site-packages/airflow/example_dags/example_sensors.py
[2025-01-31T14:33:14.711+0000] {logging_mixin.py:190} INFO - [2025-01-31T14:33:14.710+0000] {dag.py:3239} INFO - Sync 1 DAGs
[2025-01-31T14:33:14.721+0000] {logging_mixin.py:190} INFO - [2025-01-31T14:33:14.721+0000] {dag.py:4180} INFO - Setting next_dagrun for example_sensors to None, run_after=None
[2025-01-31T14:33:14.736+0000] {processor.py:208} INFO - Processing /home/airflow/.local/lib/python3.12/site-packages/airflow/example_dags/example_sensors.py took 0.071 seconds
[2025-01-31T14:33:45.320+0000] {processor.py:186} INFO - Started process (PID=851) to work on /home/airflow/.local/lib/python3.12/site-packages/airflow/example_dags/example_sensors.py
[2025-01-31T14:33:45.321+0000] {processor.py:914} INFO - Processing file /home/airflow/.local/lib/python3.12/site-packages/airflow/example_dags/example_sensors.py for tasks to queue
[2025-01-31T14:33:45.322+0000] {logging_mixin.py:190} INFO - [2025-01-31T14:33:45.322+0000] {dagbag.py:588} INFO - Filling up the DagBag from /home/airflow/.local/lib/python3.12/site-packages/airflow/example_dags/example_sensors.py
[2025-01-31T14:33:45.331+0000] {processor.py:925} INFO - DAG(s) 'example_sensors' retrieved from /home/airflow/.local/lib/python3.12/site-packages/airflow/example_dags/example_sensors.py
[2025-01-31T14:33:45.356+0000] {logging_mixin.py:190} INFO - [2025-01-31T14:33:45.356+0000] {dag.py:3239} INFO - Sync 1 DAGs
[2025-01-31T14:33:45.369+0000] {logging_mixin.py:190} INFO - [2025-01-31T14:33:45.369+0000] {dag.py:4180} INFO - Setting next_dagrun for example_sensors to None, run_after=None
[2025-01-31T14:33:45.385+0000] {processor.py:208} INFO - Processing /home/airflow/.local/lib/python3.12/site-packages/airflow/example_dags/example_sensors.py took 0.069 seconds
[2025-01-31T14:34:15.959+0000] {processor.py:186} INFO - Started process (PID=916) to work on /home/airflow/.local/lib/python3.12/site-packages/airflow/example_dags/example_sensors.py
[2025-01-31T14:34:15.960+0000] {processor.py:914} INFO - Processing file /home/airflow/.local/lib/python3.12/site-packages/airflow/example_dags/example_sensors.py for tasks to queue
[2025-01-31T14:34:15.961+0000] {logging_mixin.py:190} INFO - [2025-01-31T14:34:15.961+0000] {dagbag.py:588} INFO - Filling up the DagBag from /home/airflow/.local/lib/python3.12/site-packages/airflow/example_dags/example_sensors.py
[2025-01-31T14:34:15.970+0000] {processor.py:925} INFO - DAG(s) 'example_sensors' retrieved from /home/airflow/.local/lib/python3.12/site-packages/airflow/example_dags/example_sensors.py
[2025-01-31T14:34:15.996+0000] {logging_mixin.py:190} INFO - [2025-01-31T14:34:15.996+0000] {dag.py:3239} INFO - Sync 1 DAGs
[2025-01-31T14:34:16.010+0000] {logging_mixin.py:190} INFO - [2025-01-31T14:34:16.009+0000] {dag.py:4180} INFO - Setting next_dagrun for example_sensors to None, run_after=None
[2025-01-31T14:34:16.027+0000] {processor.py:208} INFO - Processing /home/airflow/.local/lib/python3.12/site-packages/airflow/example_dags/example_sensors.py took 0.072 seconds
[2025-01-31T14:34:46.068+0000] {processor.py:186} INFO - Started process (PID=982) to work on /home/airflow/.local/lib/python3.12/site-packages/airflow/example_dags/example_sensors.py
[2025-01-31T14:34:46.069+0000] {processor.py:914} INFO - Processing file /home/airflow/.local/lib/python3.12/site-packages/airflow/example_dags/example_sensors.py for tasks to queue
[2025-01-31T14:34:46.070+0000] {logging_mixin.py:190} INFO - [2025-01-31T14:34:46.070+0000] {dagbag.py:588} INFO - Filling up the DagBag from /home/airflow/.local/lib/python3.12/site-packages/airflow/example_dags/example_sensors.py
[2025-01-31T14:34:46.079+0000] {processor.py:925} INFO - DAG(s) 'example_sensors' retrieved from /home/airflow/.local/lib/python3.12/site-packages/airflow/example_dags/example_sensors.py
[2025-01-31T14:34:46.104+0000] {logging_mixin.py:190} INFO - [2025-01-31T14:34:46.104+0000] {dag.py:3239} INFO - Sync 1 DAGs
[2025-01-31T14:34:46.117+0000] {logging_mixin.py:190} INFO - [2025-01-31T14:34:46.117+0000] {dag.py:4180} INFO - Setting next_dagrun for example_sensors to None, run_after=None
[2025-01-31T14:34:46.130+0000] {processor.py:208} INFO - Processing /home/airflow/.local/lib/python3.12/site-packages/airflow/example_dags/example_sensors.py took 0.066 seconds
[2025-01-31T14:35:16.846+0000] {processor.py:186} INFO - Started process (PID=1047) to work on /home/airflow/.local/lib/python3.12/site-packages/airflow/example_dags/example_sensors.py
[2025-01-31T14:35:16.846+0000] {processor.py:914} INFO - Processing file /home/airflow/.local/lib/python3.12/site-packages/airflow/example_dags/example_sensors.py for tasks to queue
[2025-01-31T14:35:16.848+0000] {logging_mixin.py:190} INFO - [2025-01-31T14:35:16.848+0000] {dagbag.py:588} INFO - Filling up the DagBag from /home/airflow/.local/lib/python3.12/site-packages/airflow/example_dags/example_sensors.py
[2025-01-31T14:35:16.859+0000] {processor.py:925} INFO - DAG(s) 'example_sensors' retrieved from /home/airflow/.local/lib/python3.12/site-packages/airflow/example_dags/example_sensors.py
[2025-01-31T14:35:16.881+0000] {logging_mixin.py:190} INFO - [2025-01-31T14:35:16.880+0000] {dag.py:3239} INFO - Sync 1 DAGs
[2025-01-31T14:35:16.892+0000] {logging_mixin.py:190} INFO - [2025-01-31T14:35:16.891+0000] {dag.py:4180} INFO - Setting next_dagrun for example_sensors to None, run_after=None
[2025-01-31T14:35:16.908+0000] {processor.py:208} INFO - Processing /home/airflow/.local/lib/python3.12/site-packages/airflow/example_dags/example_sensors.py took 0.068 seconds
[2025-01-31T14:35:46.976+0000] {processor.py:186} INFO - Started process (PID=1112) to work on /home/airflow/.local/lib/python3.12/site-packages/airflow/example_dags/example_sensors.py
[2025-01-31T14:35:46.976+0000] {processor.py:914} INFO - Processing file /home/airflow/.local/lib/python3.12/site-packages/airflow/example_dags/example_sensors.py for tasks to queue
[2025-01-31T14:35:46.978+0000] {logging_mixin.py:190} INFO - [2025-01-31T14:35:46.978+0000] {dagbag.py:588} INFO - Filling up the DagBag from /home/airflow/.local/lib/python3.12/site-packages/airflow/example_dags/example_sensors.py
[2025-01-31T14:35:46.986+0000] {processor.py:925} INFO - DAG(s) 'example_sensors' retrieved from /home/airflow/.local/lib/python3.12/site-packages/airflow/example_dags/example_sensors.py
[2025-01-31T14:35:47.008+0000] {logging_mixin.py:190} INFO - [2025-01-31T14:35:47.007+0000] {dag.py:3239} INFO - Sync 1 DAGs
[2025-01-31T14:35:47.022+0000] {logging_mixin.py:190} INFO - [2025-01-31T14:35:47.022+0000] {dag.py:4180} INFO - Setting next_dagrun for example_sensors to None, run_after=None
[2025-01-31T14:35:47.039+0000] {processor.py:208} INFO - Processing /home/airflow/.local/lib/python3.12/site-packages/airflow/example_dags/example_sensors.py took 0.069 seconds
[2025-01-31T14:36:17.297+0000] {processor.py:186} INFO - Started process (PID=1178) to work on /home/airflow/.local/lib/python3.12/site-packages/airflow/example_dags/example_sensors.py
[2025-01-31T14:36:17.297+0000] {processor.py:914} INFO - Processing file /home/airflow/.local/lib/python3.12/site-packages/airflow/example_dags/example_sensors.py for tasks to queue
[2025-01-31T14:36:17.299+0000] {logging_mixin.py:190} INFO - [2025-01-31T14:36:17.299+0000] {dagbag.py:588} INFO - Filling up the DagBag from /home/airflow/.local/lib/python3.12/site-packages/airflow/example_dags/example_sensors.py
[2025-01-31T14:36:17.308+0000] {processor.py:925} INFO - DAG(s) 'example_sensors' retrieved from /home/airflow/.local/lib/python3.12/site-packages/airflow/example_dags/example_sensors.py
[2025-01-31T14:36:17.328+0000] {logging_mixin.py:190} INFO - [2025-01-31T14:36:17.327+0000] {dag.py:3239} INFO - Sync 1 DAGs
[2025-01-31T14:36:17.338+0000] {logging_mixin.py:190} INFO - [2025-01-31T14:36:17.338+0000] {dag.py:4180} INFO - Setting next_dagrun for example_sensors to None, run_after=None
[2025-01-31T14:36:17.351+0000] {processor.py:208} INFO - Processing /home/airflow/.local/lib/python3.12/site-packages/airflow/example_dags/example_sensors.py took 0.059 seconds
[2025-01-31T14:36:47.659+0000] {processor.py:186} INFO - Started process (PID=1243) to work on /home/airflow/.local/lib/python3.12/site-packages/airflow/example_dags/example_sensors.py
[2025-01-31T14:36:47.659+0000] {processor.py:914} INFO - Processing file /home/airflow/.local/lib/python3.12/site-packages/airflow/example_dags/example_sensors.py for tasks to queue
[2025-01-31T14:36:47.661+0000] {logging_mixin.py:190} INFO - [2025-01-31T14:36:47.661+0000] {dagbag.py:588} INFO - Filling up the DagBag from /home/airflow/.local/lib/python3.12/site-packages/airflow/example_dags/example_sensors.py
[2025-01-31T14:36:47.669+0000] {processor.py:925} INFO - DAG(s) 'example_sensors' retrieved from /home/airflow/.local/lib/python3.12/site-packages/airflow/example_dags/example_sensors.py
[2025-01-31T14:36:47.688+0000] {logging_mixin.py:190} INFO - [2025-01-31T14:36:47.688+0000] {dag.py:3239} INFO - Sync 1 DAGs
[2025-01-31T14:36:47.699+0000] {logging_mixin.py:190} INFO - [2025-01-31T14:36:47.699+0000] {dag.py:4180} INFO - Setting next_dagrun for example_sensors to None, run_after=None
[2025-01-31T14:36:47.712+0000] {processor.py:208} INFO - Processing /home/airflow/.local/lib/python3.12/site-packages/airflow/example_dags/example_sensors.py took 0.058 seconds
[2025-01-31T14:37:17.878+0000] {processor.py:186} INFO - Started process (PID=1308) to work on /home/airflow/.local/lib/python3.12/site-packages/airflow/example_dags/example_sensors.py
[2025-01-31T14:37:17.879+0000] {processor.py:914} INFO - Processing file /home/airflow/.local/lib/python3.12/site-packages/airflow/example_dags/example_sensors.py for tasks to queue
[2025-01-31T14:37:17.881+0000] {logging_mixin.py:190} INFO - [2025-01-31T14:37:17.880+0000] {dagbag.py:588} INFO - Filling up the DagBag from /home/airflow/.local/lib/python3.12/site-packages/airflow/example_dags/example_sensors.py
[2025-01-31T14:37:17.890+0000] {processor.py:925} INFO - DAG(s) 'example_sensors' retrieved from /home/airflow/.local/lib/python3.12/site-packages/airflow/example_dags/example_sensors.py
[2025-01-31T14:37:17.912+0000] {logging_mixin.py:190} INFO - [2025-01-31T14:37:17.911+0000] {dag.py:3239} INFO - Sync 1 DAGs
[2025-01-31T14:37:17.922+0000] {logging_mixin.py:190} INFO - [2025-01-31T14:37:17.922+0000] {dag.py:4180} INFO - Setting next_dagrun for example_sensors to None, run_after=None
[2025-01-31T14:37:17.936+0000] {processor.py:208} INFO - Processing /home/airflow/.local/lib/python3.12/site-packages/airflow/example_dags/example_sensors.py took 0.063 seconds
[2025-01-31T14:37:48.456+0000] {processor.py:186} INFO - Started process (PID=1373) to work on /home/airflow/.local/lib/python3.12/site-packages/airflow/example_dags/example_sensors.py
[2025-01-31T14:37:48.456+0000] {processor.py:914} INFO - Processing file /home/airflow/.local/lib/python3.12/site-packages/airflow/example_dags/example_sensors.py for tasks to queue
[2025-01-31T14:37:48.458+0000] {logging_mixin.py:190} INFO - [2025-01-31T14:37:48.458+0000] {dagbag.py:588} INFO - Filling up the DagBag from /home/airflow/.local/lib/python3.12/site-packages/airflow/example_dags/example_sensors.py
[2025-01-31T14:37:48.466+0000] {processor.py:925} INFO - DAG(s) 'example_sensors' retrieved from /home/airflow/.local/lib/python3.12/site-packages/airflow/example_dags/example_sensors.py
[2025-01-31T14:37:48.486+0000] {logging_mixin.py:190} INFO - [2025-01-31T14:37:48.486+0000] {dag.py:3239} INFO - Sync 1 DAGs
[2025-01-31T14:37:48.497+0000] {logging_mixin.py:190} INFO - [2025-01-31T14:37:48.497+0000] {dag.py:4180} INFO - Setting next_dagrun for example_sensors to None, run_after=None
[2025-01-31T14:37:48.510+0000] {processor.py:208} INFO - Processing /home/airflow/.local/lib/python3.12/site-packages/airflow/example_dags/example_sensors.py took 0.058 seconds
[2025-01-31T14:38:19.415+0000] {processor.py:186} INFO - Started process (PID=1438) to work on /home/airflow/.local/lib/python3.12/site-packages/airflow/example_dags/example_sensors.py
[2025-01-31T14:38:19.416+0000] {processor.py:914} INFO - Processing file /home/airflow/.local/lib/python3.12/site-packages/airflow/example_dags/example_sensors.py for tasks to queue
[2025-01-31T14:38:19.417+0000] {logging_mixin.py:190} INFO - [2025-01-31T14:38:19.417+0000] {dagbag.py:588} INFO - Filling up the DagBag from /home/airflow/.local/lib/python3.12/site-packages/airflow/example_dags/example_sensors.py
[2025-01-31T14:38:19.426+0000] {processor.py:925} INFO - DAG(s) 'example_sensors' retrieved from /home/airflow/.local/lib/python3.12/site-packages/airflow/example_dags/example_sensors.py
[2025-01-31T14:38:19.451+0000] {logging_mixin.py:190} INFO - [2025-01-31T14:38:19.450+0000] {dag.py:3239} INFO - Sync 1 DAGs
[2025-01-31T14:38:19.463+0000] {logging_mixin.py:190} INFO - [2025-01-31T14:38:19.463+0000] {dag.py:4180} INFO - Setting next_dagrun for example_sensors to None, run_after=None
[2025-01-31T14:38:19.476+0000] {processor.py:208} INFO - Processing /home/airflow/.local/lib/python3.12/site-packages/airflow/example_dags/example_sensors.py took 0.065 seconds
[2025-01-31T14:38:49.669+0000] {processor.py:186} INFO - Started process (PID=1503) to work on /home/airflow/.local/lib/python3.12/site-packages/airflow/example_dags/example_sensors.py
[2025-01-31T14:38:49.669+0000] {processor.py:914} INFO - Processing file /home/airflow/.local/lib/python3.12/site-packages/airflow/example_dags/example_sensors.py for tasks to queue
[2025-01-31T14:38:49.671+0000] {logging_mixin.py:190} INFO - [2025-01-31T14:38:49.670+0000] {dagbag.py:588} INFO - Filling up the DagBag from /home/airflow/.local/lib/python3.12/site-packages/airflow/example_dags/example_sensors.py
[2025-01-31T14:38:49.680+0000] {processor.py:925} INFO - DAG(s) 'example_sensors' retrieved from /home/airflow/.local/lib/python3.12/site-packages/airflow/example_dags/example_sensors.py
[2025-01-31T14:38:49.699+0000] {logging_mixin.py:190} INFO - [2025-01-31T14:38:49.699+0000] {dag.py:3239} INFO - Sync 1 DAGs
[2025-01-31T14:38:49.710+0000] {logging_mixin.py:190} INFO - [2025-01-31T14:38:49.710+0000] {dag.py:4180} INFO - Setting next_dagrun for example_sensors to None, run_after=None
[2025-01-31T14:38:49.723+0000] {processor.py:208} INFO - Processing /home/airflow/.local/lib/python3.12/site-packages/airflow/example_dags/example_sensors.py took 0.059 seconds
[2025-01-31T14:39:19.932+0000] {processor.py:186} INFO - Started process (PID=1569) to work on /home/airflow/.local/lib/python3.12/site-packages/airflow/example_dags/example_sensors.py
[2025-01-31T14:39:19.933+0000] {processor.py:914} INFO - Processing file /home/airflow/.local/lib/python3.12/site-packages/airflow/example_dags/example_sensors.py for tasks to queue
[2025-01-31T14:39:19.934+0000] {logging_mixin.py:190} INFO - [2025-01-31T14:39:19.934+0000] {dagbag.py:588} INFO - Filling up the DagBag from /home/airflow/.local/lib/python3.12/site-packages/airflow/example_dags/example_sensors.py
[2025-01-31T14:39:19.943+0000] {processor.py:925} INFO - DAG(s) 'example_sensors' retrieved from /home/airflow/.local/lib/python3.12/site-packages/airflow/example_dags/example_sensors.py
[2025-01-31T14:39:19.963+0000] {logging_mixin.py:190} INFO - [2025-01-31T14:39:19.963+0000] {dag.py:3239} INFO - Sync 1 DAGs
[2025-01-31T14:39:19.974+0000] {logging_mixin.py:190} INFO - [2025-01-31T14:39:19.974+0000] {dag.py:4180} INFO - Setting next_dagrun for example_sensors to None, run_after=None
[2025-01-31T14:39:19.988+0000] {processor.py:208} INFO - Processing /home/airflow/.local/lib/python3.12/site-packages/airflow/example_dags/example_sensors.py took 0.061 seconds
[2025-01-31T14:39:50.231+0000] {processor.py:186} INFO - Started process (PID=1633) to work on /home/airflow/.local/lib/python3.12/site-packages/airflow/example_dags/example_sensors.py
[2025-01-31T14:39:50.231+0000] {processor.py:914} INFO - Processing file /home/airflow/.local/lib/python3.12/site-packages/airflow/example_dags/example_sensors.py for tasks to queue
[2025-01-31T14:39:50.233+0000] {logging_mixin.py:190} INFO - [2025-01-31T14:39:50.232+0000] {dagbag.py:588} INFO - Filling up the DagBag from /home/airflow/.local/lib/python3.12/site-packages/airflow/example_dags/example_sensors.py
[2025-01-31T14:39:50.241+0000] {processor.py:925} INFO - DAG(s) 'example_sensors' retrieved from /home/airflow/.local/lib/python3.12/site-packages/airflow/example_dags/example_sensors.py
[2025-01-31T14:39:50.260+0000] {logging_mixin.py:190} INFO - [2025-01-31T14:39:50.260+0000] {dag.py:3239} INFO - Sync 1 DAGs
[2025-01-31T14:39:50.270+0000] {logging_mixin.py:190} INFO - [2025-01-31T14:39:50.270+0000] {dag.py:4180} INFO - Setting next_dagrun for example_sensors to None, run_after=None
[2025-01-31T14:39:50.282+0000] {processor.py:208} INFO - Processing /home/airflow/.local/lib/python3.12/site-packages/airflow/example_dags/example_sensors.py took 0.056 seconds
[2025-01-31T14:40:21.110+0000] {processor.py:186} INFO - Started process (PID=1698) to work on /home/airflow/.local/lib/python3.12/site-packages/airflow/example_dags/example_sensors.py
[2025-01-31T14:40:21.110+0000] {processor.py:914} INFO - Processing file /home/airflow/.local/lib/python3.12/site-packages/airflow/example_dags/example_sensors.py for tasks to queue
[2025-01-31T14:40:21.112+0000] {logging_mixin.py:190} INFO - [2025-01-31T14:40:21.111+0000] {dagbag.py:588} INFO - Filling up the DagBag from /home/airflow/.local/lib/python3.12/site-packages/airflow/example_dags/example_sensors.py
[2025-01-31T14:40:21.120+0000] {processor.py:925} INFO - DAG(s) 'example_sensors' retrieved from /home/airflow/.local/lib/python3.12/site-packages/airflow/example_dags/example_sensors.py
[2025-01-31T14:40:21.143+0000] {logging_mixin.py:190} INFO - [2025-01-31T14:40:21.143+0000] {dag.py:3239} INFO - Sync 1 DAGs
[2025-01-31T14:40:21.154+0000] {logging_mixin.py:190} INFO - [2025-01-31T14:40:21.153+0000] {dag.py:4180} INFO - Setting next_dagrun for example_sensors to None, run_after=None
[2025-01-31T14:40:21.169+0000] {processor.py:208} INFO - Processing /home/airflow/.local/lib/python3.12/site-packages/airflow/example_dags/example_sensors.py took 0.064 seconds
[2025-01-31T14:40:51.299+0000] {processor.py:186} INFO - Started process (PID=1763) to work on /home/airflow/.local/lib/python3.12/site-packages/airflow/example_dags/example_sensors.py
[2025-01-31T14:40:51.300+0000] {processor.py:914} INFO - Processing file /home/airflow/.local/lib/python3.12/site-packages/airflow/example_dags/example_sensors.py for tasks to queue
[2025-01-31T14:40:51.301+0000] {logging_mixin.py:190} INFO - [2025-01-31T14:40:51.301+0000] {dagbag.py:588} INFO - Filling up the DagBag from /home/airflow/.local/lib/python3.12/site-packages/airflow/example_dags/example_sensors.py
[2025-01-31T14:40:51.309+0000] {processor.py:925} INFO - DAG(s) 'example_sensors' retrieved from /home/airflow/.local/lib/python3.12/site-packages/airflow/example_dags/example_sensors.py
[2025-01-31T14:40:51.334+0000] {logging_mixin.py:190} INFO - [2025-01-31T14:40:51.334+0000] {dag.py:3239} INFO - Sync 1 DAGs
[2025-01-31T14:40:51.347+0000] {logging_mixin.py:190} INFO - [2025-01-31T14:40:51.346+0000] {dag.py:4180} INFO - Setting next_dagrun for example_sensors to None, run_after=None
[2025-01-31T14:40:51.359+0000] {processor.py:208} INFO - Processing /home/airflow/.local/lib/python3.12/site-packages/airflow/example_dags/example_sensors.py took 0.064 seconds
[2025-01-31T14:41:21.459+0000] {processor.py:186} INFO - Started process (PID=1828) to work on /home/airflow/.local/lib/python3.12/site-packages/airflow/example_dags/example_sensors.py
[2025-01-31T14:41:21.460+0000] {processor.py:914} INFO - Processing file /home/airflow/.local/lib/python3.12/site-packages/airflow/example_dags/example_sensors.py for tasks to queue
[2025-01-31T14:41:21.461+0000] {logging_mixin.py:190} INFO - [2025-01-31T14:41:21.461+0000] {dagbag.py:588} INFO - Filling up the DagBag from /home/airflow/.local/lib/python3.12/site-packages/airflow/example_dags/example_sensors.py
[2025-01-31T14:41:21.470+0000] {processor.py:925} INFO - DAG(s) 'example_sensors' retrieved from /home/airflow/.local/lib/python3.12/site-packages/airflow/example_dags/example_sensors.py
[2025-01-31T14:41:21.495+0000] {logging_mixin.py:190} INFO - [2025-01-31T14:41:21.495+0000] {dag.py:3239} INFO - Sync 1 DAGs
[2025-01-31T14:41:21.508+0000] {logging_mixin.py:190} INFO - [2025-01-31T14:41:21.508+0000] {dag.py:4180} INFO - Setting next_dagrun for example_sensors to None, run_after=None
[2025-01-31T14:41:21.524+0000] {processor.py:208} INFO - Processing /home/airflow/.local/lib/python3.12/site-packages/airflow/example_dags/example_sensors.py took 0.069 seconds
[2025-01-31T14:41:51.826+0000] {processor.py:186} INFO - Started process (PID=1894) to work on /home/airflow/.local/lib/python3.12/site-packages/airflow/example_dags/example_sensors.py
[2025-01-31T14:41:51.827+0000] {processor.py:914} INFO - Processing file /home/airflow/.local/lib/python3.12/site-packages/airflow/example_dags/example_sensors.py for tasks to queue
[2025-01-31T14:41:51.828+0000] {logging_mixin.py:190} INFO - [2025-01-31T14:41:51.828+0000] {dagbag.py:588} INFO - Filling up the DagBag from /home/airflow/.local/lib/python3.12/site-packages/airflow/example_dags/example_sensors.py
[2025-01-31T14:41:51.836+0000] {processor.py:925} INFO - DAG(s) 'example_sensors' retrieved from /home/airflow/.local/lib/python3.12/site-packages/airflow/example_dags/example_sensors.py
[2025-01-31T14:41:51.861+0000] {logging_mixin.py:190} INFO - [2025-01-31T14:41:51.861+0000] {dag.py:3239} INFO - Sync 1 DAGs
[2025-01-31T14:41:51.875+0000] {logging_mixin.py:190} INFO - [2025-01-31T14:41:51.874+0000] {dag.py:4180} INFO - Setting next_dagrun for example_sensors to None, run_after=None
[2025-01-31T14:41:51.889+0000] {processor.py:208} INFO - Processing /home/airflow/.local/lib/python3.12/site-packages/airflow/example_dags/example_sensors.py took 0.068 seconds
[2025-01-31T14:42:22.070+0000] {processor.py:186} INFO - Started process (PID=1959) to work on /home/airflow/.local/lib/python3.12/site-packages/airflow/example_dags/example_sensors.py
[2025-01-31T14:42:22.070+0000] {processor.py:914} INFO - Processing file /home/airflow/.local/lib/python3.12/site-packages/airflow/example_dags/example_sensors.py for tasks to queue
[2025-01-31T14:42:22.072+0000] {logging_mixin.py:190} INFO - [2025-01-31T14:42:22.072+0000] {dagbag.py:588} INFO - Filling up the DagBag from /home/airflow/.local/lib/python3.12/site-packages/airflow/example_dags/example_sensors.py
[2025-01-31T14:42:22.081+0000] {processor.py:925} INFO - DAG(s) 'example_sensors' retrieved from /home/airflow/.local/lib/python3.12/site-packages/airflow/example_dags/example_sensors.py
[2025-01-31T14:42:22.104+0000] {logging_mixin.py:190} INFO - [2025-01-31T14:42:22.103+0000] {dag.py:3239} INFO - Sync 1 DAGs
[2025-01-31T14:42:22.115+0000] {logging_mixin.py:190} INFO - [2025-01-31T14:42:22.114+0000] {dag.py:4180} INFO - Setting next_dagrun for example_sensors to None, run_after=None
[2025-01-31T14:42:22.131+0000] {processor.py:208} INFO - Processing /home/airflow/.local/lib/python3.12/site-packages/airflow/example_dags/example_sensors.py took 0.067 seconds
[2025-01-31T14:42:52.511+0000] {processor.py:186} INFO - Started process (PID=2024) to work on /home/airflow/.local/lib/python3.12/site-packages/airflow/example_dags/example_sensors.py
[2025-01-31T14:42:52.512+0000] {processor.py:914} INFO - Processing file /home/airflow/.local/lib/python3.12/site-packages/airflow/example_dags/example_sensors.py for tasks to queue
[2025-01-31T14:42:52.513+0000] {logging_mixin.py:190} INFO - [2025-01-31T14:42:52.513+0000] {dagbag.py:588} INFO - Filling up the DagBag from /home/airflow/.local/lib/python3.12/site-packages/airflow/example_dags/example_sensors.py
[2025-01-31T14:42:52.522+0000] {processor.py:925} INFO - DAG(s) 'example_sensors' retrieved from /home/airflow/.local/lib/python3.12/site-packages/airflow/example_dags/example_sensors.py
[2025-01-31T14:42:52.547+0000] {logging_mixin.py:190} INFO - [2025-01-31T14:42:52.547+0000] {dag.py:3239} INFO - Sync 1 DAGs
[2025-01-31T14:42:52.561+0000] {logging_mixin.py:190} INFO - [2025-01-31T14:42:52.561+0000] {dag.py:4180} INFO - Setting next_dagrun for example_sensors to None, run_after=None
[2025-01-31T14:42:52.578+0000] {processor.py:208} INFO - Processing /home/airflow/.local/lib/python3.12/site-packages/airflow/example_dags/example_sensors.py took 0.072 seconds
[2025-01-31T14:43:23.227+0000] {processor.py:186} INFO - Started process (PID=2088) to work on /home/airflow/.local/lib/python3.12/site-packages/airflow/example_dags/example_sensors.py
[2025-01-31T14:43:23.227+0000] {processor.py:914} INFO - Processing file /home/airflow/.local/lib/python3.12/site-packages/airflow/example_dags/example_sensors.py for tasks to queue
[2025-01-31T14:43:23.230+0000] {logging_mixin.py:190} INFO - [2025-01-31T14:43:23.229+0000] {dagbag.py:588} INFO - Filling up the DagBag from /home/airflow/.local/lib/python3.12/site-packages/airflow/example_dags/example_sensors.py
[2025-01-31T14:43:23.241+0000] {processor.py:925} INFO - DAG(s) 'example_sensors' retrieved from /home/airflow/.local/lib/python3.12/site-packages/airflow/example_dags/example_sensors.py
[2025-01-31T14:43:23.271+0000] {logging_mixin.py:190} INFO - [2025-01-31T14:43:23.271+0000] {dag.py:3239} INFO - Sync 1 DAGs
[2025-01-31T14:43:23.287+0000] {logging_mixin.py:190} INFO - [2025-01-31T14:43:23.287+0000] {dag.py:4180} INFO - Setting next_dagrun for example_sensors to None, run_after=None
[2025-01-31T14:43:23.306+0000] {processor.py:208} INFO - Processing /home/airflow/.local/lib/python3.12/site-packages/airflow/example_dags/example_sensors.py took 0.085 seconds
[2025-01-31T14:43:53.344+0000] {processor.py:186} INFO - Started process (PID=2154) to work on /home/airflow/.local/lib/python3.12/site-packages/airflow/example_dags/example_sensors.py
[2025-01-31T14:43:53.344+0000] {processor.py:914} INFO - Processing file /home/airflow/.local/lib/python3.12/site-packages/airflow/example_dags/example_sensors.py for tasks to queue
[2025-01-31T14:43:53.346+0000] {logging_mixin.py:190} INFO - [2025-01-31T14:43:53.346+0000] {dagbag.py:588} INFO - Filling up the DagBag from /home/airflow/.local/lib/python3.12/site-packages/airflow/example_dags/example_sensors.py
[2025-01-31T14:43:53.354+0000] {processor.py:925} INFO - DAG(s) 'example_sensors' retrieved from /home/airflow/.local/lib/python3.12/site-packages/airflow/example_dags/example_sensors.py
[2025-01-31T14:43:53.374+0000] {logging_mixin.py:190} INFO - [2025-01-31T14:43:53.374+0000] {dag.py:3239} INFO - Sync 1 DAGs
[2025-01-31T14:43:53.385+0000] {logging_mixin.py:190} INFO - [2025-01-31T14:43:53.385+0000] {dag.py:4180} INFO - Setting next_dagrun for example_sensors to None, run_after=None
[2025-01-31T14:43:53.397+0000] {processor.py:208} INFO - Processing /home/airflow/.local/lib/python3.12/site-packages/airflow/example_dags/example_sensors.py took 0.058 seconds
[2025-01-31T14:44:23.840+0000] {processor.py:186} INFO - Started process (PID=2218) to work on /home/airflow/.local/lib/python3.12/site-packages/airflow/example_dags/example_sensors.py
[2025-01-31T14:44:23.840+0000] {processor.py:914} INFO - Processing file /home/airflow/.local/lib/python3.12/site-packages/airflow/example_dags/example_sensors.py for tasks to queue
[2025-01-31T14:44:23.842+0000] {logging_mixin.py:190} INFO - [2025-01-31T14:44:23.842+0000] {dagbag.py:588} INFO - Filling up the DagBag from /home/airflow/.local/lib/python3.12/site-packages/airflow/example_dags/example_sensors.py
[2025-01-31T14:44:23.850+0000] {processor.py:925} INFO - DAG(s) 'example_sensors' retrieved from /home/airflow/.local/lib/python3.12/site-packages/airflow/example_dags/example_sensors.py
[2025-01-31T14:44:23.871+0000] {logging_mixin.py:190} INFO - [2025-01-31T14:44:23.871+0000] {dag.py:3239} INFO - Sync 1 DAGs
[2025-01-31T14:44:23.883+0000] {logging_mixin.py:190} INFO - [2025-01-31T14:44:23.883+0000] {dag.py:4180} INFO - Setting next_dagrun for example_sensors to None, run_after=None
[2025-01-31T14:44:23.896+0000] {processor.py:208} INFO - Processing /home/airflow/.local/lib/python3.12/site-packages/airflow/example_dags/example_sensors.py took 0.061 seconds
[2025-01-31T14:44:54.484+0000] {processor.py:186} INFO - Started process (PID=2267) to work on /home/airflow/.local/lib/python3.12/site-packages/airflow/example_dags/example_sensors.py
[2025-01-31T14:44:54.484+0000] {processor.py:914} INFO - Processing file /home/airflow/.local/lib/python3.12/site-packages/airflow/example_dags/example_sensors.py for tasks to queue
[2025-01-31T14:44:54.486+0000] {logging_mixin.py:190} INFO - [2025-01-31T14:44:54.485+0000] {dagbag.py:588} INFO - Filling up the DagBag from /home/airflow/.local/lib/python3.12/site-packages/airflow/example_dags/example_sensors.py
[2025-01-31T14:44:54.494+0000] {processor.py:925} INFO - DAG(s) 'example_sensors' retrieved from /home/airflow/.local/lib/python3.12/site-packages/airflow/example_dags/example_sensors.py
[2025-01-31T14:44:54.516+0000] {logging_mixin.py:190} INFO - [2025-01-31T14:44:54.516+0000] {dag.py:3239} INFO - Sync 1 DAGs
[2025-01-31T14:44:54.527+0000] {logging_mixin.py:190} INFO - [2025-01-31T14:44:54.527+0000] {dag.py:4180} INFO - Setting next_dagrun for example_sensors to None, run_after=None
[2025-01-31T14:44:54.543+0000] {processor.py:208} INFO - Processing /home/airflow/.local/lib/python3.12/site-packages/airflow/example_dags/example_sensors.py took 0.064 seconds
[2025-01-31T14:45:24.911+0000] {processor.py:186} INFO - Started process (PID=2326) to work on /home/airflow/.local/lib/python3.12/site-packages/airflow/example_dags/example_sensors.py
[2025-01-31T14:45:24.912+0000] {processor.py:914} INFO - Processing file /home/airflow/.local/lib/python3.12/site-packages/airflow/example_dags/example_sensors.py for tasks to queue
[2025-01-31T14:45:24.913+0000] {logging_mixin.py:190} INFO - [2025-01-31T14:45:24.913+0000] {dagbag.py:588} INFO - Filling up the DagBag from /home/airflow/.local/lib/python3.12/site-packages/airflow/example_dags/example_sensors.py
[2025-01-31T14:45:24.922+0000] {processor.py:925} INFO - DAG(s) 'example_sensors' retrieved from /home/airflow/.local/lib/python3.12/site-packages/airflow/example_dags/example_sensors.py
[2025-01-31T14:45:24.942+0000] {logging_mixin.py:190} INFO - [2025-01-31T14:45:24.942+0000] {dag.py:3239} INFO - Sync 1 DAGs
[2025-01-31T14:45:24.954+0000] {logging_mixin.py:190} INFO - [2025-01-31T14:45:24.954+0000] {dag.py:4180} INFO - Setting next_dagrun for example_sensors to None, run_after=None
[2025-01-31T14:45:24.967+0000] {processor.py:208} INFO - Processing /home/airflow/.local/lib/python3.12/site-packages/airflow/example_dags/example_sensors.py took 0.061 seconds
[2025-01-31T14:45:55.117+0000] {processor.py:186} INFO - Started process (PID=2385) to work on /home/airflow/.local/lib/python3.12/site-packages/airflow/example_dags/example_sensors.py
[2025-01-31T14:45:55.117+0000] {processor.py:914} INFO - Processing file /home/airflow/.local/lib/python3.12/site-packages/airflow/example_dags/example_sensors.py for tasks to queue
[2025-01-31T14:45:55.119+0000] {logging_mixin.py:190} INFO - [2025-01-31T14:45:55.118+0000] {dagbag.py:588} INFO - Filling up the DagBag from /home/airflow/.local/lib/python3.12/site-packages/airflow/example_dags/example_sensors.py
[2025-01-31T14:45:55.127+0000] {processor.py:925} INFO - DAG(s) 'example_sensors' retrieved from /home/airflow/.local/lib/python3.12/site-packages/airflow/example_dags/example_sensors.py
[2025-01-31T14:45:55.146+0000] {logging_mixin.py:190} INFO - [2025-01-31T14:45:55.146+0000] {dag.py:3239} INFO - Sync 1 DAGs
[2025-01-31T14:45:55.159+0000] {logging_mixin.py:190} INFO - [2025-01-31T14:45:55.158+0000] {dag.py:4180} INFO - Setting next_dagrun for example_sensors to None, run_after=None
[2025-01-31T14:45:55.172+0000] {processor.py:208} INFO - Processing /home/airflow/.local/lib/python3.12/site-packages/airflow/example_dags/example_sensors.py took 0.060 seconds
[2025-01-31T14:46:25.528+0000] {processor.py:186} INFO - Started process (PID=2444) to work on /home/airflow/.local/lib/python3.12/site-packages/airflow/example_dags/example_sensors.py
[2025-01-31T14:46:25.529+0000] {processor.py:914} INFO - Processing file /home/airflow/.local/lib/python3.12/site-packages/airflow/example_dags/example_sensors.py for tasks to queue
[2025-01-31T14:46:25.531+0000] {logging_mixin.py:190} INFO - [2025-01-31T14:46:25.530+0000] {dagbag.py:588} INFO - Filling up the DagBag from /home/airflow/.local/lib/python3.12/site-packages/airflow/example_dags/example_sensors.py
[2025-01-31T14:46:25.542+0000] {processor.py:925} INFO - DAG(s) 'example_sensors' retrieved from /home/airflow/.local/lib/python3.12/site-packages/airflow/example_dags/example_sensors.py
[2025-01-31T14:46:25.566+0000] {logging_mixin.py:190} INFO - [2025-01-31T14:46:25.565+0000] {dag.py:3239} INFO - Sync 1 DAGs
[2025-01-31T14:46:25.577+0000] {logging_mixin.py:190} INFO - [2025-01-31T14:46:25.577+0000] {dag.py:4180} INFO - Setting next_dagrun for example_sensors to None, run_after=None
[2025-01-31T14:46:25.590+0000] {processor.py:208} INFO - Processing /home/airflow/.local/lib/python3.12/site-packages/airflow/example_dags/example_sensors.py took 0.066 seconds
[2025-01-31T14:46:55.931+0000] {processor.py:186} INFO - Started process (PID=2503) to work on /home/airflow/.local/lib/python3.12/site-packages/airflow/example_dags/example_sensors.py
[2025-01-31T14:46:55.931+0000] {processor.py:914} INFO - Processing file /home/airflow/.local/lib/python3.12/site-packages/airflow/example_dags/example_sensors.py for tasks to queue
[2025-01-31T14:46:55.933+0000] {logging_mixin.py:190} INFO - [2025-01-31T14:46:55.933+0000] {dagbag.py:588} INFO - Filling up the DagBag from /home/airflow/.local/lib/python3.12/site-packages/airflow/example_dags/example_sensors.py
[2025-01-31T14:46:55.942+0000] {processor.py:925} INFO - DAG(s) 'example_sensors' retrieved from /home/airflow/.local/lib/python3.12/site-packages/airflow/example_dags/example_sensors.py
[2025-01-31T14:46:55.963+0000] {logging_mixin.py:190} INFO - [2025-01-31T14:46:55.962+0000] {dag.py:3239} INFO - Sync 1 DAGs
[2025-01-31T14:46:55.977+0000] {logging_mixin.py:190} INFO - [2025-01-31T14:46:55.977+0000] {dag.py:4180} INFO - Setting next_dagrun for example_sensors to None, run_after=None
[2025-01-31T14:46:55.991+0000] {processor.py:208} INFO - Processing /home/airflow/.local/lib/python3.12/site-packages/airflow/example_dags/example_sensors.py took 0.065 seconds
[2025-01-31T14:47:26.301+0000] {processor.py:186} INFO - Started process (PID=2565) to work on /home/airflow/.local/lib/python3.12/site-packages/airflow/example_dags/example_sensors.py
[2025-01-31T14:47:26.302+0000] {processor.py:914} INFO - Processing file /home/airflow/.local/lib/python3.12/site-packages/airflow/example_dags/example_sensors.py for tasks to queue
[2025-01-31T14:47:26.304+0000] {logging_mixin.py:190} INFO - [2025-01-31T14:47:26.304+0000] {dagbag.py:588} INFO - Filling up the DagBag from /home/airflow/.local/lib/python3.12/site-packages/airflow/example_dags/example_sensors.py
[2025-01-31T14:47:26.318+0000] {processor.py:925} INFO - DAG(s) 'example_sensors' retrieved from /home/airflow/.local/lib/python3.12/site-packages/airflow/example_dags/example_sensors.py
[2025-01-31T14:47:26.348+0000] {logging_mixin.py:190} INFO - [2025-01-31T14:47:26.348+0000] {dag.py:3239} INFO - Sync 1 DAGs
[2025-01-31T14:47:26.365+0000] {logging_mixin.py:190} INFO - [2025-01-31T14:47:26.364+0000] {dag.py:4180} INFO - Setting next_dagrun for example_sensors to None, run_after=None
[2025-01-31T14:47:26.385+0000] {processor.py:208} INFO - Processing /home/airflow/.local/lib/python3.12/site-packages/airflow/example_dags/example_sensors.py took 0.090 seconds
[2025-01-31T14:47:56.789+0000] {processor.py:186} INFO - Started process (PID=2630) to work on /home/airflow/.local/lib/python3.12/site-packages/airflow/example_dags/example_sensors.py
[2025-01-31T14:47:56.789+0000] {processor.py:914} INFO - Processing file /home/airflow/.local/lib/python3.12/site-packages/airflow/example_dags/example_sensors.py for tasks to queue
[2025-01-31T14:47:56.791+0000] {logging_mixin.py:190} INFO - [2025-01-31T14:47:56.791+0000] {dagbag.py:588} INFO - Filling up the DagBag from /home/airflow/.local/lib/python3.12/site-packages/airflow/example_dags/example_sensors.py
[2025-01-31T14:47:56.799+0000] {processor.py:925} INFO - DAG(s) 'example_sensors' retrieved from /home/airflow/.local/lib/python3.12/site-packages/airflow/example_dags/example_sensors.py
[2025-01-31T14:47:56.818+0000] {logging_mixin.py:190} INFO - [2025-01-31T14:47:56.818+0000] {dag.py:3239} INFO - Sync 1 DAGs
[2025-01-31T14:47:56.829+0000] {logging_mixin.py:190} INFO - [2025-01-31T14:47:56.829+0000] {dag.py:4180} INFO - Setting next_dagrun for example_sensors to None, run_after=None
[2025-01-31T14:47:56.841+0000] {processor.py:208} INFO - Processing /home/airflow/.local/lib/python3.12/site-packages/airflow/example_dags/example_sensors.py took 0.057 seconds
[2025-01-31T14:48:26.875+0000] {processor.py:186} INFO - Started process (PID=2696) to work on /home/airflow/.local/lib/python3.12/site-packages/airflow/example_dags/example_sensors.py
[2025-01-31T14:48:26.876+0000] {processor.py:914} INFO - Processing file /home/airflow/.local/lib/python3.12/site-packages/airflow/example_dags/example_sensors.py for tasks to queue
[2025-01-31T14:48:26.878+0000] {logging_mixin.py:190} INFO - [2025-01-31T14:48:26.877+0000] {dagbag.py:588} INFO - Filling up the DagBag from /home/airflow/.local/lib/python3.12/site-packages/airflow/example_dags/example_sensors.py
[2025-01-31T14:48:26.886+0000] {processor.py:925} INFO - DAG(s) 'example_sensors' retrieved from /home/airflow/.local/lib/python3.12/site-packages/airflow/example_dags/example_sensors.py
[2025-01-31T14:48:26.905+0000] {logging_mixin.py:190} INFO - [2025-01-31T14:48:26.904+0000] {dag.py:3239} INFO - Sync 1 DAGs
[2025-01-31T14:48:26.915+0000] {logging_mixin.py:190} INFO - [2025-01-31T14:48:26.915+0000] {dag.py:4180} INFO - Setting next_dagrun for example_sensors to None, run_after=None
[2025-01-31T14:48:26.927+0000] {processor.py:208} INFO - Processing /home/airflow/.local/lib/python3.12/site-packages/airflow/example_dags/example_sensors.py took 0.056 seconds
[2025-01-31T14:48:57.032+0000] {processor.py:186} INFO - Started process (PID=2762) to work on /home/airflow/.local/lib/python3.12/site-packages/airflow/example_dags/example_sensors.py
[2025-01-31T14:48:57.032+0000] {processor.py:914} INFO - Processing file /home/airflow/.local/lib/python3.12/site-packages/airflow/example_dags/example_sensors.py for tasks to queue
[2025-01-31T14:48:57.034+0000] {logging_mixin.py:190} INFO - [2025-01-31T14:48:57.034+0000] {dagbag.py:588} INFO - Filling up the DagBag from /home/airflow/.local/lib/python3.12/site-packages/airflow/example_dags/example_sensors.py
[2025-01-31T14:48:57.042+0000] {processor.py:925} INFO - DAG(s) 'example_sensors' retrieved from /home/airflow/.local/lib/python3.12/site-packages/airflow/example_dags/example_sensors.py
[2025-01-31T14:48:57.062+0000] {logging_mixin.py:190} INFO - [2025-01-31T14:48:57.062+0000] {dag.py:3239} INFO - Sync 1 DAGs
[2025-01-31T14:48:57.073+0000] {logging_mixin.py:190} INFO - [2025-01-31T14:48:57.073+0000] {dag.py:4180} INFO - Setting next_dagrun for example_sensors to None, run_after=None
[2025-01-31T14:48:57.085+0000] {processor.py:208} INFO - Processing /home/airflow/.local/lib/python3.12/site-packages/airflow/example_dags/example_sensors.py took 0.058 seconds
[2025-01-31T14:49:27.805+0000] {processor.py:186} INFO - Started process (PID=2828) to work on /home/airflow/.local/lib/python3.12/site-packages/airflow/example_dags/example_sensors.py
[2025-01-31T14:49:27.805+0000] {processor.py:914} INFO - Processing file /home/airflow/.local/lib/python3.12/site-packages/airflow/example_dags/example_sensors.py for tasks to queue
[2025-01-31T14:49:27.807+0000] {logging_mixin.py:190} INFO - [2025-01-31T14:49:27.807+0000] {dagbag.py:588} INFO - Filling up the DagBag from /home/airflow/.local/lib/python3.12/site-packages/airflow/example_dags/example_sensors.py
[2025-01-31T14:49:27.819+0000] {processor.py:925} INFO - DAG(s) 'example_sensors' retrieved from /home/airflow/.local/lib/python3.12/site-packages/airflow/example_dags/example_sensors.py
[2025-01-31T14:49:27.840+0000] {logging_mixin.py:190} INFO - [2025-01-31T14:49:27.840+0000] {dag.py:3239} INFO - Sync 1 DAGs
[2025-01-31T14:49:27.851+0000] {logging_mixin.py:190} INFO - [2025-01-31T14:49:27.851+0000] {dag.py:4180} INFO - Setting next_dagrun for example_sensors to None, run_after=None
[2025-01-31T14:49:27.864+0000] {processor.py:208} INFO - Processing /home/airflow/.local/lib/python3.12/site-packages/airflow/example_dags/example_sensors.py took 0.063 seconds
[2025-01-31T14:49:58.698+0000] {processor.py:186} INFO - Started process (PID=2894) to work on /home/airflow/.local/lib/python3.12/site-packages/airflow/example_dags/example_sensors.py
[2025-01-31T14:49:58.699+0000] {processor.py:914} INFO - Processing file /home/airflow/.local/lib/python3.12/site-packages/airflow/example_dags/example_sensors.py for tasks to queue
[2025-01-31T14:49:58.701+0000] {logging_mixin.py:190} INFO - [2025-01-31T14:49:58.700+0000] {dagbag.py:588} INFO - Filling up the DagBag from /home/airflow/.local/lib/python3.12/site-packages/airflow/example_dags/example_sensors.py
[2025-01-31T14:49:58.709+0000] {processor.py:925} INFO - DAG(s) 'example_sensors' retrieved from /home/airflow/.local/lib/python3.12/site-packages/airflow/example_dags/example_sensors.py
[2025-01-31T14:49:58.728+0000] {logging_mixin.py:190} INFO - [2025-01-31T14:49:58.728+0000] {dag.py:3239} INFO - Sync 1 DAGs
[2025-01-31T14:49:58.739+0000] {logging_mixin.py:190} INFO - [2025-01-31T14:49:58.739+0000] {dag.py:4180} INFO - Setting next_dagrun for example_sensors to None, run_after=None
[2025-01-31T14:49:58.750+0000] {processor.py:208} INFO - Processing /home/airflow/.local/lib/python3.12/site-packages/airflow/example_dags/example_sensors.py took 0.057 seconds
[2025-01-31T14:50:29.234+0000] {processor.py:186} INFO - Started process (PID=2960) to work on /home/airflow/.local/lib/python3.12/site-packages/airflow/example_dags/example_sensors.py
[2025-01-31T14:50:29.235+0000] {processor.py:914} INFO - Processing file /home/airflow/.local/lib/python3.12/site-packages/airflow/example_dags/example_sensors.py for tasks to queue
[2025-01-31T14:50:29.237+0000] {logging_mixin.py:190} INFO - [2025-01-31T14:50:29.237+0000] {dagbag.py:588} INFO - Filling up the DagBag from /home/airflow/.local/lib/python3.12/site-packages/airflow/example_dags/example_sensors.py
[2025-01-31T14:50:29.248+0000] {processor.py:925} INFO - DAG(s) 'example_sensors' retrieved from /home/airflow/.local/lib/python3.12/site-packages/airflow/example_dags/example_sensors.py
[2025-01-31T14:50:29.278+0000] {logging_mixin.py:190} INFO - [2025-01-31T14:50:29.277+0000] {dag.py:3239} INFO - Sync 1 DAGs
[2025-01-31T14:50:29.295+0000] {logging_mixin.py:190} INFO - [2025-01-31T14:50:29.294+0000] {dag.py:4180} INFO - Setting next_dagrun for example_sensors to None, run_after=None
[2025-01-31T14:50:29.313+0000] {processor.py:208} INFO - Processing /home/airflow/.local/lib/python3.12/site-packages/airflow/example_dags/example_sensors.py took 0.087 seconds
[2025-01-31T14:51:00.251+0000] {processor.py:186} INFO - Started process (PID=3027) to work on /home/airflow/.local/lib/python3.12/site-packages/airflow/example_dags/example_sensors.py
[2025-01-31T14:51:00.252+0000] {processor.py:914} INFO - Processing file /home/airflow/.local/lib/python3.12/site-packages/airflow/example_dags/example_sensors.py for tasks to queue
[2025-01-31T14:51:00.254+0000] {logging_mixin.py:190} INFO - [2025-01-31T14:51:00.254+0000] {dagbag.py:588} INFO - Filling up the DagBag from /home/airflow/.local/lib/python3.12/site-packages/airflow/example_dags/example_sensors.py
[2025-01-31T14:51:00.265+0000] {processor.py:925} INFO - DAG(s) 'example_sensors' retrieved from /home/airflow/.local/lib/python3.12/site-packages/airflow/example_dags/example_sensors.py
[2025-01-31T14:51:00.294+0000] {logging_mixin.py:190} INFO - [2025-01-31T14:51:00.293+0000] {dag.py:3239} INFO - Sync 1 DAGs
[2025-01-31T14:51:00.308+0000] {logging_mixin.py:190} INFO - [2025-01-31T14:51:00.308+0000] {dag.py:4180} INFO - Setting next_dagrun for example_sensors to None, run_after=None
[2025-01-31T14:51:00.324+0000] {processor.py:208} INFO - Processing /home/airflow/.local/lib/python3.12/site-packages/airflow/example_dags/example_sensors.py took 0.080 seconds
[2025-01-31T14:51:30.758+0000] {processor.py:186} INFO - Started process (PID=3094) to work on /home/airflow/.local/lib/python3.12/site-packages/airflow/example_dags/example_sensors.py
[2025-01-31T14:51:30.759+0000] {processor.py:914} INFO - Processing file /home/airflow/.local/lib/python3.12/site-packages/airflow/example_dags/example_sensors.py for tasks to queue
[2025-01-31T14:51:30.760+0000] {logging_mixin.py:190} INFO - [2025-01-31T14:51:30.760+0000] {dagbag.py:588} INFO - Filling up the DagBag from /home/airflow/.local/lib/python3.12/site-packages/airflow/example_dags/example_sensors.py
[2025-01-31T14:51:30.769+0000] {processor.py:925} INFO - DAG(s) 'example_sensors' retrieved from /home/airflow/.local/lib/python3.12/site-packages/airflow/example_dags/example_sensors.py
[2025-01-31T14:51:30.788+0000] {logging_mixin.py:190} INFO - [2025-01-31T14:51:30.788+0000] {dag.py:3239} INFO - Sync 1 DAGs
[2025-01-31T14:51:30.798+0000] {logging_mixin.py:190} INFO - [2025-01-31T14:51:30.798+0000] {dag.py:4180} INFO - Setting next_dagrun for example_sensors to None, run_after=None
[2025-01-31T14:51:30.810+0000] {processor.py:208} INFO - Processing /home/airflow/.local/lib/python3.12/site-packages/airflow/example_dags/example_sensors.py took 0.056 seconds
[2025-01-31T14:52:01.674+0000] {processor.py:186} INFO - Started process (PID=3160) to work on /home/airflow/.local/lib/python3.12/site-packages/airflow/example_dags/example_sensors.py
[2025-01-31T14:52:01.675+0000] {processor.py:914} INFO - Processing file /home/airflow/.local/lib/python3.12/site-packages/airflow/example_dags/example_sensors.py for tasks to queue
[2025-01-31T14:52:01.678+0000] {logging_mixin.py:190} INFO - [2025-01-31T14:52:01.677+0000] {dagbag.py:588} INFO - Filling up the DagBag from /home/airflow/.local/lib/python3.12/site-packages/airflow/example_dags/example_sensors.py
[2025-01-31T14:52:01.687+0000] {processor.py:925} INFO - DAG(s) 'example_sensors' retrieved from /home/airflow/.local/lib/python3.12/site-packages/airflow/example_dags/example_sensors.py
[2025-01-31T14:52:01.709+0000] {logging_mixin.py:190} INFO - [2025-01-31T14:52:01.709+0000] {dag.py:3239} INFO - Sync 1 DAGs
[2025-01-31T14:52:01.721+0000] {logging_mixin.py:190} INFO - [2025-01-31T14:52:01.721+0000] {dag.py:4180} INFO - Setting next_dagrun for example_sensors to None, run_after=None
[2025-01-31T14:52:01.734+0000] {processor.py:208} INFO - Processing /home/airflow/.local/lib/python3.12/site-packages/airflow/example_dags/example_sensors.py took 0.066 seconds
[2025-01-31T14:52:32.464+0000] {processor.py:186} INFO - Started process (PID=3226) to work on /home/airflow/.local/lib/python3.12/site-packages/airflow/example_dags/example_sensors.py
[2025-01-31T14:52:32.464+0000] {processor.py:914} INFO - Processing file /home/airflow/.local/lib/python3.12/site-packages/airflow/example_dags/example_sensors.py for tasks to queue
[2025-01-31T14:52:32.466+0000] {logging_mixin.py:190} INFO - [2025-01-31T14:52:32.466+0000] {dagbag.py:588} INFO - Filling up the DagBag from /home/airflow/.local/lib/python3.12/site-packages/airflow/example_dags/example_sensors.py
[2025-01-31T14:52:32.474+0000] {processor.py:925} INFO - DAG(s) 'example_sensors' retrieved from /home/airflow/.local/lib/python3.12/site-packages/airflow/example_dags/example_sensors.py
[2025-01-31T14:52:32.499+0000] {logging_mixin.py:190} INFO - [2025-01-31T14:52:32.499+0000] {dag.py:3239} INFO - Sync 1 DAGs
[2025-01-31T14:52:32.512+0000] {logging_mixin.py:190} INFO - [2025-01-31T14:52:32.512+0000] {dag.py:4180} INFO - Setting next_dagrun for example_sensors to None, run_after=None
[2025-01-31T14:52:32.527+0000] {processor.py:208} INFO - Processing /home/airflow/.local/lib/python3.12/site-packages/airflow/example_dags/example_sensors.py took 0.067 seconds
[2025-01-31T14:53:02.672+0000] {processor.py:186} INFO - Started process (PID=3291) to work on /home/airflow/.local/lib/python3.12/site-packages/airflow/example_dags/example_sensors.py
[2025-01-31T14:53:02.673+0000] {processor.py:914} INFO - Processing file /home/airflow/.local/lib/python3.12/site-packages/airflow/example_dags/example_sensors.py for tasks to queue
[2025-01-31T14:53:02.675+0000] {logging_mixin.py:190} INFO - [2025-01-31T14:53:02.674+0000] {dagbag.py:588} INFO - Filling up the DagBag from /home/airflow/.local/lib/python3.12/site-packages/airflow/example_dags/example_sensors.py
[2025-01-31T14:53:02.683+0000] {processor.py:925} INFO - DAG(s) 'example_sensors' retrieved from /home/airflow/.local/lib/python3.12/site-packages/airflow/example_dags/example_sensors.py
[2025-01-31T14:53:02.706+0000] {logging_mixin.py:190} INFO - [2025-01-31T14:53:02.705+0000] {dag.py:3239} INFO - Sync 1 DAGs
[2025-01-31T14:53:02.721+0000] {logging_mixin.py:190} INFO - [2025-01-31T14:53:02.721+0000] {dag.py:4180} INFO - Setting next_dagrun for example_sensors to None, run_after=None
[2025-01-31T14:53:02.739+0000] {processor.py:208} INFO - Processing /home/airflow/.local/lib/python3.12/site-packages/airflow/example_dags/example_sensors.py took 0.072 seconds
[2025-01-31T14:53:32.923+0000] {processor.py:186} INFO - Started process (PID=3357) to work on /home/airflow/.local/lib/python3.12/site-packages/airflow/example_dags/example_sensors.py
[2025-01-31T14:53:32.923+0000] {processor.py:914} INFO - Processing file /home/airflow/.local/lib/python3.12/site-packages/airflow/example_dags/example_sensors.py for tasks to queue
[2025-01-31T14:53:32.925+0000] {logging_mixin.py:190} INFO - [2025-01-31T14:53:32.924+0000] {dagbag.py:588} INFO - Filling up the DagBag from /home/airflow/.local/lib/python3.12/site-packages/airflow/example_dags/example_sensors.py
[2025-01-31T14:53:32.933+0000] {processor.py:925} INFO - DAG(s) 'example_sensors' retrieved from /home/airflow/.local/lib/python3.12/site-packages/airflow/example_dags/example_sensors.py
[2025-01-31T14:53:32.958+0000] {logging_mixin.py:190} INFO - [2025-01-31T14:53:32.958+0000] {dag.py:3239} INFO - Sync 1 DAGs
[2025-01-31T14:53:33.121+0000] {logging_mixin.py:190} INFO - [2025-01-31T14:53:33.121+0000] {dag.py:4180} INFO - Setting next_dagrun for example_sensors to None, run_after=None
[2025-01-31T14:53:33.132+0000] {processor.py:208} INFO - Processing /home/airflow/.local/lib/python3.12/site-packages/airflow/example_dags/example_sensors.py took 0.214 seconds
[2025-01-31T14:54:03.636+0000] {processor.py:186} INFO - Started process (PID=3423) to work on /home/airflow/.local/lib/python3.12/site-packages/airflow/example_dags/example_sensors.py
[2025-01-31T14:54:03.636+0000] {processor.py:914} INFO - Processing file /home/airflow/.local/lib/python3.12/site-packages/airflow/example_dags/example_sensors.py for tasks to queue
[2025-01-31T14:54:03.638+0000] {logging_mixin.py:190} INFO - [2025-01-31T14:54:03.637+0000] {dagbag.py:588} INFO - Filling up the DagBag from /home/airflow/.local/lib/python3.12/site-packages/airflow/example_dags/example_sensors.py
[2025-01-31T14:54:03.646+0000] {processor.py:925} INFO - DAG(s) 'example_sensors' retrieved from /home/airflow/.local/lib/python3.12/site-packages/airflow/example_dags/example_sensors.py
[2025-01-31T14:54:03.670+0000] {logging_mixin.py:190} INFO - [2025-01-31T14:54:03.670+0000] {dag.py:3239} INFO - Sync 1 DAGs
[2025-01-31T14:54:03.823+0000] {logging_mixin.py:190} INFO - [2025-01-31T14:54:03.823+0000] {dag.py:4180} INFO - Setting next_dagrun for example_sensors to None, run_after=None
[2025-01-31T14:54:03.841+0000] {processor.py:208} INFO - Processing /home/airflow/.local/lib/python3.12/site-packages/airflow/example_dags/example_sensors.py took 0.211 seconds
[2025-01-31T14:54:34.336+0000] {processor.py:186} INFO - Started process (PID=3489) to work on /home/airflow/.local/lib/python3.12/site-packages/airflow/example_dags/example_sensors.py
[2025-01-31T14:54:34.337+0000] {processor.py:914} INFO - Processing file /home/airflow/.local/lib/python3.12/site-packages/airflow/example_dags/example_sensors.py for tasks to queue
[2025-01-31T14:54:34.338+0000] {logging_mixin.py:190} INFO - [2025-01-31T14:54:34.338+0000] {dagbag.py:588} INFO - Filling up the DagBag from /home/airflow/.local/lib/python3.12/site-packages/airflow/example_dags/example_sensors.py
[2025-01-31T14:54:34.348+0000] {processor.py:925} INFO - DAG(s) 'example_sensors' retrieved from /home/airflow/.local/lib/python3.12/site-packages/airflow/example_dags/example_sensors.py
[2025-01-31T14:54:34.376+0000] {logging_mixin.py:190} INFO - [2025-01-31T14:54:34.376+0000] {dag.py:3239} INFO - Sync 1 DAGs
[2025-01-31T14:54:34.389+0000] {logging_mixin.py:190} INFO - [2025-01-31T14:54:34.389+0000] {dag.py:4180} INFO - Setting next_dagrun for example_sensors to None, run_after=None
[2025-01-31T14:54:34.573+0000] {processor.py:208} INFO - Processing /home/airflow/.local/lib/python3.12/site-packages/airflow/example_dags/example_sensors.py took 0.242 seconds
[2025-01-31T14:55:05.160+0000] {processor.py:186} INFO - Started process (PID=3555) to work on /home/airflow/.local/lib/python3.12/site-packages/airflow/example_dags/example_sensors.py
[2025-01-31T14:55:05.161+0000] {processor.py:914} INFO - Processing file /home/airflow/.local/lib/python3.12/site-packages/airflow/example_dags/example_sensors.py for tasks to queue
[2025-01-31T14:55:05.163+0000] {logging_mixin.py:190} INFO - [2025-01-31T14:55:05.163+0000] {dagbag.py:588} INFO - Filling up the DagBag from /home/airflow/.local/lib/python3.12/site-packages/airflow/example_dags/example_sensors.py
[2025-01-31T14:55:05.174+0000] {processor.py:925} INFO - DAG(s) 'example_sensors' retrieved from /home/airflow/.local/lib/python3.12/site-packages/airflow/example_dags/example_sensors.py
[2025-01-31T14:55:05.194+0000] {logging_mixin.py:190} INFO - [2025-01-31T14:55:05.194+0000] {dag.py:3239} INFO - Sync 1 DAGs
[2025-01-31T14:55:05.208+0000] {logging_mixin.py:190} INFO - [2025-01-31T14:55:05.208+0000] {dag.py:4180} INFO - Setting next_dagrun for example_sensors to None, run_after=None
[2025-01-31T14:55:05.221+0000] {processor.py:208} INFO - Processing /home/airflow/.local/lib/python3.12/site-packages/airflow/example_dags/example_sensors.py took 0.068 seconds
[2025-01-31T14:55:35.387+0000] {processor.py:186} INFO - Started process (PID=3621) to work on /home/airflow/.local/lib/python3.12/site-packages/airflow/example_dags/example_sensors.py
[2025-01-31T14:55:35.388+0000] {processor.py:914} INFO - Processing file /home/airflow/.local/lib/python3.12/site-packages/airflow/example_dags/example_sensors.py for tasks to queue
[2025-01-31T14:55:35.390+0000] {logging_mixin.py:190} INFO - [2025-01-31T14:55:35.389+0000] {dagbag.py:588} INFO - Filling up the DagBag from /home/airflow/.local/lib/python3.12/site-packages/airflow/example_dags/example_sensors.py
[2025-01-31T14:55:35.398+0000] {processor.py:925} INFO - DAG(s) 'example_sensors' retrieved from /home/airflow/.local/lib/python3.12/site-packages/airflow/example_dags/example_sensors.py
[2025-01-31T14:55:35.417+0000] {logging_mixin.py:190} INFO - [2025-01-31T14:55:35.417+0000] {dag.py:3239} INFO - Sync 1 DAGs
[2025-01-31T14:55:35.428+0000] {logging_mixin.py:190} INFO - [2025-01-31T14:55:35.428+0000] {dag.py:4180} INFO - Setting next_dagrun for example_sensors to None, run_after=None
[2025-01-31T14:55:35.442+0000] {processor.py:208} INFO - Processing /home/airflow/.local/lib/python3.12/site-packages/airflow/example_dags/example_sensors.py took 0.061 seconds
[2025-01-31T14:56:06.372+0000] {processor.py:186} INFO - Started process (PID=3687) to work on /home/airflow/.local/lib/python3.12/site-packages/airflow/example_dags/example_sensors.py
[2025-01-31T14:56:06.372+0000] {processor.py:914} INFO - Processing file /home/airflow/.local/lib/python3.12/site-packages/airflow/example_dags/example_sensors.py for tasks to queue
[2025-01-31T14:56:06.374+0000] {logging_mixin.py:190} INFO - [2025-01-31T14:56:06.374+0000] {dagbag.py:588} INFO - Filling up the DagBag from /home/airflow/.local/lib/python3.12/site-packages/airflow/example_dags/example_sensors.py
[2025-01-31T14:56:06.382+0000] {processor.py:925} INFO - DAG(s) 'example_sensors' retrieved from /home/airflow/.local/lib/python3.12/site-packages/airflow/example_dags/example_sensors.py
[2025-01-31T14:56:06.402+0000] {logging_mixin.py:190} INFO - [2025-01-31T14:56:06.402+0000] {dag.py:3239} INFO - Sync 1 DAGs
[2025-01-31T14:56:06.412+0000] {logging_mixin.py:190} INFO - [2025-01-31T14:56:06.412+0000] {dag.py:4180} INFO - Setting next_dagrun for example_sensors to None, run_after=None
[2025-01-31T14:56:06.425+0000] {processor.py:208} INFO - Processing /home/airflow/.local/lib/python3.12/site-packages/airflow/example_dags/example_sensors.py took 0.057 seconds
[2025-01-31T14:56:36.591+0000] {processor.py:186} INFO - Started process (PID=3754) to work on /home/airflow/.local/lib/python3.12/site-packages/airflow/example_dags/example_sensors.py
[2025-01-31T14:56:36.592+0000] {processor.py:914} INFO - Processing file /home/airflow/.local/lib/python3.12/site-packages/airflow/example_dags/example_sensors.py for tasks to queue
[2025-01-31T14:56:36.593+0000] {logging_mixin.py:190} INFO - [2025-01-31T14:56:36.593+0000] {dagbag.py:588} INFO - Filling up the DagBag from /home/airflow/.local/lib/python3.12/site-packages/airflow/example_dags/example_sensors.py
[2025-01-31T14:56:36.602+0000] {processor.py:925} INFO - DAG(s) 'example_sensors' retrieved from /home/airflow/.local/lib/python3.12/site-packages/airflow/example_dags/example_sensors.py
[2025-01-31T14:56:36.621+0000] {logging_mixin.py:190} INFO - [2025-01-31T14:56:36.621+0000] {dag.py:3239} INFO - Sync 1 DAGs
[2025-01-31T14:56:36.632+0000] {logging_mixin.py:190} INFO - [2025-01-31T14:56:36.632+0000] {dag.py:4180} INFO - Setting next_dagrun for example_sensors to None, run_after=None
[2025-01-31T14:56:36.651+0000] {processor.py:208} INFO - Processing /home/airflow/.local/lib/python3.12/site-packages/airflow/example_dags/example_sensors.py took 0.065 seconds
[2025-01-31T14:57:07.325+0000] {processor.py:186} INFO - Started process (PID=3824) to work on /home/airflow/.local/lib/python3.12/site-packages/airflow/example_dags/example_sensors.py
[2025-01-31T14:57:07.326+0000] {processor.py:914} INFO - Processing file /home/airflow/.local/lib/python3.12/site-packages/airflow/example_dags/example_sensors.py for tasks to queue
[2025-01-31T14:57:07.328+0000] {logging_mixin.py:190} INFO - [2025-01-31T14:57:07.327+0000] {dagbag.py:588} INFO - Filling up the DagBag from /home/airflow/.local/lib/python3.12/site-packages/airflow/example_dags/example_sensors.py
[2025-01-31T14:57:07.336+0000] {processor.py:925} INFO - DAG(s) 'example_sensors' retrieved from /home/airflow/.local/lib/python3.12/site-packages/airflow/example_dags/example_sensors.py
[2025-01-31T14:57:07.358+0000] {logging_mixin.py:190} INFO - [2025-01-31T14:57:07.358+0000] {dag.py:3239} INFO - Sync 1 DAGs
[2025-01-31T14:57:07.375+0000] {logging_mixin.py:190} INFO - [2025-01-31T14:57:07.375+0000] {dag.py:4180} INFO - Setting next_dagrun for example_sensors to None, run_after=None
[2025-01-31T14:57:07.392+0000] {processor.py:208} INFO - Processing /home/airflow/.local/lib/python3.12/site-packages/airflow/example_dags/example_sensors.py took 0.071 seconds
[2025-01-31T14:57:38.053+0000] {processor.py:186} INFO - Started process (PID=3890) to work on /home/airflow/.local/lib/python3.12/site-packages/airflow/example_dags/example_sensors.py
[2025-01-31T14:57:38.054+0000] {processor.py:914} INFO - Processing file /home/airflow/.local/lib/python3.12/site-packages/airflow/example_dags/example_sensors.py for tasks to queue
[2025-01-31T14:57:38.055+0000] {logging_mixin.py:190} INFO - [2025-01-31T14:57:38.055+0000] {dagbag.py:588} INFO - Filling up the DagBag from /home/airflow/.local/lib/python3.12/site-packages/airflow/example_dags/example_sensors.py
[2025-01-31T14:57:38.064+0000] {processor.py:925} INFO - DAG(s) 'example_sensors' retrieved from /home/airflow/.local/lib/python3.12/site-packages/airflow/example_dags/example_sensors.py
[2025-01-31T14:57:38.085+0000] {logging_mixin.py:190} INFO - [2025-01-31T14:57:38.085+0000] {dag.py:3239} INFO - Sync 1 DAGs
[2025-01-31T14:57:38.099+0000] {logging_mixin.py:190} INFO - [2025-01-31T14:57:38.098+0000] {dag.py:4180} INFO - Setting next_dagrun for example_sensors to None, run_after=None
[2025-01-31T14:57:38.115+0000] {processor.py:208} INFO - Processing /home/airflow/.local/lib/python3.12/site-packages/airflow/example_dags/example_sensors.py took 0.066 seconds
[2025-01-31T14:58:08.731+0000] {processor.py:186} INFO - Started process (PID=3956) to work on /home/airflow/.local/lib/python3.12/site-packages/airflow/example_dags/example_sensors.py
[2025-01-31T14:58:08.731+0000] {processor.py:914} INFO - Processing file /home/airflow/.local/lib/python3.12/site-packages/airflow/example_dags/example_sensors.py for tasks to queue
[2025-01-31T14:58:08.733+0000] {logging_mixin.py:190} INFO - [2025-01-31T14:58:08.733+0000] {dagbag.py:588} INFO - Filling up the DagBag from /home/airflow/.local/lib/python3.12/site-packages/airflow/example_dags/example_sensors.py
[2025-01-31T14:58:08.743+0000] {processor.py:925} INFO - DAG(s) 'example_sensors' retrieved from /home/airflow/.local/lib/python3.12/site-packages/airflow/example_dags/example_sensors.py
[2025-01-31T14:58:08.761+0000] {logging_mixin.py:190} INFO - [2025-01-31T14:58:08.761+0000] {dag.py:3239} INFO - Sync 1 DAGs
[2025-01-31T14:58:08.772+0000] {logging_mixin.py:190} INFO - [2025-01-31T14:58:08.772+0000] {dag.py:4180} INFO - Setting next_dagrun for example_sensors to None, run_after=None
[2025-01-31T14:58:08.785+0000] {processor.py:208} INFO - Processing /home/airflow/.local/lib/python3.12/site-packages/airflow/example_dags/example_sensors.py took 0.060 seconds
[2025-01-31T14:58:39.456+0000] {processor.py:186} INFO - Started process (PID=4022) to work on /home/airflow/.local/lib/python3.12/site-packages/airflow/example_dags/example_sensors.py
[2025-01-31T14:58:39.456+0000] {processor.py:914} INFO - Processing file /home/airflow/.local/lib/python3.12/site-packages/airflow/example_dags/example_sensors.py for tasks to queue
[2025-01-31T14:58:39.458+0000] {logging_mixin.py:190} INFO - [2025-01-31T14:58:39.458+0000] {dagbag.py:588} INFO - Filling up the DagBag from /home/airflow/.local/lib/python3.12/site-packages/airflow/example_dags/example_sensors.py
[2025-01-31T14:58:39.467+0000] {processor.py:925} INFO - DAG(s) 'example_sensors' retrieved from /home/airflow/.local/lib/python3.12/site-packages/airflow/example_dags/example_sensors.py
[2025-01-31T14:58:39.487+0000] {logging_mixin.py:190} INFO - [2025-01-31T14:58:39.487+0000] {dag.py:3239} INFO - Sync 1 DAGs
[2025-01-31T14:58:39.498+0000] {logging_mixin.py:190} INFO - [2025-01-31T14:58:39.498+0000] {dag.py:4180} INFO - Setting next_dagrun for example_sensors to None, run_after=None
[2025-01-31T14:58:39.511+0000] {processor.py:208} INFO - Processing /home/airflow/.local/lib/python3.12/site-packages/airflow/example_dags/example_sensors.py took 0.061 seconds
[2025-01-31T14:59:10.286+0000] {processor.py:186} INFO - Started process (PID=4088) to work on /home/airflow/.local/lib/python3.12/site-packages/airflow/example_dags/example_sensors.py
[2025-01-31T14:59:10.287+0000] {processor.py:914} INFO - Processing file /home/airflow/.local/lib/python3.12/site-packages/airflow/example_dags/example_sensors.py for tasks to queue
[2025-01-31T14:59:10.289+0000] {logging_mixin.py:190} INFO - [2025-01-31T14:59:10.289+0000] {dagbag.py:588} INFO - Filling up the DagBag from /home/airflow/.local/lib/python3.12/site-packages/airflow/example_dags/example_sensors.py
[2025-01-31T14:59:10.301+0000] {processor.py:925} INFO - DAG(s) 'example_sensors' retrieved from /home/airflow/.local/lib/python3.12/site-packages/airflow/example_dags/example_sensors.py
[2025-01-31T14:59:10.331+0000] {logging_mixin.py:190} INFO - [2025-01-31T14:59:10.330+0000] {dag.py:3239} INFO - Sync 1 DAGs
[2025-01-31T14:59:10.347+0000] {logging_mixin.py:190} INFO - [2025-01-31T14:59:10.346+0000] {dag.py:4180} INFO - Setting next_dagrun for example_sensors to None, run_after=None
[2025-01-31T14:59:10.361+0000] {processor.py:208} INFO - Processing /home/airflow/.local/lib/python3.12/site-packages/airflow/example_dags/example_sensors.py took 0.080 seconds
[2025-01-31T14:59:41.262+0000] {processor.py:186} INFO - Started process (PID=4154) to work on /home/airflow/.local/lib/python3.12/site-packages/airflow/example_dags/example_sensors.py
[2025-01-31T14:59:41.262+0000] {processor.py:914} INFO - Processing file /home/airflow/.local/lib/python3.12/site-packages/airflow/example_dags/example_sensors.py for tasks to queue
[2025-01-31T14:59:41.264+0000] {logging_mixin.py:190} INFO - [2025-01-31T14:59:41.264+0000] {dagbag.py:588} INFO - Filling up the DagBag from /home/airflow/.local/lib/python3.12/site-packages/airflow/example_dags/example_sensors.py
[2025-01-31T14:59:41.272+0000] {processor.py:925} INFO - DAG(s) 'example_sensors' retrieved from /home/airflow/.local/lib/python3.12/site-packages/airflow/example_dags/example_sensors.py
[2025-01-31T14:59:41.291+0000] {logging_mixin.py:190} INFO - [2025-01-31T14:59:41.291+0000] {dag.py:3239} INFO - Sync 1 DAGs
[2025-01-31T14:59:41.301+0000] {logging_mixin.py:190} INFO - [2025-01-31T14:59:41.301+0000] {dag.py:4180} INFO - Setting next_dagrun for example_sensors to None, run_after=None
[2025-01-31T14:59:41.313+0000] {processor.py:208} INFO - Processing /home/airflow/.local/lib/python3.12/site-packages/airflow/example_dags/example_sensors.py took 0.056 seconds
[2025-01-31T15:00:11.857+0000] {processor.py:186} INFO - Started process (PID=4220) to work on /home/airflow/.local/lib/python3.12/site-packages/airflow/example_dags/example_sensors.py
[2025-01-31T15:00:11.858+0000] {processor.py:914} INFO - Processing file /home/airflow/.local/lib/python3.12/site-packages/airflow/example_dags/example_sensors.py for tasks to queue
[2025-01-31T15:00:11.859+0000] {logging_mixin.py:190} INFO - [2025-01-31T15:00:11.859+0000] {dagbag.py:588} INFO - Filling up the DagBag from /home/airflow/.local/lib/python3.12/site-packages/airflow/example_dags/example_sensors.py
[2025-01-31T15:00:11.868+0000] {processor.py:925} INFO - DAG(s) 'example_sensors' retrieved from /home/airflow/.local/lib/python3.12/site-packages/airflow/example_dags/example_sensors.py
[2025-01-31T15:00:11.896+0000] {logging_mixin.py:190} INFO - [2025-01-31T15:00:11.896+0000] {dag.py:3239} INFO - Sync 1 DAGs
[2025-01-31T15:00:11.910+0000] {logging_mixin.py:190} INFO - [2025-01-31T15:00:11.910+0000] {dag.py:4180} INFO - Setting next_dagrun for example_sensors to None, run_after=None
[2025-01-31T15:00:11.924+0000] {processor.py:208} INFO - Processing /home/airflow/.local/lib/python3.12/site-packages/airflow/example_dags/example_sensors.py took 0.072 seconds
[2025-01-31T15:00:42.046+0000] {processor.py:186} INFO - Started process (PID=4285) to work on /home/airflow/.local/lib/python3.12/site-packages/airflow/example_dags/example_sensors.py
[2025-01-31T15:00:42.047+0000] {processor.py:914} INFO - Processing file /home/airflow/.local/lib/python3.12/site-packages/airflow/example_dags/example_sensors.py for tasks to queue
[2025-01-31T15:00:42.048+0000] {logging_mixin.py:190} INFO - [2025-01-31T15:00:42.048+0000] {dagbag.py:588} INFO - Filling up the DagBag from /home/airflow/.local/lib/python3.12/site-packages/airflow/example_dags/example_sensors.py
[2025-01-31T15:00:42.057+0000] {processor.py:925} INFO - DAG(s) 'example_sensors' retrieved from /home/airflow/.local/lib/python3.12/site-packages/airflow/example_dags/example_sensors.py
[2025-01-31T15:00:42.084+0000] {logging_mixin.py:190} INFO - [2025-01-31T15:00:42.083+0000] {dag.py:3239} INFO - Sync 1 DAGs
[2025-01-31T15:00:42.098+0000] {logging_mixin.py:190} INFO - [2025-01-31T15:00:42.098+0000] {dag.py:4180} INFO - Setting next_dagrun for example_sensors to None, run_after=None
[2025-01-31T15:00:42.113+0000] {processor.py:208} INFO - Processing /home/airflow/.local/lib/python3.12/site-packages/airflow/example_dags/example_sensors.py took 0.072 seconds
[2025-01-31T15:01:12.175+0000] {processor.py:186} INFO - Started process (PID=4351) to work on /home/airflow/.local/lib/python3.12/site-packages/airflow/example_dags/example_sensors.py
[2025-01-31T15:01:12.176+0000] {processor.py:914} INFO - Processing file /home/airflow/.local/lib/python3.12/site-packages/airflow/example_dags/example_sensors.py for tasks to queue
[2025-01-31T15:01:12.178+0000] {logging_mixin.py:190} INFO - [2025-01-31T15:01:12.177+0000] {dagbag.py:588} INFO - Filling up the DagBag from /home/airflow/.local/lib/python3.12/site-packages/airflow/example_dags/example_sensors.py
[2025-01-31T15:01:12.188+0000] {processor.py:925} INFO - DAG(s) 'example_sensors' retrieved from /home/airflow/.local/lib/python3.12/site-packages/airflow/example_dags/example_sensors.py
[2025-01-31T15:01:12.207+0000] {logging_mixin.py:190} INFO - [2025-01-31T15:01:12.207+0000] {dag.py:3239} INFO - Sync 1 DAGs
[2025-01-31T15:01:12.222+0000] {logging_mixin.py:190} INFO - [2025-01-31T15:01:12.222+0000] {dag.py:4180} INFO - Setting next_dagrun for example_sensors to None, run_after=None
[2025-01-31T15:01:12.241+0000] {processor.py:208} INFO - Processing /home/airflow/.local/lib/python3.12/site-packages/airflow/example_dags/example_sensors.py took 0.072 seconds
[2025-01-31T15:01:42.875+0000] {logging_mixin.py:190} INFO - [2025-01-31T15:01:42.875+0000] {process_utils.py:266} INFO - Waiting up to 5 seconds for processes to exit...
