[2025-01-31T14:27:50.186+0000] {processor.py:186} INFO - Started process (PID=109) to work on /home/airflow/.local/lib/python3.12/site-packages/airflow/example_dags/example_display_name.py
[2025-01-31T14:27:50.187+0000] {processor.py:914} INFO - Processing file /home/airflow/.local/lib/python3.12/site-packages/airflow/example_dags/example_display_name.py for tasks to queue
[2025-01-31T14:27:50.189+0000] {logging_mixin.py:190} INFO - [2025-01-31T14:27:50.189+0000] {dagbag.py:588} INFO - Filling up the DagBag from /home/airflow/.local/lib/python3.12/site-packages/airflow/example_dags/example_display_name.py
[2025-01-31T14:27:50.198+0000] {processor.py:925} INFO - DAG(s) 'example_display_name' retrieved from /home/airflow/.local/lib/python3.12/site-packages/airflow/example_dags/example_display_name.py
[2025-01-31T14:27:50.304+0000] {logging_mixin.py:190} INFO - [2025-01-31T14:27:50.304+0000] {override.py:1911} INFO - Created Permission View: can delete on DAG:example_display_name
[2025-01-31T14:27:50.313+0000] {logging_mixin.py:190} INFO - [2025-01-31T14:27:50.313+0000] {override.py:1911} INFO - Created Permission View: can edit on DAG:example_display_name
[2025-01-31T14:27:50.318+0000] {logging_mixin.py:190} INFO - [2025-01-31T14:27:50.318+0000] {override.py:1911} INFO - Created Permission View: can read on DAG:example_display_name
[2025-01-31T14:27:50.324+0000] {logging_mixin.py:190} INFO - [2025-01-31T14:27:50.324+0000] {override.py:1911} INFO - Created Permission View: menu access on DAG Run:example_display_name
[2025-01-31T14:27:50.329+0000] {logging_mixin.py:190} INFO - [2025-01-31T14:27:50.329+0000] {override.py:1911} INFO - Created Permission View: can create on DAG Run:example_display_name
[2025-01-31T14:27:50.335+0000] {logging_mixin.py:190} INFO - [2025-01-31T14:27:50.335+0000] {override.py:1911} INFO - Created Permission View: can delete on DAG Run:example_display_name
[2025-01-31T14:27:50.340+0000] {logging_mixin.py:190} INFO - [2025-01-31T14:27:50.340+0000] {override.py:1911} INFO - Created Permission View: can read on DAG Run:example_display_name
[2025-01-31T14:27:50.340+0000] {logging_mixin.py:190} INFO - [2025-01-31T14:27:50.340+0000] {dag.py:3239} INFO - Sync 1 DAGs
[2025-01-31T14:27:50.355+0000] {logging_mixin.py:190} INFO - [2025-01-31T14:27:50.354+0000] {dag.py:3262} INFO - Creating ORM DAG for example_display_name
[2025-01-31T14:27:50.355+0000] {logging_mixin.py:190} INFO - [2025-01-31T14:27:50.355+0000] {dag.py:4180} INFO - Setting next_dagrun for example_display_name to None, run_after=None
[2025-01-31T14:27:50.371+0000] {processor.py:208} INFO - Processing /home/airflow/.local/lib/python3.12/site-packages/airflow/example_dags/example_display_name.py took 0.191 seconds
[2025-01-31T14:28:20.941+0000] {processor.py:186} INFO - Started process (PID=174) to work on /home/airflow/.local/lib/python3.12/site-packages/airflow/example_dags/example_display_name.py
[2025-01-31T14:28:20.941+0000] {processor.py:914} INFO - Processing file /home/airflow/.local/lib/python3.12/site-packages/airflow/example_dags/example_display_name.py for tasks to queue
[2025-01-31T14:28:20.943+0000] {logging_mixin.py:190} INFO - [2025-01-31T14:28:20.943+0000] {dagbag.py:588} INFO - Filling up the DagBag from /home/airflow/.local/lib/python3.12/site-packages/airflow/example_dags/example_display_name.py
[2025-01-31T14:28:20.948+0000] {processor.py:925} INFO - DAG(s) 'example_display_name' retrieved from /home/airflow/.local/lib/python3.12/site-packages/airflow/example_dags/example_display_name.py
[2025-01-31T14:28:20.962+0000] {logging_mixin.py:190} INFO - [2025-01-31T14:28:20.962+0000] {dag.py:3239} INFO - Sync 1 DAGs
[2025-01-31T14:28:20.972+0000] {logging_mixin.py:190} INFO - [2025-01-31T14:28:20.972+0000] {dag.py:4180} INFO - Setting next_dagrun for example_display_name to None, run_after=None
[2025-01-31T14:28:20.985+0000] {processor.py:208} INFO - Processing /home/airflow/.local/lib/python3.12/site-packages/airflow/example_dags/example_display_name.py took 0.048 seconds
[2025-01-31T14:28:51.062+0000] {processor.py:186} INFO - Started process (PID=238) to work on /home/airflow/.local/lib/python3.12/site-packages/airflow/example_dags/example_display_name.py
[2025-01-31T14:28:51.063+0000] {processor.py:914} INFO - Processing file /home/airflow/.local/lib/python3.12/site-packages/airflow/example_dags/example_display_name.py for tasks to queue
[2025-01-31T14:28:51.064+0000] {logging_mixin.py:190} INFO - [2025-01-31T14:28:51.064+0000] {dagbag.py:588} INFO - Filling up the DagBag from /home/airflow/.local/lib/python3.12/site-packages/airflow/example_dags/example_display_name.py
[2025-01-31T14:28:51.070+0000] {processor.py:925} INFO - DAG(s) 'example_display_name' retrieved from /home/airflow/.local/lib/python3.12/site-packages/airflow/example_dags/example_display_name.py
[2025-01-31T14:28:51.084+0000] {logging_mixin.py:190} INFO - [2025-01-31T14:28:51.084+0000] {dag.py:3239} INFO - Sync 1 DAGs
[2025-01-31T14:28:51.095+0000] {logging_mixin.py:190} INFO - [2025-01-31T14:28:51.094+0000] {dag.py:4180} INFO - Setting next_dagrun for example_display_name to None, run_after=None
[2025-01-31T14:28:51.107+0000] {processor.py:208} INFO - Processing /home/airflow/.local/lib/python3.12/site-packages/airflow/example_dags/example_display_name.py took 0.049 seconds
[2025-01-31T14:29:21.631+0000] {processor.py:186} INFO - Started process (PID=304) to work on /home/airflow/.local/lib/python3.12/site-packages/airflow/example_dags/example_display_name.py
[2025-01-31T14:29:21.632+0000] {processor.py:914} INFO - Processing file /home/airflow/.local/lib/python3.12/site-packages/airflow/example_dags/example_display_name.py for tasks to queue
[2025-01-31T14:29:21.633+0000] {logging_mixin.py:190} INFO - [2025-01-31T14:29:21.633+0000] {dagbag.py:588} INFO - Filling up the DagBag from /home/airflow/.local/lib/python3.12/site-packages/airflow/example_dags/example_display_name.py
[2025-01-31T14:29:21.639+0000] {processor.py:925} INFO - DAG(s) 'example_display_name' retrieved from /home/airflow/.local/lib/python3.12/site-packages/airflow/example_dags/example_display_name.py
[2025-01-31T14:29:21.654+0000] {logging_mixin.py:190} INFO - [2025-01-31T14:29:21.654+0000] {dag.py:3239} INFO - Sync 1 DAGs
[2025-01-31T14:29:21.665+0000] {logging_mixin.py:190} INFO - [2025-01-31T14:29:21.665+0000] {dag.py:4180} INFO - Setting next_dagrun for example_display_name to None, run_after=None
[2025-01-31T14:29:21.680+0000] {processor.py:208} INFO - Processing /home/airflow/.local/lib/python3.12/site-packages/airflow/example_dags/example_display_name.py took 0.054 seconds
[2025-01-31T14:29:52.469+0000] {processor.py:186} INFO - Started process (PID=369) to work on /home/airflow/.local/lib/python3.12/site-packages/airflow/example_dags/example_display_name.py
[2025-01-31T14:29:52.469+0000] {processor.py:914} INFO - Processing file /home/airflow/.local/lib/python3.12/site-packages/airflow/example_dags/example_display_name.py for tasks to queue
[2025-01-31T14:29:52.471+0000] {logging_mixin.py:190} INFO - [2025-01-31T14:29:52.471+0000] {dagbag.py:588} INFO - Filling up the DagBag from /home/airflow/.local/lib/python3.12/site-packages/airflow/example_dags/example_display_name.py
[2025-01-31T14:29:52.477+0000] {processor.py:925} INFO - DAG(s) 'example_display_name' retrieved from /home/airflow/.local/lib/python3.12/site-packages/airflow/example_dags/example_display_name.py
[2025-01-31T14:29:52.492+0000] {logging_mixin.py:190} INFO - [2025-01-31T14:29:52.492+0000] {dag.py:3239} INFO - Sync 1 DAGs
[2025-01-31T14:29:52.503+0000] {logging_mixin.py:190} INFO - [2025-01-31T14:29:52.503+0000] {dag.py:4180} INFO - Setting next_dagrun for example_display_name to None, run_after=None
[2025-01-31T14:29:52.516+0000] {processor.py:208} INFO - Processing /home/airflow/.local/lib/python3.12/site-packages/airflow/example_dags/example_display_name.py took 0.051 seconds
[2025-01-31T14:30:23.330+0000] {processor.py:186} INFO - Started process (PID=434) to work on /home/airflow/.local/lib/python3.12/site-packages/airflow/example_dags/example_display_name.py
[2025-01-31T14:30:23.330+0000] {processor.py:914} INFO - Processing file /home/airflow/.local/lib/python3.12/site-packages/airflow/example_dags/example_display_name.py for tasks to queue
[2025-01-31T14:30:23.332+0000] {logging_mixin.py:190} INFO - [2025-01-31T14:30:23.332+0000] {dagbag.py:588} INFO - Filling up the DagBag from /home/airflow/.local/lib/python3.12/site-packages/airflow/example_dags/example_display_name.py
[2025-01-31T14:30:23.338+0000] {processor.py:925} INFO - DAG(s) 'example_display_name' retrieved from /home/airflow/.local/lib/python3.12/site-packages/airflow/example_dags/example_display_name.py
[2025-01-31T14:30:23.352+0000] {logging_mixin.py:190} INFO - [2025-01-31T14:30:23.352+0000] {dag.py:3239} INFO - Sync 1 DAGs
[2025-01-31T14:30:23.363+0000] {logging_mixin.py:190} INFO - [2025-01-31T14:30:23.363+0000] {dag.py:4180} INFO - Setting next_dagrun for example_display_name to None, run_after=None
[2025-01-31T14:30:23.376+0000] {processor.py:208} INFO - Processing /home/airflow/.local/lib/python3.12/site-packages/airflow/example_dags/example_display_name.py took 0.051 seconds
[2025-01-31T14:30:54.302+0000] {processor.py:186} INFO - Started process (PID=499) to work on /home/airflow/.local/lib/python3.12/site-packages/airflow/example_dags/example_display_name.py
[2025-01-31T14:30:54.303+0000] {processor.py:914} INFO - Processing file /home/airflow/.local/lib/python3.12/site-packages/airflow/example_dags/example_display_name.py for tasks to queue
[2025-01-31T14:30:54.306+0000] {logging_mixin.py:190} INFO - [2025-01-31T14:30:54.305+0000] {dagbag.py:588} INFO - Filling up the DagBag from /home/airflow/.local/lib/python3.12/site-packages/airflow/example_dags/example_display_name.py
[2025-01-31T14:30:54.314+0000] {processor.py:925} INFO - DAG(s) 'example_display_name' retrieved from /home/airflow/.local/lib/python3.12/site-packages/airflow/example_dags/example_display_name.py
[2025-01-31T14:30:54.334+0000] {logging_mixin.py:190} INFO - [2025-01-31T14:30:54.333+0000] {dag.py:3239} INFO - Sync 1 DAGs
[2025-01-31T14:30:54.349+0000] {logging_mixin.py:190} INFO - [2025-01-31T14:30:54.349+0000] {dag.py:4180} INFO - Setting next_dagrun for example_display_name to None, run_after=None
[2025-01-31T14:30:54.367+0000] {processor.py:208} INFO - Processing /home/airflow/.local/lib/python3.12/site-packages/airflow/example_dags/example_display_name.py took 0.070 seconds
[2025-01-31T14:31:24.748+0000] {processor.py:186} INFO - Started process (PID=563) to work on /home/airflow/.local/lib/python3.12/site-packages/airflow/example_dags/example_display_name.py
[2025-01-31T14:31:24.749+0000] {processor.py:914} INFO - Processing file /home/airflow/.local/lib/python3.12/site-packages/airflow/example_dags/example_display_name.py for tasks to queue
[2025-01-31T14:31:24.751+0000] {logging_mixin.py:190} INFO - [2025-01-31T14:31:24.750+0000] {dagbag.py:588} INFO - Filling up the DagBag from /home/airflow/.local/lib/python3.12/site-packages/airflow/example_dags/example_display_name.py
[2025-01-31T14:31:24.757+0000] {processor.py:925} INFO - DAG(s) 'example_display_name' retrieved from /home/airflow/.local/lib/python3.12/site-packages/airflow/example_dags/example_display_name.py
[2025-01-31T14:31:24.771+0000] {logging_mixin.py:190} INFO - [2025-01-31T14:31:24.771+0000] {dag.py:3239} INFO - Sync 1 DAGs
[2025-01-31T14:31:24.782+0000] {logging_mixin.py:190} INFO - [2025-01-31T14:31:24.782+0000] {dag.py:4180} INFO - Setting next_dagrun for example_display_name to None, run_after=None
[2025-01-31T14:31:24.798+0000] {processor.py:208} INFO - Processing /home/airflow/.local/lib/python3.12/site-packages/airflow/example_dags/example_display_name.py took 0.055 seconds
[2025-01-31T14:31:55.631+0000] {processor.py:186} INFO - Started process (PID=629) to work on /home/airflow/.local/lib/python3.12/site-packages/airflow/example_dags/example_display_name.py
[2025-01-31T14:31:55.631+0000] {processor.py:914} INFO - Processing file /home/airflow/.local/lib/python3.12/site-packages/airflow/example_dags/example_display_name.py for tasks to queue
[2025-01-31T14:31:55.633+0000] {logging_mixin.py:190} INFO - [2025-01-31T14:31:55.633+0000] {dagbag.py:588} INFO - Filling up the DagBag from /home/airflow/.local/lib/python3.12/site-packages/airflow/example_dags/example_display_name.py
[2025-01-31T14:31:55.639+0000] {processor.py:925} INFO - DAG(s) 'example_display_name' retrieved from /home/airflow/.local/lib/python3.12/site-packages/airflow/example_dags/example_display_name.py
[2025-01-31T14:31:55.653+0000] {logging_mixin.py:190} INFO - [2025-01-31T14:31:55.653+0000] {dag.py:3239} INFO - Sync 1 DAGs
[2025-01-31T14:31:55.667+0000] {logging_mixin.py:190} INFO - [2025-01-31T14:31:55.666+0000] {dag.py:4180} INFO - Setting next_dagrun for example_display_name to None, run_after=None
[2025-01-31T14:31:55.682+0000] {processor.py:208} INFO - Processing /home/airflow/.local/lib/python3.12/site-packages/airflow/example_dags/example_display_name.py took 0.056 seconds
[2025-01-31T14:32:26.845+0000] {processor.py:186} INFO - Started process (PID=693) to work on /home/airflow/.local/lib/python3.12/site-packages/airflow/example_dags/example_display_name.py
[2025-01-31T14:32:26.847+0000] {processor.py:914} INFO - Processing file /home/airflow/.local/lib/python3.12/site-packages/airflow/example_dags/example_display_name.py for tasks to queue
[2025-01-31T14:32:26.849+0000] {logging_mixin.py:190} INFO - [2025-01-31T14:32:26.849+0000] {dagbag.py:588} INFO - Filling up the DagBag from /home/airflow/.local/lib/python3.12/site-packages/airflow/example_dags/example_display_name.py
[2025-01-31T14:32:26.857+0000] {processor.py:925} INFO - DAG(s) 'example_display_name' retrieved from /home/airflow/.local/lib/python3.12/site-packages/airflow/example_dags/example_display_name.py
[2025-01-31T14:32:26.875+0000] {logging_mixin.py:190} INFO - [2025-01-31T14:32:26.875+0000] {dag.py:3239} INFO - Sync 1 DAGs
[2025-01-31T14:32:26.894+0000] {logging_mixin.py:190} INFO - [2025-01-31T14:32:26.893+0000] {dag.py:4180} INFO - Setting next_dagrun for example_display_name to None, run_after=None
[2025-01-31T14:32:26.912+0000] {processor.py:208} INFO - Processing /home/airflow/.local/lib/python3.12/site-packages/airflow/example_dags/example_display_name.py took 0.084 seconds
[2025-01-31T14:32:57.606+0000] {processor.py:186} INFO - Started process (PID=759) to work on /home/airflow/.local/lib/python3.12/site-packages/airflow/example_dags/example_display_name.py
[2025-01-31T14:32:57.607+0000] {processor.py:914} INFO - Processing file /home/airflow/.local/lib/python3.12/site-packages/airflow/example_dags/example_display_name.py for tasks to queue
[2025-01-31T14:32:57.609+0000] {logging_mixin.py:190} INFO - [2025-01-31T14:32:57.608+0000] {dagbag.py:588} INFO - Filling up the DagBag from /home/airflow/.local/lib/python3.12/site-packages/airflow/example_dags/example_display_name.py
[2025-01-31T14:32:57.615+0000] {processor.py:925} INFO - DAG(s) 'example_display_name' retrieved from /home/airflow/.local/lib/python3.12/site-packages/airflow/example_dags/example_display_name.py
[2025-01-31T14:32:57.633+0000] {logging_mixin.py:190} INFO - [2025-01-31T14:32:57.633+0000] {dag.py:3239} INFO - Sync 1 DAGs
[2025-01-31T14:32:57.649+0000] {logging_mixin.py:190} INFO - [2025-01-31T14:32:57.648+0000] {dag.py:4180} INFO - Setting next_dagrun for example_display_name to None, run_after=None
[2025-01-31T14:32:57.662+0000] {processor.py:208} INFO - Processing /home/airflow/.local/lib/python3.12/site-packages/airflow/example_dags/example_display_name.py took 0.061 seconds
[2025-01-31T14:33:28.402+0000] {processor.py:186} INFO - Started process (PID=825) to work on /home/airflow/.local/lib/python3.12/site-packages/airflow/example_dags/example_display_name.py
[2025-01-31T14:33:28.403+0000] {processor.py:914} INFO - Processing file /home/airflow/.local/lib/python3.12/site-packages/airflow/example_dags/example_display_name.py for tasks to queue
[2025-01-31T14:33:28.404+0000] {logging_mixin.py:190} INFO - [2025-01-31T14:33:28.404+0000] {dagbag.py:588} INFO - Filling up the DagBag from /home/airflow/.local/lib/python3.12/site-packages/airflow/example_dags/example_display_name.py
[2025-01-31T14:33:28.410+0000] {processor.py:925} INFO - DAG(s) 'example_display_name' retrieved from /home/airflow/.local/lib/python3.12/site-packages/airflow/example_dags/example_display_name.py
[2025-01-31T14:33:28.424+0000] {logging_mixin.py:190} INFO - [2025-01-31T14:33:28.424+0000] {dag.py:3239} INFO - Sync 1 DAGs
[2025-01-31T14:33:28.434+0000] {logging_mixin.py:190} INFO - [2025-01-31T14:33:28.434+0000] {dag.py:4180} INFO - Setting next_dagrun for example_display_name to None, run_after=None
[2025-01-31T14:33:28.448+0000] {processor.py:208} INFO - Processing /home/airflow/.local/lib/python3.12/site-packages/airflow/example_dags/example_display_name.py took 0.050 seconds
[2025-01-31T14:34:00.087+0000] {processor.py:186} INFO - Started process (PID=890) to work on /home/airflow/.local/lib/python3.12/site-packages/airflow/example_dags/example_display_name.py
[2025-01-31T14:34:00.087+0000] {processor.py:914} INFO - Processing file /home/airflow/.local/lib/python3.12/site-packages/airflow/example_dags/example_display_name.py for tasks to queue
[2025-01-31T14:34:00.089+0000] {logging_mixin.py:190} INFO - [2025-01-31T14:34:00.089+0000] {dagbag.py:588} INFO - Filling up the DagBag from /home/airflow/.local/lib/python3.12/site-packages/airflow/example_dags/example_display_name.py
[2025-01-31T14:34:00.095+0000] {processor.py:925} INFO - DAG(s) 'example_display_name' retrieved from /home/airflow/.local/lib/python3.12/site-packages/airflow/example_dags/example_display_name.py
[2025-01-31T14:34:00.112+0000] {logging_mixin.py:190} INFO - [2025-01-31T14:34:00.111+0000] {dag.py:3239} INFO - Sync 1 DAGs
[2025-01-31T14:34:00.125+0000] {logging_mixin.py:190} INFO - [2025-01-31T14:34:00.125+0000] {dag.py:4180} INFO - Setting next_dagrun for example_display_name to None, run_after=None
[2025-01-31T14:34:00.138+0000] {processor.py:208} INFO - Processing /home/airflow/.local/lib/python3.12/site-packages/airflow/example_dags/example_display_name.py took 0.055 seconds
[2025-01-31T14:34:30.865+0000] {processor.py:186} INFO - Started process (PID=955) to work on /home/airflow/.local/lib/python3.12/site-packages/airflow/example_dags/example_display_name.py
[2025-01-31T14:34:30.866+0000] {processor.py:914} INFO - Processing file /home/airflow/.local/lib/python3.12/site-packages/airflow/example_dags/example_display_name.py for tasks to queue
[2025-01-31T14:34:30.867+0000] {logging_mixin.py:190} INFO - [2025-01-31T14:34:30.867+0000] {dagbag.py:588} INFO - Filling up the DagBag from /home/airflow/.local/lib/python3.12/site-packages/airflow/example_dags/example_display_name.py
[2025-01-31T14:34:30.873+0000] {processor.py:925} INFO - DAG(s) 'example_display_name' retrieved from /home/airflow/.local/lib/python3.12/site-packages/airflow/example_dags/example_display_name.py
[2025-01-31T14:34:30.890+0000] {logging_mixin.py:190} INFO - [2025-01-31T14:34:30.889+0000] {dag.py:3239} INFO - Sync 1 DAGs
[2025-01-31T14:34:30.904+0000] {logging_mixin.py:190} INFO - [2025-01-31T14:34:30.903+0000] {dag.py:4180} INFO - Setting next_dagrun for example_display_name to None, run_after=None
[2025-01-31T14:34:30.917+0000] {processor.py:208} INFO - Processing /home/airflow/.local/lib/python3.12/site-packages/airflow/example_dags/example_display_name.py took 0.057 seconds
[2025-01-31T14:35:01.886+0000] {processor.py:186} INFO - Started process (PID=1021) to work on /home/airflow/.local/lib/python3.12/site-packages/airflow/example_dags/example_display_name.py
[2025-01-31T14:35:01.887+0000] {processor.py:914} INFO - Processing file /home/airflow/.local/lib/python3.12/site-packages/airflow/example_dags/example_display_name.py for tasks to queue
[2025-01-31T14:35:01.890+0000] {logging_mixin.py:190} INFO - [2025-01-31T14:35:01.890+0000] {dagbag.py:588} INFO - Filling up the DagBag from /home/airflow/.local/lib/python3.12/site-packages/airflow/example_dags/example_display_name.py
[2025-01-31T14:35:01.898+0000] {processor.py:925} INFO - DAG(s) 'example_display_name' retrieved from /home/airflow/.local/lib/python3.12/site-packages/airflow/example_dags/example_display_name.py
[2025-01-31T14:35:01.915+0000] {logging_mixin.py:190} INFO - [2025-01-31T14:35:01.915+0000] {dag.py:3239} INFO - Sync 1 DAGs
[2025-01-31T14:35:01.926+0000] {logging_mixin.py:190} INFO - [2025-01-31T14:35:01.925+0000] {dag.py:4180} INFO - Setting next_dagrun for example_display_name to None, run_after=None
[2025-01-31T14:35:01.938+0000] {processor.py:208} INFO - Processing /home/airflow/.local/lib/python3.12/site-packages/airflow/example_dags/example_display_name.py took 0.059 seconds
[2025-01-31T14:35:32.430+0000] {processor.py:186} INFO - Started process (PID=1086) to work on /home/airflow/.local/lib/python3.12/site-packages/airflow/example_dags/example_display_name.py
[2025-01-31T14:35:32.431+0000] {processor.py:914} INFO - Processing file /home/airflow/.local/lib/python3.12/site-packages/airflow/example_dags/example_display_name.py for tasks to queue
[2025-01-31T14:35:32.432+0000] {logging_mixin.py:190} INFO - [2025-01-31T14:35:32.432+0000] {dagbag.py:588} INFO - Filling up the DagBag from /home/airflow/.local/lib/python3.12/site-packages/airflow/example_dags/example_display_name.py
[2025-01-31T14:35:32.439+0000] {processor.py:925} INFO - DAG(s) 'example_display_name' retrieved from /home/airflow/.local/lib/python3.12/site-packages/airflow/example_dags/example_display_name.py
[2025-01-31T14:35:32.456+0000] {logging_mixin.py:190} INFO - [2025-01-31T14:35:32.455+0000] {dag.py:3239} INFO - Sync 1 DAGs
[2025-01-31T14:35:32.467+0000] {logging_mixin.py:190} INFO - [2025-01-31T14:35:32.467+0000] {dag.py:4180} INFO - Setting next_dagrun for example_display_name to None, run_after=None
[2025-01-31T14:35:32.480+0000] {processor.py:208} INFO - Processing /home/airflow/.local/lib/python3.12/site-packages/airflow/example_dags/example_display_name.py took 0.055 seconds
[2025-01-31T14:36:03.840+0000] {processor.py:186} INFO - Started process (PID=1151) to work on /home/airflow/.local/lib/python3.12/site-packages/airflow/example_dags/example_display_name.py
[2025-01-31T14:36:03.841+0000] {processor.py:914} INFO - Processing file /home/airflow/.local/lib/python3.12/site-packages/airflow/example_dags/example_display_name.py for tasks to queue
[2025-01-31T14:36:03.842+0000] {logging_mixin.py:190} INFO - [2025-01-31T14:36:03.842+0000] {dagbag.py:588} INFO - Filling up the DagBag from /home/airflow/.local/lib/python3.12/site-packages/airflow/example_dags/example_display_name.py
[2025-01-31T14:36:03.848+0000] {processor.py:925} INFO - DAG(s) 'example_display_name' retrieved from /home/airflow/.local/lib/python3.12/site-packages/airflow/example_dags/example_display_name.py
[2025-01-31T14:36:03.865+0000] {logging_mixin.py:190} INFO - [2025-01-31T14:36:03.865+0000] {dag.py:3239} INFO - Sync 1 DAGs
[2025-01-31T14:36:03.877+0000] {logging_mixin.py:190} INFO - [2025-01-31T14:36:03.877+0000] {dag.py:4180} INFO - Setting next_dagrun for example_display_name to None, run_after=None
[2025-01-31T14:36:03.893+0000] {processor.py:208} INFO - Processing /home/airflow/.local/lib/python3.12/site-packages/airflow/example_dags/example_display_name.py took 0.057 seconds
[2025-01-31T14:36:35.148+0000] {processor.py:186} INFO - Started process (PID=1217) to work on /home/airflow/.local/lib/python3.12/site-packages/airflow/example_dags/example_display_name.py
[2025-01-31T14:36:35.149+0000] {processor.py:914} INFO - Processing file /home/airflow/.local/lib/python3.12/site-packages/airflow/example_dags/example_display_name.py for tasks to queue
[2025-01-31T14:36:35.150+0000] {logging_mixin.py:190} INFO - [2025-01-31T14:36:35.150+0000] {dagbag.py:588} INFO - Filling up the DagBag from /home/airflow/.local/lib/python3.12/site-packages/airflow/example_dags/example_display_name.py
[2025-01-31T14:36:35.157+0000] {processor.py:925} INFO - DAG(s) 'example_display_name' retrieved from /home/airflow/.local/lib/python3.12/site-packages/airflow/example_dags/example_display_name.py
[2025-01-31T14:36:35.171+0000] {logging_mixin.py:190} INFO - [2025-01-31T14:36:35.171+0000] {dag.py:3239} INFO - Sync 1 DAGs
[2025-01-31T14:36:35.186+0000] {logging_mixin.py:190} INFO - [2025-01-31T14:36:35.186+0000] {dag.py:4180} INFO - Setting next_dagrun for example_display_name to None, run_after=None
[2025-01-31T14:36:35.198+0000] {processor.py:208} INFO - Processing /home/airflow/.local/lib/python3.12/site-packages/airflow/example_dags/example_display_name.py took 0.054 seconds
[2025-01-31T14:37:06.440+0000] {processor.py:186} INFO - Started process (PID=1282) to work on /home/airflow/.local/lib/python3.12/site-packages/airflow/example_dags/example_display_name.py
[2025-01-31T14:37:06.440+0000] {processor.py:914} INFO - Processing file /home/airflow/.local/lib/python3.12/site-packages/airflow/example_dags/example_display_name.py for tasks to queue
[2025-01-31T14:37:06.442+0000] {logging_mixin.py:190} INFO - [2025-01-31T14:37:06.442+0000] {dagbag.py:588} INFO - Filling up the DagBag from /home/airflow/.local/lib/python3.12/site-packages/airflow/example_dags/example_display_name.py
[2025-01-31T14:37:06.448+0000] {processor.py:925} INFO - DAG(s) 'example_display_name' retrieved from /home/airflow/.local/lib/python3.12/site-packages/airflow/example_dags/example_display_name.py
[2025-01-31T14:37:06.464+0000] {logging_mixin.py:190} INFO - [2025-01-31T14:37:06.464+0000] {dag.py:3239} INFO - Sync 1 DAGs
[2025-01-31T14:37:06.475+0000] {logging_mixin.py:190} INFO - [2025-01-31T14:37:06.475+0000] {dag.py:4180} INFO - Setting next_dagrun for example_display_name to None, run_after=None
[2025-01-31T14:37:06.488+0000] {processor.py:208} INFO - Processing /home/airflow/.local/lib/python3.12/site-packages/airflow/example_dags/example_display_name.py took 0.053 seconds
[2025-01-31T14:37:38.000+0000] {processor.py:186} INFO - Started process (PID=1347) to work on /home/airflow/.local/lib/python3.12/site-packages/airflow/example_dags/example_display_name.py
[2025-01-31T14:37:38.001+0000] {processor.py:914} INFO - Processing file /home/airflow/.local/lib/python3.12/site-packages/airflow/example_dags/example_display_name.py for tasks to queue
[2025-01-31T14:37:38.002+0000] {logging_mixin.py:190} INFO - [2025-01-31T14:37:38.002+0000] {dagbag.py:588} INFO - Filling up the DagBag from /home/airflow/.local/lib/python3.12/site-packages/airflow/example_dags/example_display_name.py
[2025-01-31T14:37:38.009+0000] {processor.py:925} INFO - DAG(s) 'example_display_name' retrieved from /home/airflow/.local/lib/python3.12/site-packages/airflow/example_dags/example_display_name.py
[2025-01-31T14:37:38.024+0000] {logging_mixin.py:190} INFO - [2025-01-31T14:37:38.024+0000] {dag.py:3239} INFO - Sync 1 DAGs
[2025-01-31T14:37:38.036+0000] {logging_mixin.py:190} INFO - [2025-01-31T14:37:38.036+0000] {dag.py:4180} INFO - Setting next_dagrun for example_display_name to None, run_after=None
[2025-01-31T14:37:38.049+0000] {processor.py:208} INFO - Processing /home/airflow/.local/lib/python3.12/site-packages/airflow/example_dags/example_display_name.py took 0.054 seconds
[2025-01-31T14:38:09.008+0000] {processor.py:186} INFO - Started process (PID=1412) to work on /home/airflow/.local/lib/python3.12/site-packages/airflow/example_dags/example_display_name.py
[2025-01-31T14:38:09.009+0000] {processor.py:914} INFO - Processing file /home/airflow/.local/lib/python3.12/site-packages/airflow/example_dags/example_display_name.py for tasks to queue
[2025-01-31T14:38:09.010+0000] {logging_mixin.py:190} INFO - [2025-01-31T14:38:09.010+0000] {dagbag.py:588} INFO - Filling up the DagBag from /home/airflow/.local/lib/python3.12/site-packages/airflow/example_dags/example_display_name.py
[2025-01-31T14:38:09.016+0000] {processor.py:925} INFO - DAG(s) 'example_display_name' retrieved from /home/airflow/.local/lib/python3.12/site-packages/airflow/example_dags/example_display_name.py
[2025-01-31T14:38:09.032+0000] {logging_mixin.py:190} INFO - [2025-01-31T14:38:09.032+0000] {dag.py:3239} INFO - Sync 1 DAGs
[2025-01-31T14:38:09.047+0000] {logging_mixin.py:190} INFO - [2025-01-31T14:38:09.047+0000] {dag.py:4180} INFO - Setting next_dagrun for example_display_name to None, run_after=None
[2025-01-31T14:38:09.061+0000] {processor.py:208} INFO - Processing /home/airflow/.local/lib/python3.12/site-packages/airflow/example_dags/example_display_name.py took 0.058 seconds
[2025-01-31T14:38:40.186+0000] {processor.py:186} INFO - Started process (PID=1477) to work on /home/airflow/.local/lib/python3.12/site-packages/airflow/example_dags/example_display_name.py
[2025-01-31T14:38:40.187+0000] {processor.py:914} INFO - Processing file /home/airflow/.local/lib/python3.12/site-packages/airflow/example_dags/example_display_name.py for tasks to queue
[2025-01-31T14:38:40.188+0000] {logging_mixin.py:190} INFO - [2025-01-31T14:38:40.188+0000] {dagbag.py:588} INFO - Filling up the DagBag from /home/airflow/.local/lib/python3.12/site-packages/airflow/example_dags/example_display_name.py
[2025-01-31T14:38:40.195+0000] {processor.py:925} INFO - DAG(s) 'example_display_name' retrieved from /home/airflow/.local/lib/python3.12/site-packages/airflow/example_dags/example_display_name.py
[2025-01-31T14:38:40.210+0000] {logging_mixin.py:190} INFO - [2025-01-31T14:38:40.210+0000] {dag.py:3239} INFO - Sync 1 DAGs
[2025-01-31T14:38:40.222+0000] {logging_mixin.py:190} INFO - [2025-01-31T14:38:40.221+0000] {dag.py:4180} INFO - Setting next_dagrun for example_display_name to None, run_after=None
[2025-01-31T14:38:40.237+0000] {processor.py:208} INFO - Processing /home/airflow/.local/lib/python3.12/site-packages/airflow/example_dags/example_display_name.py took 0.055 seconds
[2025-01-31T14:39:11.513+0000] {processor.py:186} INFO - Started process (PID=1549) to work on /home/airflow/.local/lib/python3.12/site-packages/airflow/example_dags/example_display_name.py
[2025-01-31T14:39:11.513+0000] {processor.py:914} INFO - Processing file /home/airflow/.local/lib/python3.12/site-packages/airflow/example_dags/example_display_name.py for tasks to queue
[2025-01-31T14:39:11.515+0000] {logging_mixin.py:190} INFO - [2025-01-31T14:39:11.515+0000] {dagbag.py:588} INFO - Filling up the DagBag from /home/airflow/.local/lib/python3.12/site-packages/airflow/example_dags/example_display_name.py
[2025-01-31T14:39:11.521+0000] {processor.py:925} INFO - DAG(s) 'example_display_name' retrieved from /home/airflow/.local/lib/python3.12/site-packages/airflow/example_dags/example_display_name.py
[2025-01-31T14:39:11.539+0000] {logging_mixin.py:190} INFO - [2025-01-31T14:39:11.538+0000] {dag.py:3239} INFO - Sync 1 DAGs
[2025-01-31T14:39:11.553+0000] {logging_mixin.py:190} INFO - [2025-01-31T14:39:11.553+0000] {dag.py:4180} INFO - Setting next_dagrun for example_display_name to None, run_after=None
[2025-01-31T14:39:11.568+0000] {processor.py:208} INFO - Processing /home/airflow/.local/lib/python3.12/site-packages/airflow/example_dags/example_display_name.py took 0.061 seconds
[2025-01-31T14:39:42.834+0000] {processor.py:186} INFO - Started process (PID=1613) to work on /home/airflow/.local/lib/python3.12/site-packages/airflow/example_dags/example_display_name.py
[2025-01-31T14:39:42.834+0000] {processor.py:914} INFO - Processing file /home/airflow/.local/lib/python3.12/site-packages/airflow/example_dags/example_display_name.py for tasks to queue
[2025-01-31T14:39:42.836+0000] {logging_mixin.py:190} INFO - [2025-01-31T14:39:42.836+0000] {dagbag.py:588} INFO - Filling up the DagBag from /home/airflow/.local/lib/python3.12/site-packages/airflow/example_dags/example_display_name.py
[2025-01-31T14:39:42.842+0000] {processor.py:925} INFO - DAG(s) 'example_display_name' retrieved from /home/airflow/.local/lib/python3.12/site-packages/airflow/example_dags/example_display_name.py
[2025-01-31T14:39:42.860+0000] {logging_mixin.py:190} INFO - [2025-01-31T14:39:42.860+0000] {dag.py:3239} INFO - Sync 1 DAGs
[2025-01-31T14:39:42.874+0000] {logging_mixin.py:190} INFO - [2025-01-31T14:39:42.873+0000] {dag.py:4180} INFO - Setting next_dagrun for example_display_name to None, run_after=None
[2025-01-31T14:39:42.887+0000] {processor.py:208} INFO - Processing /home/airflow/.local/lib/python3.12/site-packages/airflow/example_dags/example_display_name.py took 0.058 seconds
[2025-01-31T14:40:13.772+0000] {processor.py:186} INFO - Started process (PID=1678) to work on /home/airflow/.local/lib/python3.12/site-packages/airflow/example_dags/example_display_name.py
[2025-01-31T14:40:13.773+0000] {processor.py:914} INFO - Processing file /home/airflow/.local/lib/python3.12/site-packages/airflow/example_dags/example_display_name.py for tasks to queue
[2025-01-31T14:40:13.775+0000] {logging_mixin.py:190} INFO - [2025-01-31T14:40:13.774+0000] {dagbag.py:588} INFO - Filling up the DagBag from /home/airflow/.local/lib/python3.12/site-packages/airflow/example_dags/example_display_name.py
[2025-01-31T14:40:13.780+0000] {processor.py:925} INFO - DAG(s) 'example_display_name' retrieved from /home/airflow/.local/lib/python3.12/site-packages/airflow/example_dags/example_display_name.py
[2025-01-31T14:40:13.798+0000] {logging_mixin.py:190} INFO - [2025-01-31T14:40:13.797+0000] {dag.py:3239} INFO - Sync 1 DAGs
[2025-01-31T14:40:13.810+0000] {logging_mixin.py:190} INFO - [2025-01-31T14:40:13.810+0000] {dag.py:4180} INFO - Setting next_dagrun for example_display_name to None, run_after=None
[2025-01-31T14:40:13.822+0000] {processor.py:208} INFO - Processing /home/airflow/.local/lib/python3.12/site-packages/airflow/example_dags/example_display_name.py took 0.054 seconds
[2025-01-31T14:40:44.915+0000] {processor.py:186} INFO - Started process (PID=1743) to work on /home/airflow/.local/lib/python3.12/site-packages/airflow/example_dags/example_display_name.py
[2025-01-31T14:40:44.916+0000] {processor.py:914} INFO - Processing file /home/airflow/.local/lib/python3.12/site-packages/airflow/example_dags/example_display_name.py for tasks to queue
[2025-01-31T14:40:44.917+0000] {logging_mixin.py:190} INFO - [2025-01-31T14:40:44.917+0000] {dagbag.py:588} INFO - Filling up the DagBag from /home/airflow/.local/lib/python3.12/site-packages/airflow/example_dags/example_display_name.py
[2025-01-31T14:40:44.923+0000] {processor.py:925} INFO - DAG(s) 'example_display_name' retrieved from /home/airflow/.local/lib/python3.12/site-packages/airflow/example_dags/example_display_name.py
[2025-01-31T14:40:44.939+0000] {logging_mixin.py:190} INFO - [2025-01-31T14:40:44.939+0000] {dag.py:3239} INFO - Sync 1 DAGs
[2025-01-31T14:40:44.954+0000] {logging_mixin.py:190} INFO - [2025-01-31T14:40:44.954+0000] {dag.py:4180} INFO - Setting next_dagrun for example_display_name to None, run_after=None
[2025-01-31T14:40:44.969+0000] {processor.py:208} INFO - Processing /home/airflow/.local/lib/python3.12/site-packages/airflow/example_dags/example_display_name.py took 0.059 seconds
[2025-01-31T14:41:16.040+0000] {processor.py:186} INFO - Started process (PID=1808) to work on /home/airflow/.local/lib/python3.12/site-packages/airflow/example_dags/example_display_name.py
[2025-01-31T14:41:16.040+0000] {processor.py:914} INFO - Processing file /home/airflow/.local/lib/python3.12/site-packages/airflow/example_dags/example_display_name.py for tasks to queue
[2025-01-31T14:41:16.042+0000] {logging_mixin.py:190} INFO - [2025-01-31T14:41:16.042+0000] {dagbag.py:588} INFO - Filling up the DagBag from /home/airflow/.local/lib/python3.12/site-packages/airflow/example_dags/example_display_name.py
[2025-01-31T14:41:16.048+0000] {processor.py:925} INFO - DAG(s) 'example_display_name' retrieved from /home/airflow/.local/lib/python3.12/site-packages/airflow/example_dags/example_display_name.py
[2025-01-31T14:41:16.063+0000] {logging_mixin.py:190} INFO - [2025-01-31T14:41:16.062+0000] {dag.py:3239} INFO - Sync 1 DAGs
[2025-01-31T14:41:16.074+0000] {logging_mixin.py:190} INFO - [2025-01-31T14:41:16.074+0000] {dag.py:4180} INFO - Setting next_dagrun for example_display_name to None, run_after=None
[2025-01-31T14:41:16.087+0000] {processor.py:208} INFO - Processing /home/airflow/.local/lib/python3.12/site-packages/airflow/example_dags/example_display_name.py took 0.052 seconds
[2025-01-31T14:41:47.377+0000] {processor.py:186} INFO - Started process (PID=1874) to work on /home/airflow/.local/lib/python3.12/site-packages/airflow/example_dags/example_display_name.py
[2025-01-31T14:41:47.378+0000] {processor.py:914} INFO - Processing file /home/airflow/.local/lib/python3.12/site-packages/airflow/example_dags/example_display_name.py for tasks to queue
[2025-01-31T14:41:47.380+0000] {logging_mixin.py:190} INFO - [2025-01-31T14:41:47.380+0000] {dagbag.py:588} INFO - Filling up the DagBag from /home/airflow/.local/lib/python3.12/site-packages/airflow/example_dags/example_display_name.py
[2025-01-31T14:41:47.386+0000] {processor.py:925} INFO - DAG(s) 'example_display_name' retrieved from /home/airflow/.local/lib/python3.12/site-packages/airflow/example_dags/example_display_name.py
[2025-01-31T14:41:47.403+0000] {logging_mixin.py:190} INFO - [2025-01-31T14:41:47.403+0000] {dag.py:3239} INFO - Sync 1 DAGs
[2025-01-31T14:41:47.420+0000] {logging_mixin.py:190} INFO - [2025-01-31T14:41:47.419+0000] {dag.py:4180} INFO - Setting next_dagrun for example_display_name to None, run_after=None
[2025-01-31T14:41:47.435+0000] {processor.py:208} INFO - Processing /home/airflow/.local/lib/python3.12/site-packages/airflow/example_dags/example_display_name.py took 0.062 seconds
[2025-01-31T14:42:19.151+0000] {processor.py:186} INFO - Started process (PID=1939) to work on /home/airflow/.local/lib/python3.12/site-packages/airflow/example_dags/example_display_name.py
[2025-01-31T14:42:19.151+0000] {processor.py:914} INFO - Processing file /home/airflow/.local/lib/python3.12/site-packages/airflow/example_dags/example_display_name.py for tasks to queue
[2025-01-31T14:42:19.153+0000] {logging_mixin.py:190} INFO - [2025-01-31T14:42:19.153+0000] {dagbag.py:588} INFO - Filling up the DagBag from /home/airflow/.local/lib/python3.12/site-packages/airflow/example_dags/example_display_name.py
[2025-01-31T14:42:19.160+0000] {processor.py:925} INFO - DAG(s) 'example_display_name' retrieved from /home/airflow/.local/lib/python3.12/site-packages/airflow/example_dags/example_display_name.py
[2025-01-31T14:42:19.179+0000] {logging_mixin.py:190} INFO - [2025-01-31T14:42:19.179+0000] {dag.py:3239} INFO - Sync 1 DAGs
[2025-01-31T14:42:19.194+0000] {logging_mixin.py:190} INFO - [2025-01-31T14:42:19.193+0000] {dag.py:4180} INFO - Setting next_dagrun for example_display_name to None, run_after=None
[2025-01-31T14:42:19.209+0000] {processor.py:208} INFO - Processing /home/airflow/.local/lib/python3.12/site-packages/airflow/example_dags/example_display_name.py took 0.064 seconds
[2025-01-31T14:42:50.211+0000] {processor.py:186} INFO - Started process (PID=2004) to work on /home/airflow/.local/lib/python3.12/site-packages/airflow/example_dags/example_display_name.py
[2025-01-31T14:42:50.212+0000] {processor.py:914} INFO - Processing file /home/airflow/.local/lib/python3.12/site-packages/airflow/example_dags/example_display_name.py for tasks to queue
[2025-01-31T14:42:50.214+0000] {logging_mixin.py:190} INFO - [2025-01-31T14:42:50.214+0000] {dagbag.py:588} INFO - Filling up the DagBag from /home/airflow/.local/lib/python3.12/site-packages/airflow/example_dags/example_display_name.py
[2025-01-31T14:42:50.222+0000] {processor.py:925} INFO - DAG(s) 'example_display_name' retrieved from /home/airflow/.local/lib/python3.12/site-packages/airflow/example_dags/example_display_name.py
[2025-01-31T14:42:50.242+0000] {logging_mixin.py:190} INFO - [2025-01-31T14:42:50.241+0000] {dag.py:3239} INFO - Sync 1 DAGs
[2025-01-31T14:42:50.258+0000] {logging_mixin.py:190} INFO - [2025-01-31T14:42:50.258+0000] {dag.py:4180} INFO - Setting next_dagrun for example_display_name to None, run_after=None
[2025-01-31T14:42:50.285+0000] {processor.py:208} INFO - Processing /home/airflow/.local/lib/python3.12/site-packages/airflow/example_dags/example_display_name.py took 0.080 seconds
[2025-01-31T14:43:21.230+0000] {processor.py:186} INFO - Started process (PID=2069) to work on /home/airflow/.local/lib/python3.12/site-packages/airflow/example_dags/example_display_name.py
[2025-01-31T14:43:21.230+0000] {processor.py:914} INFO - Processing file /home/airflow/.local/lib/python3.12/site-packages/airflow/example_dags/example_display_name.py for tasks to queue
[2025-01-31T14:43:21.232+0000] {logging_mixin.py:190} INFO - [2025-01-31T14:43:21.231+0000] {dagbag.py:588} INFO - Filling up the DagBag from /home/airflow/.local/lib/python3.12/site-packages/airflow/example_dags/example_display_name.py
[2025-01-31T14:43:21.238+0000] {processor.py:925} INFO - DAG(s) 'example_display_name' retrieved from /home/airflow/.local/lib/python3.12/site-packages/airflow/example_dags/example_display_name.py
[2025-01-31T14:43:21.255+0000] {logging_mixin.py:190} INFO - [2025-01-31T14:43:21.255+0000] {dag.py:3239} INFO - Sync 1 DAGs
[2025-01-31T14:43:21.269+0000] {logging_mixin.py:190} INFO - [2025-01-31T14:43:21.269+0000] {dag.py:4180} INFO - Setting next_dagrun for example_display_name to None, run_after=None
[2025-01-31T14:43:21.283+0000] {processor.py:208} INFO - Processing /home/airflow/.local/lib/python3.12/site-packages/airflow/example_dags/example_display_name.py took 0.058 seconds
[2025-01-31T14:43:51.958+0000] {processor.py:186} INFO - Started process (PID=2135) to work on /home/airflow/.local/lib/python3.12/site-packages/airflow/example_dags/example_display_name.py
[2025-01-31T14:43:51.959+0000] {processor.py:914} INFO - Processing file /home/airflow/.local/lib/python3.12/site-packages/airflow/example_dags/example_display_name.py for tasks to queue
[2025-01-31T14:43:51.960+0000] {logging_mixin.py:190} INFO - [2025-01-31T14:43:51.960+0000] {dagbag.py:588} INFO - Filling up the DagBag from /home/airflow/.local/lib/python3.12/site-packages/airflow/example_dags/example_display_name.py
[2025-01-31T14:43:51.966+0000] {processor.py:925} INFO - DAG(s) 'example_display_name' retrieved from /home/airflow/.local/lib/python3.12/site-packages/airflow/example_dags/example_display_name.py
[2025-01-31T14:43:51.980+0000] {logging_mixin.py:190} INFO - [2025-01-31T14:43:51.980+0000] {dag.py:3239} INFO - Sync 1 DAGs
[2025-01-31T14:43:51.990+0000] {logging_mixin.py:190} INFO - [2025-01-31T14:43:51.990+0000] {dag.py:4180} INFO - Setting next_dagrun for example_display_name to None, run_after=None
[2025-01-31T14:43:52.002+0000] {processor.py:208} INFO - Processing /home/airflow/.local/lib/python3.12/site-packages/airflow/example_dags/example_display_name.py took 0.049 seconds
[2025-01-31T14:44:23.130+0000] {processor.py:186} INFO - Started process (PID=2200) to work on /home/airflow/.local/lib/python3.12/site-packages/airflow/example_dags/example_display_name.py
[2025-01-31T14:44:23.131+0000] {processor.py:914} INFO - Processing file /home/airflow/.local/lib/python3.12/site-packages/airflow/example_dags/example_display_name.py for tasks to queue
[2025-01-31T14:44:23.133+0000] {logging_mixin.py:190} INFO - [2025-01-31T14:44:23.132+0000] {dagbag.py:588} INFO - Filling up the DagBag from /home/airflow/.local/lib/python3.12/site-packages/airflow/example_dags/example_display_name.py
[2025-01-31T14:44:23.141+0000] {processor.py:925} INFO - DAG(s) 'example_display_name' retrieved from /home/airflow/.local/lib/python3.12/site-packages/airflow/example_dags/example_display_name.py
[2025-01-31T14:44:23.157+0000] {logging_mixin.py:190} INFO - [2025-01-31T14:44:23.157+0000] {dag.py:3239} INFO - Sync 1 DAGs
[2025-01-31T14:44:23.173+0000] {logging_mixin.py:190} INFO - [2025-01-31T14:44:23.172+0000] {dag.py:4180} INFO - Setting next_dagrun for example_display_name to None, run_after=None
[2025-01-31T14:44:23.188+0000] {processor.py:208} INFO - Processing /home/airflow/.local/lib/python3.12/site-packages/airflow/example_dags/example_display_name.py took 0.063 seconds
[2025-01-31T14:44:54.650+0000] {processor.py:186} INFO - Started process (PID=2270) to work on /home/airflow/.local/lib/python3.12/site-packages/airflow/example_dags/example_display_name.py
[2025-01-31T14:44:54.650+0000] {processor.py:914} INFO - Processing file /home/airflow/.local/lib/python3.12/site-packages/airflow/example_dags/example_display_name.py for tasks to queue
[2025-01-31T14:44:54.652+0000] {logging_mixin.py:190} INFO - [2025-01-31T14:44:54.652+0000] {dagbag.py:588} INFO - Filling up the DagBag from /home/airflow/.local/lib/python3.12/site-packages/airflow/example_dags/example_display_name.py
[2025-01-31T14:44:54.658+0000] {processor.py:925} INFO - DAG(s) 'example_display_name' retrieved from /home/airflow/.local/lib/python3.12/site-packages/airflow/example_dags/example_display_name.py
[2025-01-31T14:44:54.675+0000] {logging_mixin.py:190} INFO - [2025-01-31T14:44:54.675+0000] {dag.py:3239} INFO - Sync 1 DAGs
[2025-01-31T14:44:54.688+0000] {logging_mixin.py:190} INFO - [2025-01-31T14:44:54.688+0000] {dag.py:4180} INFO - Setting next_dagrun for example_display_name to None, run_after=None
[2025-01-31T14:44:54.701+0000] {processor.py:208} INFO - Processing /home/airflow/.local/lib/python3.12/site-packages/airflow/example_dags/example_display_name.py took 0.056 seconds
[2025-01-31T14:45:25.408+0000] {processor.py:186} INFO - Started process (PID=2335) to work on /home/airflow/.local/lib/python3.12/site-packages/airflow/example_dags/example_display_name.py
[2025-01-31T14:45:25.408+0000] {processor.py:914} INFO - Processing file /home/airflow/.local/lib/python3.12/site-packages/airflow/example_dags/example_display_name.py for tasks to queue
[2025-01-31T14:45:25.410+0000] {logging_mixin.py:190} INFO - [2025-01-31T14:45:25.410+0000] {dagbag.py:588} INFO - Filling up the DagBag from /home/airflow/.local/lib/python3.12/site-packages/airflow/example_dags/example_display_name.py
[2025-01-31T14:45:25.416+0000] {processor.py:925} INFO - DAG(s) 'example_display_name' retrieved from /home/airflow/.local/lib/python3.12/site-packages/airflow/example_dags/example_display_name.py
[2025-01-31T14:45:25.432+0000] {logging_mixin.py:190} INFO - [2025-01-31T14:45:25.431+0000] {dag.py:3239} INFO - Sync 1 DAGs
[2025-01-31T14:45:25.444+0000] {logging_mixin.py:190} INFO - [2025-01-31T14:45:25.444+0000] {dag.py:4180} INFO - Setting next_dagrun for example_display_name to None, run_after=None
[2025-01-31T14:45:25.462+0000] {processor.py:208} INFO - Processing /home/airflow/.local/lib/python3.12/site-packages/airflow/example_dags/example_display_name.py took 0.060 seconds
[2025-01-31T14:45:56.170+0000] {processor.py:186} INFO - Started process (PID=2401) to work on /home/airflow/.local/lib/python3.12/site-packages/airflow/example_dags/example_display_name.py
[2025-01-31T14:45:56.171+0000] {processor.py:914} INFO - Processing file /home/airflow/.local/lib/python3.12/site-packages/airflow/example_dags/example_display_name.py for tasks to queue
[2025-01-31T14:45:56.173+0000] {logging_mixin.py:190} INFO - [2025-01-31T14:45:56.172+0000] {dagbag.py:588} INFO - Filling up the DagBag from /home/airflow/.local/lib/python3.12/site-packages/airflow/example_dags/example_display_name.py
[2025-01-31T14:45:56.178+0000] {processor.py:925} INFO - DAG(s) 'example_display_name' retrieved from /home/airflow/.local/lib/python3.12/site-packages/airflow/example_dags/example_display_name.py
[2025-01-31T14:45:56.195+0000] {logging_mixin.py:190} INFO - [2025-01-31T14:45:56.195+0000] {dag.py:3239} INFO - Sync 1 DAGs
[2025-01-31T14:45:56.210+0000] {logging_mixin.py:190} INFO - [2025-01-31T14:45:56.209+0000] {dag.py:4180} INFO - Setting next_dagrun for example_display_name to None, run_after=None
[2025-01-31T14:45:56.224+0000] {processor.py:208} INFO - Processing /home/airflow/.local/lib/python3.12/site-packages/airflow/example_dags/example_display_name.py took 0.059 seconds
[2025-01-31T14:46:27.127+0000] {processor.py:186} INFO - Started process (PID=2467) to work on /home/airflow/.local/lib/python3.12/site-packages/airflow/example_dags/example_display_name.py
[2025-01-31T14:46:27.128+0000] {processor.py:914} INFO - Processing file /home/airflow/.local/lib/python3.12/site-packages/airflow/example_dags/example_display_name.py for tasks to queue
[2025-01-31T14:46:27.130+0000] {logging_mixin.py:190} INFO - [2025-01-31T14:46:27.129+0000] {dagbag.py:588} INFO - Filling up the DagBag from /home/airflow/.local/lib/python3.12/site-packages/airflow/example_dags/example_display_name.py
[2025-01-31T14:46:27.136+0000] {processor.py:925} INFO - DAG(s) 'example_display_name' retrieved from /home/airflow/.local/lib/python3.12/site-packages/airflow/example_dags/example_display_name.py
[2025-01-31T14:46:27.151+0000] {logging_mixin.py:190} INFO - [2025-01-31T14:46:27.151+0000] {dag.py:3239} INFO - Sync 1 DAGs
[2025-01-31T14:46:27.162+0000] {logging_mixin.py:190} INFO - [2025-01-31T14:46:27.161+0000] {dag.py:4180} INFO - Setting next_dagrun for example_display_name to None, run_after=None
[2025-01-31T14:46:27.174+0000] {processor.py:208} INFO - Processing /home/airflow/.local/lib/python3.12/site-packages/airflow/example_dags/example_display_name.py took 0.052 seconds
[2025-01-31T14:46:57.671+0000] {processor.py:186} INFO - Started process (PID=2532) to work on /home/airflow/.local/lib/python3.12/site-packages/airflow/example_dags/example_display_name.py
[2025-01-31T14:46:57.672+0000] {processor.py:914} INFO - Processing file /home/airflow/.local/lib/python3.12/site-packages/airflow/example_dags/example_display_name.py for tasks to queue
[2025-01-31T14:46:57.674+0000] {logging_mixin.py:190} INFO - [2025-01-31T14:46:57.674+0000] {dagbag.py:588} INFO - Filling up the DagBag from /home/airflow/.local/lib/python3.12/site-packages/airflow/example_dags/example_display_name.py
[2025-01-31T14:46:57.683+0000] {processor.py:925} INFO - DAG(s) 'example_display_name' retrieved from /home/airflow/.local/lib/python3.12/site-packages/airflow/example_dags/example_display_name.py
[2025-01-31T14:46:57.701+0000] {logging_mixin.py:190} INFO - [2025-01-31T14:46:57.701+0000] {dag.py:3239} INFO - Sync 1 DAGs
[2025-01-31T14:46:57.714+0000] {logging_mixin.py:190} INFO - [2025-01-31T14:46:57.714+0000] {dag.py:4180} INFO - Setting next_dagrun for example_display_name to None, run_after=None
[2025-01-31T14:46:57.727+0000] {processor.py:208} INFO - Processing /home/airflow/.local/lib/python3.12/site-packages/airflow/example_dags/example_display_name.py took 0.062 seconds
[2025-01-31T14:47:28.652+0000] {processor.py:186} INFO - Started process (PID=2598) to work on /home/airflow/.local/lib/python3.12/site-packages/airflow/example_dags/example_display_name.py
[2025-01-31T14:47:28.652+0000] {processor.py:914} INFO - Processing file /home/airflow/.local/lib/python3.12/site-packages/airflow/example_dags/example_display_name.py for tasks to queue
[2025-01-31T14:47:28.654+0000] {logging_mixin.py:190} INFO - [2025-01-31T14:47:28.654+0000] {dagbag.py:588} INFO - Filling up the DagBag from /home/airflow/.local/lib/python3.12/site-packages/airflow/example_dags/example_display_name.py
[2025-01-31T14:47:28.660+0000] {processor.py:925} INFO - DAG(s) 'example_display_name' retrieved from /home/airflow/.local/lib/python3.12/site-packages/airflow/example_dags/example_display_name.py
[2025-01-31T14:47:28.674+0000] {logging_mixin.py:190} INFO - [2025-01-31T14:47:28.674+0000] {dag.py:3239} INFO - Sync 1 DAGs
[2025-01-31T14:47:28.684+0000] {logging_mixin.py:190} INFO - [2025-01-31T14:47:28.684+0000] {dag.py:4180} INFO - Setting next_dagrun for example_display_name to None, run_after=None
[2025-01-31T14:47:28.696+0000] {processor.py:208} INFO - Processing /home/airflow/.local/lib/python3.12/site-packages/airflow/example_dags/example_display_name.py took 0.049 seconds
[2025-01-31T14:47:59.645+0000] {processor.py:186} INFO - Started process (PID=2664) to work on /home/airflow/.local/lib/python3.12/site-packages/airflow/example_dags/example_display_name.py
[2025-01-31T14:47:59.645+0000] {processor.py:914} INFO - Processing file /home/airflow/.local/lib/python3.12/site-packages/airflow/example_dags/example_display_name.py for tasks to queue
[2025-01-31T14:47:59.647+0000] {logging_mixin.py:190} INFO - [2025-01-31T14:47:59.647+0000] {dagbag.py:588} INFO - Filling up the DagBag from /home/airflow/.local/lib/python3.12/site-packages/airflow/example_dags/example_display_name.py
[2025-01-31T14:47:59.653+0000] {processor.py:925} INFO - DAG(s) 'example_display_name' retrieved from /home/airflow/.local/lib/python3.12/site-packages/airflow/example_dags/example_display_name.py
[2025-01-31T14:47:59.668+0000] {logging_mixin.py:190} INFO - [2025-01-31T14:47:59.668+0000] {dag.py:3239} INFO - Sync 1 DAGs
[2025-01-31T14:47:59.678+0000] {logging_mixin.py:190} INFO - [2025-01-31T14:47:59.678+0000] {dag.py:4180} INFO - Setting next_dagrun for example_display_name to None, run_after=None
[2025-01-31T14:47:59.690+0000] {processor.py:208} INFO - Processing /home/airflow/.local/lib/python3.12/site-packages/airflow/example_dags/example_display_name.py took 0.050 seconds
[2025-01-31T14:48:30.362+0000] {processor.py:186} INFO - Started process (PID=2732) to work on /home/airflow/.local/lib/python3.12/site-packages/airflow/example_dags/example_display_name.py
[2025-01-31T14:48:30.362+0000] {processor.py:914} INFO - Processing file /home/airflow/.local/lib/python3.12/site-packages/airflow/example_dags/example_display_name.py for tasks to queue
[2025-01-31T14:48:30.364+0000] {logging_mixin.py:190} INFO - [2025-01-31T14:48:30.364+0000] {dagbag.py:588} INFO - Filling up the DagBag from /home/airflow/.local/lib/python3.12/site-packages/airflow/example_dags/example_display_name.py
[2025-01-31T14:48:30.371+0000] {processor.py:925} INFO - DAG(s) 'example_display_name' retrieved from /home/airflow/.local/lib/python3.12/site-packages/airflow/example_dags/example_display_name.py
[2025-01-31T14:48:30.386+0000] {logging_mixin.py:190} INFO - [2025-01-31T14:48:30.386+0000] {dag.py:3239} INFO - Sync 1 DAGs
[2025-01-31T14:48:30.397+0000] {logging_mixin.py:190} INFO - [2025-01-31T14:48:30.396+0000] {dag.py:4180} INFO - Setting next_dagrun for example_display_name to None, run_after=None
[2025-01-31T14:48:30.409+0000] {processor.py:208} INFO - Processing /home/airflow/.local/lib/python3.12/site-packages/airflow/example_dags/example_display_name.py took 0.054 seconds
[2025-01-31T14:49:01.273+0000] {processor.py:186} INFO - Started process (PID=2801) to work on /home/airflow/.local/lib/python3.12/site-packages/airflow/example_dags/example_display_name.py
[2025-01-31T14:49:01.274+0000] {processor.py:914} INFO - Processing file /home/airflow/.local/lib/python3.12/site-packages/airflow/example_dags/example_display_name.py for tasks to queue
[2025-01-31T14:49:01.276+0000] {logging_mixin.py:190} INFO - [2025-01-31T14:49:01.275+0000] {dagbag.py:588} INFO - Filling up the DagBag from /home/airflow/.local/lib/python3.12/site-packages/airflow/example_dags/example_display_name.py
[2025-01-31T14:49:01.282+0000] {processor.py:925} INFO - DAG(s) 'example_display_name' retrieved from /home/airflow/.local/lib/python3.12/site-packages/airflow/example_dags/example_display_name.py
[2025-01-31T14:49:01.298+0000] {logging_mixin.py:190} INFO - [2025-01-31T14:49:01.298+0000] {dag.py:3239} INFO - Sync 1 DAGs
[2025-01-31T14:49:01.311+0000] {logging_mixin.py:190} INFO - [2025-01-31T14:49:01.311+0000] {dag.py:4180} INFO - Setting next_dagrun for example_display_name to None, run_after=None
[2025-01-31T14:49:01.324+0000] {processor.py:208} INFO - Processing /home/airflow/.local/lib/python3.12/site-packages/airflow/example_dags/example_display_name.py took 0.057 seconds
[2025-01-31T14:49:32.213+0000] {processor.py:186} INFO - Started process (PID=2867) to work on /home/airflow/.local/lib/python3.12/site-packages/airflow/example_dags/example_display_name.py
[2025-01-31T14:49:32.214+0000] {processor.py:914} INFO - Processing file /home/airflow/.local/lib/python3.12/site-packages/airflow/example_dags/example_display_name.py for tasks to queue
[2025-01-31T14:49:32.215+0000] {logging_mixin.py:190} INFO - [2025-01-31T14:49:32.215+0000] {dagbag.py:588} INFO - Filling up the DagBag from /home/airflow/.local/lib/python3.12/site-packages/airflow/example_dags/example_display_name.py
[2025-01-31T14:49:32.221+0000] {processor.py:925} INFO - DAG(s) 'example_display_name' retrieved from /home/airflow/.local/lib/python3.12/site-packages/airflow/example_dags/example_display_name.py
[2025-01-31T14:49:32.236+0000] {logging_mixin.py:190} INFO - [2025-01-31T14:49:32.236+0000] {dag.py:3239} INFO - Sync 1 DAGs
[2025-01-31T14:49:32.250+0000] {logging_mixin.py:190} INFO - [2025-01-31T14:49:32.250+0000] {dag.py:4180} INFO - Setting next_dagrun for example_display_name to None, run_after=None
[2025-01-31T14:49:32.263+0000] {processor.py:208} INFO - Processing /home/airflow/.local/lib/python3.12/site-packages/airflow/example_dags/example_display_name.py took 0.054 seconds
[2025-01-31T14:50:03.392+0000] {processor.py:186} INFO - Started process (PID=2933) to work on /home/airflow/.local/lib/python3.12/site-packages/airflow/example_dags/example_display_name.py
[2025-01-31T14:50:03.393+0000] {processor.py:914} INFO - Processing file /home/airflow/.local/lib/python3.12/site-packages/airflow/example_dags/example_display_name.py for tasks to queue
[2025-01-31T14:50:03.394+0000] {logging_mixin.py:190} INFO - [2025-01-31T14:50:03.394+0000] {dagbag.py:588} INFO - Filling up the DagBag from /home/airflow/.local/lib/python3.12/site-packages/airflow/example_dags/example_display_name.py
[2025-01-31T14:50:03.400+0000] {processor.py:925} INFO - DAG(s) 'example_display_name' retrieved from /home/airflow/.local/lib/python3.12/site-packages/airflow/example_dags/example_display_name.py
[2025-01-31T14:50:03.414+0000] {logging_mixin.py:190} INFO - [2025-01-31T14:50:03.414+0000] {dag.py:3239} INFO - Sync 1 DAGs
[2025-01-31T14:50:03.429+0000] {logging_mixin.py:190} INFO - [2025-01-31T14:50:03.429+0000] {dag.py:4180} INFO - Setting next_dagrun for example_display_name to None, run_after=None
[2025-01-31T14:50:03.444+0000] {processor.py:208} INFO - Processing /home/airflow/.local/lib/python3.12/site-packages/airflow/example_dags/example_display_name.py took 0.056 seconds
[2025-01-31T14:50:34.249+0000] {processor.py:186} INFO - Started process (PID=2999) to work on /home/airflow/.local/lib/python3.12/site-packages/airflow/example_dags/example_display_name.py
[2025-01-31T14:50:34.249+0000] {processor.py:914} INFO - Processing file /home/airflow/.local/lib/python3.12/site-packages/airflow/example_dags/example_display_name.py for tasks to queue
[2025-01-31T14:50:34.251+0000] {logging_mixin.py:190} INFO - [2025-01-31T14:50:34.251+0000] {dagbag.py:588} INFO - Filling up the DagBag from /home/airflow/.local/lib/python3.12/site-packages/airflow/example_dags/example_display_name.py
[2025-01-31T14:50:34.257+0000] {processor.py:925} INFO - DAG(s) 'example_display_name' retrieved from /home/airflow/.local/lib/python3.12/site-packages/airflow/example_dags/example_display_name.py
[2025-01-31T14:50:34.273+0000] {logging_mixin.py:190} INFO - [2025-01-31T14:50:34.273+0000] {dag.py:3239} INFO - Sync 1 DAGs
[2025-01-31T14:50:34.287+0000] {logging_mixin.py:190} INFO - [2025-01-31T14:50:34.287+0000] {dag.py:4180} INFO - Setting next_dagrun for example_display_name to None, run_after=None
[2025-01-31T14:50:34.303+0000] {processor.py:208} INFO - Processing /home/airflow/.local/lib/python3.12/site-packages/airflow/example_dags/example_display_name.py took 0.058 seconds
[2025-01-31T14:51:04.773+0000] {processor.py:186} INFO - Started process (PID=3066) to work on /home/airflow/.local/lib/python3.12/site-packages/airflow/example_dags/example_display_name.py
[2025-01-31T14:51:04.774+0000] {processor.py:914} INFO - Processing file /home/airflow/.local/lib/python3.12/site-packages/airflow/example_dags/example_display_name.py for tasks to queue
[2025-01-31T14:51:04.775+0000] {logging_mixin.py:190} INFO - [2025-01-31T14:51:04.775+0000] {dagbag.py:588} INFO - Filling up the DagBag from /home/airflow/.local/lib/python3.12/site-packages/airflow/example_dags/example_display_name.py
[2025-01-31T14:51:04.782+0000] {processor.py:925} INFO - DAG(s) 'example_display_name' retrieved from /home/airflow/.local/lib/python3.12/site-packages/airflow/example_dags/example_display_name.py
[2025-01-31T14:51:04.796+0000] {logging_mixin.py:190} INFO - [2025-01-31T14:51:04.796+0000] {dag.py:3239} INFO - Sync 1 DAGs
[2025-01-31T14:51:04.807+0000] {logging_mixin.py:190} INFO - [2025-01-31T14:51:04.806+0000] {dag.py:4180} INFO - Setting next_dagrun for example_display_name to None, run_after=None
[2025-01-31T14:51:04.819+0000] {processor.py:208} INFO - Processing /home/airflow/.local/lib/python3.12/site-packages/airflow/example_dags/example_display_name.py took 0.051 seconds
[2025-01-31T14:51:35.803+0000] {processor.py:186} INFO - Started process (PID=3133) to work on /home/airflow/.local/lib/python3.12/site-packages/airflow/example_dags/example_display_name.py
[2025-01-31T14:51:35.804+0000] {processor.py:914} INFO - Processing file /home/airflow/.local/lib/python3.12/site-packages/airflow/example_dags/example_display_name.py for tasks to queue
[2025-01-31T14:51:35.806+0000] {logging_mixin.py:190} INFO - [2025-01-31T14:51:35.806+0000] {dagbag.py:588} INFO - Filling up the DagBag from /home/airflow/.local/lib/python3.12/site-packages/airflow/example_dags/example_display_name.py
[2025-01-31T14:51:35.814+0000] {processor.py:925} INFO - DAG(s) 'example_display_name' retrieved from /home/airflow/.local/lib/python3.12/site-packages/airflow/example_dags/example_display_name.py
[2025-01-31T14:51:35.834+0000] {logging_mixin.py:190} INFO - [2025-01-31T14:51:35.833+0000] {dag.py:3239} INFO - Sync 1 DAGs
[2025-01-31T14:51:35.850+0000] {logging_mixin.py:190} INFO - [2025-01-31T14:51:35.849+0000] {dag.py:4180} INFO - Setting next_dagrun for example_display_name to None, run_after=None
[2025-01-31T14:51:35.866+0000] {processor.py:208} INFO - Processing /home/airflow/.local/lib/python3.12/site-packages/airflow/example_dags/example_display_name.py took 0.069 seconds
[2025-01-31T14:52:06.081+0000] {processor.py:186} INFO - Started process (PID=3198) to work on /home/airflow/.local/lib/python3.12/site-packages/airflow/example_dags/example_display_name.py
[2025-01-31T14:52:06.081+0000] {processor.py:914} INFO - Processing file /home/airflow/.local/lib/python3.12/site-packages/airflow/example_dags/example_display_name.py for tasks to queue
[2025-01-31T14:52:06.083+0000] {logging_mixin.py:190} INFO - [2025-01-31T14:52:06.083+0000] {dagbag.py:588} INFO - Filling up the DagBag from /home/airflow/.local/lib/python3.12/site-packages/airflow/example_dags/example_display_name.py
[2025-01-31T14:52:06.089+0000] {processor.py:925} INFO - DAG(s) 'example_display_name' retrieved from /home/airflow/.local/lib/python3.12/site-packages/airflow/example_dags/example_display_name.py
[2025-01-31T14:52:06.105+0000] {logging_mixin.py:190} INFO - [2025-01-31T14:52:06.105+0000] {dag.py:3239} INFO - Sync 1 DAGs
[2025-01-31T14:52:06.120+0000] {logging_mixin.py:190} INFO - [2025-01-31T14:52:06.120+0000] {dag.py:4180} INFO - Setting next_dagrun for example_display_name to None, run_after=None
[2025-01-31T14:52:06.137+0000] {processor.py:208} INFO - Processing /home/airflow/.local/lib/python3.12/site-packages/airflow/example_dags/example_display_name.py took 0.061 seconds
[2025-01-31T14:52:36.966+0000] {processor.py:186} INFO - Started process (PID=3264) to work on /home/airflow/.local/lib/python3.12/site-packages/airflow/example_dags/example_display_name.py
[2025-01-31T14:52:36.966+0000] {processor.py:914} INFO - Processing file /home/airflow/.local/lib/python3.12/site-packages/airflow/example_dags/example_display_name.py for tasks to queue
[2025-01-31T14:52:36.968+0000] {logging_mixin.py:190} INFO - [2025-01-31T14:52:36.968+0000] {dagbag.py:588} INFO - Filling up the DagBag from /home/airflow/.local/lib/python3.12/site-packages/airflow/example_dags/example_display_name.py
[2025-01-31T14:52:36.974+0000] {processor.py:925} INFO - DAG(s) 'example_display_name' retrieved from /home/airflow/.local/lib/python3.12/site-packages/airflow/example_dags/example_display_name.py
[2025-01-31T14:52:36.990+0000] {logging_mixin.py:190} INFO - [2025-01-31T14:52:36.990+0000] {dag.py:3239} INFO - Sync 1 DAGs
[2025-01-31T14:52:37.001+0000] {logging_mixin.py:190} INFO - [2025-01-31T14:52:37.001+0000] {dag.py:4180} INFO - Setting next_dagrun for example_display_name to None, run_after=None
[2025-01-31T14:52:37.013+0000] {processor.py:208} INFO - Processing /home/airflow/.local/lib/python3.12/site-packages/airflow/example_dags/example_display_name.py took 0.052 seconds
[2025-01-31T14:53:08.156+0000] {processor.py:186} INFO - Started process (PID=3329) to work on /home/airflow/.local/lib/python3.12/site-packages/airflow/example_dags/example_display_name.py
[2025-01-31T14:53:08.156+0000] {processor.py:914} INFO - Processing file /home/airflow/.local/lib/python3.12/site-packages/airflow/example_dags/example_display_name.py for tasks to queue
[2025-01-31T14:53:08.158+0000] {logging_mixin.py:190} INFO - [2025-01-31T14:53:08.157+0000] {dagbag.py:588} INFO - Filling up the DagBag from /home/airflow/.local/lib/python3.12/site-packages/airflow/example_dags/example_display_name.py
[2025-01-31T14:53:08.163+0000] {processor.py:925} INFO - DAG(s) 'example_display_name' retrieved from /home/airflow/.local/lib/python3.12/site-packages/airflow/example_dags/example_display_name.py
[2025-01-31T14:53:08.180+0000] {logging_mixin.py:190} INFO - [2025-01-31T14:53:08.180+0000] {dag.py:3239} INFO - Sync 1 DAGs
[2025-01-31T14:53:08.192+0000] {logging_mixin.py:190} INFO - [2025-01-31T14:53:08.192+0000] {dag.py:4180} INFO - Setting next_dagrun for example_display_name to None, run_after=None
[2025-01-31T14:53:08.208+0000] {processor.py:208} INFO - Processing /home/airflow/.local/lib/python3.12/site-packages/airflow/example_dags/example_display_name.py took 0.057 seconds
[2025-01-31T14:53:39.732+0000] {processor.py:186} INFO - Started process (PID=3395) to work on /home/airflow/.local/lib/python3.12/site-packages/airflow/example_dags/example_display_name.py
[2025-01-31T14:53:39.732+0000] {processor.py:914} INFO - Processing file /home/airflow/.local/lib/python3.12/site-packages/airflow/example_dags/example_display_name.py for tasks to queue
[2025-01-31T14:53:39.734+0000] {logging_mixin.py:190} INFO - [2025-01-31T14:53:39.734+0000] {dagbag.py:588} INFO - Filling up the DagBag from /home/airflow/.local/lib/python3.12/site-packages/airflow/example_dags/example_display_name.py
[2025-01-31T14:53:39.740+0000] {processor.py:925} INFO - DAG(s) 'example_display_name' retrieved from /home/airflow/.local/lib/python3.12/site-packages/airflow/example_dags/example_display_name.py
[2025-01-31T14:53:39.757+0000] {logging_mixin.py:190} INFO - [2025-01-31T14:53:39.757+0000] {dag.py:3239} INFO - Sync 1 DAGs
[2025-01-31T14:53:39.770+0000] {logging_mixin.py:190} INFO - [2025-01-31T14:53:39.770+0000] {dag.py:4180} INFO - Setting next_dagrun for example_display_name to None, run_after=None
[2025-01-31T14:53:39.783+0000] {processor.py:208} INFO - Processing /home/airflow/.local/lib/python3.12/site-packages/airflow/example_dags/example_display_name.py took 0.056 seconds
[2025-01-31T14:54:10.492+0000] {processor.py:186} INFO - Started process (PID=3461) to work on /home/airflow/.local/lib/python3.12/site-packages/airflow/example_dags/example_display_name.py
[2025-01-31T14:54:10.493+0000] {processor.py:914} INFO - Processing file /home/airflow/.local/lib/python3.12/site-packages/airflow/example_dags/example_display_name.py for tasks to queue
[2025-01-31T14:54:10.494+0000] {logging_mixin.py:190} INFO - [2025-01-31T14:54:10.494+0000] {dagbag.py:588} INFO - Filling up the DagBag from /home/airflow/.local/lib/python3.12/site-packages/airflow/example_dags/example_display_name.py
[2025-01-31T14:54:10.500+0000] {processor.py:925} INFO - DAG(s) 'example_display_name' retrieved from /home/airflow/.local/lib/python3.12/site-packages/airflow/example_dags/example_display_name.py
[2025-01-31T14:54:10.514+0000] {logging_mixin.py:190} INFO - [2025-01-31T14:54:10.514+0000] {dag.py:3239} INFO - Sync 1 DAGs
[2025-01-31T14:54:10.525+0000] {logging_mixin.py:190} INFO - [2025-01-31T14:54:10.524+0000] {dag.py:4180} INFO - Setting next_dagrun for example_display_name to None, run_after=None
[2025-01-31T14:54:10.537+0000] {processor.py:208} INFO - Processing /home/airflow/.local/lib/python3.12/site-packages/airflow/example_dags/example_display_name.py took 0.049 seconds
[2025-01-31T14:54:43.198+0000] {processor.py:186} INFO - Started process (PID=3528) to work on /home/airflow/.local/lib/python3.12/site-packages/airflow/example_dags/example_display_name.py
[2025-01-31T14:54:43.199+0000] {processor.py:914} INFO - Processing file /home/airflow/.local/lib/python3.12/site-packages/airflow/example_dags/example_display_name.py for tasks to queue
[2025-01-31T14:54:43.200+0000] {logging_mixin.py:190} INFO - [2025-01-31T14:54:43.200+0000] {dagbag.py:588} INFO - Filling up the DagBag from /home/airflow/.local/lib/python3.12/site-packages/airflow/example_dags/example_display_name.py
[2025-01-31T14:54:43.357+0000] {processor.py:925} INFO - DAG(s) 'example_display_name' retrieved from /home/airflow/.local/lib/python3.12/site-packages/airflow/example_dags/example_display_name.py
[2025-01-31T14:54:43.371+0000] {logging_mixin.py:190} INFO - [2025-01-31T14:54:43.370+0000] {dag.py:3239} INFO - Sync 1 DAGs
[2025-01-31T14:54:43.384+0000] {logging_mixin.py:190} INFO - [2025-01-31T14:54:43.384+0000] {dag.py:4180} INFO - Setting next_dagrun for example_display_name to None, run_after=None
[2025-01-31T14:54:43.396+0000] {processor.py:208} INFO - Processing /home/airflow/.local/lib/python3.12/site-packages/airflow/example_dags/example_display_name.py took 0.203 seconds
[2025-01-31T14:55:13.655+0000] {processor.py:186} INFO - Started process (PID=3594) to work on /home/airflow/.local/lib/python3.12/site-packages/airflow/example_dags/example_display_name.py
[2025-01-31T14:55:13.655+0000] {processor.py:914} INFO - Processing file /home/airflow/.local/lib/python3.12/site-packages/airflow/example_dags/example_display_name.py for tasks to queue
[2025-01-31T14:55:13.657+0000] {logging_mixin.py:190} INFO - [2025-01-31T14:55:13.656+0000] {dagbag.py:588} INFO - Filling up the DagBag from /home/airflow/.local/lib/python3.12/site-packages/airflow/example_dags/example_display_name.py
[2025-01-31T14:55:13.663+0000] {processor.py:925} INFO - DAG(s) 'example_display_name' retrieved from /home/airflow/.local/lib/python3.12/site-packages/airflow/example_dags/example_display_name.py
[2025-01-31T14:55:13.680+0000] {logging_mixin.py:190} INFO - [2025-01-31T14:55:13.680+0000] {dag.py:3239} INFO - Sync 1 DAGs
[2025-01-31T14:55:13.694+0000] {logging_mixin.py:190} INFO - [2025-01-31T14:55:13.693+0000] {dag.py:4180} INFO - Setting next_dagrun for example_display_name to None, run_after=None
[2025-01-31T14:55:13.707+0000] {processor.py:208} INFO - Processing /home/airflow/.local/lib/python3.12/site-packages/airflow/example_dags/example_display_name.py took 0.057 seconds
[2025-01-31T14:55:44.180+0000] {processor.py:186} INFO - Started process (PID=3666) to work on /home/airflow/.local/lib/python3.12/site-packages/airflow/example_dags/example_display_name.py
[2025-01-31T14:55:44.180+0000] {processor.py:914} INFO - Processing file /home/airflow/.local/lib/python3.12/site-packages/airflow/example_dags/example_display_name.py for tasks to queue
[2025-01-31T14:55:44.182+0000] {logging_mixin.py:190} INFO - [2025-01-31T14:55:44.181+0000] {dagbag.py:588} INFO - Filling up the DagBag from /home/airflow/.local/lib/python3.12/site-packages/airflow/example_dags/example_display_name.py
[2025-01-31T14:55:44.188+0000] {processor.py:925} INFO - DAG(s) 'example_display_name' retrieved from /home/airflow/.local/lib/python3.12/site-packages/airflow/example_dags/example_display_name.py
[2025-01-31T14:55:44.204+0000] {logging_mixin.py:190} INFO - [2025-01-31T14:55:44.203+0000] {dag.py:3239} INFO - Sync 1 DAGs
[2025-01-31T14:55:44.219+0000] {logging_mixin.py:190} INFO - [2025-01-31T14:55:44.219+0000] {dag.py:4180} INFO - Setting next_dagrun for example_display_name to None, run_after=None
[2025-01-31T14:55:44.237+0000] {processor.py:208} INFO - Processing /home/airflow/.local/lib/python3.12/site-packages/airflow/example_dags/example_display_name.py took 0.062 seconds
[2025-01-31T14:56:14.967+0000] {processor.py:186} INFO - Started process (PID=3733) to work on /home/airflow/.local/lib/python3.12/site-packages/airflow/example_dags/example_display_name.py
[2025-01-31T14:56:14.967+0000] {processor.py:914} INFO - Processing file /home/airflow/.local/lib/python3.12/site-packages/airflow/example_dags/example_display_name.py for tasks to queue
[2025-01-31T14:56:14.969+0000] {logging_mixin.py:190} INFO - [2025-01-31T14:56:14.969+0000] {dagbag.py:588} INFO - Filling up the DagBag from /home/airflow/.local/lib/python3.12/site-packages/airflow/example_dags/example_display_name.py
[2025-01-31T14:56:14.975+0000] {processor.py:925} INFO - DAG(s) 'example_display_name' retrieved from /home/airflow/.local/lib/python3.12/site-packages/airflow/example_dags/example_display_name.py
[2025-01-31T14:56:14.990+0000] {logging_mixin.py:190} INFO - [2025-01-31T14:56:14.990+0000] {dag.py:3239} INFO - Sync 1 DAGs
[2025-01-31T14:56:15.002+0000] {logging_mixin.py:190} INFO - [2025-01-31T14:56:15.001+0000] {dag.py:4180} INFO - Setting next_dagrun for example_display_name to None, run_after=None
[2025-01-31T14:56:15.014+0000] {processor.py:208} INFO - Processing /home/airflow/.local/lib/python3.12/site-packages/airflow/example_dags/example_display_name.py took 0.053 seconds
[2025-01-31T14:56:45.926+0000] {processor.py:186} INFO - Started process (PID=3799) to work on /home/airflow/.local/lib/python3.12/site-packages/airflow/example_dags/example_display_name.py
[2025-01-31T14:56:45.926+0000] {processor.py:914} INFO - Processing file /home/airflow/.local/lib/python3.12/site-packages/airflow/example_dags/example_display_name.py for tasks to queue
[2025-01-31T14:56:45.928+0000] {logging_mixin.py:190} INFO - [2025-01-31T14:56:45.927+0000] {dagbag.py:588} INFO - Filling up the DagBag from /home/airflow/.local/lib/python3.12/site-packages/airflow/example_dags/example_display_name.py
[2025-01-31T14:56:45.933+0000] {processor.py:925} INFO - DAG(s) 'example_display_name' retrieved from /home/airflow/.local/lib/python3.12/site-packages/airflow/example_dags/example_display_name.py
[2025-01-31T14:56:45.947+0000] {logging_mixin.py:190} INFO - [2025-01-31T14:56:45.947+0000] {dag.py:3239} INFO - Sync 1 DAGs
[2025-01-31T14:56:45.957+0000] {logging_mixin.py:190} INFO - [2025-01-31T14:56:45.957+0000] {dag.py:4180} INFO - Setting next_dagrun for example_display_name to None, run_after=None
[2025-01-31T14:56:45.969+0000] {processor.py:208} INFO - Processing /home/airflow/.local/lib/python3.12/site-packages/airflow/example_dags/example_display_name.py took 0.048 seconds
[2025-01-31T14:57:16.734+0000] {processor.py:186} INFO - Started process (PID=3869) to work on /home/airflow/.local/lib/python3.12/site-packages/airflow/example_dags/example_display_name.py
[2025-01-31T14:57:16.734+0000] {processor.py:914} INFO - Processing file /home/airflow/.local/lib/python3.12/site-packages/airflow/example_dags/example_display_name.py for tasks to queue
[2025-01-31T14:57:16.736+0000] {logging_mixin.py:190} INFO - [2025-01-31T14:57:16.736+0000] {dagbag.py:588} INFO - Filling up the DagBag from /home/airflow/.local/lib/python3.12/site-packages/airflow/example_dags/example_display_name.py
[2025-01-31T14:57:16.742+0000] {processor.py:925} INFO - DAG(s) 'example_display_name' retrieved from /home/airflow/.local/lib/python3.12/site-packages/airflow/example_dags/example_display_name.py
[2025-01-31T14:57:16.758+0000] {logging_mixin.py:190} INFO - [2025-01-31T14:57:16.758+0000] {dag.py:3239} INFO - Sync 1 DAGs
[2025-01-31T14:57:16.771+0000] {logging_mixin.py:190} INFO - [2025-01-31T14:57:16.770+0000] {dag.py:4180} INFO - Setting next_dagrun for example_display_name to None, run_after=None
[2025-01-31T14:57:16.783+0000] {processor.py:208} INFO - Processing /home/airflow/.local/lib/python3.12/site-packages/airflow/example_dags/example_display_name.py took 0.054 seconds
[2025-01-31T14:57:47.412+0000] {processor.py:186} INFO - Started process (PID=3935) to work on /home/airflow/.local/lib/python3.12/site-packages/airflow/example_dags/example_display_name.py
[2025-01-31T14:57:47.412+0000] {processor.py:914} INFO - Processing file /home/airflow/.local/lib/python3.12/site-packages/airflow/example_dags/example_display_name.py for tasks to queue
[2025-01-31T14:57:47.414+0000] {logging_mixin.py:190} INFO - [2025-01-31T14:57:47.414+0000] {dagbag.py:588} INFO - Filling up the DagBag from /home/airflow/.local/lib/python3.12/site-packages/airflow/example_dags/example_display_name.py
[2025-01-31T14:57:47.420+0000] {processor.py:925} INFO - DAG(s) 'example_display_name' retrieved from /home/airflow/.local/lib/python3.12/site-packages/airflow/example_dags/example_display_name.py
[2025-01-31T14:57:47.434+0000] {logging_mixin.py:190} INFO - [2025-01-31T14:57:47.434+0000] {dag.py:3239} INFO - Sync 1 DAGs
[2025-01-31T14:57:47.445+0000] {logging_mixin.py:190} INFO - [2025-01-31T14:57:47.445+0000] {dag.py:4180} INFO - Setting next_dagrun for example_display_name to None, run_after=None
[2025-01-31T14:57:47.459+0000] {processor.py:208} INFO - Processing /home/airflow/.local/lib/python3.12/site-packages/airflow/example_dags/example_display_name.py took 0.052 seconds
[2025-01-31T14:58:18.179+0000] {processor.py:186} INFO - Started process (PID=4001) to work on /home/airflow/.local/lib/python3.12/site-packages/airflow/example_dags/example_display_name.py
[2025-01-31T14:58:18.179+0000] {processor.py:914} INFO - Processing file /home/airflow/.local/lib/python3.12/site-packages/airflow/example_dags/example_display_name.py for tasks to queue
[2025-01-31T14:58:18.181+0000] {logging_mixin.py:190} INFO - [2025-01-31T14:58:18.181+0000] {dagbag.py:588} INFO - Filling up the DagBag from /home/airflow/.local/lib/python3.12/site-packages/airflow/example_dags/example_display_name.py
[2025-01-31T14:58:18.189+0000] {processor.py:925} INFO - DAG(s) 'example_display_name' retrieved from /home/airflow/.local/lib/python3.12/site-packages/airflow/example_dags/example_display_name.py
[2025-01-31T14:58:18.210+0000] {logging_mixin.py:190} INFO - [2025-01-31T14:58:18.210+0000] {dag.py:3239} INFO - Sync 1 DAGs
[2025-01-31T14:58:18.223+0000] {logging_mixin.py:190} INFO - [2025-01-31T14:58:18.223+0000] {dag.py:4180} INFO - Setting next_dagrun for example_display_name to None, run_after=None
[2025-01-31T14:58:18.235+0000] {processor.py:208} INFO - Processing /home/airflow/.local/lib/python3.12/site-packages/airflow/example_dags/example_display_name.py took 0.062 seconds
[2025-01-31T14:58:49.004+0000] {processor.py:186} INFO - Started process (PID=4067) to work on /home/airflow/.local/lib/python3.12/site-packages/airflow/example_dags/example_display_name.py
[2025-01-31T14:58:49.005+0000] {processor.py:914} INFO - Processing file /home/airflow/.local/lib/python3.12/site-packages/airflow/example_dags/example_display_name.py for tasks to queue
[2025-01-31T14:58:49.006+0000] {logging_mixin.py:190} INFO - [2025-01-31T14:58:49.006+0000] {dagbag.py:588} INFO - Filling up the DagBag from /home/airflow/.local/lib/python3.12/site-packages/airflow/example_dags/example_display_name.py
[2025-01-31T14:58:49.012+0000] {processor.py:925} INFO - DAG(s) 'example_display_name' retrieved from /home/airflow/.local/lib/python3.12/site-packages/airflow/example_dags/example_display_name.py
[2025-01-31T14:58:49.027+0000] {logging_mixin.py:190} INFO - [2025-01-31T14:58:49.026+0000] {dag.py:3239} INFO - Sync 1 DAGs
[2025-01-31T14:58:49.037+0000] {logging_mixin.py:190} INFO - [2025-01-31T14:58:49.037+0000] {dag.py:4180} INFO - Setting next_dagrun for example_display_name to None, run_after=None
[2025-01-31T14:58:49.050+0000] {processor.py:208} INFO - Processing /home/airflow/.local/lib/python3.12/site-packages/airflow/example_dags/example_display_name.py took 0.050 seconds
[2025-01-31T14:59:19.874+0000] {processor.py:186} INFO - Started process (PID=4133) to work on /home/airflow/.local/lib/python3.12/site-packages/airflow/example_dags/example_display_name.py
[2025-01-31T14:59:19.874+0000] {processor.py:914} INFO - Processing file /home/airflow/.local/lib/python3.12/site-packages/airflow/example_dags/example_display_name.py for tasks to queue
[2025-01-31T14:59:19.876+0000] {logging_mixin.py:190} INFO - [2025-01-31T14:59:19.876+0000] {dagbag.py:588} INFO - Filling up the DagBag from /home/airflow/.local/lib/python3.12/site-packages/airflow/example_dags/example_display_name.py
[2025-01-31T14:59:19.884+0000] {processor.py:925} INFO - DAG(s) 'example_display_name' retrieved from /home/airflow/.local/lib/python3.12/site-packages/airflow/example_dags/example_display_name.py
[2025-01-31T14:59:19.905+0000] {logging_mixin.py:190} INFO - [2025-01-31T14:59:19.905+0000] {dag.py:3239} INFO - Sync 1 DAGs
[2025-01-31T14:59:19.921+0000] {logging_mixin.py:190} INFO - [2025-01-31T14:59:19.921+0000] {dag.py:4180} INFO - Setting next_dagrun for example_display_name to None, run_after=None
[2025-01-31T14:59:19.938+0000] {processor.py:208} INFO - Processing /home/airflow/.local/lib/python3.12/site-packages/airflow/example_dags/example_display_name.py took 0.070 seconds
[2025-01-31T14:59:50.610+0000] {processor.py:186} INFO - Started process (PID=4199) to work on /home/airflow/.local/lib/python3.12/site-packages/airflow/example_dags/example_display_name.py
[2025-01-31T14:59:50.611+0000] {processor.py:914} INFO - Processing file /home/airflow/.local/lib/python3.12/site-packages/airflow/example_dags/example_display_name.py for tasks to queue
[2025-01-31T14:59:50.613+0000] {logging_mixin.py:190} INFO - [2025-01-31T14:59:50.613+0000] {dagbag.py:588} INFO - Filling up the DagBag from /home/airflow/.local/lib/python3.12/site-packages/airflow/example_dags/example_display_name.py
[2025-01-31T14:59:50.621+0000] {processor.py:925} INFO - DAG(s) 'example_display_name' retrieved from /home/airflow/.local/lib/python3.12/site-packages/airflow/example_dags/example_display_name.py
[2025-01-31T14:59:50.641+0000] {logging_mixin.py:190} INFO - [2025-01-31T14:59:50.641+0000] {dag.py:3239} INFO - Sync 1 DAGs
[2025-01-31T14:59:50.654+0000] {logging_mixin.py:190} INFO - [2025-01-31T14:59:50.654+0000] {dag.py:4180} INFO - Setting next_dagrun for example_display_name to None, run_after=None
[2025-01-31T14:59:50.672+0000] {processor.py:208} INFO - Processing /home/airflow/.local/lib/python3.12/site-packages/airflow/example_dags/example_display_name.py took 0.068 seconds
[2025-01-31T15:00:21.667+0000] {processor.py:186} INFO - Started process (PID=4264) to work on /home/airflow/.local/lib/python3.12/site-packages/airflow/example_dags/example_display_name.py
[2025-01-31T15:00:21.667+0000] {processor.py:914} INFO - Processing file /home/airflow/.local/lib/python3.12/site-packages/airflow/example_dags/example_display_name.py for tasks to queue
[2025-01-31T15:00:21.669+0000] {logging_mixin.py:190} INFO - [2025-01-31T15:00:21.669+0000] {dagbag.py:588} INFO - Filling up the DagBag from /home/airflow/.local/lib/python3.12/site-packages/airflow/example_dags/example_display_name.py
[2025-01-31T15:00:21.677+0000] {processor.py:925} INFO - DAG(s) 'example_display_name' retrieved from /home/airflow/.local/lib/python3.12/site-packages/airflow/example_dags/example_display_name.py
[2025-01-31T15:00:21.697+0000] {logging_mixin.py:190} INFO - [2025-01-31T15:00:21.697+0000] {dag.py:3239} INFO - Sync 1 DAGs
[2025-01-31T15:00:21.711+0000] {logging_mixin.py:190} INFO - [2025-01-31T15:00:21.711+0000] {dag.py:4180} INFO - Setting next_dagrun for example_display_name to None, run_after=None
[2025-01-31T15:00:21.726+0000] {processor.py:208} INFO - Processing /home/airflow/.local/lib/python3.12/site-packages/airflow/example_dags/example_display_name.py took 0.065 seconds
[2025-01-31T15:00:52.789+0000] {processor.py:186} INFO - Started process (PID=4330) to work on /home/airflow/.local/lib/python3.12/site-packages/airflow/example_dags/example_display_name.py
[2025-01-31T15:00:52.790+0000] {processor.py:914} INFO - Processing file /home/airflow/.local/lib/python3.12/site-packages/airflow/example_dags/example_display_name.py for tasks to queue
[2025-01-31T15:00:52.792+0000] {logging_mixin.py:190} INFO - [2025-01-31T15:00:52.792+0000] {dagbag.py:588} INFO - Filling up the DagBag from /home/airflow/.local/lib/python3.12/site-packages/airflow/example_dags/example_display_name.py
[2025-01-31T15:00:52.801+0000] {processor.py:925} INFO - DAG(s) 'example_display_name' retrieved from /home/airflow/.local/lib/python3.12/site-packages/airflow/example_dags/example_display_name.py
[2025-01-31T15:00:52.828+0000] {logging_mixin.py:190} INFO - [2025-01-31T15:00:52.827+0000] {dag.py:3239} INFO - Sync 1 DAGs
[2025-01-31T15:00:52.843+0000] {logging_mixin.py:190} INFO - [2025-01-31T15:00:52.843+0000] {dag.py:4180} INFO - Setting next_dagrun for example_display_name to None, run_after=None
[2025-01-31T15:00:52.864+0000] {processor.py:208} INFO - Processing /home/airflow/.local/lib/python3.12/site-packages/airflow/example_dags/example_display_name.py took 0.081 seconds
[2025-01-31T15:01:23.752+0000] {processor.py:186} INFO - Started process (PID=4396) to work on /home/airflow/.local/lib/python3.12/site-packages/airflow/example_dags/example_display_name.py
[2025-01-31T15:01:23.753+0000] {processor.py:914} INFO - Processing file /home/airflow/.local/lib/python3.12/site-packages/airflow/example_dags/example_display_name.py for tasks to queue
[2025-01-31T15:01:23.755+0000] {logging_mixin.py:190} INFO - [2025-01-31T15:01:23.755+0000] {dagbag.py:588} INFO - Filling up the DagBag from /home/airflow/.local/lib/python3.12/site-packages/airflow/example_dags/example_display_name.py
[2025-01-31T15:01:23.763+0000] {processor.py:925} INFO - DAG(s) 'example_display_name' retrieved from /home/airflow/.local/lib/python3.12/site-packages/airflow/example_dags/example_display_name.py
[2025-01-31T15:01:23.781+0000] {logging_mixin.py:190} INFO - [2025-01-31T15:01:23.781+0000] {dag.py:3239} INFO - Sync 1 DAGs
[2025-01-31T15:01:23.796+0000] {logging_mixin.py:190} INFO - [2025-01-31T15:01:23.795+0000] {dag.py:4180} INFO - Setting next_dagrun for example_display_name to None, run_after=None
[2025-01-31T15:01:23.811+0000] {processor.py:208} INFO - Processing /home/airflow/.local/lib/python3.12/site-packages/airflow/example_dags/example_display_name.py took 0.064 seconds
