[2025-01-31T14:27:45.812+0000] {processor.py:186} INFO - Started process (PID=90) to work on /home/airflow/.local/lib/python3.12/site-packages/airflow/example_dags/example_latest_only_with_trigger.py
[2025-01-31T14:27:45.812+0000] {processor.py:914} INFO - Processing file /home/airflow/.local/lib/python3.12/site-packages/airflow/example_dags/example_latest_only_with_trigger.py for tasks to queue
[2025-01-31T14:27:45.814+0000] {logging_mixin.py:190} INFO - [2025-01-31T14:27:45.814+0000] {dagbag.py:588} INFO - Filling up the DagBag from /home/airflow/.local/lib/python3.12/site-packages/airflow/example_dags/example_latest_only_with_trigger.py
[2025-01-31T14:27:45.822+0000] {processor.py:925} INFO - DAG(s) 'latest_only_with_trigger' retrieved from /home/airflow/.local/lib/python3.12/site-packages/airflow/example_dags/example_latest_only_with_trigger.py
[2025-01-31T14:27:45.942+0000] {logging_mixin.py:190} INFO - [2025-01-31T14:27:45.941+0000] {override.py:1911} INFO - Created Permission View: can delete on DAG:latest_only_with_trigger
[2025-01-31T14:27:45.950+0000] {logging_mixin.py:190} INFO - [2025-01-31T14:27:45.950+0000] {override.py:1911} INFO - Created Permission View: can edit on DAG:latest_only_with_trigger
[2025-01-31T14:27:45.956+0000] {logging_mixin.py:190} INFO - [2025-01-31T14:27:45.955+0000] {override.py:1911} INFO - Created Permission View: can read on DAG:latest_only_with_trigger
[2025-01-31T14:27:45.961+0000] {logging_mixin.py:190} INFO - [2025-01-31T14:27:45.961+0000] {override.py:1911} INFO - Created Permission View: menu access on DAG Run:latest_only_with_trigger
[2025-01-31T14:27:45.966+0000] {logging_mixin.py:190} INFO - [2025-01-31T14:27:45.966+0000] {override.py:1911} INFO - Created Permission View: can create on DAG Run:latest_only_with_trigger
[2025-01-31T14:27:45.972+0000] {logging_mixin.py:190} INFO - [2025-01-31T14:27:45.972+0000] {override.py:1911} INFO - Created Permission View: can delete on DAG Run:latest_only_with_trigger
[2025-01-31T14:27:45.977+0000] {logging_mixin.py:190} INFO - [2025-01-31T14:27:45.977+0000] {override.py:1911} INFO - Created Permission View: can read on DAG Run:latest_only_with_trigger
[2025-01-31T14:27:45.977+0000] {logging_mixin.py:190} INFO - [2025-01-31T14:27:45.977+0000] {dag.py:3239} INFO - Sync 1 DAGs
[2025-01-31T14:27:45.992+0000] {logging_mixin.py:190} INFO - [2025-01-31T14:27:45.991+0000] {dag.py:3262} INFO - Creating ORM DAG for latest_only_with_trigger
[2025-01-31T14:27:46.002+0000] {logging_mixin.py:190} INFO - [2025-01-31T14:27:46.002+0000] {dag.py:4180} INFO - Setting next_dagrun for latest_only_with_trigger to 2025-01-31 08:00:00+00:00, run_after=2025-01-31 12:00:00+00:00
[2025-01-31T14:27:46.017+0000] {processor.py:208} INFO - Processing /home/airflow/.local/lib/python3.12/site-packages/airflow/example_dags/example_latest_only_with_trigger.py took 0.211 seconds
[2025-01-31T14:28:16.723+0000] {processor.py:186} INFO - Started process (PID=155) to work on /home/airflow/.local/lib/python3.12/site-packages/airflow/example_dags/example_latest_only_with_trigger.py
[2025-01-31T14:28:16.724+0000] {processor.py:914} INFO - Processing file /home/airflow/.local/lib/python3.12/site-packages/airflow/example_dags/example_latest_only_with_trigger.py for tasks to queue
[2025-01-31T14:28:16.725+0000] {logging_mixin.py:190} INFO - [2025-01-31T14:28:16.725+0000] {dagbag.py:588} INFO - Filling up the DagBag from /home/airflow/.local/lib/python3.12/site-packages/airflow/example_dags/example_latest_only_with_trigger.py
[2025-01-31T14:28:16.731+0000] {processor.py:925} INFO - DAG(s) 'latest_only_with_trigger' retrieved from /home/airflow/.local/lib/python3.12/site-packages/airflow/example_dags/example_latest_only_with_trigger.py
[2025-01-31T14:28:16.747+0000] {logging_mixin.py:190} INFO - [2025-01-31T14:28:16.747+0000] {dag.py:3239} INFO - Sync 1 DAGs
[2025-01-31T14:28:16.765+0000] {logging_mixin.py:190} INFO - [2025-01-31T14:28:16.764+0000] {dag.py:4180} INFO - Setting next_dagrun for latest_only_with_trigger to 2025-01-31 08:00:00+00:00, run_after=2025-01-31 12:00:00+00:00
[2025-01-31T14:28:16.776+0000] {processor.py:208} INFO - Processing /home/airflow/.local/lib/python3.12/site-packages/airflow/example_dags/example_latest_only_with_trigger.py took 0.058 seconds
[2025-01-31T14:28:47.746+0000] {processor.py:186} INFO - Started process (PID=220) to work on /home/airflow/.local/lib/python3.12/site-packages/airflow/example_dags/example_latest_only_with_trigger.py
[2025-01-31T14:28:47.746+0000] {processor.py:914} INFO - Processing file /home/airflow/.local/lib/python3.12/site-packages/airflow/example_dags/example_latest_only_with_trigger.py for tasks to queue
[2025-01-31T14:28:47.748+0000] {logging_mixin.py:190} INFO - [2025-01-31T14:28:47.748+0000] {dagbag.py:588} INFO - Filling up the DagBag from /home/airflow/.local/lib/python3.12/site-packages/airflow/example_dags/example_latest_only_with_trigger.py
[2025-01-31T14:28:47.753+0000] {processor.py:925} INFO - DAG(s) 'latest_only_with_trigger' retrieved from /home/airflow/.local/lib/python3.12/site-packages/airflow/example_dags/example_latest_only_with_trigger.py
[2025-01-31T14:28:47.769+0000] {logging_mixin.py:190} INFO - [2025-01-31T14:28:47.769+0000] {dag.py:3239} INFO - Sync 1 DAGs
[2025-01-31T14:28:47.786+0000] {logging_mixin.py:190} INFO - [2025-01-31T14:28:47.786+0000] {dag.py:4180} INFO - Setting next_dagrun for latest_only_with_trigger to 2025-01-31 08:00:00+00:00, run_after=2025-01-31 12:00:00+00:00
[2025-01-31T14:28:47.798+0000] {processor.py:208} INFO - Processing /home/airflow/.local/lib/python3.12/site-packages/airflow/example_dags/example_latest_only_with_trigger.py took 0.056 seconds
[2025-01-31T14:29:18.203+0000] {processor.py:186} INFO - Started process (PID=286) to work on /home/airflow/.local/lib/python3.12/site-packages/airflow/example_dags/example_latest_only_with_trigger.py
[2025-01-31T14:29:18.204+0000] {processor.py:914} INFO - Processing file /home/airflow/.local/lib/python3.12/site-packages/airflow/example_dags/example_latest_only_with_trigger.py for tasks to queue
[2025-01-31T14:29:18.205+0000] {logging_mixin.py:190} INFO - [2025-01-31T14:29:18.205+0000] {dagbag.py:588} INFO - Filling up the DagBag from /home/airflow/.local/lib/python3.12/site-packages/airflow/example_dags/example_latest_only_with_trigger.py
[2025-01-31T14:29:18.211+0000] {processor.py:925} INFO - DAG(s) 'latest_only_with_trigger' retrieved from /home/airflow/.local/lib/python3.12/site-packages/airflow/example_dags/example_latest_only_with_trigger.py
[2025-01-31T14:29:18.230+0000] {logging_mixin.py:190} INFO - [2025-01-31T14:29:18.230+0000] {dag.py:3239} INFO - Sync 1 DAGs
[2025-01-31T14:29:18.249+0000] {logging_mixin.py:190} INFO - [2025-01-31T14:29:18.249+0000] {dag.py:4180} INFO - Setting next_dagrun for latest_only_with_trigger to 2025-01-31 08:00:00+00:00, run_after=2025-01-31 12:00:00+00:00
[2025-01-31T14:29:18.261+0000] {processor.py:208} INFO - Processing /home/airflow/.local/lib/python3.12/site-packages/airflow/example_dags/example_latest_only_with_trigger.py took 0.063 seconds
[2025-01-31T14:29:49.577+0000] {processor.py:186} INFO - Started process (PID=351) to work on /home/airflow/.local/lib/python3.12/site-packages/airflow/example_dags/example_latest_only_with_trigger.py
[2025-01-31T14:29:49.577+0000] {processor.py:914} INFO - Processing file /home/airflow/.local/lib/python3.12/site-packages/airflow/example_dags/example_latest_only_with_trigger.py for tasks to queue
[2025-01-31T14:29:49.579+0000] {logging_mixin.py:190} INFO - [2025-01-31T14:29:49.579+0000] {dagbag.py:588} INFO - Filling up the DagBag from /home/airflow/.local/lib/python3.12/site-packages/airflow/example_dags/example_latest_only_with_trigger.py
[2025-01-31T14:29:49.585+0000] {processor.py:925} INFO - DAG(s) 'latest_only_with_trigger' retrieved from /home/airflow/.local/lib/python3.12/site-packages/airflow/example_dags/example_latest_only_with_trigger.py
[2025-01-31T14:29:49.603+0000] {logging_mixin.py:190} INFO - [2025-01-31T14:29:49.603+0000] {dag.py:3239} INFO - Sync 1 DAGs
[2025-01-31T14:29:49.624+0000] {logging_mixin.py:190} INFO - [2025-01-31T14:29:49.624+0000] {dag.py:4180} INFO - Setting next_dagrun for latest_only_with_trigger to 2025-01-31 08:00:00+00:00, run_after=2025-01-31 12:00:00+00:00
[2025-01-31T14:29:49.637+0000] {processor.py:208} INFO - Processing /home/airflow/.local/lib/python3.12/site-packages/airflow/example_dags/example_latest_only_with_trigger.py took 0.065 seconds
[2025-01-31T14:30:21.325+0000] {processor.py:186} INFO - Started process (PID=416) to work on /home/airflow/.local/lib/python3.12/site-packages/airflow/example_dags/example_latest_only_with_trigger.py
[2025-01-31T14:30:21.325+0000] {processor.py:914} INFO - Processing file /home/airflow/.local/lib/python3.12/site-packages/airflow/example_dags/example_latest_only_with_trigger.py for tasks to queue
[2025-01-31T14:30:21.328+0000] {logging_mixin.py:190} INFO - [2025-01-31T14:30:21.327+0000] {dagbag.py:588} INFO - Filling up the DagBag from /home/airflow/.local/lib/python3.12/site-packages/airflow/example_dags/example_latest_only_with_trigger.py
[2025-01-31T14:30:21.336+0000] {processor.py:925} INFO - DAG(s) 'latest_only_with_trigger' retrieved from /home/airflow/.local/lib/python3.12/site-packages/airflow/example_dags/example_latest_only_with_trigger.py
[2025-01-31T14:30:21.371+0000] {logging_mixin.py:190} INFO - [2025-01-31T14:30:21.371+0000] {dag.py:3239} INFO - Sync 1 DAGs
[2025-01-31T14:30:21.390+0000] {logging_mixin.py:190} INFO - [2025-01-31T14:30:21.390+0000] {dag.py:4180} INFO - Setting next_dagrun for latest_only_with_trigger to 2025-01-31 08:00:00+00:00, run_after=2025-01-31 12:00:00+00:00
[2025-01-31T14:30:21.407+0000] {processor.py:208} INFO - Processing /home/airflow/.local/lib/python3.12/site-packages/airflow/example_dags/example_latest_only_with_trigger.py took 0.096 seconds
[2025-01-31T14:30:52.251+0000] {processor.py:186} INFO - Started process (PID=481) to work on /home/airflow/.local/lib/python3.12/site-packages/airflow/example_dags/example_latest_only_with_trigger.py
[2025-01-31T14:30:52.251+0000] {processor.py:914} INFO - Processing file /home/airflow/.local/lib/python3.12/site-packages/airflow/example_dags/example_latest_only_with_trigger.py for tasks to queue
[2025-01-31T14:30:52.253+0000] {logging_mixin.py:190} INFO - [2025-01-31T14:30:52.253+0000] {dagbag.py:588} INFO - Filling up the DagBag from /home/airflow/.local/lib/python3.12/site-packages/airflow/example_dags/example_latest_only_with_trigger.py
[2025-01-31T14:30:52.259+0000] {processor.py:925} INFO - DAG(s) 'latest_only_with_trigger' retrieved from /home/airflow/.local/lib/python3.12/site-packages/airflow/example_dags/example_latest_only_with_trigger.py
[2025-01-31T14:30:52.275+0000] {logging_mixin.py:190} INFO - [2025-01-31T14:30:52.275+0000] {dag.py:3239} INFO - Sync 1 DAGs
[2025-01-31T14:30:52.300+0000] {logging_mixin.py:190} INFO - [2025-01-31T14:30:52.299+0000] {dag.py:4180} INFO - Setting next_dagrun for latest_only_with_trigger to 2025-01-31 08:00:00+00:00, run_after=2025-01-31 12:00:00+00:00
[2025-01-31T14:30:52.315+0000] {processor.py:208} INFO - Processing /home/airflow/.local/lib/python3.12/site-packages/airflow/example_dags/example_latest_only_with_trigger.py took 0.069 seconds
[2025-01-31T14:31:23.916+0000] {processor.py:186} INFO - Started process (PID=546) to work on /home/airflow/.local/lib/python3.12/site-packages/airflow/example_dags/example_latest_only_with_trigger.py
[2025-01-31T14:31:23.917+0000] {processor.py:914} INFO - Processing file /home/airflow/.local/lib/python3.12/site-packages/airflow/example_dags/example_latest_only_with_trigger.py for tasks to queue
[2025-01-31T14:31:23.918+0000] {logging_mixin.py:190} INFO - [2025-01-31T14:31:23.918+0000] {dagbag.py:588} INFO - Filling up the DagBag from /home/airflow/.local/lib/python3.12/site-packages/airflow/example_dags/example_latest_only_with_trigger.py
[2025-01-31T14:31:23.924+0000] {processor.py:925} INFO - DAG(s) 'latest_only_with_trigger' retrieved from /home/airflow/.local/lib/python3.12/site-packages/airflow/example_dags/example_latest_only_with_trigger.py
[2025-01-31T14:31:23.941+0000] {logging_mixin.py:190} INFO - [2025-01-31T14:31:23.941+0000] {dag.py:3239} INFO - Sync 1 DAGs
[2025-01-31T14:31:23.963+0000] {logging_mixin.py:190} INFO - [2025-01-31T14:31:23.963+0000] {dag.py:4180} INFO - Setting next_dagrun for latest_only_with_trigger to 2025-01-31 08:00:00+00:00, run_after=2025-01-31 12:00:00+00:00
[2025-01-31T14:31:23.976+0000] {processor.py:208} INFO - Processing /home/airflow/.local/lib/python3.12/site-packages/airflow/example_dags/example_latest_only_with_trigger.py took 0.065 seconds
[2025-01-31T14:31:54.719+0000] {processor.py:186} INFO - Started process (PID=612) to work on /home/airflow/.local/lib/python3.12/site-packages/airflow/example_dags/example_latest_only_with_trigger.py
[2025-01-31T14:31:54.720+0000] {processor.py:914} INFO - Processing file /home/airflow/.local/lib/python3.12/site-packages/airflow/example_dags/example_latest_only_with_trigger.py for tasks to queue
[2025-01-31T14:31:54.722+0000] {logging_mixin.py:190} INFO - [2025-01-31T14:31:54.722+0000] {dagbag.py:588} INFO - Filling up the DagBag from /home/airflow/.local/lib/python3.12/site-packages/airflow/example_dags/example_latest_only_with_trigger.py
[2025-01-31T14:31:54.729+0000] {processor.py:925} INFO - DAG(s) 'latest_only_with_trigger' retrieved from /home/airflow/.local/lib/python3.12/site-packages/airflow/example_dags/example_latest_only_with_trigger.py
[2025-01-31T14:31:54.749+0000] {logging_mixin.py:190} INFO - [2025-01-31T14:31:54.749+0000] {dag.py:3239} INFO - Sync 1 DAGs
[2025-01-31T14:31:54.775+0000] {logging_mixin.py:190} INFO - [2025-01-31T14:31:54.775+0000] {dag.py:4180} INFO - Setting next_dagrun for latest_only_with_trigger to 2025-01-31 08:00:00+00:00, run_after=2025-01-31 12:00:00+00:00
[2025-01-31T14:31:54.791+0000] {processor.py:208} INFO - Processing /home/airflow/.local/lib/python3.12/site-packages/airflow/example_dags/example_latest_only_with_trigger.py took 0.078 seconds
[2025-01-31T14:32:25.745+0000] {processor.py:186} INFO - Started process (PID=676) to work on /home/airflow/.local/lib/python3.12/site-packages/airflow/example_dags/example_latest_only_with_trigger.py
[2025-01-31T14:32:25.745+0000] {processor.py:914} INFO - Processing file /home/airflow/.local/lib/python3.12/site-packages/airflow/example_dags/example_latest_only_with_trigger.py for tasks to queue
[2025-01-31T14:32:25.747+0000] {logging_mixin.py:190} INFO - [2025-01-31T14:32:25.747+0000] {dagbag.py:588} INFO - Filling up the DagBag from /home/airflow/.local/lib/python3.12/site-packages/airflow/example_dags/example_latest_only_with_trigger.py
[2025-01-31T14:32:25.753+0000] {processor.py:925} INFO - DAG(s) 'latest_only_with_trigger' retrieved from /home/airflow/.local/lib/python3.12/site-packages/airflow/example_dags/example_latest_only_with_trigger.py
[2025-01-31T14:32:25.769+0000] {logging_mixin.py:190} INFO - [2025-01-31T14:32:25.769+0000] {dag.py:3239} INFO - Sync 1 DAGs
[2025-01-31T14:32:25.787+0000] {logging_mixin.py:190} INFO - [2025-01-31T14:32:25.786+0000] {dag.py:4180} INFO - Setting next_dagrun for latest_only_with_trigger to 2025-01-31 08:00:00+00:00, run_after=2025-01-31 12:00:00+00:00
[2025-01-31T14:32:25.799+0000] {processor.py:208} INFO - Processing /home/airflow/.local/lib/python3.12/site-packages/airflow/example_dags/example_latest_only_with_trigger.py took 0.059 seconds
[2025-01-31T14:32:56.725+0000] {processor.py:186} INFO - Started process (PID=742) to work on /home/airflow/.local/lib/python3.12/site-packages/airflow/example_dags/example_latest_only_with_trigger.py
[2025-01-31T14:32:56.726+0000] {processor.py:914} INFO - Processing file /home/airflow/.local/lib/python3.12/site-packages/airflow/example_dags/example_latest_only_with_trigger.py for tasks to queue
[2025-01-31T14:32:56.728+0000] {logging_mixin.py:190} INFO - [2025-01-31T14:32:56.727+0000] {dagbag.py:588} INFO - Filling up the DagBag from /home/airflow/.local/lib/python3.12/site-packages/airflow/example_dags/example_latest_only_with_trigger.py
[2025-01-31T14:32:56.735+0000] {processor.py:925} INFO - DAG(s) 'latest_only_with_trigger' retrieved from /home/airflow/.local/lib/python3.12/site-packages/airflow/example_dags/example_latest_only_with_trigger.py
[2025-01-31T14:32:56.756+0000] {logging_mixin.py:190} INFO - [2025-01-31T14:32:56.756+0000] {dag.py:3239} INFO - Sync 1 DAGs
[2025-01-31T14:32:56.779+0000] {logging_mixin.py:190} INFO - [2025-01-31T14:32:56.779+0000] {dag.py:4180} INFO - Setting next_dagrun for latest_only_with_trigger to 2025-01-31 08:00:00+00:00, run_after=2025-01-31 12:00:00+00:00
[2025-01-31T14:32:56.796+0000] {processor.py:208} INFO - Processing /home/airflow/.local/lib/python3.12/site-packages/airflow/example_dags/example_latest_only_with_trigger.py took 0.075 seconds
[2025-01-31T14:33:27.600+0000] {processor.py:186} INFO - Started process (PID=808) to work on /home/airflow/.local/lib/python3.12/site-packages/airflow/example_dags/example_latest_only_with_trigger.py
[2025-01-31T14:33:27.600+0000] {processor.py:914} INFO - Processing file /home/airflow/.local/lib/python3.12/site-packages/airflow/example_dags/example_latest_only_with_trigger.py for tasks to queue
[2025-01-31T14:33:27.602+0000] {logging_mixin.py:190} INFO - [2025-01-31T14:33:27.601+0000] {dagbag.py:588} INFO - Filling up the DagBag from /home/airflow/.local/lib/python3.12/site-packages/airflow/example_dags/example_latest_only_with_trigger.py
[2025-01-31T14:33:27.608+0000] {processor.py:925} INFO - DAG(s) 'latest_only_with_trigger' retrieved from /home/airflow/.local/lib/python3.12/site-packages/airflow/example_dags/example_latest_only_with_trigger.py
[2025-01-31T14:33:27.626+0000] {logging_mixin.py:190} INFO - [2025-01-31T14:33:27.626+0000] {dag.py:3239} INFO - Sync 1 DAGs
[2025-01-31T14:33:27.649+0000] {logging_mixin.py:190} INFO - [2025-01-31T14:33:27.649+0000] {dag.py:4180} INFO - Setting next_dagrun for latest_only_with_trigger to 2025-01-31 08:00:00+00:00, run_after=2025-01-31 12:00:00+00:00
[2025-01-31T14:33:27.664+0000] {processor.py:208} INFO - Processing /home/airflow/.local/lib/python3.12/site-packages/airflow/example_dags/example_latest_only_with_trigger.py took 0.069 seconds
[2025-01-31T14:33:59.306+0000] {processor.py:186} INFO - Started process (PID=873) to work on /home/airflow/.local/lib/python3.12/site-packages/airflow/example_dags/example_latest_only_with_trigger.py
[2025-01-31T14:33:59.306+0000] {processor.py:914} INFO - Processing file /home/airflow/.local/lib/python3.12/site-packages/airflow/example_dags/example_latest_only_with_trigger.py for tasks to queue
[2025-01-31T14:33:59.308+0000] {logging_mixin.py:190} INFO - [2025-01-31T14:33:59.308+0000] {dagbag.py:588} INFO - Filling up the DagBag from /home/airflow/.local/lib/python3.12/site-packages/airflow/example_dags/example_latest_only_with_trigger.py
[2025-01-31T14:33:59.316+0000] {processor.py:925} INFO - DAG(s) 'latest_only_with_trigger' retrieved from /home/airflow/.local/lib/python3.12/site-packages/airflow/example_dags/example_latest_only_with_trigger.py
[2025-01-31T14:33:59.333+0000] {logging_mixin.py:190} INFO - [2025-01-31T14:33:59.332+0000] {dag.py:3239} INFO - Sync 1 DAGs
[2025-01-31T14:33:59.353+0000] {logging_mixin.py:190} INFO - [2025-01-31T14:33:59.353+0000] {dag.py:4180} INFO - Setting next_dagrun for latest_only_with_trigger to 2025-01-31 08:00:00+00:00, run_after=2025-01-31 12:00:00+00:00
[2025-01-31T14:33:59.365+0000] {processor.py:208} INFO - Processing /home/airflow/.local/lib/python3.12/site-packages/airflow/example_dags/example_latest_only_with_trigger.py took 0.066 seconds
[2025-01-31T14:34:30.021+0000] {processor.py:186} INFO - Started process (PID=938) to work on /home/airflow/.local/lib/python3.12/site-packages/airflow/example_dags/example_latest_only_with_trigger.py
[2025-01-31T14:34:30.022+0000] {processor.py:914} INFO - Processing file /home/airflow/.local/lib/python3.12/site-packages/airflow/example_dags/example_latest_only_with_trigger.py for tasks to queue
[2025-01-31T14:34:30.023+0000] {logging_mixin.py:190} INFO - [2025-01-31T14:34:30.023+0000] {dagbag.py:588} INFO - Filling up the DagBag from /home/airflow/.local/lib/python3.12/site-packages/airflow/example_dags/example_latest_only_with_trigger.py
[2025-01-31T14:34:30.029+0000] {processor.py:925} INFO - DAG(s) 'latest_only_with_trigger' retrieved from /home/airflow/.local/lib/python3.12/site-packages/airflow/example_dags/example_latest_only_with_trigger.py
[2025-01-31T14:34:30.049+0000] {logging_mixin.py:190} INFO - [2025-01-31T14:34:30.049+0000] {dag.py:3239} INFO - Sync 1 DAGs
[2025-01-31T14:34:30.073+0000] {logging_mixin.py:190} INFO - [2025-01-31T14:34:30.073+0000] {dag.py:4180} INFO - Setting next_dagrun for latest_only_with_trigger to 2025-01-31 08:00:00+00:00, run_after=2025-01-31 12:00:00+00:00
[2025-01-31T14:34:30.089+0000] {processor.py:208} INFO - Processing /home/airflow/.local/lib/python3.12/site-packages/airflow/example_dags/example_latest_only_with_trigger.py took 0.073 seconds
[2025-01-31T14:35:01.084+0000] {processor.py:186} INFO - Started process (PID=1004) to work on /home/airflow/.local/lib/python3.12/site-packages/airflow/example_dags/example_latest_only_with_trigger.py
[2025-01-31T14:35:01.084+0000] {processor.py:914} INFO - Processing file /home/airflow/.local/lib/python3.12/site-packages/airflow/example_dags/example_latest_only_with_trigger.py for tasks to queue
[2025-01-31T14:35:01.086+0000] {logging_mixin.py:190} INFO - [2025-01-31T14:35:01.086+0000] {dagbag.py:588} INFO - Filling up the DagBag from /home/airflow/.local/lib/python3.12/site-packages/airflow/example_dags/example_latest_only_with_trigger.py
[2025-01-31T14:35:01.092+0000] {processor.py:925} INFO - DAG(s) 'latest_only_with_trigger' retrieved from /home/airflow/.local/lib/python3.12/site-packages/airflow/example_dags/example_latest_only_with_trigger.py
[2025-01-31T14:35:01.107+0000] {logging_mixin.py:190} INFO - [2025-01-31T14:35:01.107+0000] {dag.py:3239} INFO - Sync 1 DAGs
[2025-01-31T14:35:01.124+0000] {logging_mixin.py:190} INFO - [2025-01-31T14:35:01.124+0000] {dag.py:4180} INFO - Setting next_dagrun for latest_only_with_trigger to 2025-01-31 08:00:00+00:00, run_after=2025-01-31 12:00:00+00:00
[2025-01-31T14:35:01.137+0000] {processor.py:208} INFO - Processing /home/airflow/.local/lib/python3.12/site-packages/airflow/example_dags/example_latest_only_with_trigger.py took 0.058 seconds
[2025-01-31T14:35:31.612+0000] {processor.py:186} INFO - Started process (PID=1069) to work on /home/airflow/.local/lib/python3.12/site-packages/airflow/example_dags/example_latest_only_with_trigger.py
[2025-01-31T14:35:31.613+0000] {processor.py:914} INFO - Processing file /home/airflow/.local/lib/python3.12/site-packages/airflow/example_dags/example_latest_only_with_trigger.py for tasks to queue
[2025-01-31T14:35:31.614+0000] {logging_mixin.py:190} INFO - [2025-01-31T14:35:31.614+0000] {dagbag.py:588} INFO - Filling up the DagBag from /home/airflow/.local/lib/python3.12/site-packages/airflow/example_dags/example_latest_only_with_trigger.py
[2025-01-31T14:35:31.620+0000] {processor.py:925} INFO - DAG(s) 'latest_only_with_trigger' retrieved from /home/airflow/.local/lib/python3.12/site-packages/airflow/example_dags/example_latest_only_with_trigger.py
[2025-01-31T14:35:31.642+0000] {logging_mixin.py:190} INFO - [2025-01-31T14:35:31.642+0000] {dag.py:3239} INFO - Sync 1 DAGs
[2025-01-31T14:35:31.670+0000] {logging_mixin.py:190} INFO - [2025-01-31T14:35:31.670+0000] {dag.py:4180} INFO - Setting next_dagrun for latest_only_with_trigger to 2025-01-31 08:00:00+00:00, run_after=2025-01-31 12:00:00+00:00
[2025-01-31T14:35:31.684+0000] {processor.py:208} INFO - Processing /home/airflow/.local/lib/python3.12/site-packages/airflow/example_dags/example_latest_only_with_trigger.py took 0.076 seconds
[2025-01-31T14:36:02.746+0000] {processor.py:186} INFO - Started process (PID=1134) to work on /home/airflow/.local/lib/python3.12/site-packages/airflow/example_dags/example_latest_only_with_trigger.py
[2025-01-31T14:36:02.747+0000] {processor.py:914} INFO - Processing file /home/airflow/.local/lib/python3.12/site-packages/airflow/example_dags/example_latest_only_with_trigger.py for tasks to queue
[2025-01-31T14:36:02.749+0000] {logging_mixin.py:190} INFO - [2025-01-31T14:36:02.749+0000] {dagbag.py:588} INFO - Filling up the DagBag from /home/airflow/.local/lib/python3.12/site-packages/airflow/example_dags/example_latest_only_with_trigger.py
[2025-01-31T14:36:02.759+0000] {processor.py:925} INFO - DAG(s) 'latest_only_with_trigger' retrieved from /home/airflow/.local/lib/python3.12/site-packages/airflow/example_dags/example_latest_only_with_trigger.py
[2025-01-31T14:36:02.775+0000] {logging_mixin.py:190} INFO - [2025-01-31T14:36:02.775+0000] {dag.py:3239} INFO - Sync 1 DAGs
[2025-01-31T14:36:02.792+0000] {logging_mixin.py:190} INFO - [2025-01-31T14:36:02.791+0000] {dag.py:4180} INFO - Setting next_dagrun for latest_only_with_trigger to 2025-01-31 08:00:00+00:00, run_after=2025-01-31 12:00:00+00:00
[2025-01-31T14:36:02.805+0000] {processor.py:208} INFO - Processing /home/airflow/.local/lib/python3.12/site-packages/airflow/example_dags/example_latest_only_with_trigger.py took 0.064 seconds
[2025-01-31T14:36:33.977+0000] {processor.py:186} INFO - Started process (PID=1200) to work on /home/airflow/.local/lib/python3.12/site-packages/airflow/example_dags/example_latest_only_with_trigger.py
[2025-01-31T14:36:33.977+0000] {processor.py:914} INFO - Processing file /home/airflow/.local/lib/python3.12/site-packages/airflow/example_dags/example_latest_only_with_trigger.py for tasks to queue
[2025-01-31T14:36:33.979+0000] {logging_mixin.py:190} INFO - [2025-01-31T14:36:33.979+0000] {dagbag.py:588} INFO - Filling up the DagBag from /home/airflow/.local/lib/python3.12/site-packages/airflow/example_dags/example_latest_only_with_trigger.py
[2025-01-31T14:36:33.985+0000] {processor.py:925} INFO - DAG(s) 'latest_only_with_trigger' retrieved from /home/airflow/.local/lib/python3.12/site-packages/airflow/example_dags/example_latest_only_with_trigger.py
[2025-01-31T14:36:34.001+0000] {logging_mixin.py:190} INFO - [2025-01-31T14:36:34.001+0000] {dag.py:3239} INFO - Sync 1 DAGs
[2025-01-31T14:36:34.023+0000] {logging_mixin.py:190} INFO - [2025-01-31T14:36:34.023+0000] {dag.py:4180} INFO - Setting next_dagrun for latest_only_with_trigger to 2025-01-31 08:00:00+00:00, run_after=2025-01-31 12:00:00+00:00
[2025-01-31T14:36:34.036+0000] {processor.py:208} INFO - Processing /home/airflow/.local/lib/python3.12/site-packages/airflow/example_dags/example_latest_only_with_trigger.py took 0.063 seconds
[2025-01-31T14:37:05.232+0000] {processor.py:186} INFO - Started process (PID=1264) to work on /home/airflow/.local/lib/python3.12/site-packages/airflow/example_dags/example_latest_only_with_trigger.py
[2025-01-31T14:37:05.232+0000] {processor.py:914} INFO - Processing file /home/airflow/.local/lib/python3.12/site-packages/airflow/example_dags/example_latest_only_with_trigger.py for tasks to queue
[2025-01-31T14:37:05.234+0000] {logging_mixin.py:190} INFO - [2025-01-31T14:37:05.234+0000] {dagbag.py:588} INFO - Filling up the DagBag from /home/airflow/.local/lib/python3.12/site-packages/airflow/example_dags/example_latest_only_with_trigger.py
[2025-01-31T14:37:05.240+0000] {processor.py:925} INFO - DAG(s) 'latest_only_with_trigger' retrieved from /home/airflow/.local/lib/python3.12/site-packages/airflow/example_dags/example_latest_only_with_trigger.py
[2025-01-31T14:37:05.258+0000] {logging_mixin.py:190} INFO - [2025-01-31T14:37:05.258+0000] {dag.py:3239} INFO - Sync 1 DAGs
[2025-01-31T14:37:05.281+0000] {logging_mixin.py:190} INFO - [2025-01-31T14:37:05.281+0000] {dag.py:4180} INFO - Setting next_dagrun for latest_only_with_trigger to 2025-01-31 08:00:00+00:00, run_after=2025-01-31 12:00:00+00:00
[2025-01-31T14:37:05.297+0000] {processor.py:208} INFO - Processing /home/airflow/.local/lib/python3.12/site-packages/airflow/example_dags/example_latest_only_with_trigger.py took 0.071 seconds
[2025-01-31T14:37:37.061+0000] {processor.py:186} INFO - Started process (PID=1330) to work on /home/airflow/.local/lib/python3.12/site-packages/airflow/example_dags/example_latest_only_with_trigger.py
[2025-01-31T14:37:37.062+0000] {processor.py:914} INFO - Processing file /home/airflow/.local/lib/python3.12/site-packages/airflow/example_dags/example_latest_only_with_trigger.py for tasks to queue
[2025-01-31T14:37:37.063+0000] {logging_mixin.py:190} INFO - [2025-01-31T14:37:37.063+0000] {dagbag.py:588} INFO - Filling up the DagBag from /home/airflow/.local/lib/python3.12/site-packages/airflow/example_dags/example_latest_only_with_trigger.py
[2025-01-31T14:37:37.069+0000] {processor.py:925} INFO - DAG(s) 'latest_only_with_trigger' retrieved from /home/airflow/.local/lib/python3.12/site-packages/airflow/example_dags/example_latest_only_with_trigger.py
[2025-01-31T14:37:37.088+0000] {logging_mixin.py:190} INFO - [2025-01-31T14:37:37.087+0000] {dag.py:3239} INFO - Sync 1 DAGs
[2025-01-31T14:37:37.111+0000] {logging_mixin.py:190} INFO - [2025-01-31T14:37:37.111+0000] {dag.py:4180} INFO - Setting next_dagrun for latest_only_with_trigger to 2025-01-31 08:00:00+00:00, run_after=2025-01-31 12:00:00+00:00
[2025-01-31T14:37:37.126+0000] {processor.py:208} INFO - Processing /home/airflow/.local/lib/python3.12/site-packages/airflow/example_dags/example_latest_only_with_trigger.py took 0.069 seconds
[2025-01-31T14:38:07.954+0000] {processor.py:186} INFO - Started process (PID=1395) to work on /home/airflow/.local/lib/python3.12/site-packages/airflow/example_dags/example_latest_only_with_trigger.py
[2025-01-31T14:38:07.955+0000] {processor.py:914} INFO - Processing file /home/airflow/.local/lib/python3.12/site-packages/airflow/example_dags/example_latest_only_with_trigger.py for tasks to queue
[2025-01-31T14:38:07.956+0000] {logging_mixin.py:190} INFO - [2025-01-31T14:38:07.956+0000] {dagbag.py:588} INFO - Filling up the DagBag from /home/airflow/.local/lib/python3.12/site-packages/airflow/example_dags/example_latest_only_with_trigger.py
[2025-01-31T14:38:07.962+0000] {processor.py:925} INFO - DAG(s) 'latest_only_with_trigger' retrieved from /home/airflow/.local/lib/python3.12/site-packages/airflow/example_dags/example_latest_only_with_trigger.py
[2025-01-31T14:38:07.978+0000] {logging_mixin.py:190} INFO - [2025-01-31T14:38:07.978+0000] {dag.py:3239} INFO - Sync 1 DAGs
[2025-01-31T14:38:07.996+0000] {logging_mixin.py:190} INFO - [2025-01-31T14:38:07.996+0000] {dag.py:4180} INFO - Setting next_dagrun for latest_only_with_trigger to 2025-01-31 08:00:00+00:00, run_after=2025-01-31 12:00:00+00:00
[2025-01-31T14:38:08.009+0000] {processor.py:208} INFO - Processing /home/airflow/.local/lib/python3.12/site-packages/airflow/example_dags/example_latest_only_with_trigger.py took 0.059 seconds
[2025-01-31T14:38:39.183+0000] {processor.py:186} INFO - Started process (PID=1460) to work on /home/airflow/.local/lib/python3.12/site-packages/airflow/example_dags/example_latest_only_with_trigger.py
[2025-01-31T14:38:39.184+0000] {processor.py:914} INFO - Processing file /home/airflow/.local/lib/python3.12/site-packages/airflow/example_dags/example_latest_only_with_trigger.py for tasks to queue
[2025-01-31T14:38:39.186+0000] {logging_mixin.py:190} INFO - [2025-01-31T14:38:39.185+0000] {dagbag.py:588} INFO - Filling up the DagBag from /home/airflow/.local/lib/python3.12/site-packages/airflow/example_dags/example_latest_only_with_trigger.py
[2025-01-31T14:38:39.192+0000] {processor.py:925} INFO - DAG(s) 'latest_only_with_trigger' retrieved from /home/airflow/.local/lib/python3.12/site-packages/airflow/example_dags/example_latest_only_with_trigger.py
[2025-01-31T14:38:39.212+0000] {logging_mixin.py:190} INFO - [2025-01-31T14:38:39.212+0000] {dag.py:3239} INFO - Sync 1 DAGs
[2025-01-31T14:38:39.233+0000] {logging_mixin.py:190} INFO - [2025-01-31T14:38:39.233+0000] {dag.py:4180} INFO - Setting next_dagrun for latest_only_with_trigger to 2025-01-31 08:00:00+00:00, run_after=2025-01-31 12:00:00+00:00
[2025-01-31T14:38:39.246+0000] {processor.py:208} INFO - Processing /home/airflow/.local/lib/python3.12/site-packages/airflow/example_dags/example_latest_only_with_trigger.py took 0.069 seconds
[2025-01-31T14:39:10.330+0000] {processor.py:186} INFO - Started process (PID=1525) to work on /home/airflow/.local/lib/python3.12/site-packages/airflow/example_dags/example_latest_only_with_trigger.py
[2025-01-31T14:39:10.330+0000] {processor.py:914} INFO - Processing file /home/airflow/.local/lib/python3.12/site-packages/airflow/example_dags/example_latest_only_with_trigger.py for tasks to queue
[2025-01-31T14:39:10.332+0000] {logging_mixin.py:190} INFO - [2025-01-31T14:39:10.332+0000] {dagbag.py:588} INFO - Filling up the DagBag from /home/airflow/.local/lib/python3.12/site-packages/airflow/example_dags/example_latest_only_with_trigger.py
[2025-01-31T14:39:10.338+0000] {processor.py:925} INFO - DAG(s) 'latest_only_with_trigger' retrieved from /home/airflow/.local/lib/python3.12/site-packages/airflow/example_dags/example_latest_only_with_trigger.py
[2025-01-31T14:39:10.357+0000] {logging_mixin.py:190} INFO - [2025-01-31T14:39:10.357+0000] {dag.py:3239} INFO - Sync 1 DAGs
[2025-01-31T14:39:10.381+0000] {logging_mixin.py:190} INFO - [2025-01-31T14:39:10.381+0000] {dag.py:4180} INFO - Setting next_dagrun for latest_only_with_trigger to 2025-01-31 08:00:00+00:00, run_after=2025-01-31 12:00:00+00:00
[2025-01-31T14:39:10.399+0000] {processor.py:208} INFO - Processing /home/airflow/.local/lib/python3.12/site-packages/airflow/example_dags/example_latest_only_with_trigger.py took 0.074 seconds
[2025-01-31T14:39:41.706+0000] {processor.py:186} INFO - Started process (PID=1596) to work on /home/airflow/.local/lib/python3.12/site-packages/airflow/example_dags/example_latest_only_with_trigger.py
[2025-01-31T14:39:41.707+0000] {processor.py:914} INFO - Processing file /home/airflow/.local/lib/python3.12/site-packages/airflow/example_dags/example_latest_only_with_trigger.py for tasks to queue
[2025-01-31T14:39:41.708+0000] {logging_mixin.py:190} INFO - [2025-01-31T14:39:41.708+0000] {dagbag.py:588} INFO - Filling up the DagBag from /home/airflow/.local/lib/python3.12/site-packages/airflow/example_dags/example_latest_only_with_trigger.py
[2025-01-31T14:39:41.714+0000] {processor.py:925} INFO - DAG(s) 'latest_only_with_trigger' retrieved from /home/airflow/.local/lib/python3.12/site-packages/airflow/example_dags/example_latest_only_with_trigger.py
[2025-01-31T14:39:41.730+0000] {logging_mixin.py:190} INFO - [2025-01-31T14:39:41.730+0000] {dag.py:3239} INFO - Sync 1 DAGs
[2025-01-31T14:39:41.748+0000] {logging_mixin.py:190} INFO - [2025-01-31T14:39:41.747+0000] {dag.py:4180} INFO - Setting next_dagrun for latest_only_with_trigger to 2025-01-31 08:00:00+00:00, run_after=2025-01-31 12:00:00+00:00
[2025-01-31T14:39:41.763+0000] {processor.py:208} INFO - Processing /home/airflow/.local/lib/python3.12/site-packages/airflow/example_dags/example_latest_only_with_trigger.py took 0.061 seconds
[2025-01-31T14:40:12.827+0000] {processor.py:186} INFO - Started process (PID=1661) to work on /home/airflow/.local/lib/python3.12/site-packages/airflow/example_dags/example_latest_only_with_trigger.py
[2025-01-31T14:40:12.828+0000] {processor.py:914} INFO - Processing file /home/airflow/.local/lib/python3.12/site-packages/airflow/example_dags/example_latest_only_with_trigger.py for tasks to queue
[2025-01-31T14:40:12.829+0000] {logging_mixin.py:190} INFO - [2025-01-31T14:40:12.829+0000] {dagbag.py:588} INFO - Filling up the DagBag from /home/airflow/.local/lib/python3.12/site-packages/airflow/example_dags/example_latest_only_with_trigger.py
[2025-01-31T14:40:12.835+0000] {processor.py:925} INFO - DAG(s) 'latest_only_with_trigger' retrieved from /home/airflow/.local/lib/python3.12/site-packages/airflow/example_dags/example_latest_only_with_trigger.py
[2025-01-31T14:40:12.852+0000] {logging_mixin.py:190} INFO - [2025-01-31T14:40:12.852+0000] {dag.py:3239} INFO - Sync 1 DAGs
[2025-01-31T14:40:12.870+0000] {logging_mixin.py:190} INFO - [2025-01-31T14:40:12.869+0000] {dag.py:4180} INFO - Setting next_dagrun for latest_only_with_trigger to 2025-01-31 08:00:00+00:00, run_after=2025-01-31 12:00:00+00:00
[2025-01-31T14:40:12.883+0000] {processor.py:208} INFO - Processing /home/airflow/.local/lib/python3.12/site-packages/airflow/example_dags/example_latest_only_with_trigger.py took 0.061 seconds
[2025-01-31T14:40:43.940+0000] {processor.py:186} INFO - Started process (PID=1726) to work on /home/airflow/.local/lib/python3.12/site-packages/airflow/example_dags/example_latest_only_with_trigger.py
[2025-01-31T14:40:43.941+0000] {processor.py:914} INFO - Processing file /home/airflow/.local/lib/python3.12/site-packages/airflow/example_dags/example_latest_only_with_trigger.py for tasks to queue
[2025-01-31T14:40:43.943+0000] {logging_mixin.py:190} INFO - [2025-01-31T14:40:43.942+0000] {dagbag.py:588} INFO - Filling up the DagBag from /home/airflow/.local/lib/python3.12/site-packages/airflow/example_dags/example_latest_only_with_trigger.py
[2025-01-31T14:40:43.948+0000] {processor.py:925} INFO - DAG(s) 'latest_only_with_trigger' retrieved from /home/airflow/.local/lib/python3.12/site-packages/airflow/example_dags/example_latest_only_with_trigger.py
[2025-01-31T14:40:43.967+0000] {logging_mixin.py:190} INFO - [2025-01-31T14:40:43.967+0000] {dag.py:3239} INFO - Sync 1 DAGs
[2025-01-31T14:40:43.992+0000] {logging_mixin.py:190} INFO - [2025-01-31T14:40:43.991+0000] {dag.py:4180} INFO - Setting next_dagrun for latest_only_with_trigger to 2025-01-31 08:00:00+00:00, run_after=2025-01-31 12:00:00+00:00
[2025-01-31T14:40:44.008+0000] {processor.py:208} INFO - Processing /home/airflow/.local/lib/python3.12/site-packages/airflow/example_dags/example_latest_only_with_trigger.py took 0.072 seconds
[2025-01-31T14:41:14.954+0000] {processor.py:186} INFO - Started process (PID=1791) to work on /home/airflow/.local/lib/python3.12/site-packages/airflow/example_dags/example_latest_only_with_trigger.py
[2025-01-31T14:41:14.955+0000] {processor.py:914} INFO - Processing file /home/airflow/.local/lib/python3.12/site-packages/airflow/example_dags/example_latest_only_with_trigger.py for tasks to queue
[2025-01-31T14:41:14.957+0000] {logging_mixin.py:190} INFO - [2025-01-31T14:41:14.957+0000] {dagbag.py:588} INFO - Filling up the DagBag from /home/airflow/.local/lib/python3.12/site-packages/airflow/example_dags/example_latest_only_with_trigger.py
[2025-01-31T14:41:14.965+0000] {processor.py:925} INFO - DAG(s) 'latest_only_with_trigger' retrieved from /home/airflow/.local/lib/python3.12/site-packages/airflow/example_dags/example_latest_only_with_trigger.py
[2025-01-31T14:41:14.987+0000] {logging_mixin.py:190} INFO - [2025-01-31T14:41:14.987+0000] {dag.py:3239} INFO - Sync 1 DAGs
[2025-01-31T14:41:15.008+0000] {logging_mixin.py:190} INFO - [2025-01-31T14:41:15.008+0000] {dag.py:4180} INFO - Setting next_dagrun for latest_only_with_trigger to 2025-01-31 08:00:00+00:00, run_after=2025-01-31 12:00:00+00:00
[2025-01-31T14:41:15.022+0000] {processor.py:208} INFO - Processing /home/airflow/.local/lib/python3.12/site-packages/airflow/example_dags/example_latest_only_with_trigger.py took 0.073 seconds
[2025-01-31T14:41:46.312+0000] {processor.py:186} INFO - Started process (PID=1857) to work on /home/airflow/.local/lib/python3.12/site-packages/airflow/example_dags/example_latest_only_with_trigger.py
[2025-01-31T14:41:46.313+0000] {processor.py:914} INFO - Processing file /home/airflow/.local/lib/python3.12/site-packages/airflow/example_dags/example_latest_only_with_trigger.py for tasks to queue
[2025-01-31T14:41:46.314+0000] {logging_mixin.py:190} INFO - [2025-01-31T14:41:46.314+0000] {dagbag.py:588} INFO - Filling up the DagBag from /home/airflow/.local/lib/python3.12/site-packages/airflow/example_dags/example_latest_only_with_trigger.py
[2025-01-31T14:41:46.320+0000] {processor.py:925} INFO - DAG(s) 'latest_only_with_trigger' retrieved from /home/airflow/.local/lib/python3.12/site-packages/airflow/example_dags/example_latest_only_with_trigger.py
[2025-01-31T14:41:46.339+0000] {logging_mixin.py:190} INFO - [2025-01-31T14:41:46.339+0000] {dag.py:3239} INFO - Sync 1 DAGs
[2025-01-31T14:41:46.362+0000] {logging_mixin.py:190} INFO - [2025-01-31T14:41:46.362+0000] {dag.py:4180} INFO - Setting next_dagrun for latest_only_with_trigger to 2025-01-31 08:00:00+00:00, run_after=2025-01-31 12:00:00+00:00
[2025-01-31T14:41:46.378+0000] {processor.py:208} INFO - Processing /home/airflow/.local/lib/python3.12/site-packages/airflow/example_dags/example_latest_only_with_trigger.py took 0.071 seconds
[2025-01-31T14:42:17.933+0000] {processor.py:186} INFO - Started process (PID=1922) to work on /home/airflow/.local/lib/python3.12/site-packages/airflow/example_dags/example_latest_only_with_trigger.py
[2025-01-31T14:42:17.934+0000] {processor.py:914} INFO - Processing file /home/airflow/.local/lib/python3.12/site-packages/airflow/example_dags/example_latest_only_with_trigger.py for tasks to queue
[2025-01-31T14:42:17.936+0000] {logging_mixin.py:190} INFO - [2025-01-31T14:42:17.936+0000] {dagbag.py:588} INFO - Filling up the DagBag from /home/airflow/.local/lib/python3.12/site-packages/airflow/example_dags/example_latest_only_with_trigger.py
[2025-01-31T14:42:17.944+0000] {processor.py:925} INFO - DAG(s) 'latest_only_with_trigger' retrieved from /home/airflow/.local/lib/python3.12/site-packages/airflow/example_dags/example_latest_only_with_trigger.py
[2025-01-31T14:42:17.967+0000] {logging_mixin.py:190} INFO - [2025-01-31T14:42:17.967+0000] {dag.py:3239} INFO - Sync 1 DAGs
[2025-01-31T14:42:17.991+0000] {logging_mixin.py:190} INFO - [2025-01-31T14:42:17.991+0000] {dag.py:4180} INFO - Setting next_dagrun for latest_only_with_trigger to 2025-01-31 08:00:00+00:00, run_after=2025-01-31 12:00:00+00:00
[2025-01-31T14:42:18.007+0000] {processor.py:208} INFO - Processing /home/airflow/.local/lib/python3.12/site-packages/airflow/example_dags/example_latest_only_with_trigger.py took 0.081 seconds
[2025-01-31T14:42:49.201+0000] {processor.py:186} INFO - Started process (PID=1987) to work on /home/airflow/.local/lib/python3.12/site-packages/airflow/example_dags/example_latest_only_with_trigger.py
[2025-01-31T14:42:49.201+0000] {processor.py:914} INFO - Processing file /home/airflow/.local/lib/python3.12/site-packages/airflow/example_dags/example_latest_only_with_trigger.py for tasks to queue
[2025-01-31T14:42:49.203+0000] {logging_mixin.py:190} INFO - [2025-01-31T14:42:49.203+0000] {dagbag.py:588} INFO - Filling up the DagBag from /home/airflow/.local/lib/python3.12/site-packages/airflow/example_dags/example_latest_only_with_trigger.py
[2025-01-31T14:42:49.209+0000] {processor.py:925} INFO - DAG(s) 'latest_only_with_trigger' retrieved from /home/airflow/.local/lib/python3.12/site-packages/airflow/example_dags/example_latest_only_with_trigger.py
[2025-01-31T14:42:49.225+0000] {logging_mixin.py:190} INFO - [2025-01-31T14:42:49.225+0000] {dag.py:3239} INFO - Sync 1 DAGs
[2025-01-31T14:42:49.243+0000] {logging_mixin.py:190} INFO - [2025-01-31T14:42:49.243+0000] {dag.py:4180} INFO - Setting next_dagrun for latest_only_with_trigger to 2025-01-31 08:00:00+00:00, run_after=2025-01-31 12:00:00+00:00
[2025-01-31T14:42:49.258+0000] {processor.py:208} INFO - Processing /home/airflow/.local/lib/python3.12/site-packages/airflow/example_dags/example_latest_only_with_trigger.py took 0.062 seconds
[2025-01-31T14:43:20.257+0000] {processor.py:186} INFO - Started process (PID=2052) to work on /home/airflow/.local/lib/python3.12/site-packages/airflow/example_dags/example_latest_only_with_trigger.py
[2025-01-31T14:43:20.257+0000] {processor.py:914} INFO - Processing file /home/airflow/.local/lib/python3.12/site-packages/airflow/example_dags/example_latest_only_with_trigger.py for tasks to queue
[2025-01-31T14:43:20.259+0000] {logging_mixin.py:190} INFO - [2025-01-31T14:43:20.259+0000] {dagbag.py:588} INFO - Filling up the DagBag from /home/airflow/.local/lib/python3.12/site-packages/airflow/example_dags/example_latest_only_with_trigger.py
[2025-01-31T14:43:20.265+0000] {processor.py:925} INFO - DAG(s) 'latest_only_with_trigger' retrieved from /home/airflow/.local/lib/python3.12/site-packages/airflow/example_dags/example_latest_only_with_trigger.py
[2025-01-31T14:43:20.282+0000] {logging_mixin.py:190} INFO - [2025-01-31T14:43:20.282+0000] {dag.py:3239} INFO - Sync 1 DAGs
[2025-01-31T14:43:20.305+0000] {logging_mixin.py:190} INFO - [2025-01-31T14:43:20.305+0000] {dag.py:4180} INFO - Setting next_dagrun for latest_only_with_trigger to 2025-01-31 08:00:00+00:00, run_after=2025-01-31 12:00:00+00:00
[2025-01-31T14:43:20.320+0000] {processor.py:208} INFO - Processing /home/airflow/.local/lib/python3.12/site-packages/airflow/example_dags/example_latest_only_with_trigger.py took 0.068 seconds
[2025-01-31T14:43:50.872+0000] {processor.py:186} INFO - Started process (PID=2118) to work on /home/airflow/.local/lib/python3.12/site-packages/airflow/example_dags/example_latest_only_with_trigger.py
[2025-01-31T14:43:50.872+0000] {processor.py:914} INFO - Processing file /home/airflow/.local/lib/python3.12/site-packages/airflow/example_dags/example_latest_only_with_trigger.py for tasks to queue
[2025-01-31T14:43:50.874+0000] {logging_mixin.py:190} INFO - [2025-01-31T14:43:50.874+0000] {dagbag.py:588} INFO - Filling up the DagBag from /home/airflow/.local/lib/python3.12/site-packages/airflow/example_dags/example_latest_only_with_trigger.py
[2025-01-31T14:43:50.881+0000] {processor.py:925} INFO - DAG(s) 'latest_only_with_trigger' retrieved from /home/airflow/.local/lib/python3.12/site-packages/airflow/example_dags/example_latest_only_with_trigger.py
[2025-01-31T14:43:50.899+0000] {logging_mixin.py:190} INFO - [2025-01-31T14:43:50.898+0000] {dag.py:3239} INFO - Sync 1 DAGs
[2025-01-31T14:43:50.916+0000] {logging_mixin.py:190} INFO - [2025-01-31T14:43:50.916+0000] {dag.py:4180} INFO - Setting next_dagrun for latest_only_with_trigger to 2025-01-31 08:00:00+00:00, run_after=2025-01-31 12:00:00+00:00
[2025-01-31T14:43:50.929+0000] {processor.py:208} INFO - Processing /home/airflow/.local/lib/python3.12/site-packages/airflow/example_dags/example_latest_only_with_trigger.py took 0.063 seconds
[2025-01-31T14:44:22.060+0000] {processor.py:186} INFO - Started process (PID=2183) to work on /home/airflow/.local/lib/python3.12/site-packages/airflow/example_dags/example_latest_only_with_trigger.py
[2025-01-31T14:44:22.061+0000] {processor.py:914} INFO - Processing file /home/airflow/.local/lib/python3.12/site-packages/airflow/example_dags/example_latest_only_with_trigger.py for tasks to queue
[2025-01-31T14:44:22.063+0000] {logging_mixin.py:190} INFO - [2025-01-31T14:44:22.062+0000] {dagbag.py:588} INFO - Filling up the DagBag from /home/airflow/.local/lib/python3.12/site-packages/airflow/example_dags/example_latest_only_with_trigger.py
[2025-01-31T14:44:22.070+0000] {processor.py:925} INFO - DAG(s) 'latest_only_with_trigger' retrieved from /home/airflow/.local/lib/python3.12/site-packages/airflow/example_dags/example_latest_only_with_trigger.py
[2025-01-31T14:44:22.087+0000] {logging_mixin.py:190} INFO - [2025-01-31T14:44:22.087+0000] {dag.py:3239} INFO - Sync 1 DAGs
[2025-01-31T14:44:22.108+0000] {logging_mixin.py:190} INFO - [2025-01-31T14:44:22.107+0000] {dag.py:4180} INFO - Setting next_dagrun for latest_only_with_trigger to 2025-01-31 08:00:00+00:00, run_after=2025-01-31 12:00:00+00:00
[2025-01-31T14:44:22.123+0000] {processor.py:208} INFO - Processing /home/airflow/.local/lib/python3.12/site-packages/airflow/example_dags/example_latest_only_with_trigger.py took 0.067 seconds
[2025-01-31T14:44:53.231+0000] {processor.py:186} INFO - Started process (PID=2248) to work on /home/airflow/.local/lib/python3.12/site-packages/airflow/example_dags/example_latest_only_with_trigger.py
[2025-01-31T14:44:53.232+0000] {processor.py:914} INFO - Processing file /home/airflow/.local/lib/python3.12/site-packages/airflow/example_dags/example_latest_only_with_trigger.py for tasks to queue
[2025-01-31T14:44:53.233+0000] {logging_mixin.py:190} INFO - [2025-01-31T14:44:53.233+0000] {dagbag.py:588} INFO - Filling up the DagBag from /home/airflow/.local/lib/python3.12/site-packages/airflow/example_dags/example_latest_only_with_trigger.py
[2025-01-31T14:44:53.239+0000] {processor.py:925} INFO - DAG(s) 'latest_only_with_trigger' retrieved from /home/airflow/.local/lib/python3.12/site-packages/airflow/example_dags/example_latest_only_with_trigger.py
[2025-01-31T14:44:53.254+0000] {logging_mixin.py:190} INFO - [2025-01-31T14:44:53.254+0000] {dag.py:3239} INFO - Sync 1 DAGs
[2025-01-31T14:44:53.272+0000] {logging_mixin.py:190} INFO - [2025-01-31T14:44:53.272+0000] {dag.py:4180} INFO - Setting next_dagrun for latest_only_with_trigger to 2025-01-31 08:00:00+00:00, run_after=2025-01-31 12:00:00+00:00
[2025-01-31T14:44:53.285+0000] {processor.py:208} INFO - Processing /home/airflow/.local/lib/python3.12/site-packages/airflow/example_dags/example_latest_only_with_trigger.py took 0.058 seconds
[2025-01-31T14:45:23.708+0000] {processor.py:186} INFO - Started process (PID=2312) to work on /home/airflow/.local/lib/python3.12/site-packages/airflow/example_dags/example_latest_only_with_trigger.py
[2025-01-31T14:45:23.709+0000] {processor.py:914} INFO - Processing file /home/airflow/.local/lib/python3.12/site-packages/airflow/example_dags/example_latest_only_with_trigger.py for tasks to queue
[2025-01-31T14:45:23.711+0000] {logging_mixin.py:190} INFO - [2025-01-31T14:45:23.710+0000] {dagbag.py:588} INFO - Filling up the DagBag from /home/airflow/.local/lib/python3.12/site-packages/airflow/example_dags/example_latest_only_with_trigger.py
[2025-01-31T14:45:23.716+0000] {processor.py:925} INFO - DAG(s) 'latest_only_with_trigger' retrieved from /home/airflow/.local/lib/python3.12/site-packages/airflow/example_dags/example_latest_only_with_trigger.py
[2025-01-31T14:45:23.734+0000] {logging_mixin.py:190} INFO - [2025-01-31T14:45:23.734+0000] {dag.py:3239} INFO - Sync 1 DAGs
[2025-01-31T14:45:23.757+0000] {logging_mixin.py:190} INFO - [2025-01-31T14:45:23.757+0000] {dag.py:4180} INFO - Setting next_dagrun for latest_only_with_trigger to 2025-01-31 08:00:00+00:00, run_after=2025-01-31 12:00:00+00:00
[2025-01-31T14:45:23.772+0000] {processor.py:208} INFO - Processing /home/airflow/.local/lib/python3.12/site-packages/airflow/example_dags/example_latest_only_with_trigger.py took 0.068 seconds
[2025-01-31T14:45:54.711+0000] {processor.py:186} INFO - Started process (PID=2377) to work on /home/airflow/.local/lib/python3.12/site-packages/airflow/example_dags/example_latest_only_with_trigger.py
[2025-01-31T14:45:54.712+0000] {processor.py:914} INFO - Processing file /home/airflow/.local/lib/python3.12/site-packages/airflow/example_dags/example_latest_only_with_trigger.py for tasks to queue
[2025-01-31T14:45:54.713+0000] {logging_mixin.py:190} INFO - [2025-01-31T14:45:54.713+0000] {dagbag.py:588} INFO - Filling up the DagBag from /home/airflow/.local/lib/python3.12/site-packages/airflow/example_dags/example_latest_only_with_trigger.py
[2025-01-31T14:45:54.719+0000] {processor.py:925} INFO - DAG(s) 'latest_only_with_trigger' retrieved from /home/airflow/.local/lib/python3.12/site-packages/airflow/example_dags/example_latest_only_with_trigger.py
[2025-01-31T14:45:54.740+0000] {logging_mixin.py:190} INFO - [2025-01-31T14:45:54.740+0000] {dag.py:3239} INFO - Sync 1 DAGs
[2025-01-31T14:45:54.763+0000] {logging_mixin.py:190} INFO - [2025-01-31T14:45:54.763+0000] {dag.py:4180} INFO - Setting next_dagrun for latest_only_with_trigger to 2025-01-31 08:00:00+00:00, run_after=2025-01-31 12:00:00+00:00
[2025-01-31T14:45:54.778+0000] {processor.py:208} INFO - Processing /home/airflow/.local/lib/python3.12/site-packages/airflow/example_dags/example_latest_only_with_trigger.py took 0.072 seconds
[2025-01-31T14:46:25.614+0000] {processor.py:186} INFO - Started process (PID=2446) to work on /home/airflow/.local/lib/python3.12/site-packages/airflow/example_dags/example_latest_only_with_trigger.py
[2025-01-31T14:46:25.615+0000] {processor.py:914} INFO - Processing file /home/airflow/.local/lib/python3.12/site-packages/airflow/example_dags/example_latest_only_with_trigger.py for tasks to queue
[2025-01-31T14:46:25.617+0000] {logging_mixin.py:190} INFO - [2025-01-31T14:46:25.617+0000] {dagbag.py:588} INFO - Filling up the DagBag from /home/airflow/.local/lib/python3.12/site-packages/airflow/example_dags/example_latest_only_with_trigger.py
[2025-01-31T14:46:25.623+0000] {processor.py:925} INFO - DAG(s) 'latest_only_with_trigger' retrieved from /home/airflow/.local/lib/python3.12/site-packages/airflow/example_dags/example_latest_only_with_trigger.py
[2025-01-31T14:46:25.638+0000] {logging_mixin.py:190} INFO - [2025-01-31T14:46:25.638+0000] {dag.py:3239} INFO - Sync 1 DAGs
[2025-01-31T14:46:25.656+0000] {logging_mixin.py:190} INFO - [2025-01-31T14:46:25.656+0000] {dag.py:4180} INFO - Setting next_dagrun for latest_only_with_trigger to 2025-01-31 08:00:00+00:00, run_after=2025-01-31 12:00:00+00:00
[2025-01-31T14:46:25.669+0000] {processor.py:208} INFO - Processing /home/airflow/.local/lib/python3.12/site-packages/airflow/example_dags/example_latest_only_with_trigger.py took 0.059 seconds
[2025-01-31T14:46:56.292+0000] {processor.py:186} INFO - Started process (PID=2511) to work on /home/airflow/.local/lib/python3.12/site-packages/airflow/example_dags/example_latest_only_with_trigger.py
[2025-01-31T14:46:56.293+0000] {processor.py:914} INFO - Processing file /home/airflow/.local/lib/python3.12/site-packages/airflow/example_dags/example_latest_only_with_trigger.py for tasks to queue
[2025-01-31T14:46:56.294+0000] {logging_mixin.py:190} INFO - [2025-01-31T14:46:56.294+0000] {dagbag.py:588} INFO - Filling up the DagBag from /home/airflow/.local/lib/python3.12/site-packages/airflow/example_dags/example_latest_only_with_trigger.py
[2025-01-31T14:46:56.301+0000] {processor.py:925} INFO - DAG(s) 'latest_only_with_trigger' retrieved from /home/airflow/.local/lib/python3.12/site-packages/airflow/example_dags/example_latest_only_with_trigger.py
[2025-01-31T14:46:56.320+0000] {logging_mixin.py:190} INFO - [2025-01-31T14:46:56.320+0000] {dag.py:3239} INFO - Sync 1 DAGs
[2025-01-31T14:46:56.343+0000] {logging_mixin.py:190} INFO - [2025-01-31T14:46:56.343+0000] {dag.py:4180} INFO - Setting next_dagrun for latest_only_with_trigger to 2025-01-31 08:00:00+00:00, run_after=2025-01-31 12:00:00+00:00
[2025-01-31T14:46:56.357+0000] {processor.py:208} INFO - Processing /home/airflow/.local/lib/python3.12/site-packages/airflow/example_dags/example_latest_only_with_trigger.py took 0.070 seconds
[2025-01-31T14:47:27.357+0000] {processor.py:186} INFO - Started process (PID=2579) to work on /home/airflow/.local/lib/python3.12/site-packages/airflow/example_dags/example_latest_only_with_trigger.py
[2025-01-31T14:47:27.357+0000] {processor.py:914} INFO - Processing file /home/airflow/.local/lib/python3.12/site-packages/airflow/example_dags/example_latest_only_with_trigger.py for tasks to queue
[2025-01-31T14:47:27.359+0000] {logging_mixin.py:190} INFO - [2025-01-31T14:47:27.359+0000] {dagbag.py:588} INFO - Filling up the DagBag from /home/airflow/.local/lib/python3.12/site-packages/airflow/example_dags/example_latest_only_with_trigger.py
[2025-01-31T14:47:27.364+0000] {processor.py:925} INFO - DAG(s) 'latest_only_with_trigger' retrieved from /home/airflow/.local/lib/python3.12/site-packages/airflow/example_dags/example_latest_only_with_trigger.py
[2025-01-31T14:47:27.379+0000] {logging_mixin.py:190} INFO - [2025-01-31T14:47:27.379+0000] {dag.py:3239} INFO - Sync 1 DAGs
[2025-01-31T14:47:27.396+0000] {logging_mixin.py:190} INFO - [2025-01-31T14:47:27.396+0000] {dag.py:4180} INFO - Setting next_dagrun for latest_only_with_trigger to 2025-01-31 08:00:00+00:00, run_after=2025-01-31 12:00:00+00:00
[2025-01-31T14:47:27.408+0000] {processor.py:208} INFO - Processing /home/airflow/.local/lib/python3.12/site-packages/airflow/example_dags/example_latest_only_with_trigger.py took 0.056 seconds
[2025-01-31T14:47:58.183+0000] {processor.py:186} INFO - Started process (PID=2646) to work on /home/airflow/.local/lib/python3.12/site-packages/airflow/example_dags/example_latest_only_with_trigger.py
[2025-01-31T14:47:58.183+0000] {processor.py:914} INFO - Processing file /home/airflow/.local/lib/python3.12/site-packages/airflow/example_dags/example_latest_only_with_trigger.py for tasks to queue
[2025-01-31T14:47:58.185+0000] {logging_mixin.py:190} INFO - [2025-01-31T14:47:58.185+0000] {dagbag.py:588} INFO - Filling up the DagBag from /home/airflow/.local/lib/python3.12/site-packages/airflow/example_dags/example_latest_only_with_trigger.py
[2025-01-31T14:47:58.191+0000] {processor.py:925} INFO - DAG(s) 'latest_only_with_trigger' retrieved from /home/airflow/.local/lib/python3.12/site-packages/airflow/example_dags/example_latest_only_with_trigger.py
[2025-01-31T14:47:58.206+0000] {logging_mixin.py:190} INFO - [2025-01-31T14:47:58.206+0000] {dag.py:3239} INFO - Sync 1 DAGs
[2025-01-31T14:47:58.223+0000] {logging_mixin.py:190} INFO - [2025-01-31T14:47:58.223+0000] {dag.py:4180} INFO - Setting next_dagrun for latest_only_with_trigger to 2025-01-31 08:00:00+00:00, run_after=2025-01-31 12:00:00+00:00
[2025-01-31T14:47:58.235+0000] {processor.py:208} INFO - Processing /home/airflow/.local/lib/python3.12/site-packages/airflow/example_dags/example_latest_only_with_trigger.py took 0.057 seconds
[2025-01-31T14:48:28.960+0000] {processor.py:186} INFO - Started process (PID=2712) to work on /home/airflow/.local/lib/python3.12/site-packages/airflow/example_dags/example_latest_only_with_trigger.py
[2025-01-31T14:48:28.961+0000] {processor.py:914} INFO - Processing file /home/airflow/.local/lib/python3.12/site-packages/airflow/example_dags/example_latest_only_with_trigger.py for tasks to queue
[2025-01-31T14:48:28.962+0000] {logging_mixin.py:190} INFO - [2025-01-31T14:48:28.962+0000] {dagbag.py:588} INFO - Filling up the DagBag from /home/airflow/.local/lib/python3.12/site-packages/airflow/example_dags/example_latest_only_with_trigger.py
[2025-01-31T14:48:28.968+0000] {processor.py:925} INFO - DAG(s) 'latest_only_with_trigger' retrieved from /home/airflow/.local/lib/python3.12/site-packages/airflow/example_dags/example_latest_only_with_trigger.py
[2025-01-31T14:48:28.983+0000] {logging_mixin.py:190} INFO - [2025-01-31T14:48:28.983+0000] {dag.py:3239} INFO - Sync 1 DAGs
[2025-01-31T14:48:28.999+0000] {logging_mixin.py:190} INFO - [2025-01-31T14:48:28.999+0000] {dag.py:4180} INFO - Setting next_dagrun for latest_only_with_trigger to 2025-01-31 08:00:00+00:00, run_after=2025-01-31 12:00:00+00:00
[2025-01-31T14:48:29.012+0000] {processor.py:208} INFO - Processing /home/airflow/.local/lib/python3.12/site-packages/airflow/example_dags/example_latest_only_with_trigger.py took 0.056 seconds
[2025-01-31T14:48:59.132+0000] {processor.py:186} INFO - Started process (PID=2777) to work on /home/airflow/.local/lib/python3.12/site-packages/airflow/example_dags/example_latest_only_with_trigger.py
[2025-01-31T14:48:59.133+0000] {processor.py:914} INFO - Processing file /home/airflow/.local/lib/python3.12/site-packages/airflow/example_dags/example_latest_only_with_trigger.py for tasks to queue
[2025-01-31T14:48:59.135+0000] {logging_mixin.py:190} INFO - [2025-01-31T14:48:59.134+0000] {dagbag.py:588} INFO - Filling up the DagBag from /home/airflow/.local/lib/python3.12/site-packages/airflow/example_dags/example_latest_only_with_trigger.py
[2025-01-31T14:48:59.140+0000] {processor.py:925} INFO - DAG(s) 'latest_only_with_trigger' retrieved from /home/airflow/.local/lib/python3.12/site-packages/airflow/example_dags/example_latest_only_with_trigger.py
[2025-01-31T14:48:59.156+0000] {logging_mixin.py:190} INFO - [2025-01-31T14:48:59.155+0000] {dag.py:3239} INFO - Sync 1 DAGs
[2025-01-31T14:48:59.179+0000] {logging_mixin.py:190} INFO - [2025-01-31T14:48:59.179+0000] {dag.py:4180} INFO - Setting next_dagrun for latest_only_with_trigger to 2025-01-31 08:00:00+00:00, run_after=2025-01-31 12:00:00+00:00
[2025-01-31T14:48:59.193+0000] {processor.py:208} INFO - Processing /home/airflow/.local/lib/python3.12/site-packages/airflow/example_dags/example_latest_only_with_trigger.py took 0.065 seconds
[2025-01-31T14:49:29.741+0000] {processor.py:186} INFO - Started process (PID=2843) to work on /home/airflow/.local/lib/python3.12/site-packages/airflow/example_dags/example_latest_only_with_trigger.py
[2025-01-31T14:49:29.742+0000] {processor.py:914} INFO - Processing file /home/airflow/.local/lib/python3.12/site-packages/airflow/example_dags/example_latest_only_with_trigger.py for tasks to queue
[2025-01-31T14:49:29.744+0000] {logging_mixin.py:190} INFO - [2025-01-31T14:49:29.743+0000] {dagbag.py:588} INFO - Filling up the DagBag from /home/airflow/.local/lib/python3.12/site-packages/airflow/example_dags/example_latest_only_with_trigger.py
[2025-01-31T14:49:29.749+0000] {processor.py:925} INFO - DAG(s) 'latest_only_with_trigger' retrieved from /home/airflow/.local/lib/python3.12/site-packages/airflow/example_dags/example_latest_only_with_trigger.py
[2025-01-31T14:49:29.765+0000] {logging_mixin.py:190} INFO - [2025-01-31T14:49:29.765+0000] {dag.py:3239} INFO - Sync 1 DAGs
[2025-01-31T14:49:29.782+0000] {logging_mixin.py:190} INFO - [2025-01-31T14:49:29.782+0000] {dag.py:4180} INFO - Setting next_dagrun for latest_only_with_trigger to 2025-01-31 08:00:00+00:00, run_after=2025-01-31 12:00:00+00:00
[2025-01-31T14:49:29.795+0000] {processor.py:208} INFO - Processing /home/airflow/.local/lib/python3.12/site-packages/airflow/example_dags/example_latest_only_with_trigger.py took 0.058 seconds
[2025-01-31T14:50:00.481+0000] {processor.py:186} INFO - Started process (PID=2909) to work on /home/airflow/.local/lib/python3.12/site-packages/airflow/example_dags/example_latest_only_with_trigger.py
[2025-01-31T14:50:00.482+0000] {processor.py:914} INFO - Processing file /home/airflow/.local/lib/python3.12/site-packages/airflow/example_dags/example_latest_only_with_trigger.py for tasks to queue
[2025-01-31T14:50:00.484+0000] {logging_mixin.py:190} INFO - [2025-01-31T14:50:00.483+0000] {dagbag.py:588} INFO - Filling up the DagBag from /home/airflow/.local/lib/python3.12/site-packages/airflow/example_dags/example_latest_only_with_trigger.py
[2025-01-31T14:50:00.490+0000] {processor.py:925} INFO - DAG(s) 'latest_only_with_trigger' retrieved from /home/airflow/.local/lib/python3.12/site-packages/airflow/example_dags/example_latest_only_with_trigger.py
[2025-01-31T14:50:00.508+0000] {logging_mixin.py:190} INFO - [2025-01-31T14:50:00.508+0000] {dag.py:3239} INFO - Sync 1 DAGs
[2025-01-31T14:50:00.531+0000] {logging_mixin.py:190} INFO - [2025-01-31T14:50:00.531+0000] {dag.py:4180} INFO - Setting next_dagrun for latest_only_with_trigger to 2025-01-31 08:00:00+00:00, run_after=2025-01-31 12:00:00+00:00
[2025-01-31T14:50:00.547+0000] {processor.py:208} INFO - Processing /home/airflow/.local/lib/python3.12/site-packages/airflow/example_dags/example_latest_only_with_trigger.py took 0.070 seconds
[2025-01-31T14:50:31.215+0000] {processor.py:186} INFO - Started process (PID=2975) to work on /home/airflow/.local/lib/python3.12/site-packages/airflow/example_dags/example_latest_only_with_trigger.py
[2025-01-31T14:50:31.216+0000] {processor.py:914} INFO - Processing file /home/airflow/.local/lib/python3.12/site-packages/airflow/example_dags/example_latest_only_with_trigger.py for tasks to queue
[2025-01-31T14:50:31.217+0000] {logging_mixin.py:190} INFO - [2025-01-31T14:50:31.217+0000] {dagbag.py:588} INFO - Filling up the DagBag from /home/airflow/.local/lib/python3.12/site-packages/airflow/example_dags/example_latest_only_with_trigger.py
[2025-01-31T14:50:31.223+0000] {processor.py:925} INFO - DAG(s) 'latest_only_with_trigger' retrieved from /home/airflow/.local/lib/python3.12/site-packages/airflow/example_dags/example_latest_only_with_trigger.py
[2025-01-31T14:50:31.240+0000] {logging_mixin.py:190} INFO - [2025-01-31T14:50:31.240+0000] {dag.py:3239} INFO - Sync 1 DAGs
[2025-01-31T14:50:31.260+0000] {logging_mixin.py:190} INFO - [2025-01-31T14:50:31.260+0000] {dag.py:4180} INFO - Setting next_dagrun for latest_only_with_trigger to 2025-01-31 08:00:00+00:00, run_after=2025-01-31 12:00:00+00:00
[2025-01-31T14:50:31.275+0000] {processor.py:208} INFO - Processing /home/airflow/.local/lib/python3.12/site-packages/airflow/example_dags/example_latest_only_with_trigger.py took 0.064 seconds
[2025-01-31T14:51:02.109+0000] {processor.py:186} INFO - Started process (PID=3041) to work on /home/airflow/.local/lib/python3.12/site-packages/airflow/example_dags/example_latest_only_with_trigger.py
[2025-01-31T14:51:02.110+0000] {processor.py:914} INFO - Processing file /home/airflow/.local/lib/python3.12/site-packages/airflow/example_dags/example_latest_only_with_trigger.py for tasks to queue
[2025-01-31T14:51:02.113+0000] {logging_mixin.py:190} INFO - [2025-01-31T14:51:02.112+0000] {dagbag.py:588} INFO - Filling up the DagBag from /home/airflow/.local/lib/python3.12/site-packages/airflow/example_dags/example_latest_only_with_trigger.py
[2025-01-31T14:51:02.120+0000] {processor.py:925} INFO - DAG(s) 'latest_only_with_trigger' retrieved from /home/airflow/.local/lib/python3.12/site-packages/airflow/example_dags/example_latest_only_with_trigger.py
[2025-01-31T14:51:02.158+0000] {logging_mixin.py:190} INFO - [2025-01-31T14:51:02.158+0000] {dag.py:3239} INFO - Sync 1 DAGs
[2025-01-31T14:51:02.183+0000] {logging_mixin.py:190} INFO - [2025-01-31T14:51:02.183+0000] {dag.py:4180} INFO - Setting next_dagrun for latest_only_with_trigger to 2025-01-31 08:00:00+00:00, run_after=2025-01-31 12:00:00+00:00
[2025-01-31T14:51:02.200+0000] {processor.py:208} INFO - Processing /home/airflow/.local/lib/python3.12/site-packages/airflow/example_dags/example_latest_only_with_trigger.py took 0.097 seconds
[2025-01-31T14:51:32.513+0000] {processor.py:186} INFO - Started process (PID=3108) to work on /home/airflow/.local/lib/python3.12/site-packages/airflow/example_dags/example_latest_only_with_trigger.py
[2025-01-31T14:51:32.514+0000] {processor.py:914} INFO - Processing file /home/airflow/.local/lib/python3.12/site-packages/airflow/example_dags/example_latest_only_with_trigger.py for tasks to queue
[2025-01-31T14:51:32.515+0000] {logging_mixin.py:190} INFO - [2025-01-31T14:51:32.515+0000] {dagbag.py:588} INFO - Filling up the DagBag from /home/airflow/.local/lib/python3.12/site-packages/airflow/example_dags/example_latest_only_with_trigger.py
[2025-01-31T14:51:32.521+0000] {processor.py:925} INFO - DAG(s) 'latest_only_with_trigger' retrieved from /home/airflow/.local/lib/python3.12/site-packages/airflow/example_dags/example_latest_only_with_trigger.py
[2025-01-31T14:51:32.536+0000] {logging_mixin.py:190} INFO - [2025-01-31T14:51:32.536+0000] {dag.py:3239} INFO - Sync 1 DAGs
[2025-01-31T14:51:32.553+0000] {logging_mixin.py:190} INFO - [2025-01-31T14:51:32.553+0000] {dag.py:4180} INFO - Setting next_dagrun for latest_only_with_trigger to 2025-01-31 08:00:00+00:00, run_after=2025-01-31 12:00:00+00:00
[2025-01-31T14:51:32.566+0000] {processor.py:208} INFO - Processing /home/airflow/.local/lib/python3.12/site-packages/airflow/example_dags/example_latest_only_with_trigger.py took 0.058 seconds
[2025-01-31T14:52:03.549+0000] {processor.py:186} INFO - Started process (PID=3176) to work on /home/airflow/.local/lib/python3.12/site-packages/airflow/example_dags/example_latest_only_with_trigger.py
[2025-01-31T14:52:03.550+0000] {processor.py:914} INFO - Processing file /home/airflow/.local/lib/python3.12/site-packages/airflow/example_dags/example_latest_only_with_trigger.py for tasks to queue
[2025-01-31T14:52:03.551+0000] {logging_mixin.py:190} INFO - [2025-01-31T14:52:03.551+0000] {dagbag.py:588} INFO - Filling up the DagBag from /home/airflow/.local/lib/python3.12/site-packages/airflow/example_dags/example_latest_only_with_trigger.py
[2025-01-31T14:52:03.557+0000] {processor.py:925} INFO - DAG(s) 'latest_only_with_trigger' retrieved from /home/airflow/.local/lib/python3.12/site-packages/airflow/example_dags/example_latest_only_with_trigger.py
[2025-01-31T14:52:03.575+0000] {logging_mixin.py:190} INFO - [2025-01-31T14:52:03.575+0000] {dag.py:3239} INFO - Sync 1 DAGs
[2025-01-31T14:52:03.598+0000] {logging_mixin.py:190} INFO - [2025-01-31T14:52:03.597+0000] {dag.py:4180} INFO - Setting next_dagrun for latest_only_with_trigger to 2025-01-31 08:00:00+00:00, run_after=2025-01-31 12:00:00+00:00
[2025-01-31T14:52:03.613+0000] {processor.py:208} INFO - Processing /home/airflow/.local/lib/python3.12/site-packages/airflow/example_dags/example_latest_only_with_trigger.py took 0.068 seconds
[2025-01-31T14:52:34.423+0000] {processor.py:186} INFO - Started process (PID=3243) to work on /home/airflow/.local/lib/python3.12/site-packages/airflow/example_dags/example_latest_only_with_trigger.py
[2025-01-31T14:52:34.424+0000] {processor.py:914} INFO - Processing file /home/airflow/.local/lib/python3.12/site-packages/airflow/example_dags/example_latest_only_with_trigger.py for tasks to queue
[2025-01-31T14:52:34.425+0000] {logging_mixin.py:190} INFO - [2025-01-31T14:52:34.425+0000] {dagbag.py:588} INFO - Filling up the DagBag from /home/airflow/.local/lib/python3.12/site-packages/airflow/example_dags/example_latest_only_with_trigger.py
[2025-01-31T14:52:34.431+0000] {processor.py:925} INFO - DAG(s) 'latest_only_with_trigger' retrieved from /home/airflow/.local/lib/python3.12/site-packages/airflow/example_dags/example_latest_only_with_trigger.py
[2025-01-31T14:52:34.447+0000] {logging_mixin.py:190} INFO - [2025-01-31T14:52:34.447+0000] {dag.py:3239} INFO - Sync 1 DAGs
[2025-01-31T14:52:34.464+0000] {logging_mixin.py:190} INFO - [2025-01-31T14:52:34.464+0000] {dag.py:4180} INFO - Setting next_dagrun for latest_only_with_trigger to 2025-01-31 08:00:00+00:00, run_after=2025-01-31 12:00:00+00:00
[2025-01-31T14:52:34.477+0000] {processor.py:208} INFO - Processing /home/airflow/.local/lib/python3.12/site-packages/airflow/example_dags/example_latest_only_with_trigger.py took 0.058 seconds
[2025-01-31T14:53:04.646+0000] {processor.py:186} INFO - Started process (PID=3308) to work on /home/airflow/.local/lib/python3.12/site-packages/airflow/example_dags/example_latest_only_with_trigger.py
[2025-01-31T14:53:04.647+0000] {processor.py:914} INFO - Processing file /home/airflow/.local/lib/python3.12/site-packages/airflow/example_dags/example_latest_only_with_trigger.py for tasks to queue
[2025-01-31T14:53:04.648+0000] {logging_mixin.py:190} INFO - [2025-01-31T14:53:04.648+0000] {dagbag.py:588} INFO - Filling up the DagBag from /home/airflow/.local/lib/python3.12/site-packages/airflow/example_dags/example_latest_only_with_trigger.py
[2025-01-31T14:53:04.654+0000] {processor.py:925} INFO - DAG(s) 'latest_only_with_trigger' retrieved from /home/airflow/.local/lib/python3.12/site-packages/airflow/example_dags/example_latest_only_with_trigger.py
[2025-01-31T14:53:04.669+0000] {logging_mixin.py:190} INFO - [2025-01-31T14:53:04.669+0000] {dag.py:3239} INFO - Sync 1 DAGs
[2025-01-31T14:53:04.686+0000] {logging_mixin.py:190} INFO - [2025-01-31T14:53:04.686+0000] {dag.py:4180} INFO - Setting next_dagrun for latest_only_with_trigger to 2025-01-31 08:00:00+00:00, run_after=2025-01-31 12:00:00+00:00
[2025-01-31T14:53:04.698+0000] {processor.py:208} INFO - Processing /home/airflow/.local/lib/python3.12/site-packages/airflow/example_dags/example_latest_only_with_trigger.py took 0.056 seconds
[2025-01-31T14:53:35.226+0000] {processor.py:186} INFO - Started process (PID=3374) to work on /home/airflow/.local/lib/python3.12/site-packages/airflow/example_dags/example_latest_only_with_trigger.py
[2025-01-31T14:53:35.227+0000] {processor.py:914} INFO - Processing file /home/airflow/.local/lib/python3.12/site-packages/airflow/example_dags/example_latest_only_with_trigger.py for tasks to queue
[2025-01-31T14:53:35.229+0000] {logging_mixin.py:190} INFO - [2025-01-31T14:53:35.228+0000] {dagbag.py:588} INFO - Filling up the DagBag from /home/airflow/.local/lib/python3.12/site-packages/airflow/example_dags/example_latest_only_with_trigger.py
[2025-01-31T14:53:35.234+0000] {processor.py:925} INFO - DAG(s) 'latest_only_with_trigger' retrieved from /home/airflow/.local/lib/python3.12/site-packages/airflow/example_dags/example_latest_only_with_trigger.py
[2025-01-31T14:53:35.249+0000] {logging_mixin.py:190} INFO - [2025-01-31T14:53:35.249+0000] {dag.py:3239} INFO - Sync 1 DAGs
[2025-01-31T14:53:35.265+0000] {logging_mixin.py:190} INFO - [2025-01-31T14:53:35.265+0000] {dag.py:4180} INFO - Setting next_dagrun for latest_only_with_trigger to 2025-01-31 08:00:00+00:00, run_after=2025-01-31 12:00:00+00:00
[2025-01-31T14:53:35.277+0000] {processor.py:208} INFO - Processing /home/airflow/.local/lib/python3.12/site-packages/airflow/example_dags/example_latest_only_with_trigger.py took 0.055 seconds
[2025-01-31T14:54:07.259+0000] {processor.py:186} INFO - Started process (PID=3440) to work on /home/airflow/.local/lib/python3.12/site-packages/airflow/example_dags/example_latest_only_with_trigger.py
[2025-01-31T14:54:07.259+0000] {processor.py:914} INFO - Processing file /home/airflow/.local/lib/python3.12/site-packages/airflow/example_dags/example_latest_only_with_trigger.py for tasks to queue
[2025-01-31T14:54:07.261+0000] {logging_mixin.py:190} INFO - [2025-01-31T14:54:07.261+0000] {dagbag.py:588} INFO - Filling up the DagBag from /home/airflow/.local/lib/python3.12/site-packages/airflow/example_dags/example_latest_only_with_trigger.py
[2025-01-31T14:54:07.268+0000] {processor.py:925} INFO - DAG(s) 'latest_only_with_trigger' retrieved from /home/airflow/.local/lib/python3.12/site-packages/airflow/example_dags/example_latest_only_with_trigger.py
[2025-01-31T14:54:07.473+0000] {logging_mixin.py:190} INFO - [2025-01-31T14:54:07.473+0000] {dag.py:3239} INFO - Sync 1 DAGs
[2025-01-31T14:54:07.491+0000] {logging_mixin.py:190} INFO - [2025-01-31T14:54:07.491+0000] {dag.py:4180} INFO - Setting next_dagrun for latest_only_with_trigger to 2025-01-31 08:00:00+00:00, run_after=2025-01-31 12:00:00+00:00
[2025-01-31T14:54:07.503+0000] {processor.py:208} INFO - Processing /home/airflow/.local/lib/python3.12/site-packages/airflow/example_dags/example_latest_only_with_trigger.py took 0.249 seconds
[2025-01-31T14:54:37.593+0000] {processor.py:186} INFO - Started process (PID=3506) to work on /home/airflow/.local/lib/python3.12/site-packages/airflow/example_dags/example_latest_only_with_trigger.py
[2025-01-31T14:54:37.594+0000] {processor.py:914} INFO - Processing file /home/airflow/.local/lib/python3.12/site-packages/airflow/example_dags/example_latest_only_with_trigger.py for tasks to queue
[2025-01-31T14:54:37.595+0000] {logging_mixin.py:190} INFO - [2025-01-31T14:54:37.595+0000] {dagbag.py:588} INFO - Filling up the DagBag from /home/airflow/.local/lib/python3.12/site-packages/airflow/example_dags/example_latest_only_with_trigger.py
[2025-01-31T14:54:37.601+0000] {processor.py:925} INFO - DAG(s) 'latest_only_with_trigger' retrieved from /home/airflow/.local/lib/python3.12/site-packages/airflow/example_dags/example_latest_only_with_trigger.py
[2025-01-31T14:54:37.617+0000] {logging_mixin.py:190} INFO - [2025-01-31T14:54:37.617+0000] {dag.py:3239} INFO - Sync 1 DAGs
[2025-01-31T14:54:37.788+0000] {logging_mixin.py:190} INFO - [2025-01-31T14:54:37.787+0000] {dag.py:4180} INFO - Setting next_dagrun for latest_only_with_trigger to 2025-01-31 08:00:00+00:00, run_after=2025-01-31 12:00:00+00:00
[2025-01-31T14:54:37.803+0000] {processor.py:208} INFO - Processing /home/airflow/.local/lib/python3.12/site-packages/airflow/example_dags/example_latest_only_with_trigger.py took 0.215 seconds
[2025-01-31T14:55:08.057+0000] {processor.py:186} INFO - Started process (PID=3572) to work on /home/airflow/.local/lib/python3.12/site-packages/airflow/example_dags/example_latest_only_with_trigger.py
[2025-01-31T14:55:08.058+0000] {processor.py:914} INFO - Processing file /home/airflow/.local/lib/python3.12/site-packages/airflow/example_dags/example_latest_only_with_trigger.py for tasks to queue
[2025-01-31T14:55:08.060+0000] {logging_mixin.py:190} INFO - [2025-01-31T14:55:08.059+0000] {dagbag.py:588} INFO - Filling up the DagBag from /home/airflow/.local/lib/python3.12/site-packages/airflow/example_dags/example_latest_only_with_trigger.py
[2025-01-31T14:55:08.065+0000] {processor.py:925} INFO - DAG(s) 'latest_only_with_trigger' retrieved from /home/airflow/.local/lib/python3.12/site-packages/airflow/example_dags/example_latest_only_with_trigger.py
[2025-01-31T14:55:08.080+0000] {logging_mixin.py:190} INFO - [2025-01-31T14:55:08.080+0000] {dag.py:3239} INFO - Sync 1 DAGs
[2025-01-31T14:55:08.097+0000] {logging_mixin.py:190} INFO - [2025-01-31T14:55:08.097+0000] {dag.py:4180} INFO - Setting next_dagrun for latest_only_with_trigger to 2025-01-31 08:00:00+00:00, run_after=2025-01-31 12:00:00+00:00
[2025-01-31T14:55:08.109+0000] {processor.py:208} INFO - Processing /home/airflow/.local/lib/python3.12/site-packages/airflow/example_dags/example_latest_only_with_trigger.py took 0.056 seconds
[2025-01-31T14:55:38.347+0000] {processor.py:186} INFO - Started process (PID=3639) to work on /home/airflow/.local/lib/python3.12/site-packages/airflow/example_dags/example_latest_only_with_trigger.py
[2025-01-31T14:55:38.347+0000] {processor.py:914} INFO - Processing file /home/airflow/.local/lib/python3.12/site-packages/airflow/example_dags/example_latest_only_with_trigger.py for tasks to queue
[2025-01-31T14:55:38.349+0000] {logging_mixin.py:190} INFO - [2025-01-31T14:55:38.349+0000] {dagbag.py:588} INFO - Filling up the DagBag from /home/airflow/.local/lib/python3.12/site-packages/airflow/example_dags/example_latest_only_with_trigger.py
[2025-01-31T14:55:38.356+0000] {processor.py:925} INFO - DAG(s) 'latest_only_with_trigger' retrieved from /home/airflow/.local/lib/python3.12/site-packages/airflow/example_dags/example_latest_only_with_trigger.py
[2025-01-31T14:55:38.371+0000] {logging_mixin.py:190} INFO - [2025-01-31T14:55:38.371+0000] {dag.py:3239} INFO - Sync 1 DAGs
[2025-01-31T14:55:38.388+0000] {logging_mixin.py:190} INFO - [2025-01-31T14:55:38.388+0000] {dag.py:4180} INFO - Setting next_dagrun for latest_only_with_trigger to 2025-01-31 08:00:00+00:00, run_after=2025-01-31 12:00:00+00:00
[2025-01-31T14:55:38.400+0000] {processor.py:208} INFO - Processing /home/airflow/.local/lib/python3.12/site-packages/airflow/example_dags/example_latest_only_with_trigger.py took 0.058 seconds
[2025-01-31T14:56:09.272+0000] {processor.py:186} INFO - Started process (PID=3705) to work on /home/airflow/.local/lib/python3.12/site-packages/airflow/example_dags/example_latest_only_with_trigger.py
[2025-01-31T14:56:09.272+0000] {processor.py:914} INFO - Processing file /home/airflow/.local/lib/python3.12/site-packages/airflow/example_dags/example_latest_only_with_trigger.py for tasks to queue
[2025-01-31T14:56:09.274+0000] {logging_mixin.py:190} INFO - [2025-01-31T14:56:09.274+0000] {dagbag.py:588} INFO - Filling up the DagBag from /home/airflow/.local/lib/python3.12/site-packages/airflow/example_dags/example_latest_only_with_trigger.py
[2025-01-31T14:56:09.280+0000] {processor.py:925} INFO - DAG(s) 'latest_only_with_trigger' retrieved from /home/airflow/.local/lib/python3.12/site-packages/airflow/example_dags/example_latest_only_with_trigger.py
[2025-01-31T14:56:09.296+0000] {logging_mixin.py:190} INFO - [2025-01-31T14:56:09.295+0000] {dag.py:3239} INFO - Sync 1 DAGs
[2025-01-31T14:56:09.314+0000] {logging_mixin.py:190} INFO - [2025-01-31T14:56:09.313+0000] {dag.py:4180} INFO - Setting next_dagrun for latest_only_with_trigger to 2025-01-31 08:00:00+00:00, run_after=2025-01-31 12:00:00+00:00
[2025-01-31T14:56:09.325+0000] {processor.py:208} INFO - Processing /home/airflow/.local/lib/python3.12/site-packages/airflow/example_dags/example_latest_only_with_trigger.py took 0.058 seconds
[2025-01-31T14:56:39.439+0000] {processor.py:186} INFO - Started process (PID=3772) to work on /home/airflow/.local/lib/python3.12/site-packages/airflow/example_dags/example_latest_only_with_trigger.py
[2025-01-31T14:56:39.440+0000] {processor.py:914} INFO - Processing file /home/airflow/.local/lib/python3.12/site-packages/airflow/example_dags/example_latest_only_with_trigger.py for tasks to queue
[2025-01-31T14:56:39.442+0000] {logging_mixin.py:190} INFO - [2025-01-31T14:56:39.441+0000] {dagbag.py:588} INFO - Filling up the DagBag from /home/airflow/.local/lib/python3.12/site-packages/airflow/example_dags/example_latest_only_with_trigger.py
[2025-01-31T14:56:39.449+0000] {processor.py:925} INFO - DAG(s) 'latest_only_with_trigger' retrieved from /home/airflow/.local/lib/python3.12/site-packages/airflow/example_dags/example_latest_only_with_trigger.py
[2025-01-31T14:56:39.465+0000] {logging_mixin.py:190} INFO - [2025-01-31T14:56:39.464+0000] {dag.py:3239} INFO - Sync 1 DAGs
[2025-01-31T14:56:39.482+0000] {logging_mixin.py:190} INFO - [2025-01-31T14:56:39.482+0000] {dag.py:4180} INFO - Setting next_dagrun for latest_only_with_trigger to 2025-01-31 08:00:00+00:00, run_after=2025-01-31 12:00:00+00:00
[2025-01-31T14:56:39.494+0000] {processor.py:208} INFO - Processing /home/airflow/.local/lib/python3.12/site-packages/airflow/example_dags/example_latest_only_with_trigger.py took 0.061 seconds
[2025-01-31T14:57:10.202+0000] {processor.py:186} INFO - Started process (PID=3842) to work on /home/airflow/.local/lib/python3.12/site-packages/airflow/example_dags/example_latest_only_with_trigger.py
[2025-01-31T14:57:10.203+0000] {processor.py:914} INFO - Processing file /home/airflow/.local/lib/python3.12/site-packages/airflow/example_dags/example_latest_only_with_trigger.py for tasks to queue
[2025-01-31T14:57:10.205+0000] {logging_mixin.py:190} INFO - [2025-01-31T14:57:10.204+0000] {dagbag.py:588} INFO - Filling up the DagBag from /home/airflow/.local/lib/python3.12/site-packages/airflow/example_dags/example_latest_only_with_trigger.py
[2025-01-31T14:57:10.211+0000] {processor.py:925} INFO - DAG(s) 'latest_only_with_trigger' retrieved from /home/airflow/.local/lib/python3.12/site-packages/airflow/example_dags/example_latest_only_with_trigger.py
[2025-01-31T14:57:10.227+0000] {logging_mixin.py:190} INFO - [2025-01-31T14:57:10.226+0000] {dag.py:3239} INFO - Sync 1 DAGs
[2025-01-31T14:57:10.247+0000] {logging_mixin.py:190} INFO - [2025-01-31T14:57:10.246+0000] {dag.py:4180} INFO - Setting next_dagrun for latest_only_with_trigger to 2025-01-31 08:00:00+00:00, run_after=2025-01-31 12:00:00+00:00
[2025-01-31T14:57:10.259+0000] {processor.py:208} INFO - Processing /home/airflow/.local/lib/python3.12/site-packages/airflow/example_dags/example_latest_only_with_trigger.py took 0.061 seconds
[2025-01-31T14:57:40.937+0000] {processor.py:186} INFO - Started process (PID=3908) to work on /home/airflow/.local/lib/python3.12/site-packages/airflow/example_dags/example_latest_only_with_trigger.py
[2025-01-31T14:57:40.938+0000] {processor.py:914} INFO - Processing file /home/airflow/.local/lib/python3.12/site-packages/airflow/example_dags/example_latest_only_with_trigger.py for tasks to queue
[2025-01-31T14:57:40.939+0000] {logging_mixin.py:190} INFO - [2025-01-31T14:57:40.939+0000] {dagbag.py:588} INFO - Filling up the DagBag from /home/airflow/.local/lib/python3.12/site-packages/airflow/example_dags/example_latest_only_with_trigger.py
[2025-01-31T14:57:40.945+0000] {processor.py:925} INFO - DAG(s) 'latest_only_with_trigger' retrieved from /home/airflow/.local/lib/python3.12/site-packages/airflow/example_dags/example_latest_only_with_trigger.py
[2025-01-31T14:57:40.960+0000] {logging_mixin.py:190} INFO - [2025-01-31T14:57:40.960+0000] {dag.py:3239} INFO - Sync 1 DAGs
[2025-01-31T14:57:40.981+0000] {logging_mixin.py:190} INFO - [2025-01-31T14:57:40.981+0000] {dag.py:4180} INFO - Setting next_dagrun for latest_only_with_trigger to 2025-01-31 08:00:00+00:00, run_after=2025-01-31 12:00:00+00:00
[2025-01-31T14:57:40.993+0000] {processor.py:208} INFO - Processing /home/airflow/.local/lib/python3.12/site-packages/airflow/example_dags/example_latest_only_with_trigger.py took 0.061 seconds
[2025-01-31T14:58:11.630+0000] {processor.py:186} INFO - Started process (PID=3974) to work on /home/airflow/.local/lib/python3.12/site-packages/airflow/example_dags/example_latest_only_with_trigger.py
[2025-01-31T14:58:11.631+0000] {processor.py:914} INFO - Processing file /home/airflow/.local/lib/python3.12/site-packages/airflow/example_dags/example_latest_only_with_trigger.py for tasks to queue
[2025-01-31T14:58:11.633+0000] {logging_mixin.py:190} INFO - [2025-01-31T14:58:11.633+0000] {dagbag.py:588} INFO - Filling up the DagBag from /home/airflow/.local/lib/python3.12/site-packages/airflow/example_dags/example_latest_only_with_trigger.py
[2025-01-31T14:58:11.640+0000] {processor.py:925} INFO - DAG(s) 'latest_only_with_trigger' retrieved from /home/airflow/.local/lib/python3.12/site-packages/airflow/example_dags/example_latest_only_with_trigger.py
[2025-01-31T14:58:11.660+0000] {logging_mixin.py:190} INFO - [2025-01-31T14:58:11.660+0000] {dag.py:3239} INFO - Sync 1 DAGs
[2025-01-31T14:58:11.678+0000] {logging_mixin.py:190} INFO - [2025-01-31T14:58:11.678+0000] {dag.py:4180} INFO - Setting next_dagrun for latest_only_with_trigger to 2025-01-31 08:00:00+00:00, run_after=2025-01-31 12:00:00+00:00
[2025-01-31T14:58:11.691+0000] {processor.py:208} INFO - Processing /home/airflow/.local/lib/python3.12/site-packages/airflow/example_dags/example_latest_only_with_trigger.py took 0.066 seconds
[2025-01-31T14:58:42.386+0000] {processor.py:186} INFO - Started process (PID=4040) to work on /home/airflow/.local/lib/python3.12/site-packages/airflow/example_dags/example_latest_only_with_trigger.py
[2025-01-31T14:58:42.386+0000] {processor.py:914} INFO - Processing file /home/airflow/.local/lib/python3.12/site-packages/airflow/example_dags/example_latest_only_with_trigger.py for tasks to queue
[2025-01-31T14:58:42.388+0000] {logging_mixin.py:190} INFO - [2025-01-31T14:58:42.388+0000] {dagbag.py:588} INFO - Filling up the DagBag from /home/airflow/.local/lib/python3.12/site-packages/airflow/example_dags/example_latest_only_with_trigger.py
[2025-01-31T14:58:42.398+0000] {processor.py:925} INFO - DAG(s) 'latest_only_with_trigger' retrieved from /home/airflow/.local/lib/python3.12/site-packages/airflow/example_dags/example_latest_only_with_trigger.py
[2025-01-31T14:58:42.419+0000] {logging_mixin.py:190} INFO - [2025-01-31T14:58:42.419+0000] {dag.py:3239} INFO - Sync 1 DAGs
[2025-01-31T14:58:42.442+0000] {logging_mixin.py:190} INFO - [2025-01-31T14:58:42.442+0000] {dag.py:4180} INFO - Setting next_dagrun for latest_only_with_trigger to 2025-01-31 08:00:00+00:00, run_after=2025-01-31 12:00:00+00:00
[2025-01-31T14:58:42.458+0000] {processor.py:208} INFO - Processing /home/airflow/.local/lib/python3.12/site-packages/airflow/example_dags/example_latest_only_with_trigger.py took 0.079 seconds
[2025-01-31T14:59:13.263+0000] {processor.py:186} INFO - Started process (PID=4106) to work on /home/airflow/.local/lib/python3.12/site-packages/airflow/example_dags/example_latest_only_with_trigger.py
[2025-01-31T14:59:13.264+0000] {processor.py:914} INFO - Processing file /home/airflow/.local/lib/python3.12/site-packages/airflow/example_dags/example_latest_only_with_trigger.py for tasks to queue
[2025-01-31T14:59:13.266+0000] {logging_mixin.py:190} INFO - [2025-01-31T14:59:13.266+0000] {dagbag.py:588} INFO - Filling up the DagBag from /home/airflow/.local/lib/python3.12/site-packages/airflow/example_dags/example_latest_only_with_trigger.py
[2025-01-31T14:59:13.275+0000] {processor.py:925} INFO - DAG(s) 'latest_only_with_trigger' retrieved from /home/airflow/.local/lib/python3.12/site-packages/airflow/example_dags/example_latest_only_with_trigger.py
[2025-01-31T14:59:13.295+0000] {logging_mixin.py:190} INFO - [2025-01-31T14:59:13.295+0000] {dag.py:3239} INFO - Sync 1 DAGs
[2025-01-31T14:59:13.320+0000] {logging_mixin.py:190} INFO - [2025-01-31T14:59:13.320+0000] {dag.py:4180} INFO - Setting next_dagrun for latest_only_with_trigger to 2025-01-31 08:00:00+00:00, run_after=2025-01-31 12:00:00+00:00
[2025-01-31T14:59:13.337+0000] {processor.py:208} INFO - Processing /home/airflow/.local/lib/python3.12/site-packages/airflow/example_dags/example_latest_only_with_trigger.py took 0.080 seconds
[2025-01-31T14:59:44.122+0000] {processor.py:186} INFO - Started process (PID=4172) to work on /home/airflow/.local/lib/python3.12/site-packages/airflow/example_dags/example_latest_only_with_trigger.py
[2025-01-31T14:59:44.123+0000] {processor.py:914} INFO - Processing file /home/airflow/.local/lib/python3.12/site-packages/airflow/example_dags/example_latest_only_with_trigger.py for tasks to queue
[2025-01-31T14:59:44.125+0000] {logging_mixin.py:190} INFO - [2025-01-31T14:59:44.124+0000] {dagbag.py:588} INFO - Filling up the DagBag from /home/airflow/.local/lib/python3.12/site-packages/airflow/example_dags/example_latest_only_with_trigger.py
[2025-01-31T14:59:44.131+0000] {processor.py:925} INFO - DAG(s) 'latest_only_with_trigger' retrieved from /home/airflow/.local/lib/python3.12/site-packages/airflow/example_dags/example_latest_only_with_trigger.py
[2025-01-31T14:59:44.147+0000] {logging_mixin.py:190} INFO - [2025-01-31T14:59:44.147+0000] {dag.py:3239} INFO - Sync 1 DAGs
[2025-01-31T14:59:44.164+0000] {logging_mixin.py:190} INFO - [2025-01-31T14:59:44.164+0000] {dag.py:4180} INFO - Setting next_dagrun for latest_only_with_trigger to 2025-01-31 08:00:00+00:00, run_after=2025-01-31 12:00:00+00:00
[2025-01-31T14:59:44.176+0000] {processor.py:208} INFO - Processing /home/airflow/.local/lib/python3.12/site-packages/airflow/example_dags/example_latest_only_with_trigger.py took 0.058 seconds
[2025-01-31T15:00:14.843+0000] {processor.py:186} INFO - Started process (PID=4243) to work on /home/airflow/.local/lib/python3.12/site-packages/airflow/example_dags/example_latest_only_with_trigger.py
[2025-01-31T15:00:14.844+0000] {processor.py:914} INFO - Processing file /home/airflow/.local/lib/python3.12/site-packages/airflow/example_dags/example_latest_only_with_trigger.py for tasks to queue
[2025-01-31T15:00:14.846+0000] {logging_mixin.py:190} INFO - [2025-01-31T15:00:14.845+0000] {dagbag.py:588} INFO - Filling up the DagBag from /home/airflow/.local/lib/python3.12/site-packages/airflow/example_dags/example_latest_only_with_trigger.py
[2025-01-31T15:00:14.853+0000] {processor.py:925} INFO - DAG(s) 'latest_only_with_trigger' retrieved from /home/airflow/.local/lib/python3.12/site-packages/airflow/example_dags/example_latest_only_with_trigger.py
[2025-01-31T15:00:14.871+0000] {logging_mixin.py:190} INFO - [2025-01-31T15:00:14.871+0000] {dag.py:3239} INFO - Sync 1 DAGs
[2025-01-31T15:00:14.895+0000] {logging_mixin.py:190} INFO - [2025-01-31T15:00:14.894+0000] {dag.py:4180} INFO - Setting next_dagrun for latest_only_with_trigger to 2025-01-31 08:00:00+00:00, run_after=2025-01-31 12:00:00+00:00
[2025-01-31T15:00:14.910+0000] {processor.py:208} INFO - Processing /home/airflow/.local/lib/python3.12/site-packages/airflow/example_dags/example_latest_only_with_trigger.py took 0.071 seconds
[2025-01-31T15:00:44.964+0000] {processor.py:186} INFO - Started process (PID=4309) to work on /home/airflow/.local/lib/python3.12/site-packages/airflow/example_dags/example_latest_only_with_trigger.py
[2025-01-31T15:00:44.965+0000] {processor.py:914} INFO - Processing file /home/airflow/.local/lib/python3.12/site-packages/airflow/example_dags/example_latest_only_with_trigger.py for tasks to queue
[2025-01-31T15:00:44.967+0000] {logging_mixin.py:190} INFO - [2025-01-31T15:00:44.966+0000] {dagbag.py:588} INFO - Filling up the DagBag from /home/airflow/.local/lib/python3.12/site-packages/airflow/example_dags/example_latest_only_with_trigger.py
[2025-01-31T15:00:44.972+0000] {processor.py:925} INFO - DAG(s) 'latest_only_with_trigger' retrieved from /home/airflow/.local/lib/python3.12/site-packages/airflow/example_dags/example_latest_only_with_trigger.py
[2025-01-31T15:00:44.991+0000] {logging_mixin.py:190} INFO - [2025-01-31T15:00:44.990+0000] {dag.py:3239} INFO - Sync 1 DAGs
[2025-01-31T15:00:45.014+0000] {logging_mixin.py:190} INFO - [2025-01-31T15:00:45.013+0000] {dag.py:4180} INFO - Setting next_dagrun for latest_only_with_trigger to 2025-01-31 08:00:00+00:00, run_after=2025-01-31 12:00:00+00:00
[2025-01-31T15:00:45.029+0000] {processor.py:208} INFO - Processing /home/airflow/.local/lib/python3.12/site-packages/airflow/example_dags/example_latest_only_with_trigger.py took 0.069 seconds
[2025-01-31T15:01:15.088+0000] {processor.py:186} INFO - Started process (PID=4375) to work on /home/airflow/.local/lib/python3.12/site-packages/airflow/example_dags/example_latest_only_with_trigger.py
[2025-01-31T15:01:15.089+0000] {processor.py:914} INFO - Processing file /home/airflow/.local/lib/python3.12/site-packages/airflow/example_dags/example_latest_only_with_trigger.py for tasks to queue
[2025-01-31T15:01:15.090+0000] {logging_mixin.py:190} INFO - [2025-01-31T15:01:15.090+0000] {dagbag.py:588} INFO - Filling up the DagBag from /home/airflow/.local/lib/python3.12/site-packages/airflow/example_dags/example_latest_only_with_trigger.py
[2025-01-31T15:01:15.096+0000] {processor.py:925} INFO - DAG(s) 'latest_only_with_trigger' retrieved from /home/airflow/.local/lib/python3.12/site-packages/airflow/example_dags/example_latest_only_with_trigger.py
[2025-01-31T15:01:15.115+0000] {logging_mixin.py:190} INFO - [2025-01-31T15:01:15.115+0000] {dag.py:3239} INFO - Sync 1 DAGs
[2025-01-31T15:01:15.137+0000] {logging_mixin.py:190} INFO - [2025-01-31T15:01:15.137+0000] {dag.py:4180} INFO - Setting next_dagrun for latest_only_with_trigger to 2025-01-31 08:00:00+00:00, run_after=2025-01-31 12:00:00+00:00
[2025-01-31T15:01:15.152+0000] {processor.py:208} INFO - Processing /home/airflow/.local/lib/python3.12/site-packages/airflow/example_dags/example_latest_only_with_trigger.py took 0.069 seconds
