[2025-01-31T14:27:44.671+0000] {processor.py:186} INFO - Started process (PID=82) to work on /home/airflow/.local/lib/python3.12/site-packages/airflow/example_dags/example_latest_only.py
[2025-01-31T14:27:44.672+0000] {processor.py:914} INFO - Processing file /home/airflow/.local/lib/python3.12/site-packages/airflow/example_dags/example_latest_only.py for tasks to queue
[2025-01-31T14:27:44.674+0000] {logging_mixin.py:190} INFO - [2025-01-31T14:27:44.674+0000] {dagbag.py:588} INFO - Filling up the DagBag from /home/airflow/.local/lib/python3.12/site-packages/airflow/example_dags/example_latest_only.py
[2025-01-31T14:27:44.683+0000] {processor.py:925} INFO - DAG(s) 'latest_only' retrieved from /home/airflow/.local/lib/python3.12/site-packages/airflow/example_dags/example_latest_only.py
[2025-01-31T14:27:44.827+0000] {logging_mixin.py:190} INFO - [2025-01-31T14:27:44.826+0000] {override.py:1911} INFO - Created Permission View: can delete on DAG:latest_only
[2025-01-31T14:27:44.835+0000] {logging_mixin.py:190} INFO - [2025-01-31T14:27:44.835+0000] {override.py:1911} INFO - Created Permission View: can edit on DAG:latest_only
[2025-01-31T14:27:44.841+0000] {logging_mixin.py:190} INFO - [2025-01-31T14:27:44.840+0000] {override.py:1911} INFO - Created Permission View: can read on DAG:latest_only
[2025-01-31T14:27:44.846+0000] {logging_mixin.py:190} INFO - [2025-01-31T14:27:44.846+0000] {override.py:1911} INFO - Created Permission View: menu access on DAG Run:latest_only
[2025-01-31T14:27:44.851+0000] {logging_mixin.py:190} INFO - [2025-01-31T14:27:44.851+0000] {override.py:1911} INFO - Created Permission View: can create on DAG Run:latest_only
[2025-01-31T14:27:44.856+0000] {logging_mixin.py:190} INFO - [2025-01-31T14:27:44.856+0000] {override.py:1911} INFO - Created Permission View: can delete on DAG Run:latest_only
[2025-01-31T14:27:44.861+0000] {logging_mixin.py:190} INFO - [2025-01-31T14:27:44.861+0000] {override.py:1911} INFO - Created Permission View: can read on DAG Run:latest_only
[2025-01-31T14:27:44.862+0000] {logging_mixin.py:190} INFO - [2025-01-31T14:27:44.862+0000] {dag.py:3239} INFO - Sync 1 DAGs
[2025-01-31T14:27:44.876+0000] {logging_mixin.py:190} INFO - [2025-01-31T14:27:44.876+0000] {dag.py:3262} INFO - Creating ORM DAG for latest_only
[2025-01-31T14:27:44.886+0000] {logging_mixin.py:190} INFO - [2025-01-31T14:27:44.886+0000] {dag.py:4180} INFO - Setting next_dagrun for latest_only to 2025-01-31 08:00:00+00:00, run_after=2025-01-31 12:00:00+00:00
[2025-01-31T14:27:44.902+0000] {processor.py:208} INFO - Processing /home/airflow/.local/lib/python3.12/site-packages/airflow/example_dags/example_latest_only.py took 0.237 seconds
[2025-01-31T14:28:15.369+0000] {processor.py:186} INFO - Started process (PID=147) to work on /home/airflow/.local/lib/python3.12/site-packages/airflow/example_dags/example_latest_only.py
[2025-01-31T14:28:15.370+0000] {processor.py:914} INFO - Processing file /home/airflow/.local/lib/python3.12/site-packages/airflow/example_dags/example_latest_only.py for tasks to queue
[2025-01-31T14:28:15.372+0000] {logging_mixin.py:190} INFO - [2025-01-31T14:28:15.371+0000] {dagbag.py:588} INFO - Filling up the DagBag from /home/airflow/.local/lib/python3.12/site-packages/airflow/example_dags/example_latest_only.py
[2025-01-31T14:28:15.378+0000] {processor.py:925} INFO - DAG(s) 'latest_only' retrieved from /home/airflow/.local/lib/python3.12/site-packages/airflow/example_dags/example_latest_only.py
[2025-01-31T14:28:15.395+0000] {logging_mixin.py:190} INFO - [2025-01-31T14:28:15.395+0000] {dag.py:3239} INFO - Sync 1 DAGs
[2025-01-31T14:28:15.417+0000] {logging_mixin.py:190} INFO - [2025-01-31T14:28:15.417+0000] {dag.py:4180} INFO - Setting next_dagrun for latest_only to 2025-01-31 08:00:00+00:00, run_after=2025-01-31 12:00:00+00:00
[2025-01-31T14:28:15.433+0000] {processor.py:208} INFO - Processing /home/airflow/.local/lib/python3.12/site-packages/airflow/example_dags/example_latest_only.py took 0.069 seconds
[2025-01-31T14:28:46.215+0000] {processor.py:186} INFO - Started process (PID=212) to work on /home/airflow/.local/lib/python3.12/site-packages/airflow/example_dags/example_latest_only.py
[2025-01-31T14:28:46.215+0000] {processor.py:914} INFO - Processing file /home/airflow/.local/lib/python3.12/site-packages/airflow/example_dags/example_latest_only.py for tasks to queue
[2025-01-31T14:28:46.217+0000] {logging_mixin.py:190} INFO - [2025-01-31T14:28:46.217+0000] {dagbag.py:588} INFO - Filling up the DagBag from /home/airflow/.local/lib/python3.12/site-packages/airflow/example_dags/example_latest_only.py
[2025-01-31T14:28:46.223+0000] {processor.py:925} INFO - DAG(s) 'latest_only' retrieved from /home/airflow/.local/lib/python3.12/site-packages/airflow/example_dags/example_latest_only.py
[2025-01-31T14:28:46.237+0000] {logging_mixin.py:190} INFO - [2025-01-31T14:28:46.237+0000] {dag.py:3239} INFO - Sync 1 DAGs
[2025-01-31T14:28:46.254+0000] {logging_mixin.py:190} INFO - [2025-01-31T14:28:46.254+0000] {dag.py:4180} INFO - Setting next_dagrun for latest_only to 2025-01-31 08:00:00+00:00, run_after=2025-01-31 12:00:00+00:00
[2025-01-31T14:28:46.266+0000] {processor.py:208} INFO - Processing /home/airflow/.local/lib/python3.12/site-packages/airflow/example_dags/example_latest_only.py took 0.056 seconds
[2025-01-31T14:29:17.840+0000] {processor.py:186} INFO - Started process (PID=278) to work on /home/airflow/.local/lib/python3.12/site-packages/airflow/example_dags/example_latest_only.py
[2025-01-31T14:29:17.841+0000] {processor.py:914} INFO - Processing file /home/airflow/.local/lib/python3.12/site-packages/airflow/example_dags/example_latest_only.py for tasks to queue
[2025-01-31T14:29:17.843+0000] {logging_mixin.py:190} INFO - [2025-01-31T14:29:17.842+0000] {dagbag.py:588} INFO - Filling up the DagBag from /home/airflow/.local/lib/python3.12/site-packages/airflow/example_dags/example_latest_only.py
[2025-01-31T14:29:17.849+0000] {processor.py:925} INFO - DAG(s) 'latest_only' retrieved from /home/airflow/.local/lib/python3.12/site-packages/airflow/example_dags/example_latest_only.py
[2025-01-31T14:29:17.864+0000] {logging_mixin.py:190} INFO - [2025-01-31T14:29:17.864+0000] {dag.py:3239} INFO - Sync 1 DAGs
[2025-01-31T14:29:17.883+0000] {logging_mixin.py:190} INFO - [2025-01-31T14:29:17.883+0000] {dag.py:4180} INFO - Setting next_dagrun for latest_only to 2025-01-31 08:00:00+00:00, run_after=2025-01-31 12:00:00+00:00
[2025-01-31T14:29:17.895+0000] {processor.py:208} INFO - Processing /home/airflow/.local/lib/python3.12/site-packages/airflow/example_dags/example_latest_only.py took 0.059 seconds
[2025-01-31T14:29:49.017+0000] {processor.py:186} INFO - Started process (PID=343) to work on /home/airflow/.local/lib/python3.12/site-packages/airflow/example_dags/example_latest_only.py
[2025-01-31T14:29:49.017+0000] {processor.py:914} INFO - Processing file /home/airflow/.local/lib/python3.12/site-packages/airflow/example_dags/example_latest_only.py for tasks to queue
[2025-01-31T14:29:49.019+0000] {logging_mixin.py:190} INFO - [2025-01-31T14:29:49.019+0000] {dagbag.py:588} INFO - Filling up the DagBag from /home/airflow/.local/lib/python3.12/site-packages/airflow/example_dags/example_latest_only.py
[2025-01-31T14:29:49.025+0000] {processor.py:925} INFO - DAG(s) 'latest_only' retrieved from /home/airflow/.local/lib/python3.12/site-packages/airflow/example_dags/example_latest_only.py
[2025-01-31T14:29:49.040+0000] {logging_mixin.py:190} INFO - [2025-01-31T14:29:49.040+0000] {dag.py:3239} INFO - Sync 1 DAGs
[2025-01-31T14:29:49.058+0000] {logging_mixin.py:190} INFO - [2025-01-31T14:29:49.058+0000] {dag.py:4180} INFO - Setting next_dagrun for latest_only to 2025-01-31 08:00:00+00:00, run_after=2025-01-31 12:00:00+00:00
[2025-01-31T14:29:49.072+0000] {processor.py:208} INFO - Processing /home/airflow/.local/lib/python3.12/site-packages/airflow/example_dags/example_latest_only.py took 0.059 seconds
[2025-01-31T14:30:20.679+0000] {processor.py:186} INFO - Started process (PID=408) to work on /home/airflow/.local/lib/python3.12/site-packages/airflow/example_dags/example_latest_only.py
[2025-01-31T14:30:20.679+0000] {processor.py:914} INFO - Processing file /home/airflow/.local/lib/python3.12/site-packages/airflow/example_dags/example_latest_only.py for tasks to queue
[2025-01-31T14:30:20.681+0000] {logging_mixin.py:190} INFO - [2025-01-31T14:30:20.681+0000] {dagbag.py:588} INFO - Filling up the DagBag from /home/airflow/.local/lib/python3.12/site-packages/airflow/example_dags/example_latest_only.py
[2025-01-31T14:30:20.688+0000] {processor.py:925} INFO - DAG(s) 'latest_only' retrieved from /home/airflow/.local/lib/python3.12/site-packages/airflow/example_dags/example_latest_only.py
[2025-01-31T14:30:20.703+0000] {logging_mixin.py:190} INFO - [2025-01-31T14:30:20.703+0000] {dag.py:3239} INFO - Sync 1 DAGs
[2025-01-31T14:30:20.722+0000] {logging_mixin.py:190} INFO - [2025-01-31T14:30:20.722+0000] {dag.py:4180} INFO - Setting next_dagrun for latest_only to 2025-01-31 08:00:00+00:00, run_after=2025-01-31 12:00:00+00:00
[2025-01-31T14:30:20.735+0000] {processor.py:208} INFO - Processing /home/airflow/.local/lib/python3.12/site-packages/airflow/example_dags/example_latest_only.py took 0.061 seconds
[2025-01-31T14:30:51.497+0000] {processor.py:186} INFO - Started process (PID=473) to work on /home/airflow/.local/lib/python3.12/site-packages/airflow/example_dags/example_latest_only.py
[2025-01-31T14:30:51.498+0000] {processor.py:914} INFO - Processing file /home/airflow/.local/lib/python3.12/site-packages/airflow/example_dags/example_latest_only.py for tasks to queue
[2025-01-31T14:30:51.499+0000] {logging_mixin.py:190} INFO - [2025-01-31T14:30:51.499+0000] {dagbag.py:588} INFO - Filling up the DagBag from /home/airflow/.local/lib/python3.12/site-packages/airflow/example_dags/example_latest_only.py
[2025-01-31T14:30:51.506+0000] {processor.py:925} INFO - DAG(s) 'latest_only' retrieved from /home/airflow/.local/lib/python3.12/site-packages/airflow/example_dags/example_latest_only.py
[2025-01-31T14:30:51.526+0000] {logging_mixin.py:190} INFO - [2025-01-31T14:30:51.526+0000] {dag.py:3239} INFO - Sync 1 DAGs
[2025-01-31T14:30:51.553+0000] {logging_mixin.py:190} INFO - [2025-01-31T14:30:51.553+0000] {dag.py:4180} INFO - Setting next_dagrun for latest_only to 2025-01-31 08:00:00+00:00, run_after=2025-01-31 12:00:00+00:00
[2025-01-31T14:30:51.571+0000] {processor.py:208} INFO - Processing /home/airflow/.local/lib/python3.12/site-packages/airflow/example_dags/example_latest_only.py took 0.079 seconds
[2025-01-31T14:31:23.557+0000] {processor.py:186} INFO - Started process (PID=538) to work on /home/airflow/.local/lib/python3.12/site-packages/airflow/example_dags/example_latest_only.py
[2025-01-31T14:31:23.557+0000] {processor.py:914} INFO - Processing file /home/airflow/.local/lib/python3.12/site-packages/airflow/example_dags/example_latest_only.py for tasks to queue
[2025-01-31T14:31:23.559+0000] {logging_mixin.py:190} INFO - [2025-01-31T14:31:23.559+0000] {dagbag.py:588} INFO - Filling up the DagBag from /home/airflow/.local/lib/python3.12/site-packages/airflow/example_dags/example_latest_only.py
[2025-01-31T14:31:23.564+0000] {processor.py:925} INFO - DAG(s) 'latest_only' retrieved from /home/airflow/.local/lib/python3.12/site-packages/airflow/example_dags/example_latest_only.py
[2025-01-31T14:31:23.579+0000] {logging_mixin.py:190} INFO - [2025-01-31T14:31:23.579+0000] {dag.py:3239} INFO - Sync 1 DAGs
[2025-01-31T14:31:23.598+0000] {logging_mixin.py:190} INFO - [2025-01-31T14:31:23.598+0000] {dag.py:4180} INFO - Setting next_dagrun for latest_only to 2025-01-31 08:00:00+00:00, run_after=2025-01-31 12:00:00+00:00
[2025-01-31T14:31:23.612+0000] {processor.py:208} INFO - Processing /home/airflow/.local/lib/python3.12/site-packages/airflow/example_dags/example_latest_only.py took 0.060 seconds
[2025-01-31T14:31:54.104+0000] {processor.py:186} INFO - Started process (PID=604) to work on /home/airflow/.local/lib/python3.12/site-packages/airflow/example_dags/example_latest_only.py
[2025-01-31T14:31:54.105+0000] {processor.py:914} INFO - Processing file /home/airflow/.local/lib/python3.12/site-packages/airflow/example_dags/example_latest_only.py for tasks to queue
[2025-01-31T14:31:54.107+0000] {logging_mixin.py:190} INFO - [2025-01-31T14:31:54.107+0000] {dagbag.py:588} INFO - Filling up the DagBag from /home/airflow/.local/lib/python3.12/site-packages/airflow/example_dags/example_latest_only.py
[2025-01-31T14:31:54.114+0000] {processor.py:925} INFO - DAG(s) 'latest_only' retrieved from /home/airflow/.local/lib/python3.12/site-packages/airflow/example_dags/example_latest_only.py
[2025-01-31T14:31:54.138+0000] {logging_mixin.py:190} INFO - [2025-01-31T14:31:54.138+0000] {dag.py:3239} INFO - Sync 1 DAGs
[2025-01-31T14:31:54.164+0000] {logging_mixin.py:190} INFO - [2025-01-31T14:31:54.164+0000] {dag.py:4180} INFO - Setting next_dagrun for latest_only to 2025-01-31 08:00:00+00:00, run_after=2025-01-31 12:00:00+00:00
[2025-01-31T14:31:54.181+0000] {processor.py:208} INFO - Processing /home/airflow/.local/lib/python3.12/site-packages/airflow/example_dags/example_latest_only.py took 0.083 seconds
[2025-01-31T14:32:24.936+0000] {processor.py:186} INFO - Started process (PID=668) to work on /home/airflow/.local/lib/python3.12/site-packages/airflow/example_dags/example_latest_only.py
[2025-01-31T14:32:24.937+0000] {processor.py:914} INFO - Processing file /home/airflow/.local/lib/python3.12/site-packages/airflow/example_dags/example_latest_only.py for tasks to queue
[2025-01-31T14:32:24.939+0000] {logging_mixin.py:190} INFO - [2025-01-31T14:32:24.938+0000] {dagbag.py:588} INFO - Filling up the DagBag from /home/airflow/.local/lib/python3.12/site-packages/airflow/example_dags/example_latest_only.py
[2025-01-31T14:32:24.944+0000] {processor.py:925} INFO - DAG(s) 'latest_only' retrieved from /home/airflow/.local/lib/python3.12/site-packages/airflow/example_dags/example_latest_only.py
[2025-01-31T14:32:24.959+0000] {logging_mixin.py:190} INFO - [2025-01-31T14:32:24.959+0000] {dag.py:3239} INFO - Sync 1 DAGs
[2025-01-31T14:32:24.978+0000] {logging_mixin.py:190} INFO - [2025-01-31T14:32:24.977+0000] {dag.py:4180} INFO - Setting next_dagrun for latest_only to 2025-01-31 08:00:00+00:00, run_after=2025-01-31 12:00:00+00:00
[2025-01-31T14:32:24.991+0000] {processor.py:208} INFO - Processing /home/airflow/.local/lib/python3.12/site-packages/airflow/example_dags/example_latest_only.py took 0.060 seconds
[2025-01-31T14:32:56.078+0000] {processor.py:186} INFO - Started process (PID=733) to work on /home/airflow/.local/lib/python3.12/site-packages/airflow/example_dags/example_latest_only.py
[2025-01-31T14:32:56.079+0000] {processor.py:914} INFO - Processing file /home/airflow/.local/lib/python3.12/site-packages/airflow/example_dags/example_latest_only.py for tasks to queue
[2025-01-31T14:32:56.081+0000] {logging_mixin.py:190} INFO - [2025-01-31T14:32:56.080+0000] {dagbag.py:588} INFO - Filling up the DagBag from /home/airflow/.local/lib/python3.12/site-packages/airflow/example_dags/example_latest_only.py
[2025-01-31T14:32:56.087+0000] {processor.py:925} INFO - DAG(s) 'latest_only' retrieved from /home/airflow/.local/lib/python3.12/site-packages/airflow/example_dags/example_latest_only.py
[2025-01-31T14:32:56.105+0000] {logging_mixin.py:190} INFO - [2025-01-31T14:32:56.104+0000] {dag.py:3239} INFO - Sync 1 DAGs
[2025-01-31T14:32:56.128+0000] {logging_mixin.py:190} INFO - [2025-01-31T14:32:56.128+0000] {dag.py:4180} INFO - Setting next_dagrun for latest_only to 2025-01-31 08:00:00+00:00, run_after=2025-01-31 12:00:00+00:00
[2025-01-31T14:32:56.143+0000] {processor.py:208} INFO - Processing /home/airflow/.local/lib/python3.12/site-packages/airflow/example_dags/example_latest_only.py took 0.071 seconds
[2025-01-31T14:33:26.989+0000] {processor.py:186} INFO - Started process (PID=800) to work on /home/airflow/.local/lib/python3.12/site-packages/airflow/example_dags/example_latest_only.py
[2025-01-31T14:33:26.990+0000] {processor.py:914} INFO - Processing file /home/airflow/.local/lib/python3.12/site-packages/airflow/example_dags/example_latest_only.py for tasks to queue
[2025-01-31T14:33:26.991+0000] {logging_mixin.py:190} INFO - [2025-01-31T14:33:26.991+0000] {dagbag.py:588} INFO - Filling up the DagBag from /home/airflow/.local/lib/python3.12/site-packages/airflow/example_dags/example_latest_only.py
[2025-01-31T14:33:26.997+0000] {processor.py:925} INFO - DAG(s) 'latest_only' retrieved from /home/airflow/.local/lib/python3.12/site-packages/airflow/example_dags/example_latest_only.py
[2025-01-31T14:33:27.014+0000] {logging_mixin.py:190} INFO - [2025-01-31T14:33:27.014+0000] {dag.py:3239} INFO - Sync 1 DAGs
[2025-01-31T14:33:27.033+0000] {logging_mixin.py:190} INFO - [2025-01-31T14:33:27.032+0000] {dag.py:4180} INFO - Setting next_dagrun for latest_only to 2025-01-31 08:00:00+00:00, run_after=2025-01-31 12:00:00+00:00
[2025-01-31T14:33:27.045+0000] {processor.py:208} INFO - Processing /home/airflow/.local/lib/python3.12/site-packages/airflow/example_dags/example_latest_only.py took 0.060 seconds
[2025-01-31T14:33:58.933+0000] {processor.py:186} INFO - Started process (PID=865) to work on /home/airflow/.local/lib/python3.12/site-packages/airflow/example_dags/example_latest_only.py
[2025-01-31T14:33:58.934+0000] {processor.py:914} INFO - Processing file /home/airflow/.local/lib/python3.12/site-packages/airflow/example_dags/example_latest_only.py for tasks to queue
[2025-01-31T14:33:58.935+0000] {logging_mixin.py:190} INFO - [2025-01-31T14:33:58.935+0000] {dagbag.py:588} INFO - Filling up the DagBag from /home/airflow/.local/lib/python3.12/site-packages/airflow/example_dags/example_latest_only.py
[2025-01-31T14:33:58.940+0000] {processor.py:925} INFO - DAG(s) 'latest_only' retrieved from /home/airflow/.local/lib/python3.12/site-packages/airflow/example_dags/example_latest_only.py
[2025-01-31T14:33:58.956+0000] {logging_mixin.py:190} INFO - [2025-01-31T14:33:58.956+0000] {dag.py:3239} INFO - Sync 1 DAGs
[2025-01-31T14:33:58.975+0000] {logging_mixin.py:190} INFO - [2025-01-31T14:33:58.975+0000] {dag.py:4180} INFO - Setting next_dagrun for latest_only to 2025-01-31 08:00:00+00:00, run_after=2025-01-31 12:00:00+00:00
[2025-01-31T14:33:58.988+0000] {processor.py:208} INFO - Processing /home/airflow/.local/lib/python3.12/site-packages/airflow/example_dags/example_latest_only.py took 0.059 seconds
[2025-01-31T14:34:29.586+0000] {processor.py:186} INFO - Started process (PID=930) to work on /home/airflow/.local/lib/python3.12/site-packages/airflow/example_dags/example_latest_only.py
[2025-01-31T14:34:29.586+0000] {processor.py:914} INFO - Processing file /home/airflow/.local/lib/python3.12/site-packages/airflow/example_dags/example_latest_only.py for tasks to queue
[2025-01-31T14:34:29.588+0000] {logging_mixin.py:190} INFO - [2025-01-31T14:34:29.588+0000] {dagbag.py:588} INFO - Filling up the DagBag from /home/airflow/.local/lib/python3.12/site-packages/airflow/example_dags/example_latest_only.py
[2025-01-31T14:34:29.593+0000] {processor.py:925} INFO - DAG(s) 'latest_only' retrieved from /home/airflow/.local/lib/python3.12/site-packages/airflow/example_dags/example_latest_only.py
[2025-01-31T14:34:29.608+0000] {logging_mixin.py:190} INFO - [2025-01-31T14:34:29.608+0000] {dag.py:3239} INFO - Sync 1 DAGs
[2025-01-31T14:34:29.627+0000] {logging_mixin.py:190} INFO - [2025-01-31T14:34:29.627+0000] {dag.py:4180} INFO - Setting next_dagrun for latest_only to 2025-01-31 08:00:00+00:00, run_after=2025-01-31 12:00:00+00:00
[2025-01-31T14:34:29.639+0000] {processor.py:208} INFO - Processing /home/airflow/.local/lib/python3.12/site-packages/airflow/example_dags/example_latest_only.py took 0.058 seconds
[2025-01-31T14:35:00.649+0000] {processor.py:186} INFO - Started process (PID=996) to work on /home/airflow/.local/lib/python3.12/site-packages/airflow/example_dags/example_latest_only.py
[2025-01-31T14:35:00.649+0000] {processor.py:914} INFO - Processing file /home/airflow/.local/lib/python3.12/site-packages/airflow/example_dags/example_latest_only.py for tasks to queue
[2025-01-31T14:35:00.651+0000] {logging_mixin.py:190} INFO - [2025-01-31T14:35:00.651+0000] {dagbag.py:588} INFO - Filling up the DagBag from /home/airflow/.local/lib/python3.12/site-packages/airflow/example_dags/example_latest_only.py
[2025-01-31T14:35:00.656+0000] {processor.py:925} INFO - DAG(s) 'latest_only' retrieved from /home/airflow/.local/lib/python3.12/site-packages/airflow/example_dags/example_latest_only.py
[2025-01-31T14:35:00.673+0000] {logging_mixin.py:190} INFO - [2025-01-31T14:35:00.673+0000] {dag.py:3239} INFO - Sync 1 DAGs
[2025-01-31T14:35:00.697+0000] {logging_mixin.py:190} INFO - [2025-01-31T14:35:00.696+0000] {dag.py:4180} INFO - Setting next_dagrun for latest_only to 2025-01-31 08:00:00+00:00, run_after=2025-01-31 12:00:00+00:00
[2025-01-31T14:35:00.711+0000] {processor.py:208} INFO - Processing /home/airflow/.local/lib/python3.12/site-packages/airflow/example_dags/example_latest_only.py took 0.067 seconds
[2025-01-31T14:35:31.048+0000] {processor.py:186} INFO - Started process (PID=1061) to work on /home/airflow/.local/lib/python3.12/site-packages/airflow/example_dags/example_latest_only.py
[2025-01-31T14:35:31.049+0000] {processor.py:914} INFO - Processing file /home/airflow/.local/lib/python3.12/site-packages/airflow/example_dags/example_latest_only.py for tasks to queue
[2025-01-31T14:35:31.051+0000] {logging_mixin.py:190} INFO - [2025-01-31T14:35:31.050+0000] {dagbag.py:588} INFO - Filling up the DagBag from /home/airflow/.local/lib/python3.12/site-packages/airflow/example_dags/example_latest_only.py
[2025-01-31T14:35:31.056+0000] {processor.py:925} INFO - DAG(s) 'latest_only' retrieved from /home/airflow/.local/lib/python3.12/site-packages/airflow/example_dags/example_latest_only.py
[2025-01-31T14:35:31.073+0000] {logging_mixin.py:190} INFO - [2025-01-31T14:35:31.072+0000] {dag.py:3239} INFO - Sync 1 DAGs
[2025-01-31T14:35:31.092+0000] {logging_mixin.py:190} INFO - [2025-01-31T14:35:31.092+0000] {dag.py:4180} INFO - Setting next_dagrun for latest_only to 2025-01-31 08:00:00+00:00, run_after=2025-01-31 12:00:00+00:00
[2025-01-31T14:35:31.105+0000] {processor.py:208} INFO - Processing /home/airflow/.local/lib/python3.12/site-packages/airflow/example_dags/example_latest_only.py took 0.061 seconds
[2025-01-31T14:36:02.112+0000] {processor.py:186} INFO - Started process (PID=1125) to work on /home/airflow/.local/lib/python3.12/site-packages/airflow/example_dags/example_latest_only.py
[2025-01-31T14:36:02.113+0000] {processor.py:914} INFO - Processing file /home/airflow/.local/lib/python3.12/site-packages/airflow/example_dags/example_latest_only.py for tasks to queue
[2025-01-31T14:36:02.114+0000] {logging_mixin.py:190} INFO - [2025-01-31T14:36:02.114+0000] {dagbag.py:588} INFO - Filling up the DagBag from /home/airflow/.local/lib/python3.12/site-packages/airflow/example_dags/example_latest_only.py
[2025-01-31T14:36:02.120+0000] {processor.py:925} INFO - DAG(s) 'latest_only' retrieved from /home/airflow/.local/lib/python3.12/site-packages/airflow/example_dags/example_latest_only.py
[2025-01-31T14:36:02.136+0000] {logging_mixin.py:190} INFO - [2025-01-31T14:36:02.136+0000] {dag.py:3239} INFO - Sync 1 DAGs
[2025-01-31T14:36:02.160+0000] {logging_mixin.py:190} INFO - [2025-01-31T14:36:02.160+0000] {dag.py:4180} INFO - Setting next_dagrun for latest_only to 2025-01-31 08:00:00+00:00, run_after=2025-01-31 12:00:00+00:00
[2025-01-31T14:36:02.175+0000] {processor.py:208} INFO - Processing /home/airflow/.local/lib/python3.12/site-packages/airflow/example_dags/example_latest_only.py took 0.068 seconds
[2025-01-31T14:36:33.473+0000] {processor.py:186} INFO - Started process (PID=1191) to work on /home/airflow/.local/lib/python3.12/site-packages/airflow/example_dags/example_latest_only.py
[2025-01-31T14:36:33.474+0000] {processor.py:914} INFO - Processing file /home/airflow/.local/lib/python3.12/site-packages/airflow/example_dags/example_latest_only.py for tasks to queue
[2025-01-31T14:36:33.476+0000] {logging_mixin.py:190} INFO - [2025-01-31T14:36:33.476+0000] {dagbag.py:588} INFO - Filling up the DagBag from /home/airflow/.local/lib/python3.12/site-packages/airflow/example_dags/example_latest_only.py
[2025-01-31T14:36:33.482+0000] {processor.py:925} INFO - DAG(s) 'latest_only' retrieved from /home/airflow/.local/lib/python3.12/site-packages/airflow/example_dags/example_latest_only.py
[2025-01-31T14:36:33.499+0000] {logging_mixin.py:190} INFO - [2025-01-31T14:36:33.499+0000] {dag.py:3239} INFO - Sync 1 DAGs
[2025-01-31T14:36:33.522+0000] {logging_mixin.py:190} INFO - [2025-01-31T14:36:33.521+0000] {dag.py:4180} INFO - Setting next_dagrun for latest_only to 2025-01-31 08:00:00+00:00, run_after=2025-01-31 12:00:00+00:00
[2025-01-31T14:36:33.537+0000] {processor.py:208} INFO - Processing /home/airflow/.local/lib/python3.12/site-packages/airflow/example_dags/example_latest_only.py took 0.070 seconds
[2025-01-31T14:37:04.852+0000] {processor.py:186} INFO - Started process (PID=1256) to work on /home/airflow/.local/lib/python3.12/site-packages/airflow/example_dags/example_latest_only.py
[2025-01-31T14:37:04.852+0000] {processor.py:914} INFO - Processing file /home/airflow/.local/lib/python3.12/site-packages/airflow/example_dags/example_latest_only.py for tasks to queue
[2025-01-31T14:37:04.854+0000] {logging_mixin.py:190} INFO - [2025-01-31T14:37:04.854+0000] {dagbag.py:588} INFO - Filling up the DagBag from /home/airflow/.local/lib/python3.12/site-packages/airflow/example_dags/example_latest_only.py
[2025-01-31T14:37:04.860+0000] {processor.py:925} INFO - DAG(s) 'latest_only' retrieved from /home/airflow/.local/lib/python3.12/site-packages/airflow/example_dags/example_latest_only.py
[2025-01-31T14:37:04.874+0000] {logging_mixin.py:190} INFO - [2025-01-31T14:37:04.874+0000] {dag.py:3239} INFO - Sync 1 DAGs
[2025-01-31T14:37:04.891+0000] {logging_mixin.py:190} INFO - [2025-01-31T14:37:04.891+0000] {dag.py:4180} INFO - Setting next_dagrun for latest_only to 2025-01-31 08:00:00+00:00, run_after=2025-01-31 12:00:00+00:00
[2025-01-31T14:37:04.903+0000] {processor.py:208} INFO - Processing /home/airflow/.local/lib/python3.12/site-packages/airflow/example_dags/example_latest_only.py took 0.057 seconds
[2025-01-31T14:37:36.036+0000] {processor.py:186} INFO - Started process (PID=1321) to work on /home/airflow/.local/lib/python3.12/site-packages/airflow/example_dags/example_latest_only.py
[2025-01-31T14:37:36.037+0000] {processor.py:914} INFO - Processing file /home/airflow/.local/lib/python3.12/site-packages/airflow/example_dags/example_latest_only.py for tasks to queue
[2025-01-31T14:37:36.038+0000] {logging_mixin.py:190} INFO - [2025-01-31T14:37:36.038+0000] {dagbag.py:588} INFO - Filling up the DagBag from /home/airflow/.local/lib/python3.12/site-packages/airflow/example_dags/example_latest_only.py
[2025-01-31T14:37:36.044+0000] {processor.py:925} INFO - DAG(s) 'latest_only' retrieved from /home/airflow/.local/lib/python3.12/site-packages/airflow/example_dags/example_latest_only.py
[2025-01-31T14:37:36.060+0000] {logging_mixin.py:190} INFO - [2025-01-31T14:37:36.060+0000] {dag.py:3239} INFO - Sync 1 DAGs
[2025-01-31T14:37:36.080+0000] {logging_mixin.py:190} INFO - [2025-01-31T14:37:36.080+0000] {dag.py:4180} INFO - Setting next_dagrun for latest_only to 2025-01-31 08:00:00+00:00, run_after=2025-01-31 12:00:00+00:00
[2025-01-31T14:37:36.094+0000] {processor.py:208} INFO - Processing /home/airflow/.local/lib/python3.12/site-packages/airflow/example_dags/example_latest_only.py took 0.062 seconds
[2025-01-31T14:38:07.548+0000] {processor.py:186} INFO - Started process (PID=1386) to work on /home/airflow/.local/lib/python3.12/site-packages/airflow/example_dags/example_latest_only.py
[2025-01-31T14:38:07.548+0000] {processor.py:914} INFO - Processing file /home/airflow/.local/lib/python3.12/site-packages/airflow/example_dags/example_latest_only.py for tasks to queue
[2025-01-31T14:38:07.550+0000] {logging_mixin.py:190} INFO - [2025-01-31T14:38:07.550+0000] {dagbag.py:588} INFO - Filling up the DagBag from /home/airflow/.local/lib/python3.12/site-packages/airflow/example_dags/example_latest_only.py
[2025-01-31T14:38:07.556+0000] {processor.py:925} INFO - DAG(s) 'latest_only' retrieved from /home/airflow/.local/lib/python3.12/site-packages/airflow/example_dags/example_latest_only.py
[2025-01-31T14:38:07.573+0000] {logging_mixin.py:190} INFO - [2025-01-31T14:38:07.573+0000] {dag.py:3239} INFO - Sync 1 DAGs
[2025-01-31T14:38:07.595+0000] {logging_mixin.py:190} INFO - [2025-01-31T14:38:07.595+0000] {dag.py:4180} INFO - Setting next_dagrun for latest_only to 2025-01-31 08:00:00+00:00, run_after=2025-01-31 12:00:00+00:00
[2025-01-31T14:38:07.612+0000] {processor.py:208} INFO - Processing /home/airflow/.local/lib/python3.12/site-packages/airflow/example_dags/example_latest_only.py took 0.069 seconds
[2025-01-31T14:38:38.533+0000] {processor.py:186} INFO - Started process (PID=1451) to work on /home/airflow/.local/lib/python3.12/site-packages/airflow/example_dags/example_latest_only.py
[2025-01-31T14:38:38.533+0000] {processor.py:914} INFO - Processing file /home/airflow/.local/lib/python3.12/site-packages/airflow/example_dags/example_latest_only.py for tasks to queue
[2025-01-31T14:38:38.535+0000] {logging_mixin.py:190} INFO - [2025-01-31T14:38:38.535+0000] {dagbag.py:588} INFO - Filling up the DagBag from /home/airflow/.local/lib/python3.12/site-packages/airflow/example_dags/example_latest_only.py
[2025-01-31T14:38:38.540+0000] {processor.py:925} INFO - DAG(s) 'latest_only' retrieved from /home/airflow/.local/lib/python3.12/site-packages/airflow/example_dags/example_latest_only.py
[2025-01-31T14:38:38.555+0000] {logging_mixin.py:190} INFO - [2025-01-31T14:38:38.555+0000] {dag.py:3239} INFO - Sync 1 DAGs
[2025-01-31T14:38:38.572+0000] {logging_mixin.py:190} INFO - [2025-01-31T14:38:38.572+0000] {dag.py:4180} INFO - Setting next_dagrun for latest_only to 2025-01-31 08:00:00+00:00, run_after=2025-01-31 12:00:00+00:00
[2025-01-31T14:38:38.586+0000] {processor.py:208} INFO - Processing /home/airflow/.local/lib/python3.12/site-packages/airflow/example_dags/example_latest_only.py took 0.057 seconds
[2025-01-31T14:39:09.855+0000] {processor.py:186} INFO - Started process (PID=1516) to work on /home/airflow/.local/lib/python3.12/site-packages/airflow/example_dags/example_latest_only.py
[2025-01-31T14:39:09.856+0000] {processor.py:914} INFO - Processing file /home/airflow/.local/lib/python3.12/site-packages/airflow/example_dags/example_latest_only.py for tasks to queue
[2025-01-31T14:39:09.858+0000] {logging_mixin.py:190} INFO - [2025-01-31T14:39:09.857+0000] {dagbag.py:588} INFO - Filling up the DagBag from /home/airflow/.local/lib/python3.12/site-packages/airflow/example_dags/example_latest_only.py
[2025-01-31T14:39:09.864+0000] {processor.py:925} INFO - DAG(s) 'latest_only' retrieved from /home/airflow/.local/lib/python3.12/site-packages/airflow/example_dags/example_latest_only.py
[2025-01-31T14:39:09.882+0000] {logging_mixin.py:190} INFO - [2025-01-31T14:39:09.882+0000] {dag.py:3239} INFO - Sync 1 DAGs
[2025-01-31T14:39:09.901+0000] {logging_mixin.py:190} INFO - [2025-01-31T14:39:09.901+0000] {dag.py:4180} INFO - Setting next_dagrun for latest_only to 2025-01-31 08:00:00+00:00, run_after=2025-01-31 12:00:00+00:00
[2025-01-31T14:39:09.915+0000] {processor.py:208} INFO - Processing /home/airflow/.local/lib/python3.12/site-packages/airflow/example_dags/example_latest_only.py took 0.066 seconds
[2025-01-31T14:39:41.141+0000] {processor.py:186} INFO - Started process (PID=1582) to work on /home/airflow/.local/lib/python3.12/site-packages/airflow/example_dags/example_latest_only.py
[2025-01-31T14:39:41.142+0000] {processor.py:914} INFO - Processing file /home/airflow/.local/lib/python3.12/site-packages/airflow/example_dags/example_latest_only.py for tasks to queue
[2025-01-31T14:39:41.143+0000] {logging_mixin.py:190} INFO - [2025-01-31T14:39:41.143+0000] {dagbag.py:588} INFO - Filling up the DagBag from /home/airflow/.local/lib/python3.12/site-packages/airflow/example_dags/example_latest_only.py
[2025-01-31T14:39:41.149+0000] {processor.py:925} INFO - DAG(s) 'latest_only' retrieved from /home/airflow/.local/lib/python3.12/site-packages/airflow/example_dags/example_latest_only.py
[2025-01-31T14:39:41.167+0000] {logging_mixin.py:190} INFO - [2025-01-31T14:39:41.167+0000] {dag.py:3239} INFO - Sync 1 DAGs
[2025-01-31T14:39:41.191+0000] {logging_mixin.py:190} INFO - [2025-01-31T14:39:41.191+0000] {dag.py:4180} INFO - Setting next_dagrun for latest_only to 2025-01-31 08:00:00+00:00, run_after=2025-01-31 12:00:00+00:00
[2025-01-31T14:39:41.207+0000] {processor.py:208} INFO - Processing /home/airflow/.local/lib/python3.12/site-packages/airflow/example_dags/example_latest_only.py took 0.071 seconds
[2025-01-31T14:40:12.340+0000] {processor.py:186} INFO - Started process (PID=1652) to work on /home/airflow/.local/lib/python3.12/site-packages/airflow/example_dags/example_latest_only.py
[2025-01-31T14:40:12.340+0000] {processor.py:914} INFO - Processing file /home/airflow/.local/lib/python3.12/site-packages/airflow/example_dags/example_latest_only.py for tasks to queue
[2025-01-31T14:40:12.342+0000] {logging_mixin.py:190} INFO - [2025-01-31T14:40:12.342+0000] {dagbag.py:588} INFO - Filling up the DagBag from /home/airflow/.local/lib/python3.12/site-packages/airflow/example_dags/example_latest_only.py
[2025-01-31T14:40:12.349+0000] {processor.py:925} INFO - DAG(s) 'latest_only' retrieved from /home/airflow/.local/lib/python3.12/site-packages/airflow/example_dags/example_latest_only.py
[2025-01-31T14:40:12.364+0000] {logging_mixin.py:190} INFO - [2025-01-31T14:40:12.364+0000] {dag.py:3239} INFO - Sync 1 DAGs
[2025-01-31T14:40:12.383+0000] {logging_mixin.py:190} INFO - [2025-01-31T14:40:12.383+0000] {dag.py:4180} INFO - Setting next_dagrun for latest_only to 2025-01-31 08:00:00+00:00, run_after=2025-01-31 12:00:00+00:00
[2025-01-31T14:40:12.397+0000] {processor.py:208} INFO - Processing /home/airflow/.local/lib/python3.12/site-packages/airflow/example_dags/example_latest_only.py took 0.062 seconds
[2025-01-31T14:40:43.253+0000] {processor.py:186} INFO - Started process (PID=1717) to work on /home/airflow/.local/lib/python3.12/site-packages/airflow/example_dags/example_latest_only.py
[2025-01-31T14:40:43.253+0000] {processor.py:914} INFO - Processing file /home/airflow/.local/lib/python3.12/site-packages/airflow/example_dags/example_latest_only.py for tasks to queue
[2025-01-31T14:40:43.255+0000] {logging_mixin.py:190} INFO - [2025-01-31T14:40:43.255+0000] {dagbag.py:588} INFO - Filling up the DagBag from /home/airflow/.local/lib/python3.12/site-packages/airflow/example_dags/example_latest_only.py
[2025-01-31T14:40:43.261+0000] {processor.py:925} INFO - DAG(s) 'latest_only' retrieved from /home/airflow/.local/lib/python3.12/site-packages/airflow/example_dags/example_latest_only.py
[2025-01-31T14:40:43.278+0000] {logging_mixin.py:190} INFO - [2025-01-31T14:40:43.278+0000] {dag.py:3239} INFO - Sync 1 DAGs
[2025-01-31T14:40:43.302+0000] {logging_mixin.py:190} INFO - [2025-01-31T14:40:43.302+0000] {dag.py:4180} INFO - Setting next_dagrun for latest_only to 2025-01-31 08:00:00+00:00, run_after=2025-01-31 12:00:00+00:00
[2025-01-31T14:40:43.318+0000] {processor.py:208} INFO - Processing /home/airflow/.local/lib/python3.12/site-packages/airflow/example_dags/example_latest_only.py took 0.069 seconds
[2025-01-31T14:41:14.424+0000] {processor.py:186} INFO - Started process (PID=1782) to work on /home/airflow/.local/lib/python3.12/site-packages/airflow/example_dags/example_latest_only.py
[2025-01-31T14:41:14.424+0000] {processor.py:914} INFO - Processing file /home/airflow/.local/lib/python3.12/site-packages/airflow/example_dags/example_latest_only.py for tasks to queue
[2025-01-31T14:41:14.426+0000] {logging_mixin.py:190} INFO - [2025-01-31T14:41:14.426+0000] {dagbag.py:588} INFO - Filling up the DagBag from /home/airflow/.local/lib/python3.12/site-packages/airflow/example_dags/example_latest_only.py
[2025-01-31T14:41:14.433+0000] {processor.py:925} INFO - DAG(s) 'latest_only' retrieved from /home/airflow/.local/lib/python3.12/site-packages/airflow/example_dags/example_latest_only.py
[2025-01-31T14:41:14.447+0000] {logging_mixin.py:190} INFO - [2025-01-31T14:41:14.447+0000] {dag.py:3239} INFO - Sync 1 DAGs
[2025-01-31T14:41:14.465+0000] {logging_mixin.py:190} INFO - [2025-01-31T14:41:14.465+0000] {dag.py:4180} INFO - Setting next_dagrun for latest_only to 2025-01-31 08:00:00+00:00, run_after=2025-01-31 12:00:00+00:00
[2025-01-31T14:41:14.477+0000] {processor.py:208} INFO - Processing /home/airflow/.local/lib/python3.12/site-packages/airflow/example_dags/example_latest_only.py took 0.059 seconds
[2025-01-31T14:41:45.763+0000] {processor.py:186} INFO - Started process (PID=1848) to work on /home/airflow/.local/lib/python3.12/site-packages/airflow/example_dags/example_latest_only.py
[2025-01-31T14:41:45.763+0000] {processor.py:914} INFO - Processing file /home/airflow/.local/lib/python3.12/site-packages/airflow/example_dags/example_latest_only.py for tasks to queue
[2025-01-31T14:41:45.765+0000] {logging_mixin.py:190} INFO - [2025-01-31T14:41:45.765+0000] {dagbag.py:588} INFO - Filling up the DagBag from /home/airflow/.local/lib/python3.12/site-packages/airflow/example_dags/example_latest_only.py
[2025-01-31T14:41:45.773+0000] {processor.py:925} INFO - DAG(s) 'latest_only' retrieved from /home/airflow/.local/lib/python3.12/site-packages/airflow/example_dags/example_latest_only.py
[2025-01-31T14:41:45.793+0000] {logging_mixin.py:190} INFO - [2025-01-31T14:41:45.793+0000] {dag.py:3239} INFO - Sync 1 DAGs
[2025-01-31T14:41:45.817+0000] {logging_mixin.py:190} INFO - [2025-01-31T14:41:45.817+0000] {dag.py:4180} INFO - Setting next_dagrun for latest_only to 2025-01-31 08:00:00+00:00, run_after=2025-01-31 12:00:00+00:00
[2025-01-31T14:41:45.834+0000] {processor.py:208} INFO - Processing /home/airflow/.local/lib/python3.12/site-packages/airflow/example_dags/example_latest_only.py took 0.078 seconds
[2025-01-31T14:42:17.235+0000] {processor.py:186} INFO - Started process (PID=1913) to work on /home/airflow/.local/lib/python3.12/site-packages/airflow/example_dags/example_latest_only.py
[2025-01-31T14:42:17.235+0000] {processor.py:914} INFO - Processing file /home/airflow/.local/lib/python3.12/site-packages/airflow/example_dags/example_latest_only.py for tasks to queue
[2025-01-31T14:42:17.237+0000] {logging_mixin.py:190} INFO - [2025-01-31T14:42:17.237+0000] {dagbag.py:588} INFO - Filling up the DagBag from /home/airflow/.local/lib/python3.12/site-packages/airflow/example_dags/example_latest_only.py
[2025-01-31T14:42:17.244+0000] {processor.py:925} INFO - DAG(s) 'latest_only' retrieved from /home/airflow/.local/lib/python3.12/site-packages/airflow/example_dags/example_latest_only.py
[2025-01-31T14:42:17.263+0000] {logging_mixin.py:190} INFO - [2025-01-31T14:42:17.263+0000] {dag.py:3239} INFO - Sync 1 DAGs
[2025-01-31T14:42:17.288+0000] {logging_mixin.py:190} INFO - [2025-01-31T14:42:17.288+0000] {dag.py:4180} INFO - Setting next_dagrun for latest_only to 2025-01-31 08:00:00+00:00, run_after=2025-01-31 12:00:00+00:00
[2025-01-31T14:42:17.305+0000] {processor.py:208} INFO - Processing /home/airflow/.local/lib/python3.12/site-packages/airflow/example_dags/example_latest_only.py took 0.076 seconds
[2025-01-31T14:42:48.319+0000] {processor.py:186} INFO - Started process (PID=1978) to work on /home/airflow/.local/lib/python3.12/site-packages/airflow/example_dags/example_latest_only.py
[2025-01-31T14:42:48.320+0000] {processor.py:914} INFO - Processing file /home/airflow/.local/lib/python3.12/site-packages/airflow/example_dags/example_latest_only.py for tasks to queue
[2025-01-31T14:42:48.322+0000] {logging_mixin.py:190} INFO - [2025-01-31T14:42:48.322+0000] {dagbag.py:588} INFO - Filling up the DagBag from /home/airflow/.local/lib/python3.12/site-packages/airflow/example_dags/example_latest_only.py
[2025-01-31T14:42:48.329+0000] {processor.py:925} INFO - DAG(s) 'latest_only' retrieved from /home/airflow/.local/lib/python3.12/site-packages/airflow/example_dags/example_latest_only.py
[2025-01-31T14:42:48.350+0000] {logging_mixin.py:190} INFO - [2025-01-31T14:42:48.350+0000] {dag.py:3239} INFO - Sync 1 DAGs
[2025-01-31T14:42:48.381+0000] {logging_mixin.py:190} INFO - [2025-01-31T14:42:48.380+0000] {dag.py:4180} INFO - Setting next_dagrun for latest_only to 2025-01-31 08:00:00+00:00, run_after=2025-01-31 12:00:00+00:00
[2025-01-31T14:42:48.398+0000] {processor.py:208} INFO - Processing /home/airflow/.local/lib/python3.12/site-packages/airflow/example_dags/example_latest_only.py took 0.085 seconds
[2025-01-31T14:43:19.672+0000] {processor.py:186} INFO - Started process (PID=2043) to work on /home/airflow/.local/lib/python3.12/site-packages/airflow/example_dags/example_latest_only.py
[2025-01-31T14:43:19.673+0000] {processor.py:914} INFO - Processing file /home/airflow/.local/lib/python3.12/site-packages/airflow/example_dags/example_latest_only.py for tasks to queue
[2025-01-31T14:43:19.676+0000] {logging_mixin.py:190} INFO - [2025-01-31T14:43:19.675+0000] {dagbag.py:588} INFO - Filling up the DagBag from /home/airflow/.local/lib/python3.12/site-packages/airflow/example_dags/example_latest_only.py
[2025-01-31T14:43:19.682+0000] {processor.py:925} INFO - DAG(s) 'latest_only' retrieved from /home/airflow/.local/lib/python3.12/site-packages/airflow/example_dags/example_latest_only.py
[2025-01-31T14:43:19.698+0000] {logging_mixin.py:190} INFO - [2025-01-31T14:43:19.698+0000] {dag.py:3239} INFO - Sync 1 DAGs
[2025-01-31T14:43:19.716+0000] {logging_mixin.py:190} INFO - [2025-01-31T14:43:19.716+0000] {dag.py:4180} INFO - Setting next_dagrun for latest_only to 2025-01-31 08:00:00+00:00, run_after=2025-01-31 12:00:00+00:00
[2025-01-31T14:43:19.728+0000] {processor.py:208} INFO - Processing /home/airflow/.local/lib/python3.12/site-packages/airflow/example_dags/example_latest_only.py took 0.062 seconds
[2025-01-31T14:43:50.321+0000] {processor.py:186} INFO - Started process (PID=2109) to work on /home/airflow/.local/lib/python3.12/site-packages/airflow/example_dags/example_latest_only.py
[2025-01-31T14:43:50.322+0000] {processor.py:914} INFO - Processing file /home/airflow/.local/lib/python3.12/site-packages/airflow/example_dags/example_latest_only.py for tasks to queue
[2025-01-31T14:43:50.324+0000] {logging_mixin.py:190} INFO - [2025-01-31T14:43:50.323+0000] {dagbag.py:588} INFO - Filling up the DagBag from /home/airflow/.local/lib/python3.12/site-packages/airflow/example_dags/example_latest_only.py
[2025-01-31T14:43:50.329+0000] {processor.py:925} INFO - DAG(s) 'latest_only' retrieved from /home/airflow/.local/lib/python3.12/site-packages/airflow/example_dags/example_latest_only.py
[2025-01-31T14:43:50.346+0000] {logging_mixin.py:190} INFO - [2025-01-31T14:43:50.346+0000] {dag.py:3239} INFO - Sync 1 DAGs
[2025-01-31T14:43:50.370+0000] {logging_mixin.py:190} INFO - [2025-01-31T14:43:50.370+0000] {dag.py:4180} INFO - Setting next_dagrun for latest_only to 2025-01-31 08:00:00+00:00, run_after=2025-01-31 12:00:00+00:00
[2025-01-31T14:43:50.385+0000] {processor.py:208} INFO - Processing /home/airflow/.local/lib/python3.12/site-packages/airflow/example_dags/example_latest_only.py took 0.068 seconds
[2025-01-31T14:44:21.528+0000] {processor.py:186} INFO - Started process (PID=2174) to work on /home/airflow/.local/lib/python3.12/site-packages/airflow/example_dags/example_latest_only.py
[2025-01-31T14:44:21.528+0000] {processor.py:914} INFO - Processing file /home/airflow/.local/lib/python3.12/site-packages/airflow/example_dags/example_latest_only.py for tasks to queue
[2025-01-31T14:44:21.530+0000] {logging_mixin.py:190} INFO - [2025-01-31T14:44:21.529+0000] {dagbag.py:588} INFO - Filling up the DagBag from /home/airflow/.local/lib/python3.12/site-packages/airflow/example_dags/example_latest_only.py
[2025-01-31T14:44:21.536+0000] {processor.py:925} INFO - DAG(s) 'latest_only' retrieved from /home/airflow/.local/lib/python3.12/site-packages/airflow/example_dags/example_latest_only.py
[2025-01-31T14:44:21.553+0000] {logging_mixin.py:190} INFO - [2025-01-31T14:44:21.553+0000] {dag.py:3239} INFO - Sync 1 DAGs
[2025-01-31T14:44:21.577+0000] {logging_mixin.py:190} INFO - [2025-01-31T14:44:21.577+0000] {dag.py:4180} INFO - Setting next_dagrun for latest_only to 2025-01-31 08:00:00+00:00, run_after=2025-01-31 12:00:00+00:00
[2025-01-31T14:44:21.593+0000] {processor.py:208} INFO - Processing /home/airflow/.local/lib/python3.12/site-packages/airflow/example_dags/example_latest_only.py took 0.072 seconds
[2025-01-31T14:44:52.676+0000] {processor.py:186} INFO - Started process (PID=2239) to work on /home/airflow/.local/lib/python3.12/site-packages/airflow/example_dags/example_latest_only.py
[2025-01-31T14:44:52.677+0000] {processor.py:914} INFO - Processing file /home/airflow/.local/lib/python3.12/site-packages/airflow/example_dags/example_latest_only.py for tasks to queue
[2025-01-31T14:44:52.678+0000] {logging_mixin.py:190} INFO - [2025-01-31T14:44:52.678+0000] {dagbag.py:588} INFO - Filling up the DagBag from /home/airflow/.local/lib/python3.12/site-packages/airflow/example_dags/example_latest_only.py
[2025-01-31T14:44:52.684+0000] {processor.py:925} INFO - DAG(s) 'latest_only' retrieved from /home/airflow/.local/lib/python3.12/site-packages/airflow/example_dags/example_latest_only.py
[2025-01-31T14:44:52.700+0000] {logging_mixin.py:190} INFO - [2025-01-31T14:44:52.700+0000] {dag.py:3239} INFO - Sync 1 DAGs
[2025-01-31T14:44:52.724+0000] {logging_mixin.py:190} INFO - [2025-01-31T14:44:52.724+0000] {dag.py:4180} INFO - Setting next_dagrun for latest_only to 2025-01-31 08:00:00+00:00, run_after=2025-01-31 12:00:00+00:00
[2025-01-31T14:44:52.742+0000] {processor.py:208} INFO - Processing /home/airflow/.local/lib/python3.12/site-packages/airflow/example_dags/example_latest_only.py took 0.069 seconds
[2025-01-31T14:45:23.290+0000] {processor.py:186} INFO - Started process (PID=2304) to work on /home/airflow/.local/lib/python3.12/site-packages/airflow/example_dags/example_latest_only.py
[2025-01-31T14:45:23.291+0000] {processor.py:914} INFO - Processing file /home/airflow/.local/lib/python3.12/site-packages/airflow/example_dags/example_latest_only.py for tasks to queue
[2025-01-31T14:45:23.293+0000] {logging_mixin.py:190} INFO - [2025-01-31T14:45:23.292+0000] {dagbag.py:588} INFO - Filling up the DagBag from /home/airflow/.local/lib/python3.12/site-packages/airflow/example_dags/example_latest_only.py
[2025-01-31T14:45:23.298+0000] {processor.py:925} INFO - DAG(s) 'latest_only' retrieved from /home/airflow/.local/lib/python3.12/site-packages/airflow/example_dags/example_latest_only.py
[2025-01-31T14:45:23.312+0000] {logging_mixin.py:190} INFO - [2025-01-31T14:45:23.312+0000] {dag.py:3239} INFO - Sync 1 DAGs
[2025-01-31T14:45:23.329+0000] {logging_mixin.py:190} INFO - [2025-01-31T14:45:23.329+0000] {dag.py:4180} INFO - Setting next_dagrun for latest_only to 2025-01-31 08:00:00+00:00, run_after=2025-01-31 12:00:00+00:00
[2025-01-31T14:45:23.341+0000] {processor.py:208} INFO - Processing /home/airflow/.local/lib/python3.12/site-packages/airflow/example_dags/example_latest_only.py took 0.055 seconds
[2025-01-31T14:45:54.266+0000] {processor.py:186} INFO - Started process (PID=2369) to work on /home/airflow/.local/lib/python3.12/site-packages/airflow/example_dags/example_latest_only.py
[2025-01-31T14:45:54.266+0000] {processor.py:914} INFO - Processing file /home/airflow/.local/lib/python3.12/site-packages/airflow/example_dags/example_latest_only.py for tasks to queue
[2025-01-31T14:45:54.268+0000] {logging_mixin.py:190} INFO - [2025-01-31T14:45:54.267+0000] {dagbag.py:588} INFO - Filling up the DagBag from /home/airflow/.local/lib/python3.12/site-packages/airflow/example_dags/example_latest_only.py
[2025-01-31T14:45:54.273+0000] {processor.py:925} INFO - DAG(s) 'latest_only' retrieved from /home/airflow/.local/lib/python3.12/site-packages/airflow/example_dags/example_latest_only.py
[2025-01-31T14:45:54.286+0000] {logging_mixin.py:190} INFO - [2025-01-31T14:45:54.286+0000] {dag.py:3239} INFO - Sync 1 DAGs
[2025-01-31T14:45:54.303+0000] {logging_mixin.py:190} INFO - [2025-01-31T14:45:54.303+0000] {dag.py:4180} INFO - Setting next_dagrun for latest_only to 2025-01-31 08:00:00+00:00, run_after=2025-01-31 12:00:00+00:00
[2025-01-31T14:45:54.316+0000] {processor.py:208} INFO - Processing /home/airflow/.local/lib/python3.12/site-packages/airflow/example_dags/example_latest_only.py took 0.054 seconds
[2025-01-31T14:46:24.894+0000] {processor.py:186} INFO - Started process (PID=2434) to work on /home/airflow/.local/lib/python3.12/site-packages/airflow/example_dags/example_latest_only.py
[2025-01-31T14:46:24.895+0000] {processor.py:914} INFO - Processing file /home/airflow/.local/lib/python3.12/site-packages/airflow/example_dags/example_latest_only.py for tasks to queue
[2025-01-31T14:46:24.896+0000] {logging_mixin.py:190} INFO - [2025-01-31T14:46:24.896+0000] {dagbag.py:588} INFO - Filling up the DagBag from /home/airflow/.local/lib/python3.12/site-packages/airflow/example_dags/example_latest_only.py
[2025-01-31T14:46:24.903+0000] {processor.py:925} INFO - DAG(s) 'latest_only' retrieved from /home/airflow/.local/lib/python3.12/site-packages/airflow/example_dags/example_latest_only.py
[2025-01-31T14:46:24.919+0000] {logging_mixin.py:190} INFO - [2025-01-31T14:46:24.919+0000] {dag.py:3239} INFO - Sync 1 DAGs
[2025-01-31T14:46:24.936+0000] {logging_mixin.py:190} INFO - [2025-01-31T14:46:24.936+0000] {dag.py:4180} INFO - Setting next_dagrun for latest_only to 2025-01-31 08:00:00+00:00, run_after=2025-01-31 12:00:00+00:00
[2025-01-31T14:46:24.952+0000] {processor.py:208} INFO - Processing /home/airflow/.local/lib/python3.12/site-packages/airflow/example_dags/example_latest_only.py took 0.062 seconds
[2025-01-31T14:46:55.737+0000] {processor.py:186} INFO - Started process (PID=2499) to work on /home/airflow/.local/lib/python3.12/site-packages/airflow/example_dags/example_latest_only.py
[2025-01-31T14:46:55.738+0000] {processor.py:914} INFO - Processing file /home/airflow/.local/lib/python3.12/site-packages/airflow/example_dags/example_latest_only.py for tasks to queue
[2025-01-31T14:46:55.739+0000] {logging_mixin.py:190} INFO - [2025-01-31T14:46:55.739+0000] {dagbag.py:588} INFO - Filling up the DagBag from /home/airflow/.local/lib/python3.12/site-packages/airflow/example_dags/example_latest_only.py
[2025-01-31T14:46:55.746+0000] {processor.py:925} INFO - DAG(s) 'latest_only' retrieved from /home/airflow/.local/lib/python3.12/site-packages/airflow/example_dags/example_latest_only.py
[2025-01-31T14:46:55.766+0000] {logging_mixin.py:190} INFO - [2025-01-31T14:46:55.766+0000] {dag.py:3239} INFO - Sync 1 DAGs
[2025-01-31T14:46:55.792+0000] {logging_mixin.py:190} INFO - [2025-01-31T14:46:55.792+0000] {dag.py:4180} INFO - Setting next_dagrun for latest_only to 2025-01-31 08:00:00+00:00, run_after=2025-01-31 12:00:00+00:00
[2025-01-31T14:46:55.809+0000] {processor.py:208} INFO - Processing /home/airflow/.local/lib/python3.12/site-packages/airflow/example_dags/example_latest_only.py took 0.076 seconds
[2025-01-31T14:47:26.650+0000] {processor.py:186} INFO - Started process (PID=2569) to work on /home/airflow/.local/lib/python3.12/site-packages/airflow/example_dags/example_latest_only.py
[2025-01-31T14:47:26.651+0000] {processor.py:914} INFO - Processing file /home/airflow/.local/lib/python3.12/site-packages/airflow/example_dags/example_latest_only.py for tasks to queue
[2025-01-31T14:47:26.653+0000] {logging_mixin.py:190} INFO - [2025-01-31T14:47:26.652+0000] {dagbag.py:588} INFO - Filling up the DagBag from /home/airflow/.local/lib/python3.12/site-packages/airflow/example_dags/example_latest_only.py
[2025-01-31T14:47:26.658+0000] {processor.py:925} INFO - DAG(s) 'latest_only' retrieved from /home/airflow/.local/lib/python3.12/site-packages/airflow/example_dags/example_latest_only.py
[2025-01-31T14:47:26.672+0000] {logging_mixin.py:190} INFO - [2025-01-31T14:47:26.672+0000] {dag.py:3239} INFO - Sync 1 DAGs
[2025-01-31T14:47:26.689+0000] {logging_mixin.py:190} INFO - [2025-01-31T14:47:26.689+0000] {dag.py:4180} INFO - Setting next_dagrun for latest_only to 2025-01-31 08:00:00+00:00, run_after=2025-01-31 12:00:00+00:00
[2025-01-31T14:47:26.701+0000] {processor.py:208} INFO - Processing /home/airflow/.local/lib/python3.12/site-packages/airflow/example_dags/example_latest_only.py took 0.055 seconds
[2025-01-31T14:47:57.101+0000] {processor.py:186} INFO - Started process (PID=2634) to work on /home/airflow/.local/lib/python3.12/site-packages/airflow/example_dags/example_latest_only.py
[2025-01-31T14:47:57.101+0000] {processor.py:914} INFO - Processing file /home/airflow/.local/lib/python3.12/site-packages/airflow/example_dags/example_latest_only.py for tasks to queue
[2025-01-31T14:47:57.104+0000] {logging_mixin.py:190} INFO - [2025-01-31T14:47:57.103+0000] {dagbag.py:588} INFO - Filling up the DagBag from /home/airflow/.local/lib/python3.12/site-packages/airflow/example_dags/example_latest_only.py
[2025-01-31T14:47:57.111+0000] {processor.py:925} INFO - DAG(s) 'latest_only' retrieved from /home/airflow/.local/lib/python3.12/site-packages/airflow/example_dags/example_latest_only.py
[2025-01-31T14:47:57.133+0000] {logging_mixin.py:190} INFO - [2025-01-31T14:47:57.132+0000] {dag.py:3239} INFO - Sync 1 DAGs
[2025-01-31T14:47:57.151+0000] {logging_mixin.py:190} INFO - [2025-01-31T14:47:57.151+0000] {dag.py:4180} INFO - Setting next_dagrun for latest_only to 2025-01-31 08:00:00+00:00, run_after=2025-01-31 12:00:00+00:00
[2025-01-31T14:47:57.164+0000] {processor.py:208} INFO - Processing /home/airflow/.local/lib/python3.12/site-packages/airflow/example_dags/example_latest_only.py took 0.070 seconds
[2025-01-31T14:48:28.210+0000] {processor.py:186} INFO - Started process (PID=2702) to work on /home/airflow/.local/lib/python3.12/site-packages/airflow/example_dags/example_latest_only.py
[2025-01-31T14:48:28.211+0000] {processor.py:914} INFO - Processing file /home/airflow/.local/lib/python3.12/site-packages/airflow/example_dags/example_latest_only.py for tasks to queue
[2025-01-31T14:48:28.213+0000] {logging_mixin.py:190} INFO - [2025-01-31T14:48:28.213+0000] {dagbag.py:588} INFO - Filling up the DagBag from /home/airflow/.local/lib/python3.12/site-packages/airflow/example_dags/example_latest_only.py
[2025-01-31T14:48:28.220+0000] {processor.py:925} INFO - DAG(s) 'latest_only' retrieved from /home/airflow/.local/lib/python3.12/site-packages/airflow/example_dags/example_latest_only.py
[2025-01-31T14:48:28.235+0000] {logging_mixin.py:190} INFO - [2025-01-31T14:48:28.235+0000] {dag.py:3239} INFO - Sync 1 DAGs
[2025-01-31T14:48:28.253+0000] {logging_mixin.py:190} INFO - [2025-01-31T14:48:28.253+0000] {dag.py:4180} INFO - Setting next_dagrun for latest_only to 2025-01-31 08:00:00+00:00, run_after=2025-01-31 12:00:00+00:00
[2025-01-31T14:48:28.265+0000] {processor.py:208} INFO - Processing /home/airflow/.local/lib/python3.12/site-packages/airflow/example_dags/example_latest_only.py took 0.061 seconds
[2025-01-31T14:48:58.369+0000] {processor.py:186} INFO - Started process (PID=2767) to work on /home/airflow/.local/lib/python3.12/site-packages/airflow/example_dags/example_latest_only.py
[2025-01-31T14:48:58.369+0000] {processor.py:914} INFO - Processing file /home/airflow/.local/lib/python3.12/site-packages/airflow/example_dags/example_latest_only.py for tasks to queue
[2025-01-31T14:48:58.371+0000] {logging_mixin.py:190} INFO - [2025-01-31T14:48:58.371+0000] {dagbag.py:588} INFO - Filling up the DagBag from /home/airflow/.local/lib/python3.12/site-packages/airflow/example_dags/example_latest_only.py
[2025-01-31T14:48:58.378+0000] {processor.py:925} INFO - DAG(s) 'latest_only' retrieved from /home/airflow/.local/lib/python3.12/site-packages/airflow/example_dags/example_latest_only.py
[2025-01-31T14:48:58.395+0000] {logging_mixin.py:190} INFO - [2025-01-31T14:48:58.395+0000] {dag.py:3239} INFO - Sync 1 DAGs
[2025-01-31T14:48:58.412+0000] {logging_mixin.py:190} INFO - [2025-01-31T14:48:58.412+0000] {dag.py:4180} INFO - Setting next_dagrun for latest_only to 2025-01-31 08:00:00+00:00, run_after=2025-01-31 12:00:00+00:00
[2025-01-31T14:48:58.424+0000] {processor.py:208} INFO - Processing /home/airflow/.local/lib/python3.12/site-packages/airflow/example_dags/example_latest_only.py took 0.060 seconds
[2025-01-31T14:49:29.023+0000] {processor.py:186} INFO - Started process (PID=2833) to work on /home/airflow/.local/lib/python3.12/site-packages/airflow/example_dags/example_latest_only.py
[2025-01-31T14:49:29.024+0000] {processor.py:914} INFO - Processing file /home/airflow/.local/lib/python3.12/site-packages/airflow/example_dags/example_latest_only.py for tasks to queue
[2025-01-31T14:49:29.025+0000] {logging_mixin.py:190} INFO - [2025-01-31T14:49:29.025+0000] {dagbag.py:588} INFO - Filling up the DagBag from /home/airflow/.local/lib/python3.12/site-packages/airflow/example_dags/example_latest_only.py
[2025-01-31T14:49:29.031+0000] {processor.py:925} INFO - DAG(s) 'latest_only' retrieved from /home/airflow/.local/lib/python3.12/site-packages/airflow/example_dags/example_latest_only.py
[2025-01-31T14:49:29.045+0000] {logging_mixin.py:190} INFO - [2025-01-31T14:49:29.045+0000] {dag.py:3239} INFO - Sync 1 DAGs
[2025-01-31T14:49:29.064+0000] {logging_mixin.py:190} INFO - [2025-01-31T14:49:29.063+0000] {dag.py:4180} INFO - Setting next_dagrun for latest_only to 2025-01-31 08:00:00+00:00, run_after=2025-01-31 12:00:00+00:00
[2025-01-31T14:49:29.078+0000] {processor.py:208} INFO - Processing /home/airflow/.local/lib/python3.12/site-packages/airflow/example_dags/example_latest_only.py took 0.058 seconds
[2025-01-31T14:49:59.916+0000] {processor.py:186} INFO - Started process (PID=2900) to work on /home/airflow/.local/lib/python3.12/site-packages/airflow/example_dags/example_latest_only.py
[2025-01-31T14:49:59.916+0000] {processor.py:914} INFO - Processing file /home/airflow/.local/lib/python3.12/site-packages/airflow/example_dags/example_latest_only.py for tasks to queue
[2025-01-31T14:49:59.918+0000] {logging_mixin.py:190} INFO - [2025-01-31T14:49:59.918+0000] {dagbag.py:588} INFO - Filling up the DagBag from /home/airflow/.local/lib/python3.12/site-packages/airflow/example_dags/example_latest_only.py
[2025-01-31T14:49:59.923+0000] {processor.py:925} INFO - DAG(s) 'latest_only' retrieved from /home/airflow/.local/lib/python3.12/site-packages/airflow/example_dags/example_latest_only.py
[2025-01-31T14:49:59.940+0000] {logging_mixin.py:190} INFO - [2025-01-31T14:49:59.940+0000] {dag.py:3239} INFO - Sync 1 DAGs
[2025-01-31T14:49:59.961+0000] {logging_mixin.py:190} INFO - [2025-01-31T14:49:59.961+0000] {dag.py:4180} INFO - Setting next_dagrun for latest_only to 2025-01-31 08:00:00+00:00, run_after=2025-01-31 12:00:00+00:00
[2025-01-31T14:49:59.977+0000] {processor.py:208} INFO - Processing /home/airflow/.local/lib/python3.12/site-packages/airflow/example_dags/example_latest_only.py took 0.065 seconds
[2025-01-31T14:50:30.648+0000] {processor.py:186} INFO - Started process (PID=2966) to work on /home/airflow/.local/lib/python3.12/site-packages/airflow/example_dags/example_latest_only.py
[2025-01-31T14:50:30.648+0000] {processor.py:914} INFO - Processing file /home/airflow/.local/lib/python3.12/site-packages/airflow/example_dags/example_latest_only.py for tasks to queue
[2025-01-31T14:50:30.650+0000] {logging_mixin.py:190} INFO - [2025-01-31T14:50:30.650+0000] {dagbag.py:588} INFO - Filling up the DagBag from /home/airflow/.local/lib/python3.12/site-packages/airflow/example_dags/example_latest_only.py
[2025-01-31T14:50:30.656+0000] {processor.py:925} INFO - DAG(s) 'latest_only' retrieved from /home/airflow/.local/lib/python3.12/site-packages/airflow/example_dags/example_latest_only.py
[2025-01-31T14:50:30.672+0000] {logging_mixin.py:190} INFO - [2025-01-31T14:50:30.671+0000] {dag.py:3239} INFO - Sync 1 DAGs
[2025-01-31T14:50:30.696+0000] {logging_mixin.py:190} INFO - [2025-01-31T14:50:30.696+0000] {dag.py:4180} INFO - Setting next_dagrun for latest_only to 2025-01-31 08:00:00+00:00, run_after=2025-01-31 12:00:00+00:00
[2025-01-31T14:50:30.713+0000] {processor.py:208} INFO - Processing /home/airflow/.local/lib/python3.12/site-packages/airflow/example_dags/example_latest_only.py took 0.070 seconds
[2025-01-31T14:51:01.592+0000] {processor.py:186} INFO - Started process (PID=3033) to work on /home/airflow/.local/lib/python3.12/site-packages/airflow/example_dags/example_latest_only.py
[2025-01-31T14:51:01.593+0000] {processor.py:914} INFO - Processing file /home/airflow/.local/lib/python3.12/site-packages/airflow/example_dags/example_latest_only.py for tasks to queue
[2025-01-31T14:51:01.595+0000] {logging_mixin.py:190} INFO - [2025-01-31T14:51:01.595+0000] {dagbag.py:588} INFO - Filling up the DagBag from /home/airflow/.local/lib/python3.12/site-packages/airflow/example_dags/example_latest_only.py
[2025-01-31T14:51:01.603+0000] {processor.py:925} INFO - DAG(s) 'latest_only' retrieved from /home/airflow/.local/lib/python3.12/site-packages/airflow/example_dags/example_latest_only.py
[2025-01-31T14:51:01.624+0000] {logging_mixin.py:190} INFO - [2025-01-31T14:51:01.623+0000] {dag.py:3239} INFO - Sync 1 DAGs
[2025-01-31T14:51:01.649+0000] {logging_mixin.py:190} INFO - [2025-01-31T14:51:01.648+0000] {dag.py:4180} INFO - Setting next_dagrun for latest_only to 2025-01-31 08:00:00+00:00, run_after=2025-01-31 12:00:00+00:00
[2025-01-31T14:51:01.666+0000] {processor.py:208} INFO - Processing /home/airflow/.local/lib/python3.12/site-packages/airflow/example_dags/example_latest_only.py took 0.081 seconds
[2025-01-31T14:51:32.069+0000] {processor.py:186} INFO - Started process (PID=3100) to work on /home/airflow/.local/lib/python3.12/site-packages/airflow/example_dags/example_latest_only.py
[2025-01-31T14:51:32.070+0000] {processor.py:914} INFO - Processing file /home/airflow/.local/lib/python3.12/site-packages/airflow/example_dags/example_latest_only.py for tasks to queue
[2025-01-31T14:51:32.071+0000] {logging_mixin.py:190} INFO - [2025-01-31T14:51:32.071+0000] {dagbag.py:588} INFO - Filling up the DagBag from /home/airflow/.local/lib/python3.12/site-packages/airflow/example_dags/example_latest_only.py
[2025-01-31T14:51:32.077+0000] {processor.py:925} INFO - DAG(s) 'latest_only' retrieved from /home/airflow/.local/lib/python3.12/site-packages/airflow/example_dags/example_latest_only.py
[2025-01-31T14:51:32.091+0000] {logging_mixin.py:190} INFO - [2025-01-31T14:51:32.090+0000] {dag.py:3239} INFO - Sync 1 DAGs
[2025-01-31T14:51:32.107+0000] {logging_mixin.py:190} INFO - [2025-01-31T14:51:32.107+0000] {dag.py:4180} INFO - Setting next_dagrun for latest_only to 2025-01-31 08:00:00+00:00, run_after=2025-01-31 12:00:00+00:00
[2025-01-31T14:51:32.120+0000] {processor.py:208} INFO - Processing /home/airflow/.local/lib/python3.12/site-packages/airflow/example_dags/example_latest_only.py took 0.055 seconds
[2025-01-31T14:52:03.115+0000] {processor.py:186} INFO - Started process (PID=3168) to work on /home/airflow/.local/lib/python3.12/site-packages/airflow/example_dags/example_latest_only.py
[2025-01-31T14:52:03.115+0000] {processor.py:914} INFO - Processing file /home/airflow/.local/lib/python3.12/site-packages/airflow/example_dags/example_latest_only.py for tasks to queue
[2025-01-31T14:52:03.117+0000] {logging_mixin.py:190} INFO - [2025-01-31T14:52:03.116+0000] {dagbag.py:588} INFO - Filling up the DagBag from /home/airflow/.local/lib/python3.12/site-packages/airflow/example_dags/example_latest_only.py
[2025-01-31T14:52:03.122+0000] {processor.py:925} INFO - DAG(s) 'latest_only' retrieved from /home/airflow/.local/lib/python3.12/site-packages/airflow/example_dags/example_latest_only.py
[2025-01-31T14:52:03.136+0000] {logging_mixin.py:190} INFO - [2025-01-31T14:52:03.136+0000] {dag.py:3239} INFO - Sync 1 DAGs
[2025-01-31T14:52:03.154+0000] {logging_mixin.py:190} INFO - [2025-01-31T14:52:03.153+0000] {dag.py:4180} INFO - Setting next_dagrun for latest_only to 2025-01-31 08:00:00+00:00, run_after=2025-01-31 12:00:00+00:00
[2025-01-31T14:52:03.166+0000] {processor.py:208} INFO - Processing /home/airflow/.local/lib/python3.12/site-packages/airflow/example_dags/example_latest_only.py took 0.056 seconds
[2025-01-31T14:52:33.896+0000] {processor.py:186} INFO - Started process (PID=3234) to work on /home/airflow/.local/lib/python3.12/site-packages/airflow/example_dags/example_latest_only.py
[2025-01-31T14:52:33.896+0000] {processor.py:914} INFO - Processing file /home/airflow/.local/lib/python3.12/site-packages/airflow/example_dags/example_latest_only.py for tasks to queue
[2025-01-31T14:52:33.898+0000] {logging_mixin.py:190} INFO - [2025-01-31T14:52:33.898+0000] {dagbag.py:588} INFO - Filling up the DagBag from /home/airflow/.local/lib/python3.12/site-packages/airflow/example_dags/example_latest_only.py
[2025-01-31T14:52:33.903+0000] {processor.py:925} INFO - DAG(s) 'latest_only' retrieved from /home/airflow/.local/lib/python3.12/site-packages/airflow/example_dags/example_latest_only.py
[2025-01-31T14:52:33.922+0000] {logging_mixin.py:190} INFO - [2025-01-31T14:52:33.921+0000] {dag.py:3239} INFO - Sync 1 DAGs
[2025-01-31T14:52:33.944+0000] {logging_mixin.py:190} INFO - [2025-01-31T14:52:33.944+0000] {dag.py:4180} INFO - Setting next_dagrun for latest_only to 2025-01-31 08:00:00+00:00, run_after=2025-01-31 12:00:00+00:00
[2025-01-31T14:52:33.958+0000] {processor.py:208} INFO - Processing /home/airflow/.local/lib/python3.12/site-packages/airflow/example_dags/example_latest_only.py took 0.067 seconds
[2025-01-31T14:53:04.144+0000] {processor.py:186} INFO - Started process (PID=3299) to work on /home/airflow/.local/lib/python3.12/site-packages/airflow/example_dags/example_latest_only.py
[2025-01-31T14:53:04.144+0000] {processor.py:914} INFO - Processing file /home/airflow/.local/lib/python3.12/site-packages/airflow/example_dags/example_latest_only.py for tasks to queue
[2025-01-31T14:53:04.146+0000] {logging_mixin.py:190} INFO - [2025-01-31T14:53:04.146+0000] {dagbag.py:588} INFO - Filling up the DagBag from /home/airflow/.local/lib/python3.12/site-packages/airflow/example_dags/example_latest_only.py
[2025-01-31T14:53:04.151+0000] {processor.py:925} INFO - DAG(s) 'latest_only' retrieved from /home/airflow/.local/lib/python3.12/site-packages/airflow/example_dags/example_latest_only.py
[2025-01-31T14:53:04.168+0000] {logging_mixin.py:190} INFO - [2025-01-31T14:53:04.168+0000] {dag.py:3239} INFO - Sync 1 DAGs
[2025-01-31T14:53:04.192+0000] {logging_mixin.py:190} INFO - [2025-01-31T14:53:04.192+0000] {dag.py:4180} INFO - Setting next_dagrun for latest_only to 2025-01-31 08:00:00+00:00, run_after=2025-01-31 12:00:00+00:00
[2025-01-31T14:53:04.207+0000] {processor.py:208} INFO - Processing /home/airflow/.local/lib/python3.12/site-packages/airflow/example_dags/example_latest_only.py took 0.068 seconds
[2025-01-31T14:53:34.729+0000] {processor.py:186} INFO - Started process (PID=3365) to work on /home/airflow/.local/lib/python3.12/site-packages/airflow/example_dags/example_latest_only.py
[2025-01-31T14:53:34.730+0000] {processor.py:914} INFO - Processing file /home/airflow/.local/lib/python3.12/site-packages/airflow/example_dags/example_latest_only.py for tasks to queue
[2025-01-31T14:53:34.731+0000] {logging_mixin.py:190} INFO - [2025-01-31T14:53:34.731+0000] {dagbag.py:588} INFO - Filling up the DagBag from /home/airflow/.local/lib/python3.12/site-packages/airflow/example_dags/example_latest_only.py
[2025-01-31T14:53:34.736+0000] {processor.py:925} INFO - DAG(s) 'latest_only' retrieved from /home/airflow/.local/lib/python3.12/site-packages/airflow/example_dags/example_latest_only.py
[2025-01-31T14:53:34.751+0000] {logging_mixin.py:190} INFO - [2025-01-31T14:53:34.750+0000] {dag.py:3239} INFO - Sync 1 DAGs
[2025-01-31T14:53:34.767+0000] {logging_mixin.py:190} INFO - [2025-01-31T14:53:34.767+0000] {dag.py:4180} INFO - Setting next_dagrun for latest_only to 2025-01-31 08:00:00+00:00, run_after=2025-01-31 12:00:00+00:00
[2025-01-31T14:53:34.779+0000] {processor.py:208} INFO - Processing /home/airflow/.local/lib/python3.12/site-packages/airflow/example_dags/example_latest_only.py took 0.054 seconds
[2025-01-31T14:54:05.835+0000] {processor.py:186} INFO - Started process (PID=3431) to work on /home/airflow/.local/lib/python3.12/site-packages/airflow/example_dags/example_latest_only.py
[2025-01-31T14:54:05.835+0000] {processor.py:914} INFO - Processing file /home/airflow/.local/lib/python3.12/site-packages/airflow/example_dags/example_latest_only.py for tasks to queue
[2025-01-31T14:54:05.837+0000] {logging_mixin.py:190} INFO - [2025-01-31T14:54:05.836+0000] {dagbag.py:588} INFO - Filling up the DagBag from /home/airflow/.local/lib/python3.12/site-packages/airflow/example_dags/example_latest_only.py
[2025-01-31T14:54:05.842+0000] {processor.py:925} INFO - DAG(s) 'latest_only' retrieved from /home/airflow/.local/lib/python3.12/site-packages/airflow/example_dags/example_latest_only.py
[2025-01-31T14:54:05.859+0000] {logging_mixin.py:190} INFO - [2025-01-31T14:54:05.859+0000] {dag.py:3239} INFO - Sync 1 DAGs
[2025-01-31T14:54:06.050+0000] {logging_mixin.py:190} INFO - [2025-01-31T14:54:06.050+0000] {dag.py:4180} INFO - Setting next_dagrun for latest_only to 2025-01-31 08:00:00+00:00, run_after=2025-01-31 12:00:00+00:00
[2025-01-31T14:54:06.063+0000] {processor.py:208} INFO - Processing /home/airflow/.local/lib/python3.12/site-packages/airflow/example_dags/example_latest_only.py took 0.232 seconds
[2025-01-31T14:54:36.154+0000] {processor.py:186} INFO - Started process (PID=3497) to work on /home/airflow/.local/lib/python3.12/site-packages/airflow/example_dags/example_latest_only.py
[2025-01-31T14:54:36.155+0000] {processor.py:914} INFO - Processing file /home/airflow/.local/lib/python3.12/site-packages/airflow/example_dags/example_latest_only.py for tasks to queue
[2025-01-31T14:54:36.156+0000] {logging_mixin.py:190} INFO - [2025-01-31T14:54:36.156+0000] {dagbag.py:588} INFO - Filling up the DagBag from /home/airflow/.local/lib/python3.12/site-packages/airflow/example_dags/example_latest_only.py
[2025-01-31T14:54:36.161+0000] {processor.py:925} INFO - DAG(s) 'latest_only' retrieved from /home/airflow/.local/lib/python3.12/site-packages/airflow/example_dags/example_latest_only.py
[2025-01-31T14:54:36.178+0000] {logging_mixin.py:190} INFO - [2025-01-31T14:54:36.178+0000] {dag.py:3239} INFO - Sync 1 DAGs
[2025-01-31T14:54:36.366+0000] {logging_mixin.py:190} INFO - [2025-01-31T14:54:36.366+0000] {dag.py:4180} INFO - Setting next_dagrun for latest_only to 2025-01-31 08:00:00+00:00, run_after=2025-01-31 12:00:00+00:00
[2025-01-31T14:54:36.378+0000] {processor.py:208} INFO - Processing /home/airflow/.local/lib/python3.12/site-packages/airflow/example_dags/example_latest_only.py took 0.229 seconds
[2025-01-31T14:55:06.595+0000] {processor.py:186} INFO - Started process (PID=3563) to work on /home/airflow/.local/lib/python3.12/site-packages/airflow/example_dags/example_latest_only.py
[2025-01-31T14:55:06.596+0000] {processor.py:914} INFO - Processing file /home/airflow/.local/lib/python3.12/site-packages/airflow/example_dags/example_latest_only.py for tasks to queue
[2025-01-31T14:55:06.597+0000] {logging_mixin.py:190} INFO - [2025-01-31T14:55:06.597+0000] {dagbag.py:588} INFO - Filling up the DagBag from /home/airflow/.local/lib/python3.12/site-packages/airflow/example_dags/example_latest_only.py
[2025-01-31T14:55:06.602+0000] {processor.py:925} INFO - DAG(s) 'latest_only' retrieved from /home/airflow/.local/lib/python3.12/site-packages/airflow/example_dags/example_latest_only.py
[2025-01-31T14:55:06.619+0000] {logging_mixin.py:190} INFO - [2025-01-31T14:55:06.619+0000] {dag.py:3239} INFO - Sync 1 DAGs
[2025-01-31T14:55:06.641+0000] {logging_mixin.py:190} INFO - [2025-01-31T14:55:06.641+0000] {dag.py:4180} INFO - Setting next_dagrun for latest_only to 2025-01-31 08:00:00+00:00, run_after=2025-01-31 12:00:00+00:00
[2025-01-31T14:55:06.654+0000] {processor.py:208} INFO - Processing /home/airflow/.local/lib/python3.12/site-packages/airflow/example_dags/example_latest_only.py took 0.063 seconds
[2025-01-31T14:55:36.901+0000] {processor.py:186} INFO - Started process (PID=3630) to work on /home/airflow/.local/lib/python3.12/site-packages/airflow/example_dags/example_latest_only.py
[2025-01-31T14:55:36.902+0000] {processor.py:914} INFO - Processing file /home/airflow/.local/lib/python3.12/site-packages/airflow/example_dags/example_latest_only.py for tasks to queue
[2025-01-31T14:55:36.903+0000] {logging_mixin.py:190} INFO - [2025-01-31T14:55:36.903+0000] {dagbag.py:588} INFO - Filling up the DagBag from /home/airflow/.local/lib/python3.12/site-packages/airflow/example_dags/example_latest_only.py
[2025-01-31T14:55:36.909+0000] {processor.py:925} INFO - DAG(s) 'latest_only' retrieved from /home/airflow/.local/lib/python3.12/site-packages/airflow/example_dags/example_latest_only.py
[2025-01-31T14:55:36.924+0000] {logging_mixin.py:190} INFO - [2025-01-31T14:55:36.923+0000] {dag.py:3239} INFO - Sync 1 DAGs
[2025-01-31T14:55:36.941+0000] {logging_mixin.py:190} INFO - [2025-01-31T14:55:36.941+0000] {dag.py:4180} INFO - Setting next_dagrun for latest_only to 2025-01-31 08:00:00+00:00, run_after=2025-01-31 12:00:00+00:00
[2025-01-31T14:55:36.953+0000] {processor.py:208} INFO - Processing /home/airflow/.local/lib/python3.12/site-packages/airflow/example_dags/example_latest_only.py took 0.058 seconds
[2025-01-31T14:56:07.892+0000] {processor.py:186} INFO - Started process (PID=3696) to work on /home/airflow/.local/lib/python3.12/site-packages/airflow/example_dags/example_latest_only.py
[2025-01-31T14:56:07.893+0000] {processor.py:914} INFO - Processing file /home/airflow/.local/lib/python3.12/site-packages/airflow/example_dags/example_latest_only.py for tasks to queue
[2025-01-31T14:56:07.894+0000] {logging_mixin.py:190} INFO - [2025-01-31T14:56:07.894+0000] {dagbag.py:588} INFO - Filling up the DagBag from /home/airflow/.local/lib/python3.12/site-packages/airflow/example_dags/example_latest_only.py
[2025-01-31T14:56:07.900+0000] {processor.py:925} INFO - DAG(s) 'latest_only' retrieved from /home/airflow/.local/lib/python3.12/site-packages/airflow/example_dags/example_latest_only.py
[2025-01-31T14:56:07.914+0000] {logging_mixin.py:190} INFO - [2025-01-31T14:56:07.914+0000] {dag.py:3239} INFO - Sync 1 DAGs
[2025-01-31T14:56:07.938+0000] {logging_mixin.py:190} INFO - [2025-01-31T14:56:07.938+0000] {dag.py:4180} INFO - Setting next_dagrun for latest_only to 2025-01-31 08:00:00+00:00, run_after=2025-01-31 12:00:00+00:00
[2025-01-31T14:56:07.954+0000] {processor.py:208} INFO - Processing /home/airflow/.local/lib/python3.12/site-packages/airflow/example_dags/example_latest_only.py took 0.067 seconds
[2025-01-31T14:56:38.037+0000] {processor.py:186} INFO - Started process (PID=3763) to work on /home/airflow/.local/lib/python3.12/site-packages/airflow/example_dags/example_latest_only.py
[2025-01-31T14:56:38.037+0000] {processor.py:914} INFO - Processing file /home/airflow/.local/lib/python3.12/site-packages/airflow/example_dags/example_latest_only.py for tasks to queue
[2025-01-31T14:56:38.039+0000] {logging_mixin.py:190} INFO - [2025-01-31T14:56:38.039+0000] {dagbag.py:588} INFO - Filling up the DagBag from /home/airflow/.local/lib/python3.12/site-packages/airflow/example_dags/example_latest_only.py
[2025-01-31T14:56:38.045+0000] {processor.py:925} INFO - DAG(s) 'latest_only' retrieved from /home/airflow/.local/lib/python3.12/site-packages/airflow/example_dags/example_latest_only.py
[2025-01-31T14:56:38.059+0000] {logging_mixin.py:190} INFO - [2025-01-31T14:56:38.058+0000] {dag.py:3239} INFO - Sync 1 DAGs
[2025-01-31T14:56:38.076+0000] {logging_mixin.py:190} INFO - [2025-01-31T14:56:38.076+0000] {dag.py:4180} INFO - Setting next_dagrun for latest_only to 2025-01-31 08:00:00+00:00, run_after=2025-01-31 12:00:00+00:00
[2025-01-31T14:56:38.089+0000] {processor.py:208} INFO - Processing /home/airflow/.local/lib/python3.12/site-packages/airflow/example_dags/example_latest_only.py took 0.057 seconds
[2025-01-31T14:57:08.812+0000] {processor.py:186} INFO - Started process (PID=3833) to work on /home/airflow/.local/lib/python3.12/site-packages/airflow/example_dags/example_latest_only.py
[2025-01-31T14:57:08.812+0000] {processor.py:914} INFO - Processing file /home/airflow/.local/lib/python3.12/site-packages/airflow/example_dags/example_latest_only.py for tasks to queue
[2025-01-31T14:57:08.814+0000] {logging_mixin.py:190} INFO - [2025-01-31T14:57:08.814+0000] {dagbag.py:588} INFO - Filling up the DagBag from /home/airflow/.local/lib/python3.12/site-packages/airflow/example_dags/example_latest_only.py
[2025-01-31T14:57:08.819+0000] {processor.py:925} INFO - DAG(s) 'latest_only' retrieved from /home/airflow/.local/lib/python3.12/site-packages/airflow/example_dags/example_latest_only.py
[2025-01-31T14:57:08.834+0000] {logging_mixin.py:190} INFO - [2025-01-31T14:57:08.834+0000] {dag.py:3239} INFO - Sync 1 DAGs
[2025-01-31T14:57:08.852+0000] {logging_mixin.py:190} INFO - [2025-01-31T14:57:08.852+0000] {dag.py:4180} INFO - Setting next_dagrun for latest_only to 2025-01-31 08:00:00+00:00, run_after=2025-01-31 12:00:00+00:00
[2025-01-31T14:57:08.867+0000] {processor.py:208} INFO - Processing /home/airflow/.local/lib/python3.12/site-packages/airflow/example_dags/example_latest_only.py took 0.060 seconds
[2025-01-31T14:57:39.506+0000] {processor.py:186} INFO - Started process (PID=3899) to work on /home/airflow/.local/lib/python3.12/site-packages/airflow/example_dags/example_latest_only.py
[2025-01-31T14:57:39.507+0000] {processor.py:914} INFO - Processing file /home/airflow/.local/lib/python3.12/site-packages/airflow/example_dags/example_latest_only.py for tasks to queue
[2025-01-31T14:57:39.508+0000] {logging_mixin.py:190} INFO - [2025-01-31T14:57:39.508+0000] {dagbag.py:588} INFO - Filling up the DagBag from /home/airflow/.local/lib/python3.12/site-packages/airflow/example_dags/example_latest_only.py
[2025-01-31T14:57:39.513+0000] {processor.py:925} INFO - DAG(s) 'latest_only' retrieved from /home/airflow/.local/lib/python3.12/site-packages/airflow/example_dags/example_latest_only.py
[2025-01-31T14:57:39.527+0000] {logging_mixin.py:190} INFO - [2025-01-31T14:57:39.527+0000] {dag.py:3239} INFO - Sync 1 DAGs
[2025-01-31T14:57:39.544+0000] {logging_mixin.py:190} INFO - [2025-01-31T14:57:39.544+0000] {dag.py:4180} INFO - Setting next_dagrun for latest_only to 2025-01-31 08:00:00+00:00, run_after=2025-01-31 12:00:00+00:00
[2025-01-31T14:57:39.556+0000] {processor.py:208} INFO - Processing /home/airflow/.local/lib/python3.12/site-packages/airflow/example_dags/example_latest_only.py took 0.055 seconds
[2025-01-31T14:58:10.216+0000] {processor.py:186} INFO - Started process (PID=3965) to work on /home/airflow/.local/lib/python3.12/site-packages/airflow/example_dags/example_latest_only.py
[2025-01-31T14:58:10.216+0000] {processor.py:914} INFO - Processing file /home/airflow/.local/lib/python3.12/site-packages/airflow/example_dags/example_latest_only.py for tasks to queue
[2025-01-31T14:58:10.218+0000] {logging_mixin.py:190} INFO - [2025-01-31T14:58:10.218+0000] {dagbag.py:588} INFO - Filling up the DagBag from /home/airflow/.local/lib/python3.12/site-packages/airflow/example_dags/example_latest_only.py
[2025-01-31T14:58:10.224+0000] {processor.py:925} INFO - DAG(s) 'latest_only' retrieved from /home/airflow/.local/lib/python3.12/site-packages/airflow/example_dags/example_latest_only.py
[2025-01-31T14:58:10.240+0000] {logging_mixin.py:190} INFO - [2025-01-31T14:58:10.240+0000] {dag.py:3239} INFO - Sync 1 DAGs
[2025-01-31T14:58:10.260+0000] {logging_mixin.py:190} INFO - [2025-01-31T14:58:10.260+0000] {dag.py:4180} INFO - Setting next_dagrun for latest_only to 2025-01-31 08:00:00+00:00, run_after=2025-01-31 12:00:00+00:00
[2025-01-31T14:58:10.275+0000] {processor.py:208} INFO - Processing /home/airflow/.local/lib/python3.12/site-packages/airflow/example_dags/example_latest_only.py took 0.064 seconds
[2025-01-31T14:58:40.887+0000] {processor.py:186} INFO - Started process (PID=4031) to work on /home/airflow/.local/lib/python3.12/site-packages/airflow/example_dags/example_latest_only.py
[2025-01-31T14:58:40.888+0000] {processor.py:914} INFO - Processing file /home/airflow/.local/lib/python3.12/site-packages/airflow/example_dags/example_latest_only.py for tasks to queue
[2025-01-31T14:58:40.890+0000] {logging_mixin.py:190} INFO - [2025-01-31T14:58:40.890+0000] {dagbag.py:588} INFO - Filling up the DagBag from /home/airflow/.local/lib/python3.12/site-packages/airflow/example_dags/example_latest_only.py
[2025-01-31T14:58:40.896+0000] {processor.py:925} INFO - DAG(s) 'latest_only' retrieved from /home/airflow/.local/lib/python3.12/site-packages/airflow/example_dags/example_latest_only.py
[2025-01-31T14:58:40.911+0000] {logging_mixin.py:190} INFO - [2025-01-31T14:58:40.911+0000] {dag.py:3239} INFO - Sync 1 DAGs
[2025-01-31T14:58:40.928+0000] {logging_mixin.py:190} INFO - [2025-01-31T14:58:40.928+0000] {dag.py:4180} INFO - Setting next_dagrun for latest_only to 2025-01-31 08:00:00+00:00, run_after=2025-01-31 12:00:00+00:00
[2025-01-31T14:58:40.940+0000] {processor.py:208} INFO - Processing /home/airflow/.local/lib/python3.12/site-packages/airflow/example_dags/example_latest_only.py took 0.060 seconds
[2025-01-31T14:59:11.782+0000] {processor.py:186} INFO - Started process (PID=4097) to work on /home/airflow/.local/lib/python3.12/site-packages/airflow/example_dags/example_latest_only.py
[2025-01-31T14:59:11.783+0000] {processor.py:914} INFO - Processing file /home/airflow/.local/lib/python3.12/site-packages/airflow/example_dags/example_latest_only.py for tasks to queue
[2025-01-31T14:59:11.784+0000] {logging_mixin.py:190} INFO - [2025-01-31T14:59:11.784+0000] {dagbag.py:588} INFO - Filling up the DagBag from /home/airflow/.local/lib/python3.12/site-packages/airflow/example_dags/example_latest_only.py
[2025-01-31T14:59:11.790+0000] {processor.py:925} INFO - DAG(s) 'latest_only' retrieved from /home/airflow/.local/lib/python3.12/site-packages/airflow/example_dags/example_latest_only.py
[2025-01-31T14:59:11.809+0000] {logging_mixin.py:190} INFO - [2025-01-31T14:59:11.808+0000] {dag.py:3239} INFO - Sync 1 DAGs
[2025-01-31T14:59:11.828+0000] {logging_mixin.py:190} INFO - [2025-01-31T14:59:11.828+0000] {dag.py:4180} INFO - Setting next_dagrun for latest_only to 2025-01-31 08:00:00+00:00, run_after=2025-01-31 12:00:00+00:00
[2025-01-31T14:59:11.842+0000] {processor.py:208} INFO - Processing /home/airflow/.local/lib/python3.12/site-packages/airflow/example_dags/example_latest_only.py took 0.065 seconds
[2025-01-31T14:59:42.679+0000] {processor.py:186} INFO - Started process (PID=4163) to work on /home/airflow/.local/lib/python3.12/site-packages/airflow/example_dags/example_latest_only.py
[2025-01-31T14:59:42.680+0000] {processor.py:914} INFO - Processing file /home/airflow/.local/lib/python3.12/site-packages/airflow/example_dags/example_latest_only.py for tasks to queue
[2025-01-31T14:59:42.682+0000] {logging_mixin.py:190} INFO - [2025-01-31T14:59:42.682+0000] {dagbag.py:588} INFO - Filling up the DagBag from /home/airflow/.local/lib/python3.12/site-packages/airflow/example_dags/example_latest_only.py
[2025-01-31T14:59:42.689+0000] {processor.py:925} INFO - DAG(s) 'latest_only' retrieved from /home/airflow/.local/lib/python3.12/site-packages/airflow/example_dags/example_latest_only.py
[2025-01-31T14:59:42.707+0000] {logging_mixin.py:190} INFO - [2025-01-31T14:59:42.706+0000] {dag.py:3239} INFO - Sync 1 DAGs
[2025-01-31T14:59:42.725+0000] {logging_mixin.py:190} INFO - [2025-01-31T14:59:42.725+0000] {dag.py:4180} INFO - Setting next_dagrun for latest_only to 2025-01-31 08:00:00+00:00, run_after=2025-01-31 12:00:00+00:00
[2025-01-31T14:59:42.737+0000] {processor.py:208} INFO - Processing /home/airflow/.local/lib/python3.12/site-packages/airflow/example_dags/example_latest_only.py took 0.062 seconds
[2025-01-31T15:00:13.306+0000] {processor.py:186} INFO - Started process (PID=4229) to work on /home/airflow/.local/lib/python3.12/site-packages/airflow/example_dags/example_latest_only.py
[2025-01-31T15:00:13.306+0000] {processor.py:914} INFO - Processing file /home/airflow/.local/lib/python3.12/site-packages/airflow/example_dags/example_latest_only.py for tasks to queue
[2025-01-31T15:00:13.308+0000] {logging_mixin.py:190} INFO - [2025-01-31T15:00:13.307+0000] {dagbag.py:588} INFO - Filling up the DagBag from /home/airflow/.local/lib/python3.12/site-packages/airflow/example_dags/example_latest_only.py
[2025-01-31T15:00:13.313+0000] {processor.py:925} INFO - DAG(s) 'latest_only' retrieved from /home/airflow/.local/lib/python3.12/site-packages/airflow/example_dags/example_latest_only.py
[2025-01-31T15:00:13.329+0000] {logging_mixin.py:190} INFO - [2025-01-31T15:00:13.329+0000] {dag.py:3239} INFO - Sync 1 DAGs
[2025-01-31T15:00:13.348+0000] {logging_mixin.py:190} INFO - [2025-01-31T15:00:13.348+0000] {dag.py:4180} INFO - Setting next_dagrun for latest_only to 2025-01-31 08:00:00+00:00, run_after=2025-01-31 12:00:00+00:00
[2025-01-31T15:00:13.361+0000] {processor.py:208} INFO - Processing /home/airflow/.local/lib/python3.12/site-packages/airflow/example_dags/example_latest_only.py took 0.059 seconds
[2025-01-31T15:00:43.491+0000] {processor.py:186} INFO - Started process (PID=4294) to work on /home/airflow/.local/lib/python3.12/site-packages/airflow/example_dags/example_latest_only.py
[2025-01-31T15:00:43.491+0000] {processor.py:914} INFO - Processing file /home/airflow/.local/lib/python3.12/site-packages/airflow/example_dags/example_latest_only.py for tasks to queue
[2025-01-31T15:00:43.493+0000] {logging_mixin.py:190} INFO - [2025-01-31T15:00:43.492+0000] {dagbag.py:588} INFO - Filling up the DagBag from /home/airflow/.local/lib/python3.12/site-packages/airflow/example_dags/example_latest_only.py
[2025-01-31T15:00:43.498+0000] {processor.py:925} INFO - DAG(s) 'latest_only' retrieved from /home/airflow/.local/lib/python3.12/site-packages/airflow/example_dags/example_latest_only.py
[2025-01-31T15:00:43.516+0000] {logging_mixin.py:190} INFO - [2025-01-31T15:00:43.515+0000] {dag.py:3239} INFO - Sync 1 DAGs
[2025-01-31T15:00:43.536+0000] {logging_mixin.py:190} INFO - [2025-01-31T15:00:43.536+0000] {dag.py:4180} INFO - Setting next_dagrun for latest_only to 2025-01-31 08:00:00+00:00, run_after=2025-01-31 12:00:00+00:00
[2025-01-31T15:00:43.549+0000] {processor.py:208} INFO - Processing /home/airflow/.local/lib/python3.12/site-packages/airflow/example_dags/example_latest_only.py took 0.063 seconds
[2025-01-31T15:01:13.613+0000] {processor.py:186} INFO - Started process (PID=4360) to work on /home/airflow/.local/lib/python3.12/site-packages/airflow/example_dags/example_latest_only.py
[2025-01-31T15:01:13.613+0000] {processor.py:914} INFO - Processing file /home/airflow/.local/lib/python3.12/site-packages/airflow/example_dags/example_latest_only.py for tasks to queue
[2025-01-31T15:01:13.615+0000] {logging_mixin.py:190} INFO - [2025-01-31T15:01:13.614+0000] {dagbag.py:588} INFO - Filling up the DagBag from /home/airflow/.local/lib/python3.12/site-packages/airflow/example_dags/example_latest_only.py
[2025-01-31T15:01:13.620+0000] {processor.py:925} INFO - DAG(s) 'latest_only' retrieved from /home/airflow/.local/lib/python3.12/site-packages/airflow/example_dags/example_latest_only.py
[2025-01-31T15:01:13.636+0000] {logging_mixin.py:190} INFO - [2025-01-31T15:01:13.636+0000] {dag.py:3239} INFO - Sync 1 DAGs
[2025-01-31T15:01:13.655+0000] {logging_mixin.py:190} INFO - [2025-01-31T15:01:13.655+0000] {dag.py:4180} INFO - Setting next_dagrun for latest_only to 2025-01-31 08:00:00+00:00, run_after=2025-01-31 12:00:00+00:00
[2025-01-31T15:01:13.669+0000] {processor.py:208} INFO - Processing /home/airflow/.local/lib/python3.12/site-packages/airflow/example_dags/example_latest_only.py took 0.060 seconds
