[2025-01-31T14:27:44.941+0000] {processor.py:186} INFO - Started process (PID=84) to work on /home/airflow/.local/lib/python3.12/site-packages/airflow/example_dags/example_sla_dag.py
[2025-01-31T14:27:44.941+0000] {processor.py:914} INFO - Processing file /home/airflow/.local/lib/python3.12/site-packages/airflow/example_dags/example_sla_dag.py for tasks to queue
[2025-01-31T14:27:44.943+0000] {logging_mixin.py:190} INFO - [2025-01-31T14:27:44.943+0000] {dagbag.py:588} INFO - Filling up the DagBag from /home/airflow/.local/lib/python3.12/site-packages/airflow/example_dags/example_sla_dag.py
[2025-01-31T14:27:44.956+0000] {processor.py:925} INFO - DAG(s) 'example_sla_dag' retrieved from /home/airflow/.local/lib/python3.12/site-packages/airflow/example_dags/example_sla_dag.py
[2025-01-31T14:27:45.083+0000] {logging_mixin.py:190} INFO - [2025-01-31T14:27:45.083+0000] {override.py:1911} INFO - Created Permission View: can delete on DAG:example_sla_dag
[2025-01-31T14:27:45.090+0000] {logging_mixin.py:190} INFO - [2025-01-31T14:27:45.090+0000] {override.py:1911} INFO - Created Permission View: can edit on DAG:example_sla_dag
[2025-01-31T14:27:45.095+0000] {logging_mixin.py:190} INFO - [2025-01-31T14:27:45.094+0000] {override.py:1911} INFO - Created Permission View: can read on DAG:example_sla_dag
[2025-01-31T14:27:45.099+0000] {logging_mixin.py:190} INFO - [2025-01-31T14:27:45.099+0000] {override.py:1911} INFO - Created Permission View: menu access on DAG Run:example_sla_dag
[2025-01-31T14:27:45.103+0000] {logging_mixin.py:190} INFO - [2025-01-31T14:27:45.103+0000] {override.py:1911} INFO - Created Permission View: can create on DAG Run:example_sla_dag
[2025-01-31T14:27:45.107+0000] {logging_mixin.py:190} INFO - [2025-01-31T14:27:45.106+0000] {override.py:1911} INFO - Created Permission View: can delete on DAG Run:example_sla_dag
[2025-01-31T14:27:45.111+0000] {logging_mixin.py:190} INFO - [2025-01-31T14:27:45.110+0000] {override.py:1911} INFO - Created Permission View: can read on DAG Run:example_sla_dag
[2025-01-31T14:27:45.111+0000] {logging_mixin.py:190} INFO - [2025-01-31T14:27:45.111+0000] {dag.py:3239} INFO - Sync 1 DAGs
[2025-01-31T14:27:45.124+0000] {logging_mixin.py:190} INFO - [2025-01-31T14:27:45.124+0000] {dag.py:3262} INFO - Creating ORM DAG for example_sla_dag
[2025-01-31T14:27:45.136+0000] {logging_mixin.py:190} INFO - [2025-01-31T14:27:45.136+0000] {dag.py:4180} INFO - Setting next_dagrun for example_sla_dag to 2025-01-31 14:24:00+00:00, run_after=2025-01-31 14:26:00+00:00
[2025-01-31T14:27:45.152+0000] {processor.py:208} INFO - Processing /home/airflow/.local/lib/python3.12/site-packages/airflow/example_dags/example_sla_dag.py took 0.218 seconds
[2025-01-31T14:28:15.460+0000] {processor.py:186} INFO - Started process (PID=149) to work on /home/airflow/.local/lib/python3.12/site-packages/airflow/example_dags/example_sla_dag.py
[2025-01-31T14:28:15.461+0000] {processor.py:914} INFO - Processing file /home/airflow/.local/lib/python3.12/site-packages/airflow/example_dags/example_sla_dag.py for tasks to queue
[2025-01-31T14:28:15.462+0000] {logging_mixin.py:190} INFO - [2025-01-31T14:28:15.462+0000] {dagbag.py:588} INFO - Filling up the DagBag from /home/airflow/.local/lib/python3.12/site-packages/airflow/example_dags/example_sla_dag.py
[2025-01-31T14:28:15.470+0000] {processor.py:925} INFO - DAG(s) 'example_sla_dag' retrieved from /home/airflow/.local/lib/python3.12/site-packages/airflow/example_dags/example_sla_dag.py
[2025-01-31T14:28:15.484+0000] {logging_mixin.py:190} INFO - [2025-01-31T14:28:15.484+0000] {dag.py:3239} INFO - Sync 1 DAGs
[2025-01-31T14:28:15.506+0000] {logging_mixin.py:190} INFO - [2025-01-31T14:28:15.506+0000] {dag.py:4180} INFO - Setting next_dagrun for example_sla_dag to 2025-01-31 14:26:00+00:00, run_after=2025-01-31 14:28:00+00:00
[2025-01-31T14:28:15.522+0000] {processor.py:208} INFO - Processing /home/airflow/.local/lib/python3.12/site-packages/airflow/example_dags/example_sla_dag.py took 0.066 seconds
[2025-01-31T14:28:46.390+0000] {processor.py:186} INFO - Started process (PID=214) to work on /home/airflow/.local/lib/python3.12/site-packages/airflow/example_dags/example_sla_dag.py
[2025-01-31T14:28:46.391+0000] {processor.py:914} INFO - Processing file /home/airflow/.local/lib/python3.12/site-packages/airflow/example_dags/example_sla_dag.py for tasks to queue
[2025-01-31T14:28:46.392+0000] {logging_mixin.py:190} INFO - [2025-01-31T14:28:46.392+0000] {dagbag.py:588} INFO - Filling up the DagBag from /home/airflow/.local/lib/python3.12/site-packages/airflow/example_dags/example_sla_dag.py
[2025-01-31T14:28:46.400+0000] {processor.py:925} INFO - DAG(s) 'example_sla_dag' retrieved from /home/airflow/.local/lib/python3.12/site-packages/airflow/example_dags/example_sla_dag.py
[2025-01-31T14:28:46.416+0000] {logging_mixin.py:190} INFO - [2025-01-31T14:28:46.416+0000] {dag.py:3239} INFO - Sync 1 DAGs
[2025-01-31T14:28:46.436+0000] {logging_mixin.py:190} INFO - [2025-01-31T14:28:46.435+0000] {dag.py:4180} INFO - Setting next_dagrun for example_sla_dag to 2025-01-31 14:26:00+00:00, run_after=2025-01-31 14:28:00+00:00
[2025-01-31T14:28:46.451+0000] {processor.py:208} INFO - Processing /home/airflow/.local/lib/python3.12/site-packages/airflow/example_dags/example_sla_dag.py took 0.066 seconds
[2025-01-31T14:29:17.920+0000] {processor.py:186} INFO - Started process (PID=280) to work on /home/airflow/.local/lib/python3.12/site-packages/airflow/example_dags/example_sla_dag.py
[2025-01-31T14:29:17.920+0000] {processor.py:914} INFO - Processing file /home/airflow/.local/lib/python3.12/site-packages/airflow/example_dags/example_sla_dag.py for tasks to queue
[2025-01-31T14:29:17.923+0000] {logging_mixin.py:190} INFO - [2025-01-31T14:29:17.922+0000] {dagbag.py:588} INFO - Filling up the DagBag from /home/airflow/.local/lib/python3.12/site-packages/airflow/example_dags/example_sla_dag.py
[2025-01-31T14:29:17.931+0000] {processor.py:925} INFO - DAG(s) 'example_sla_dag' retrieved from /home/airflow/.local/lib/python3.12/site-packages/airflow/example_dags/example_sla_dag.py
[2025-01-31T14:29:17.946+0000] {logging_mixin.py:190} INFO - [2025-01-31T14:29:17.946+0000] {dag.py:3239} INFO - Sync 1 DAGs
[2025-01-31T14:29:17.970+0000] {logging_mixin.py:190} INFO - [2025-01-31T14:29:17.970+0000] {dag.py:4180} INFO - Setting next_dagrun for example_sla_dag to 2025-01-31 14:26:00+00:00, run_after=2025-01-31 14:28:00+00:00
[2025-01-31T14:29:17.982+0000] {processor.py:208} INFO - Processing /home/airflow/.local/lib/python3.12/site-packages/airflow/example_dags/example_sla_dag.py took 0.067 seconds
[2025-01-31T14:29:49.210+0000] {processor.py:186} INFO - Started process (PID=345) to work on /home/airflow/.local/lib/python3.12/site-packages/airflow/example_dags/example_sla_dag.py
[2025-01-31T14:29:49.211+0000] {processor.py:914} INFO - Processing file /home/airflow/.local/lib/python3.12/site-packages/airflow/example_dags/example_sla_dag.py for tasks to queue
[2025-01-31T14:29:49.213+0000] {logging_mixin.py:190} INFO - [2025-01-31T14:29:49.212+0000] {dagbag.py:588} INFO - Filling up the DagBag from /home/airflow/.local/lib/python3.12/site-packages/airflow/example_dags/example_sla_dag.py
[2025-01-31T14:29:49.221+0000] {processor.py:925} INFO - DAG(s) 'example_sla_dag' retrieved from /home/airflow/.local/lib/python3.12/site-packages/airflow/example_dags/example_sla_dag.py
[2025-01-31T14:29:49.237+0000] {logging_mixin.py:190} INFO - [2025-01-31T14:29:49.237+0000] {dag.py:3239} INFO - Sync 1 DAGs
[2025-01-31T14:29:49.263+0000] {logging_mixin.py:190} INFO - [2025-01-31T14:29:49.263+0000] {dag.py:4180} INFO - Setting next_dagrun for example_sla_dag to 2025-01-31 14:26:00+00:00, run_after=2025-01-31 14:28:00+00:00
[2025-01-31T14:29:49.276+0000] {processor.py:208} INFO - Processing /home/airflow/.local/lib/python3.12/site-packages/airflow/example_dags/example_sla_dag.py took 0.070 seconds
[2025-01-31T14:30:20.903+0000] {processor.py:186} INFO - Started process (PID=410) to work on /home/airflow/.local/lib/python3.12/site-packages/airflow/example_dags/example_sla_dag.py
[2025-01-31T14:30:20.906+0000] {processor.py:914} INFO - Processing file /home/airflow/.local/lib/python3.12/site-packages/airflow/example_dags/example_sla_dag.py for tasks to queue
[2025-01-31T14:30:20.908+0000] {logging_mixin.py:190} INFO - [2025-01-31T14:30:20.907+0000] {dagbag.py:588} INFO - Filling up the DagBag from /home/airflow/.local/lib/python3.12/site-packages/airflow/example_dags/example_sla_dag.py
[2025-01-31T14:30:20.919+0000] {processor.py:925} INFO - DAG(s) 'example_sla_dag' retrieved from /home/airflow/.local/lib/python3.12/site-packages/airflow/example_dags/example_sla_dag.py
[2025-01-31T14:30:20.940+0000] {logging_mixin.py:190} INFO - [2025-01-31T14:30:20.940+0000] {dag.py:3239} INFO - Sync 1 DAGs
[2025-01-31T14:30:20.968+0000] {logging_mixin.py:190} INFO - [2025-01-31T14:30:20.968+0000] {dag.py:4180} INFO - Setting next_dagrun for example_sla_dag to 2025-01-31 14:28:00+00:00, run_after=2025-01-31 14:30:00+00:00
[2025-01-31T14:30:20.981+0000] {processor.py:208} INFO - Processing /home/airflow/.local/lib/python3.12/site-packages/airflow/example_dags/example_sla_dag.py took 0.084 seconds
[2025-01-31T14:30:51.710+0000] {processor.py:186} INFO - Started process (PID=475) to work on /home/airflow/.local/lib/python3.12/site-packages/airflow/example_dags/example_sla_dag.py
[2025-01-31T14:30:51.711+0000] {processor.py:914} INFO - Processing file /home/airflow/.local/lib/python3.12/site-packages/airflow/example_dags/example_sla_dag.py for tasks to queue
[2025-01-31T14:30:51.714+0000] {logging_mixin.py:190} INFO - [2025-01-31T14:30:51.714+0000] {dagbag.py:588} INFO - Filling up the DagBag from /home/airflow/.local/lib/python3.12/site-packages/airflow/example_dags/example_sla_dag.py
[2025-01-31T14:30:51.723+0000] {processor.py:925} INFO - DAG(s) 'example_sla_dag' retrieved from /home/airflow/.local/lib/python3.12/site-packages/airflow/example_dags/example_sla_dag.py
[2025-01-31T14:30:51.738+0000] {logging_mixin.py:190} INFO - [2025-01-31T14:30:51.738+0000] {dag.py:3239} INFO - Sync 1 DAGs
[2025-01-31T14:30:51.758+0000] {logging_mixin.py:190} INFO - [2025-01-31T14:30:51.758+0000] {dag.py:4180} INFO - Setting next_dagrun for example_sla_dag to 2025-01-31 14:28:00+00:00, run_after=2025-01-31 14:30:00+00:00
[2025-01-31T14:30:51.770+0000] {processor.py:208} INFO - Processing /home/airflow/.local/lib/python3.12/site-packages/airflow/example_dags/example_sla_dag.py took 0.064 seconds
[2025-01-31T14:31:23.642+0000] {processor.py:186} INFO - Started process (PID=540) to work on /home/airflow/.local/lib/python3.12/site-packages/airflow/example_dags/example_sla_dag.py
[2025-01-31T14:31:23.643+0000] {processor.py:914} INFO - Processing file /home/airflow/.local/lib/python3.12/site-packages/airflow/example_dags/example_sla_dag.py for tasks to queue
[2025-01-31T14:31:23.645+0000] {logging_mixin.py:190} INFO - [2025-01-31T14:31:23.644+0000] {dagbag.py:588} INFO - Filling up the DagBag from /home/airflow/.local/lib/python3.12/site-packages/airflow/example_dags/example_sla_dag.py
[2025-01-31T14:31:23.655+0000] {processor.py:925} INFO - DAG(s) 'example_sla_dag' retrieved from /home/airflow/.local/lib/python3.12/site-packages/airflow/example_dags/example_sla_dag.py
[2025-01-31T14:31:23.670+0000] {logging_mixin.py:190} INFO - [2025-01-31T14:31:23.670+0000] {dag.py:3239} INFO - Sync 1 DAGs
[2025-01-31T14:31:23.693+0000] {logging_mixin.py:190} INFO - [2025-01-31T14:31:23.693+0000] {dag.py:4180} INFO - Setting next_dagrun for example_sla_dag to 2025-01-31 14:28:00+00:00, run_after=2025-01-31 14:30:00+00:00
[2025-01-31T14:31:23.706+0000] {processor.py:208} INFO - Processing /home/airflow/.local/lib/python3.12/site-packages/airflow/example_dags/example_sla_dag.py took 0.070 seconds
[2025-01-31T14:31:54.341+0000] {processor.py:186} INFO - Started process (PID=606) to work on /home/airflow/.local/lib/python3.12/site-packages/airflow/example_dags/example_sla_dag.py
[2025-01-31T14:31:54.341+0000] {processor.py:914} INFO - Processing file /home/airflow/.local/lib/python3.12/site-packages/airflow/example_dags/example_sla_dag.py for tasks to queue
[2025-01-31T14:31:54.343+0000] {logging_mixin.py:190} INFO - [2025-01-31T14:31:54.343+0000] {dagbag.py:588} INFO - Filling up the DagBag from /home/airflow/.local/lib/python3.12/site-packages/airflow/example_dags/example_sla_dag.py
[2025-01-31T14:31:54.351+0000] {processor.py:925} INFO - DAG(s) 'example_sla_dag' retrieved from /home/airflow/.local/lib/python3.12/site-packages/airflow/example_dags/example_sla_dag.py
[2025-01-31T14:31:54.366+0000] {logging_mixin.py:190} INFO - [2025-01-31T14:31:54.366+0000] {dag.py:3239} INFO - Sync 1 DAGs
[2025-01-31T14:31:54.387+0000] {logging_mixin.py:190} INFO - [2025-01-31T14:31:54.387+0000] {dag.py:4180} INFO - Setting next_dagrun for example_sla_dag to 2025-01-31 14:28:00+00:00, run_after=2025-01-31 14:30:00+00:00
[2025-01-31T14:31:54.400+0000] {processor.py:208} INFO - Processing /home/airflow/.local/lib/python3.12/site-packages/airflow/example_dags/example_sla_dag.py took 0.063 seconds
[2025-01-31T14:32:25.136+0000] {processor.py:186} INFO - Started process (PID=670) to work on /home/airflow/.local/lib/python3.12/site-packages/airflow/example_dags/example_sla_dag.py
[2025-01-31T14:32:25.137+0000] {processor.py:914} INFO - Processing file /home/airflow/.local/lib/python3.12/site-packages/airflow/example_dags/example_sla_dag.py for tasks to queue
[2025-01-31T14:32:25.139+0000] {logging_mixin.py:190} INFO - [2025-01-31T14:32:25.139+0000] {dagbag.py:588} INFO - Filling up the DagBag from /home/airflow/.local/lib/python3.12/site-packages/airflow/example_dags/example_sla_dag.py
[2025-01-31T14:32:25.149+0000] {processor.py:925} INFO - DAG(s) 'example_sla_dag' retrieved from /home/airflow/.local/lib/python3.12/site-packages/airflow/example_dags/example_sla_dag.py
[2025-01-31T14:32:25.169+0000] {logging_mixin.py:190} INFO - [2025-01-31T14:32:25.169+0000] {dag.py:3239} INFO - Sync 1 DAGs
[2025-01-31T14:32:25.197+0000] {logging_mixin.py:190} INFO - [2025-01-31T14:32:25.196+0000] {dag.py:4180} INFO - Setting next_dagrun for example_sla_dag to 2025-01-31 14:30:00+00:00, run_after=2025-01-31 14:32:00+00:00
[2025-01-31T14:32:25.214+0000] {processor.py:208} INFO - Processing /home/airflow/.local/lib/python3.12/site-packages/airflow/example_dags/example_sla_dag.py took 0.084 seconds
[2025-01-31T14:32:56.171+0000] {processor.py:186} INFO - Started process (PID=735) to work on /home/airflow/.local/lib/python3.12/site-packages/airflow/example_dags/example_sla_dag.py
[2025-01-31T14:32:56.172+0000] {processor.py:914} INFO - Processing file /home/airflow/.local/lib/python3.12/site-packages/airflow/example_dags/example_sla_dag.py for tasks to queue
[2025-01-31T14:32:56.174+0000] {logging_mixin.py:190} INFO - [2025-01-31T14:32:56.173+0000] {dagbag.py:588} INFO - Filling up the DagBag from /home/airflow/.local/lib/python3.12/site-packages/airflow/example_dags/example_sla_dag.py
[2025-01-31T14:32:56.182+0000] {processor.py:925} INFO - DAG(s) 'example_sla_dag' retrieved from /home/airflow/.local/lib/python3.12/site-packages/airflow/example_dags/example_sla_dag.py
[2025-01-31T14:32:56.197+0000] {logging_mixin.py:190} INFO - [2025-01-31T14:32:56.197+0000] {dag.py:3239} INFO - Sync 1 DAGs
[2025-01-31T14:32:56.219+0000] {logging_mixin.py:190} INFO - [2025-01-31T14:32:56.218+0000] {dag.py:4180} INFO - Setting next_dagrun for example_sla_dag to 2025-01-31 14:30:00+00:00, run_after=2025-01-31 14:32:00+00:00
[2025-01-31T14:32:56.234+0000] {processor.py:208} INFO - Processing /home/airflow/.local/lib/python3.12/site-packages/airflow/example_dags/example_sla_dag.py took 0.067 seconds
[2025-01-31T14:33:27.180+0000] {processor.py:186} INFO - Started process (PID=802) to work on /home/airflow/.local/lib/python3.12/site-packages/airflow/example_dags/example_sla_dag.py
[2025-01-31T14:33:27.181+0000] {processor.py:914} INFO - Processing file /home/airflow/.local/lib/python3.12/site-packages/airflow/example_dags/example_sla_dag.py for tasks to queue
[2025-01-31T14:33:27.182+0000] {logging_mixin.py:190} INFO - [2025-01-31T14:33:27.182+0000] {dagbag.py:588} INFO - Filling up the DagBag from /home/airflow/.local/lib/python3.12/site-packages/airflow/example_dags/example_sla_dag.py
[2025-01-31T14:33:27.191+0000] {processor.py:925} INFO - DAG(s) 'example_sla_dag' retrieved from /home/airflow/.local/lib/python3.12/site-packages/airflow/example_dags/example_sla_dag.py
[2025-01-31T14:33:27.212+0000] {logging_mixin.py:190} INFO - [2025-01-31T14:33:27.212+0000] {dag.py:3239} INFO - Sync 1 DAGs
[2025-01-31T14:33:27.235+0000] {logging_mixin.py:190} INFO - [2025-01-31T14:33:27.235+0000] {dag.py:4180} INFO - Setting next_dagrun for example_sla_dag to 2025-01-31 14:30:00+00:00, run_after=2025-01-31 14:32:00+00:00
[2025-01-31T14:33:27.248+0000] {processor.py:208} INFO - Processing /home/airflow/.local/lib/python3.12/site-packages/airflow/example_dags/example_sla_dag.py took 0.073 seconds
[2025-01-31T14:33:59.011+0000] {processor.py:186} INFO - Started process (PID=867) to work on /home/airflow/.local/lib/python3.12/site-packages/airflow/example_dags/example_sla_dag.py
[2025-01-31T14:33:59.012+0000] {processor.py:914} INFO - Processing file /home/airflow/.local/lib/python3.12/site-packages/airflow/example_dags/example_sla_dag.py for tasks to queue
[2025-01-31T14:33:59.013+0000] {logging_mixin.py:190} INFO - [2025-01-31T14:33:59.013+0000] {dagbag.py:588} INFO - Filling up the DagBag from /home/airflow/.local/lib/python3.12/site-packages/airflow/example_dags/example_sla_dag.py
[2025-01-31T14:33:59.020+0000] {processor.py:925} INFO - DAG(s) 'example_sla_dag' retrieved from /home/airflow/.local/lib/python3.12/site-packages/airflow/example_dags/example_sla_dag.py
[2025-01-31T14:33:59.037+0000] {logging_mixin.py:190} INFO - [2025-01-31T14:33:59.037+0000] {dag.py:3239} INFO - Sync 1 DAGs
[2025-01-31T14:33:59.060+0000] {logging_mixin.py:190} INFO - [2025-01-31T14:33:59.060+0000] {dag.py:4180} INFO - Setting next_dagrun for example_sla_dag to 2025-01-31 14:30:00+00:00, run_after=2025-01-31 14:32:00+00:00
[2025-01-31T14:33:59.077+0000] {processor.py:208} INFO - Processing /home/airflow/.local/lib/python3.12/site-packages/airflow/example_dags/example_sla_dag.py took 0.070 seconds
[2025-01-31T14:34:29.668+0000] {processor.py:186} INFO - Started process (PID=932) to work on /home/airflow/.local/lib/python3.12/site-packages/airflow/example_dags/example_sla_dag.py
[2025-01-31T14:34:29.669+0000] {processor.py:914} INFO - Processing file /home/airflow/.local/lib/python3.12/site-packages/airflow/example_dags/example_sla_dag.py for tasks to queue
[2025-01-31T14:34:29.670+0000] {logging_mixin.py:190} INFO - [2025-01-31T14:34:29.670+0000] {dagbag.py:588} INFO - Filling up the DagBag from /home/airflow/.local/lib/python3.12/site-packages/airflow/example_dags/example_sla_dag.py
[2025-01-31T14:34:29.678+0000] {processor.py:925} INFO - DAG(s) 'example_sla_dag' retrieved from /home/airflow/.local/lib/python3.12/site-packages/airflow/example_dags/example_sla_dag.py
[2025-01-31T14:34:29.692+0000] {logging_mixin.py:190} INFO - [2025-01-31T14:34:29.692+0000] {dag.py:3239} INFO - Sync 1 DAGs
[2025-01-31T14:34:29.712+0000] {logging_mixin.py:190} INFO - [2025-01-31T14:34:29.712+0000] {dag.py:4180} INFO - Setting next_dagrun for example_sla_dag to 2025-01-31 14:32:00+00:00, run_after=2025-01-31 14:34:00+00:00
[2025-01-31T14:34:29.726+0000] {processor.py:208} INFO - Processing /home/airflow/.local/lib/python3.12/site-packages/airflow/example_dags/example_sla_dag.py took 0.062 seconds
[2025-01-31T14:35:00.822+0000] {processor.py:186} INFO - Started process (PID=998) to work on /home/airflow/.local/lib/python3.12/site-packages/airflow/example_dags/example_sla_dag.py
[2025-01-31T14:35:00.822+0000] {processor.py:914} INFO - Processing file /home/airflow/.local/lib/python3.12/site-packages/airflow/example_dags/example_sla_dag.py for tasks to queue
[2025-01-31T14:35:00.824+0000] {logging_mixin.py:190} INFO - [2025-01-31T14:35:00.824+0000] {dagbag.py:588} INFO - Filling up the DagBag from /home/airflow/.local/lib/python3.12/site-packages/airflow/example_dags/example_sla_dag.py
[2025-01-31T14:35:00.832+0000] {processor.py:925} INFO - DAG(s) 'example_sla_dag' retrieved from /home/airflow/.local/lib/python3.12/site-packages/airflow/example_dags/example_sla_dag.py
[2025-01-31T14:35:00.847+0000] {logging_mixin.py:190} INFO - [2025-01-31T14:35:00.847+0000] {dag.py:3239} INFO - Sync 1 DAGs
[2025-01-31T14:35:00.873+0000] {logging_mixin.py:190} INFO - [2025-01-31T14:35:00.872+0000] {dag.py:4180} INFO - Setting next_dagrun for example_sla_dag to 2025-01-31 14:32:00+00:00, run_after=2025-01-31 14:34:00+00:00
[2025-01-31T14:35:00.887+0000] {processor.py:208} INFO - Processing /home/airflow/.local/lib/python3.12/site-packages/airflow/example_dags/example_sla_dag.py took 0.071 seconds
[2025-01-31T14:35:31.253+0000] {processor.py:186} INFO - Started process (PID=1063) to work on /home/airflow/.local/lib/python3.12/site-packages/airflow/example_dags/example_sla_dag.py
[2025-01-31T14:35:31.254+0000] {processor.py:914} INFO - Processing file /home/airflow/.local/lib/python3.12/site-packages/airflow/example_dags/example_sla_dag.py for tasks to queue
[2025-01-31T14:35:31.255+0000] {logging_mixin.py:190} INFO - [2025-01-31T14:35:31.255+0000] {dagbag.py:588} INFO - Filling up the DagBag from /home/airflow/.local/lib/python3.12/site-packages/airflow/example_dags/example_sla_dag.py
[2025-01-31T14:35:31.264+0000] {processor.py:925} INFO - DAG(s) 'example_sla_dag' retrieved from /home/airflow/.local/lib/python3.12/site-packages/airflow/example_dags/example_sla_dag.py
[2025-01-31T14:35:31.280+0000] {logging_mixin.py:190} INFO - [2025-01-31T14:35:31.280+0000] {dag.py:3239} INFO - Sync 1 DAGs
[2025-01-31T14:35:31.299+0000] {logging_mixin.py:190} INFO - [2025-01-31T14:35:31.299+0000] {dag.py:4180} INFO - Setting next_dagrun for example_sla_dag to 2025-01-31 14:32:00+00:00, run_after=2025-01-31 14:34:00+00:00
[2025-01-31T14:35:31.311+0000] {processor.py:208} INFO - Processing /home/airflow/.local/lib/python3.12/site-packages/airflow/example_dags/example_sla_dag.py took 0.064 seconds
[2025-01-31T14:36:02.219+0000] {processor.py:186} INFO - Started process (PID=1127) to work on /home/airflow/.local/lib/python3.12/site-packages/airflow/example_dags/example_sla_dag.py
[2025-01-31T14:36:02.219+0000] {processor.py:914} INFO - Processing file /home/airflow/.local/lib/python3.12/site-packages/airflow/example_dags/example_sla_dag.py for tasks to queue
[2025-01-31T14:36:02.221+0000] {logging_mixin.py:190} INFO - [2025-01-31T14:36:02.221+0000] {dagbag.py:588} INFO - Filling up the DagBag from /home/airflow/.local/lib/python3.12/site-packages/airflow/example_dags/example_sla_dag.py
[2025-01-31T14:36:02.229+0000] {processor.py:925} INFO - DAG(s) 'example_sla_dag' retrieved from /home/airflow/.local/lib/python3.12/site-packages/airflow/example_dags/example_sla_dag.py
[2025-01-31T14:36:02.244+0000] {logging_mixin.py:190} INFO - [2025-01-31T14:36:02.244+0000] {dag.py:3239} INFO - Sync 1 DAGs
[2025-01-31T14:36:02.266+0000] {logging_mixin.py:190} INFO - [2025-01-31T14:36:02.265+0000] {dag.py:4180} INFO - Setting next_dagrun for example_sla_dag to 2025-01-31 14:34:00+00:00, run_after=2025-01-31 14:36:00+00:00
[2025-01-31T14:36:02.279+0000] {processor.py:208} INFO - Processing /home/airflow/.local/lib/python3.12/site-packages/airflow/example_dags/example_sla_dag.py took 0.065 seconds
[2025-01-31T14:36:33.563+0000] {processor.py:186} INFO - Started process (PID=1193) to work on /home/airflow/.local/lib/python3.12/site-packages/airflow/example_dags/example_sla_dag.py
[2025-01-31T14:36:33.563+0000] {processor.py:914} INFO - Processing file /home/airflow/.local/lib/python3.12/site-packages/airflow/example_dags/example_sla_dag.py for tasks to queue
[2025-01-31T14:36:33.565+0000] {logging_mixin.py:190} INFO - [2025-01-31T14:36:33.565+0000] {dagbag.py:588} INFO - Filling up the DagBag from /home/airflow/.local/lib/python3.12/site-packages/airflow/example_dags/example_sla_dag.py
[2025-01-31T14:36:33.573+0000] {processor.py:925} INFO - DAG(s) 'example_sla_dag' retrieved from /home/airflow/.local/lib/python3.12/site-packages/airflow/example_dags/example_sla_dag.py
[2025-01-31T14:36:33.588+0000] {logging_mixin.py:190} INFO - [2025-01-31T14:36:33.588+0000] {dag.py:3239} INFO - Sync 1 DAGs
[2025-01-31T14:36:33.608+0000] {logging_mixin.py:190} INFO - [2025-01-31T14:36:33.608+0000] {dag.py:4180} INFO - Setting next_dagrun for example_sla_dag to 2025-01-31 14:34:00+00:00, run_after=2025-01-31 14:36:00+00:00
[2025-01-31T14:36:33.620+0000] {processor.py:208} INFO - Processing /home/airflow/.local/lib/python3.12/site-packages/airflow/example_dags/example_sla_dag.py took 0.062 seconds
[2025-01-31T14:37:04.928+0000] {processor.py:186} INFO - Started process (PID=1258) to work on /home/airflow/.local/lib/python3.12/site-packages/airflow/example_dags/example_sla_dag.py
[2025-01-31T14:37:04.929+0000] {processor.py:914} INFO - Processing file /home/airflow/.local/lib/python3.12/site-packages/airflow/example_dags/example_sla_dag.py for tasks to queue
[2025-01-31T14:37:04.931+0000] {logging_mixin.py:190} INFO - [2025-01-31T14:37:04.930+0000] {dagbag.py:588} INFO - Filling up the DagBag from /home/airflow/.local/lib/python3.12/site-packages/airflow/example_dags/example_sla_dag.py
[2025-01-31T14:37:04.940+0000] {processor.py:925} INFO - DAG(s) 'example_sla_dag' retrieved from /home/airflow/.local/lib/python3.12/site-packages/airflow/example_dags/example_sla_dag.py
[2025-01-31T14:37:04.956+0000] {logging_mixin.py:190} INFO - [2025-01-31T14:37:04.956+0000] {dag.py:3239} INFO - Sync 1 DAGs
[2025-01-31T14:37:04.978+0000] {logging_mixin.py:190} INFO - [2025-01-31T14:37:04.978+0000] {dag.py:4180} INFO - Setting next_dagrun for example_sla_dag to 2025-01-31 14:34:00+00:00, run_after=2025-01-31 14:36:00+00:00
[2025-01-31T14:37:04.991+0000] {processor.py:208} INFO - Processing /home/airflow/.local/lib/python3.12/site-packages/airflow/example_dags/example_sla_dag.py took 0.067 seconds
[2025-01-31T14:37:36.134+0000] {processor.py:186} INFO - Started process (PID=1323) to work on /home/airflow/.local/lib/python3.12/site-packages/airflow/example_dags/example_sla_dag.py
[2025-01-31T14:37:36.134+0000] {processor.py:914} INFO - Processing file /home/airflow/.local/lib/python3.12/site-packages/airflow/example_dags/example_sla_dag.py for tasks to queue
[2025-01-31T14:37:36.136+0000] {logging_mixin.py:190} INFO - [2025-01-31T14:37:36.136+0000] {dagbag.py:588} INFO - Filling up the DagBag from /home/airflow/.local/lib/python3.12/site-packages/airflow/example_dags/example_sla_dag.py
[2025-01-31T14:37:36.147+0000] {processor.py:925} INFO - DAG(s) 'example_sla_dag' retrieved from /home/airflow/.local/lib/python3.12/site-packages/airflow/example_dags/example_sla_dag.py
[2025-01-31T14:37:36.162+0000] {logging_mixin.py:190} INFO - [2025-01-31T14:37:36.162+0000] {dag.py:3239} INFO - Sync 1 DAGs
[2025-01-31T14:37:36.184+0000] {logging_mixin.py:190} INFO - [2025-01-31T14:37:36.184+0000] {dag.py:4180} INFO - Setting next_dagrun for example_sla_dag to 2025-01-31 14:34:00+00:00, run_after=2025-01-31 14:36:00+00:00
[2025-01-31T14:37:36.198+0000] {processor.py:208} INFO - Processing /home/airflow/.local/lib/python3.12/site-packages/airflow/example_dags/example_sla_dag.py took 0.069 seconds
[2025-01-31T14:38:07.640+0000] {processor.py:186} INFO - Started process (PID=1388) to work on /home/airflow/.local/lib/python3.12/site-packages/airflow/example_dags/example_sla_dag.py
[2025-01-31T14:38:07.641+0000] {processor.py:914} INFO - Processing file /home/airflow/.local/lib/python3.12/site-packages/airflow/example_dags/example_sla_dag.py for tasks to queue
[2025-01-31T14:38:07.643+0000] {logging_mixin.py:190} INFO - [2025-01-31T14:38:07.642+0000] {dagbag.py:588} INFO - Filling up the DagBag from /home/airflow/.local/lib/python3.12/site-packages/airflow/example_dags/example_sla_dag.py
[2025-01-31T14:38:07.652+0000] {processor.py:925} INFO - DAG(s) 'example_sla_dag' retrieved from /home/airflow/.local/lib/python3.12/site-packages/airflow/example_dags/example_sla_dag.py
[2025-01-31T14:38:07.666+0000] {logging_mixin.py:190} INFO - [2025-01-31T14:38:07.666+0000] {dag.py:3239} INFO - Sync 1 DAGs
[2025-01-31T14:38:07.686+0000] {logging_mixin.py:190} INFO - [2025-01-31T14:38:07.686+0000] {dag.py:4180} INFO - Setting next_dagrun for example_sla_dag to 2025-01-31 14:36:00+00:00, run_after=2025-01-31 14:38:00+00:00
[2025-01-31T14:38:07.702+0000] {processor.py:208} INFO - Processing /home/airflow/.local/lib/python3.12/site-packages/airflow/example_dags/example_sla_dag.py took 0.067 seconds
[2025-01-31T14:38:38.615+0000] {processor.py:186} INFO - Started process (PID=1453) to work on /home/airflow/.local/lib/python3.12/site-packages/airflow/example_dags/example_sla_dag.py
[2025-01-31T14:38:38.616+0000] {processor.py:914} INFO - Processing file /home/airflow/.local/lib/python3.12/site-packages/airflow/example_dags/example_sla_dag.py for tasks to queue
[2025-01-31T14:38:38.618+0000] {logging_mixin.py:190} INFO - [2025-01-31T14:38:38.617+0000] {dagbag.py:588} INFO - Filling up the DagBag from /home/airflow/.local/lib/python3.12/site-packages/airflow/example_dags/example_sla_dag.py
[2025-01-31T14:38:38.626+0000] {processor.py:925} INFO - DAG(s) 'example_sla_dag' retrieved from /home/airflow/.local/lib/python3.12/site-packages/airflow/example_dags/example_sla_dag.py
[2025-01-31T14:38:38.640+0000] {logging_mixin.py:190} INFO - [2025-01-31T14:38:38.640+0000] {dag.py:3239} INFO - Sync 1 DAGs
[2025-01-31T14:38:38.659+0000] {logging_mixin.py:190} INFO - [2025-01-31T14:38:38.659+0000] {dag.py:4180} INFO - Setting next_dagrun for example_sla_dag to 2025-01-31 14:36:00+00:00, run_after=2025-01-31 14:38:00+00:00
[2025-01-31T14:38:38.673+0000] {processor.py:208} INFO - Processing /home/airflow/.local/lib/python3.12/site-packages/airflow/example_dags/example_sla_dag.py took 0.062 seconds
[2025-01-31T14:39:09.943+0000] {processor.py:186} INFO - Started process (PID=1518) to work on /home/airflow/.local/lib/python3.12/site-packages/airflow/example_dags/example_sla_dag.py
[2025-01-31T14:39:09.944+0000] {processor.py:914} INFO - Processing file /home/airflow/.local/lib/python3.12/site-packages/airflow/example_dags/example_sla_dag.py for tasks to queue
[2025-01-31T14:39:09.946+0000] {logging_mixin.py:190} INFO - [2025-01-31T14:39:09.945+0000] {dagbag.py:588} INFO - Filling up the DagBag from /home/airflow/.local/lib/python3.12/site-packages/airflow/example_dags/example_sla_dag.py
[2025-01-31T14:39:09.955+0000] {processor.py:925} INFO - DAG(s) 'example_sla_dag' retrieved from /home/airflow/.local/lib/python3.12/site-packages/airflow/example_dags/example_sla_dag.py
[2025-01-31T14:39:09.970+0000] {logging_mixin.py:190} INFO - [2025-01-31T14:39:09.970+0000] {dag.py:3239} INFO - Sync 1 DAGs
[2025-01-31T14:39:09.990+0000] {logging_mixin.py:190} INFO - [2025-01-31T14:39:09.990+0000] {dag.py:4180} INFO - Setting next_dagrun for example_sla_dag to 2025-01-31 14:36:00+00:00, run_after=2025-01-31 14:38:00+00:00
[2025-01-31T14:39:10.003+0000] {processor.py:208} INFO - Processing /home/airflow/.local/lib/python3.12/site-packages/airflow/example_dags/example_sla_dag.py took 0.065 seconds
[2025-01-31T14:39:41.251+0000] {processor.py:186} INFO - Started process (PID=1584) to work on /home/airflow/.local/lib/python3.12/site-packages/airflow/example_dags/example_sla_dag.py
[2025-01-31T14:39:41.252+0000] {processor.py:914} INFO - Processing file /home/airflow/.local/lib/python3.12/site-packages/airflow/example_dags/example_sla_dag.py for tasks to queue
[2025-01-31T14:39:41.254+0000] {logging_mixin.py:190} INFO - [2025-01-31T14:39:41.253+0000] {dagbag.py:588} INFO - Filling up the DagBag from /home/airflow/.local/lib/python3.12/site-packages/airflow/example_dags/example_sla_dag.py
[2025-01-31T14:39:41.264+0000] {processor.py:925} INFO - DAG(s) 'example_sla_dag' retrieved from /home/airflow/.local/lib/python3.12/site-packages/airflow/example_dags/example_sla_dag.py
[2025-01-31T14:39:41.278+0000] {logging_mixin.py:190} INFO - [2025-01-31T14:39:41.278+0000] {dag.py:3239} INFO - Sync 1 DAGs
[2025-01-31T14:39:41.297+0000] {logging_mixin.py:190} INFO - [2025-01-31T14:39:41.297+0000] {dag.py:4180} INFO - Setting next_dagrun for example_sla_dag to 2025-01-31 14:36:00+00:00, run_after=2025-01-31 14:38:00+00:00
[2025-01-31T14:39:41.309+0000] {processor.py:208} INFO - Processing /home/airflow/.local/lib/python3.12/site-packages/airflow/example_dags/example_sla_dag.py took 0.062 seconds
[2025-01-31T14:40:12.424+0000] {processor.py:186} INFO - Started process (PID=1654) to work on /home/airflow/.local/lib/python3.12/site-packages/airflow/example_dags/example_sla_dag.py
[2025-01-31T14:40:12.424+0000] {processor.py:914} INFO - Processing file /home/airflow/.local/lib/python3.12/site-packages/airflow/example_dags/example_sla_dag.py for tasks to queue
[2025-01-31T14:40:12.426+0000] {logging_mixin.py:190} INFO - [2025-01-31T14:40:12.426+0000] {dagbag.py:588} INFO - Filling up the DagBag from /home/airflow/.local/lib/python3.12/site-packages/airflow/example_dags/example_sla_dag.py
[2025-01-31T14:40:12.435+0000] {processor.py:925} INFO - DAG(s) 'example_sla_dag' retrieved from /home/airflow/.local/lib/python3.12/site-packages/airflow/example_dags/example_sla_dag.py
[2025-01-31T14:40:12.450+0000] {logging_mixin.py:190} INFO - [2025-01-31T14:40:12.450+0000] {dag.py:3239} INFO - Sync 1 DAGs
[2025-01-31T14:40:12.470+0000] {logging_mixin.py:190} INFO - [2025-01-31T14:40:12.469+0000] {dag.py:4180} INFO - Setting next_dagrun for example_sla_dag to 2025-01-31 14:38:00+00:00, run_after=2025-01-31 14:40:00+00:00
[2025-01-31T14:40:12.485+0000] {processor.py:208} INFO - Processing /home/airflow/.local/lib/python3.12/site-packages/airflow/example_dags/example_sla_dag.py took 0.065 seconds
[2025-01-31T14:40:43.361+0000] {processor.py:186} INFO - Started process (PID=1719) to work on /home/airflow/.local/lib/python3.12/site-packages/airflow/example_dags/example_sla_dag.py
[2025-01-31T14:40:43.361+0000] {processor.py:914} INFO - Processing file /home/airflow/.local/lib/python3.12/site-packages/airflow/example_dags/example_sla_dag.py for tasks to queue
[2025-01-31T14:40:43.363+0000] {logging_mixin.py:190} INFO - [2025-01-31T14:40:43.363+0000] {dagbag.py:588} INFO - Filling up the DagBag from /home/airflow/.local/lib/python3.12/site-packages/airflow/example_dags/example_sla_dag.py
[2025-01-31T14:40:43.371+0000] {processor.py:925} INFO - DAG(s) 'example_sla_dag' retrieved from /home/airflow/.local/lib/python3.12/site-packages/airflow/example_dags/example_sla_dag.py
[2025-01-31T14:40:43.389+0000] {logging_mixin.py:190} INFO - [2025-01-31T14:40:43.389+0000] {dag.py:3239} INFO - Sync 1 DAGs
[2025-01-31T14:40:43.416+0000] {logging_mixin.py:190} INFO - [2025-01-31T14:40:43.416+0000] {dag.py:4180} INFO - Setting next_dagrun for example_sla_dag to 2025-01-31 14:38:00+00:00, run_after=2025-01-31 14:40:00+00:00
[2025-01-31T14:40:43.433+0000] {processor.py:208} INFO - Processing /home/airflow/.local/lib/python3.12/site-packages/airflow/example_dags/example_sla_dag.py took 0.076 seconds
[2025-01-31T14:41:14.504+0000] {processor.py:186} INFO - Started process (PID=1784) to work on /home/airflow/.local/lib/python3.12/site-packages/airflow/example_dags/example_sla_dag.py
[2025-01-31T14:41:14.504+0000] {processor.py:914} INFO - Processing file /home/airflow/.local/lib/python3.12/site-packages/airflow/example_dags/example_sla_dag.py for tasks to queue
[2025-01-31T14:41:14.506+0000] {logging_mixin.py:190} INFO - [2025-01-31T14:41:14.505+0000] {dagbag.py:588} INFO - Filling up the DagBag from /home/airflow/.local/lib/python3.12/site-packages/airflow/example_dags/example_sla_dag.py
[2025-01-31T14:41:14.514+0000] {processor.py:925} INFO - DAG(s) 'example_sla_dag' retrieved from /home/airflow/.local/lib/python3.12/site-packages/airflow/example_dags/example_sla_dag.py
[2025-01-31T14:41:14.532+0000] {logging_mixin.py:190} INFO - [2025-01-31T14:41:14.531+0000] {dag.py:3239} INFO - Sync 1 DAGs
[2025-01-31T14:41:14.560+0000] {logging_mixin.py:190} INFO - [2025-01-31T14:41:14.560+0000] {dag.py:4180} INFO - Setting next_dagrun for example_sla_dag to 2025-01-31 14:38:00+00:00, run_after=2025-01-31 14:40:00+00:00
[2025-01-31T14:41:14.576+0000] {processor.py:208} INFO - Processing /home/airflow/.local/lib/python3.12/site-packages/airflow/example_dags/example_sla_dag.py took 0.077 seconds
[2025-01-31T14:41:45.939+0000] {processor.py:186} INFO - Started process (PID=1850) to work on /home/airflow/.local/lib/python3.12/site-packages/airflow/example_dags/example_sla_dag.py
[2025-01-31T14:41:45.940+0000] {processor.py:914} INFO - Processing file /home/airflow/.local/lib/python3.12/site-packages/airflow/example_dags/example_sla_dag.py for tasks to queue
[2025-01-31T14:41:45.941+0000] {logging_mixin.py:190} INFO - [2025-01-31T14:41:45.941+0000] {dagbag.py:588} INFO - Filling up the DagBag from /home/airflow/.local/lib/python3.12/site-packages/airflow/example_dags/example_sla_dag.py
[2025-01-31T14:41:45.949+0000] {processor.py:925} INFO - DAG(s) 'example_sla_dag' retrieved from /home/airflow/.local/lib/python3.12/site-packages/airflow/example_dags/example_sla_dag.py
[2025-01-31T14:41:45.966+0000] {logging_mixin.py:190} INFO - [2025-01-31T14:41:45.966+0000] {dag.py:3239} INFO - Sync 1 DAGs
[2025-01-31T14:41:45.988+0000] {logging_mixin.py:190} INFO - [2025-01-31T14:41:45.988+0000] {dag.py:4180} INFO - Setting next_dagrun for example_sla_dag to 2025-01-31 14:38:00+00:00, run_after=2025-01-31 14:40:00+00:00
[2025-01-31T14:41:46.001+0000] {processor.py:208} INFO - Processing /home/airflow/.local/lib/python3.12/site-packages/airflow/example_dags/example_sla_dag.py took 0.066 seconds
[2025-01-31T14:42:17.364+0000] {processor.py:186} INFO - Started process (PID=1915) to work on /home/airflow/.local/lib/python3.12/site-packages/airflow/example_dags/example_sla_dag.py
[2025-01-31T14:42:17.365+0000] {processor.py:914} INFO - Processing file /home/airflow/.local/lib/python3.12/site-packages/airflow/example_dags/example_sla_dag.py for tasks to queue
[2025-01-31T14:42:17.367+0000] {logging_mixin.py:190} INFO - [2025-01-31T14:42:17.367+0000] {dagbag.py:588} INFO - Filling up the DagBag from /home/airflow/.local/lib/python3.12/site-packages/airflow/example_dags/example_sla_dag.py
[2025-01-31T14:42:17.378+0000] {processor.py:925} INFO - DAG(s) 'example_sla_dag' retrieved from /home/airflow/.local/lib/python3.12/site-packages/airflow/example_dags/example_sla_dag.py
[2025-01-31T14:42:17.415+0000] {logging_mixin.py:190} INFO - [2025-01-31T14:42:17.414+0000] {dag.py:3239} INFO - Sync 1 DAGs
[2025-01-31T14:42:17.443+0000] {logging_mixin.py:190} INFO - [2025-01-31T14:42:17.443+0000] {dag.py:4180} INFO - Setting next_dagrun for example_sla_dag to 2025-01-31 14:40:00+00:00, run_after=2025-01-31 14:42:00+00:00
[2025-01-31T14:42:17.458+0000] {processor.py:208} INFO - Processing /home/airflow/.local/lib/python3.12/site-packages/airflow/example_dags/example_sla_dag.py took 0.100 seconds
[2025-01-31T14:42:48.534+0000] {processor.py:186} INFO - Started process (PID=1980) to work on /home/airflow/.local/lib/python3.12/site-packages/airflow/example_dags/example_sla_dag.py
[2025-01-31T14:42:48.535+0000] {processor.py:914} INFO - Processing file /home/airflow/.local/lib/python3.12/site-packages/airflow/example_dags/example_sla_dag.py for tasks to queue
[2025-01-31T14:42:48.537+0000] {logging_mixin.py:190} INFO - [2025-01-31T14:42:48.537+0000] {dagbag.py:588} INFO - Filling up the DagBag from /home/airflow/.local/lib/python3.12/site-packages/airflow/example_dags/example_sla_dag.py
[2025-01-31T14:42:48.546+0000] {processor.py:925} INFO - DAG(s) 'example_sla_dag' retrieved from /home/airflow/.local/lib/python3.12/site-packages/airflow/example_dags/example_sla_dag.py
[2025-01-31T14:42:48.560+0000] {logging_mixin.py:190} INFO - [2025-01-31T14:42:48.560+0000] {dag.py:3239} INFO - Sync 1 DAGs
[2025-01-31T14:42:48.579+0000] {logging_mixin.py:190} INFO - [2025-01-31T14:42:48.579+0000] {dag.py:4180} INFO - Setting next_dagrun for example_sla_dag to 2025-01-31 14:40:00+00:00, run_after=2025-01-31 14:42:00+00:00
[2025-01-31T14:42:48.591+0000] {processor.py:208} INFO - Processing /home/airflow/.local/lib/python3.12/site-packages/airflow/example_dags/example_sla_dag.py took 0.063 seconds
[2025-01-31T14:43:19.755+0000] {processor.py:186} INFO - Started process (PID=2045) to work on /home/airflow/.local/lib/python3.12/site-packages/airflow/example_dags/example_sla_dag.py
[2025-01-31T14:43:19.756+0000] {processor.py:914} INFO - Processing file /home/airflow/.local/lib/python3.12/site-packages/airflow/example_dags/example_sla_dag.py for tasks to queue
[2025-01-31T14:43:19.757+0000] {logging_mixin.py:190} INFO - [2025-01-31T14:43:19.757+0000] {dagbag.py:588} INFO - Filling up the DagBag from /home/airflow/.local/lib/python3.12/site-packages/airflow/example_dags/example_sla_dag.py
[2025-01-31T14:43:19.766+0000] {processor.py:925} INFO - DAG(s) 'example_sla_dag' retrieved from /home/airflow/.local/lib/python3.12/site-packages/airflow/example_dags/example_sla_dag.py
[2025-01-31T14:43:19.783+0000] {logging_mixin.py:190} INFO - [2025-01-31T14:43:19.783+0000] {dag.py:3239} INFO - Sync 1 DAGs
[2025-01-31T14:43:19.807+0000] {logging_mixin.py:190} INFO - [2025-01-31T14:43:19.807+0000] {dag.py:4180} INFO - Setting next_dagrun for example_sla_dag to 2025-01-31 14:40:00+00:00, run_after=2025-01-31 14:42:00+00:00
[2025-01-31T14:43:19.820+0000] {processor.py:208} INFO - Processing /home/airflow/.local/lib/python3.12/site-packages/airflow/example_dags/example_sla_dag.py took 0.069 seconds
[2025-01-31T14:43:50.432+0000] {processor.py:186} INFO - Started process (PID=2111) to work on /home/airflow/.local/lib/python3.12/site-packages/airflow/example_dags/example_sla_dag.py
[2025-01-31T14:43:50.432+0000] {processor.py:914} INFO - Processing file /home/airflow/.local/lib/python3.12/site-packages/airflow/example_dags/example_sla_dag.py for tasks to queue
[2025-01-31T14:43:50.434+0000] {logging_mixin.py:190} INFO - [2025-01-31T14:43:50.434+0000] {dagbag.py:588} INFO - Filling up the DagBag from /home/airflow/.local/lib/python3.12/site-packages/airflow/example_dags/example_sla_dag.py
[2025-01-31T14:43:50.442+0000] {processor.py:925} INFO - DAG(s) 'example_sla_dag' retrieved from /home/airflow/.local/lib/python3.12/site-packages/airflow/example_dags/example_sla_dag.py
[2025-01-31T14:43:50.456+0000] {logging_mixin.py:190} INFO - [2025-01-31T14:43:50.456+0000] {dag.py:3239} INFO - Sync 1 DAGs
[2025-01-31T14:43:50.475+0000] {logging_mixin.py:190} INFO - [2025-01-31T14:43:50.475+0000] {dag.py:4180} INFO - Setting next_dagrun for example_sla_dag to 2025-01-31 14:40:00+00:00, run_after=2025-01-31 14:42:00+00:00
[2025-01-31T14:43:50.487+0000] {processor.py:208} INFO - Processing /home/airflow/.local/lib/python3.12/site-packages/airflow/example_dags/example_sla_dag.py took 0.060 seconds
[2025-01-31T14:44:21.632+0000] {processor.py:186} INFO - Started process (PID=2176) to work on /home/airflow/.local/lib/python3.12/site-packages/airflow/example_dags/example_sla_dag.py
[2025-01-31T14:44:21.633+0000] {processor.py:914} INFO - Processing file /home/airflow/.local/lib/python3.12/site-packages/airflow/example_dags/example_sla_dag.py for tasks to queue
[2025-01-31T14:44:21.634+0000] {logging_mixin.py:190} INFO - [2025-01-31T14:44:21.634+0000] {dagbag.py:588} INFO - Filling up the DagBag from /home/airflow/.local/lib/python3.12/site-packages/airflow/example_dags/example_sla_dag.py
[2025-01-31T14:44:21.642+0000] {processor.py:925} INFO - DAG(s) 'example_sla_dag' retrieved from /home/airflow/.local/lib/python3.12/site-packages/airflow/example_dags/example_sla_dag.py
[2025-01-31T14:44:21.657+0000] {logging_mixin.py:190} INFO - [2025-01-31T14:44:21.657+0000] {dag.py:3239} INFO - Sync 1 DAGs
[2025-01-31T14:44:21.678+0000] {logging_mixin.py:190} INFO - [2025-01-31T14:44:21.678+0000] {dag.py:4180} INFO - Setting next_dagrun for example_sla_dag to 2025-01-31 14:42:00+00:00, run_after=2025-01-31 14:44:00+00:00
[2025-01-31T14:44:21.693+0000] {processor.py:208} INFO - Processing /home/airflow/.local/lib/python3.12/site-packages/airflow/example_dags/example_sla_dag.py took 0.065 seconds
[2025-01-31T14:44:52.791+0000] {processor.py:186} INFO - Started process (PID=2241) to work on /home/airflow/.local/lib/python3.12/site-packages/airflow/example_dags/example_sla_dag.py
[2025-01-31T14:44:52.792+0000] {processor.py:914} INFO - Processing file /home/airflow/.local/lib/python3.12/site-packages/airflow/example_dags/example_sla_dag.py for tasks to queue
[2025-01-31T14:44:52.793+0000] {logging_mixin.py:190} INFO - [2025-01-31T14:44:52.793+0000] {dagbag.py:588} INFO - Filling up the DagBag from /home/airflow/.local/lib/python3.12/site-packages/airflow/example_dags/example_sla_dag.py
[2025-01-31T14:44:52.803+0000] {processor.py:925} INFO - DAG(s) 'example_sla_dag' retrieved from /home/airflow/.local/lib/python3.12/site-packages/airflow/example_dags/example_sla_dag.py
[2025-01-31T14:44:52.820+0000] {logging_mixin.py:190} INFO - [2025-01-31T14:44:52.820+0000] {dag.py:3239} INFO - Sync 1 DAGs
[2025-01-31T14:44:52.845+0000] {logging_mixin.py:190} INFO - [2025-01-31T14:44:52.844+0000] {dag.py:4180} INFO - Setting next_dagrun for example_sla_dag to 2025-01-31 14:42:00+00:00, run_after=2025-01-31 14:44:00+00:00
[2025-01-31T14:44:52.858+0000] {processor.py:208} INFO - Processing /home/airflow/.local/lib/python3.12/site-packages/airflow/example_dags/example_sla_dag.py took 0.073 seconds
[2025-01-31T14:45:23.373+0000] {processor.py:186} INFO - Started process (PID=2306) to work on /home/airflow/.local/lib/python3.12/site-packages/airflow/example_dags/example_sla_dag.py
[2025-01-31T14:45:23.374+0000] {processor.py:914} INFO - Processing file /home/airflow/.local/lib/python3.12/site-packages/airflow/example_dags/example_sla_dag.py for tasks to queue
[2025-01-31T14:45:23.376+0000] {logging_mixin.py:190} INFO - [2025-01-31T14:45:23.375+0000] {dagbag.py:588} INFO - Filling up the DagBag from /home/airflow/.local/lib/python3.12/site-packages/airflow/example_dags/example_sla_dag.py
[2025-01-31T14:45:23.387+0000] {processor.py:925} INFO - DAG(s) 'example_sla_dag' retrieved from /home/airflow/.local/lib/python3.12/site-packages/airflow/example_dags/example_sla_dag.py
[2025-01-31T14:45:23.404+0000] {logging_mixin.py:190} INFO - [2025-01-31T14:45:23.404+0000] {dag.py:3239} INFO - Sync 1 DAGs
[2025-01-31T14:45:23.428+0000] {logging_mixin.py:190} INFO - [2025-01-31T14:45:23.428+0000] {dag.py:4180} INFO - Setting next_dagrun for example_sla_dag to 2025-01-31 14:42:00+00:00, run_after=2025-01-31 14:44:00+00:00
[2025-01-31T14:45:23.443+0000] {processor.py:208} INFO - Processing /home/airflow/.local/lib/python3.12/site-packages/airflow/example_dags/example_sla_dag.py took 0.077 seconds
[2025-01-31T14:45:54.355+0000] {processor.py:186} INFO - Started process (PID=2371) to work on /home/airflow/.local/lib/python3.12/site-packages/airflow/example_dags/example_sla_dag.py
[2025-01-31T14:45:54.355+0000] {processor.py:914} INFO - Processing file /home/airflow/.local/lib/python3.12/site-packages/airflow/example_dags/example_sla_dag.py for tasks to queue
[2025-01-31T14:45:54.357+0000] {logging_mixin.py:190} INFO - [2025-01-31T14:45:54.357+0000] {dagbag.py:588} INFO - Filling up the DagBag from /home/airflow/.local/lib/python3.12/site-packages/airflow/example_dags/example_sla_dag.py
[2025-01-31T14:45:54.366+0000] {processor.py:925} INFO - DAG(s) 'example_sla_dag' retrieved from /home/airflow/.local/lib/python3.12/site-packages/airflow/example_dags/example_sla_dag.py
[2025-01-31T14:45:54.380+0000] {logging_mixin.py:190} INFO - [2025-01-31T14:45:54.380+0000] {dag.py:3239} INFO - Sync 1 DAGs
[2025-01-31T14:45:54.398+0000] {logging_mixin.py:190} INFO - [2025-01-31T14:45:54.398+0000] {dag.py:4180} INFO - Setting next_dagrun for example_sla_dag to 2025-01-31 14:42:00+00:00, run_after=2025-01-31 14:44:00+00:00
[2025-01-31T14:45:54.410+0000] {processor.py:208} INFO - Processing /home/airflow/.local/lib/python3.12/site-packages/airflow/example_dags/example_sla_dag.py took 0.059 seconds
[2025-01-31T14:46:24.992+0000] {processor.py:186} INFO - Started process (PID=2436) to work on /home/airflow/.local/lib/python3.12/site-packages/airflow/example_dags/example_sla_dag.py
[2025-01-31T14:46:24.993+0000] {processor.py:914} INFO - Processing file /home/airflow/.local/lib/python3.12/site-packages/airflow/example_dags/example_sla_dag.py for tasks to queue
[2025-01-31T14:46:24.995+0000] {logging_mixin.py:190} INFO - [2025-01-31T14:46:24.995+0000] {dagbag.py:588} INFO - Filling up the DagBag from /home/airflow/.local/lib/python3.12/site-packages/airflow/example_dags/example_sla_dag.py
[2025-01-31T14:46:25.005+0000] {processor.py:925} INFO - DAG(s) 'example_sla_dag' retrieved from /home/airflow/.local/lib/python3.12/site-packages/airflow/example_dags/example_sla_dag.py
[2025-01-31T14:46:25.021+0000] {logging_mixin.py:190} INFO - [2025-01-31T14:46:25.021+0000] {dag.py:3239} INFO - Sync 1 DAGs
[2025-01-31T14:46:25.042+0000] {logging_mixin.py:190} INFO - [2025-01-31T14:46:25.041+0000] {dag.py:4180} INFO - Setting next_dagrun for example_sla_dag to 2025-01-31 14:44:00+00:00, run_after=2025-01-31 14:46:00+00:00
[2025-01-31T14:46:25.054+0000] {processor.py:208} INFO - Processing /home/airflow/.local/lib/python3.12/site-packages/airflow/example_dags/example_sla_dag.py took 0.068 seconds
[2025-01-31T14:46:56.015+0000] {processor.py:186} INFO - Started process (PID=2505) to work on /home/airflow/.local/lib/python3.12/site-packages/airflow/example_dags/example_sla_dag.py
[2025-01-31T14:46:56.016+0000] {processor.py:914} INFO - Processing file /home/airflow/.local/lib/python3.12/site-packages/airflow/example_dags/example_sla_dag.py for tasks to queue
[2025-01-31T14:46:56.017+0000] {logging_mixin.py:190} INFO - [2025-01-31T14:46:56.017+0000] {dagbag.py:588} INFO - Filling up the DagBag from /home/airflow/.local/lib/python3.12/site-packages/airflow/example_dags/example_sla_dag.py
[2025-01-31T14:46:56.026+0000] {processor.py:925} INFO - DAG(s) 'example_sla_dag' retrieved from /home/airflow/.local/lib/python3.12/site-packages/airflow/example_dags/example_sla_dag.py
[2025-01-31T14:46:56.042+0000] {logging_mixin.py:190} INFO - [2025-01-31T14:46:56.042+0000] {dag.py:3239} INFO - Sync 1 DAGs
[2025-01-31T14:46:56.064+0000] {logging_mixin.py:190} INFO - [2025-01-31T14:46:56.064+0000] {dag.py:4180} INFO - Setting next_dagrun for example_sla_dag to 2025-01-31 14:44:00+00:00, run_after=2025-01-31 14:46:00+00:00
[2025-01-31T14:46:56.077+0000] {processor.py:208} INFO - Processing /home/airflow/.local/lib/python3.12/site-packages/airflow/example_dags/example_sla_dag.py took 0.067 seconds
[2025-01-31T14:47:26.839+0000] {processor.py:186} INFO - Started process (PID=2571) to work on /home/airflow/.local/lib/python3.12/site-packages/airflow/example_dags/example_sla_dag.py
[2025-01-31T14:47:26.839+0000] {processor.py:914} INFO - Processing file /home/airflow/.local/lib/python3.12/site-packages/airflow/example_dags/example_sla_dag.py for tasks to queue
[2025-01-31T14:47:26.841+0000] {logging_mixin.py:190} INFO - [2025-01-31T14:47:26.840+0000] {dagbag.py:588} INFO - Filling up the DagBag from /home/airflow/.local/lib/python3.12/site-packages/airflow/example_dags/example_sla_dag.py
[2025-01-31T14:47:26.848+0000] {processor.py:925} INFO - DAG(s) 'example_sla_dag' retrieved from /home/airflow/.local/lib/python3.12/site-packages/airflow/example_dags/example_sla_dag.py
[2025-01-31T14:47:26.866+0000] {logging_mixin.py:190} INFO - [2025-01-31T14:47:26.866+0000] {dag.py:3239} INFO - Sync 1 DAGs
[2025-01-31T14:47:26.893+0000] {logging_mixin.py:190} INFO - [2025-01-31T14:47:26.893+0000] {dag.py:4180} INFO - Setting next_dagrun for example_sla_dag to 2025-01-31 14:44:00+00:00, run_after=2025-01-31 14:46:00+00:00
[2025-01-31T14:47:26.908+0000] {processor.py:208} INFO - Processing /home/airflow/.local/lib/python3.12/site-packages/airflow/example_dags/example_sla_dag.py took 0.074 seconds
[2025-01-31T14:47:57.304+0000] {processor.py:186} INFO - Started process (PID=2636) to work on /home/airflow/.local/lib/python3.12/site-packages/airflow/example_dags/example_sla_dag.py
[2025-01-31T14:47:57.304+0000] {processor.py:914} INFO - Processing file /home/airflow/.local/lib/python3.12/site-packages/airflow/example_dags/example_sla_dag.py for tasks to queue
[2025-01-31T14:47:57.306+0000] {logging_mixin.py:190} INFO - [2025-01-31T14:47:57.306+0000] {dagbag.py:588} INFO - Filling up the DagBag from /home/airflow/.local/lib/python3.12/site-packages/airflow/example_dags/example_sla_dag.py
[2025-01-31T14:47:57.314+0000] {processor.py:925} INFO - DAG(s) 'example_sla_dag' retrieved from /home/airflow/.local/lib/python3.12/site-packages/airflow/example_dags/example_sla_dag.py
[2025-01-31T14:47:57.328+0000] {logging_mixin.py:190} INFO - [2025-01-31T14:47:57.328+0000] {dag.py:3239} INFO - Sync 1 DAGs
[2025-01-31T14:47:57.348+0000] {logging_mixin.py:190} INFO - [2025-01-31T14:47:57.348+0000] {dag.py:4180} INFO - Setting next_dagrun for example_sla_dag to 2025-01-31 14:44:00+00:00, run_after=2025-01-31 14:46:00+00:00
[2025-01-31T14:47:57.367+0000] {processor.py:208} INFO - Processing /home/airflow/.local/lib/python3.12/site-packages/airflow/example_dags/example_sla_dag.py took 0.068 seconds
[2025-01-31T14:48:28.380+0000] {processor.py:186} INFO - Started process (PID=2704) to work on /home/airflow/.local/lib/python3.12/site-packages/airflow/example_dags/example_sla_dag.py
[2025-01-31T14:48:28.380+0000] {processor.py:914} INFO - Processing file /home/airflow/.local/lib/python3.12/site-packages/airflow/example_dags/example_sla_dag.py for tasks to queue
[2025-01-31T14:48:28.382+0000] {logging_mixin.py:190} INFO - [2025-01-31T14:48:28.381+0000] {dagbag.py:588} INFO - Filling up the DagBag from /home/airflow/.local/lib/python3.12/site-packages/airflow/example_dags/example_sla_dag.py
[2025-01-31T14:48:28.389+0000] {processor.py:925} INFO - DAG(s) 'example_sla_dag' retrieved from /home/airflow/.local/lib/python3.12/site-packages/airflow/example_dags/example_sla_dag.py
[2025-01-31T14:48:28.403+0000] {logging_mixin.py:190} INFO - [2025-01-31T14:48:28.403+0000] {dag.py:3239} INFO - Sync 1 DAGs
[2025-01-31T14:48:28.422+0000] {logging_mixin.py:190} INFO - [2025-01-31T14:48:28.422+0000] {dag.py:4180} INFO - Setting next_dagrun for example_sla_dag to 2025-01-31 14:46:00+00:00, run_after=2025-01-31 14:48:00+00:00
[2025-01-31T14:48:28.434+0000] {processor.py:208} INFO - Processing /home/airflow/.local/lib/python3.12/site-packages/airflow/example_dags/example_sla_dag.py took 0.059 seconds
[2025-01-31T14:48:58.537+0000] {processor.py:186} INFO - Started process (PID=2769) to work on /home/airflow/.local/lib/python3.12/site-packages/airflow/example_dags/example_sla_dag.py
[2025-01-31T14:48:58.538+0000] {processor.py:914} INFO - Processing file /home/airflow/.local/lib/python3.12/site-packages/airflow/example_dags/example_sla_dag.py for tasks to queue
[2025-01-31T14:48:58.540+0000] {logging_mixin.py:190} INFO - [2025-01-31T14:48:58.539+0000] {dagbag.py:588} INFO - Filling up the DagBag from /home/airflow/.local/lib/python3.12/site-packages/airflow/example_dags/example_sla_dag.py
[2025-01-31T14:48:58.547+0000] {processor.py:925} INFO - DAG(s) 'example_sla_dag' retrieved from /home/airflow/.local/lib/python3.12/site-packages/airflow/example_dags/example_sla_dag.py
[2025-01-31T14:48:58.561+0000] {logging_mixin.py:190} INFO - [2025-01-31T14:48:58.561+0000] {dag.py:3239} INFO - Sync 1 DAGs
[2025-01-31T14:48:58.580+0000] {logging_mixin.py:190} INFO - [2025-01-31T14:48:58.580+0000] {dag.py:4180} INFO - Setting next_dagrun for example_sla_dag to 2025-01-31 14:46:00+00:00, run_after=2025-01-31 14:48:00+00:00
[2025-01-31T14:48:58.592+0000] {processor.py:208} INFO - Processing /home/airflow/.local/lib/python3.12/site-packages/airflow/example_dags/example_sla_dag.py took 0.059 seconds
[2025-01-31T14:49:29.116+0000] {processor.py:186} INFO - Started process (PID=2835) to work on /home/airflow/.local/lib/python3.12/site-packages/airflow/example_dags/example_sla_dag.py
[2025-01-31T14:49:29.116+0000] {processor.py:914} INFO - Processing file /home/airflow/.local/lib/python3.12/site-packages/airflow/example_dags/example_sla_dag.py for tasks to queue
[2025-01-31T14:49:29.118+0000] {logging_mixin.py:190} INFO - [2025-01-31T14:49:29.118+0000] {dagbag.py:588} INFO - Filling up the DagBag from /home/airflow/.local/lib/python3.12/site-packages/airflow/example_dags/example_sla_dag.py
[2025-01-31T14:49:29.127+0000] {processor.py:925} INFO - DAG(s) 'example_sla_dag' retrieved from /home/airflow/.local/lib/python3.12/site-packages/airflow/example_dags/example_sla_dag.py
[2025-01-31T14:49:29.141+0000] {logging_mixin.py:190} INFO - [2025-01-31T14:49:29.141+0000] {dag.py:3239} INFO - Sync 1 DAGs
[2025-01-31T14:49:29.163+0000] {logging_mixin.py:190} INFO - [2025-01-31T14:49:29.162+0000] {dag.py:4180} INFO - Setting next_dagrun for example_sla_dag to 2025-01-31 14:46:00+00:00, run_after=2025-01-31 14:48:00+00:00
[2025-01-31T14:49:29.178+0000] {processor.py:208} INFO - Processing /home/airflow/.local/lib/python3.12/site-packages/airflow/example_dags/example_sla_dag.py took 0.067 seconds
[2025-01-31T14:50:00.085+0000] {processor.py:186} INFO - Started process (PID=2902) to work on /home/airflow/.local/lib/python3.12/site-packages/airflow/example_dags/example_sla_dag.py
[2025-01-31T14:50:00.086+0000] {processor.py:914} INFO - Processing file /home/airflow/.local/lib/python3.12/site-packages/airflow/example_dags/example_sla_dag.py for tasks to queue
[2025-01-31T14:50:00.088+0000] {logging_mixin.py:190} INFO - [2025-01-31T14:50:00.087+0000] {dagbag.py:588} INFO - Filling up the DagBag from /home/airflow/.local/lib/python3.12/site-packages/airflow/example_dags/example_sla_dag.py
[2025-01-31T14:50:00.096+0000] {processor.py:925} INFO - DAG(s) 'example_sla_dag' retrieved from /home/airflow/.local/lib/python3.12/site-packages/airflow/example_dags/example_sla_dag.py
[2025-01-31T14:50:00.111+0000] {logging_mixin.py:190} INFO - [2025-01-31T14:50:00.111+0000] {dag.py:3239} INFO - Sync 1 DAGs
[2025-01-31T14:50:00.130+0000] {logging_mixin.py:190} INFO - [2025-01-31T14:50:00.130+0000] {dag.py:4180} INFO - Setting next_dagrun for example_sla_dag to 2025-01-31 14:48:00+00:00, run_after=2025-01-31 14:50:00+00:00
[2025-01-31T14:50:00.144+0000] {processor.py:208} INFO - Processing /home/airflow/.local/lib/python3.12/site-packages/airflow/example_dags/example_sla_dag.py took 0.063 seconds
[2025-01-31T14:50:30.748+0000] {processor.py:186} INFO - Started process (PID=2968) to work on /home/airflow/.local/lib/python3.12/site-packages/airflow/example_dags/example_sla_dag.py
[2025-01-31T14:50:30.749+0000] {processor.py:914} INFO - Processing file /home/airflow/.local/lib/python3.12/site-packages/airflow/example_dags/example_sla_dag.py for tasks to queue
[2025-01-31T14:50:30.751+0000] {logging_mixin.py:190} INFO - [2025-01-31T14:50:30.751+0000] {dagbag.py:588} INFO - Filling up the DagBag from /home/airflow/.local/lib/python3.12/site-packages/airflow/example_dags/example_sla_dag.py
[2025-01-31T14:50:30.762+0000] {processor.py:925} INFO - DAG(s) 'example_sla_dag' retrieved from /home/airflow/.local/lib/python3.12/site-packages/airflow/example_dags/example_sla_dag.py
[2025-01-31T14:50:30.784+0000] {logging_mixin.py:190} INFO - [2025-01-31T14:50:30.783+0000] {dag.py:3239} INFO - Sync 1 DAGs
[2025-01-31T14:50:30.815+0000] {logging_mixin.py:190} INFO - [2025-01-31T14:50:30.814+0000] {dag.py:4180} INFO - Setting next_dagrun for example_sla_dag to 2025-01-31 14:48:00+00:00, run_after=2025-01-31 14:50:00+00:00
[2025-01-31T14:50:30.832+0000] {processor.py:208} INFO - Processing /home/airflow/.local/lib/python3.12/site-packages/airflow/example_dags/example_sla_dag.py took 0.091 seconds
[2025-01-31T14:51:01.704+0000] {processor.py:186} INFO - Started process (PID=3035) to work on /home/airflow/.local/lib/python3.12/site-packages/airflow/example_dags/example_sla_dag.py
[2025-01-31T14:51:01.704+0000] {processor.py:914} INFO - Processing file /home/airflow/.local/lib/python3.12/site-packages/airflow/example_dags/example_sla_dag.py for tasks to queue
[2025-01-31T14:51:01.707+0000] {logging_mixin.py:190} INFO - [2025-01-31T14:51:01.706+0000] {dagbag.py:588} INFO - Filling up the DagBag from /home/airflow/.local/lib/python3.12/site-packages/airflow/example_dags/example_sla_dag.py
[2025-01-31T14:51:01.718+0000] {processor.py:925} INFO - DAG(s) 'example_sla_dag' retrieved from /home/airflow/.local/lib/python3.12/site-packages/airflow/example_dags/example_sla_dag.py
[2025-01-31T14:51:01.739+0000] {logging_mixin.py:190} INFO - [2025-01-31T14:51:01.738+0000] {dag.py:3239} INFO - Sync 1 DAGs
[2025-01-31T14:51:01.767+0000] {logging_mixin.py:190} INFO - [2025-01-31T14:51:01.766+0000] {dag.py:4180} INFO - Setting next_dagrun for example_sla_dag to 2025-01-31 14:48:00+00:00, run_after=2025-01-31 14:50:00+00:00
[2025-01-31T14:51:01.783+0000] {processor.py:208} INFO - Processing /home/airflow/.local/lib/python3.12/site-packages/airflow/example_dags/example_sla_dag.py took 0.086 seconds
[2025-01-31T14:51:32.235+0000] {processor.py:186} INFO - Started process (PID=3102) to work on /home/airflow/.local/lib/python3.12/site-packages/airflow/example_dags/example_sla_dag.py
[2025-01-31T14:51:32.236+0000] {processor.py:914} INFO - Processing file /home/airflow/.local/lib/python3.12/site-packages/airflow/example_dags/example_sla_dag.py for tasks to queue
[2025-01-31T14:51:32.238+0000] {logging_mixin.py:190} INFO - [2025-01-31T14:51:32.237+0000] {dagbag.py:588} INFO - Filling up the DagBag from /home/airflow/.local/lib/python3.12/site-packages/airflow/example_dags/example_sla_dag.py
[2025-01-31T14:51:32.245+0000] {processor.py:925} INFO - DAG(s) 'example_sla_dag' retrieved from /home/airflow/.local/lib/python3.12/site-packages/airflow/example_dags/example_sla_dag.py
[2025-01-31T14:51:32.261+0000] {logging_mixin.py:190} INFO - [2025-01-31T14:51:32.261+0000] {dag.py:3239} INFO - Sync 1 DAGs
[2025-01-31T14:51:32.282+0000] {logging_mixin.py:190} INFO - [2025-01-31T14:51:32.282+0000] {dag.py:4180} INFO - Setting next_dagrun for example_sla_dag to 2025-01-31 14:48:00+00:00, run_after=2025-01-31 14:50:00+00:00
[2025-01-31T14:51:32.296+0000] {processor.py:208} INFO - Processing /home/airflow/.local/lib/python3.12/site-packages/airflow/example_dags/example_sla_dag.py took 0.065 seconds
[2025-01-31T14:52:03.196+0000] {processor.py:186} INFO - Started process (PID=3170) to work on /home/airflow/.local/lib/python3.12/site-packages/airflow/example_dags/example_sla_dag.py
[2025-01-31T14:52:03.196+0000] {processor.py:914} INFO - Processing file /home/airflow/.local/lib/python3.12/site-packages/airflow/example_dags/example_sla_dag.py for tasks to queue
[2025-01-31T14:52:03.198+0000] {logging_mixin.py:190} INFO - [2025-01-31T14:52:03.198+0000] {dagbag.py:588} INFO - Filling up the DagBag from /home/airflow/.local/lib/python3.12/site-packages/airflow/example_dags/example_sla_dag.py
[2025-01-31T14:52:03.206+0000] {processor.py:925} INFO - DAG(s) 'example_sla_dag' retrieved from /home/airflow/.local/lib/python3.12/site-packages/airflow/example_dags/example_sla_dag.py
[2025-01-31T14:52:03.222+0000] {logging_mixin.py:190} INFO - [2025-01-31T14:52:03.222+0000] {dag.py:3239} INFO - Sync 1 DAGs
[2025-01-31T14:52:03.247+0000] {logging_mixin.py:190} INFO - [2025-01-31T14:52:03.247+0000] {dag.py:4180} INFO - Setting next_dagrun for example_sla_dag to 2025-01-31 14:50:00+00:00, run_after=2025-01-31 14:52:00+00:00
[2025-01-31T14:52:03.262+0000] {processor.py:208} INFO - Processing /home/airflow/.local/lib/python3.12/site-packages/airflow/example_dags/example_sla_dag.py took 0.070 seconds
[2025-01-31T14:52:34.000+0000] {processor.py:186} INFO - Started process (PID=3236) to work on /home/airflow/.local/lib/python3.12/site-packages/airflow/example_dags/example_sla_dag.py
[2025-01-31T14:52:34.000+0000] {processor.py:914} INFO - Processing file /home/airflow/.local/lib/python3.12/site-packages/airflow/example_dags/example_sla_dag.py for tasks to queue
[2025-01-31T14:52:34.002+0000] {logging_mixin.py:190} INFO - [2025-01-31T14:52:34.002+0000] {dagbag.py:588} INFO - Filling up the DagBag from /home/airflow/.local/lib/python3.12/site-packages/airflow/example_dags/example_sla_dag.py
[2025-01-31T14:52:34.009+0000] {processor.py:925} INFO - DAG(s) 'example_sla_dag' retrieved from /home/airflow/.local/lib/python3.12/site-packages/airflow/example_dags/example_sla_dag.py
[2025-01-31T14:52:34.026+0000] {logging_mixin.py:190} INFO - [2025-01-31T14:52:34.026+0000] {dag.py:3239} INFO - Sync 1 DAGs
[2025-01-31T14:52:34.050+0000] {logging_mixin.py:190} INFO - [2025-01-31T14:52:34.050+0000] {dag.py:4180} INFO - Setting next_dagrun for example_sla_dag to 2025-01-31 14:50:00+00:00, run_after=2025-01-31 14:52:00+00:00
[2025-01-31T14:52:34.065+0000] {processor.py:208} INFO - Processing /home/airflow/.local/lib/python3.12/site-packages/airflow/example_dags/example_sla_dag.py took 0.069 seconds
[2025-01-31T14:53:04.253+0000] {processor.py:186} INFO - Started process (PID=3301) to work on /home/airflow/.local/lib/python3.12/site-packages/airflow/example_dags/example_sla_dag.py
[2025-01-31T14:53:04.254+0000] {processor.py:914} INFO - Processing file /home/airflow/.local/lib/python3.12/site-packages/airflow/example_dags/example_sla_dag.py for tasks to queue
[2025-01-31T14:53:04.256+0000] {logging_mixin.py:190} INFO - [2025-01-31T14:53:04.256+0000] {dagbag.py:588} INFO - Filling up the DagBag from /home/airflow/.local/lib/python3.12/site-packages/airflow/example_dags/example_sla_dag.py
[2025-01-31T14:53:04.266+0000] {processor.py:925} INFO - DAG(s) 'example_sla_dag' retrieved from /home/airflow/.local/lib/python3.12/site-packages/airflow/example_dags/example_sla_dag.py
[2025-01-31T14:53:04.282+0000] {logging_mixin.py:190} INFO - [2025-01-31T14:53:04.282+0000] {dag.py:3239} INFO - Sync 1 DAGs
[2025-01-31T14:53:04.304+0000] {logging_mixin.py:190} INFO - [2025-01-31T14:53:04.304+0000] {dag.py:4180} INFO - Setting next_dagrun for example_sla_dag to 2025-01-31 14:50:00+00:00, run_after=2025-01-31 14:52:00+00:00
[2025-01-31T14:53:04.317+0000] {processor.py:208} INFO - Processing /home/airflow/.local/lib/python3.12/site-packages/airflow/example_dags/example_sla_dag.py took 0.068 seconds
[2025-01-31T14:53:34.808+0000] {processor.py:186} INFO - Started process (PID=3367) to work on /home/airflow/.local/lib/python3.12/site-packages/airflow/example_dags/example_sla_dag.py
[2025-01-31T14:53:34.809+0000] {processor.py:914} INFO - Processing file /home/airflow/.local/lib/python3.12/site-packages/airflow/example_dags/example_sla_dag.py for tasks to queue
[2025-01-31T14:53:34.810+0000] {logging_mixin.py:190} INFO - [2025-01-31T14:53:34.810+0000] {dagbag.py:588} INFO - Filling up the DagBag from /home/airflow/.local/lib/python3.12/site-packages/airflow/example_dags/example_sla_dag.py
[2025-01-31T14:53:34.818+0000] {processor.py:925} INFO - DAG(s) 'example_sla_dag' retrieved from /home/airflow/.local/lib/python3.12/site-packages/airflow/example_dags/example_sla_dag.py
[2025-01-31T14:53:34.835+0000] {logging_mixin.py:190} INFO - [2025-01-31T14:53:34.835+0000] {dag.py:3239} INFO - Sync 1 DAGs
[2025-01-31T14:53:34.860+0000] {logging_mixin.py:190} INFO - [2025-01-31T14:53:34.860+0000] {dag.py:4180} INFO - Setting next_dagrun for example_sla_dag to 2025-01-31 14:50:00+00:00, run_after=2025-01-31 14:52:00+00:00
[2025-01-31T14:53:34.875+0000] {processor.py:208} INFO - Processing /home/airflow/.local/lib/python3.12/site-packages/airflow/example_dags/example_sla_dag.py took 0.072 seconds
[2025-01-31T14:54:06.330+0000] {processor.py:186} INFO - Started process (PID=3434) to work on /home/airflow/.local/lib/python3.12/site-packages/airflow/example_dags/example_sla_dag.py
[2025-01-31T14:54:06.330+0000] {processor.py:914} INFO - Processing file /home/airflow/.local/lib/python3.12/site-packages/airflow/example_dags/example_sla_dag.py for tasks to queue
[2025-01-31T14:54:06.332+0000] {logging_mixin.py:190} INFO - [2025-01-31T14:54:06.331+0000] {dagbag.py:588} INFO - Filling up the DagBag from /home/airflow/.local/lib/python3.12/site-packages/airflow/example_dags/example_sla_dag.py
[2025-01-31T14:54:06.339+0000] {processor.py:925} INFO - DAG(s) 'example_sla_dag' retrieved from /home/airflow/.local/lib/python3.12/site-packages/airflow/example_dags/example_sla_dag.py
[2025-01-31T14:54:06.354+0000] {logging_mixin.py:190} INFO - [2025-01-31T14:54:06.353+0000] {dag.py:3239} INFO - Sync 1 DAGs
[2025-01-31T14:54:06.517+0000] {logging_mixin.py:190} INFO - [2025-01-31T14:54:06.516+0000] {dag.py:4180} INFO - Setting next_dagrun for example_sla_dag to 2025-01-31 14:52:00+00:00, run_after=2025-01-31 14:54:00+00:00
[2025-01-31T14:54:06.530+0000] {processor.py:208} INFO - Processing /home/airflow/.local/lib/python3.12/site-packages/airflow/example_dags/example_sla_dag.py took 0.204 seconds
[2025-01-31T14:54:36.625+0000] {processor.py:186} INFO - Started process (PID=3500) to work on /home/airflow/.local/lib/python3.12/site-packages/airflow/example_dags/example_sla_dag.py
[2025-01-31T14:54:36.626+0000] {processor.py:914} INFO - Processing file /home/airflow/.local/lib/python3.12/site-packages/airflow/example_dags/example_sla_dag.py for tasks to queue
[2025-01-31T14:54:36.628+0000] {logging_mixin.py:190} INFO - [2025-01-31T14:54:36.627+0000] {dagbag.py:588} INFO - Filling up the DagBag from /home/airflow/.local/lib/python3.12/site-packages/airflow/example_dags/example_sla_dag.py
[2025-01-31T14:54:36.636+0000] {processor.py:925} INFO - DAG(s) 'example_sla_dag' retrieved from /home/airflow/.local/lib/python3.12/site-packages/airflow/example_dags/example_sla_dag.py
[2025-01-31T14:54:36.650+0000] {logging_mixin.py:190} INFO - [2025-01-31T14:54:36.650+0000] {dag.py:3239} INFO - Sync 1 DAGs
[2025-01-31T14:54:36.846+0000] {logging_mixin.py:190} INFO - [2025-01-31T14:54:36.846+0000] {dag.py:4180} INFO - Setting next_dagrun for example_sla_dag to 2025-01-31 14:52:00+00:00, run_after=2025-01-31 14:54:00+00:00
[2025-01-31T14:54:36.861+0000] {processor.py:208} INFO - Processing /home/airflow/.local/lib/python3.12/site-packages/airflow/example_dags/example_sla_dag.py took 0.240 seconds
[2025-01-31T14:55:07.706+0000] {processor.py:186} INFO - Started process (PID=3566) to work on /home/airflow/.local/lib/python3.12/site-packages/airflow/example_dags/example_sla_dag.py
[2025-01-31T14:55:07.707+0000] {processor.py:914} INFO - Processing file /home/airflow/.local/lib/python3.12/site-packages/airflow/example_dags/example_sla_dag.py for tasks to queue
[2025-01-31T14:55:07.708+0000] {logging_mixin.py:190} INFO - [2025-01-31T14:55:07.708+0000] {dagbag.py:588} INFO - Filling up the DagBag from /home/airflow/.local/lib/python3.12/site-packages/airflow/example_dags/example_sla_dag.py
[2025-01-31T14:55:07.716+0000] {processor.py:925} INFO - DAG(s) 'example_sla_dag' retrieved from /home/airflow/.local/lib/python3.12/site-packages/airflow/example_dags/example_sla_dag.py
[2025-01-31T14:55:07.734+0000] {logging_mixin.py:190} INFO - [2025-01-31T14:55:07.733+0000] {dag.py:3239} INFO - Sync 1 DAGs
[2025-01-31T14:55:07.757+0000] {logging_mixin.py:190} INFO - [2025-01-31T14:55:07.757+0000] {dag.py:4180} INFO - Setting next_dagrun for example_sla_dag to 2025-01-31 14:52:00+00:00, run_after=2025-01-31 14:54:00+00:00
[2025-01-31T14:55:07.770+0000] {processor.py:208} INFO - Processing /home/airflow/.local/lib/python3.12/site-packages/airflow/example_dags/example_sla_dag.py took 0.068 seconds
[2025-01-31T14:55:37.942+0000] {processor.py:186} INFO - Started process (PID=3632) to work on /home/airflow/.local/lib/python3.12/site-packages/airflow/example_dags/example_sla_dag.py
[2025-01-31T14:55:37.943+0000] {processor.py:914} INFO - Processing file /home/airflow/.local/lib/python3.12/site-packages/airflow/example_dags/example_sla_dag.py for tasks to queue
[2025-01-31T14:55:37.944+0000] {logging_mixin.py:190} INFO - [2025-01-31T14:55:37.944+0000] {dagbag.py:588} INFO - Filling up the DagBag from /home/airflow/.local/lib/python3.12/site-packages/airflow/example_dags/example_sla_dag.py
[2025-01-31T14:55:37.952+0000] {processor.py:925} INFO - DAG(s) 'example_sla_dag' retrieved from /home/airflow/.local/lib/python3.12/site-packages/airflow/example_dags/example_sla_dag.py
[2025-01-31T14:55:37.969+0000] {logging_mixin.py:190} INFO - [2025-01-31T14:55:37.968+0000] {dag.py:3239} INFO - Sync 1 DAGs
[2025-01-31T14:55:37.989+0000] {logging_mixin.py:190} INFO - [2025-01-31T14:55:37.989+0000] {dag.py:4180} INFO - Setting next_dagrun for example_sla_dag to 2025-01-31 14:52:00+00:00, run_after=2025-01-31 14:54:00+00:00
[2025-01-31T14:55:38.002+0000] {processor.py:208} INFO - Processing /home/airflow/.local/lib/python3.12/site-packages/airflow/example_dags/example_sla_dag.py took 0.064 seconds
[2025-01-31T14:56:08.992+0000] {processor.py:186} INFO - Started process (PID=3699) to work on /home/airflow/.local/lib/python3.12/site-packages/airflow/example_dags/example_sla_dag.py
[2025-01-31T14:56:08.992+0000] {processor.py:914} INFO - Processing file /home/airflow/.local/lib/python3.12/site-packages/airflow/example_dags/example_sla_dag.py for tasks to queue
[2025-01-31T14:56:08.995+0000] {logging_mixin.py:190} INFO - [2025-01-31T14:56:08.994+0000] {dagbag.py:588} INFO - Filling up the DagBag from /home/airflow/.local/lib/python3.12/site-packages/airflow/example_dags/example_sla_dag.py
[2025-01-31T14:56:09.005+0000] {processor.py:925} INFO - DAG(s) 'example_sla_dag' retrieved from /home/airflow/.local/lib/python3.12/site-packages/airflow/example_dags/example_sla_dag.py
[2025-01-31T14:56:09.024+0000] {logging_mixin.py:190} INFO - [2025-01-31T14:56:09.024+0000] {dag.py:3239} INFO - Sync 1 DAGs
[2025-01-31T14:56:09.051+0000] {logging_mixin.py:190} INFO - [2025-01-31T14:56:09.051+0000] {dag.py:4180} INFO - Setting next_dagrun for example_sla_dag to 2025-01-31 14:54:00+00:00, run_after=2025-01-31 14:56:00+00:00
[2025-01-31T14:56:09.066+0000] {processor.py:208} INFO - Processing /home/airflow/.local/lib/python3.12/site-packages/airflow/example_dags/example_sla_dag.py took 0.081 seconds
[2025-01-31T14:56:39.127+0000] {processor.py:186} INFO - Started process (PID=3766) to work on /home/airflow/.local/lib/python3.12/site-packages/airflow/example_dags/example_sla_dag.py
[2025-01-31T14:56:39.128+0000] {processor.py:914} INFO - Processing file /home/airflow/.local/lib/python3.12/site-packages/airflow/example_dags/example_sla_dag.py for tasks to queue
[2025-01-31T14:56:39.130+0000] {logging_mixin.py:190} INFO - [2025-01-31T14:56:39.130+0000] {dagbag.py:588} INFO - Filling up the DagBag from /home/airflow/.local/lib/python3.12/site-packages/airflow/example_dags/example_sla_dag.py
[2025-01-31T14:56:39.140+0000] {processor.py:925} INFO - DAG(s) 'example_sla_dag' retrieved from /home/airflow/.local/lib/python3.12/site-packages/airflow/example_dags/example_sla_dag.py
[2025-01-31T14:56:39.156+0000] {logging_mixin.py:190} INFO - [2025-01-31T14:56:39.156+0000] {dag.py:3239} INFO - Sync 1 DAGs
[2025-01-31T14:56:39.178+0000] {logging_mixin.py:190} INFO - [2025-01-31T14:56:39.178+0000] {dag.py:4180} INFO - Setting next_dagrun for example_sla_dag to 2025-01-31 14:54:00+00:00, run_after=2025-01-31 14:56:00+00:00
[2025-01-31T14:56:39.191+0000] {processor.py:208} INFO - Processing /home/airflow/.local/lib/python3.12/site-packages/airflow/example_dags/example_sla_dag.py took 0.069 seconds
[2025-01-31T14:57:09.905+0000] {processor.py:186} INFO - Started process (PID=3836) to work on /home/airflow/.local/lib/python3.12/site-packages/airflow/example_dags/example_sla_dag.py
[2025-01-31T14:57:09.905+0000] {processor.py:914} INFO - Processing file /home/airflow/.local/lib/python3.12/site-packages/airflow/example_dags/example_sla_dag.py for tasks to queue
[2025-01-31T14:57:09.907+0000] {logging_mixin.py:190} INFO - [2025-01-31T14:57:09.907+0000] {dagbag.py:588} INFO - Filling up the DagBag from /home/airflow/.local/lib/python3.12/site-packages/airflow/example_dags/example_sla_dag.py
[2025-01-31T14:57:09.918+0000] {processor.py:925} INFO - DAG(s) 'example_sla_dag' retrieved from /home/airflow/.local/lib/python3.12/site-packages/airflow/example_dags/example_sla_dag.py
[2025-01-31T14:57:09.937+0000] {logging_mixin.py:190} INFO - [2025-01-31T14:57:09.937+0000] {dag.py:3239} INFO - Sync 1 DAGs
[2025-01-31T14:57:09.962+0000] {logging_mixin.py:190} INFO - [2025-01-31T14:57:09.962+0000] {dag.py:4180} INFO - Setting next_dagrun for example_sla_dag to 2025-01-31 14:54:00+00:00, run_after=2025-01-31 14:56:00+00:00
[2025-01-31T14:57:09.975+0000] {processor.py:208} INFO - Processing /home/airflow/.local/lib/python3.12/site-packages/airflow/example_dags/example_sla_dag.py took 0.076 seconds
[2025-01-31T14:57:40.598+0000] {processor.py:186} INFO - Started process (PID=3902) to work on /home/airflow/.local/lib/python3.12/site-packages/airflow/example_dags/example_sla_dag.py
[2025-01-31T14:57:40.599+0000] {processor.py:914} INFO - Processing file /home/airflow/.local/lib/python3.12/site-packages/airflow/example_dags/example_sla_dag.py for tasks to queue
[2025-01-31T14:57:40.601+0000] {logging_mixin.py:190} INFO - [2025-01-31T14:57:40.601+0000] {dagbag.py:588} INFO - Filling up the DagBag from /home/airflow/.local/lib/python3.12/site-packages/airflow/example_dags/example_sla_dag.py
[2025-01-31T14:57:40.610+0000] {processor.py:925} INFO - DAG(s) 'example_sla_dag' retrieved from /home/airflow/.local/lib/python3.12/site-packages/airflow/example_dags/example_sla_dag.py
[2025-01-31T14:57:40.628+0000] {logging_mixin.py:190} INFO - [2025-01-31T14:57:40.627+0000] {dag.py:3239} INFO - Sync 1 DAGs
[2025-01-31T14:57:40.656+0000] {logging_mixin.py:190} INFO - [2025-01-31T14:57:40.656+0000] {dag.py:4180} INFO - Setting next_dagrun for example_sla_dag to 2025-01-31 14:54:00+00:00, run_after=2025-01-31 14:56:00+00:00
[2025-01-31T14:57:40.669+0000] {processor.py:208} INFO - Processing /home/airflow/.local/lib/python3.12/site-packages/airflow/example_dags/example_sla_dag.py took 0.076 seconds
[2025-01-31T14:58:11.340+0000] {processor.py:186} INFO - Started process (PID=3968) to work on /home/airflow/.local/lib/python3.12/site-packages/airflow/example_dags/example_sla_dag.py
[2025-01-31T14:58:11.340+0000] {processor.py:914} INFO - Processing file /home/airflow/.local/lib/python3.12/site-packages/airflow/example_dags/example_sla_dag.py for tasks to queue
[2025-01-31T14:58:11.343+0000] {logging_mixin.py:190} INFO - [2025-01-31T14:58:11.342+0000] {dagbag.py:588} INFO - Filling up the DagBag from /home/airflow/.local/lib/python3.12/site-packages/airflow/example_dags/example_sla_dag.py
[2025-01-31T14:58:11.352+0000] {processor.py:925} INFO - DAG(s) 'example_sla_dag' retrieved from /home/airflow/.local/lib/python3.12/site-packages/airflow/example_dags/example_sla_dag.py
[2025-01-31T14:58:11.369+0000] {logging_mixin.py:190} INFO - [2025-01-31T14:58:11.369+0000] {dag.py:3239} INFO - Sync 1 DAGs
[2025-01-31T14:58:11.396+0000] {logging_mixin.py:190} INFO - [2025-01-31T14:58:11.396+0000] {dag.py:4180} INFO - Setting next_dagrun for example_sla_dag to 2025-01-31 14:56:00+00:00, run_after=2025-01-31 14:58:00+00:00
[2025-01-31T14:58:11.410+0000] {processor.py:208} INFO - Processing /home/airflow/.local/lib/python3.12/site-packages/airflow/example_dags/example_sla_dag.py took 0.077 seconds
[2025-01-31T14:58:42.076+0000] {processor.py:186} INFO - Started process (PID=4034) to work on /home/airflow/.local/lib/python3.12/site-packages/airflow/example_dags/example_sla_dag.py
[2025-01-31T14:58:42.077+0000] {processor.py:914} INFO - Processing file /home/airflow/.local/lib/python3.12/site-packages/airflow/example_dags/example_sla_dag.py for tasks to queue
[2025-01-31T14:58:42.079+0000] {logging_mixin.py:190} INFO - [2025-01-31T14:58:42.079+0000] {dagbag.py:588} INFO - Filling up the DagBag from /home/airflow/.local/lib/python3.12/site-packages/airflow/example_dags/example_sla_dag.py
[2025-01-31T14:58:42.090+0000] {processor.py:925} INFO - DAG(s) 'example_sla_dag' retrieved from /home/airflow/.local/lib/python3.12/site-packages/airflow/example_dags/example_sla_dag.py
[2025-01-31T14:58:42.110+0000] {logging_mixin.py:190} INFO - [2025-01-31T14:58:42.109+0000] {dag.py:3239} INFO - Sync 1 DAGs
[2025-01-31T14:58:42.139+0000] {logging_mixin.py:190} INFO - [2025-01-31T14:58:42.139+0000] {dag.py:4180} INFO - Setting next_dagrun for example_sla_dag to 2025-01-31 14:56:00+00:00, run_after=2025-01-31 14:58:00+00:00
[2025-01-31T14:58:42.154+0000] {processor.py:208} INFO - Processing /home/airflow/.local/lib/python3.12/site-packages/airflow/example_dags/example_sla_dag.py took 0.085 seconds
[2025-01-31T14:59:12.945+0000] {processor.py:186} INFO - Started process (PID=4100) to work on /home/airflow/.local/lib/python3.12/site-packages/airflow/example_dags/example_sla_dag.py
[2025-01-31T14:59:12.946+0000] {processor.py:914} INFO - Processing file /home/airflow/.local/lib/python3.12/site-packages/airflow/example_dags/example_sla_dag.py for tasks to queue
[2025-01-31T14:59:12.948+0000] {logging_mixin.py:190} INFO - [2025-01-31T14:59:12.948+0000] {dagbag.py:588} INFO - Filling up the DagBag from /home/airflow/.local/lib/python3.12/site-packages/airflow/example_dags/example_sla_dag.py
[2025-01-31T14:59:12.959+0000] {processor.py:925} INFO - DAG(s) 'example_sla_dag' retrieved from /home/airflow/.local/lib/python3.12/site-packages/airflow/example_dags/example_sla_dag.py
[2025-01-31T14:59:12.980+0000] {logging_mixin.py:190} INFO - [2025-01-31T14:59:12.980+0000] {dag.py:3239} INFO - Sync 1 DAGs
[2025-01-31T14:59:13.007+0000] {logging_mixin.py:190} INFO - [2025-01-31T14:59:13.007+0000] {dag.py:4180} INFO - Setting next_dagrun for example_sla_dag to 2025-01-31 14:56:00+00:00, run_after=2025-01-31 14:58:00+00:00
[2025-01-31T14:59:13.021+0000] {processor.py:208} INFO - Processing /home/airflow/.local/lib/python3.12/site-packages/airflow/example_dags/example_sla_dag.py took 0.080 seconds
[2025-01-31T14:59:43.821+0000] {processor.py:186} INFO - Started process (PID=4166) to work on /home/airflow/.local/lib/python3.12/site-packages/airflow/example_dags/example_sla_dag.py
[2025-01-31T14:59:43.821+0000] {processor.py:914} INFO - Processing file /home/airflow/.local/lib/python3.12/site-packages/airflow/example_dags/example_sla_dag.py for tasks to queue
[2025-01-31T14:59:43.823+0000] {logging_mixin.py:190} INFO - [2025-01-31T14:59:43.823+0000] {dagbag.py:588} INFO - Filling up the DagBag from /home/airflow/.local/lib/python3.12/site-packages/airflow/example_dags/example_sla_dag.py
[2025-01-31T14:59:43.831+0000] {processor.py:925} INFO - DAG(s) 'example_sla_dag' retrieved from /home/airflow/.local/lib/python3.12/site-packages/airflow/example_dags/example_sla_dag.py
[2025-01-31T14:59:43.846+0000] {logging_mixin.py:190} INFO - [2025-01-31T14:59:43.846+0000] {dag.py:3239} INFO - Sync 1 DAGs
[2025-01-31T14:59:43.869+0000] {logging_mixin.py:190} INFO - [2025-01-31T14:59:43.869+0000] {dag.py:4180} INFO - Setting next_dagrun for example_sla_dag to 2025-01-31 14:56:00+00:00, run_after=2025-01-31 14:58:00+00:00
[2025-01-31T14:59:43.884+0000] {processor.py:208} INFO - Processing /home/airflow/.local/lib/python3.12/site-packages/airflow/example_dags/example_sla_dag.py took 0.068 seconds
[2025-01-31T15:00:14.472+0000] {processor.py:186} INFO - Started process (PID=4232) to work on /home/airflow/.local/lib/python3.12/site-packages/airflow/example_dags/example_sla_dag.py
[2025-01-31T15:00:14.473+0000] {processor.py:914} INFO - Processing file /home/airflow/.local/lib/python3.12/site-packages/airflow/example_dags/example_sla_dag.py for tasks to queue
[2025-01-31T15:00:14.475+0000] {logging_mixin.py:190} INFO - [2025-01-31T15:00:14.474+0000] {dagbag.py:588} INFO - Filling up the DagBag from /home/airflow/.local/lib/python3.12/site-packages/airflow/example_dags/example_sla_dag.py
[2025-01-31T15:00:14.485+0000] {processor.py:925} INFO - DAG(s) 'example_sla_dag' retrieved from /home/airflow/.local/lib/python3.12/site-packages/airflow/example_dags/example_sla_dag.py
[2025-01-31T15:00:14.503+0000] {logging_mixin.py:190} INFO - [2025-01-31T15:00:14.503+0000] {dag.py:3239} INFO - Sync 1 DAGs
[2025-01-31T15:00:14.530+0000] {logging_mixin.py:190} INFO - [2025-01-31T15:00:14.530+0000] {dag.py:4180} INFO - Setting next_dagrun for example_sla_dag to 2025-01-31 14:58:00+00:00, run_after=2025-01-31 15:00:00+00:00
[2025-01-31T15:00:14.546+0000] {processor.py:208} INFO - Processing /home/airflow/.local/lib/python3.12/site-packages/airflow/example_dags/example_sla_dag.py took 0.078 seconds
[2025-01-31T15:00:44.652+0000] {processor.py:186} INFO - Started process (PID=4297) to work on /home/airflow/.local/lib/python3.12/site-packages/airflow/example_dags/example_sla_dag.py
[2025-01-31T15:00:44.653+0000] {processor.py:914} INFO - Processing file /home/airflow/.local/lib/python3.12/site-packages/airflow/example_dags/example_sla_dag.py for tasks to queue
[2025-01-31T15:00:44.654+0000] {logging_mixin.py:190} INFO - [2025-01-31T15:00:44.654+0000] {dagbag.py:588} INFO - Filling up the DagBag from /home/airflow/.local/lib/python3.12/site-packages/airflow/example_dags/example_sla_dag.py
[2025-01-31T15:00:44.663+0000] {processor.py:925} INFO - DAG(s) 'example_sla_dag' retrieved from /home/airflow/.local/lib/python3.12/site-packages/airflow/example_dags/example_sla_dag.py
[2025-01-31T15:00:44.680+0000] {logging_mixin.py:190} INFO - [2025-01-31T15:00:44.680+0000] {dag.py:3239} INFO - Sync 1 DAGs
[2025-01-31T15:00:44.702+0000] {logging_mixin.py:190} INFO - [2025-01-31T15:00:44.702+0000] {dag.py:4180} INFO - Setting next_dagrun for example_sla_dag to 2025-01-31 14:58:00+00:00, run_after=2025-01-31 15:00:00+00:00
[2025-01-31T15:00:44.714+0000] {processor.py:208} INFO - Processing /home/airflow/.local/lib/python3.12/site-packages/airflow/example_dags/example_sla_dag.py took 0.066 seconds
[2025-01-31T15:01:14.780+0000] {processor.py:186} INFO - Started process (PID=4363) to work on /home/airflow/.local/lib/python3.12/site-packages/airflow/example_dags/example_sla_dag.py
[2025-01-31T15:01:14.781+0000] {processor.py:914} INFO - Processing file /home/airflow/.local/lib/python3.12/site-packages/airflow/example_dags/example_sla_dag.py for tasks to queue
[2025-01-31T15:01:14.782+0000] {logging_mixin.py:190} INFO - [2025-01-31T15:01:14.782+0000] {dagbag.py:588} INFO - Filling up the DagBag from /home/airflow/.local/lib/python3.12/site-packages/airflow/example_dags/example_sla_dag.py
[2025-01-31T15:01:14.790+0000] {processor.py:925} INFO - DAG(s) 'example_sla_dag' retrieved from /home/airflow/.local/lib/python3.12/site-packages/airflow/example_dags/example_sla_dag.py
[2025-01-31T15:01:14.805+0000] {logging_mixin.py:190} INFO - [2025-01-31T15:01:14.805+0000] {dag.py:3239} INFO - Sync 1 DAGs
[2025-01-31T15:01:14.825+0000] {logging_mixin.py:190} INFO - [2025-01-31T15:01:14.824+0000] {dag.py:4180} INFO - Setting next_dagrun for example_sla_dag to 2025-01-31 14:58:00+00:00, run_after=2025-01-31 15:00:00+00:00
[2025-01-31T15:01:14.837+0000] {processor.py:208} INFO - Processing /home/airflow/.local/lib/python3.12/site-packages/airflow/example_dags/example_sla_dag.py took 0.061 seconds
