[2025-01-31T14:27:45.360+0000] {processor.py:186} INFO - Started process (PID=87) to work on /home/airflow/.local/lib/python3.12/site-packages/airflow/example_dags/tutorial_dag.py
[2025-01-31T14:27:45.361+0000] {processor.py:914} INFO - Processing file /home/airflow/.local/lib/python3.12/site-packages/airflow/example_dags/tutorial_dag.py for tasks to queue
[2025-01-31T14:27:45.363+0000] {logging_mixin.py:190} INFO - [2025-01-31T14:27:45.363+0000] {dagbag.py:588} INFO - Filling up the DagBag from /home/airflow/.local/lib/python3.12/site-packages/airflow/example_dags/tutorial_dag.py
[2025-01-31T14:27:45.371+0000] {processor.py:925} INFO - DAG(s) 'tutorial_dag' retrieved from /home/airflow/.local/lib/python3.12/site-packages/airflow/example_dags/tutorial_dag.py
[2025-01-31T14:27:45.490+0000] {logging_mixin.py:190} INFO - [2025-01-31T14:27:45.489+0000] {override.py:1911} INFO - Created Permission View: can delete on DAG:tutorial_dag
[2025-01-31T14:27:45.499+0000] {logging_mixin.py:190} INFO - [2025-01-31T14:27:45.498+0000] {override.py:1911} INFO - Created Permission View: can edit on DAG:tutorial_dag
[2025-01-31T14:27:45.504+0000] {logging_mixin.py:190} INFO - [2025-01-31T14:27:45.504+0000] {override.py:1911} INFO - Created Permission View: can read on DAG:tutorial_dag
[2025-01-31T14:27:45.510+0000] {logging_mixin.py:190} INFO - [2025-01-31T14:27:45.509+0000] {override.py:1911} INFO - Created Permission View: menu access on DAG Run:tutorial_dag
[2025-01-31T14:27:45.515+0000] {logging_mixin.py:190} INFO - [2025-01-31T14:27:45.515+0000] {override.py:1911} INFO - Created Permission View: can create on DAG Run:tutorial_dag
[2025-01-31T14:27:45.520+0000] {logging_mixin.py:190} INFO - [2025-01-31T14:27:45.520+0000] {override.py:1911} INFO - Created Permission View: can delete on DAG Run:tutorial_dag
[2025-01-31T14:27:45.525+0000] {logging_mixin.py:190} INFO - [2025-01-31T14:27:45.525+0000] {override.py:1911} INFO - Created Permission View: can read on DAG Run:tutorial_dag
[2025-01-31T14:27:45.525+0000] {logging_mixin.py:190} INFO - [2025-01-31T14:27:45.525+0000] {dag.py:3239} INFO - Sync 1 DAGs
[2025-01-31T14:27:45.539+0000] {logging_mixin.py:190} INFO - [2025-01-31T14:27:45.539+0000] {dag.py:3262} INFO - Creating ORM DAG for tutorial_dag
[2025-01-31T14:27:45.540+0000] {logging_mixin.py:190} INFO - [2025-01-31T14:27:45.539+0000] {dag.py:4180} INFO - Setting next_dagrun for tutorial_dag to None, run_after=None
[2025-01-31T14:27:45.554+0000] {processor.py:208} INFO - Processing /home/airflow/.local/lib/python3.12/site-packages/airflow/example_dags/tutorial_dag.py took 0.200 seconds
[2025-01-31T14:28:16.559+0000] {processor.py:186} INFO - Started process (PID=152) to work on /home/airflow/.local/lib/python3.12/site-packages/airflow/example_dags/tutorial_dag.py
[2025-01-31T14:28:16.559+0000] {processor.py:914} INFO - Processing file /home/airflow/.local/lib/python3.12/site-packages/airflow/example_dags/tutorial_dag.py for tasks to queue
[2025-01-31T14:28:16.561+0000] {logging_mixin.py:190} INFO - [2025-01-31T14:28:16.560+0000] {dagbag.py:588} INFO - Filling up the DagBag from /home/airflow/.local/lib/python3.12/site-packages/airflow/example_dags/tutorial_dag.py
[2025-01-31T14:28:16.566+0000] {processor.py:925} INFO - DAG(s) 'tutorial_dag' retrieved from /home/airflow/.local/lib/python3.12/site-packages/airflow/example_dags/tutorial_dag.py
[2025-01-31T14:28:16.579+0000] {logging_mixin.py:190} INFO - [2025-01-31T14:28:16.579+0000] {dag.py:3239} INFO - Sync 1 DAGs
[2025-01-31T14:28:16.590+0000] {logging_mixin.py:190} INFO - [2025-01-31T14:28:16.589+0000] {dag.py:4180} INFO - Setting next_dagrun for tutorial_dag to None, run_after=None
[2025-01-31T14:28:16.603+0000] {processor.py:208} INFO - Processing /home/airflow/.local/lib/python3.12/site-packages/airflow/example_dags/tutorial_dag.py took 0.050 seconds
[2025-01-31T14:28:47.582+0000] {processor.py:186} INFO - Started process (PID=217) to work on /home/airflow/.local/lib/python3.12/site-packages/airflow/example_dags/tutorial_dag.py
[2025-01-31T14:28:47.582+0000] {processor.py:914} INFO - Processing file /home/airflow/.local/lib/python3.12/site-packages/airflow/example_dags/tutorial_dag.py for tasks to queue
[2025-01-31T14:28:47.584+0000] {logging_mixin.py:190} INFO - [2025-01-31T14:28:47.583+0000] {dagbag.py:588} INFO - Filling up the DagBag from /home/airflow/.local/lib/python3.12/site-packages/airflow/example_dags/tutorial_dag.py
[2025-01-31T14:28:47.589+0000] {processor.py:925} INFO - DAG(s) 'tutorial_dag' retrieved from /home/airflow/.local/lib/python3.12/site-packages/airflow/example_dags/tutorial_dag.py
[2025-01-31T14:28:47.604+0000] {logging_mixin.py:190} INFO - [2025-01-31T14:28:47.604+0000] {dag.py:3239} INFO - Sync 1 DAGs
[2025-01-31T14:28:47.617+0000] {logging_mixin.py:190} INFO - [2025-01-31T14:28:47.616+0000] {dag.py:4180} INFO - Setting next_dagrun for tutorial_dag to None, run_after=None
[2025-01-31T14:28:47.629+0000] {processor.py:208} INFO - Processing /home/airflow/.local/lib/python3.12/site-packages/airflow/example_dags/tutorial_dag.py took 0.052 seconds
[2025-01-31T14:29:18.056+0000] {processor.py:186} INFO - Started process (PID=283) to work on /home/airflow/.local/lib/python3.12/site-packages/airflow/example_dags/tutorial_dag.py
[2025-01-31T14:29:18.057+0000] {processor.py:914} INFO - Processing file /home/airflow/.local/lib/python3.12/site-packages/airflow/example_dags/tutorial_dag.py for tasks to queue
[2025-01-31T14:29:18.059+0000] {logging_mixin.py:190} INFO - [2025-01-31T14:29:18.058+0000] {dagbag.py:588} INFO - Filling up the DagBag from /home/airflow/.local/lib/python3.12/site-packages/airflow/example_dags/tutorial_dag.py
[2025-01-31T14:29:18.065+0000] {processor.py:925} INFO - DAG(s) 'tutorial_dag' retrieved from /home/airflow/.local/lib/python3.12/site-packages/airflow/example_dags/tutorial_dag.py
[2025-01-31T14:29:18.081+0000] {logging_mixin.py:190} INFO - [2025-01-31T14:29:18.081+0000] {dag.py:3239} INFO - Sync 1 DAGs
[2025-01-31T14:29:18.097+0000] {logging_mixin.py:190} INFO - [2025-01-31T14:29:18.096+0000] {dag.py:4180} INFO - Setting next_dagrun for tutorial_dag to None, run_after=None
[2025-01-31T14:29:18.112+0000] {processor.py:208} INFO - Processing /home/airflow/.local/lib/python3.12/site-packages/airflow/example_dags/tutorial_dag.py took 0.061 seconds
[2025-01-31T14:29:49.443+0000] {processor.py:186} INFO - Started process (PID=348) to work on /home/airflow/.local/lib/python3.12/site-packages/airflow/example_dags/tutorial_dag.py
[2025-01-31T14:29:49.443+0000] {processor.py:914} INFO - Processing file /home/airflow/.local/lib/python3.12/site-packages/airflow/example_dags/tutorial_dag.py for tasks to queue
[2025-01-31T14:29:49.445+0000] {logging_mixin.py:190} INFO - [2025-01-31T14:29:49.444+0000] {dagbag.py:588} INFO - Filling up the DagBag from /home/airflow/.local/lib/python3.12/site-packages/airflow/example_dags/tutorial_dag.py
[2025-01-31T14:29:49.451+0000] {processor.py:925} INFO - DAG(s) 'tutorial_dag' retrieved from /home/airflow/.local/lib/python3.12/site-packages/airflow/example_dags/tutorial_dag.py
[2025-01-31T14:29:49.467+0000] {logging_mixin.py:190} INFO - [2025-01-31T14:29:49.467+0000] {dag.py:3239} INFO - Sync 1 DAGs
[2025-01-31T14:29:49.479+0000] {logging_mixin.py:190} INFO - [2025-01-31T14:29:49.479+0000] {dag.py:4180} INFO - Setting next_dagrun for tutorial_dag to None, run_after=None
[2025-01-31T14:29:49.495+0000] {processor.py:208} INFO - Processing /home/airflow/.local/lib/python3.12/site-packages/airflow/example_dags/tutorial_dag.py took 0.057 seconds
[2025-01-31T14:30:21.097+0000] {processor.py:186} INFO - Started process (PID=413) to work on /home/airflow/.local/lib/python3.12/site-packages/airflow/example_dags/tutorial_dag.py
[2025-01-31T14:30:21.098+0000] {processor.py:914} INFO - Processing file /home/airflow/.local/lib/python3.12/site-packages/airflow/example_dags/tutorial_dag.py for tasks to queue
[2025-01-31T14:30:21.100+0000] {logging_mixin.py:190} INFO - [2025-01-31T14:30:21.100+0000] {dagbag.py:588} INFO - Filling up the DagBag from /home/airflow/.local/lib/python3.12/site-packages/airflow/example_dags/tutorial_dag.py
[2025-01-31T14:30:21.108+0000] {processor.py:925} INFO - DAG(s) 'tutorial_dag' retrieved from /home/airflow/.local/lib/python3.12/site-packages/airflow/example_dags/tutorial_dag.py
[2025-01-31T14:30:21.128+0000] {logging_mixin.py:190} INFO - [2025-01-31T14:30:21.128+0000] {dag.py:3239} INFO - Sync 1 DAGs
[2025-01-31T14:30:21.143+0000] {logging_mixin.py:190} INFO - [2025-01-31T14:30:21.143+0000] {dag.py:4180} INFO - Setting next_dagrun for tutorial_dag to None, run_after=None
[2025-01-31T14:30:21.164+0000] {processor.py:208} INFO - Processing /home/airflow/.local/lib/python3.12/site-packages/airflow/example_dags/tutorial_dag.py took 0.073 seconds
[2025-01-31T14:30:51.959+0000] {processor.py:186} INFO - Started process (PID=478) to work on /home/airflow/.local/lib/python3.12/site-packages/airflow/example_dags/tutorial_dag.py
[2025-01-31T14:30:51.960+0000] {processor.py:914} INFO - Processing file /home/airflow/.local/lib/python3.12/site-packages/airflow/example_dags/tutorial_dag.py for tasks to queue
[2025-01-31T14:30:51.961+0000] {logging_mixin.py:190} INFO - [2025-01-31T14:30:51.961+0000] {dagbag.py:588} INFO - Filling up the DagBag from /home/airflow/.local/lib/python3.12/site-packages/airflow/example_dags/tutorial_dag.py
[2025-01-31T14:30:51.969+0000] {processor.py:925} INFO - DAG(s) 'tutorial_dag' retrieved from /home/airflow/.local/lib/python3.12/site-packages/airflow/example_dags/tutorial_dag.py
[2025-01-31T14:30:51.986+0000] {logging_mixin.py:190} INFO - [2025-01-31T14:30:51.986+0000] {dag.py:3239} INFO - Sync 1 DAGs
[2025-01-31T14:30:51.998+0000] {logging_mixin.py:190} INFO - [2025-01-31T14:30:51.997+0000] {dag.py:4180} INFO - Setting next_dagrun for tutorial_dag to None, run_after=None
[2025-01-31T14:30:52.012+0000] {processor.py:208} INFO - Processing /home/airflow/.local/lib/python3.12/site-packages/airflow/example_dags/tutorial_dag.py took 0.057 seconds
[2025-01-31T14:31:23.781+0000] {processor.py:186} INFO - Started process (PID=543) to work on /home/airflow/.local/lib/python3.12/site-packages/airflow/example_dags/tutorial_dag.py
[2025-01-31T14:31:23.782+0000] {processor.py:914} INFO - Processing file /home/airflow/.local/lib/python3.12/site-packages/airflow/example_dags/tutorial_dag.py for tasks to queue
[2025-01-31T14:31:23.784+0000] {logging_mixin.py:190} INFO - [2025-01-31T14:31:23.783+0000] {dagbag.py:588} INFO - Filling up the DagBag from /home/airflow/.local/lib/python3.12/site-packages/airflow/example_dags/tutorial_dag.py
[2025-01-31T14:31:23.791+0000] {processor.py:925} INFO - DAG(s) 'tutorial_dag' retrieved from /home/airflow/.local/lib/python3.12/site-packages/airflow/example_dags/tutorial_dag.py
[2025-01-31T14:31:23.807+0000] {logging_mixin.py:190} INFO - [2025-01-31T14:31:23.807+0000] {dag.py:3239} INFO - Sync 1 DAGs
[2025-01-31T14:31:23.818+0000] {logging_mixin.py:190} INFO - [2025-01-31T14:31:23.817+0000] {dag.py:4180} INFO - Setting next_dagrun for tutorial_dag to None, run_after=None
[2025-01-31T14:31:23.830+0000] {processor.py:208} INFO - Processing /home/airflow/.local/lib/python3.12/site-packages/airflow/example_dags/tutorial_dag.py took 0.055 seconds
[2025-01-31T14:31:54.531+0000] {processor.py:186} INFO - Started process (PID=609) to work on /home/airflow/.local/lib/python3.12/site-packages/airflow/example_dags/tutorial_dag.py
[2025-01-31T14:31:54.532+0000] {processor.py:914} INFO - Processing file /home/airflow/.local/lib/python3.12/site-packages/airflow/example_dags/tutorial_dag.py for tasks to queue
[2025-01-31T14:31:54.534+0000] {logging_mixin.py:190} INFO - [2025-01-31T14:31:54.534+0000] {dagbag.py:588} INFO - Filling up the DagBag from /home/airflow/.local/lib/python3.12/site-packages/airflow/example_dags/tutorial_dag.py
[2025-01-31T14:31:54.541+0000] {processor.py:925} INFO - DAG(s) 'tutorial_dag' retrieved from /home/airflow/.local/lib/python3.12/site-packages/airflow/example_dags/tutorial_dag.py
[2025-01-31T14:31:54.561+0000] {logging_mixin.py:190} INFO - [2025-01-31T14:31:54.561+0000] {dag.py:3239} INFO - Sync 1 DAGs
[2025-01-31T14:31:54.577+0000] {logging_mixin.py:190} INFO - [2025-01-31T14:31:54.577+0000] {dag.py:4180} INFO - Setting next_dagrun for tutorial_dag to None, run_after=None
[2025-01-31T14:31:54.594+0000] {processor.py:208} INFO - Processing /home/airflow/.local/lib/python3.12/site-packages/airflow/example_dags/tutorial_dag.py took 0.069 seconds
[2025-01-31T14:32:25.511+0000] {processor.py:186} INFO - Started process (PID=673) to work on /home/airflow/.local/lib/python3.12/site-packages/airflow/example_dags/tutorial_dag.py
[2025-01-31T14:32:25.511+0000] {processor.py:914} INFO - Processing file /home/airflow/.local/lib/python3.12/site-packages/airflow/example_dags/tutorial_dag.py for tasks to queue
[2025-01-31T14:32:25.513+0000] {logging_mixin.py:190} INFO - [2025-01-31T14:32:25.513+0000] {dagbag.py:588} INFO - Filling up the DagBag from /home/airflow/.local/lib/python3.12/site-packages/airflow/example_dags/tutorial_dag.py
[2025-01-31T14:32:25.521+0000] {processor.py:925} INFO - DAG(s) 'tutorial_dag' retrieved from /home/airflow/.local/lib/python3.12/site-packages/airflow/example_dags/tutorial_dag.py
[2025-01-31T14:32:25.542+0000] {logging_mixin.py:190} INFO - [2025-01-31T14:32:25.542+0000] {dag.py:3239} INFO - Sync 1 DAGs
[2025-01-31T14:32:25.558+0000] {logging_mixin.py:190} INFO - [2025-01-31T14:32:25.558+0000] {dag.py:4180} INFO - Setting next_dagrun for tutorial_dag to None, run_after=None
[2025-01-31T14:32:25.575+0000] {processor.py:208} INFO - Processing /home/airflow/.local/lib/python3.12/site-packages/airflow/example_dags/tutorial_dag.py took 0.071 seconds
[2025-01-31T14:32:56.426+0000] {processor.py:186} INFO - Started process (PID=739) to work on /home/airflow/.local/lib/python3.12/site-packages/airflow/example_dags/tutorial_dag.py
[2025-01-31T14:32:56.427+0000] {processor.py:914} INFO - Processing file /home/airflow/.local/lib/python3.12/site-packages/airflow/example_dags/tutorial_dag.py for tasks to queue
[2025-01-31T14:32:56.428+0000] {logging_mixin.py:190} INFO - [2025-01-31T14:32:56.428+0000] {dagbag.py:588} INFO - Filling up the DagBag from /home/airflow/.local/lib/python3.12/site-packages/airflow/example_dags/tutorial_dag.py
[2025-01-31T14:32:56.434+0000] {processor.py:925} INFO - DAG(s) 'tutorial_dag' retrieved from /home/airflow/.local/lib/python3.12/site-packages/airflow/example_dags/tutorial_dag.py
[2025-01-31T14:32:56.449+0000] {logging_mixin.py:190} INFO - [2025-01-31T14:32:56.449+0000] {dag.py:3239} INFO - Sync 1 DAGs
[2025-01-31T14:32:56.461+0000] {logging_mixin.py:190} INFO - [2025-01-31T14:32:56.461+0000] {dag.py:4180} INFO - Setting next_dagrun for tutorial_dag to None, run_after=None
[2025-01-31T14:32:56.476+0000] {processor.py:208} INFO - Processing /home/airflow/.local/lib/python3.12/site-packages/airflow/example_dags/tutorial_dag.py took 0.054 seconds
[2025-01-31T14:33:27.425+0000] {processor.py:186} INFO - Started process (PID=805) to work on /home/airflow/.local/lib/python3.12/site-packages/airflow/example_dags/tutorial_dag.py
[2025-01-31T14:33:27.425+0000] {processor.py:914} INFO - Processing file /home/airflow/.local/lib/python3.12/site-packages/airflow/example_dags/tutorial_dag.py for tasks to queue
[2025-01-31T14:33:27.427+0000] {logging_mixin.py:190} INFO - [2025-01-31T14:33:27.427+0000] {dagbag.py:588} INFO - Filling up the DagBag from /home/airflow/.local/lib/python3.12/site-packages/airflow/example_dags/tutorial_dag.py
[2025-01-31T14:33:27.432+0000] {processor.py:925} INFO - DAG(s) 'tutorial_dag' retrieved from /home/airflow/.local/lib/python3.12/site-packages/airflow/example_dags/tutorial_dag.py
[2025-01-31T14:33:27.450+0000] {logging_mixin.py:190} INFO - [2025-01-31T14:33:27.450+0000] {dag.py:3239} INFO - Sync 1 DAGs
[2025-01-31T14:33:27.465+0000] {logging_mixin.py:190} INFO - [2025-01-31T14:33:27.465+0000] {dag.py:4180} INFO - Setting next_dagrun for tutorial_dag to None, run_after=None
[2025-01-31T14:33:27.480+0000] {processor.py:208} INFO - Processing /home/airflow/.local/lib/python3.12/site-packages/airflow/example_dags/tutorial_dag.py took 0.059 seconds
[2025-01-31T14:33:59.161+0000] {processor.py:186} INFO - Started process (PID=870) to work on /home/airflow/.local/lib/python3.12/site-packages/airflow/example_dags/tutorial_dag.py
[2025-01-31T14:33:59.161+0000] {processor.py:914} INFO - Processing file /home/airflow/.local/lib/python3.12/site-packages/airflow/example_dags/tutorial_dag.py for tasks to queue
[2025-01-31T14:33:59.163+0000] {logging_mixin.py:190} INFO - [2025-01-31T14:33:59.163+0000] {dagbag.py:588} INFO - Filling up the DagBag from /home/airflow/.local/lib/python3.12/site-packages/airflow/example_dags/tutorial_dag.py
[2025-01-31T14:33:59.170+0000] {processor.py:925} INFO - DAG(s) 'tutorial_dag' retrieved from /home/airflow/.local/lib/python3.12/site-packages/airflow/example_dags/tutorial_dag.py
[2025-01-31T14:33:59.184+0000] {logging_mixin.py:190} INFO - [2025-01-31T14:33:59.183+0000] {dag.py:3239} INFO - Sync 1 DAGs
[2025-01-31T14:33:59.194+0000] {logging_mixin.py:190} INFO - [2025-01-31T14:33:59.194+0000] {dag.py:4180} INFO - Setting next_dagrun for tutorial_dag to None, run_after=None
[2025-01-31T14:33:59.207+0000] {processor.py:208} INFO - Processing /home/airflow/.local/lib/python3.12/site-packages/airflow/example_dags/tutorial_dag.py took 0.051 seconds
[2025-01-31T14:34:29.836+0000] {processor.py:186} INFO - Started process (PID=935) to work on /home/airflow/.local/lib/python3.12/site-packages/airflow/example_dags/tutorial_dag.py
[2025-01-31T14:34:29.836+0000] {processor.py:914} INFO - Processing file /home/airflow/.local/lib/python3.12/site-packages/airflow/example_dags/tutorial_dag.py for tasks to queue
[2025-01-31T14:34:29.838+0000] {logging_mixin.py:190} INFO - [2025-01-31T14:34:29.837+0000] {dagbag.py:588} INFO - Filling up the DagBag from /home/airflow/.local/lib/python3.12/site-packages/airflow/example_dags/tutorial_dag.py
[2025-01-31T14:34:29.844+0000] {processor.py:925} INFO - DAG(s) 'tutorial_dag' retrieved from /home/airflow/.local/lib/python3.12/site-packages/airflow/example_dags/tutorial_dag.py
[2025-01-31T14:34:29.861+0000] {logging_mixin.py:190} INFO - [2025-01-31T14:34:29.860+0000] {dag.py:3239} INFO - Sync 1 DAGs
[2025-01-31T14:34:29.872+0000] {logging_mixin.py:190} INFO - [2025-01-31T14:34:29.872+0000] {dag.py:4180} INFO - Setting next_dagrun for tutorial_dag to None, run_after=None
[2025-01-31T14:34:29.887+0000] {processor.py:208} INFO - Processing /home/airflow/.local/lib/python3.12/site-packages/airflow/example_dags/tutorial_dag.py took 0.056 seconds
[2025-01-31T14:35:00.918+0000] {processor.py:186} INFO - Started process (PID=1001) to work on /home/airflow/.local/lib/python3.12/site-packages/airflow/example_dags/tutorial_dag.py
[2025-01-31T14:35:00.918+0000] {processor.py:914} INFO - Processing file /home/airflow/.local/lib/python3.12/site-packages/airflow/example_dags/tutorial_dag.py for tasks to queue
[2025-01-31T14:35:00.920+0000] {logging_mixin.py:190} INFO - [2025-01-31T14:35:00.919+0000] {dagbag.py:588} INFO - Filling up the DagBag from /home/airflow/.local/lib/python3.12/site-packages/airflow/example_dags/tutorial_dag.py
[2025-01-31T14:35:00.925+0000] {processor.py:925} INFO - DAG(s) 'tutorial_dag' retrieved from /home/airflow/.local/lib/python3.12/site-packages/airflow/example_dags/tutorial_dag.py
[2025-01-31T14:35:00.939+0000] {logging_mixin.py:190} INFO - [2025-01-31T14:35:00.939+0000] {dag.py:3239} INFO - Sync 1 DAGs
[2025-01-31T14:35:00.950+0000] {logging_mixin.py:190} INFO - [2025-01-31T14:35:00.950+0000] {dag.py:4180} INFO - Setting next_dagrun for tutorial_dag to None, run_after=None
[2025-01-31T14:35:00.962+0000] {processor.py:208} INFO - Processing /home/airflow/.local/lib/python3.12/site-packages/airflow/example_dags/tutorial_dag.py took 0.049 seconds
[2025-01-31T14:35:31.486+0000] {processor.py:186} INFO - Started process (PID=1066) to work on /home/airflow/.local/lib/python3.12/site-packages/airflow/example_dags/tutorial_dag.py
[2025-01-31T14:35:31.487+0000] {processor.py:914} INFO - Processing file /home/airflow/.local/lib/python3.12/site-packages/airflow/example_dags/tutorial_dag.py for tasks to queue
[2025-01-31T14:35:31.488+0000] {logging_mixin.py:190} INFO - [2025-01-31T14:35:31.488+0000] {dagbag.py:588} INFO - Filling up the DagBag from /home/airflow/.local/lib/python3.12/site-packages/airflow/example_dags/tutorial_dag.py
[2025-01-31T14:35:31.494+0000] {processor.py:925} INFO - DAG(s) 'tutorial_dag' retrieved from /home/airflow/.local/lib/python3.12/site-packages/airflow/example_dags/tutorial_dag.py
[2025-01-31T14:35:31.511+0000] {logging_mixin.py:190} INFO - [2025-01-31T14:35:31.511+0000] {dag.py:3239} INFO - Sync 1 DAGs
[2025-01-31T14:35:31.527+0000] {logging_mixin.py:190} INFO - [2025-01-31T14:35:31.526+0000] {dag.py:4180} INFO - Setting next_dagrun for tutorial_dag to None, run_after=None
[2025-01-31T14:35:31.542+0000] {processor.py:208} INFO - Processing /home/airflow/.local/lib/python3.12/site-packages/airflow/example_dags/tutorial_dag.py took 0.060 seconds
[2025-01-31T14:36:02.469+0000] {processor.py:186} INFO - Started process (PID=1131) to work on /home/airflow/.local/lib/python3.12/site-packages/airflow/example_dags/tutorial_dag.py
[2025-01-31T14:36:02.470+0000] {processor.py:914} INFO - Processing file /home/airflow/.local/lib/python3.12/site-packages/airflow/example_dags/tutorial_dag.py for tasks to queue
[2025-01-31T14:36:02.471+0000] {logging_mixin.py:190} INFO - [2025-01-31T14:36:02.471+0000] {dagbag.py:588} INFO - Filling up the DagBag from /home/airflow/.local/lib/python3.12/site-packages/airflow/example_dags/tutorial_dag.py
[2025-01-31T14:36:02.477+0000] {processor.py:925} INFO - DAG(s) 'tutorial_dag' retrieved from /home/airflow/.local/lib/python3.12/site-packages/airflow/example_dags/tutorial_dag.py
[2025-01-31T14:36:02.496+0000] {logging_mixin.py:190} INFO - [2025-01-31T14:36:02.495+0000] {dag.py:3239} INFO - Sync 1 DAGs
[2025-01-31T14:36:02.507+0000] {logging_mixin.py:190} INFO - [2025-01-31T14:36:02.507+0000] {dag.py:4180} INFO - Setting next_dagrun for tutorial_dag to None, run_after=None
[2025-01-31T14:36:02.519+0000] {processor.py:208} INFO - Processing /home/airflow/.local/lib/python3.12/site-packages/airflow/example_dags/tutorial_dag.py took 0.054 seconds
[2025-01-31T14:36:33.674+0000] {processor.py:186} INFO - Started process (PID=1196) to work on /home/airflow/.local/lib/python3.12/site-packages/airflow/example_dags/tutorial_dag.py
[2025-01-31T14:36:33.674+0000] {processor.py:914} INFO - Processing file /home/airflow/.local/lib/python3.12/site-packages/airflow/example_dags/tutorial_dag.py for tasks to queue
[2025-01-31T14:36:33.676+0000] {logging_mixin.py:190} INFO - [2025-01-31T14:36:33.676+0000] {dagbag.py:588} INFO - Filling up the DagBag from /home/airflow/.local/lib/python3.12/site-packages/airflow/example_dags/tutorial_dag.py
[2025-01-31T14:36:33.682+0000] {processor.py:925} INFO - DAG(s) 'tutorial_dag' retrieved from /home/airflow/.local/lib/python3.12/site-packages/airflow/example_dags/tutorial_dag.py
[2025-01-31T14:36:33.704+0000] {logging_mixin.py:190} INFO - [2025-01-31T14:36:33.704+0000] {dag.py:3239} INFO - Sync 1 DAGs
[2025-01-31T14:36:33.721+0000] {logging_mixin.py:190} INFO - [2025-01-31T14:36:33.721+0000] {dag.py:4180} INFO - Setting next_dagrun for tutorial_dag to None, run_after=None
[2025-01-31T14:36:33.736+0000] {processor.py:208} INFO - Processing /home/airflow/.local/lib/python3.12/site-packages/airflow/example_dags/tutorial_dag.py took 0.068 seconds
[2025-01-31T14:37:05.047+0000] {processor.py:186} INFO - Started process (PID=1261) to work on /home/airflow/.local/lib/python3.12/site-packages/airflow/example_dags/tutorial_dag.py
[2025-01-31T14:37:05.048+0000] {processor.py:914} INFO - Processing file /home/airflow/.local/lib/python3.12/site-packages/airflow/example_dags/tutorial_dag.py for tasks to queue
[2025-01-31T14:37:05.050+0000] {logging_mixin.py:190} INFO - [2025-01-31T14:37:05.049+0000] {dagbag.py:588} INFO - Filling up the DagBag from /home/airflow/.local/lib/python3.12/site-packages/airflow/example_dags/tutorial_dag.py
[2025-01-31T14:37:05.058+0000] {processor.py:925} INFO - DAG(s) 'tutorial_dag' retrieved from /home/airflow/.local/lib/python3.12/site-packages/airflow/example_dags/tutorial_dag.py
[2025-01-31T14:37:05.078+0000] {logging_mixin.py:190} INFO - [2025-01-31T14:37:05.077+0000] {dag.py:3239} INFO - Sync 1 DAGs
[2025-01-31T14:37:05.092+0000] {logging_mixin.py:190} INFO - [2025-01-31T14:37:05.092+0000] {dag.py:4180} INFO - Setting next_dagrun for tutorial_dag to None, run_after=None
[2025-01-31T14:37:05.109+0000] {processor.py:208} INFO - Processing /home/airflow/.local/lib/python3.12/site-packages/airflow/example_dags/tutorial_dag.py took 0.067 seconds
[2025-01-31T14:37:36.304+0000] {processor.py:186} INFO - Started process (PID=1326) to work on /home/airflow/.local/lib/python3.12/site-packages/airflow/example_dags/tutorial_dag.py
[2025-01-31T14:37:36.305+0000] {processor.py:914} INFO - Processing file /home/airflow/.local/lib/python3.12/site-packages/airflow/example_dags/tutorial_dag.py for tasks to queue
[2025-01-31T14:37:36.307+0000] {logging_mixin.py:190} INFO - [2025-01-31T14:37:36.306+0000] {dagbag.py:588} INFO - Filling up the DagBag from /home/airflow/.local/lib/python3.12/site-packages/airflow/example_dags/tutorial_dag.py
[2025-01-31T14:37:36.312+0000] {processor.py:925} INFO - DAG(s) 'tutorial_dag' retrieved from /home/airflow/.local/lib/python3.12/site-packages/airflow/example_dags/tutorial_dag.py
[2025-01-31T14:37:36.328+0000] {logging_mixin.py:190} INFO - [2025-01-31T14:37:36.328+0000] {dag.py:3239} INFO - Sync 1 DAGs
[2025-01-31T14:37:36.339+0000] {logging_mixin.py:190} INFO - [2025-01-31T14:37:36.339+0000] {dag.py:4180} INFO - Setting next_dagrun for tutorial_dag to None, run_after=None
[2025-01-31T14:37:36.353+0000] {processor.py:208} INFO - Processing /home/airflow/.local/lib/python3.12/site-packages/airflow/example_dags/tutorial_dag.py took 0.053 seconds
[2025-01-31T14:38:07.760+0000] {processor.py:186} INFO - Started process (PID=1391) to work on /home/airflow/.local/lib/python3.12/site-packages/airflow/example_dags/tutorial_dag.py
[2025-01-31T14:38:07.761+0000] {processor.py:914} INFO - Processing file /home/airflow/.local/lib/python3.12/site-packages/airflow/example_dags/tutorial_dag.py for tasks to queue
[2025-01-31T14:38:07.763+0000] {logging_mixin.py:190} INFO - [2025-01-31T14:38:07.762+0000] {dagbag.py:588} INFO - Filling up the DagBag from /home/airflow/.local/lib/python3.12/site-packages/airflow/example_dags/tutorial_dag.py
[2025-01-31T14:38:07.768+0000] {processor.py:925} INFO - DAG(s) 'tutorial_dag' retrieved from /home/airflow/.local/lib/python3.12/site-packages/airflow/example_dags/tutorial_dag.py
[2025-01-31T14:38:07.784+0000] {logging_mixin.py:190} INFO - [2025-01-31T14:38:07.784+0000] {dag.py:3239} INFO - Sync 1 DAGs
[2025-01-31T14:38:07.797+0000] {logging_mixin.py:190} INFO - [2025-01-31T14:38:07.797+0000] {dag.py:4180} INFO - Setting next_dagrun for tutorial_dag to None, run_after=None
[2025-01-31T14:38:07.812+0000] {processor.py:208} INFO - Processing /home/airflow/.local/lib/python3.12/site-packages/airflow/example_dags/tutorial_dag.py took 0.056 seconds
[2025-01-31T14:38:38.875+0000] {processor.py:186} INFO - Started process (PID=1457) to work on /home/airflow/.local/lib/python3.12/site-packages/airflow/example_dags/tutorial_dag.py
[2025-01-31T14:38:38.876+0000] {processor.py:914} INFO - Processing file /home/airflow/.local/lib/python3.12/site-packages/airflow/example_dags/tutorial_dag.py for tasks to queue
[2025-01-31T14:38:38.878+0000] {logging_mixin.py:190} INFO - [2025-01-31T14:38:38.878+0000] {dagbag.py:588} INFO - Filling up the DagBag from /home/airflow/.local/lib/python3.12/site-packages/airflow/example_dags/tutorial_dag.py
[2025-01-31T14:38:38.886+0000] {processor.py:925} INFO - DAG(s) 'tutorial_dag' retrieved from /home/airflow/.local/lib/python3.12/site-packages/airflow/example_dags/tutorial_dag.py
[2025-01-31T14:38:38.902+0000] {logging_mixin.py:190} INFO - [2025-01-31T14:38:38.902+0000] {dag.py:3239} INFO - Sync 1 DAGs
[2025-01-31T14:38:38.913+0000] {logging_mixin.py:190} INFO - [2025-01-31T14:38:38.913+0000] {dag.py:4180} INFO - Setting next_dagrun for tutorial_dag to None, run_after=None
[2025-01-31T14:38:38.927+0000] {processor.py:208} INFO - Processing /home/airflow/.local/lib/python3.12/site-packages/airflow/example_dags/tutorial_dag.py took 0.058 seconds
[2025-01-31T14:39:10.062+0000] {processor.py:186} INFO - Started process (PID=1521) to work on /home/airflow/.local/lib/python3.12/site-packages/airflow/example_dags/tutorial_dag.py
[2025-01-31T14:39:10.063+0000] {processor.py:914} INFO - Processing file /home/airflow/.local/lib/python3.12/site-packages/airflow/example_dags/tutorial_dag.py for tasks to queue
[2025-01-31T14:39:10.065+0000] {logging_mixin.py:190} INFO - [2025-01-31T14:39:10.064+0000] {dagbag.py:588} INFO - Filling up the DagBag from /home/airflow/.local/lib/python3.12/site-packages/airflow/example_dags/tutorial_dag.py
[2025-01-31T14:39:10.071+0000] {processor.py:925} INFO - DAG(s) 'tutorial_dag' retrieved from /home/airflow/.local/lib/python3.12/site-packages/airflow/example_dags/tutorial_dag.py
[2025-01-31T14:39:10.089+0000] {logging_mixin.py:190} INFO - [2025-01-31T14:39:10.089+0000] {dag.py:3239} INFO - Sync 1 DAGs
[2025-01-31T14:39:10.103+0000] {logging_mixin.py:190} INFO - [2025-01-31T14:39:10.103+0000] {dag.py:4180} INFO - Setting next_dagrun for tutorial_dag to None, run_after=None
[2025-01-31T14:39:10.117+0000] {processor.py:208} INFO - Processing /home/airflow/.local/lib/python3.12/site-packages/airflow/example_dags/tutorial_dag.py took 0.061 seconds
[2025-01-31T14:39:41.417+0000] {processor.py:186} INFO - Started process (PID=1587) to work on /home/airflow/.local/lib/python3.12/site-packages/airflow/example_dags/tutorial_dag.py
[2025-01-31T14:39:41.418+0000] {processor.py:914} INFO - Processing file /home/airflow/.local/lib/python3.12/site-packages/airflow/example_dags/tutorial_dag.py for tasks to queue
[2025-01-31T14:39:41.420+0000] {logging_mixin.py:190} INFO - [2025-01-31T14:39:41.420+0000] {dagbag.py:588} INFO - Filling up the DagBag from /home/airflow/.local/lib/python3.12/site-packages/airflow/example_dags/tutorial_dag.py
[2025-01-31T14:39:41.428+0000] {processor.py:925} INFO - DAG(s) 'tutorial_dag' retrieved from /home/airflow/.local/lib/python3.12/site-packages/airflow/example_dags/tutorial_dag.py
[2025-01-31T14:39:41.448+0000] {logging_mixin.py:190} INFO - [2025-01-31T14:39:41.448+0000] {dag.py:3239} INFO - Sync 1 DAGs
[2025-01-31T14:39:41.464+0000] {logging_mixin.py:190} INFO - [2025-01-31T14:39:41.463+0000] {dag.py:4180} INFO - Setting next_dagrun for tutorial_dag to None, run_after=None
[2025-01-31T14:39:41.483+0000] {processor.py:208} INFO - Processing /home/airflow/.local/lib/python3.12/site-packages/airflow/example_dags/tutorial_dag.py took 0.072 seconds
[2025-01-31T14:40:12.538+0000] {processor.py:186} INFO - Started process (PID=1657) to work on /home/airflow/.local/lib/python3.12/site-packages/airflow/example_dags/tutorial_dag.py
[2025-01-31T14:40:12.538+0000] {processor.py:914} INFO - Processing file /home/airflow/.local/lib/python3.12/site-packages/airflow/example_dags/tutorial_dag.py for tasks to queue
[2025-01-31T14:40:12.540+0000] {logging_mixin.py:190} INFO - [2025-01-31T14:40:12.540+0000] {dagbag.py:588} INFO - Filling up the DagBag from /home/airflow/.local/lib/python3.12/site-packages/airflow/example_dags/tutorial_dag.py
[2025-01-31T14:40:12.546+0000] {processor.py:925} INFO - DAG(s) 'tutorial_dag' retrieved from /home/airflow/.local/lib/python3.12/site-packages/airflow/example_dags/tutorial_dag.py
[2025-01-31T14:40:12.561+0000] {logging_mixin.py:190} INFO - [2025-01-31T14:40:12.560+0000] {dag.py:3239} INFO - Sync 1 DAGs
[2025-01-31T14:40:12.574+0000] {logging_mixin.py:190} INFO - [2025-01-31T14:40:12.574+0000] {dag.py:4180} INFO - Setting next_dagrun for tutorial_dag to None, run_after=None
[2025-01-31T14:40:12.590+0000] {processor.py:208} INFO - Processing /home/airflow/.local/lib/python3.12/site-packages/airflow/example_dags/tutorial_dag.py took 0.057 seconds
[2025-01-31T14:40:43.625+0000] {processor.py:186} INFO - Started process (PID=1723) to work on /home/airflow/.local/lib/python3.12/site-packages/airflow/example_dags/tutorial_dag.py
[2025-01-31T14:40:43.626+0000] {processor.py:914} INFO - Processing file /home/airflow/.local/lib/python3.12/site-packages/airflow/example_dags/tutorial_dag.py for tasks to queue
[2025-01-31T14:40:43.627+0000] {logging_mixin.py:190} INFO - [2025-01-31T14:40:43.627+0000] {dagbag.py:588} INFO - Filling up the DagBag from /home/airflow/.local/lib/python3.12/site-packages/airflow/example_dags/tutorial_dag.py
[2025-01-31T14:40:43.633+0000] {processor.py:925} INFO - DAG(s) 'tutorial_dag' retrieved from /home/airflow/.local/lib/python3.12/site-packages/airflow/example_dags/tutorial_dag.py
[2025-01-31T14:40:43.650+0000] {logging_mixin.py:190} INFO - [2025-01-31T14:40:43.650+0000] {dag.py:3239} INFO - Sync 1 DAGs
[2025-01-31T14:40:43.665+0000] {logging_mixin.py:190} INFO - [2025-01-31T14:40:43.665+0000] {dag.py:4180} INFO - Setting next_dagrun for tutorial_dag to None, run_after=None
[2025-01-31T14:40:43.681+0000] {processor.py:208} INFO - Processing /home/airflow/.local/lib/python3.12/site-packages/airflow/example_dags/tutorial_dag.py took 0.060 seconds
[2025-01-31T14:41:14.631+0000] {processor.py:186} INFO - Started process (PID=1787) to work on /home/airflow/.local/lib/python3.12/site-packages/airflow/example_dags/tutorial_dag.py
[2025-01-31T14:41:14.631+0000] {processor.py:914} INFO - Processing file /home/airflow/.local/lib/python3.12/site-packages/airflow/example_dags/tutorial_dag.py for tasks to queue
[2025-01-31T14:41:14.633+0000] {logging_mixin.py:190} INFO - [2025-01-31T14:41:14.633+0000] {dagbag.py:588} INFO - Filling up the DagBag from /home/airflow/.local/lib/python3.12/site-packages/airflow/example_dags/tutorial_dag.py
[2025-01-31T14:41:14.639+0000] {processor.py:925} INFO - DAG(s) 'tutorial_dag' retrieved from /home/airflow/.local/lib/python3.12/site-packages/airflow/example_dags/tutorial_dag.py
[2025-01-31T14:41:14.654+0000] {logging_mixin.py:190} INFO - [2025-01-31T14:41:14.654+0000] {dag.py:3239} INFO - Sync 1 DAGs
[2025-01-31T14:41:14.665+0000] {logging_mixin.py:190} INFO - [2025-01-31T14:41:14.665+0000] {dag.py:4180} INFO - Setting next_dagrun for tutorial_dag to None, run_after=None
[2025-01-31T14:41:14.678+0000] {processor.py:208} INFO - Processing /home/airflow/.local/lib/python3.12/site-packages/airflow/example_dags/tutorial_dag.py took 0.051 seconds
[2025-01-31T14:41:46.099+0000] {processor.py:186} INFO - Started process (PID=1853) to work on /home/airflow/.local/lib/python3.12/site-packages/airflow/example_dags/tutorial_dag.py
[2025-01-31T14:41:46.100+0000] {processor.py:914} INFO - Processing file /home/airflow/.local/lib/python3.12/site-packages/airflow/example_dags/tutorial_dag.py for tasks to queue
[2025-01-31T14:41:46.101+0000] {logging_mixin.py:190} INFO - [2025-01-31T14:41:46.101+0000] {dagbag.py:588} INFO - Filling up the DagBag from /home/airflow/.local/lib/python3.12/site-packages/airflow/example_dags/tutorial_dag.py
[2025-01-31T14:41:46.107+0000] {processor.py:925} INFO - DAG(s) 'tutorial_dag' retrieved from /home/airflow/.local/lib/python3.12/site-packages/airflow/example_dags/tutorial_dag.py
[2025-01-31T14:41:46.125+0000] {logging_mixin.py:190} INFO - [2025-01-31T14:41:46.124+0000] {dag.py:3239} INFO - Sync 1 DAGs
[2025-01-31T14:41:46.139+0000] {logging_mixin.py:190} INFO - [2025-01-31T14:41:46.138+0000] {dag.py:4180} INFO - Setting next_dagrun for tutorial_dag to None, run_after=None
[2025-01-31T14:41:46.154+0000] {processor.py:208} INFO - Processing /home/airflow/.local/lib/python3.12/site-packages/airflow/example_dags/tutorial_dag.py took 0.059 seconds
[2025-01-31T14:42:17.579+0000] {processor.py:186} INFO - Started process (PID=1918) to work on /home/airflow/.local/lib/python3.12/site-packages/airflow/example_dags/tutorial_dag.py
[2025-01-31T14:42:17.580+0000] {processor.py:914} INFO - Processing file /home/airflow/.local/lib/python3.12/site-packages/airflow/example_dags/tutorial_dag.py for tasks to queue
[2025-01-31T14:42:17.582+0000] {logging_mixin.py:190} INFO - [2025-01-31T14:42:17.582+0000] {dagbag.py:588} INFO - Filling up the DagBag from /home/airflow/.local/lib/python3.12/site-packages/airflow/example_dags/tutorial_dag.py
[2025-01-31T14:42:17.590+0000] {processor.py:925} INFO - DAG(s) 'tutorial_dag' retrieved from /home/airflow/.local/lib/python3.12/site-packages/airflow/example_dags/tutorial_dag.py
[2025-01-31T14:42:17.609+0000] {logging_mixin.py:190} INFO - [2025-01-31T14:42:17.609+0000] {dag.py:3239} INFO - Sync 1 DAGs
[2025-01-31T14:42:17.627+0000] {logging_mixin.py:190} INFO - [2025-01-31T14:42:17.626+0000] {dag.py:4180} INFO - Setting next_dagrun for tutorial_dag to None, run_after=None
[2025-01-31T14:42:17.652+0000] {processor.py:208} INFO - Processing /home/airflow/.local/lib/python3.12/site-packages/airflow/example_dags/tutorial_dag.py took 0.079 seconds
[2025-01-31T14:42:48.845+0000] {processor.py:186} INFO - Started process (PID=1984) to work on /home/airflow/.local/lib/python3.12/site-packages/airflow/example_dags/tutorial_dag.py
[2025-01-31T14:42:48.846+0000] {processor.py:914} INFO - Processing file /home/airflow/.local/lib/python3.12/site-packages/airflow/example_dags/tutorial_dag.py for tasks to queue
[2025-01-31T14:42:48.848+0000] {logging_mixin.py:190} INFO - [2025-01-31T14:42:48.848+0000] {dagbag.py:588} INFO - Filling up the DagBag from /home/airflow/.local/lib/python3.12/site-packages/airflow/example_dags/tutorial_dag.py
[2025-01-31T14:42:48.856+0000] {processor.py:925} INFO - DAG(s) 'tutorial_dag' retrieved from /home/airflow/.local/lib/python3.12/site-packages/airflow/example_dags/tutorial_dag.py
[2025-01-31T14:42:48.875+0000] {logging_mixin.py:190} INFO - [2025-01-31T14:42:48.875+0000] {dag.py:3239} INFO - Sync 1 DAGs
[2025-01-31T14:42:48.891+0000] {logging_mixin.py:190} INFO - [2025-01-31T14:42:48.891+0000] {dag.py:4180} INFO - Setting next_dagrun for tutorial_dag to None, run_after=None
[2025-01-31T14:42:48.909+0000] {processor.py:208} INFO - Processing /home/airflow/.local/lib/python3.12/site-packages/airflow/example_dags/tutorial_dag.py took 0.070 seconds
[2025-01-31T14:43:19.926+0000] {processor.py:186} INFO - Started process (PID=2048) to work on /home/airflow/.local/lib/python3.12/site-packages/airflow/example_dags/tutorial_dag.py
[2025-01-31T14:43:19.926+0000] {processor.py:914} INFO - Processing file /home/airflow/.local/lib/python3.12/site-packages/airflow/example_dags/tutorial_dag.py for tasks to queue
[2025-01-31T14:43:19.928+0000] {logging_mixin.py:190} INFO - [2025-01-31T14:43:19.928+0000] {dagbag.py:588} INFO - Filling up the DagBag from /home/airflow/.local/lib/python3.12/site-packages/airflow/example_dags/tutorial_dag.py
[2025-01-31T14:43:19.935+0000] {processor.py:925} INFO - DAG(s) 'tutorial_dag' retrieved from /home/airflow/.local/lib/python3.12/site-packages/airflow/example_dags/tutorial_dag.py
[2025-01-31T14:43:19.951+0000] {logging_mixin.py:190} INFO - [2025-01-31T14:43:19.951+0000] {dag.py:3239} INFO - Sync 1 DAGs
[2025-01-31T14:43:19.962+0000] {logging_mixin.py:190} INFO - [2025-01-31T14:43:19.962+0000] {dag.py:4180} INFO - Setting next_dagrun for tutorial_dag to None, run_after=None
[2025-01-31T14:43:19.975+0000] {processor.py:208} INFO - Processing /home/airflow/.local/lib/python3.12/site-packages/airflow/example_dags/tutorial_dag.py took 0.055 seconds
[2025-01-31T14:43:50.586+0000] {processor.py:186} INFO - Started process (PID=2114) to work on /home/airflow/.local/lib/python3.12/site-packages/airflow/example_dags/tutorial_dag.py
[2025-01-31T14:43:50.586+0000] {processor.py:914} INFO - Processing file /home/airflow/.local/lib/python3.12/site-packages/airflow/example_dags/tutorial_dag.py for tasks to queue
[2025-01-31T14:43:50.588+0000] {logging_mixin.py:190} INFO - [2025-01-31T14:43:50.588+0000] {dagbag.py:588} INFO - Filling up the DagBag from /home/airflow/.local/lib/python3.12/site-packages/airflow/example_dags/tutorial_dag.py
[2025-01-31T14:43:50.594+0000] {processor.py:925} INFO - DAG(s) 'tutorial_dag' retrieved from /home/airflow/.local/lib/python3.12/site-packages/airflow/example_dags/tutorial_dag.py
[2025-01-31T14:43:50.611+0000] {logging_mixin.py:190} INFO - [2025-01-31T14:43:50.611+0000] {dag.py:3239} INFO - Sync 1 DAGs
[2025-01-31T14:43:50.626+0000] {logging_mixin.py:190} INFO - [2025-01-31T14:43:50.625+0000] {dag.py:4180} INFO - Setting next_dagrun for tutorial_dag to None, run_after=None
[2025-01-31T14:43:50.642+0000] {processor.py:208} INFO - Processing /home/airflow/.local/lib/python3.12/site-packages/airflow/example_dags/tutorial_dag.py took 0.061 seconds
[2025-01-31T14:44:21.793+0000] {processor.py:186} INFO - Started process (PID=2179) to work on /home/airflow/.local/lib/python3.12/site-packages/airflow/example_dags/tutorial_dag.py
[2025-01-31T14:44:21.793+0000] {processor.py:914} INFO - Processing file /home/airflow/.local/lib/python3.12/site-packages/airflow/example_dags/tutorial_dag.py for tasks to queue
[2025-01-31T14:44:21.795+0000] {logging_mixin.py:190} INFO - [2025-01-31T14:44:21.795+0000] {dagbag.py:588} INFO - Filling up the DagBag from /home/airflow/.local/lib/python3.12/site-packages/airflow/example_dags/tutorial_dag.py
[2025-01-31T14:44:21.801+0000] {processor.py:925} INFO - DAG(s) 'tutorial_dag' retrieved from /home/airflow/.local/lib/python3.12/site-packages/airflow/example_dags/tutorial_dag.py
[2025-01-31T14:44:21.814+0000] {logging_mixin.py:190} INFO - [2025-01-31T14:44:21.814+0000] {dag.py:3239} INFO - Sync 1 DAGs
[2025-01-31T14:44:21.825+0000] {logging_mixin.py:190} INFO - [2025-01-31T14:44:21.824+0000] {dag.py:4180} INFO - Setting next_dagrun for tutorial_dag to None, run_after=None
[2025-01-31T14:44:21.838+0000] {processor.py:208} INFO - Processing /home/airflow/.local/lib/python3.12/site-packages/airflow/example_dags/tutorial_dag.py took 0.050 seconds
[2025-01-31T14:44:52.962+0000] {processor.py:186} INFO - Started process (PID=2244) to work on /home/airflow/.local/lib/python3.12/site-packages/airflow/example_dags/tutorial_dag.py
[2025-01-31T14:44:52.962+0000] {processor.py:914} INFO - Processing file /home/airflow/.local/lib/python3.12/site-packages/airflow/example_dags/tutorial_dag.py for tasks to queue
[2025-01-31T14:44:52.964+0000] {logging_mixin.py:190} INFO - [2025-01-31T14:44:52.964+0000] {dagbag.py:588} INFO - Filling up the DagBag from /home/airflow/.local/lib/python3.12/site-packages/airflow/example_dags/tutorial_dag.py
[2025-01-31T14:44:52.970+0000] {processor.py:925} INFO - DAG(s) 'tutorial_dag' retrieved from /home/airflow/.local/lib/python3.12/site-packages/airflow/example_dags/tutorial_dag.py
[2025-01-31T14:44:52.984+0000] {logging_mixin.py:190} INFO - [2025-01-31T14:44:52.983+0000] {dag.py:3239} INFO - Sync 1 DAGs
[2025-01-31T14:44:52.994+0000] {logging_mixin.py:190} INFO - [2025-01-31T14:44:52.994+0000] {dag.py:4180} INFO - Setting next_dagrun for tutorial_dag to None, run_after=None
[2025-01-31T14:44:53.007+0000] {processor.py:208} INFO - Processing /home/airflow/.local/lib/python3.12/site-packages/airflow/example_dags/tutorial_dag.py took 0.050 seconds
[2025-01-31T14:45:23.546+0000] {processor.py:186} INFO - Started process (PID=2309) to work on /home/airflow/.local/lib/python3.12/site-packages/airflow/example_dags/tutorial_dag.py
[2025-01-31T14:45:23.546+0000] {processor.py:914} INFO - Processing file /home/airflow/.local/lib/python3.12/site-packages/airflow/example_dags/tutorial_dag.py for tasks to queue
[2025-01-31T14:45:23.548+0000] {logging_mixin.py:190} INFO - [2025-01-31T14:45:23.547+0000] {dagbag.py:588} INFO - Filling up the DagBag from /home/airflow/.local/lib/python3.12/site-packages/airflow/example_dags/tutorial_dag.py
[2025-01-31T14:45:23.553+0000] {processor.py:925} INFO - DAG(s) 'tutorial_dag' retrieved from /home/airflow/.local/lib/python3.12/site-packages/airflow/example_dags/tutorial_dag.py
[2025-01-31T14:45:23.567+0000] {logging_mixin.py:190} INFO - [2025-01-31T14:45:23.567+0000] {dag.py:3239} INFO - Sync 1 DAGs
[2025-01-31T14:45:23.578+0000] {logging_mixin.py:190} INFO - [2025-01-31T14:45:23.578+0000] {dag.py:4180} INFO - Setting next_dagrun for tutorial_dag to None, run_after=None
[2025-01-31T14:45:23.590+0000] {processor.py:208} INFO - Processing /home/airflow/.local/lib/python3.12/site-packages/airflow/example_dags/tutorial_dag.py took 0.048 seconds
[2025-01-31T14:45:54.509+0000] {processor.py:186} INFO - Started process (PID=2374) to work on /home/airflow/.local/lib/python3.12/site-packages/airflow/example_dags/tutorial_dag.py
[2025-01-31T14:45:54.509+0000] {processor.py:914} INFO - Processing file /home/airflow/.local/lib/python3.12/site-packages/airflow/example_dags/tutorial_dag.py for tasks to queue
[2025-01-31T14:45:54.511+0000] {logging_mixin.py:190} INFO - [2025-01-31T14:45:54.511+0000] {dagbag.py:588} INFO - Filling up the DagBag from /home/airflow/.local/lib/python3.12/site-packages/airflow/example_dags/tutorial_dag.py
[2025-01-31T14:45:54.517+0000] {processor.py:925} INFO - DAG(s) 'tutorial_dag' retrieved from /home/airflow/.local/lib/python3.12/site-packages/airflow/example_dags/tutorial_dag.py
[2025-01-31T14:45:54.535+0000] {logging_mixin.py:190} INFO - [2025-01-31T14:45:54.535+0000] {dag.py:3239} INFO - Sync 1 DAGs
[2025-01-31T14:45:54.550+0000] {logging_mixin.py:190} INFO - [2025-01-31T14:45:54.550+0000] {dag.py:4180} INFO - Setting next_dagrun for tutorial_dag to None, run_after=None
[2025-01-31T14:45:54.565+0000] {processor.py:208} INFO - Processing /home/airflow/.local/lib/python3.12/site-packages/airflow/example_dags/tutorial_dag.py took 0.061 seconds
[2025-01-31T14:46:25.170+0000] {processor.py:186} INFO - Started process (PID=2439) to work on /home/airflow/.local/lib/python3.12/site-packages/airflow/example_dags/tutorial_dag.py
[2025-01-31T14:46:25.171+0000] {processor.py:914} INFO - Processing file /home/airflow/.local/lib/python3.12/site-packages/airflow/example_dags/tutorial_dag.py for tasks to queue
[2025-01-31T14:46:25.173+0000] {logging_mixin.py:190} INFO - [2025-01-31T14:46:25.172+0000] {dagbag.py:588} INFO - Filling up the DagBag from /home/airflow/.local/lib/python3.12/site-packages/airflow/example_dags/tutorial_dag.py
[2025-01-31T14:46:25.180+0000] {processor.py:925} INFO - DAG(s) 'tutorial_dag' retrieved from /home/airflow/.local/lib/python3.12/site-packages/airflow/example_dags/tutorial_dag.py
[2025-01-31T14:46:25.201+0000] {logging_mixin.py:190} INFO - [2025-01-31T14:46:25.201+0000] {dag.py:3239} INFO - Sync 1 DAGs
[2025-01-31T14:46:25.216+0000] {logging_mixin.py:190} INFO - [2025-01-31T14:46:25.215+0000] {dag.py:4180} INFO - Setting next_dagrun for tutorial_dag to None, run_after=None
[2025-01-31T14:46:25.233+0000] {processor.py:208} INFO - Processing /home/airflow/.local/lib/python3.12/site-packages/airflow/example_dags/tutorial_dag.py took 0.069 seconds
[2025-01-31T14:46:56.155+0000] {processor.py:186} INFO - Started process (PID=2508) to work on /home/airflow/.local/lib/python3.12/site-packages/airflow/example_dags/tutorial_dag.py
[2025-01-31T14:46:56.155+0000] {processor.py:914} INFO - Processing file /home/airflow/.local/lib/python3.12/site-packages/airflow/example_dags/tutorial_dag.py for tasks to queue
[2025-01-31T14:46:56.157+0000] {logging_mixin.py:190} INFO - [2025-01-31T14:46:56.157+0000] {dagbag.py:588} INFO - Filling up the DagBag from /home/airflow/.local/lib/python3.12/site-packages/airflow/example_dags/tutorial_dag.py
[2025-01-31T14:46:56.163+0000] {processor.py:925} INFO - DAG(s) 'tutorial_dag' retrieved from /home/airflow/.local/lib/python3.12/site-packages/airflow/example_dags/tutorial_dag.py
[2025-01-31T14:46:56.178+0000] {logging_mixin.py:190} INFO - [2025-01-31T14:46:56.178+0000] {dag.py:3239} INFO - Sync 1 DAGs
[2025-01-31T14:46:56.189+0000] {logging_mixin.py:190} INFO - [2025-01-31T14:46:56.189+0000] {dag.py:4180} INFO - Setting next_dagrun for tutorial_dag to None, run_after=None
[2025-01-31T14:46:56.202+0000] {processor.py:208} INFO - Processing /home/airflow/.local/lib/python3.12/site-packages/airflow/example_dags/tutorial_dag.py took 0.051 seconds
[2025-01-31T14:47:27.191+0000] {processor.py:186} INFO - Started process (PID=2576) to work on /home/airflow/.local/lib/python3.12/site-packages/airflow/example_dags/tutorial_dag.py
[2025-01-31T14:47:27.192+0000] {processor.py:914} INFO - Processing file /home/airflow/.local/lib/python3.12/site-packages/airflow/example_dags/tutorial_dag.py for tasks to queue
[2025-01-31T14:47:27.194+0000] {logging_mixin.py:190} INFO - [2025-01-31T14:47:27.194+0000] {dagbag.py:588} INFO - Filling up the DagBag from /home/airflow/.local/lib/python3.12/site-packages/airflow/example_dags/tutorial_dag.py
[2025-01-31T14:47:27.201+0000] {processor.py:925} INFO - DAG(s) 'tutorial_dag' retrieved from /home/airflow/.local/lib/python3.12/site-packages/airflow/example_dags/tutorial_dag.py
[2025-01-31T14:47:27.216+0000] {logging_mixin.py:190} INFO - [2025-01-31T14:47:27.216+0000] {dag.py:3239} INFO - Sync 1 DAGs
[2025-01-31T14:47:27.228+0000] {logging_mixin.py:190} INFO - [2025-01-31T14:47:27.228+0000] {dag.py:4180} INFO - Setting next_dagrun for tutorial_dag to None, run_after=None
[2025-01-31T14:47:27.242+0000] {processor.py:208} INFO - Processing /home/airflow/.local/lib/python3.12/site-packages/airflow/example_dags/tutorial_dag.py took 0.057 seconds
[2025-01-31T14:47:57.796+0000] {processor.py:186} INFO - Started process (PID=2642) to work on /home/airflow/.local/lib/python3.12/site-packages/airflow/example_dags/tutorial_dag.py
[2025-01-31T14:47:57.797+0000] {processor.py:914} INFO - Processing file /home/airflow/.local/lib/python3.12/site-packages/airflow/example_dags/tutorial_dag.py for tasks to queue
[2025-01-31T14:47:57.799+0000] {logging_mixin.py:190} INFO - [2025-01-31T14:47:57.799+0000] {dagbag.py:588} INFO - Filling up the DagBag from /home/airflow/.local/lib/python3.12/site-packages/airflow/example_dags/tutorial_dag.py
[2025-01-31T14:47:57.808+0000] {processor.py:925} INFO - DAG(s) 'tutorial_dag' retrieved from /home/airflow/.local/lib/python3.12/site-packages/airflow/example_dags/tutorial_dag.py
[2025-01-31T14:47:57.830+0000] {logging_mixin.py:190} INFO - [2025-01-31T14:47:57.830+0000] {dag.py:3239} INFO - Sync 1 DAGs
[2025-01-31T14:47:57.846+0000] {logging_mixin.py:190} INFO - [2025-01-31T14:47:57.846+0000] {dag.py:4180} INFO - Setting next_dagrun for tutorial_dag to None, run_after=None
[2025-01-31T14:47:57.861+0000] {processor.py:208} INFO - Processing /home/airflow/.local/lib/python3.12/site-packages/airflow/example_dags/tutorial_dag.py took 0.070 seconds
[2025-01-31T14:48:28.606+0000] {processor.py:186} INFO - Started process (PID=2707) to work on /home/airflow/.local/lib/python3.12/site-packages/airflow/example_dags/tutorial_dag.py
[2025-01-31T14:48:28.606+0000] {processor.py:914} INFO - Processing file /home/airflow/.local/lib/python3.12/site-packages/airflow/example_dags/tutorial_dag.py for tasks to queue
[2025-01-31T14:48:28.608+0000] {logging_mixin.py:190} INFO - [2025-01-31T14:48:28.607+0000] {dagbag.py:588} INFO - Filling up the DagBag from /home/airflow/.local/lib/python3.12/site-packages/airflow/example_dags/tutorial_dag.py
[2025-01-31T14:48:28.614+0000] {processor.py:925} INFO - DAG(s) 'tutorial_dag' retrieved from /home/airflow/.local/lib/python3.12/site-packages/airflow/example_dags/tutorial_dag.py
[2025-01-31T14:48:28.629+0000] {logging_mixin.py:190} INFO - [2025-01-31T14:48:28.628+0000] {dag.py:3239} INFO - Sync 1 DAGs
[2025-01-31T14:48:28.640+0000] {logging_mixin.py:190} INFO - [2025-01-31T14:48:28.640+0000] {dag.py:4180} INFO - Setting next_dagrun for tutorial_dag to None, run_after=None
[2025-01-31T14:48:28.652+0000] {processor.py:208} INFO - Processing /home/airflow/.local/lib/python3.12/site-packages/airflow/example_dags/tutorial_dag.py took 0.052 seconds
[2025-01-31T14:48:58.787+0000] {processor.py:186} INFO - Started process (PID=2773) to work on /home/airflow/.local/lib/python3.12/site-packages/airflow/example_dags/tutorial_dag.py
[2025-01-31T14:48:58.787+0000] {processor.py:914} INFO - Processing file /home/airflow/.local/lib/python3.12/site-packages/airflow/example_dags/tutorial_dag.py for tasks to queue
[2025-01-31T14:48:58.789+0000] {logging_mixin.py:190} INFO - [2025-01-31T14:48:58.788+0000] {dagbag.py:588} INFO - Filling up the DagBag from /home/airflow/.local/lib/python3.12/site-packages/airflow/example_dags/tutorial_dag.py
[2025-01-31T14:48:58.795+0000] {processor.py:925} INFO - DAG(s) 'tutorial_dag' retrieved from /home/airflow/.local/lib/python3.12/site-packages/airflow/example_dags/tutorial_dag.py
[2025-01-31T14:48:58.810+0000] {logging_mixin.py:190} INFO - [2025-01-31T14:48:58.810+0000] {dag.py:3239} INFO - Sync 1 DAGs
[2025-01-31T14:48:58.821+0000] {logging_mixin.py:190} INFO - [2025-01-31T14:48:58.820+0000] {dag.py:4180} INFO - Setting next_dagrun for tutorial_dag to None, run_after=None
[2025-01-31T14:48:58.834+0000] {processor.py:208} INFO - Processing /home/airflow/.local/lib/python3.12/site-packages/airflow/example_dags/tutorial_dag.py took 0.052 seconds
[2025-01-31T14:49:29.443+0000] {processor.py:186} INFO - Started process (PID=2840) to work on /home/airflow/.local/lib/python3.12/site-packages/airflow/example_dags/tutorial_dag.py
[2025-01-31T14:49:29.443+0000] {processor.py:914} INFO - Processing file /home/airflow/.local/lib/python3.12/site-packages/airflow/example_dags/tutorial_dag.py for tasks to queue
[2025-01-31T14:49:29.445+0000] {logging_mixin.py:190} INFO - [2025-01-31T14:49:29.445+0000] {dagbag.py:588} INFO - Filling up the DagBag from /home/airflow/.local/lib/python3.12/site-packages/airflow/example_dags/tutorial_dag.py
[2025-01-31T14:49:29.450+0000] {processor.py:925} INFO - DAG(s) 'tutorial_dag' retrieved from /home/airflow/.local/lib/python3.12/site-packages/airflow/example_dags/tutorial_dag.py
[2025-01-31T14:49:29.467+0000] {logging_mixin.py:190} INFO - [2025-01-31T14:49:29.467+0000] {dag.py:3239} INFO - Sync 1 DAGs
[2025-01-31T14:49:29.482+0000] {logging_mixin.py:190} INFO - [2025-01-31T14:49:29.482+0000] {dag.py:4180} INFO - Setting next_dagrun for tutorial_dag to None, run_after=None
[2025-01-31T14:49:29.497+0000] {processor.py:208} INFO - Processing /home/airflow/.local/lib/python3.12/site-packages/airflow/example_dags/tutorial_dag.py took 0.059 seconds
[2025-01-31T14:50:00.251+0000] {processor.py:186} INFO - Started process (PID=2905) to work on /home/airflow/.local/lib/python3.12/site-packages/airflow/example_dags/tutorial_dag.py
[2025-01-31T14:50:00.252+0000] {processor.py:914} INFO - Processing file /home/airflow/.local/lib/python3.12/site-packages/airflow/example_dags/tutorial_dag.py for tasks to queue
[2025-01-31T14:50:00.253+0000] {logging_mixin.py:190} INFO - [2025-01-31T14:50:00.253+0000] {dagbag.py:588} INFO - Filling up the DagBag from /home/airflow/.local/lib/python3.12/site-packages/airflow/example_dags/tutorial_dag.py
[2025-01-31T14:50:00.259+0000] {processor.py:925} INFO - DAG(s) 'tutorial_dag' retrieved from /home/airflow/.local/lib/python3.12/site-packages/airflow/example_dags/tutorial_dag.py
[2025-01-31T14:50:00.274+0000] {logging_mixin.py:190} INFO - [2025-01-31T14:50:00.274+0000] {dag.py:3239} INFO - Sync 1 DAGs
[2025-01-31T14:50:00.287+0000] {logging_mixin.py:190} INFO - [2025-01-31T14:50:00.287+0000] {dag.py:4180} INFO - Setting next_dagrun for tutorial_dag to None, run_after=None
[2025-01-31T14:50:00.303+0000] {processor.py:208} INFO - Processing /home/airflow/.local/lib/python3.12/site-packages/airflow/example_dags/tutorial_dag.py took 0.056 seconds
[2025-01-31T14:50:30.915+0000] {processor.py:186} INFO - Started process (PID=2971) to work on /home/airflow/.local/lib/python3.12/site-packages/airflow/example_dags/tutorial_dag.py
[2025-01-31T14:50:30.916+0000] {processor.py:914} INFO - Processing file /home/airflow/.local/lib/python3.12/site-packages/airflow/example_dags/tutorial_dag.py for tasks to queue
[2025-01-31T14:50:30.918+0000] {logging_mixin.py:190} INFO - [2025-01-31T14:50:30.918+0000] {dagbag.py:588} INFO - Filling up the DagBag from /home/airflow/.local/lib/python3.12/site-packages/airflow/example_dags/tutorial_dag.py
[2025-01-31T14:50:30.926+0000] {processor.py:925} INFO - DAG(s) 'tutorial_dag' retrieved from /home/airflow/.local/lib/python3.12/site-packages/airflow/example_dags/tutorial_dag.py
[2025-01-31T14:50:30.948+0000] {logging_mixin.py:190} INFO - [2025-01-31T14:50:30.948+0000] {dag.py:3239} INFO - Sync 1 DAGs
[2025-01-31T14:50:30.964+0000] {logging_mixin.py:190} INFO - [2025-01-31T14:50:30.964+0000] {dag.py:4180} INFO - Setting next_dagrun for tutorial_dag to None, run_after=None
[2025-01-31T14:50:30.978+0000] {processor.py:208} INFO - Processing /home/airflow/.local/lib/python3.12/site-packages/airflow/example_dags/tutorial_dag.py took 0.069 seconds
[2025-01-31T14:51:01.890+0000] {processor.py:186} INFO - Started process (PID=3038) to work on /home/airflow/.local/lib/python3.12/site-packages/airflow/example_dags/tutorial_dag.py
[2025-01-31T14:51:01.891+0000] {processor.py:914} INFO - Processing file /home/airflow/.local/lib/python3.12/site-packages/airflow/example_dags/tutorial_dag.py for tasks to queue
[2025-01-31T14:51:01.893+0000] {logging_mixin.py:190} INFO - [2025-01-31T14:51:01.893+0000] {dagbag.py:588} INFO - Filling up the DagBag from /home/airflow/.local/lib/python3.12/site-packages/airflow/example_dags/tutorial_dag.py
[2025-01-31T14:51:01.901+0000] {processor.py:925} INFO - DAG(s) 'tutorial_dag' retrieved from /home/airflow/.local/lib/python3.12/site-packages/airflow/example_dags/tutorial_dag.py
[2025-01-31T14:51:01.922+0000] {logging_mixin.py:190} INFO - [2025-01-31T14:51:01.921+0000] {dag.py:3239} INFO - Sync 1 DAGs
[2025-01-31T14:51:01.937+0000] {logging_mixin.py:190} INFO - [2025-01-31T14:51:01.937+0000] {dag.py:4180} INFO - Setting next_dagrun for tutorial_dag to None, run_after=None
[2025-01-31T14:51:01.953+0000] {processor.py:208} INFO - Processing /home/airflow/.local/lib/python3.12/site-packages/airflow/example_dags/tutorial_dag.py took 0.069 seconds
[2025-01-31T14:51:32.394+0000] {processor.py:186} INFO - Started process (PID=3105) to work on /home/airflow/.local/lib/python3.12/site-packages/airflow/example_dags/tutorial_dag.py
[2025-01-31T14:51:32.395+0000] {processor.py:914} INFO - Processing file /home/airflow/.local/lib/python3.12/site-packages/airflow/example_dags/tutorial_dag.py for tasks to queue
[2025-01-31T14:51:32.396+0000] {logging_mixin.py:190} INFO - [2025-01-31T14:51:32.396+0000] {dagbag.py:588} INFO - Filling up the DagBag from /home/airflow/.local/lib/python3.12/site-packages/airflow/example_dags/tutorial_dag.py
[2025-01-31T14:51:32.402+0000] {processor.py:925} INFO - DAG(s) 'tutorial_dag' retrieved from /home/airflow/.local/lib/python3.12/site-packages/airflow/example_dags/tutorial_dag.py
[2025-01-31T14:51:32.420+0000] {logging_mixin.py:190} INFO - [2025-01-31T14:51:32.420+0000] {dag.py:3239} INFO - Sync 1 DAGs
[2025-01-31T14:51:32.434+0000] {logging_mixin.py:190} INFO - [2025-01-31T14:51:32.434+0000] {dag.py:4180} INFO - Setting next_dagrun for tutorial_dag to None, run_after=None
[2025-01-31T14:51:32.450+0000] {processor.py:208} INFO - Processing /home/airflow/.local/lib/python3.12/site-packages/airflow/example_dags/tutorial_dag.py took 0.060 seconds
[2025-01-31T14:52:03.363+0000] {processor.py:186} INFO - Started process (PID=3173) to work on /home/airflow/.local/lib/python3.12/site-packages/airflow/example_dags/tutorial_dag.py
[2025-01-31T14:52:03.364+0000] {processor.py:914} INFO - Processing file /home/airflow/.local/lib/python3.12/site-packages/airflow/example_dags/tutorial_dag.py for tasks to queue
[2025-01-31T14:52:03.365+0000] {logging_mixin.py:190} INFO - [2025-01-31T14:52:03.365+0000] {dagbag.py:588} INFO - Filling up the DagBag from /home/airflow/.local/lib/python3.12/site-packages/airflow/example_dags/tutorial_dag.py
[2025-01-31T14:52:03.371+0000] {processor.py:925} INFO - DAG(s) 'tutorial_dag' retrieved from /home/airflow/.local/lib/python3.12/site-packages/airflow/example_dags/tutorial_dag.py
[2025-01-31T14:52:03.388+0000] {logging_mixin.py:190} INFO - [2025-01-31T14:52:03.388+0000] {dag.py:3239} INFO - Sync 1 DAGs
[2025-01-31T14:52:03.400+0000] {logging_mixin.py:190} INFO - [2025-01-31T14:52:03.400+0000] {dag.py:4180} INFO - Setting next_dagrun for tutorial_dag to None, run_after=None
[2025-01-31T14:52:03.414+0000] {processor.py:208} INFO - Processing /home/airflow/.local/lib/python3.12/site-packages/airflow/example_dags/tutorial_dag.py took 0.055 seconds
[2025-01-31T14:52:34.168+0000] {processor.py:186} INFO - Started process (PID=3239) to work on /home/airflow/.local/lib/python3.12/site-packages/airflow/example_dags/tutorial_dag.py
[2025-01-31T14:52:34.168+0000] {processor.py:914} INFO - Processing file /home/airflow/.local/lib/python3.12/site-packages/airflow/example_dags/tutorial_dag.py for tasks to queue
[2025-01-31T14:52:34.170+0000] {logging_mixin.py:190} INFO - [2025-01-31T14:52:34.170+0000] {dagbag.py:588} INFO - Filling up the DagBag from /home/airflow/.local/lib/python3.12/site-packages/airflow/example_dags/tutorial_dag.py
[2025-01-31T14:52:34.176+0000] {processor.py:925} INFO - DAG(s) 'tutorial_dag' retrieved from /home/airflow/.local/lib/python3.12/site-packages/airflow/example_dags/tutorial_dag.py
[2025-01-31T14:52:34.190+0000] {logging_mixin.py:190} INFO - [2025-01-31T14:52:34.190+0000] {dag.py:3239} INFO - Sync 1 DAGs
[2025-01-31T14:52:34.202+0000] {logging_mixin.py:190} INFO - [2025-01-31T14:52:34.202+0000] {dag.py:4180} INFO - Setting next_dagrun for tutorial_dag to None, run_after=None
[2025-01-31T14:52:34.216+0000] {processor.py:208} INFO - Processing /home/airflow/.local/lib/python3.12/site-packages/airflow/example_dags/tutorial_dag.py took 0.052 seconds
[2025-01-31T14:53:04.488+0000] {processor.py:186} INFO - Started process (PID=3305) to work on /home/airflow/.local/lib/python3.12/site-packages/airflow/example_dags/tutorial_dag.py
[2025-01-31T14:53:04.488+0000] {processor.py:914} INFO - Processing file /home/airflow/.local/lib/python3.12/site-packages/airflow/example_dags/tutorial_dag.py for tasks to queue
[2025-01-31T14:53:04.490+0000] {logging_mixin.py:190} INFO - [2025-01-31T14:53:04.489+0000] {dagbag.py:588} INFO - Filling up the DagBag from /home/airflow/.local/lib/python3.12/site-packages/airflow/example_dags/tutorial_dag.py
[2025-01-31T14:53:04.495+0000] {processor.py:925} INFO - DAG(s) 'tutorial_dag' retrieved from /home/airflow/.local/lib/python3.12/site-packages/airflow/example_dags/tutorial_dag.py
[2025-01-31T14:53:04.509+0000] {logging_mixin.py:190} INFO - [2025-01-31T14:53:04.509+0000] {dag.py:3239} INFO - Sync 1 DAGs
[2025-01-31T14:53:04.519+0000] {logging_mixin.py:190} INFO - [2025-01-31T14:53:04.519+0000] {dag.py:4180} INFO - Setting next_dagrun for tutorial_dag to None, run_after=None
[2025-01-31T14:53:04.532+0000] {processor.py:208} INFO - Processing /home/airflow/.local/lib/python3.12/site-packages/airflow/example_dags/tutorial_dag.py took 0.048 seconds
[2025-01-31T14:53:35.048+0000] {processor.py:186} INFO - Started process (PID=3371) to work on /home/airflow/.local/lib/python3.12/site-packages/airflow/example_dags/tutorial_dag.py
[2025-01-31T14:53:35.048+0000] {processor.py:914} INFO - Processing file /home/airflow/.local/lib/python3.12/site-packages/airflow/example_dags/tutorial_dag.py for tasks to queue
[2025-01-31T14:53:35.050+0000] {logging_mixin.py:190} INFO - [2025-01-31T14:53:35.049+0000] {dagbag.py:588} INFO - Filling up the DagBag from /home/airflow/.local/lib/python3.12/site-packages/airflow/example_dags/tutorial_dag.py
[2025-01-31T14:53:35.056+0000] {processor.py:925} INFO - DAG(s) 'tutorial_dag' retrieved from /home/airflow/.local/lib/python3.12/site-packages/airflow/example_dags/tutorial_dag.py
[2025-01-31T14:53:35.073+0000] {logging_mixin.py:190} INFO - [2025-01-31T14:53:35.073+0000] {dag.py:3239} INFO - Sync 1 DAGs
[2025-01-31T14:53:35.087+0000] {logging_mixin.py:190} INFO - [2025-01-31T14:53:35.086+0000] {dag.py:4180} INFO - Setting next_dagrun for tutorial_dag to None, run_after=None
[2025-01-31T14:53:35.100+0000] {processor.py:208} INFO - Processing /home/airflow/.local/lib/python3.12/site-packages/airflow/example_dags/tutorial_dag.py took 0.057 seconds
[2025-01-31T14:54:06.779+0000] {processor.py:186} INFO - Started process (PID=3437) to work on /home/airflow/.local/lib/python3.12/site-packages/airflow/example_dags/tutorial_dag.py
[2025-01-31T14:54:06.780+0000] {processor.py:914} INFO - Processing file /home/airflow/.local/lib/python3.12/site-packages/airflow/example_dags/tutorial_dag.py for tasks to queue
[2025-01-31T14:54:06.781+0000] {logging_mixin.py:190} INFO - [2025-01-31T14:54:06.781+0000] {dagbag.py:588} INFO - Filling up the DagBag from /home/airflow/.local/lib/python3.12/site-packages/airflow/example_dags/tutorial_dag.py
[2025-01-31T14:54:06.787+0000] {processor.py:925} INFO - DAG(s) 'tutorial_dag' retrieved from /home/airflow/.local/lib/python3.12/site-packages/airflow/example_dags/tutorial_dag.py
[2025-01-31T14:54:06.800+0000] {logging_mixin.py:190} INFO - [2025-01-31T14:54:06.800+0000] {dag.py:3239} INFO - Sync 1 DAGs
[2025-01-31T14:54:06.957+0000] {logging_mixin.py:190} INFO - [2025-01-31T14:54:06.957+0000] {dag.py:4180} INFO - Setting next_dagrun for tutorial_dag to None, run_after=None
[2025-01-31T14:54:06.969+0000] {processor.py:208} INFO - Processing /home/airflow/.local/lib/python3.12/site-packages/airflow/example_dags/tutorial_dag.py took 0.194 seconds
[2025-01-31T14:54:37.114+0000] {processor.py:186} INFO - Started process (PID=3503) to work on /home/airflow/.local/lib/python3.12/site-packages/airflow/example_dags/tutorial_dag.py
[2025-01-31T14:54:37.114+0000] {processor.py:914} INFO - Processing file /home/airflow/.local/lib/python3.12/site-packages/airflow/example_dags/tutorial_dag.py for tasks to queue
[2025-01-31T14:54:37.116+0000] {logging_mixin.py:190} INFO - [2025-01-31T14:54:37.115+0000] {dagbag.py:588} INFO - Filling up the DagBag from /home/airflow/.local/lib/python3.12/site-packages/airflow/example_dags/tutorial_dag.py
[2025-01-31T14:54:37.121+0000] {processor.py:925} INFO - DAG(s) 'tutorial_dag' retrieved from /home/airflow/.local/lib/python3.12/site-packages/airflow/example_dags/tutorial_dag.py
[2025-01-31T14:54:37.138+0000] {logging_mixin.py:190} INFO - [2025-01-31T14:54:37.138+0000] {dag.py:3239} INFO - Sync 1 DAGs
[2025-01-31T14:54:37.297+0000] {logging_mixin.py:190} INFO - [2025-01-31T14:54:37.297+0000] {dag.py:4180} INFO - Setting next_dagrun for tutorial_dag to None, run_after=None
[2025-01-31T14:54:37.312+0000] {processor.py:208} INFO - Processing /home/airflow/.local/lib/python3.12/site-packages/airflow/example_dags/tutorial_dag.py took 0.202 seconds
[2025-01-31T14:55:07.880+0000] {processor.py:186} INFO - Started process (PID=3569) to work on /home/airflow/.local/lib/python3.12/site-packages/airflow/example_dags/tutorial_dag.py
[2025-01-31T14:55:07.880+0000] {processor.py:914} INFO - Processing file /home/airflow/.local/lib/python3.12/site-packages/airflow/example_dags/tutorial_dag.py for tasks to queue
[2025-01-31T14:55:07.882+0000] {logging_mixin.py:190} INFO - [2025-01-31T14:55:07.881+0000] {dagbag.py:588} INFO - Filling up the DagBag from /home/airflow/.local/lib/python3.12/site-packages/airflow/example_dags/tutorial_dag.py
[2025-01-31T14:55:07.887+0000] {processor.py:925} INFO - DAG(s) 'tutorial_dag' retrieved from /home/airflow/.local/lib/python3.12/site-packages/airflow/example_dags/tutorial_dag.py
[2025-01-31T14:55:07.902+0000] {logging_mixin.py:190} INFO - [2025-01-31T14:55:07.902+0000] {dag.py:3239} INFO - Sync 1 DAGs
[2025-01-31T14:55:07.913+0000] {logging_mixin.py:190} INFO - [2025-01-31T14:55:07.913+0000] {dag.py:4180} INFO - Setting next_dagrun for tutorial_dag to None, run_after=None
[2025-01-31T14:55:07.925+0000] {processor.py:208} INFO - Processing /home/airflow/.local/lib/python3.12/site-packages/airflow/example_dags/tutorial_dag.py took 0.050 seconds
[2025-01-31T14:55:38.109+0000] {processor.py:186} INFO - Started process (PID=3635) to work on /home/airflow/.local/lib/python3.12/site-packages/airflow/example_dags/tutorial_dag.py
[2025-01-31T14:55:38.110+0000] {processor.py:914} INFO - Processing file /home/airflow/.local/lib/python3.12/site-packages/airflow/example_dags/tutorial_dag.py for tasks to queue
[2025-01-31T14:55:38.112+0000] {logging_mixin.py:190} INFO - [2025-01-31T14:55:38.111+0000] {dagbag.py:588} INFO - Filling up the DagBag from /home/airflow/.local/lib/python3.12/site-packages/airflow/example_dags/tutorial_dag.py
[2025-01-31T14:55:38.118+0000] {processor.py:925} INFO - DAG(s) 'tutorial_dag' retrieved from /home/airflow/.local/lib/python3.12/site-packages/airflow/example_dags/tutorial_dag.py
[2025-01-31T14:55:38.135+0000] {logging_mixin.py:190} INFO - [2025-01-31T14:55:38.135+0000] {dag.py:3239} INFO - Sync 1 DAGs
[2025-01-31T14:55:38.147+0000] {logging_mixin.py:190} INFO - [2025-01-31T14:55:38.147+0000] {dag.py:4180} INFO - Setting next_dagrun for tutorial_dag to None, run_after=None
[2025-01-31T14:55:38.159+0000] {processor.py:208} INFO - Processing /home/airflow/.local/lib/python3.12/site-packages/airflow/example_dags/tutorial_dag.py took 0.056 seconds
[2025-01-31T14:56:09.122+0000] {processor.py:186} INFO - Started process (PID=3702) to work on /home/airflow/.local/lib/python3.12/site-packages/airflow/example_dags/tutorial_dag.py
[2025-01-31T14:56:09.122+0000] {processor.py:914} INFO - Processing file /home/airflow/.local/lib/python3.12/site-packages/airflow/example_dags/tutorial_dag.py for tasks to queue
[2025-01-31T14:56:09.124+0000] {logging_mixin.py:190} INFO - [2025-01-31T14:56:09.124+0000] {dagbag.py:588} INFO - Filling up the DagBag from /home/airflow/.local/lib/python3.12/site-packages/airflow/example_dags/tutorial_dag.py
[2025-01-31T14:56:09.129+0000] {processor.py:925} INFO - DAG(s) 'tutorial_dag' retrieved from /home/airflow/.local/lib/python3.12/site-packages/airflow/example_dags/tutorial_dag.py
[2025-01-31T14:56:09.145+0000] {logging_mixin.py:190} INFO - [2025-01-31T14:56:09.145+0000] {dag.py:3239} INFO - Sync 1 DAGs
[2025-01-31T14:56:09.157+0000] {logging_mixin.py:190} INFO - [2025-01-31T14:56:09.157+0000] {dag.py:4180} INFO - Setting next_dagrun for tutorial_dag to None, run_after=None
[2025-01-31T14:56:09.170+0000] {processor.py:208} INFO - Processing /home/airflow/.local/lib/python3.12/site-packages/airflow/example_dags/tutorial_dag.py took 0.053 seconds
[2025-01-31T14:56:39.242+0000] {processor.py:186} INFO - Started process (PID=3769) to work on /home/airflow/.local/lib/python3.12/site-packages/airflow/example_dags/tutorial_dag.py
[2025-01-31T14:56:39.242+0000] {processor.py:914} INFO - Processing file /home/airflow/.local/lib/python3.12/site-packages/airflow/example_dags/tutorial_dag.py for tasks to queue
[2025-01-31T14:56:39.244+0000] {logging_mixin.py:190} INFO - [2025-01-31T14:56:39.243+0000] {dagbag.py:588} INFO - Filling up the DagBag from /home/airflow/.local/lib/python3.12/site-packages/airflow/example_dags/tutorial_dag.py
[2025-01-31T14:56:39.249+0000] {processor.py:925} INFO - DAG(s) 'tutorial_dag' retrieved from /home/airflow/.local/lib/python3.12/site-packages/airflow/example_dags/tutorial_dag.py
[2025-01-31T14:56:39.266+0000] {logging_mixin.py:190} INFO - [2025-01-31T14:56:39.266+0000] {dag.py:3239} INFO - Sync 1 DAGs
[2025-01-31T14:56:39.280+0000] {logging_mixin.py:190} INFO - [2025-01-31T14:56:39.280+0000] {dag.py:4180} INFO - Setting next_dagrun for tutorial_dag to None, run_after=None
[2025-01-31T14:56:39.295+0000] {processor.py:208} INFO - Processing /home/airflow/.local/lib/python3.12/site-packages/airflow/example_dags/tutorial_dag.py took 0.058 seconds
[2025-01-31T14:57:10.045+0000] {processor.py:186} INFO - Started process (PID=3839) to work on /home/airflow/.local/lib/python3.12/site-packages/airflow/example_dags/tutorial_dag.py
[2025-01-31T14:57:10.046+0000] {processor.py:914} INFO - Processing file /home/airflow/.local/lib/python3.12/site-packages/airflow/example_dags/tutorial_dag.py for tasks to queue
[2025-01-31T14:57:10.048+0000] {logging_mixin.py:190} INFO - [2025-01-31T14:57:10.048+0000] {dagbag.py:588} INFO - Filling up the DagBag from /home/airflow/.local/lib/python3.12/site-packages/airflow/example_dags/tutorial_dag.py
[2025-01-31T14:57:10.056+0000] {processor.py:925} INFO - DAG(s) 'tutorial_dag' retrieved from /home/airflow/.local/lib/python3.12/site-packages/airflow/example_dags/tutorial_dag.py
[2025-01-31T14:57:10.074+0000] {logging_mixin.py:190} INFO - [2025-01-31T14:57:10.073+0000] {dag.py:3239} INFO - Sync 1 DAGs
[2025-01-31T14:57:10.086+0000] {logging_mixin.py:190} INFO - [2025-01-31T14:57:10.086+0000] {dag.py:4180} INFO - Setting next_dagrun for tutorial_dag to None, run_after=None
[2025-01-31T14:57:10.100+0000] {processor.py:208} INFO - Processing /home/airflow/.local/lib/python3.12/site-packages/airflow/example_dags/tutorial_dag.py took 0.061 seconds
[2025-01-31T14:57:40.732+0000] {processor.py:186} INFO - Started process (PID=3905) to work on /home/airflow/.local/lib/python3.12/site-packages/airflow/example_dags/tutorial_dag.py
[2025-01-31T14:57:40.733+0000] {processor.py:914} INFO - Processing file /home/airflow/.local/lib/python3.12/site-packages/airflow/example_dags/tutorial_dag.py for tasks to queue
[2025-01-31T14:57:40.735+0000] {logging_mixin.py:190} INFO - [2025-01-31T14:57:40.735+0000] {dagbag.py:588} INFO - Filling up the DagBag from /home/airflow/.local/lib/python3.12/site-packages/airflow/example_dags/tutorial_dag.py
[2025-01-31T14:57:40.743+0000] {processor.py:925} INFO - DAG(s) 'tutorial_dag' retrieved from /home/airflow/.local/lib/python3.12/site-packages/airflow/example_dags/tutorial_dag.py
[2025-01-31T14:57:40.761+0000] {logging_mixin.py:190} INFO - [2025-01-31T14:57:40.761+0000] {dag.py:3239} INFO - Sync 1 DAGs
[2025-01-31T14:57:40.775+0000] {logging_mixin.py:190} INFO - [2025-01-31T14:57:40.775+0000] {dag.py:4180} INFO - Setting next_dagrun for tutorial_dag to None, run_after=None
[2025-01-31T14:57:40.789+0000] {processor.py:208} INFO - Processing /home/airflow/.local/lib/python3.12/site-packages/airflow/example_dags/tutorial_dag.py took 0.063 seconds
[2025-01-31T14:58:11.472+0000] {processor.py:186} INFO - Started process (PID=3971) to work on /home/airflow/.local/lib/python3.12/site-packages/airflow/example_dags/tutorial_dag.py
[2025-01-31T14:58:11.472+0000] {processor.py:914} INFO - Processing file /home/airflow/.local/lib/python3.12/site-packages/airflow/example_dags/tutorial_dag.py for tasks to queue
[2025-01-31T14:58:11.474+0000] {logging_mixin.py:190} INFO - [2025-01-31T14:58:11.474+0000] {dagbag.py:588} INFO - Filling up the DagBag from /home/airflow/.local/lib/python3.12/site-packages/airflow/example_dags/tutorial_dag.py
[2025-01-31T14:58:11.480+0000] {processor.py:925} INFO - DAG(s) 'tutorial_dag' retrieved from /home/airflow/.local/lib/python3.12/site-packages/airflow/example_dags/tutorial_dag.py
[2025-01-31T14:58:11.495+0000] {logging_mixin.py:190} INFO - [2025-01-31T14:58:11.495+0000] {dag.py:3239} INFO - Sync 1 DAGs
[2025-01-31T14:58:11.507+0000] {logging_mixin.py:190} INFO - [2025-01-31T14:58:11.507+0000] {dag.py:4180} INFO - Setting next_dagrun for tutorial_dag to None, run_after=None
[2025-01-31T14:58:11.521+0000] {processor.py:208} INFO - Processing /home/airflow/.local/lib/python3.12/site-packages/airflow/example_dags/tutorial_dag.py took 0.054 seconds
[2025-01-31T14:58:42.252+0000] {processor.py:186} INFO - Started process (PID=4037) to work on /home/airflow/.local/lib/python3.12/site-packages/airflow/example_dags/tutorial_dag.py
[2025-01-31T14:58:42.253+0000] {processor.py:914} INFO - Processing file /home/airflow/.local/lib/python3.12/site-packages/airflow/example_dags/tutorial_dag.py for tasks to queue
[2025-01-31T14:58:42.255+0000] {logging_mixin.py:190} INFO - [2025-01-31T14:58:42.255+0000] {dagbag.py:588} INFO - Filling up the DagBag from /home/airflow/.local/lib/python3.12/site-packages/airflow/example_dags/tutorial_dag.py
[2025-01-31T14:58:42.263+0000] {processor.py:925} INFO - DAG(s) 'tutorial_dag' retrieved from /home/airflow/.local/lib/python3.12/site-packages/airflow/example_dags/tutorial_dag.py
[2025-01-31T14:58:42.283+0000] {logging_mixin.py:190} INFO - [2025-01-31T14:58:42.283+0000] {dag.py:3239} INFO - Sync 1 DAGs
[2025-01-31T14:58:42.298+0000] {logging_mixin.py:190} INFO - [2025-01-31T14:58:42.298+0000] {dag.py:4180} INFO - Setting next_dagrun for tutorial_dag to None, run_after=None
[2025-01-31T14:58:42.316+0000] {processor.py:208} INFO - Processing /home/airflow/.local/lib/python3.12/site-packages/airflow/example_dags/tutorial_dag.py took 0.069 seconds
[2025-01-31T14:59:13.076+0000] {processor.py:186} INFO - Started process (PID=4103) to work on /home/airflow/.local/lib/python3.12/site-packages/airflow/example_dags/tutorial_dag.py
[2025-01-31T14:59:13.076+0000] {processor.py:914} INFO - Processing file /home/airflow/.local/lib/python3.12/site-packages/airflow/example_dags/tutorial_dag.py for tasks to queue
[2025-01-31T14:59:13.078+0000] {logging_mixin.py:190} INFO - [2025-01-31T14:59:13.078+0000] {dagbag.py:588} INFO - Filling up the DagBag from /home/airflow/.local/lib/python3.12/site-packages/airflow/example_dags/tutorial_dag.py
[2025-01-31T14:59:13.084+0000] {processor.py:925} INFO - DAG(s) 'tutorial_dag' retrieved from /home/airflow/.local/lib/python3.12/site-packages/airflow/example_dags/tutorial_dag.py
[2025-01-31T14:59:13.100+0000] {logging_mixin.py:190} INFO - [2025-01-31T14:59:13.100+0000] {dag.py:3239} INFO - Sync 1 DAGs
[2025-01-31T14:59:13.114+0000] {logging_mixin.py:190} INFO - [2025-01-31T14:59:13.114+0000] {dag.py:4180} INFO - Setting next_dagrun for tutorial_dag to None, run_after=None
[2025-01-31T14:59:13.128+0000] {processor.py:208} INFO - Processing /home/airflow/.local/lib/python3.12/site-packages/airflow/example_dags/tutorial_dag.py took 0.057 seconds
[2025-01-31T14:59:43.976+0000] {processor.py:186} INFO - Started process (PID=4169) to work on /home/airflow/.local/lib/python3.12/site-packages/airflow/example_dags/tutorial_dag.py
[2025-01-31T14:59:43.976+0000] {processor.py:914} INFO - Processing file /home/airflow/.local/lib/python3.12/site-packages/airflow/example_dags/tutorial_dag.py for tasks to queue
[2025-01-31T14:59:43.978+0000] {logging_mixin.py:190} INFO - [2025-01-31T14:59:43.978+0000] {dagbag.py:588} INFO - Filling up the DagBag from /home/airflow/.local/lib/python3.12/site-packages/airflow/example_dags/tutorial_dag.py
[2025-01-31T14:59:43.984+0000] {processor.py:925} INFO - DAG(s) 'tutorial_dag' retrieved from /home/airflow/.local/lib/python3.12/site-packages/airflow/example_dags/tutorial_dag.py
[2025-01-31T14:59:44.000+0000] {logging_mixin.py:190} INFO - [2025-01-31T14:59:44.000+0000] {dag.py:3239} INFO - Sync 1 DAGs
[2025-01-31T14:59:44.011+0000] {logging_mixin.py:190} INFO - [2025-01-31T14:59:44.011+0000] {dag.py:4180} INFO - Setting next_dagrun for tutorial_dag to None, run_after=None
[2025-01-31T14:59:44.028+0000] {processor.py:208} INFO - Processing /home/airflow/.local/lib/python3.12/site-packages/airflow/example_dags/tutorial_dag.py took 0.056 seconds
[2025-01-31T15:00:14.609+0000] {processor.py:186} INFO - Started process (PID=4235) to work on /home/airflow/.local/lib/python3.12/site-packages/airflow/example_dags/tutorial_dag.py
[2025-01-31T15:00:14.609+0000] {processor.py:914} INFO - Processing file /home/airflow/.local/lib/python3.12/site-packages/airflow/example_dags/tutorial_dag.py for tasks to queue
[2025-01-31T15:00:14.612+0000] {logging_mixin.py:190} INFO - [2025-01-31T15:00:14.611+0000] {dagbag.py:588} INFO - Filling up the DagBag from /home/airflow/.local/lib/python3.12/site-packages/airflow/example_dags/tutorial_dag.py
[2025-01-31T15:00:14.620+0000] {processor.py:925} INFO - DAG(s) 'tutorial_dag' retrieved from /home/airflow/.local/lib/python3.12/site-packages/airflow/example_dags/tutorial_dag.py
[2025-01-31T15:00:14.641+0000] {logging_mixin.py:190} INFO - [2025-01-31T15:00:14.641+0000] {dag.py:3239} INFO - Sync 1 DAGs
[2025-01-31T15:00:14.660+0000] {logging_mixin.py:190} INFO - [2025-01-31T15:00:14.660+0000] {dag.py:4180} INFO - Setting next_dagrun for tutorial_dag to None, run_after=None
[2025-01-31T15:00:14.686+0000] {processor.py:208} INFO - Processing /home/airflow/.local/lib/python3.12/site-packages/airflow/example_dags/tutorial_dag.py took 0.084 seconds
[2025-01-31T15:00:44.767+0000] {processor.py:186} INFO - Started process (PID=4300) to work on /home/airflow/.local/lib/python3.12/site-packages/airflow/example_dags/tutorial_dag.py
[2025-01-31T15:00:44.767+0000] {processor.py:914} INFO - Processing file /home/airflow/.local/lib/python3.12/site-packages/airflow/example_dags/tutorial_dag.py for tasks to queue
[2025-01-31T15:00:44.769+0000] {logging_mixin.py:190} INFO - [2025-01-31T15:00:44.769+0000] {dagbag.py:588} INFO - Filling up the DagBag from /home/airflow/.local/lib/python3.12/site-packages/airflow/example_dags/tutorial_dag.py
[2025-01-31T15:00:44.776+0000] {processor.py:925} INFO - DAG(s) 'tutorial_dag' retrieved from /home/airflow/.local/lib/python3.12/site-packages/airflow/example_dags/tutorial_dag.py
[2025-01-31T15:00:44.792+0000] {logging_mixin.py:190} INFO - [2025-01-31T15:00:44.792+0000] {dag.py:3239} INFO - Sync 1 DAGs
[2025-01-31T15:00:44.807+0000] {logging_mixin.py:190} INFO - [2025-01-31T15:00:44.807+0000] {dag.py:4180} INFO - Setting next_dagrun for tutorial_dag to None, run_after=None
[2025-01-31T15:00:44.823+0000] {processor.py:208} INFO - Processing /home/airflow/.local/lib/python3.12/site-packages/airflow/example_dags/tutorial_dag.py took 0.062 seconds
[2025-01-31T15:01:14.894+0000] {processor.py:186} INFO - Started process (PID=4366) to work on /home/airflow/.local/lib/python3.12/site-packages/airflow/example_dags/tutorial_dag.py
[2025-01-31T15:01:14.894+0000] {processor.py:914} INFO - Processing file /home/airflow/.local/lib/python3.12/site-packages/airflow/example_dags/tutorial_dag.py for tasks to queue
[2025-01-31T15:01:14.897+0000] {logging_mixin.py:190} INFO - [2025-01-31T15:01:14.896+0000] {dagbag.py:588} INFO - Filling up the DagBag from /home/airflow/.local/lib/python3.12/site-packages/airflow/example_dags/tutorial_dag.py
[2025-01-31T15:01:14.904+0000] {processor.py:925} INFO - DAG(s) 'tutorial_dag' retrieved from /home/airflow/.local/lib/python3.12/site-packages/airflow/example_dags/tutorial_dag.py
[2025-01-31T15:01:14.925+0000] {logging_mixin.py:190} INFO - [2025-01-31T15:01:14.925+0000] {dag.py:3239} INFO - Sync 1 DAGs
[2025-01-31T15:01:14.939+0000] {logging_mixin.py:190} INFO - [2025-01-31T15:01:14.939+0000] {dag.py:4180} INFO - Setting next_dagrun for tutorial_dag to None, run_after=None
[2025-01-31T15:01:14.957+0000] {processor.py:208} INFO - Processing /home/airflow/.local/lib/python3.12/site-packages/airflow/example_dags/tutorial_dag.py took 0.070 seconds
