[2025-01-31T14:56:57.454+0000] {local_task_job_runner.py:123} INFO - ::group::Pre task execution logs
[2025-01-31T14:56:57.471+0000] {taskinstance.py:2613} INFO - Dependencies all met for dep_context=non-requeueable deps ti=<TaskInstance: conditional_dataset_and_time_based_timetable.conditional_dataset_and_time_based_timetable scheduled__2025-01-29T01:00:00+00:00 [queued]>
[2025-01-31T14:56:57.478+0000] {taskinstance.py:2613} INFO - Dependencies all met for dep_context=requeueable deps ti=<TaskInstance: conditional_dataset_and_time_based_timetable.conditional_dataset_and_time_based_timetable scheduled__2025-01-29T01:00:00+00:00 [queued]>
[2025-01-31T14:56:57.479+0000] {taskinstance.py:2866} INFO - Starting attempt 1 of 1
[2025-01-31T14:56:57.490+0000] {taskinstance.py:2889} INFO - Executing <Task(BashOperator): conditional_dataset_and_time_based_timetable> on 2025-01-29 01:00:00+00:00
[2025-01-31T14:56:57.501+0000] {warnings.py:112} WARNING - /home/***/.local/lib/python3.12/site-packages/***/task/task_runner/standard_task_runner.py:70: DeprecationWarning: This process (pid=442) is multi-threaded, use of fork() may lead to deadlocks in the child.
  pid = os.fork()

[2025-01-31T14:56:57.502+0000] {standard_task_runner.py:72} INFO - Started process 446 to run task
[2025-01-31T14:56:57.502+0000] {standard_task_runner.py:104} INFO - Running: ['***', 'tasks', 'run', 'conditional_dataset_and_time_based_timetable', 'conditional_dataset_and_time_based_timetable', 'scheduled__2025-01-29T01:00:00+00:00', '--job-id', '3', '--raw', '--subdir', '/home/***/.local/lib/python3.12/site-packages/***/example_dags/example_datasets.py', '--cfg-path', '/tmp/tmpec_9qtiq']
[2025-01-31T14:56:57.503+0000] {standard_task_runner.py:105} INFO - Job 3: Subtask conditional_dataset_and_time_based_timetable
[2025-01-31T14:56:57.550+0000] {task_command.py:467} INFO - Running <TaskInstance: conditional_dataset_and_time_based_timetable.conditional_dataset_and_time_based_timetable scheduled__2025-01-29T01:00:00+00:00 [running]> on host 130ea5d4598a
[2025-01-31T14:56:57.821+0000] {taskinstance.py:3132} INFO - Exporting env vars: AIRFLOW_CTX_DAG_OWNER='***' AIRFLOW_CTX_DAG_ID='conditional_dataset_and_time_based_timetable' AIRFLOW_CTX_TASK_ID='conditional_dataset_and_time_based_timetable' AIRFLOW_CTX_EXECUTION_DATE='2025-01-29T01:00:00+00:00' AIRFLOW_CTX_TRY_NUMBER='1' AIRFLOW_CTX_DAG_RUN_ID='scheduled__2025-01-29T01:00:00+00:00'
[2025-01-31T14:56:57.822+0000] {logging_mixin.py:190} INFO - Task instance is in running state
[2025-01-31T14:56:57.822+0000] {logging_mixin.py:190} INFO -  Previous state of the Task instance: queued
[2025-01-31T14:56:57.823+0000] {logging_mixin.py:190} INFO - Current task name:conditional_dataset_and_time_based_timetable state:running start_date:2025-01-31 14:56:57.471750+00:00
[2025-01-31T14:56:57.823+0000] {logging_mixin.py:190} INFO - Dag name:conditional_dataset_and_time_based_timetable and current dag run status:running
[2025-01-31T14:56:57.823+0000] {taskinstance.py:731} INFO - ::endgroup::
[2025-01-31T14:56:57.824+0000] {subprocess.py:78} INFO - Tmp dir root location: /tmp
[2025-01-31T14:56:57.824+0000] {subprocess.py:88} INFO - Running command: ['/usr/bin/bash', '-c', 'sleep 5']
[2025-01-31T14:56:57.838+0000] {subprocess.py:99} INFO - Output:
[2025-01-31T14:57:02.842+0000] {subprocess.py:110} INFO - Command exited with return code 0
[2025-01-31T14:57:02.880+0000] {taskinstance.py:340} INFO - ::group::Post task execution logs
[2025-01-31T14:57:02.881+0000] {taskinstance.py:352} INFO - Marking task as SUCCESS. dag_id=conditional_dataset_and_time_based_timetable, task_id=conditional_dataset_and_time_based_timetable, run_id=scheduled__2025-01-29T01:00:00+00:00, execution_date=20250129T010000, start_date=20250131T145657, end_date=20250131T145702
[2025-01-31T14:57:02.911+0000] {logging_mixin.py:190} INFO - Task instance in success state
[2025-01-31T14:57:02.911+0000] {logging_mixin.py:190} INFO -  Previous state of the Task instance: running
[2025-01-31T14:57:02.911+0000] {logging_mixin.py:190} INFO - Dag name:conditional_dataset_and_time_based_timetable queued_at:2025-01-31 14:56:53.651308+00:00
[2025-01-31T14:57:02.912+0000] {logging_mixin.py:190} INFO - Task hostname:130ea5d4598a operator:BashOperator
[2025-01-31T14:57:02.931+0000] {local_task_job_runner.py:266} INFO - Task exited with return code 0
[2025-01-31T14:57:02.943+0000] {taskinstance.py:3895} INFO - 0 downstream tasks scheduled from follow-on schedule check
[2025-01-31T14:57:02.944+0000] {local_task_job_runner.py:245} INFO - ::endgroup::
